[2025-12-26T09:51:24.860+0000] {local_task_job_runner.py:120} INFO - ::group::Pre task execution logs
[2025-12-26T09:51:25.021+0000] {taskinstance.py:2076} INFO - Dependencies all met for dep_context=non-requeueable deps ti=<TaskInstance: minio_to_snowflake.dbt_transform scheduled__2025-12-26T09:01:00+00:00 [queued]>
[2025-12-26T09:51:25.047+0000] {taskinstance.py:2076} INFO - Dependencies all met for dep_context=requeueable deps ti=<TaskInstance: minio_to_snowflake.dbt_transform scheduled__2025-12-26T09:01:00+00:00 [queued]>
[2025-12-26T09:51:25.049+0000] {taskinstance.py:2306} INFO - Starting attempt 2 of 2
[2025-12-26T09:51:25.083+0000] {taskinstance.py:2330} INFO - Executing <Task(BashOperator): dbt_transform> on 2025-12-26 09:01:00+00:00
[2025-12-26T09:51:25.154+0000] {logging_mixin.py:188} WARNING - /home/***/.local/lib/python3.12/site-packages/***/task/task_runner/standard_task_runner.py:62 DeprecationWarning: This process (pid=5121) is multi-threaded, use of fork() may lead to deadlocks in the child.
[2025-12-26T09:51:25.136+0000] {standard_task_runner.py:90} INFO - Running: ['***', 'tasks', 'run', 'minio_to_snowflake', 'dbt_transform', 'scheduled__2025-12-26T09:01:00+00:00', '--job-id', '110', '--raw', '--subdir', 'DAGS_FOLDER/minio_to_snowflake.py', '--cfg-path', '/tmp/tmpkdn1um6x']
[2025-12-26T09:51:25.160+0000] {standard_task_runner.py:64} INFO - Started process 5137 to run task
[2025-12-26T09:51:25.162+0000] {standard_task_runner.py:91} INFO - Job 110: Subtask dbt_transform
[2025-12-26T09:51:25.429+0000] {task_command.py:426} INFO - Running <TaskInstance: minio_to_snowflake.dbt_transform scheduled__2025-12-26T09:01:00+00:00 [running]> on host a29b2270dc41
[2025-12-26T09:51:25.825+0000] {taskinstance.py:2648} INFO - Exporting env vars: AIRFLOW_CTX_DAG_OWNER='***' AIRFLOW_CTX_DAG_ID='minio_to_snowflake' AIRFLOW_CTX_TASK_ID='dbt_transform' AIRFLOW_CTX_EXECUTION_DATE='2025-12-26T09:01:00+00:00' AIRFLOW_CTX_TRY_NUMBER='2' AIRFLOW_CTX_DAG_RUN_ID='scheduled__2025-12-26T09:01:00+00:00'
[2025-12-26T09:51:25.832+0000] {taskinstance.py:430} INFO - ::endgroup::
[2025-12-26T09:51:25.904+0000] {subprocess.py:63} INFO - Tmp dir root location: /tmp
[2025-12-26T09:51:25.910+0000] {subprocess.py:75} INFO - Running command: ['/usr/bin/bash', '-c', 'dbt run --project-dir /opt/***/dbt_stocks/dbt_stocks --profiles-dir /opt/***/dbt_stocks/dbt_stocks']
[2025-12-26T09:51:25.983+0000] {subprocess.py:86} INFO - Output:
[2025-12-26T09:51:35.938+0000] {subprocess.py:93} INFO - Usage: dbt run [OPTIONS]
[2025-12-26T09:51:35.988+0000] {subprocess.py:93} INFO - Try 'dbt run -h' for help.
[2025-12-26T09:51:36.066+0000] {subprocess.py:93} INFO - 
[2025-12-26T09:51:36.127+0000] {subprocess.py:93} INFO - Error: Invalid value for '--project-dir': Path '/opt/***/dbt_stocks/dbt_stocks' does not exist.
[2025-12-26T09:51:37.049+0000] {subprocess.py:97} INFO - Command exited with return code 2
[2025-12-26T09:51:37.053+0000] {taskinstance.py:441} INFO - ::group::Post task execution logs
[2025-12-26T09:51:37.093+0000] {taskinstance.py:2905} ERROR - Task failed with exception
Traceback (most recent call last):
  File "/home/airflow/.local/lib/python3.12/site-packages/airflow/models/taskinstance.py", line 465, in _execute_task
    result = _execute_callable(context=context, **execute_callable_kwargs)
             ^^^^^^^^^^^^^^^^^^^^^^^^^^^^^^^^^^^^^^^^^^^^^^^^^^^^^^^^^^^^^
  File "/home/airflow/.local/lib/python3.12/site-packages/airflow/models/taskinstance.py", line 432, in _execute_callable
    return execute_callable(context=context, **execute_callable_kwargs)
           ^^^^^^^^^^^^^^^^^^^^^^^^^^^^^^^^^^^^^^^^^^^^^^^^^^^^^^^^^^^^
  File "/home/airflow/.local/lib/python3.12/site-packages/airflow/models/baseoperator.py", line 401, in wrapper
    return func(self, *args, **kwargs)
           ^^^^^^^^^^^^^^^^^^^^^^^^^^^
  File "/home/airflow/.local/lib/python3.12/site-packages/airflow/operators/bash.py", line 243, in execute
    raise AirflowException(
airflow.exceptions.AirflowException: Bash command failed. The command returned a non-zero exit code 2.
[2025-12-26T09:51:37.111+0000] {taskinstance.py:1206} INFO - Marking task as FAILED. dag_id=minio_to_snowflake, task_id=dbt_transform, run_id=scheduled__2025-12-26T09:01:00+00:00, execution_date=20251226T090100, start_date=20251226T095125, end_date=20251226T095137
[2025-12-26T09:51:37.167+0000] {standard_task_runner.py:110} ERROR - Failed to execute job 110 for task dbt_transform (Bash command failed. The command returned a non-zero exit code 2.; 5137)
[2025-12-26T09:51:37.238+0000] {local_task_job_runner.py:243} INFO - Task exited with return code 1
[2025-12-26T09:51:37.281+0000] {taskinstance.py:3503} INFO - 0 downstream tasks scheduled from follow-on schedule check
[2025-12-26T09:51:37.287+0000] {local_task_job_runner.py:222} INFO - ::endgroup::
