[2025-12-25T14:47:31.167+0000] {local_task_job_runner.py:120} INFO - ::group::Pre task execution logs
[2025-12-25T14:47:31.233+0000] {taskinstance.py:2076} INFO - Dependencies all met for dep_context=non-requeueable deps ti=<TaskInstance: minio_to_snowflake.load_snowflake scheduled__2025-12-25T14:44:00+00:00 [queued]>
[2025-12-25T14:47:31.249+0000] {taskinstance.py:2076} INFO - Dependencies all met for dep_context=requeueable deps ti=<TaskInstance: minio_to_snowflake.load_snowflake scheduled__2025-12-25T14:44:00+00:00 [queued]>
[2025-12-25T14:47:31.250+0000] {taskinstance.py:2306} INFO - Starting attempt 1 of 2
[2025-12-25T14:47:31.282+0000] {taskinstance.py:2330} INFO - Executing <Task(PythonOperator): load_snowflake> on 2025-12-25 14:44:00+00:00
[2025-12-25T14:47:31.313+0000] {standard_task_runner.py:90} INFO - Running: ['***', 'tasks', 'run', 'minio_to_snowflake', 'load_snowflake', 'scheduled__2025-12-25T14:44:00+00:00', '--job-id', '6', '--raw', '--subdir', 'DAGS_FOLDER/minio_to_snowflake.py', '--cfg-path', '/tmp/tmp05s4a4r7']
[2025-12-25T14:47:31.322+0000] {logging_mixin.py:188} WARNING - /home/***/.local/lib/python3.12/site-packages/***/task/task_runner/standard_task_runner.py:62 DeprecationWarning: This process (pid=638) is multi-threaded, use of fork() may lead to deadlocks in the child.
[2025-12-25T14:47:31.324+0000] {standard_task_runner.py:91} INFO - Job 6: Subtask load_snowflake
[2025-12-25T14:47:31.324+0000] {standard_task_runner.py:64} INFO - Started process 652 to run task
[2025-12-25T14:47:31.471+0000] {task_command.py:426} INFO - Running <TaskInstance: minio_to_snowflake.load_snowflake scheduled__2025-12-25T14:44:00+00:00 [running]> on host 0da94edd9430
[2025-12-25T14:47:31.649+0000] {taskinstance.py:2648} INFO - Exporting env vars: AIRFLOW_CTX_DAG_OWNER='***' AIRFLOW_CTX_DAG_ID='minio_to_snowflake' AIRFLOW_CTX_TASK_ID='load_snowflake' AIRFLOW_CTX_EXECUTION_DATE='2025-12-25T14:44:00+00:00' AIRFLOW_CTX_TRY_NUMBER='1' AIRFLOW_CTX_DAG_RUN_ID='scheduled__2025-12-25T14:44:00+00:00'
[2025-12-25T14:47:31.656+0000] {taskinstance.py:430} INFO - ::endgroup::
[2025-12-25T14:47:31.706+0000] {connection.py:610} INFO - Snowflake Connector for Python Version: 4.1.1, Python Version: 3.12.4, Platform: Linux-6.6.87.2-microsoft-standard-WSL2-x86_64-with-glibc2.36
[2025-12-25T14:47:31.708+0000] {connection.py:1693} INFO - Connecting to GLOBAL Snowflake domain
[2025-12-25T14:47:36.655+0000] {logging_mixin.py:188} INFO - Uploaded /tmp/minio_downloads/1766673812.json to Snowflake stage
[2025-12-25T14:47:38.309+0000] {logging_mixin.py:188} INFO - Uploaded /tmp/minio_downloads/1766673824.json to Snowflake stage
[2025-12-25T14:47:38.677+0000] {logging_mixin.py:188} INFO - Uploaded /tmp/minio_downloads/1766673836.json to Snowflake stage
[2025-12-25T14:47:39.072+0000] {logging_mixin.py:188} INFO - Uploaded /tmp/minio_downloads/1766673847.json to Snowflake stage
[2025-12-25T14:47:39.330+0000] {logging_mixin.py:188} INFO - Uploaded /tmp/minio_downloads/1766673860.json to Snowflake stage
[2025-12-25T14:47:39.734+0000] {logging_mixin.py:188} INFO - Uploaded /tmp/minio_downloads/1766673872.json to Snowflake stage
[2025-12-25T14:47:40.145+0000] {logging_mixin.py:188} INFO - Uploaded /tmp/minio_downloads/1766673884.json to Snowflake stage
[2025-12-25T14:47:40.658+0000] {logging_mixin.py:188} INFO - Uploaded /tmp/minio_downloads/1766673898.json to Snowflake stage
[2025-12-25T14:47:40.962+0000] {logging_mixin.py:188} INFO - Uploaded /tmp/minio_downloads/1766673911.json to Snowflake stage
[2025-12-25T14:47:41.511+0000] {logging_mixin.py:188} INFO - Uploaded /tmp/minio_downloads/1766673924.json to Snowflake stage
[2025-12-25T14:47:44.253+0000] {logging_mixin.py:188} INFO - Uploaded /tmp/minio_downloads/1766673936.json to Snowflake stage
[2025-12-25T14:47:45.918+0000] {logging_mixin.py:188} INFO - Uploaded /tmp/minio_downloads/1766673817.json to Snowflake stage
[2025-12-25T14:47:46.829+0000] {logging_mixin.py:188} INFO - Uploaded /tmp/minio_downloads/1766673829.json to Snowflake stage
[2025-12-25T14:47:47.217+0000] {logging_mixin.py:188} INFO - Uploaded /tmp/minio_downloads/1766673840.json to Snowflake stage
[2025-12-25T14:47:48.036+0000] {logging_mixin.py:188} INFO - Uploaded /tmp/minio_downloads/1766673853.json to Snowflake stage
[2025-12-25T14:47:48.289+0000] {logging_mixin.py:188} INFO - Uploaded /tmp/minio_downloads/1766673865.json to Snowflake stage
[2025-12-25T14:47:48.537+0000] {logging_mixin.py:188} INFO - Uploaded /tmp/minio_downloads/1766673877.json to Snowflake stage
[2025-12-25T14:47:49.003+0000] {logging_mixin.py:188} INFO - Uploaded /tmp/minio_downloads/1766673891.json to Snowflake stage
[2025-12-25T14:47:49.256+0000] {logging_mixin.py:188} INFO - Uploaded /tmp/minio_downloads/1766673904.json to Snowflake stage
[2025-12-25T14:47:49.633+0000] {logging_mixin.py:188} INFO - Uploaded /tmp/minio_downloads/1766673917.json to Snowflake stage
[2025-12-25T14:47:50.830+0000] {logging_mixin.py:188} INFO - Uploaded /tmp/minio_downloads/1766673929.json to Snowflake stage
[2025-12-25T14:47:51.136+0000] {logging_mixin.py:188} INFO - Uploaded /tmp/minio_downloads/1766673815.json to Snowflake stage
[2025-12-25T14:47:51.494+0000] {logging_mixin.py:188} INFO - Uploaded /tmp/minio_downloads/1766673827.json to Snowflake stage
[2025-12-25T14:47:51.804+0000] {logging_mixin.py:188} INFO - Uploaded /tmp/minio_downloads/1766673839.json to Snowflake stage
[2025-12-25T14:47:52.159+0000] {logging_mixin.py:188} INFO - Uploaded /tmp/minio_downloads/1766673851.json to Snowflake stage
[2025-12-25T14:47:52.534+0000] {logging_mixin.py:188} INFO - Uploaded /tmp/minio_downloads/1766673864.json to Snowflake stage
[2025-12-25T14:47:52.796+0000] {logging_mixin.py:188} INFO - Uploaded /tmp/minio_downloads/1766673876.json to Snowflake stage
[2025-12-25T14:47:53.093+0000] {logging_mixin.py:188} INFO - Uploaded /tmp/minio_downloads/1766673890.json to Snowflake stage
[2025-12-25T14:47:53.374+0000] {logging_mixin.py:188} INFO - Uploaded /tmp/minio_downloads/1766673902.json to Snowflake stage
[2025-12-25T14:47:53.645+0000] {logging_mixin.py:188} INFO - Uploaded /tmp/minio_downloads/1766673915.json to Snowflake stage
[2025-12-25T14:47:54.132+0000] {logging_mixin.py:188} INFO - Uploaded /tmp/minio_downloads/1766673928.json to Snowflake stage
[2025-12-25T14:47:54.385+0000] {logging_mixin.py:188} INFO - Uploaded /tmp/minio_downloads/1766673813.json to Snowflake stage
[2025-12-25T14:47:54.707+0000] {logging_mixin.py:188} INFO - Uploaded /tmp/minio_downloads/1766673825.json to Snowflake stage
[2025-12-25T14:47:55.026+0000] {logging_mixin.py:188} INFO - Uploaded /tmp/minio_downloads/1766673837.json to Snowflake stage
[2025-12-25T14:47:55.373+0000] {logging_mixin.py:188} INFO - Uploaded /tmp/minio_downloads/1766673849.json to Snowflake stage
[2025-12-25T14:47:55.675+0000] {logging_mixin.py:188} INFO - Uploaded /tmp/minio_downloads/1766673861.json to Snowflake stage
[2025-12-25T14:47:56.925+0000] {logging_mixin.py:188} INFO - Uploaded /tmp/minio_downloads/1766673874.json to Snowflake stage
[2025-12-25T14:47:57.257+0000] {logging_mixin.py:188} INFO - Uploaded /tmp/minio_downloads/1766673887.json to Snowflake stage
[2025-12-25T14:47:57.654+0000] {logging_mixin.py:188} INFO - Uploaded /tmp/minio_downloads/1766673899.json to Snowflake stage
[2025-12-25T14:47:57.978+0000] {logging_mixin.py:188} INFO - Uploaded /tmp/minio_downloads/1766673913.json to Snowflake stage
[2025-12-25T14:47:58.647+0000] {logging_mixin.py:188} INFO - Uploaded /tmp/minio_downloads/1766673925.json to Snowflake stage
[2025-12-25T14:47:59.095+0000] {logging_mixin.py:188} INFO - Uploaded /tmp/minio_downloads/1766673937.json to Snowflake stage
[2025-12-25T14:47:59.434+0000] {logging_mixin.py:188} INFO - Uploaded /tmp/minio_downloads/1766673814.json to Snowflake stage
[2025-12-25T14:47:59.728+0000] {logging_mixin.py:188} INFO - Uploaded /tmp/minio_downloads/1766673826.json to Snowflake stage
[2025-12-25T14:48:00.341+0000] {logging_mixin.py:188} INFO - Uploaded /tmp/minio_downloads/1766673838.json to Snowflake stage
[2025-12-25T14:48:00.720+0000] {logging_mixin.py:188} INFO - Uploaded /tmp/minio_downloads/1766673850.json to Snowflake stage
[2025-12-25T14:48:01.205+0000] {logging_mixin.py:188} INFO - Uploaded /tmp/minio_downloads/1766673863.json to Snowflake stage
[2025-12-25T14:48:01.989+0000] {logging_mixin.py:188} INFO - Uploaded /tmp/minio_downloads/1766673875.json to Snowflake stage
[2025-12-25T14:48:02.258+0000] {logging_mixin.py:188} INFO - Uploaded /tmp/minio_downloads/1766673888.json to Snowflake stage
[2025-12-25T14:48:02.518+0000] {logging_mixin.py:188} INFO - Uploaded /tmp/minio_downloads/1766673901.json to Snowflake stage
[2025-12-25T14:48:02.801+0000] {logging_mixin.py:188} INFO - Uploaded /tmp/minio_downloads/1766673914.json to Snowflake stage
[2025-12-25T14:48:03.190+0000] {logging_mixin.py:188} INFO - Uploaded /tmp/minio_downloads/1766673926.json to Snowflake stage
[2025-12-25T14:48:04.378+0000] {logging_mixin.py:188} INFO - COPY INTO executed
[2025-12-25T14:48:04.827+0000] {python.py:237} INFO - Done. Returned value was: None
[2025-12-25T14:48:04.830+0000] {taskinstance.py:441} INFO - ::group::Post task execution logs
[2025-12-25T14:48:04.968+0000] {taskinstance.py:1206} INFO - Marking task as SUCCESS. dag_id=minio_to_snowflake, task_id=load_snowflake, run_id=scheduled__2025-12-25T14:44:00+00:00, execution_date=20251225T144400, start_date=20251225T144731, end_date=20251225T144804
[2025-12-25T14:48:05.403+0000] {local_task_job_runner.py:243} INFO - Task exited with return code 0
[2025-12-25T14:48:05.801+0000] {taskinstance.py:3503} INFO - 1 downstream tasks scheduled from follow-on schedule check
[2025-12-25T14:48:06.361+0000] {local_task_job_runner.py:222} INFO - ::endgroup::
