[2025-12-24T13:39:10.975+0000] {local_task_job_runner.py:120} INFO - ::group::Pre task execution logs
[2025-12-24T13:39:11.039+0000] {taskinstance.py:2076} INFO - Dependencies all met for dep_context=non-requeueable deps ti=<TaskInstance: minio_to_snowflake.download_minio scheduled__2025-12-24T13:29:00+00:00 [queued]>
[2025-12-24T13:39:11.053+0000] {taskinstance.py:2076} INFO - Dependencies all met for dep_context=requeueable deps ti=<TaskInstance: minio_to_snowflake.download_minio scheduled__2025-12-24T13:29:00+00:00 [queued]>
[2025-12-24T13:39:11.054+0000] {taskinstance.py:2306} INFO - Starting attempt 2 of 2
[2025-12-24T13:39:11.091+0000] {taskinstance.py:2330} INFO - Executing <Task(PythonOperator): download_minio> on 2025-12-24 13:29:00+00:00
[2025-12-24T13:39:11.115+0000] {standard_task_runner.py:90} INFO - Running: ['***', 'tasks', 'run', 'minio_to_snowflake', 'download_minio', 'scheduled__2025-12-24T13:29:00+00:00', '--job-id', '137', '--raw', '--subdir', 'DAGS_FOLDER/minio_to_snowflake.py', '--cfg-path', '/tmp/tmpwq3wgiwm']
[2025-12-24T13:39:11.121+0000] {standard_task_runner.py:91} INFO - Job 137: Subtask download_minio
[2025-12-24T13:39:11.122+0000] {logging_mixin.py:188} WARNING - /home/***/.local/lib/python3.12/site-packages/***/task/task_runner/standard_task_runner.py:62 DeprecationWarning: This process (pid=426) is multi-threaded, use of fork() may lead to deadlocks in the child.
[2025-12-24T13:39:11.124+0000] {standard_task_runner.py:64} INFO - Started process 443 to run task
[2025-12-24T13:39:11.244+0000] {task_command.py:426} INFO - Running <TaskInstance: minio_to_snowflake.download_minio scheduled__2025-12-24T13:29:00+00:00 [running]> on host 31fa77be4c89
[2025-12-24T13:39:11.476+0000] {taskinstance.py:2648} INFO - Exporting env vars: AIRFLOW_CTX_DAG_OWNER='***' AIRFLOW_CTX_DAG_ID='minio_to_snowflake' AIRFLOW_CTX_TASK_ID='download_minio' AIRFLOW_CTX_EXECUTION_DATE='2025-12-24T13:29:00+00:00' AIRFLOW_CTX_TRY_NUMBER='2' AIRFLOW_CTX_DAG_RUN_ID='scheduled__2025-12-24T13:29:00+00:00'
[2025-12-24T13:39:11.478+0000] {taskinstance.py:430} INFO - ::endgroup::
[2025-12-24T13:39:15.462+0000] {logging_mixin.py:188} INFO - Downloaded AAPL/1766583258.json -> /tmp/minio_downloads/1766583258.json
[2025-12-24T13:39:15.486+0000] {logging_mixin.py:188} INFO - Downloaded AAPL/1766583273.json -> /tmp/minio_downloads/1766583273.json
[2025-12-24T13:39:15.508+0000] {logging_mixin.py:188} INFO - Downloaded AAPL/1766583286.json -> /tmp/minio_downloads/1766583286.json
[2025-12-24T13:39:15.526+0000] {logging_mixin.py:188} INFO - Downloaded AAPL/1766583299.json -> /tmp/minio_downloads/1766583299.json
[2025-12-24T13:39:15.556+0000] {logging_mixin.py:188} INFO - Downloaded AAPL/1766583313.json -> /tmp/minio_downloads/1766583313.json
[2025-12-24T13:39:15.579+0000] {logging_mixin.py:188} INFO - Downloaded AAPL/1766583326.json -> /tmp/minio_downloads/1766583326.json
[2025-12-24T13:39:15.604+0000] {logging_mixin.py:188} INFO - Downloaded AAPL/1766583339.json -> /tmp/minio_downloads/1766583339.json
[2025-12-24T13:39:15.624+0000] {logging_mixin.py:188} INFO - Downloaded AAPL/1766583352.json -> /tmp/minio_downloads/1766583352.json
[2025-12-24T13:39:15.641+0000] {logging_mixin.py:188} INFO - Downloaded AAPL/1766583365.json -> /tmp/minio_downloads/1766583365.json
[2025-12-24T13:39:16.236+0000] {logging_mixin.py:188} INFO - Downloaded AAPL/1766583378.json -> /tmp/minio_downloads/1766583378.json
[2025-12-24T13:39:16.261+0000] {logging_mixin.py:188} INFO - Downloaded AAPL/1766583391.json -> /tmp/minio_downloads/1766583391.json
[2025-12-24T13:39:16.283+0000] {logging_mixin.py:188} INFO - Downloaded AAPL/1766583405.json -> /tmp/minio_downloads/1766583405.json
[2025-12-24T13:39:16.307+0000] {logging_mixin.py:188} INFO - Downloaded AAPL/1766583419.json -> /tmp/minio_downloads/1766583419.json
[2025-12-24T13:39:16.327+0000] {logging_mixin.py:188} INFO - Downloaded AAPL/1766583434.json -> /tmp/minio_downloads/1766583434.json
[2025-12-24T13:39:16.350+0000] {logging_mixin.py:188} INFO - Downloaded AAPL/1766583447.json -> /tmp/minio_downloads/1766583447.json
[2025-12-24T13:39:16.376+0000] {logging_mixin.py:188} INFO - Downloaded AAPL/1766583459.json -> /tmp/minio_downloads/1766583459.json
[2025-12-24T13:39:16.395+0000] {logging_mixin.py:188} INFO - Downloaded AAPL/1766583472.json -> /tmp/minio_downloads/1766583472.json
[2025-12-24T13:39:16.416+0000] {logging_mixin.py:188} INFO - Downloaded AAPL/1766583485.json -> /tmp/minio_downloads/1766583485.json
[2025-12-24T13:39:16.436+0000] {logging_mixin.py:188} INFO - Downloaded AAPL/1766583498.json -> /tmp/minio_downloads/1766583498.json
[2025-12-24T13:39:16.457+0000] {logging_mixin.py:188} INFO - Downloaded AAPL/1766583511.json -> /tmp/minio_downloads/1766583511.json
[2025-12-24T13:39:16.476+0000] {logging_mixin.py:188} INFO - Downloaded AAPL/1766583524.json -> /tmp/minio_downloads/1766583524.json
[2025-12-24T13:39:16.496+0000] {logging_mixin.py:188} INFO - Downloaded AAPL/1766583538.json -> /tmp/minio_downloads/1766583538.json
[2025-12-24T13:39:16.516+0000] {logging_mixin.py:188} INFO - Downloaded AAPL/1766583551.json -> /tmp/minio_downloads/1766583551.json
[2025-12-24T13:39:16.532+0000] {logging_mixin.py:188} INFO - Downloaded AMZN/1766583266.json -> /tmp/minio_downloads/1766583266.json
[2025-12-24T13:39:16.550+0000] {logging_mixin.py:188} INFO - Downloaded AMZN/1766583278.json -> /tmp/minio_downloads/1766583278.json
[2025-12-24T13:39:16.567+0000] {logging_mixin.py:188} INFO - Downloaded AMZN/1766583292.json -> /tmp/minio_downloads/1766583292.json
[2025-12-24T13:39:16.585+0000] {logging_mixin.py:188} INFO - Downloaded AMZN/1766583305.json -> /tmp/minio_downloads/1766583305.json
[2025-12-24T13:39:16.607+0000] {logging_mixin.py:188} INFO - Downloaded AMZN/1766583318.json -> /tmp/minio_downloads/1766583318.json
[2025-12-24T13:39:16.626+0000] {logging_mixin.py:188} INFO - Downloaded AMZN/1766583332.json -> /tmp/minio_downloads/1766583332.json
[2025-12-24T13:39:16.643+0000] {logging_mixin.py:188} INFO - Downloaded AMZN/1766583345.json -> /tmp/minio_downloads/1766583345.json
[2025-12-24T13:39:16.660+0000] {logging_mixin.py:188} INFO - Downloaded AMZN/1766583358.json -> /tmp/minio_downloads/1766583358.json
[2025-12-24T13:39:16.676+0000] {logging_mixin.py:188} INFO - Downloaded AMZN/1766583371.json -> /tmp/minio_downloads/1766583371.json
[2025-12-24T13:39:16.693+0000] {logging_mixin.py:188} INFO - Downloaded AMZN/1766583384.json -> /tmp/minio_downloads/1766583384.json
[2025-12-24T13:39:16.712+0000] {logging_mixin.py:188} INFO - Downloaded AMZN/1766583398.json -> /tmp/minio_downloads/1766583398.json
[2025-12-24T13:39:16.729+0000] {logging_mixin.py:188} INFO - Downloaded AMZN/1766583411.json -> /tmp/minio_downloads/1766583411.json
[2025-12-24T13:39:16.757+0000] {logging_mixin.py:188} INFO - Downloaded AMZN/1766583426.json -> /tmp/minio_downloads/1766583426.json
[2025-12-24T13:39:16.777+0000] {logging_mixin.py:188} INFO - Downloaded AMZN/1766583439.json -> /tmp/minio_downloads/1766583439.json
[2025-12-24T13:39:16.794+0000] {logging_mixin.py:188} INFO - Downloaded AMZN/1766583452.json -> /tmp/minio_downloads/1766583452.json
[2025-12-24T13:39:16.815+0000] {logging_mixin.py:188} INFO - Downloaded AMZN/1766583464.json -> /tmp/minio_downloads/1766583464.json
[2025-12-24T13:39:16.835+0000] {logging_mixin.py:188} INFO - Downloaded AMZN/1766583477.json -> /tmp/minio_downloads/1766583477.json
[2025-12-24T13:39:16.856+0000] {logging_mixin.py:188} INFO - Downloaded AMZN/1766583491.json -> /tmp/minio_downloads/1766583491.json
[2025-12-24T13:39:16.883+0000] {logging_mixin.py:188} INFO - Downloaded AMZN/1766583503.json -> /tmp/minio_downloads/1766583503.json
[2025-12-24T13:39:16.905+0000] {logging_mixin.py:188} INFO - Downloaded AMZN/1766583517.json -> /tmp/minio_downloads/1766583517.json
[2025-12-24T13:39:16.920+0000] {logging_mixin.py:188} INFO - Downloaded AMZN/1766583530.json -> /tmp/minio_downloads/1766583530.json
[2025-12-24T13:39:16.934+0000] {logging_mixin.py:188} INFO - Downloaded AMZN/1766583543.json -> /tmp/minio_downloads/1766583543.json
[2025-12-24T13:39:16.949+0000] {logging_mixin.py:188} INFO - Downloaded GOOGL/1766583264.json -> /tmp/minio_downloads/1766583264.json
[2025-12-24T13:39:16.966+0000] {logging_mixin.py:188} INFO - Downloaded GOOGL/1766583277.json -> /tmp/minio_downloads/1766583277.json
[2025-12-24T13:39:16.983+0000] {logging_mixin.py:188} INFO - Downloaded GOOGL/1766583291.json -> /tmp/minio_downloads/1766583291.json
[2025-12-24T13:39:17.006+0000] {logging_mixin.py:188} INFO - Downloaded GOOGL/1766583304.json -> /tmp/minio_downloads/1766583304.json
[2025-12-24T13:39:17.030+0000] {logging_mixin.py:188} INFO - Downloaded GOOGL/1766583316.json -> /tmp/minio_downloads/1766583316.json
[2025-12-24T13:39:17.052+0000] {logging_mixin.py:188} INFO - Downloaded GOOGL/1766583330.json -> /tmp/minio_downloads/1766583330.json
[2025-12-24T13:39:17.073+0000] {logging_mixin.py:188} INFO - Downloaded GOOGL/1766583343.json -> /tmp/minio_downloads/1766583343.json
[2025-12-24T13:39:17.093+0000] {logging_mixin.py:188} INFO - Downloaded GOOGL/1766583356.json -> /tmp/minio_downloads/1766583356.json
[2025-12-24T13:39:17.111+0000] {logging_mixin.py:188} INFO - Downloaded GOOGL/1766583370.json -> /tmp/minio_downloads/1766583370.json
[2025-12-24T13:39:17.130+0000] {logging_mixin.py:188} INFO - Downloaded GOOGL/1766583383.json -> /tmp/minio_downloads/1766583383.json
[2025-12-24T13:39:17.147+0000] {logging_mixin.py:188} INFO - Downloaded GOOGL/1766583396.json -> /tmp/minio_downloads/1766583396.json
[2025-12-24T13:39:17.170+0000] {logging_mixin.py:188} INFO - Downloaded GOOGL/1766583410.json -> /tmp/minio_downloads/1766583410.json
[2025-12-24T13:39:17.189+0000] {logging_mixin.py:188} INFO - Downloaded GOOGL/1766583425.json -> /tmp/minio_downloads/1766583425.json
[2025-12-24T13:39:17.211+0000] {logging_mixin.py:188} INFO - Downloaded GOOGL/1766583438.json -> /tmp/minio_downloads/1766583438.json
[2025-12-24T13:39:17.229+0000] {logging_mixin.py:188} INFO - Downloaded GOOGL/1766583451.json -> /tmp/minio_downloads/1766583451.json
[2025-12-24T13:39:17.245+0000] {logging_mixin.py:188} INFO - Downloaded GOOGL/1766583463.json -> /tmp/minio_downloads/1766583463.json
[2025-12-24T13:39:17.262+0000] {logging_mixin.py:188} INFO - Downloaded GOOGL/1766583476.json -> /tmp/minio_downloads/1766583476.json
[2025-12-24T13:39:17.278+0000] {logging_mixin.py:188} INFO - Downloaded GOOGL/1766583489.json -> /tmp/minio_downloads/1766583489.json
[2025-12-24T13:39:17.296+0000] {logging_mixin.py:188} INFO - Downloaded GOOGL/1766583502.json -> /tmp/minio_downloads/1766583502.json
[2025-12-24T13:39:17.314+0000] {logging_mixin.py:188} INFO - Downloaded GOOGL/1766583515.json -> /tmp/minio_downloads/1766583515.json
[2025-12-24T13:39:17.332+0000] {logging_mixin.py:188} INFO - Downloaded GOOGL/1766583528.json -> /tmp/minio_downloads/1766583528.json
[2025-12-24T13:39:17.355+0000] {logging_mixin.py:188} INFO - Downloaded GOOGL/1766583542.json -> /tmp/minio_downloads/1766583542.json
[2025-12-24T13:39:17.378+0000] {logging_mixin.py:188} INFO - Downloaded MSFT/1766583260.json -> /tmp/minio_downloads/1766583260.json
[2025-12-24T13:39:17.398+0000] {logging_mixin.py:188} INFO - Downloaded MSFT/1766583275.json -> /tmp/minio_downloads/1766583275.json
[2025-12-24T13:39:17.418+0000] {logging_mixin.py:188} INFO - Downloaded MSFT/1766583288.json -> /tmp/minio_downloads/1766583288.json
[2025-12-24T13:39:17.438+0000] {logging_mixin.py:188} INFO - Downloaded MSFT/1766583301.json -> /tmp/minio_downloads/1766583301.json
[2025-12-24T13:39:17.455+0000] {logging_mixin.py:188} INFO - Downloaded MSFT/1766583314.json -> /tmp/minio_downloads/1766583314.json
[2025-12-24T13:39:17.475+0000] {logging_mixin.py:188} INFO - Downloaded MSFT/1766583327.json -> /tmp/minio_downloads/1766583327.json
[2025-12-24T13:39:17.491+0000] {logging_mixin.py:188} INFO - Downloaded MSFT/1766583341.json -> /tmp/minio_downloads/1766583341.json
[2025-12-24T13:39:17.507+0000] {logging_mixin.py:188} INFO - Downloaded MSFT/1766583354.json -> /tmp/minio_downloads/1766583354.json
[2025-12-24T13:39:17.523+0000] {logging_mixin.py:188} INFO - Downloaded MSFT/1766583366.json -> /tmp/minio_downloads/1766583366.json
[2025-12-24T13:39:17.539+0000] {logging_mixin.py:188} INFO - Downloaded MSFT/1766583380.json -> /tmp/minio_downloads/1766583380.json
[2025-12-24T13:39:17.556+0000] {logging_mixin.py:188} INFO - Downloaded MSFT/1766583393.json -> /tmp/minio_downloads/1766583393.json
[2025-12-24T13:39:17.571+0000] {logging_mixin.py:188} INFO - Downloaded MSFT/1766583407.json -> /tmp/minio_downloads/1766583407.json
[2025-12-24T13:39:17.588+0000] {logging_mixin.py:188} INFO - Downloaded MSFT/1766583420.json -> /tmp/minio_downloads/1766583420.json
[2025-12-24T13:39:17.607+0000] {logging_mixin.py:188} INFO - Downloaded MSFT/1766583436.json -> /tmp/minio_downloads/1766583436.json
[2025-12-24T13:39:17.623+0000] {logging_mixin.py:188} INFO - Downloaded MSFT/1766583448.json -> /tmp/minio_downloads/1766583448.json
[2025-12-24T13:39:17.640+0000] {logging_mixin.py:188} INFO - Downloaded MSFT/1766583461.json -> /tmp/minio_downloads/1766583461.json
[2025-12-24T13:39:17.655+0000] {logging_mixin.py:188} INFO - Downloaded MSFT/1766583473.json -> /tmp/minio_downloads/1766583473.json
[2025-12-24T13:39:17.671+0000] {logging_mixin.py:188} INFO - Downloaded MSFT/1766583487.json -> /tmp/minio_downloads/1766583487.json
[2025-12-24T13:39:17.689+0000] {logging_mixin.py:188} INFO - Downloaded MSFT/1766583499.json -> /tmp/minio_downloads/1766583499.json
[2025-12-24T13:39:17.706+0000] {logging_mixin.py:188} INFO - Downloaded MSFT/1766583513.json -> /tmp/minio_downloads/1766583513.json
[2025-12-24T13:39:17.723+0000] {logging_mixin.py:188} INFO - Downloaded MSFT/1766583525.json -> /tmp/minio_downloads/1766583525.json
[2025-12-24T13:39:17.737+0000] {logging_mixin.py:188} INFO - Downloaded MSFT/1766583539.json -> /tmp/minio_downloads/1766583539.json
[2025-12-24T13:39:17.751+0000] {logging_mixin.py:188} INFO - Downloaded TSLA/1766583262.json -> /tmp/minio_downloads/1766583262.json
[2025-12-24T13:39:17.765+0000] {logging_mixin.py:188} INFO - Downloaded TSLA/1766583276.json -> /tmp/minio_downloads/1766583276.json
[2025-12-24T13:39:17.780+0000] {logging_mixin.py:188} INFO - Downloaded TSLA/1766583289.json -> /tmp/minio_downloads/1766583289.json
[2025-12-24T13:39:17.794+0000] {logging_mixin.py:188} INFO - Downloaded TSLA/1766583302.json -> /tmp/minio_downloads/1766583302.json
[2025-12-24T13:39:17.810+0000] {logging_mixin.py:188} INFO - Downloaded TSLA/1766583315.json -> /tmp/minio_downloads/1766583315.json
[2025-12-24T13:39:17.824+0000] {logging_mixin.py:188} INFO - Downloaded TSLA/1766583329.json -> /tmp/minio_downloads/1766583329.json
[2025-12-24T13:39:17.839+0000] {logging_mixin.py:188} INFO - Downloaded TSLA/1766583342.json -> /tmp/minio_downloads/1766583342.json
[2025-12-24T13:39:17.854+0000] {logging_mixin.py:188} INFO - Downloaded TSLA/1766583355.json -> /tmp/minio_downloads/1766583355.json
[2025-12-24T13:39:17.868+0000] {logging_mixin.py:188} INFO - Downloaded TSLA/1766583368.json -> /tmp/minio_downloads/1766583368.json
[2025-12-24T13:39:17.883+0000] {logging_mixin.py:188} INFO - Downloaded TSLA/1766583381.json -> /tmp/minio_downloads/1766583381.json
[2025-12-24T13:39:17.897+0000] {logging_mixin.py:188} INFO - Downloaded TSLA/1766583394.json -> /tmp/minio_downloads/1766583394.json
[2025-12-24T13:39:17.913+0000] {logging_mixin.py:188} INFO - Downloaded TSLA/1766583408.json -> /tmp/minio_downloads/1766583408.json
[2025-12-24T13:39:17.932+0000] {logging_mixin.py:188} INFO - Downloaded TSLA/1766583422.json -> /tmp/minio_downloads/1766583422.json
[2025-12-24T13:39:17.956+0000] {logging_mixin.py:188} INFO - Downloaded TSLA/1766583437.json -> /tmp/minio_downloads/1766583437.json
[2025-12-24T13:39:17.976+0000] {logging_mixin.py:188} INFO - Downloaded TSLA/1766583449.json -> /tmp/minio_downloads/1766583449.json
[2025-12-24T13:39:17.995+0000] {logging_mixin.py:188} INFO - Downloaded TSLA/1766583462.json -> /tmp/minio_downloads/1766583462.json
[2025-12-24T13:39:18.009+0000] {logging_mixin.py:188} INFO - Downloaded TSLA/1766583474.json -> /tmp/minio_downloads/1766583474.json
[2025-12-24T13:39:18.025+0000] {logging_mixin.py:188} INFO - Downloaded TSLA/1766583488.json -> /tmp/minio_downloads/1766583488.json
[2025-12-24T13:39:18.039+0000] {logging_mixin.py:188} INFO - Downloaded TSLA/1766583501.json -> /tmp/minio_downloads/1766583501.json
[2025-12-24T13:39:18.054+0000] {logging_mixin.py:188} INFO - Downloaded TSLA/1766583514.json -> /tmp/minio_downloads/1766583514.json
[2025-12-24T13:39:18.069+0000] {logging_mixin.py:188} INFO - Downloaded TSLA/1766583527.json -> /tmp/minio_downloads/1766583527.json
[2025-12-24T13:39:18.084+0000] {logging_mixin.py:188} INFO - Downloaded TSLA/1766583541.json -> /tmp/minio_downloads/1766583541.json
[2025-12-24T13:39:18.087+0000] {python.py:237} INFO - Done. Returned value was: ['/tmp/minio_downloads/1766583258.json', '/tmp/minio_downloads/1766583273.json', '/tmp/minio_downloads/1766583286.json', '/tmp/minio_downloads/1766583299.json', '/tmp/minio_downloads/1766583313.json', '/tmp/minio_downloads/1766583326.json', '/tmp/minio_downloads/1766583339.json', '/tmp/minio_downloads/1766583352.json', '/tmp/minio_downloads/1766583365.json', '/tmp/minio_downloads/1766583378.json', '/tmp/minio_downloads/1766583391.json', '/tmp/minio_downloads/1766583405.json', '/tmp/minio_downloads/1766583419.json', '/tmp/minio_downloads/1766583434.json', '/tmp/minio_downloads/1766583447.json', '/tmp/minio_downloads/1766583459.json', '/tmp/minio_downloads/1766583472.json', '/tmp/minio_downloads/1766583485.json', '/tmp/minio_downloads/1766583498.json', '/tmp/minio_downloads/1766583511.json', '/tmp/minio_downloads/1766583524.json', '/tmp/minio_downloads/1766583538.json', '/tmp/minio_downloads/1766583551.json', '/tmp/minio_downloads/1766583266.json', '/tmp/minio_downloads/1766583278.json', '/tmp/minio_downloads/1766583292.json', '/tmp/minio_downloads/1766583305.json', '/tmp/minio_downloads/1766583318.json', '/tmp/minio_downloads/1766583332.json', '/tmp/minio_downloads/1766583345.json', '/tmp/minio_downloads/1766583358.json', '/tmp/minio_downloads/1766583371.json', '/tmp/minio_downloads/1766583384.json', '/tmp/minio_downloads/1766583398.json', '/tmp/minio_downloads/1766583411.json', '/tmp/minio_downloads/1766583426.json', '/tmp/minio_downloads/1766583439.json', '/tmp/minio_downloads/1766583452.json', '/tmp/minio_downloads/1766583464.json', '/tmp/minio_downloads/1766583477.json', '/tmp/minio_downloads/1766583491.json', '/tmp/minio_downloads/1766583503.json', '/tmp/minio_downloads/1766583517.json', '/tmp/minio_downloads/1766583530.json', '/tmp/minio_downloads/1766583543.json', '/tmp/minio_downloads/1766583264.json', '/tmp/minio_downloads/1766583277.json', '/tmp/minio_downloads/1766583291.json', '/tmp/minio_downloads/1766583304.json', '/tmp/minio_downloads/1766583316.json', '/tmp/minio_downloads/1766583330.json', '/tmp/minio_downloads/1766583343.json', '/tmp/minio_downloads/1766583356.json', '/tmp/minio_downloads/1766583370.json', '/tmp/minio_downloads/1766583383.json', '/tmp/minio_downloads/1766583396.json', '/tmp/minio_downloads/1766583410.json', '/tmp/minio_downloads/1766583425.json', '/tmp/minio_downloads/1766583438.json', '/tmp/minio_downloads/1766583451.json', '/tmp/minio_downloads/1766583463.json', '/tmp/minio_downloads/1766583476.json', '/tmp/minio_downloads/1766583489.json', '/tmp/minio_downloads/1766583502.json', '/tmp/minio_downloads/1766583515.json', '/tmp/minio_downloads/1766583528.json', '/tmp/minio_downloads/1766583542.json', '/tmp/minio_downloads/1766583260.json', '/tmp/minio_downloads/1766583275.json', '/tmp/minio_downloads/1766583288.json', '/tmp/minio_downloads/1766583301.json', '/tmp/minio_downloads/1766583314.json', '/tmp/minio_downloads/1766583327.json', '/tmp/minio_downloads/1766583341.json', '/tmp/minio_downloads/1766583354.json', '/tmp/minio_downloads/1766583366.json', '/tmp/minio_downloads/1766583380.json', '/tmp/minio_downloads/1766583393.json', '/tmp/minio_downloads/1766583407.json', '/tmp/minio_downloads/1766583420.json', '/tmp/minio_downloads/1766583436.json', '/tmp/minio_downloads/1766583448.json', '/tmp/minio_downloads/1766583461.json', '/tmp/minio_downloads/1766583473.json', '/tmp/minio_downloads/1766583487.json', '/tmp/minio_downloads/1766583499.json', '/tmp/minio_downloads/1766583513.json', '/tmp/minio_downloads/1766583525.json', '/tmp/minio_downloads/1766583539.json', '/tmp/minio_downloads/1766583262.json', '/tmp/minio_downloads/1766583276.json', '/tmp/minio_downloads/1766583289.json', '/tmp/minio_downloads/1766583302.json', '/tmp/minio_downloads/1766583315.json', '/tmp/minio_downloads/1766583329.json', '/tmp/minio_downloads/1766583342.json', '/tmp/minio_downloads/1766583355.json', '/tmp/minio_downloads/1766583368.json', '/tmp/minio_downloads/1766583381.json', '/tmp/minio_downloads/1766583394.json', '/tmp/minio_downloads/1766583408.json', '/tmp/minio_downloads/1766583422.json', '/tmp/minio_downloads/1766583437.json', '/tmp/minio_downloads/1766583449.json', '/tmp/minio_downloads/1766583462.json', '/tmp/minio_downloads/1766583474.json', '/tmp/minio_downloads/1766583488.json', '/tmp/minio_downloads/1766583501.json', '/tmp/minio_downloads/1766583514.json', '/tmp/minio_downloads/1766583527.json', '/tmp/minio_downloads/1766583541.json']
[2025-12-24T13:39:18.089+0000] {taskinstance.py:441} INFO - ::group::Post task execution logs
[2025-12-24T13:39:18.198+0000] {taskinstance.py:1206} INFO - Marking task as SUCCESS. dag_id=minio_to_snowflake, task_id=download_minio, run_id=scheduled__2025-12-24T13:29:00+00:00, execution_date=20251224T132900, start_date=20251224T133911, end_date=20251224T133918
[2025-12-24T13:39:18.302+0000] {local_task_job_runner.py:243} INFO - Task exited with return code 0
[2025-12-24T13:39:18.344+0000] {taskinstance.py:3503} INFO - 1 downstream tasks scheduled from follow-on schedule check
[2025-12-24T13:39:18.350+0000] {local_task_job_runner.py:222} INFO - ::endgroup::
