[2025-12-25T15:10:50.908+0000] {local_task_job_runner.py:120} INFO - ::group::Pre task execution logs
[2025-12-25T15:10:51.044+0000] {taskinstance.py:2076} INFO - Dependencies all met for dep_context=non-requeueable deps ti=<TaskInstance: minio_to_snowflake.download_minio scheduled__2025-12-25T15:08:00+00:00 [queued]>
[2025-12-25T15:10:51.078+0000] {taskinstance.py:2076} INFO - Dependencies all met for dep_context=requeueable deps ti=<TaskInstance: minio_to_snowflake.download_minio scheduled__2025-12-25T15:08:00+00:00 [queued]>
[2025-12-25T15:10:51.080+0000] {taskinstance.py:2306} INFO - Starting attempt 1 of 2
[2025-12-25T15:10:51.128+0000] {taskinstance.py:2330} INFO - Executing <Task(PythonOperator): download_minio> on 2025-12-25 15:08:00+00:00
[2025-12-25T15:10:51.248+0000] {standard_task_runner.py:90} INFO - Running: ['***', 'tasks', 'run', 'minio_to_snowflake', 'download_minio', 'scheduled__2025-12-25T15:08:00+00:00', '--job-id', '3', '--raw', '--subdir', 'DAGS_FOLDER/minio_to_snowflake.py', '--cfg-path', '/tmp/tmpe1h6gxxm']
[2025-12-25T15:10:51.268+0000] {logging_mixin.py:188} WARNING - /home/***/.local/lib/python3.12/site-packages/***/task/task_runner/standard_task_runner.py:62 DeprecationWarning: This process (pid=201) is multi-threaded, use of fork() may lead to deadlocks in the child.
[2025-12-25T15:10:51.287+0000] {standard_task_runner.py:91} INFO - Job 3: Subtask download_minio
[2025-12-25T15:10:51.289+0000] {standard_task_runner.py:64} INFO - Started process 216 to run task
[2025-12-25T15:10:51.990+0000] {task_command.py:426} INFO - Running <TaskInstance: minio_to_snowflake.download_minio scheduled__2025-12-25T15:08:00+00:00 [running]> on host 507725cbaced
[2025-12-25T15:10:52.394+0000] {taskinstance.py:2648} INFO - Exporting env vars: AIRFLOW_CTX_DAG_OWNER='***' AIRFLOW_CTX_DAG_ID='minio_to_snowflake' AIRFLOW_CTX_TASK_ID='download_minio' AIRFLOW_CTX_EXECUTION_DATE='2025-12-25T15:08:00+00:00' AIRFLOW_CTX_TRY_NUMBER='1' AIRFLOW_CTX_DAG_RUN_ID='scheduled__2025-12-25T15:08:00+00:00'
[2025-12-25T15:10:52.399+0000] {taskinstance.py:430} INFO - ::endgroup::
[2025-12-25T15:10:57.903+0000] {logging_mixin.py:188} INFO - Downloaded AAPL/1766675270.json -> /tmp/minio_downloads/1766675270.json
[2025-12-25T15:10:57.944+0000] {logging_mixin.py:188} INFO - Downloaded AAPL/1766675282.json -> /tmp/minio_downloads/1766675282.json
[2025-12-25T15:10:57.986+0000] {logging_mixin.py:188} INFO - Downloaded AAPL/1766675294.json -> /tmp/minio_downloads/1766675294.json
[2025-12-25T15:10:58.021+0000] {logging_mixin.py:188} INFO - Downloaded AAPL/1766675306.json -> /tmp/minio_downloads/1766675306.json
[2025-12-25T15:10:58.065+0000] {logging_mixin.py:188} INFO - Downloaded AAPL/1766675318.json -> /tmp/minio_downloads/1766675318.json
[2025-12-25T15:10:58.095+0000] {logging_mixin.py:188} INFO - Downloaded AAPL/1766675330.json -> /tmp/minio_downloads/1766675330.json
[2025-12-25T15:10:58.127+0000] {logging_mixin.py:188} INFO - Downloaded AAPL/1766675342.json -> /tmp/minio_downloads/1766675342.json
[2025-12-25T15:10:58.161+0000] {logging_mixin.py:188} INFO - Downloaded AAPL/1766675354.json -> /tmp/minio_downloads/1766675354.json
[2025-12-25T15:10:58.189+0000] {logging_mixin.py:188} INFO - Downloaded AAPL/1766675366.json -> /tmp/minio_downloads/1766675366.json
[2025-12-25T15:10:58.219+0000] {logging_mixin.py:188} INFO - Downloaded AAPL/1766675378.json -> /tmp/minio_downloads/1766675378.json
[2025-12-25T15:10:58.241+0000] {logging_mixin.py:188} INFO - Downloaded AAPL/1766675390.json -> /tmp/minio_downloads/1766675390.json
[2025-12-25T15:10:58.262+0000] {logging_mixin.py:188} INFO - Downloaded AAPL/1766675404.json -> /tmp/minio_downloads/1766675404.json
[2025-12-25T15:10:58.300+0000] {logging_mixin.py:188} INFO - Downloaded AAPL/1766675416.json -> /tmp/minio_downloads/1766675416.json
[2025-12-25T15:10:58.323+0000] {logging_mixin.py:188} INFO - Downloaded AAPL/1766675428.json -> /tmp/minio_downloads/1766675428.json
[2025-12-25T15:10:58.354+0000] {logging_mixin.py:188} INFO - Downloaded AAPL/1766675442.json -> /tmp/minio_downloads/1766675442.json
[2025-12-25T15:10:58.384+0000] {logging_mixin.py:188} INFO - Downloaded AAPL/1766675456.json -> /tmp/minio_downloads/1766675456.json
[2025-12-25T15:10:58.414+0000] {logging_mixin.py:188} INFO - Downloaded AMZN/1766675275.json -> /tmp/minio_downloads/1766675275.json
[2025-12-25T15:10:58.471+0000] {logging_mixin.py:188} INFO - Downloaded AMZN/1766675287.json -> /tmp/minio_downloads/1766675287.json
[2025-12-25T15:10:58.511+0000] {logging_mixin.py:188} INFO - Downloaded AMZN/1766675299.json -> /tmp/minio_downloads/1766675299.json
[2025-12-25T15:10:58.534+0000] {logging_mixin.py:188} INFO - Downloaded AMZN/1766675311.json -> /tmp/minio_downloads/1766675311.json
[2025-12-25T15:10:58.559+0000] {logging_mixin.py:188} INFO - Downloaded AMZN/1766675323.json -> /tmp/minio_downloads/1766675323.json
[2025-12-25T15:10:58.578+0000] {logging_mixin.py:188} INFO - Downloaded AMZN/1766675335.json -> /tmp/minio_downloads/1766675335.json
[2025-12-25T15:10:58.613+0000] {logging_mixin.py:188} INFO - Downloaded AMZN/1766675347.json -> /tmp/minio_downloads/1766675347.json
[2025-12-25T15:10:58.642+0000] {logging_mixin.py:188} INFO - Downloaded AMZN/1766675359.json -> /tmp/minio_downloads/1766675359.json
[2025-12-25T15:10:58.670+0000] {logging_mixin.py:188} INFO - Downloaded AMZN/1766675371.json -> /tmp/minio_downloads/1766675371.json
[2025-12-25T15:10:58.690+0000] {logging_mixin.py:188} INFO - Downloaded AMZN/1766675382.json -> /tmp/minio_downloads/1766675382.json
[2025-12-25T15:10:58.709+0000] {logging_mixin.py:188} INFO - Downloaded AMZN/1766675396.json -> /tmp/minio_downloads/1766675396.json
[2025-12-25T15:10:58.738+0000] {logging_mixin.py:188} INFO - Downloaded AMZN/1766675409.json -> /tmp/minio_downloads/1766675409.json
[2025-12-25T15:10:58.763+0000] {logging_mixin.py:188} INFO - Downloaded AMZN/1766675421.json -> /tmp/minio_downloads/1766675421.json
[2025-12-25T15:10:58.795+0000] {logging_mixin.py:188} INFO - Downloaded AMZN/1766675434.json -> /tmp/minio_downloads/1766675434.json
[2025-12-25T15:10:58.820+0000] {logging_mixin.py:188} INFO - Downloaded AMZN/1766675448.json -> /tmp/minio_downloads/1766675448.json
[2025-12-25T15:10:58.857+0000] {logging_mixin.py:188} INFO - Downloaded GOOGL/1766675274.json -> /tmp/minio_downloads/1766675274.json
[2025-12-25T15:10:58.877+0000] {logging_mixin.py:188} INFO - Downloaded GOOGL/1766675286.json -> /tmp/minio_downloads/1766675286.json
[2025-12-25T15:10:58.895+0000] {logging_mixin.py:188} INFO - Downloaded GOOGL/1766675298.json -> /tmp/minio_downloads/1766675298.json
[2025-12-25T15:10:58.924+0000] {logging_mixin.py:188} INFO - Downloaded GOOGL/1766675309.json -> /tmp/minio_downloads/1766675309.json
[2025-12-25T15:10:58.945+0000] {logging_mixin.py:188} INFO - Downloaded GOOGL/1766675322.json -> /tmp/minio_downloads/1766675322.json
[2025-12-25T15:10:58.965+0000] {logging_mixin.py:188} INFO - Downloaded GOOGL/1766675334.json -> /tmp/minio_downloads/1766675334.json
[2025-12-25T15:10:58.998+0000] {logging_mixin.py:188} INFO - Downloaded GOOGL/1766675346.json -> /tmp/minio_downloads/1766675346.json
[2025-12-25T15:10:59.020+0000] {logging_mixin.py:188} INFO - Downloaded GOOGL/1766675358.json -> /tmp/minio_downloads/1766675358.json
[2025-12-25T15:10:59.053+0000] {logging_mixin.py:188} INFO - Downloaded GOOGL/1766675370.json -> /tmp/minio_downloads/1766675370.json
[2025-12-25T15:10:59.077+0000] {logging_mixin.py:188} INFO - Downloaded GOOGL/1766675381.json -> /tmp/minio_downloads/1766675381.json
[2025-12-25T15:10:59.100+0000] {logging_mixin.py:188} INFO - Downloaded GOOGL/1766675395.json -> /tmp/minio_downloads/1766675395.json
[2025-12-25T15:10:59.122+0000] {logging_mixin.py:188} INFO - Downloaded GOOGL/1766675408.json -> /tmp/minio_downloads/1766675408.json
[2025-12-25T15:10:59.149+0000] {logging_mixin.py:188} INFO - Downloaded GOOGL/1766675420.json -> /tmp/minio_downloads/1766675420.json
[2025-12-25T15:10:59.164+0000] {logging_mixin.py:188} INFO - Downloaded GOOGL/1766675433.json -> /tmp/minio_downloads/1766675433.json
[2025-12-25T15:10:59.182+0000] {logging_mixin.py:188} INFO - Downloaded GOOGL/1766675446.json -> /tmp/minio_downloads/1766675446.json
[2025-12-25T15:10:59.199+0000] {logging_mixin.py:188} INFO - Downloaded MSFT/1766675271.json -> /tmp/minio_downloads/1766675271.json
[2025-12-25T15:10:59.222+0000] {logging_mixin.py:188} INFO - Downloaded MSFT/1766675284.json -> /tmp/minio_downloads/1766675284.json
[2025-12-25T15:10:59.247+0000] {logging_mixin.py:188} INFO - Downloaded MSFT/1766675295.json -> /tmp/minio_downloads/1766675295.json
[2025-12-25T15:10:59.275+0000] {logging_mixin.py:188} INFO - Downloaded MSFT/1766675307.json -> /tmp/minio_downloads/1766675307.json
[2025-12-25T15:10:59.307+0000] {logging_mixin.py:188} INFO - Downloaded MSFT/1766675319.json -> /tmp/minio_downloads/1766675319.json
[2025-12-25T15:10:59.331+0000] {logging_mixin.py:188} INFO - Downloaded MSFT/1766675331.json -> /tmp/minio_downloads/1766675331.json
[2025-12-25T15:10:59.350+0000] {logging_mixin.py:188} INFO - Downloaded MSFT/1766675343.json -> /tmp/minio_downloads/1766675343.json
[2025-12-25T15:10:59.373+0000] {logging_mixin.py:188} INFO - Downloaded MSFT/1766675356.json -> /tmp/minio_downloads/1766675356.json
[2025-12-25T15:10:59.399+0000] {logging_mixin.py:188} INFO - Downloaded MSFT/1766675368.json -> /tmp/minio_downloads/1766675368.json
[2025-12-25T15:10:59.417+0000] {logging_mixin.py:188} INFO - Downloaded MSFT/1766675379.json -> /tmp/minio_downloads/1766675379.json
[2025-12-25T15:10:59.437+0000] {logging_mixin.py:188} INFO - Downloaded MSFT/1766675392.json -> /tmp/minio_downloads/1766675392.json
[2025-12-25T15:10:59.455+0000] {logging_mixin.py:188} INFO - Downloaded MSFT/1766675405.json -> /tmp/minio_downloads/1766675405.json
[2025-12-25T15:10:59.475+0000] {logging_mixin.py:188} INFO - Downloaded MSFT/1766675418.json -> /tmp/minio_downloads/1766675418.json
[2025-12-25T15:10:59.500+0000] {logging_mixin.py:188} INFO - Downloaded MSFT/1766675430.json -> /tmp/minio_downloads/1766675430.json
[2025-12-25T15:10:59.522+0000] {logging_mixin.py:188} INFO - Downloaded MSFT/1766675443.json -> /tmp/minio_downloads/1766675443.json
[2025-12-25T15:10:59.542+0000] {logging_mixin.py:188} INFO - Downloaded MSFT/1766675457.json -> /tmp/minio_downloads/1766675457.json
[2025-12-25T15:10:59.563+0000] {logging_mixin.py:188} INFO - Downloaded TSLA/1766675273.json -> /tmp/minio_downloads/1766675273.json
[2025-12-25T15:10:59.586+0000] {logging_mixin.py:188} INFO - Downloaded TSLA/1766675285.json -> /tmp/minio_downloads/1766675285.json
[2025-12-25T15:10:59.610+0000] {logging_mixin.py:188} INFO - Downloaded TSLA/1766675296.json -> /tmp/minio_downloads/1766675296.json
[2025-12-25T15:10:59.637+0000] {logging_mixin.py:188} INFO - Downloaded TSLA/1766675308.json -> /tmp/minio_downloads/1766675308.json
[2025-12-25T15:10:59.671+0000] {logging_mixin.py:188} INFO - Downloaded TSLA/1766675320.json -> /tmp/minio_downloads/1766675320.json
[2025-12-25T15:10:59.706+0000] {logging_mixin.py:188} INFO - Downloaded TSLA/1766675332.json -> /tmp/minio_downloads/1766675332.json
[2025-12-25T15:10:59.744+0000] {logging_mixin.py:188} INFO - Downloaded TSLA/1766675345.json -> /tmp/minio_downloads/1766675345.json
[2025-12-25T15:10:59.774+0000] {logging_mixin.py:188} INFO - Downloaded TSLA/1766675357.json -> /tmp/minio_downloads/1766675357.json
[2025-12-25T15:10:59.801+0000] {logging_mixin.py:188} INFO - Downloaded TSLA/1766675369.json -> /tmp/minio_downloads/1766675369.json
[2025-12-25T15:10:59.828+0000] {logging_mixin.py:188} INFO - Downloaded TSLA/1766675380.json -> /tmp/minio_downloads/1766675380.json
[2025-12-25T15:10:59.856+0000] {logging_mixin.py:188} INFO - Downloaded TSLA/1766675394.json -> /tmp/minio_downloads/1766675394.json
[2025-12-25T15:10:59.885+0000] {logging_mixin.py:188} INFO - Downloaded TSLA/1766675407.json -> /tmp/minio_downloads/1766675407.json
[2025-12-25T15:10:59.914+0000] {logging_mixin.py:188} INFO - Downloaded TSLA/1766675419.json -> /tmp/minio_downloads/1766675419.json
[2025-12-25T15:10:59.946+0000] {logging_mixin.py:188} INFO - Downloaded TSLA/1766675431.json -> /tmp/minio_downloads/1766675431.json
[2025-12-25T15:10:59.974+0000] {logging_mixin.py:188} INFO - Downloaded TSLA/1766675445.json -> /tmp/minio_downloads/1766675445.json
[2025-12-25T15:10:59.977+0000] {python.py:237} INFO - Done. Returned value was: ['/tmp/minio_downloads/1766675270.json', '/tmp/minio_downloads/1766675282.json', '/tmp/minio_downloads/1766675294.json', '/tmp/minio_downloads/1766675306.json', '/tmp/minio_downloads/1766675318.json', '/tmp/minio_downloads/1766675330.json', '/tmp/minio_downloads/1766675342.json', '/tmp/minio_downloads/1766675354.json', '/tmp/minio_downloads/1766675366.json', '/tmp/minio_downloads/1766675378.json', '/tmp/minio_downloads/1766675390.json', '/tmp/minio_downloads/1766675404.json', '/tmp/minio_downloads/1766675416.json', '/tmp/minio_downloads/1766675428.json', '/tmp/minio_downloads/1766675442.json', '/tmp/minio_downloads/1766675456.json', '/tmp/minio_downloads/1766675275.json', '/tmp/minio_downloads/1766675287.json', '/tmp/minio_downloads/1766675299.json', '/tmp/minio_downloads/1766675311.json', '/tmp/minio_downloads/1766675323.json', '/tmp/minio_downloads/1766675335.json', '/tmp/minio_downloads/1766675347.json', '/tmp/minio_downloads/1766675359.json', '/tmp/minio_downloads/1766675371.json', '/tmp/minio_downloads/1766675382.json', '/tmp/minio_downloads/1766675396.json', '/tmp/minio_downloads/1766675409.json', '/tmp/minio_downloads/1766675421.json', '/tmp/minio_downloads/1766675434.json', '/tmp/minio_downloads/1766675448.json', '/tmp/minio_downloads/1766675274.json', '/tmp/minio_downloads/1766675286.json', '/tmp/minio_downloads/1766675298.json', '/tmp/minio_downloads/1766675309.json', '/tmp/minio_downloads/1766675322.json', '/tmp/minio_downloads/1766675334.json', '/tmp/minio_downloads/1766675346.json', '/tmp/minio_downloads/1766675358.json', '/tmp/minio_downloads/1766675370.json', '/tmp/minio_downloads/1766675381.json', '/tmp/minio_downloads/1766675395.json', '/tmp/minio_downloads/1766675408.json', '/tmp/minio_downloads/1766675420.json', '/tmp/minio_downloads/1766675433.json', '/tmp/minio_downloads/1766675446.json', '/tmp/minio_downloads/1766675271.json', '/tmp/minio_downloads/1766675284.json', '/tmp/minio_downloads/1766675295.json', '/tmp/minio_downloads/1766675307.json', '/tmp/minio_downloads/1766675319.json', '/tmp/minio_downloads/1766675331.json', '/tmp/minio_downloads/1766675343.json', '/tmp/minio_downloads/1766675356.json', '/tmp/minio_downloads/1766675368.json', '/tmp/minio_downloads/1766675379.json', '/tmp/minio_downloads/1766675392.json', '/tmp/minio_downloads/1766675405.json', '/tmp/minio_downloads/1766675418.json', '/tmp/minio_downloads/1766675430.json', '/tmp/minio_downloads/1766675443.json', '/tmp/minio_downloads/1766675457.json', '/tmp/minio_downloads/1766675273.json', '/tmp/minio_downloads/1766675285.json', '/tmp/minio_downloads/1766675296.json', '/tmp/minio_downloads/1766675308.json', '/tmp/minio_downloads/1766675320.json', '/tmp/minio_downloads/1766675332.json', '/tmp/minio_downloads/1766675345.json', '/tmp/minio_downloads/1766675357.json', '/tmp/minio_downloads/1766675369.json', '/tmp/minio_downloads/1766675380.json', '/tmp/minio_downloads/1766675394.json', '/tmp/minio_downloads/1766675407.json', '/tmp/minio_downloads/1766675419.json', '/tmp/minio_downloads/1766675431.json', '/tmp/minio_downloads/1766675445.json']
[2025-12-25T15:10:59.980+0000] {taskinstance.py:441} INFO - ::group::Post task execution logs
[2025-12-25T15:11:02.137+0000] {taskinstance.py:1206} INFO - Marking task as SUCCESS. dag_id=minio_to_snowflake, task_id=download_minio, run_id=scheduled__2025-12-25T15:08:00+00:00, execution_date=20251225T150800, start_date=20251225T151051, end_date=20251225T151102
[2025-12-25T15:11:02.371+0000] {local_task_job_runner.py:243} INFO - Task exited with return code 0
[2025-12-25T15:11:02.509+0000] {taskinstance.py:3503} INFO - 1 downstream tasks scheduled from follow-on schedule check
[2025-12-25T15:11:02.523+0000] {local_task_job_runner.py:222} INFO - ::endgroup::
