[2025-12-25T09:13:30.582+0000] {local_task_job_runner.py:120} INFO - ::group::Pre task execution logs
[2025-12-25T09:13:30.669+0000] {taskinstance.py:2076} INFO - Dependencies all met for dep_context=non-requeueable deps ti=<TaskInstance: minio_to_snowflake.load_snowflake scheduled__2025-12-25T08:56:00+00:00 [queued]>
[2025-12-25T09:13:30.684+0000] {taskinstance.py:2076} INFO - Dependencies all met for dep_context=requeueable deps ti=<TaskInstance: minio_to_snowflake.load_snowflake scheduled__2025-12-25T08:56:00+00:00 [queued]>
[2025-12-25T09:13:30.685+0000] {taskinstance.py:2306} INFO - Starting attempt 1 of 2
[2025-12-25T09:13:30.714+0000] {taskinstance.py:2330} INFO - Executing <Task(PythonOperator): load_snowflake> on 2025-12-25 08:56:00+00:00
[2025-12-25T09:13:30.767+0000] {logging_mixin.py:188} WARNING - /home/***/.local/lib/python3.12/site-packages/***/task/task_runner/standard_task_runner.py:62 DeprecationWarning: This process (pid=7380) is multi-threaded, use of fork() may lead to deadlocks in the child.
[2025-12-25T09:13:30.757+0000] {standard_task_runner.py:90} INFO - Running: ['***', 'tasks', 'run', 'minio_to_snowflake', 'load_snowflake', 'scheduled__2025-12-25T08:56:00+00:00', '--job-id', '175', '--raw', '--subdir', 'DAGS_FOLDER/minio_to_snowflake.py', '--cfg-path', '/tmp/tmpw6hfud36']
[2025-12-25T09:13:30.774+0000] {standard_task_runner.py:64} INFO - Started process 7395 to run task
[2025-12-25T09:13:30.774+0000] {standard_task_runner.py:91} INFO - Job 175: Subtask load_snowflake
[2025-12-25T09:13:30.976+0000] {task_command.py:426} INFO - Running <TaskInstance: minio_to_snowflake.load_snowflake scheduled__2025-12-25T08:56:00+00:00 [running]> on host f2efb562a677
[2025-12-25T09:13:31.232+0000] {taskinstance.py:2648} INFO - Exporting env vars: AIRFLOW_CTX_DAG_OWNER='***' AIRFLOW_CTX_DAG_ID='minio_to_snowflake' AIRFLOW_CTX_TASK_ID='load_snowflake' AIRFLOW_CTX_EXECUTION_DATE='2025-12-25T08:56:00+00:00' AIRFLOW_CTX_TRY_NUMBER='1' AIRFLOW_CTX_DAG_RUN_ID='scheduled__2025-12-25T08:56:00+00:00'
[2025-12-25T09:13:31.236+0000] {taskinstance.py:430} INFO - ::endgroup::
[2025-12-25T09:13:31.315+0000] {connection.py:408} INFO - Snowflake Connector for Python Version: 3.11.0, Python Version: 3.12.4, Platform: Linux-6.6.87.2-microsoft-standard-WSL2-x86_64-with-glibc2.36
[2025-12-25T09:13:31.320+0000] {connection.py:1258} INFO - This connection is in OCSP Fail Open Mode. TLS Certificates would be checked for validity and revocation status. Any other Certificate Revocation related exceptions or OCSP Responder failures would be disregarded in favor of connectivity.
[2025-12-25T09:13:35.044+0000] {logging_mixin.py:188} INFO - Uploaded /tmp/minio_downloads/1766651912.json to Snowflake stage
[2025-12-25T09:13:35.333+0000] {logging_mixin.py:188} INFO - Uploaded /tmp/minio_downloads/1766651923.json to Snowflake stage
[2025-12-25T09:13:35.782+0000] {logging_mixin.py:188} INFO - Uploaded /tmp/minio_downloads/1766651935.json to Snowflake stage
[2025-12-25T09:13:36.099+0000] {logging_mixin.py:188} INFO - Uploaded /tmp/minio_downloads/1766651947.json to Snowflake stage
[2025-12-25T09:13:36.413+0000] {logging_mixin.py:188} INFO - Uploaded /tmp/minio_downloads/1766651959.json to Snowflake stage
[2025-12-25T09:13:36.706+0000] {logging_mixin.py:188} INFO - Uploaded /tmp/minio_downloads/1766651972.json to Snowflake stage
[2025-12-25T09:13:37.062+0000] {logging_mixin.py:188} INFO - Uploaded /tmp/minio_downloads/1766651985.json to Snowflake stage
[2025-12-25T09:13:37.536+0000] {logging_mixin.py:188} INFO - Uploaded /tmp/minio_downloads/1766651996.json to Snowflake stage
[2025-12-25T09:13:37.860+0000] {logging_mixin.py:188} INFO - Uploaded /tmp/minio_downloads/1766652008.json to Snowflake stage
[2025-12-25T09:13:38.291+0000] {logging_mixin.py:188} INFO - Uploaded /tmp/minio_downloads/1766652020.json to Snowflake stage
[2025-12-25T09:13:38.616+0000] {logging_mixin.py:188} INFO - Uploaded /tmp/minio_downloads/1766652032.json to Snowflake stage
[2025-12-25T09:13:38.967+0000] {logging_mixin.py:188} INFO - Uploaded /tmp/minio_downloads/1766652044.json to Snowflake stage
[2025-12-25T09:13:39.242+0000] {logging_mixin.py:188} INFO - Uploaded /tmp/minio_downloads/1766652056.json to Snowflake stage
[2025-12-25T09:13:39.561+0000] {logging_mixin.py:188} INFO - Uploaded /tmp/minio_downloads/1766652067.json to Snowflake stage
[2025-12-25T09:13:39.912+0000] {logging_mixin.py:188} INFO - Uploaded /tmp/minio_downloads/1766652079.json to Snowflake stage
[2025-12-25T09:13:40.192+0000] {logging_mixin.py:188} INFO - Uploaded /tmp/minio_downloads/1766652091.json to Snowflake stage
[2025-12-25T09:13:40.597+0000] {logging_mixin.py:188} INFO - Uploaded /tmp/minio_downloads/1766652104.json to Snowflake stage
[2025-12-25T09:13:40.988+0000] {logging_mixin.py:188} INFO - Uploaded /tmp/minio_downloads/1766652116.json to Snowflake stage
[2025-12-25T09:13:41.547+0000] {logging_mixin.py:188} INFO - Uploaded /tmp/minio_downloads/1766652128.json to Snowflake stage
[2025-12-25T09:13:41.895+0000] {logging_mixin.py:188} INFO - Uploaded /tmp/minio_downloads/1766652140.json to Snowflake stage
[2025-12-25T09:13:42.243+0000] {logging_mixin.py:188} INFO - Uploaded /tmp/minio_downloads/1766652153.json to Snowflake stage
[2025-12-25T09:13:42.545+0000] {logging_mixin.py:188} INFO - Uploaded /tmp/minio_downloads/1766652164.json to Snowflake stage
[2025-12-25T09:13:42.833+0000] {logging_mixin.py:188} INFO - Uploaded /tmp/minio_downloads/1766652176.json to Snowflake stage
[2025-12-25T09:13:43.305+0000] {logging_mixin.py:188} INFO - Uploaded /tmp/minio_downloads/1766652188.json to Snowflake stage
[2025-12-25T09:13:44.014+0000] {logging_mixin.py:188} INFO - Uploaded /tmp/minio_downloads/1766652200.json to Snowflake stage
[2025-12-25T09:13:44.323+0000] {logging_mixin.py:188} INFO - Uploaded /tmp/minio_downloads/1766652213.json to Snowflake stage
[2025-12-25T09:13:44.603+0000] {logging_mixin.py:188} INFO - Uploaded /tmp/minio_downloads/1766652224.json to Snowflake stage
[2025-12-25T09:13:45.106+0000] {logging_mixin.py:188} INFO - Uploaded /tmp/minio_downloads/1766652236.json to Snowflake stage
[2025-12-25T09:13:45.473+0000] {logging_mixin.py:188} INFO - Uploaded /tmp/minio_downloads/1766652248.json to Snowflake stage
[2025-12-25T09:13:46.205+0000] {logging_mixin.py:188} INFO - Uploaded /tmp/minio_downloads/1766652260.json to Snowflake stage
[2025-12-25T09:13:46.477+0000] {logging_mixin.py:188} INFO - Uploaded /tmp/minio_downloads/1766652272.json to Snowflake stage
[2025-12-25T09:13:46.781+0000] {logging_mixin.py:188} INFO - Uploaded /tmp/minio_downloads/1766652284.json to Snowflake stage
[2025-12-25T09:13:47.055+0000] {logging_mixin.py:188} INFO - Uploaded /tmp/minio_downloads/1766652296.json to Snowflake stage
[2025-12-25T09:13:47.337+0000] {logging_mixin.py:188} INFO - Uploaded /tmp/minio_downloads/1766652308.json to Snowflake stage
[2025-12-25T09:13:47.661+0000] {logging_mixin.py:188} INFO - Uploaded /tmp/minio_downloads/1766652319.json to Snowflake stage
[2025-12-25T09:13:48.051+0000] {logging_mixin.py:188} INFO - Uploaded /tmp/minio_downloads/1766652332.json to Snowflake stage
[2025-12-25T09:13:48.310+0000] {logging_mixin.py:188} INFO - Uploaded /tmp/minio_downloads/1766652345.json to Snowflake stage
[2025-12-25T09:13:48.568+0000] {logging_mixin.py:188} INFO - Uploaded /tmp/minio_downloads/1766652356.json to Snowflake stage
[2025-12-25T09:13:48.835+0000] {logging_mixin.py:188} INFO - Uploaded /tmp/minio_downloads/1766652369.json to Snowflake stage
[2025-12-25T09:13:49.134+0000] {logging_mixin.py:188} INFO - Uploaded /tmp/minio_downloads/1766652381.json to Snowflake stage
[2025-12-25T09:13:49.398+0000] {logging_mixin.py:188} INFO - Uploaded /tmp/minio_downloads/1766652397.json to Snowflake stage
[2025-12-25T09:13:49.649+0000] {logging_mixin.py:188} INFO - Uploaded /tmp/minio_downloads/1766652409.json to Snowflake stage
[2025-12-25T09:13:50.100+0000] {logging_mixin.py:188} INFO - Uploaded /tmp/minio_downloads/1766652421.json to Snowflake stage
[2025-12-25T09:13:50.498+0000] {logging_mixin.py:188} INFO - Uploaded /tmp/minio_downloads/1766652434.json to Snowflake stage
[2025-12-25T09:13:50.887+0000] {logging_mixin.py:188} INFO - Uploaded /tmp/minio_downloads/1766652447.json to Snowflake stage
[2025-12-25T09:13:51.156+0000] {logging_mixin.py:188} INFO - Uploaded /tmp/minio_downloads/1766652459.json to Snowflake stage
[2025-12-25T09:13:51.676+0000] {logging_mixin.py:188} INFO - Uploaded /tmp/minio_downloads/1766652471.json to Snowflake stage
[2025-12-25T09:13:51.955+0000] {logging_mixin.py:188} INFO - Uploaded /tmp/minio_downloads/1766652485.json to Snowflake stage
[2025-12-25T09:13:52.301+0000] {logging_mixin.py:188} INFO - Uploaded /tmp/minio_downloads/1766652498.json to Snowflake stage
[2025-12-25T09:13:52.601+0000] {logging_mixin.py:188} INFO - Uploaded /tmp/minio_downloads/1766652511.json to Snowflake stage
[2025-12-25T09:13:52.888+0000] {logging_mixin.py:188} INFO - Uploaded /tmp/minio_downloads/1766652524.json to Snowflake stage
[2025-12-25T09:13:53.315+0000] {logging_mixin.py:188} INFO - Uploaded /tmp/minio_downloads/1766652538.json to Snowflake stage
[2025-12-25T09:13:53.648+0000] {logging_mixin.py:188} INFO - Uploaded /tmp/minio_downloads/1766652552.json to Snowflake stage
[2025-12-25T09:13:53.968+0000] {logging_mixin.py:188} INFO - Uploaded /tmp/minio_downloads/1766652565.json to Snowflake stage
[2025-12-25T09:13:54.299+0000] {logging_mixin.py:188} INFO - Uploaded /tmp/minio_downloads/1766652578.json to Snowflake stage
[2025-12-25T09:13:54.601+0000] {logging_mixin.py:188} INFO - Uploaded /tmp/minio_downloads/1766652592.json to Snowflake stage
[2025-12-25T09:13:54.925+0000] {logging_mixin.py:188} INFO - Uploaded /tmp/minio_downloads/1766652605.json to Snowflake stage
[2025-12-25T09:13:55.301+0000] {logging_mixin.py:188} INFO - Uploaded /tmp/minio_downloads/1766652619.json to Snowflake stage
[2025-12-25T09:13:55.994+0000] {logging_mixin.py:188} INFO - Uploaded /tmp/minio_downloads/1766652633.json to Snowflake stage
[2025-12-25T09:13:56.292+0000] {logging_mixin.py:188} INFO - Uploaded /tmp/minio_downloads/1766652648.json to Snowflake stage
[2025-12-25T09:13:56.574+0000] {logging_mixin.py:188} INFO - Uploaded /tmp/minio_downloads/1766652660.json to Snowflake stage
[2025-12-25T09:13:56.878+0000] {logging_mixin.py:188} INFO - Uploaded /tmp/minio_downloads/1766652672.json to Snowflake stage
[2025-12-25T09:13:57.220+0000] {logging_mixin.py:188} INFO - Uploaded /tmp/minio_downloads/1766652685.json to Snowflake stage
[2025-12-25T09:13:57.491+0000] {logging_mixin.py:188} INFO - Uploaded /tmp/minio_downloads/1766652698.json to Snowflake stage
[2025-12-25T09:13:57.758+0000] {logging_mixin.py:188} INFO - Uploaded /tmp/minio_downloads/1766652711.json to Snowflake stage
[2025-12-25T09:13:58.058+0000] {logging_mixin.py:188} INFO - Uploaded /tmp/minio_downloads/1766652722.json to Snowflake stage
[2025-12-25T09:13:58.334+0000] {logging_mixin.py:188} INFO - Uploaded /tmp/minio_downloads/1766652734.json to Snowflake stage
[2025-12-25T09:13:58.615+0000] {logging_mixin.py:188} INFO - Uploaded /tmp/minio_downloads/1766652747.json to Snowflake stage
[2025-12-25T09:13:58.885+0000] {logging_mixin.py:188} INFO - Uploaded /tmp/minio_downloads/1766652759.json to Snowflake stage
[2025-12-25T09:13:59.215+0000] {logging_mixin.py:188} INFO - Uploaded /tmp/minio_downloads/1766652771.json to Snowflake stage
[2025-12-25T09:13:59.606+0000] {logging_mixin.py:188} INFO - Uploaded /tmp/minio_downloads/1766652784.json to Snowflake stage
[2025-12-25T09:13:59.893+0000] {logging_mixin.py:188} INFO - Uploaded /tmp/minio_downloads/1766652797.json to Snowflake stage
[2025-12-25T09:14:00.389+0000] {logging_mixin.py:188} INFO - Uploaded /tmp/minio_downloads/1766652811.json to Snowflake stage
[2025-12-25T09:14:00.665+0000] {logging_mixin.py:188} INFO - Uploaded /tmp/minio_downloads/1766652823.json to Snowflake stage
[2025-12-25T09:14:00.950+0000] {logging_mixin.py:188} INFO - Uploaded /tmp/minio_downloads/1766652835.json to Snowflake stage
[2025-12-25T09:14:01.236+0000] {logging_mixin.py:188} INFO - Uploaded /tmp/minio_downloads/1766652849.json to Snowflake stage
[2025-12-25T09:14:01.543+0000] {logging_mixin.py:188} INFO - Uploaded /tmp/minio_downloads/1766652861.json to Snowflake stage
[2025-12-25T09:14:01.805+0000] {logging_mixin.py:188} INFO - Uploaded /tmp/minio_downloads/1766652873.json to Snowflake stage
[2025-12-25T09:14:02.123+0000] {logging_mixin.py:188} INFO - Uploaded /tmp/minio_downloads/1766652885.json to Snowflake stage
[2025-12-25T09:14:02.432+0000] {logging_mixin.py:188} INFO - Uploaded /tmp/minio_downloads/1766652897.json to Snowflake stage
[2025-12-25T09:14:02.729+0000] {logging_mixin.py:188} INFO - Uploaded /tmp/minio_downloads/1766652914.json to Snowflake stage
[2025-12-25T09:14:03.000+0000] {logging_mixin.py:188} INFO - Uploaded /tmp/minio_downloads/1766652926.json to Snowflake stage
[2025-12-25T09:14:03.266+0000] {logging_mixin.py:188} INFO - Uploaded /tmp/minio_downloads/1766652938.json to Snowflake stage
[2025-12-25T09:14:03.694+0000] {logging_mixin.py:188} INFO - Uploaded /tmp/minio_downloads/1766652951.json to Snowflake stage
[2025-12-25T09:14:03.985+0000] {logging_mixin.py:188} INFO - Uploaded /tmp/minio_downloads/1766652965.json to Snowflake stage
[2025-12-25T09:14:04.286+0000] {logging_mixin.py:188} INFO - Uploaded /tmp/minio_downloads/1766652976.json to Snowflake stage
[2025-12-25T09:14:04.571+0000] {logging_mixin.py:188} INFO - Uploaded /tmp/minio_downloads/1766652987.json to Snowflake stage
[2025-12-25T09:14:04.865+0000] {logging_mixin.py:188} INFO - Uploaded /tmp/minio_downloads/1766653001.json to Snowflake stage
[2025-12-25T09:14:05.195+0000] {logging_mixin.py:188} INFO - Uploaded /tmp/minio_downloads/1766653014.json to Snowflake stage
[2025-12-25T09:14:05.475+0000] {logging_mixin.py:188} INFO - Uploaded /tmp/minio_downloads/1766653027.json to Snowflake stage
[2025-12-25T09:14:05.758+0000] {logging_mixin.py:188} INFO - Uploaded /tmp/minio_downloads/1766653039.json to Snowflake stage
[2025-12-25T09:14:06.044+0000] {logging_mixin.py:188} INFO - Uploaded /tmp/minio_downloads/1766653053.json to Snowflake stage
[2025-12-25T09:14:06.338+0000] {logging_mixin.py:188} INFO - Uploaded /tmp/minio_downloads/1766653067.json to Snowflake stage
[2025-12-25T09:14:06.621+0000] {logging_mixin.py:188} INFO - Uploaded /tmp/minio_downloads/1766653080.json to Snowflake stage
[2025-12-25T09:14:06.892+0000] {logging_mixin.py:188} INFO - Uploaded /tmp/minio_downloads/1766653092.json to Snowflake stage
[2025-12-25T09:14:07.168+0000] {logging_mixin.py:188} INFO - Uploaded /tmp/minio_downloads/1766653104.json to Snowflake stage
[2025-12-25T09:14:08.231+0000] {logging_mixin.py:188} INFO - Uploaded /tmp/minio_downloads/1766653117.json to Snowflake stage
[2025-12-25T09:14:08.819+0000] {logging_mixin.py:188} INFO - Uploaded /tmp/minio_downloads/1766653132.json to Snowflake stage
[2025-12-25T09:14:09.642+0000] {logging_mixin.py:188} INFO - Uploaded /tmp/minio_downloads/1766653145.json to Snowflake stage
[2025-12-25T09:14:10.550+0000] {logging_mixin.py:188} INFO - Uploaded /tmp/minio_downloads/1766653157.json to Snowflake stage
[2025-12-25T09:14:13.869+0000] {logging_mixin.py:188} INFO - Uploaded /tmp/minio_downloads/1766653169.json to Snowflake stage
[2025-12-25T09:14:14.202+0000] {logging_mixin.py:188} INFO - Uploaded /tmp/minio_downloads/1766653185.json to Snowflake stage
[2025-12-25T09:14:14.525+0000] {logging_mixin.py:188} INFO - Uploaded /tmp/minio_downloads/1766653199.json to Snowflake stage
[2025-12-25T09:14:15.016+0000] {logging_mixin.py:188} INFO - Uploaded /tmp/minio_downloads/1766653213.json to Snowflake stage
[2025-12-25T09:14:15.507+0000] {logging_mixin.py:188} INFO - Uploaded /tmp/minio_downloads/1766653225.json to Snowflake stage
[2025-12-25T09:14:15.841+0000] {logging_mixin.py:188} INFO - Uploaded /tmp/minio_downloads/1766651916.json to Snowflake stage
[2025-12-25T09:14:16.108+0000] {logging_mixin.py:188} INFO - Uploaded /tmp/minio_downloads/1766651928.json to Snowflake stage
[2025-12-25T09:14:16.378+0000] {logging_mixin.py:188} INFO - Uploaded /tmp/minio_downloads/1766651940.json to Snowflake stage
[2025-12-25T09:14:16.662+0000] {logging_mixin.py:188} INFO - Uploaded /tmp/minio_downloads/1766651952.json to Snowflake stage
[2025-12-25T09:14:16.928+0000] {logging_mixin.py:188} INFO - Uploaded /tmp/minio_downloads/1766651964.json to Snowflake stage
[2025-12-25T09:14:17.267+0000] {logging_mixin.py:188} INFO - Uploaded /tmp/minio_downloads/1766651978.json to Snowflake stage
[2025-12-25T09:14:18.214+0000] {logging_mixin.py:188} INFO - Uploaded /tmp/minio_downloads/1766651989.json to Snowflake stage
[2025-12-25T09:14:18.479+0000] {logging_mixin.py:188} INFO - Uploaded /tmp/minio_downloads/1766652001.json to Snowflake stage
[2025-12-25T09:14:18.733+0000] {logging_mixin.py:188} INFO - Uploaded /tmp/minio_downloads/1766652013.json to Snowflake stage
[2025-12-25T09:14:18.994+0000] {logging_mixin.py:188} INFO - Uploaded /tmp/minio_downloads/1766652025.json to Snowflake stage
[2025-12-25T09:14:19.256+0000] {logging_mixin.py:188} INFO - Uploaded /tmp/minio_downloads/1766652036.json to Snowflake stage
[2025-12-25T09:14:19.559+0000] {logging_mixin.py:188} INFO - Uploaded /tmp/minio_downloads/1766652048.json to Snowflake stage
[2025-12-25T09:14:19.853+0000] {logging_mixin.py:188} INFO - Uploaded /tmp/minio_downloads/1766652060.json to Snowflake stage
[2025-12-25T09:14:20.130+0000] {logging_mixin.py:188} INFO - Uploaded /tmp/minio_downloads/1766652072.json to Snowflake stage
[2025-12-25T09:14:20.429+0000] {logging_mixin.py:188} INFO - Uploaded /tmp/minio_downloads/1766652084.json to Snowflake stage
[2025-12-25T09:14:20.720+0000] {logging_mixin.py:188} INFO - Uploaded /tmp/minio_downloads/1766652097.json to Snowflake stage
[2025-12-25T09:14:21.000+0000] {logging_mixin.py:188} INFO - Uploaded /tmp/minio_downloads/1766652109.json to Snowflake stage
[2025-12-25T09:14:21.267+0000] {logging_mixin.py:188} INFO - Uploaded /tmp/minio_downloads/1766652121.json to Snowflake stage
[2025-12-25T09:14:21.531+0000] {logging_mixin.py:188} INFO - Uploaded /tmp/minio_downloads/1766652133.json to Snowflake stage
[2025-12-25T09:14:21.809+0000] {logging_mixin.py:188} INFO - Uploaded /tmp/minio_downloads/1766652145.json to Snowflake stage
[2025-12-25T09:14:22.067+0000] {logging_mixin.py:188} INFO - Uploaded /tmp/minio_downloads/1766652157.json to Snowflake stage
[2025-12-25T09:14:22.325+0000] {logging_mixin.py:188} INFO - Uploaded /tmp/minio_downloads/1766652169.json to Snowflake stage
[2025-12-25T09:14:22.592+0000] {logging_mixin.py:188} INFO - Uploaded /tmp/minio_downloads/1766652181.json to Snowflake stage
[2025-12-25T09:14:22.868+0000] {logging_mixin.py:188} INFO - Uploaded /tmp/minio_downloads/1766652193.json to Snowflake stage
[2025-12-25T09:14:23.150+0000] {logging_mixin.py:188} INFO - Uploaded /tmp/minio_downloads/1766652206.json to Snowflake stage
[2025-12-25T09:14:23.514+0000] {logging_mixin.py:188} INFO - Uploaded /tmp/minio_downloads/1766652217.json to Snowflake stage
[2025-12-25T09:14:23.792+0000] {logging_mixin.py:188} INFO - Uploaded /tmp/minio_downloads/1766652229.json to Snowflake stage
[2025-12-25T09:14:24.073+0000] {logging_mixin.py:188} INFO - Uploaded /tmp/minio_downloads/1766652241.json to Snowflake stage
[2025-12-25T09:14:24.329+0000] {logging_mixin.py:188} INFO - Uploaded /tmp/minio_downloads/1766652253.json to Snowflake stage
[2025-12-25T09:14:24.588+0000] {logging_mixin.py:188} INFO - Uploaded /tmp/minio_downloads/1766652264.json to Snowflake stage
[2025-12-25T09:14:24.856+0000] {logging_mixin.py:188} INFO - Uploaded /tmp/minio_downloads/1766652277.json to Snowflake stage
[2025-12-25T09:14:25.117+0000] {logging_mixin.py:188} INFO - Uploaded /tmp/minio_downloads/1766652289.json to Snowflake stage
[2025-12-25T09:14:25.395+0000] {logging_mixin.py:188} INFO - Uploaded /tmp/minio_downloads/1766652301.json to Snowflake stage
[2025-12-25T09:14:25.640+0000] {logging_mixin.py:188} INFO - Uploaded /tmp/minio_downloads/1766652312.json to Snowflake stage
[2025-12-25T09:14:25.905+0000] {logging_mixin.py:188} INFO - Uploaded /tmp/minio_downloads/1766652325.json to Snowflake stage
[2025-12-25T09:14:26.169+0000] {logging_mixin.py:188} INFO - Uploaded /tmp/minio_downloads/1766652338.json to Snowflake stage
[2025-12-25T09:14:26.441+0000] {logging_mixin.py:188} INFO - Uploaded /tmp/minio_downloads/1766652349.json to Snowflake stage
[2025-12-25T09:14:26.694+0000] {logging_mixin.py:188} INFO - Uploaded /tmp/minio_downloads/1766652361.json to Snowflake stage
[2025-12-25T09:14:26.962+0000] {logging_mixin.py:188} INFO - Uploaded /tmp/minio_downloads/1766652374.json to Snowflake stage
[2025-12-25T09:14:27.218+0000] {logging_mixin.py:188} INFO - Uploaded /tmp/minio_downloads/1766652390.json to Snowflake stage
[2025-12-25T09:14:27.509+0000] {logging_mixin.py:188} INFO - Uploaded /tmp/minio_downloads/1766652401.json to Snowflake stage
[2025-12-25T09:14:27.772+0000] {logging_mixin.py:188} INFO - Uploaded /tmp/minio_downloads/1766652413.json to Snowflake stage
[2025-12-25T09:14:28.128+0000] {logging_mixin.py:188} INFO - Uploaded /tmp/minio_downloads/1766652426.json to Snowflake stage
[2025-12-25T09:14:28.468+0000] {logging_mixin.py:188} INFO - Uploaded /tmp/minio_downloads/1766652439.json to Snowflake stage
[2025-12-25T09:14:28.744+0000] {logging_mixin.py:188} INFO - Uploaded /tmp/minio_downloads/1766652452.json to Snowflake stage
[2025-12-25T09:14:29.049+0000] {logging_mixin.py:188} INFO - Uploaded /tmp/minio_downloads/1766652464.json to Snowflake stage
[2025-12-25T09:14:29.390+0000] {logging_mixin.py:188} INFO - Uploaded /tmp/minio_downloads/1766652477.json to Snowflake stage
[2025-12-25T09:14:29.682+0000] {logging_mixin.py:188} INFO - Uploaded /tmp/minio_downloads/1766652490.json to Snowflake stage
[2025-12-25T09:14:29.966+0000] {logging_mixin.py:188} INFO - Uploaded /tmp/minio_downloads/1766652503.json to Snowflake stage
[2025-12-25T09:14:30.247+0000] {logging_mixin.py:188} INFO - Uploaded /tmp/minio_downloads/1766652516.json to Snowflake stage
[2025-12-25T09:14:30.510+0000] {logging_mixin.py:188} INFO - Uploaded /tmp/minio_downloads/1766652530.json to Snowflake stage
[2025-12-25T09:14:30.774+0000] {logging_mixin.py:188} INFO - Uploaded /tmp/minio_downloads/1766652543.json to Snowflake stage
[2025-12-25T09:14:31.041+0000] {logging_mixin.py:188} INFO - Uploaded /tmp/minio_downloads/1766652558.json to Snowflake stage
[2025-12-25T09:14:31.306+0000] {logging_mixin.py:188} INFO - Uploaded /tmp/minio_downloads/1766652570.json to Snowflake stage
[2025-12-25T09:14:31.572+0000] {logging_mixin.py:188} INFO - Uploaded /tmp/minio_downloads/1766652584.json to Snowflake stage
[2025-12-25T09:14:31.844+0000] {logging_mixin.py:188} INFO - Uploaded /tmp/minio_downloads/1766652598.json to Snowflake stage
[2025-12-25T09:14:32.181+0000] {logging_mixin.py:188} INFO - Uploaded /tmp/minio_downloads/1766652611.json to Snowflake stage
[2025-12-25T09:14:32.543+0000] {logging_mixin.py:188} INFO - Uploaded /tmp/minio_downloads/1766652625.json to Snowflake stage
[2025-12-25T09:14:32.808+0000] {logging_mixin.py:188} INFO - Uploaded /tmp/minio_downloads/1766652641.json to Snowflake stage
[2025-12-25T09:14:33.074+0000] {logging_mixin.py:188} INFO - Uploaded /tmp/minio_downloads/1766652652.json to Snowflake stage
[2025-12-25T09:14:33.334+0000] {logging_mixin.py:188} INFO - Uploaded /tmp/minio_downloads/1766652665.json to Snowflake stage
[2025-12-25T09:14:33.714+0000] {logging_mixin.py:188} INFO - Uploaded /tmp/minio_downloads/1766652677.json to Snowflake stage
[2025-12-25T09:14:33.981+0000] {logging_mixin.py:188} INFO - Uploaded /tmp/minio_downloads/1766652690.json to Snowflake stage
[2025-12-25T09:14:34.262+0000] {logging_mixin.py:188} INFO - Uploaded /tmp/minio_downloads/1766652703.json to Snowflake stage
[2025-12-25T09:14:34.529+0000] {logging_mixin.py:188} INFO - Uploaded /tmp/minio_downloads/1766652715.json to Snowflake stage
[2025-12-25T09:14:34.791+0000] {logging_mixin.py:188} INFO - Uploaded /tmp/minio_downloads/1766652727.json to Snowflake stage
[2025-12-25T09:14:35.066+0000] {logging_mixin.py:188} INFO - Uploaded /tmp/minio_downloads/1766652739.json to Snowflake stage
[2025-12-25T09:14:35.334+0000] {logging_mixin.py:188} INFO - Uploaded /tmp/minio_downloads/1766652752.json to Snowflake stage
[2025-12-25T09:14:35.631+0000] {logging_mixin.py:188} INFO - Uploaded /tmp/minio_downloads/1766652764.json to Snowflake stage
[2025-12-25T09:14:36.100+0000] {logging_mixin.py:188} INFO - Uploaded /tmp/minio_downloads/1766652777.json to Snowflake stage
[2025-12-25T09:14:36.440+0000] {logging_mixin.py:188} INFO - Uploaded /tmp/minio_downloads/1766652790.json to Snowflake stage
[2025-12-25T09:14:36.745+0000] {logging_mixin.py:188} INFO - Uploaded /tmp/minio_downloads/1766652803.json to Snowflake stage
[2025-12-25T09:14:37.035+0000] {logging_mixin.py:188} INFO - Uploaded /tmp/minio_downloads/1766652815.json to Snowflake stage
[2025-12-25T09:14:37.304+0000] {logging_mixin.py:188} INFO - Uploaded /tmp/minio_downloads/1766652827.json to Snowflake stage
[2025-12-25T09:14:37.589+0000] {logging_mixin.py:188} INFO - Uploaded /tmp/minio_downloads/1766652841.json to Snowflake stage
[2025-12-25T09:14:37.859+0000] {logging_mixin.py:188} INFO - Uploaded /tmp/minio_downloads/1766652854.json to Snowflake stage
[2025-12-25T09:14:38.140+0000] {logging_mixin.py:188} INFO - Uploaded /tmp/minio_downloads/1766652866.json to Snowflake stage
[2025-12-25T09:14:38.429+0000] {logging_mixin.py:188} INFO - Uploaded /tmp/minio_downloads/1766652878.json to Snowflake stage
[2025-12-25T09:14:38.708+0000] {logging_mixin.py:188} INFO - Uploaded /tmp/minio_downloads/1766652889.json to Snowflake stage
[2025-12-25T09:14:38.983+0000] {logging_mixin.py:188} INFO - Uploaded /tmp/minio_downloads/1766652902.json to Snowflake stage
[2025-12-25T09:14:39.292+0000] {logging_mixin.py:188} INFO - Uploaded /tmp/minio_downloads/1766652919.json to Snowflake stage
[2025-12-25T09:14:39.610+0000] {logging_mixin.py:188} INFO - Uploaded /tmp/minio_downloads/1766652930.json to Snowflake stage
[2025-12-25T09:14:39.889+0000] {logging_mixin.py:188} INFO - Uploaded /tmp/minio_downloads/1766652944.json to Snowflake stage
[2025-12-25T09:14:40.171+0000] {logging_mixin.py:188} INFO - Uploaded /tmp/minio_downloads/1766652958.json to Snowflake stage
[2025-12-25T09:14:40.460+0000] {logging_mixin.py:188} INFO - Uploaded /tmp/minio_downloads/1766652969.json to Snowflake stage
[2025-12-25T09:14:40.758+0000] {logging_mixin.py:188} INFO - Uploaded /tmp/minio_downloads/1766652980.json to Snowflake stage
[2025-12-25T09:14:41.059+0000] {logging_mixin.py:188} INFO - Uploaded /tmp/minio_downloads/1766652994.json to Snowflake stage
[2025-12-25T09:14:41.380+0000] {logging_mixin.py:188} INFO - Uploaded /tmp/minio_downloads/1766653006.json to Snowflake stage
[2025-12-25T09:14:41.651+0000] {logging_mixin.py:188} INFO - Uploaded /tmp/minio_downloads/1766653020.json to Snowflake stage
[2025-12-25T09:14:41.924+0000] {logging_mixin.py:188} INFO - Uploaded /tmp/minio_downloads/1766653032.json to Snowflake stage
[2025-12-25T09:14:42.244+0000] {logging_mixin.py:188} INFO - Uploaded /tmp/minio_downloads/1766653046.json to Snowflake stage
[2025-12-25T09:14:42.552+0000] {logging_mixin.py:188} INFO - Uploaded /tmp/minio_downloads/1766653060.json to Snowflake stage
[2025-12-25T09:14:42.910+0000] {logging_mixin.py:188} INFO - Uploaded /tmp/minio_downloads/1766653073.json to Snowflake stage
[2025-12-25T09:14:44.774+0000] {logging_mixin.py:188} INFO - Uploaded /tmp/minio_downloads/1766653085.json to Snowflake stage
[2025-12-25T09:14:45.098+0000] {logging_mixin.py:188} INFO - Uploaded /tmp/minio_downloads/1766653097.json to Snowflake stage
[2025-12-25T09:14:45.399+0000] {logging_mixin.py:188} INFO - Uploaded /tmp/minio_downloads/1766653110.json to Snowflake stage
[2025-12-25T09:14:45.683+0000] {logging_mixin.py:188} INFO - Uploaded /tmp/minio_downloads/1766653125.json to Snowflake stage
[2025-12-25T09:14:45.972+0000] {logging_mixin.py:188} INFO - Uploaded /tmp/minio_downloads/1766653137.json to Snowflake stage
[2025-12-25T09:14:46.304+0000] {logging_mixin.py:188} INFO - Uploaded /tmp/minio_downloads/1766653149.json to Snowflake stage
[2025-12-25T09:14:46.672+0000] {logging_mixin.py:188} INFO - Uploaded /tmp/minio_downloads/1766653161.json to Snowflake stage
[2025-12-25T09:14:46.966+0000] {logging_mixin.py:188} INFO - Uploaded /tmp/minio_downloads/1766653177.json to Snowflake stage
[2025-12-25T09:14:47.314+0000] {logging_mixin.py:188} INFO - Uploaded /tmp/minio_downloads/1766653191.json to Snowflake stage
[2025-12-25T09:14:47.762+0000] {logging_mixin.py:188} INFO - Uploaded /tmp/minio_downloads/1766653206.json to Snowflake stage
[2025-12-25T09:14:48.277+0000] {logging_mixin.py:188} INFO - Uploaded /tmp/minio_downloads/1766653218.json to Snowflake stage
[2025-12-25T09:14:48.712+0000] {logging_mixin.py:188} INFO - Uploaded /tmp/minio_downloads/1766653231.json to Snowflake stage
[2025-12-25T09:14:49.078+0000] {logging_mixin.py:188} INFO - Uploaded /tmp/minio_downloads/1766651915.json to Snowflake stage
[2025-12-25T09:14:49.433+0000] {logging_mixin.py:188} INFO - Uploaded /tmp/minio_downloads/1766651927.json to Snowflake stage
[2025-12-25T09:14:49.734+0000] {logging_mixin.py:188} INFO - Uploaded /tmp/minio_downloads/1766651939.json to Snowflake stage
[2025-12-25T09:14:50.038+0000] {logging_mixin.py:188} INFO - Uploaded /tmp/minio_downloads/1766651951.json to Snowflake stage
[2025-12-25T09:14:50.557+0000] {logging_mixin.py:188} INFO - Uploaded /tmp/minio_downloads/1766651963.json to Snowflake stage
[2025-12-25T09:14:50.888+0000] {logging_mixin.py:188} INFO - Uploaded /tmp/minio_downloads/1766651977.json to Snowflake stage
[2025-12-25T09:14:51.229+0000] {logging_mixin.py:188} INFO - Uploaded /tmp/minio_downloads/1766651988.json to Snowflake stage
[2025-12-25T09:14:51.564+0000] {logging_mixin.py:188} INFO - Uploaded /tmp/minio_downloads/1766652000.json to Snowflake stage
[2025-12-25T09:14:51.897+0000] {logging_mixin.py:188} INFO - Uploaded /tmp/minio_downloads/1766652012.json to Snowflake stage
[2025-12-25T09:14:52.238+0000] {logging_mixin.py:188} INFO - Uploaded /tmp/minio_downloads/1766652024.json to Snowflake stage
[2025-12-25T09:14:52.567+0000] {logging_mixin.py:188} INFO - Uploaded /tmp/minio_downloads/1766652035.json to Snowflake stage
[2025-12-25T09:14:52.853+0000] {logging_mixin.py:188} INFO - Uploaded /tmp/minio_downloads/1766652047.json to Snowflake stage
[2025-12-25T09:14:53.150+0000] {logging_mixin.py:188} INFO - Uploaded /tmp/minio_downloads/1766652059.json to Snowflake stage
[2025-12-25T09:14:53.440+0000] {logging_mixin.py:188} INFO - Uploaded /tmp/minio_downloads/1766652071.json to Snowflake stage
[2025-12-25T09:14:53.739+0000] {logging_mixin.py:188} INFO - Uploaded /tmp/minio_downloads/1766652083.json to Snowflake stage
[2025-12-25T09:14:54.007+0000] {logging_mixin.py:188} INFO - Uploaded /tmp/minio_downloads/1766652096.json to Snowflake stage
[2025-12-25T09:14:54.270+0000] {logging_mixin.py:188} INFO - Uploaded /tmp/minio_downloads/1766652107.json to Snowflake stage
[2025-12-25T09:14:54.536+0000] {logging_mixin.py:188} INFO - Uploaded /tmp/minio_downloads/1766652119.json to Snowflake stage
[2025-12-25T09:14:54.823+0000] {logging_mixin.py:188} INFO - Uploaded /tmp/minio_downloads/1766652131.json to Snowflake stage
[2025-12-25T09:14:55.092+0000] {logging_mixin.py:188} INFO - Uploaded /tmp/minio_downloads/1766652144.json to Snowflake stage
[2025-12-25T09:14:55.353+0000] {logging_mixin.py:188} INFO - Uploaded /tmp/minio_downloads/1766652156.json to Snowflake stage
[2025-12-25T09:14:55.624+0000] {logging_mixin.py:188} INFO - Uploaded /tmp/minio_downloads/1766652168.json to Snowflake stage
[2025-12-25T09:14:55.920+0000] {logging_mixin.py:188} INFO - Uploaded /tmp/minio_downloads/1766652180.json to Snowflake stage
[2025-12-25T09:14:56.211+0000] {logging_mixin.py:188} INFO - Uploaded /tmp/minio_downloads/1766652191.json to Snowflake stage
[2025-12-25T09:14:56.490+0000] {logging_mixin.py:188} INFO - Uploaded /tmp/minio_downloads/1766652205.json to Snowflake stage
[2025-12-25T09:14:56.778+0000] {logging_mixin.py:188} INFO - Uploaded /tmp/minio_downloads/1766652216.json to Snowflake stage
[2025-12-25T09:14:57.029+0000] {logging_mixin.py:188} INFO - Uploaded /tmp/minio_downloads/1766652228.json to Snowflake stage
[2025-12-25T09:14:57.355+0000] {logging_mixin.py:188} INFO - Uploaded /tmp/minio_downloads/1766652240.json to Snowflake stage
[2025-12-25T09:14:57.660+0000] {logging_mixin.py:188} INFO - Uploaded /tmp/minio_downloads/1766652251.json to Snowflake stage
[2025-12-25T09:14:57.979+0000] {logging_mixin.py:188} INFO - Uploaded /tmp/minio_downloads/1766652263.json to Snowflake stage
[2025-12-25T09:14:58.294+0000] {logging_mixin.py:188} INFO - Uploaded /tmp/minio_downloads/1766652276.json to Snowflake stage
[2025-12-25T09:14:58.878+0000] {logging_mixin.py:188} INFO - Uploaded /tmp/minio_downloads/1766652288.json to Snowflake stage
[2025-12-25T09:14:59.137+0000] {logging_mixin.py:188} INFO - Uploaded /tmp/minio_downloads/1766652300.json to Snowflake stage
[2025-12-25T09:14:59.471+0000] {logging_mixin.py:188} INFO - Uploaded /tmp/minio_downloads/1766652311.json to Snowflake stage
[2025-12-25T09:14:59.766+0000] {logging_mixin.py:188} INFO - Uploaded /tmp/minio_downloads/1766652323.json to Snowflake stage
[2025-12-25T09:15:00.272+0000] {logging_mixin.py:188} INFO - Uploaded /tmp/minio_downloads/1766652336.json to Snowflake stage
[2025-12-25T09:15:00.603+0000] {logging_mixin.py:188} INFO - Uploaded /tmp/minio_downloads/1766652348.json to Snowflake stage
[2025-12-25T09:15:00.901+0000] {logging_mixin.py:188} INFO - Uploaded /tmp/minio_downloads/1766652360.json to Snowflake stage
[2025-12-25T09:15:01.317+0000] {logging_mixin.py:188} INFO - Uploaded /tmp/minio_downloads/1766652372.json to Snowflake stage
[2025-12-25T09:15:01.628+0000] {logging_mixin.py:188} INFO - Uploaded /tmp/minio_downloads/1766652386.json to Snowflake stage
[2025-12-25T09:15:01.920+0000] {logging_mixin.py:188} INFO - Uploaded /tmp/minio_downloads/1766652400.json to Snowflake stage
[2025-12-25T09:15:02.208+0000] {logging_mixin.py:188} INFO - Uploaded /tmp/minio_downloads/1766652412.json to Snowflake stage
[2025-12-25T09:15:02.535+0000] {logging_mixin.py:188} INFO - Uploaded /tmp/minio_downloads/1766652425.json to Snowflake stage
[2025-12-25T09:15:02.838+0000] {logging_mixin.py:188} INFO - Uploaded /tmp/minio_downloads/1766652438.json to Snowflake stage
[2025-12-25T09:15:03.117+0000] {logging_mixin.py:188} INFO - Uploaded /tmp/minio_downloads/1766652451.json to Snowflake stage
[2025-12-25T09:15:03.402+0000] {logging_mixin.py:188} INFO - Uploaded /tmp/minio_downloads/1766652462.json to Snowflake stage
[2025-12-25T09:15:03.707+0000] {logging_mixin.py:188} INFO - Uploaded /tmp/minio_downloads/1766652476.json to Snowflake stage
[2025-12-25T09:15:04.061+0000] {logging_mixin.py:188} INFO - Uploaded /tmp/minio_downloads/1766652489.json to Snowflake stage
[2025-12-25T09:15:04.399+0000] {logging_mixin.py:188} INFO - Uploaded /tmp/minio_downloads/1766652502.json to Snowflake stage
[2025-12-25T09:15:04.711+0000] {logging_mixin.py:188} INFO - Uploaded /tmp/minio_downloads/1766652515.json to Snowflake stage
[2025-12-25T09:15:05.063+0000] {logging_mixin.py:188} INFO - Uploaded /tmp/minio_downloads/1766652529.json to Snowflake stage
[2025-12-25T09:15:05.462+0000] {logging_mixin.py:188} INFO - Uploaded /tmp/minio_downloads/1766652542.json to Snowflake stage
[2025-12-25T09:15:05.781+0000] {logging_mixin.py:188} INFO - Uploaded /tmp/minio_downloads/1766652556.json to Snowflake stage
[2025-12-25T09:15:06.115+0000] {logging_mixin.py:188} INFO - Uploaded /tmp/minio_downloads/1766652569.json to Snowflake stage
[2025-12-25T09:15:06.522+0000] {logging_mixin.py:188} INFO - Uploaded /tmp/minio_downloads/1766652582.json to Snowflake stage
[2025-12-25T09:15:07.159+0000] {logging_mixin.py:188} INFO - Uploaded /tmp/minio_downloads/1766652596.json to Snowflake stage
[2025-12-25T09:15:08.024+0000] {logging_mixin.py:188} INFO - Uploaded /tmp/minio_downloads/1766652610.json to Snowflake stage
[2025-12-25T09:15:08.365+0000] {logging_mixin.py:188} INFO - Uploaded /tmp/minio_downloads/1766652623.json to Snowflake stage
[2025-12-25T09:15:09.161+0000] {logging_mixin.py:188} INFO - Uploaded /tmp/minio_downloads/1766652640.json to Snowflake stage
[2025-12-25T09:15:09.417+0000] {logging_mixin.py:188} INFO - Uploaded /tmp/minio_downloads/1766652651.json to Snowflake stage
[2025-12-25T09:15:10.065+0000] {logging_mixin.py:188} INFO - Uploaded /tmp/minio_downloads/1766652664.json to Snowflake stage
[2025-12-25T09:15:10.893+0000] {logging_mixin.py:188} INFO - Uploaded /tmp/minio_downloads/1766652676.json to Snowflake stage
[2025-12-25T09:15:11.250+0000] {logging_mixin.py:188} INFO - Uploaded /tmp/minio_downloads/1766652689.json to Snowflake stage
[2025-12-25T09:15:11.623+0000] {logging_mixin.py:188} INFO - Uploaded /tmp/minio_downloads/1766652702.json to Snowflake stage
[2025-12-25T09:15:11.881+0000] {logging_mixin.py:188} INFO - Uploaded /tmp/minio_downloads/1766652714.json to Snowflake stage
[2025-12-25T09:15:12.304+0000] {logging_mixin.py:188} INFO - Uploaded /tmp/minio_downloads/1766652726.json to Snowflake stage
[2025-12-25T09:15:13.304+0000] {logging_mixin.py:188} INFO - Uploaded /tmp/minio_downloads/1766652738.json to Snowflake stage
[2025-12-25T09:15:14.386+0000] {logging_mixin.py:188} INFO - Uploaded /tmp/minio_downloads/1766652751.json to Snowflake stage
[2025-12-25T09:15:14.837+0000] {logging_mixin.py:188} INFO - Uploaded /tmp/minio_downloads/1766652763.json to Snowflake stage
[2025-12-25T09:15:15.188+0000] {logging_mixin.py:188} INFO - Uploaded /tmp/minio_downloads/1766652775.json to Snowflake stage
[2025-12-25T09:15:15.527+0000] {logging_mixin.py:188} INFO - Uploaded /tmp/minio_downloads/1766652789.json to Snowflake stage
[2025-12-25T09:15:15.796+0000] {logging_mixin.py:188} INFO - Uploaded /tmp/minio_downloads/1766652802.json to Snowflake stage
[2025-12-25T09:15:16.085+0000] {logging_mixin.py:188} INFO - Uploaded /tmp/minio_downloads/1766652814.json to Snowflake stage
[2025-12-25T09:15:17.057+0000] {logging_mixin.py:188} INFO - Uploaded /tmp/minio_downloads/1766652826.json to Snowflake stage
[2025-12-25T09:15:17.678+0000] {logging_mixin.py:188} INFO - Uploaded /tmp/minio_downloads/1766652839.json to Snowflake stage
[2025-12-25T09:15:18.057+0000] {logging_mixin.py:188} INFO - Uploaded /tmp/minio_downloads/1766652853.json to Snowflake stage
[2025-12-25T09:15:18.741+0000] {logging_mixin.py:188} INFO - Uploaded /tmp/minio_downloads/1766652865.json to Snowflake stage
[2025-12-25T09:15:19.076+0000] {logging_mixin.py:188} INFO - Uploaded /tmp/minio_downloads/1766652877.json to Snowflake stage
[2025-12-25T09:15:19.347+0000] {logging_mixin.py:188} INFO - Uploaded /tmp/minio_downloads/1766652888.json to Snowflake stage
[2025-12-25T09:15:19.954+0000] {logging_mixin.py:188} INFO - Uploaded /tmp/minio_downloads/1766652901.json to Snowflake stage
[2025-12-25T09:15:20.568+0000] {logging_mixin.py:188} INFO - Uploaded /tmp/minio_downloads/1766652918.json to Snowflake stage
[2025-12-25T09:15:21.081+0000] {logging_mixin.py:188} INFO - Uploaded /tmp/minio_downloads/1766652929.json to Snowflake stage
[2025-12-25T09:15:21.421+0000] {logging_mixin.py:188} INFO - Uploaded /tmp/minio_downloads/1766652942.json to Snowflake stage
[2025-12-25T09:15:21.803+0000] {logging_mixin.py:188} INFO - Uploaded /tmp/minio_downloads/1766652956.json to Snowflake stage
[2025-12-25T09:15:22.946+0000] {logging_mixin.py:188} INFO - Uploaded /tmp/minio_downloads/1766652968.json to Snowflake stage
[2025-12-25T09:15:28.419+0000] {logging_mixin.py:188} INFO - Uploaded /tmp/minio_downloads/1766652979.json to Snowflake stage
[2025-12-25T09:15:28.749+0000] {logging_mixin.py:188} INFO - Uploaded /tmp/minio_downloads/1766652992.json to Snowflake stage
[2025-12-25T09:15:29.051+0000] {logging_mixin.py:188} INFO - Uploaded /tmp/minio_downloads/1766653005.json to Snowflake stage
[2025-12-25T09:15:29.340+0000] {logging_mixin.py:188} INFO - Uploaded /tmp/minio_downloads/1766653018.json to Snowflake stage
[2025-12-25T09:15:29.973+0000] {logging_mixin.py:188} INFO - Uploaded /tmp/minio_downloads/1766653031.json to Snowflake stage
[2025-12-25T09:15:30.303+0000] {logging_mixin.py:188} INFO - Uploaded /tmp/minio_downloads/1766653045.json to Snowflake stage
[2025-12-25T09:15:30.594+0000] {logging_mixin.py:188} INFO - Uploaded /tmp/minio_downloads/1766653058.json to Snowflake stage
[2025-12-25T09:15:30.880+0000] {logging_mixin.py:188} INFO - Uploaded /tmp/minio_downloads/1766653071.json to Snowflake stage
[2025-12-25T09:15:31.167+0000] {logging_mixin.py:188} INFO - Uploaded /tmp/minio_downloads/1766653084.json to Snowflake stage
[2025-12-25T09:15:31.438+0000] {logging_mixin.py:188} INFO - Uploaded /tmp/minio_downloads/1766653096.json to Snowflake stage
[2025-12-25T09:15:31.720+0000] {logging_mixin.py:188} INFO - Uploaded /tmp/minio_downloads/1766653108.json to Snowflake stage
[2025-12-25T09:15:32.009+0000] {logging_mixin.py:188} INFO - Uploaded /tmp/minio_downloads/1766653123.json to Snowflake stage
[2025-12-25T09:15:32.292+0000] {logging_mixin.py:188} INFO - Uploaded /tmp/minio_downloads/1766653136.json to Snowflake stage
[2025-12-25T09:15:32.570+0000] {logging_mixin.py:188} INFO - Uploaded /tmp/minio_downloads/1766653148.json to Snowflake stage
[2025-12-25T09:15:32.848+0000] {logging_mixin.py:188} INFO - Uploaded /tmp/minio_downloads/1766653160.json to Snowflake stage
[2025-12-25T09:15:33.147+0000] {logging_mixin.py:188} INFO - Uploaded /tmp/minio_downloads/1766653175.json to Snowflake stage
[2025-12-25T09:15:33.486+0000] {logging_mixin.py:188} INFO - Uploaded /tmp/minio_downloads/1766653190.json to Snowflake stage
[2025-12-25T09:15:34.195+0000] {logging_mixin.py:188} INFO - Uploaded /tmp/minio_downloads/1766653205.json to Snowflake stage
[2025-12-25T09:15:34.614+0000] {logging_mixin.py:188} INFO - Uploaded /tmp/minio_downloads/1766653217.json to Snowflake stage
[2025-12-25T09:15:35.045+0000] {logging_mixin.py:188} INFO - Uploaded /tmp/minio_downloads/1766653229.json to Snowflake stage
[2025-12-25T09:15:35.377+0000] {logging_mixin.py:188} INFO - Uploaded /tmp/minio_downloads/1766651913.json to Snowflake stage
[2025-12-25T09:15:35.718+0000] {logging_mixin.py:188} INFO - Uploaded /tmp/minio_downloads/1766651924.json to Snowflake stage
[2025-12-25T09:15:36.034+0000] {logging_mixin.py:188} INFO - Uploaded /tmp/minio_downloads/1766651937.json to Snowflake stage
[2025-12-25T09:15:36.371+0000] {logging_mixin.py:188} INFO - Uploaded /tmp/minio_downloads/1766651948.json to Snowflake stage
[2025-12-25T09:15:36.720+0000] {logging_mixin.py:188} INFO - Uploaded /tmp/minio_downloads/1766651960.json to Snowflake stage
[2025-12-25T09:15:37.066+0000] {logging_mixin.py:188} INFO - Uploaded /tmp/minio_downloads/1766651973.json to Snowflake stage
[2025-12-25T09:15:37.409+0000] {logging_mixin.py:188} INFO - Uploaded /tmp/minio_downloads/1766651986.json to Snowflake stage
[2025-12-25T09:15:37.787+0000] {logging_mixin.py:188} INFO - Uploaded /tmp/minio_downloads/1766651998.json to Snowflake stage
[2025-12-25T09:15:38.507+0000] {logging_mixin.py:188} INFO - Uploaded /tmp/minio_downloads/1766652009.json to Snowflake stage
[2025-12-25T09:15:38.863+0000] {logging_mixin.py:188} INFO - Uploaded /tmp/minio_downloads/1766652021.json to Snowflake stage
[2025-12-25T09:15:39.124+0000] {logging_mixin.py:188} INFO - Uploaded /tmp/minio_downloads/1766652033.json to Snowflake stage
[2025-12-25T09:15:39.429+0000] {logging_mixin.py:188} INFO - Uploaded /tmp/minio_downloads/1766652045.json to Snowflake stage
[2025-12-25T09:15:39.811+0000] {logging_mixin.py:188} INFO - Uploaded /tmp/minio_downloads/1766652057.json to Snowflake stage
[2025-12-25T09:15:40.070+0000] {logging_mixin.py:188} INFO - Uploaded /tmp/minio_downloads/1766652069.json to Snowflake stage
[2025-12-25T09:15:40.354+0000] {logging_mixin.py:188} INFO - Uploaded /tmp/minio_downloads/1766652080.json to Snowflake stage
[2025-12-25T09:15:40.615+0000] {logging_mixin.py:188} INFO - Uploaded /tmp/minio_downloads/1766652092.json to Snowflake stage
[2025-12-25T09:15:40.889+0000] {logging_mixin.py:188} INFO - Uploaded /tmp/minio_downloads/1766652105.json to Snowflake stage
[2025-12-25T09:15:41.189+0000] {logging_mixin.py:188} INFO - Uploaded /tmp/minio_downloads/1766652117.json to Snowflake stage
[2025-12-25T09:15:41.460+0000] {logging_mixin.py:188} INFO - Uploaded /tmp/minio_downloads/1766652129.json to Snowflake stage
[2025-12-25T09:15:42.202+0000] {logging_mixin.py:188} INFO - Uploaded /tmp/minio_downloads/1766652141.json to Snowflake stage
[2025-12-25T09:15:42.464+0000] {logging_mixin.py:188} INFO - Uploaded /tmp/minio_downloads/1766652154.json to Snowflake stage
[2025-12-25T09:15:42.726+0000] {logging_mixin.py:188} INFO - Uploaded /tmp/minio_downloads/1766652166.json to Snowflake stage
[2025-12-25T09:15:42.991+0000] {logging_mixin.py:188} INFO - Uploaded /tmp/minio_downloads/1766652177.json to Snowflake stage
[2025-12-25T09:15:43.251+0000] {logging_mixin.py:188} INFO - Uploaded /tmp/minio_downloads/1766652189.json to Snowflake stage
[2025-12-25T09:15:43.520+0000] {logging_mixin.py:188} INFO - Uploaded /tmp/minio_downloads/1766652202.json to Snowflake stage
[2025-12-25T09:15:43.961+0000] {logging_mixin.py:188} INFO - Uploaded /tmp/minio_downloads/1766652214.json to Snowflake stage
[2025-12-25T09:15:44.252+0000] {logging_mixin.py:188} INFO - Uploaded /tmp/minio_downloads/1766652225.json to Snowflake stage
[2025-12-25T09:15:44.519+0000] {logging_mixin.py:188} INFO - Uploaded /tmp/minio_downloads/1766652238.json to Snowflake stage
[2025-12-25T09:15:44.799+0000] {logging_mixin.py:188} INFO - Uploaded /tmp/minio_downloads/1766652249.json to Snowflake stage
[2025-12-25T09:15:45.081+0000] {logging_mixin.py:188} INFO - Uploaded /tmp/minio_downloads/1766652261.json to Snowflake stage
[2025-12-25T09:15:45.460+0000] {logging_mixin.py:188} INFO - Uploaded /tmp/minio_downloads/1766652274.json to Snowflake stage
[2025-12-25T09:15:45.899+0000] {logging_mixin.py:188} INFO - Uploaded /tmp/minio_downloads/1766652286.json to Snowflake stage
[2025-12-25T09:15:46.223+0000] {logging_mixin.py:188} INFO - Uploaded /tmp/minio_downloads/1766652297.json to Snowflake stage
[2025-12-25T09:15:46.496+0000] {logging_mixin.py:188} INFO - Uploaded /tmp/minio_downloads/1766652309.json to Snowflake stage
[2025-12-25T09:15:46.792+0000] {logging_mixin.py:188} INFO - Uploaded /tmp/minio_downloads/1766652320.json to Snowflake stage
[2025-12-25T09:15:47.160+0000] {logging_mixin.py:188} INFO - Uploaded /tmp/minio_downloads/1766652334.json to Snowflake stage
[2025-12-25T09:15:47.454+0000] {logging_mixin.py:188} INFO - Uploaded /tmp/minio_downloads/1766652346.json to Snowflake stage
[2025-12-25T09:15:47.730+0000] {logging_mixin.py:188} INFO - Uploaded /tmp/minio_downloads/1766652357.json to Snowflake stage
[2025-12-25T09:15:48.010+0000] {logging_mixin.py:188} INFO - Uploaded /tmp/minio_downloads/1766652370.json to Snowflake stage
[2025-12-25T09:15:48.341+0000] {logging_mixin.py:188} INFO - Uploaded /tmp/minio_downloads/1766652383.json to Snowflake stage
[2025-12-25T09:15:48.608+0000] {logging_mixin.py:188} INFO - Uploaded /tmp/minio_downloads/1766652398.json to Snowflake stage
[2025-12-25T09:15:48.863+0000] {logging_mixin.py:188} INFO - Uploaded /tmp/minio_downloads/1766652410.json to Snowflake stage
[2025-12-25T09:15:49.127+0000] {logging_mixin.py:188} INFO - Uploaded /tmp/minio_downloads/1766652422.json to Snowflake stage
[2025-12-25T09:15:49.419+0000] {logging_mixin.py:188} INFO - Uploaded /tmp/minio_downloads/1766652435.json to Snowflake stage
[2025-12-25T09:15:49.680+0000] {logging_mixin.py:188} INFO - Uploaded /tmp/minio_downloads/1766652448.json to Snowflake stage
[2025-12-25T09:15:49.953+0000] {logging_mixin.py:188} INFO - Uploaded /tmp/minio_downloads/1766652460.json to Snowflake stage
[2025-12-25T09:15:50.254+0000] {logging_mixin.py:188} INFO - Uploaded /tmp/minio_downloads/1766652473.json to Snowflake stage
[2025-12-25T09:15:50.863+0000] {logging_mixin.py:188} INFO - Uploaded /tmp/minio_downloads/1766652486.json to Snowflake stage
[2025-12-25T09:15:51.271+0000] {logging_mixin.py:188} INFO - Uploaded /tmp/minio_downloads/1766652500.json to Snowflake stage
[2025-12-25T09:15:51.556+0000] {logging_mixin.py:188} INFO - Uploaded /tmp/minio_downloads/1766652512.json to Snowflake stage
[2025-12-25T09:15:51.838+0000] {logging_mixin.py:188} INFO - Uploaded /tmp/minio_downloads/1766652526.json to Snowflake stage
[2025-12-25T09:15:52.136+0000] {logging_mixin.py:188} INFO - Uploaded /tmp/minio_downloads/1766652539.json to Snowflake stage
[2025-12-25T09:15:52.419+0000] {logging_mixin.py:188} INFO - Uploaded /tmp/minio_downloads/1766652553.json to Snowflake stage
[2025-12-25T09:15:52.704+0000] {logging_mixin.py:188} INFO - Uploaded /tmp/minio_downloads/1766652567.json to Snowflake stage
[2025-12-25T09:15:52.978+0000] {logging_mixin.py:188} INFO - Uploaded /tmp/minio_downloads/1766652579.json to Snowflake stage
[2025-12-25T09:15:53.310+0000] {logging_mixin.py:188} INFO - Uploaded /tmp/minio_downloads/1766652594.json to Snowflake stage
[2025-12-25T09:15:53.600+0000] {logging_mixin.py:188} INFO - Uploaded /tmp/minio_downloads/1766652606.json to Snowflake stage
[2025-12-25T09:15:53.906+0000] {logging_mixin.py:188} INFO - Uploaded /tmp/minio_downloads/1766652620.json to Snowflake stage
[2025-12-25T09:15:54.244+0000] {logging_mixin.py:188} INFO - Uploaded /tmp/minio_downloads/1766652634.json to Snowflake stage
[2025-12-25T09:15:54.562+0000] {logging_mixin.py:188} INFO - Uploaded /tmp/minio_downloads/1766652649.json to Snowflake stage
[2025-12-25T09:15:54.857+0000] {logging_mixin.py:188} INFO - Uploaded /tmp/minio_downloads/1766652661.json to Snowflake stage
[2025-12-25T09:15:55.192+0000] {logging_mixin.py:188} INFO - Uploaded /tmp/minio_downloads/1766652673.json to Snowflake stage
[2025-12-25T09:15:55.527+0000] {logging_mixin.py:188} INFO - Uploaded /tmp/minio_downloads/1766652686.json to Snowflake stage
[2025-12-25T09:15:56.180+0000] {logging_mixin.py:188} INFO - Uploaded /tmp/minio_downloads/1766652699.json to Snowflake stage
[2025-12-25T09:15:56.505+0000] {logging_mixin.py:188} INFO - Uploaded /tmp/minio_downloads/1766652712.json to Snowflake stage
[2025-12-25T09:15:56.833+0000] {logging_mixin.py:188} INFO - Uploaded /tmp/minio_downloads/1766652724.json to Snowflake stage
[2025-12-25T09:15:57.175+0000] {logging_mixin.py:188} INFO - Uploaded /tmp/minio_downloads/1766652735.json to Snowflake stage
[2025-12-25T09:15:57.524+0000] {logging_mixin.py:188} INFO - Uploaded /tmp/minio_downloads/1766652748.json to Snowflake stage
[2025-12-25T09:15:57.894+0000] {logging_mixin.py:188} INFO - Uploaded /tmp/minio_downloads/1766652760.json to Snowflake stage
[2025-12-25T09:15:58.424+0000] {logging_mixin.py:188} INFO - Uploaded /tmp/minio_downloads/1766652773.json to Snowflake stage
[2025-12-25T09:15:58.741+0000] {logging_mixin.py:188} INFO - Uploaded /tmp/minio_downloads/1766652786.json to Snowflake stage
[2025-12-25T09:15:59.009+0000] {logging_mixin.py:188} INFO - Uploaded /tmp/minio_downloads/1766652799.json to Snowflake stage
[2025-12-25T09:15:59.292+0000] {logging_mixin.py:188} INFO - Uploaded /tmp/minio_downloads/1766652812.json to Snowflake stage
[2025-12-25T09:15:59.586+0000] {logging_mixin.py:188} INFO - Uploaded /tmp/minio_downloads/1766652824.json to Snowflake stage
[2025-12-25T09:16:18.036+0000] {logging_mixin.py:188} INFO - Uploaded /tmp/minio_downloads/1766652836.json to Snowflake stage
[2025-12-25T09:16:18.489+0000] {logging_mixin.py:188} INFO - Uploaded /tmp/minio_downloads/1766652850.json to Snowflake stage
[2025-12-25T09:16:18.843+0000] {logging_mixin.py:188} INFO - Uploaded /tmp/minio_downloads/1766652863.json to Snowflake stage
[2025-12-25T09:16:19.246+0000] {logging_mixin.py:188} INFO - Uploaded /tmp/minio_downloads/1766652874.json to Snowflake stage
[2025-12-25T09:16:19.548+0000] {logging_mixin.py:188} INFO - Uploaded /tmp/minio_downloads/1766652886.json to Snowflake stage
[2025-12-25T09:16:19.905+0000] {logging_mixin.py:188} INFO - Uploaded /tmp/minio_downloads/1766652898.json to Snowflake stage
[2025-12-25T09:16:20.403+0000] {logging_mixin.py:188} INFO - Uploaded /tmp/minio_downloads/1766652915.json to Snowflake stage
[2025-12-25T09:16:20.708+0000] {logging_mixin.py:188} INFO - Uploaded /tmp/minio_downloads/1766652927.json to Snowflake stage
[2025-12-25T09:16:21.052+0000] {logging_mixin.py:188} INFO - Uploaded /tmp/minio_downloads/1766652939.json to Snowflake stage
[2025-12-25T09:16:21.515+0000] {logging_mixin.py:188} INFO - Uploaded /tmp/minio_downloads/1766652952.json to Snowflake stage
[2025-12-25T09:16:21.844+0000] {logging_mixin.py:188} INFO - Uploaded /tmp/minio_downloads/1766652966.json to Snowflake stage
[2025-12-25T09:16:22.154+0000] {logging_mixin.py:188} INFO - Uploaded /tmp/minio_downloads/1766652977.json to Snowflake stage
[2025-12-25T09:16:22.487+0000] {logging_mixin.py:188} INFO - Uploaded /tmp/minio_downloads/1766652989.json to Snowflake stage
[2025-12-25T09:16:22.803+0000] {logging_mixin.py:188} INFO - Uploaded /tmp/minio_downloads/1766653002.json to Snowflake stage
[2025-12-25T09:16:23.112+0000] {logging_mixin.py:188} INFO - Uploaded /tmp/minio_downloads/1766653016.json to Snowflake stage
[2025-12-25T09:16:23.402+0000] {logging_mixin.py:188} INFO - Uploaded /tmp/minio_downloads/1766653028.json to Snowflake stage
[2025-12-25T09:16:24.559+0000] {logging_mixin.py:188} INFO - Uploaded /tmp/minio_downloads/1766653042.json to Snowflake stage
[2025-12-25T09:16:24.863+0000] {logging_mixin.py:188} INFO - Uploaded /tmp/minio_downloads/1766653055.json to Snowflake stage
[2025-12-25T09:16:25.154+0000] {logging_mixin.py:188} INFO - Uploaded /tmp/minio_downloads/1766653068.json to Snowflake stage
[2025-12-25T09:16:25.467+0000] {logging_mixin.py:188} INFO - Uploaded /tmp/minio_downloads/1766653081.json to Snowflake stage
[2025-12-25T09:16:25.756+0000] {logging_mixin.py:188} INFO - Uploaded /tmp/minio_downloads/1766653093.json to Snowflake stage
[2025-12-25T09:16:26.042+0000] {logging_mixin.py:188} INFO - Uploaded /tmp/minio_downloads/1766653105.json to Snowflake stage
[2025-12-25T09:16:26.413+0000] {logging_mixin.py:188} INFO - Uploaded /tmp/minio_downloads/1766653118.json to Snowflake stage
[2025-12-25T09:16:26.709+0000] {logging_mixin.py:188} INFO - Uploaded /tmp/minio_downloads/1766653133.json to Snowflake stage
[2025-12-25T09:16:27.013+0000] {logging_mixin.py:188} INFO - Uploaded /tmp/minio_downloads/1766653146.json to Snowflake stage
[2025-12-25T09:16:27.347+0000] {logging_mixin.py:188} INFO - Uploaded /tmp/minio_downloads/1766653158.json to Snowflake stage
[2025-12-25T09:16:27.649+0000] {logging_mixin.py:188} INFO - Uploaded /tmp/minio_downloads/1766653170.json to Snowflake stage
[2025-12-25T09:16:28.570+0000] {logging_mixin.py:188} INFO - Uploaded /tmp/minio_downloads/1766653187.json to Snowflake stage
[2025-12-25T09:16:29.317+0000] {logging_mixin.py:188} INFO - Uploaded /tmp/minio_downloads/1766653200.json to Snowflake stage
[2025-12-25T09:16:29.904+0000] {logging_mixin.py:188} INFO - Uploaded /tmp/minio_downloads/1766653214.json to Snowflake stage
[2025-12-25T09:16:30.417+0000] {logging_mixin.py:188} INFO - Uploaded /tmp/minio_downloads/1766653226.json to Snowflake stage
[2025-12-25T09:16:30.747+0000] {logging_mixin.py:188} INFO - Uploaded /tmp/minio_downloads/1766651914.json to Snowflake stage
[2025-12-25T09:16:31.078+0000] {logging_mixin.py:188} INFO - Uploaded /tmp/minio_downloads/1766651926.json to Snowflake stage
[2025-12-25T09:16:31.392+0000] {logging_mixin.py:188} INFO - Uploaded /tmp/minio_downloads/1766651938.json to Snowflake stage
[2025-12-25T09:16:31.777+0000] {logging_mixin.py:188} INFO - Uploaded /tmp/minio_downloads/1766651949.json to Snowflake stage
[2025-12-25T09:16:32.273+0000] {logging_mixin.py:188} INFO - Uploaded /tmp/minio_downloads/1766651961.json to Snowflake stage
[2025-12-25T09:16:32.555+0000] {logging_mixin.py:188} INFO - Uploaded /tmp/minio_downloads/1766651975.json to Snowflake stage
[2025-12-25T09:16:33.311+0000] {logging_mixin.py:188} INFO - Uploaded /tmp/minio_downloads/1766651987.json to Snowflake stage
[2025-12-25T09:16:33.634+0000] {logging_mixin.py:188} INFO - Uploaded /tmp/minio_downloads/1766651999.json to Snowflake stage
[2025-12-25T09:16:33.896+0000] {logging_mixin.py:188} INFO - Uploaded /tmp/minio_downloads/1766652011.json to Snowflake stage
[2025-12-25T09:16:34.177+0000] {logging_mixin.py:188} INFO - Uploaded /tmp/minio_downloads/1766652022.json to Snowflake stage
[2025-12-25T09:16:34.434+0000] {logging_mixin.py:188} INFO - Uploaded /tmp/minio_downloads/1766652034.json to Snowflake stage
[2025-12-25T09:16:34.735+0000] {logging_mixin.py:188} INFO - Uploaded /tmp/minio_downloads/1766652046.json to Snowflake stage
[2025-12-25T09:16:35.060+0000] {logging_mixin.py:188} INFO - Uploaded /tmp/minio_downloads/1766652058.json to Snowflake stage
[2025-12-25T09:16:35.321+0000] {logging_mixin.py:188} INFO - Uploaded /tmp/minio_downloads/1766652070.json to Snowflake stage
[2025-12-25T09:16:35.597+0000] {logging_mixin.py:188} INFO - Uploaded /tmp/minio_downloads/1766652081.json to Snowflake stage
[2025-12-25T09:16:35.853+0000] {logging_mixin.py:188} INFO - Uploaded /tmp/minio_downloads/1766652094.json to Snowflake stage
[2025-12-25T09:16:36.111+0000] {logging_mixin.py:188} INFO - Uploaded /tmp/minio_downloads/1766652106.json to Snowflake stage
[2025-12-25T09:16:36.378+0000] {logging_mixin.py:188} INFO - Uploaded /tmp/minio_downloads/1766652118.json to Snowflake stage
[2025-12-25T09:16:36.649+0000] {logging_mixin.py:188} INFO - Uploaded /tmp/minio_downloads/1766652130.json to Snowflake stage
[2025-12-25T09:16:36.913+0000] {logging_mixin.py:188} INFO - Uploaded /tmp/minio_downloads/1766652142.json to Snowflake stage
[2025-12-25T09:16:37.170+0000] {logging_mixin.py:188} INFO - Uploaded /tmp/minio_downloads/1766652155.json to Snowflake stage
[2025-12-25T09:16:37.457+0000] {logging_mixin.py:188} INFO - Uploaded /tmp/minio_downloads/1766652167.json to Snowflake stage
[2025-12-25T09:16:38.461+0000] {logging_mixin.py:188} INFO - Uploaded /tmp/minio_downloads/1766652178.json to Snowflake stage
[2025-12-25T09:16:38.735+0000] {logging_mixin.py:188} INFO - Uploaded /tmp/minio_downloads/1766652190.json to Snowflake stage
[2025-12-25T09:16:39.025+0000] {logging_mixin.py:188} INFO - Uploaded /tmp/minio_downloads/1766652204.json to Snowflake stage
[2025-12-25T09:16:39.282+0000] {logging_mixin.py:188} INFO - Uploaded /tmp/minio_downloads/1766652215.json to Snowflake stage
[2025-12-25T09:16:39.561+0000] {logging_mixin.py:188} INFO - Uploaded /tmp/minio_downloads/1766652227.json to Snowflake stage
[2025-12-25T09:16:39.815+0000] {logging_mixin.py:188} INFO - Uploaded /tmp/minio_downloads/1766652239.json to Snowflake stage
[2025-12-25T09:16:40.125+0000] {logging_mixin.py:188} INFO - Uploaded /tmp/minio_downloads/1766652250.json to Snowflake stage
[2025-12-25T09:16:40.427+0000] {logging_mixin.py:188} INFO - Uploaded /tmp/minio_downloads/1766652262.json to Snowflake stage
[2025-12-25T09:16:40.688+0000] {logging_mixin.py:188} INFO - Uploaded /tmp/minio_downloads/1766652275.json to Snowflake stage
[2025-12-25T09:16:40.943+0000] {logging_mixin.py:188} INFO - Uploaded /tmp/minio_downloads/1766652287.json to Snowflake stage
[2025-12-25T09:16:41.200+0000] {logging_mixin.py:188} INFO - Uploaded /tmp/minio_downloads/1766652298.json to Snowflake stage
[2025-12-25T09:16:41.536+0000] {logging_mixin.py:188} INFO - Uploaded /tmp/minio_downloads/1766652310.json to Snowflake stage
[2025-12-25T09:16:41.833+0000] {logging_mixin.py:188} INFO - Uploaded /tmp/minio_downloads/1766652322.json to Snowflake stage
[2025-12-25T09:16:42.096+0000] {logging_mixin.py:188} INFO - Uploaded /tmp/minio_downloads/1766652335.json to Snowflake stage
[2025-12-25T09:16:42.364+0000] {logging_mixin.py:188} INFO - Uploaded /tmp/minio_downloads/1766652347.json to Snowflake stage
[2025-12-25T09:16:42.889+0000] {logging_mixin.py:188} INFO - Uploaded /tmp/minio_downloads/1766652358.json to Snowflake stage
[2025-12-25T09:16:43.152+0000] {logging_mixin.py:188} INFO - Uploaded /tmp/minio_downloads/1766652371.json to Snowflake stage
[2025-12-25T09:16:43.418+0000] {logging_mixin.py:188} INFO - Uploaded /tmp/minio_downloads/1766652384.json to Snowflake stage
[2025-12-25T09:16:43.690+0000] {logging_mixin.py:188} INFO - Uploaded /tmp/minio_downloads/1766652399.json to Snowflake stage
[2025-12-25T09:16:43.958+0000] {logging_mixin.py:188} INFO - Uploaded /tmp/minio_downloads/1766652411.json to Snowflake stage
[2025-12-25T09:16:44.218+0000] {logging_mixin.py:188} INFO - Uploaded /tmp/minio_downloads/1766652423.json to Snowflake stage
[2025-12-25T09:16:44.513+0000] {logging_mixin.py:188} INFO - Uploaded /tmp/minio_downloads/1766652437.json to Snowflake stage
[2025-12-25T09:16:44.769+0000] {logging_mixin.py:188} INFO - Uploaded /tmp/minio_downloads/1766652450.json to Snowflake stage
[2025-12-25T09:16:45.040+0000] {logging_mixin.py:188} INFO - Uploaded /tmp/minio_downloads/1766652461.json to Snowflake stage
[2025-12-25T09:16:45.312+0000] {logging_mixin.py:188} INFO - Uploaded /tmp/minio_downloads/1766652475.json to Snowflake stage
[2025-12-25T09:16:45.594+0000] {logging_mixin.py:188} INFO - Uploaded /tmp/minio_downloads/1766652488.json to Snowflake stage
[2025-12-25T09:16:45.851+0000] {logging_mixin.py:188} INFO - Uploaded /tmp/minio_downloads/1766652501.json to Snowflake stage
[2025-12-25T09:16:46.185+0000] {logging_mixin.py:188} INFO - Uploaded /tmp/minio_downloads/1766652513.json to Snowflake stage
[2025-12-25T09:16:46.617+0000] {logging_mixin.py:188} INFO - Uploaded /tmp/minio_downloads/1766652527.json to Snowflake stage
[2025-12-25T09:16:47.126+0000] {logging_mixin.py:188} INFO - Uploaded /tmp/minio_downloads/1766652541.json to Snowflake stage
[2025-12-25T09:16:47.653+0000] {logging_mixin.py:188} INFO - Uploaded /tmp/minio_downloads/1766652554.json to Snowflake stage
[2025-12-25T09:16:48.263+0000] {logging_mixin.py:188} INFO - Uploaded /tmp/minio_downloads/1766652568.json to Snowflake stage
[2025-12-25T09:16:48.584+0000] {logging_mixin.py:188} INFO - Uploaded /tmp/minio_downloads/1766652581.json to Snowflake stage
[2025-12-25T09:16:49.059+0000] {logging_mixin.py:188} INFO - Uploaded /tmp/minio_downloads/1766652595.json to Snowflake stage
[2025-12-25T09:16:49.734+0000] {logging_mixin.py:188} INFO - Uploaded /tmp/minio_downloads/1766652608.json to Snowflake stage
[2025-12-25T09:16:50.039+0000] {logging_mixin.py:188} INFO - Uploaded /tmp/minio_downloads/1766652622.json to Snowflake stage
[2025-12-25T09:16:50.328+0000] {logging_mixin.py:188} INFO - Uploaded /tmp/minio_downloads/1766652639.json to Snowflake stage
[2025-12-25T09:16:50.660+0000] {logging_mixin.py:188} INFO - Uploaded /tmp/minio_downloads/1766652650.json to Snowflake stage
[2025-12-25T09:16:51.013+0000] {logging_mixin.py:188} INFO - Uploaded /tmp/minio_downloads/1766652663.json to Snowflake stage
[2025-12-25T09:16:51.277+0000] {logging_mixin.py:188} INFO - Uploaded /tmp/minio_downloads/1766652675.json to Snowflake stage
[2025-12-25T09:16:51.647+0000] {logging_mixin.py:188} INFO - Uploaded /tmp/minio_downloads/1766652688.json to Snowflake stage
[2025-12-25T09:16:51.910+0000] {logging_mixin.py:188} INFO - Uploaded /tmp/minio_downloads/1766652700.json to Snowflake stage
[2025-12-25T09:16:52.742+0000] {logging_mixin.py:188} INFO - Uploaded /tmp/minio_downloads/1766652713.json to Snowflake stage
[2025-12-25T09:16:53.022+0000] {logging_mixin.py:188} INFO - Uploaded /tmp/minio_downloads/1766652725.json to Snowflake stage
[2025-12-25T09:16:53.422+0000] {logging_mixin.py:188} INFO - Uploaded /tmp/minio_downloads/1766652736.json to Snowflake stage
[2025-12-25T09:16:54.964+0000] {logging_mixin.py:188} INFO - Uploaded /tmp/minio_downloads/1766652750.json to Snowflake stage
[2025-12-25T09:16:55.301+0000] {logging_mixin.py:188} INFO - Uploaded /tmp/minio_downloads/1766652762.json to Snowflake stage
[2025-12-25T09:16:55.619+0000] {logging_mixin.py:188} INFO - Uploaded /tmp/minio_downloads/1766652774.json to Snowflake stage
[2025-12-25T09:16:55.888+0000] {logging_mixin.py:188} INFO - Uploaded /tmp/minio_downloads/1766652787.json to Snowflake stage
[2025-12-25T09:16:56.318+0000] {logging_mixin.py:188} INFO - Uploaded /tmp/minio_downloads/1766652800.json to Snowflake stage
[2025-12-25T09:16:56.601+0000] {logging_mixin.py:188} INFO - Uploaded /tmp/minio_downloads/1766652813.json to Snowflake stage
[2025-12-25T09:16:56.895+0000] {logging_mixin.py:188} INFO - Uploaded /tmp/minio_downloads/1766652825.json to Snowflake stage
[2025-12-25T09:16:57.176+0000] {logging_mixin.py:188} INFO - Uploaded /tmp/minio_downloads/1766652837.json to Snowflake stage
[2025-12-25T09:16:57.437+0000] {logging_mixin.py:188} INFO - Uploaded /tmp/minio_downloads/1766652852.json to Snowflake stage
[2025-12-25T09:16:57.836+0000] {logging_mixin.py:188} INFO - Uploaded /tmp/minio_downloads/1766652864.json to Snowflake stage
[2025-12-25T09:16:58.206+0000] {logging_mixin.py:188} INFO - Uploaded /tmp/minio_downloads/1766652875.json to Snowflake stage
[2025-12-25T09:16:58.874+0000] {logging_mixin.py:188} INFO - Uploaded /tmp/minio_downloads/1766652887.json to Snowflake stage
[2025-12-25T09:17:00.539+0000] {logging_mixin.py:188} INFO - Uploaded /tmp/minio_downloads/1766652899.json to Snowflake stage
[2025-12-25T09:17:01.361+0000] {logging_mixin.py:188} INFO - Uploaded /tmp/minio_downloads/1766652917.json to Snowflake stage
[2025-12-25T09:17:01.692+0000] {logging_mixin.py:188} INFO - Uploaded /tmp/minio_downloads/1766652928.json to Snowflake stage
[2025-12-25T09:17:02.088+0000] {logging_mixin.py:188} INFO - Uploaded /tmp/minio_downloads/1766652941.json to Snowflake stage
[2025-12-25T09:17:02.526+0000] {logging_mixin.py:188} INFO - Uploaded /tmp/minio_downloads/1766652954.json to Snowflake stage
[2025-12-25T09:17:03.893+0000] {logging_mixin.py:188} INFO - Uploaded /tmp/minio_downloads/1766652967.json to Snowflake stage
[2025-12-25T09:17:05.026+0000] {logging_mixin.py:188} INFO - Uploaded /tmp/minio_downloads/1766652978.json to Snowflake stage
[2025-12-25T09:17:05.427+0000] {logging_mixin.py:188} INFO - Uploaded /tmp/minio_downloads/1766652990.json to Snowflake stage
[2025-12-25T09:17:05.753+0000] {logging_mixin.py:188} INFO - Uploaded /tmp/minio_downloads/1766653003.json to Snowflake stage
[2025-12-25T09:17:07.342+0000] {logging_mixin.py:188} INFO - Uploaded /tmp/minio_downloads/1766653017.json to Snowflake stage
[2025-12-25T09:17:08.060+0000] {logging_mixin.py:188} INFO - Uploaded /tmp/minio_downloads/1766653030.json to Snowflake stage
[2025-12-25T09:17:08.403+0000] {logging_mixin.py:188} INFO - Uploaded /tmp/minio_downloads/1766653043.json to Snowflake stage
[2025-12-25T09:17:08.824+0000] {logging_mixin.py:188} INFO - Uploaded /tmp/minio_downloads/1766653056.json to Snowflake stage
[2025-12-25T09:17:09.244+0000] {logging_mixin.py:188} INFO - Uploaded /tmp/minio_downloads/1766653070.json to Snowflake stage
[2025-12-25T09:17:09.699+0000] {logging_mixin.py:188} INFO - Uploaded /tmp/minio_downloads/1766653082.json to Snowflake stage
[2025-12-25T09:17:10.038+0000] {logging_mixin.py:188} INFO - Uploaded /tmp/minio_downloads/1766653094.json to Snowflake stage
[2025-12-25T09:17:10.373+0000] {logging_mixin.py:188} INFO - Uploaded /tmp/minio_downloads/1766653107.json to Snowflake stage
[2025-12-25T09:17:10.676+0000] {logging_mixin.py:188} INFO - Uploaded /tmp/minio_downloads/1766653120.json to Snowflake stage
[2025-12-25T09:17:10.987+0000] {logging_mixin.py:188} INFO - Uploaded /tmp/minio_downloads/1766653134.json to Snowflake stage
[2025-12-25T09:17:11.276+0000] {logging_mixin.py:188} INFO - Uploaded /tmp/minio_downloads/1766653147.json to Snowflake stage
[2025-12-25T09:17:11.604+0000] {logging_mixin.py:188} INFO - Uploaded /tmp/minio_downloads/1766653159.json to Snowflake stage
[2025-12-25T09:17:11.859+0000] {logging_mixin.py:188} INFO - Uploaded /tmp/minio_downloads/1766653172.json to Snowflake stage
[2025-12-25T09:17:12.158+0000] {logging_mixin.py:188} INFO - Uploaded /tmp/minio_downloads/1766653188.json to Snowflake stage
[2025-12-25T09:17:12.985+0000] {logging_mixin.py:188} INFO - Uploaded /tmp/minio_downloads/1766653203.json to Snowflake stage
[2025-12-25T09:17:13.586+0000] {logging_mixin.py:188} INFO - Uploaded /tmp/minio_downloads/1766653215.json to Snowflake stage
[2025-12-25T09:17:14.125+0000] {logging_mixin.py:188} INFO - Uploaded /tmp/minio_downloads/1766653228.json to Snowflake stage
[2025-12-25T09:17:15.061+0000] {cursor.py:1149} INFO - Number of results in first chunk: 13
[2025-12-25T09:17:15.062+0000] {logging_mixin.py:188} INFO - COPY INTO executed
[2025-12-25T09:17:15.064+0000] {connection.py:773} INFO - closed
[2025-12-25T09:17:15.198+0000] {connection.py:779} INFO - No async queries seem to be running, deleting session
[2025-12-25T09:17:15.409+0000] {python.py:237} INFO - Done. Returned value was: None
[2025-12-25T09:17:15.412+0000] {taskinstance.py:441} INFO - ::group::Post task execution logs
[2025-12-25T09:17:16.045+0000] {taskinstance.py:1206} INFO - Marking task as SUCCESS. dag_id=minio_to_snowflake, task_id=load_snowflake, run_id=scheduled__2025-12-25T08:56:00+00:00, execution_date=20251225T085600, start_date=20251225T091330, end_date=20251225T091716
[2025-12-25T09:17:19.084+0000] {local_task_job_runner.py:243} INFO - Task exited with return code 0
[2025-12-25T09:17:22.946+0000] {taskinstance.py:3503} INFO - 1 downstream tasks scheduled from follow-on schedule check
[2025-12-25T09:17:22.963+0000] {local_task_job_runner.py:222} INFO - ::endgroup::
