[2025-12-25T14:45:35.350+0000] {local_task_job_runner.py:120} INFO - ::group::Pre task execution logs
[2025-12-25T14:45:35.552+0000] {taskinstance.py:2076} INFO - Dependencies all met for dep_context=non-requeueable deps ti=<TaskInstance: minio_to_snowflake.download_minio scheduled__2025-12-25T14:44:00+00:00 [queued]>
[2025-12-25T14:45:35.565+0000] {taskinstance.py:2076} INFO - Dependencies all met for dep_context=requeueable deps ti=<TaskInstance: minio_to_snowflake.download_minio scheduled__2025-12-25T14:44:00+00:00 [queued]>
[2025-12-25T14:45:35.840+0000] {taskinstance.py:2306} INFO - Starting attempt 1 of 2
[2025-12-25T14:45:36.093+0000] {taskinstance.py:2330} INFO - Executing <Task(PythonOperator): download_minio> on 2025-12-25 14:44:00+00:00
[2025-12-25T14:45:36.175+0000] {standard_task_runner.py:90} INFO - Running: ['***', 'tasks', 'run', 'minio_to_snowflake', 'download_minio', 'scheduled__2025-12-25T14:44:00+00:00', '--job-id', '3', '--raw', '--subdir', 'DAGS_FOLDER/minio_to_snowflake.py', '--cfg-path', '/tmp/tmpz9jped3x']
[2025-12-25T14:45:36.189+0000] {logging_mixin.py:188} WARNING - /home/***/.local/lib/python3.12/site-packages/***/task/task_runner/standard_task_runner.py:62 DeprecationWarning: This process (pid=206) is multi-threaded, use of fork() may lead to deadlocks in the child.
[2025-12-25T14:45:36.191+0000] {standard_task_runner.py:91} INFO - Job 3: Subtask download_minio
[2025-12-25T14:45:36.192+0000] {standard_task_runner.py:64} INFO - Started process 220 to run task
[2025-12-25T14:45:36.960+0000] {task_command.py:426} INFO - Running <TaskInstance: minio_to_snowflake.download_minio scheduled__2025-12-25T14:44:00+00:00 [running]> on host 0da94edd9430
[2025-12-25T14:45:37.177+0000] {taskinstance.py:2648} INFO - Exporting env vars: AIRFLOW_CTX_DAG_OWNER='***' AIRFLOW_CTX_DAG_ID='minio_to_snowflake' AIRFLOW_CTX_TASK_ID='download_minio' AIRFLOW_CTX_EXECUTION_DATE='2025-12-25T14:44:00+00:00' AIRFLOW_CTX_TRY_NUMBER='1' AIRFLOW_CTX_DAG_RUN_ID='scheduled__2025-12-25T14:44:00+00:00'
[2025-12-25T14:45:37.179+0000] {taskinstance.py:430} INFO - ::endgroup::
[2025-12-25T14:45:38.039+0000] {logging_mixin.py:188} INFO - Downloaded AAPL/1766673812.json -> /tmp/minio_downloads/1766673812.json
[2025-12-25T14:45:38.054+0000] {logging_mixin.py:188} INFO - Downloaded AAPL/1766673824.json -> /tmp/minio_downloads/1766673824.json
[2025-12-25T14:45:38.073+0000] {logging_mixin.py:188} INFO - Downloaded AAPL/1766673836.json -> /tmp/minio_downloads/1766673836.json
[2025-12-25T14:45:38.088+0000] {logging_mixin.py:188} INFO - Downloaded AAPL/1766673847.json -> /tmp/minio_downloads/1766673847.json
[2025-12-25T14:45:38.104+0000] {logging_mixin.py:188} INFO - Downloaded AAPL/1766673860.json -> /tmp/minio_downloads/1766673860.json
[2025-12-25T14:45:38.119+0000] {logging_mixin.py:188} INFO - Downloaded AAPL/1766673872.json -> /tmp/minio_downloads/1766673872.json
[2025-12-25T14:45:38.136+0000] {logging_mixin.py:188} INFO - Downloaded AAPL/1766673884.json -> /tmp/minio_downloads/1766673884.json
[2025-12-25T14:45:38.149+0000] {logging_mixin.py:188} INFO - Downloaded AAPL/1766673898.json -> /tmp/minio_downloads/1766673898.json
[2025-12-25T14:45:38.166+0000] {logging_mixin.py:188} INFO - Downloaded AAPL/1766673911.json -> /tmp/minio_downloads/1766673911.json
[2025-12-25T14:45:38.181+0000] {logging_mixin.py:188} INFO - Downloaded AAPL/1766673924.json -> /tmp/minio_downloads/1766673924.json
[2025-12-25T14:45:38.194+0000] {logging_mixin.py:188} INFO - Downloaded AAPL/1766673936.json -> /tmp/minio_downloads/1766673936.json
[2025-12-25T14:45:38.208+0000] {logging_mixin.py:188} INFO - Downloaded AMZN/1766673817.json -> /tmp/minio_downloads/1766673817.json
[2025-12-25T14:45:38.223+0000] {logging_mixin.py:188} INFO - Downloaded AMZN/1766673829.json -> /tmp/minio_downloads/1766673829.json
[2025-12-25T14:45:38.241+0000] {logging_mixin.py:188} INFO - Downloaded AMZN/1766673840.json -> /tmp/minio_downloads/1766673840.json
[2025-12-25T14:45:38.254+0000] {logging_mixin.py:188} INFO - Downloaded AMZN/1766673853.json -> /tmp/minio_downloads/1766673853.json
[2025-12-25T14:45:38.269+0000] {logging_mixin.py:188} INFO - Downloaded AMZN/1766673865.json -> /tmp/minio_downloads/1766673865.json
[2025-12-25T14:45:38.283+0000] {logging_mixin.py:188} INFO - Downloaded AMZN/1766673877.json -> /tmp/minio_downloads/1766673877.json
[2025-12-25T14:45:38.299+0000] {logging_mixin.py:188} INFO - Downloaded AMZN/1766673891.json -> /tmp/minio_downloads/1766673891.json
[2025-12-25T14:45:38.317+0000] {logging_mixin.py:188} INFO - Downloaded AMZN/1766673904.json -> /tmp/minio_downloads/1766673904.json
[2025-12-25T14:45:38.331+0000] {logging_mixin.py:188} INFO - Downloaded AMZN/1766673917.json -> /tmp/minio_downloads/1766673917.json
[2025-12-25T14:45:38.347+0000] {logging_mixin.py:188} INFO - Downloaded AMZN/1766673929.json -> /tmp/minio_downloads/1766673929.json
[2025-12-25T14:45:38.363+0000] {logging_mixin.py:188} INFO - Downloaded GOOGL/1766673815.json -> /tmp/minio_downloads/1766673815.json
[2025-12-25T14:45:38.379+0000] {logging_mixin.py:188} INFO - Downloaded GOOGL/1766673827.json -> /tmp/minio_downloads/1766673827.json
[2025-12-25T14:45:38.395+0000] {logging_mixin.py:188} INFO - Downloaded GOOGL/1766673839.json -> /tmp/minio_downloads/1766673839.json
[2025-12-25T14:45:38.412+0000] {logging_mixin.py:188} INFO - Downloaded GOOGL/1766673851.json -> /tmp/minio_downloads/1766673851.json
[2025-12-25T14:45:38.428+0000] {logging_mixin.py:188} INFO - Downloaded GOOGL/1766673864.json -> /tmp/minio_downloads/1766673864.json
[2025-12-25T14:45:38.442+0000] {logging_mixin.py:188} INFO - Downloaded GOOGL/1766673876.json -> /tmp/minio_downloads/1766673876.json
[2025-12-25T14:45:38.459+0000] {logging_mixin.py:188} INFO - Downloaded GOOGL/1766673890.json -> /tmp/minio_downloads/1766673890.json
[2025-12-25T14:45:38.475+0000] {logging_mixin.py:188} INFO - Downloaded GOOGL/1766673902.json -> /tmp/minio_downloads/1766673902.json
[2025-12-25T14:45:38.490+0000] {logging_mixin.py:188} INFO - Downloaded GOOGL/1766673915.json -> /tmp/minio_downloads/1766673915.json
[2025-12-25T14:45:38.505+0000] {logging_mixin.py:188} INFO - Downloaded GOOGL/1766673928.json -> /tmp/minio_downloads/1766673928.json
[2025-12-25T14:45:38.521+0000] {logging_mixin.py:188} INFO - Downloaded MSFT/1766673813.json -> /tmp/minio_downloads/1766673813.json
[2025-12-25T14:45:38.536+0000] {logging_mixin.py:188} INFO - Downloaded MSFT/1766673825.json -> /tmp/minio_downloads/1766673825.json
[2025-12-25T14:45:38.551+0000] {logging_mixin.py:188} INFO - Downloaded MSFT/1766673837.json -> /tmp/minio_downloads/1766673837.json
[2025-12-25T14:45:38.565+0000] {logging_mixin.py:188} INFO - Downloaded MSFT/1766673849.json -> /tmp/minio_downloads/1766673849.json
[2025-12-25T14:45:38.581+0000] {logging_mixin.py:188} INFO - Downloaded MSFT/1766673861.json -> /tmp/minio_downloads/1766673861.json
[2025-12-25T14:45:38.594+0000] {logging_mixin.py:188} INFO - Downloaded MSFT/1766673874.json -> /tmp/minio_downloads/1766673874.json
[2025-12-25T14:45:38.610+0000] {logging_mixin.py:188} INFO - Downloaded MSFT/1766673887.json -> /tmp/minio_downloads/1766673887.json
[2025-12-25T14:45:38.626+0000] {logging_mixin.py:188} INFO - Downloaded MSFT/1766673899.json -> /tmp/minio_downloads/1766673899.json
[2025-12-25T14:45:38.643+0000] {logging_mixin.py:188} INFO - Downloaded MSFT/1766673913.json -> /tmp/minio_downloads/1766673913.json
[2025-12-25T14:45:38.663+0000] {logging_mixin.py:188} INFO - Downloaded MSFT/1766673925.json -> /tmp/minio_downloads/1766673925.json
[2025-12-25T14:45:38.675+0000] {logging_mixin.py:188} INFO - Downloaded MSFT/1766673937.json -> /tmp/minio_downloads/1766673937.json
[2025-12-25T14:45:38.720+0000] {logging_mixin.py:188} INFO - Downloaded TSLA/1766673814.json -> /tmp/minio_downloads/1766673814.json
[2025-12-25T14:45:38.734+0000] {logging_mixin.py:188} INFO - Downloaded TSLA/1766673826.json -> /tmp/minio_downloads/1766673826.json
[2025-12-25T14:45:38.747+0000] {logging_mixin.py:188} INFO - Downloaded TSLA/1766673838.json -> /tmp/minio_downloads/1766673838.json
[2025-12-25T14:45:38.760+0000] {logging_mixin.py:188} INFO - Downloaded TSLA/1766673850.json -> /tmp/minio_downloads/1766673850.json
[2025-12-25T14:45:38.773+0000] {logging_mixin.py:188} INFO - Downloaded TSLA/1766673863.json -> /tmp/minio_downloads/1766673863.json
[2025-12-25T14:45:38.788+0000] {logging_mixin.py:188} INFO - Downloaded TSLA/1766673875.json -> /tmp/minio_downloads/1766673875.json
[2025-12-25T14:45:38.803+0000] {logging_mixin.py:188} INFO - Downloaded TSLA/1766673888.json -> /tmp/minio_downloads/1766673888.json
[2025-12-25T14:45:38.815+0000] {logging_mixin.py:188} INFO - Downloaded TSLA/1766673901.json -> /tmp/minio_downloads/1766673901.json
[2025-12-25T14:45:38.828+0000] {logging_mixin.py:188} INFO - Downloaded TSLA/1766673914.json -> /tmp/minio_downloads/1766673914.json
[2025-12-25T14:45:38.841+0000] {logging_mixin.py:188} INFO - Downloaded TSLA/1766673926.json -> /tmp/minio_downloads/1766673926.json
[2025-12-25T14:45:38.843+0000] {python.py:237} INFO - Done. Returned value was: ['/tmp/minio_downloads/1766673812.json', '/tmp/minio_downloads/1766673824.json', '/tmp/minio_downloads/1766673836.json', '/tmp/minio_downloads/1766673847.json', '/tmp/minio_downloads/1766673860.json', '/tmp/minio_downloads/1766673872.json', '/tmp/minio_downloads/1766673884.json', '/tmp/minio_downloads/1766673898.json', '/tmp/minio_downloads/1766673911.json', '/tmp/minio_downloads/1766673924.json', '/tmp/minio_downloads/1766673936.json', '/tmp/minio_downloads/1766673817.json', '/tmp/minio_downloads/1766673829.json', '/tmp/minio_downloads/1766673840.json', '/tmp/minio_downloads/1766673853.json', '/tmp/minio_downloads/1766673865.json', '/tmp/minio_downloads/1766673877.json', '/tmp/minio_downloads/1766673891.json', '/tmp/minio_downloads/1766673904.json', '/tmp/minio_downloads/1766673917.json', '/tmp/minio_downloads/1766673929.json', '/tmp/minio_downloads/1766673815.json', '/tmp/minio_downloads/1766673827.json', '/tmp/minio_downloads/1766673839.json', '/tmp/minio_downloads/1766673851.json', '/tmp/minio_downloads/1766673864.json', '/tmp/minio_downloads/1766673876.json', '/tmp/minio_downloads/1766673890.json', '/tmp/minio_downloads/1766673902.json', '/tmp/minio_downloads/1766673915.json', '/tmp/minio_downloads/1766673928.json', '/tmp/minio_downloads/1766673813.json', '/tmp/minio_downloads/1766673825.json', '/tmp/minio_downloads/1766673837.json', '/tmp/minio_downloads/1766673849.json', '/tmp/minio_downloads/1766673861.json', '/tmp/minio_downloads/1766673874.json', '/tmp/minio_downloads/1766673887.json', '/tmp/minio_downloads/1766673899.json', '/tmp/minio_downloads/1766673913.json', '/tmp/minio_downloads/1766673925.json', '/tmp/minio_downloads/1766673937.json', '/tmp/minio_downloads/1766673814.json', '/tmp/minio_downloads/1766673826.json', '/tmp/minio_downloads/1766673838.json', '/tmp/minio_downloads/1766673850.json', '/tmp/minio_downloads/1766673863.json', '/tmp/minio_downloads/1766673875.json', '/tmp/minio_downloads/1766673888.json', '/tmp/minio_downloads/1766673901.json', '/tmp/minio_downloads/1766673914.json', '/tmp/minio_downloads/1766673926.json']
[2025-12-25T14:45:38.844+0000] {taskinstance.py:441} INFO - ::group::Post task execution logs
[2025-12-25T14:45:38.897+0000] {taskinstance.py:1206} INFO - Marking task as SUCCESS. dag_id=minio_to_snowflake, task_id=download_minio, run_id=scheduled__2025-12-25T14:44:00+00:00, execution_date=20251225T144400, start_date=20251225T144535, end_date=20251225T144538
[2025-12-25T14:45:38.963+0000] {local_task_job_runner.py:243} INFO - Task exited with return code 0
[2025-12-25T14:45:39.016+0000] {taskinstance.py:3503} INFO - 1 downstream tasks scheduled from follow-on schedule check
[2025-12-25T14:45:39.022+0000] {local_task_job_runner.py:222} INFO - ::endgroup::
