[2025-12-25T08:47:39.499+0000] {local_task_job_runner.py:120} INFO - ::group::Pre task execution logs
[2025-12-25T08:47:39.604+0000] {taskinstance.py:2076} INFO - Dependencies all met for dep_context=non-requeueable deps ti=<TaskInstance: minio_to_snowflake.download_minio scheduled__2025-12-25T08:45:00+00:00 [queued]>
[2025-12-25T08:47:39.618+0000] {taskinstance.py:2076} INFO - Dependencies all met for dep_context=requeueable deps ti=<TaskInstance: minio_to_snowflake.download_minio scheduled__2025-12-25T08:45:00+00:00 [queued]>
[2025-12-25T08:47:39.619+0000] {taskinstance.py:2306} INFO - Starting attempt 1 of 2
[2025-12-25T08:47:39.646+0000] {taskinstance.py:2330} INFO - Executing <Task(PythonOperator): download_minio> on 2025-12-25 08:45:00+00:00
[2025-12-25T08:47:39.674+0000] {standard_task_runner.py:90} INFO - Running: ['***', 'tasks', 'run', 'minio_to_snowflake', 'download_minio', 'scheduled__2025-12-25T08:45:00+00:00', '--job-id', '160', '--raw', '--subdir', 'DAGS_FOLDER/minio_to_snowflake.py', '--cfg-path', '/tmp/tmplmpyni30']
[2025-12-25T08:47:39.686+0000] {logging_mixin.py:188} WARNING - /home/***/.local/lib/python3.12/site-packages/***/task/task_runner/standard_task_runner.py:62 DeprecationWarning: This process (pid=156) is multi-threaded, use of fork() may lead to deadlocks in the child.
[2025-12-25T08:47:39.690+0000] {standard_task_runner.py:91} INFO - Job 160: Subtask download_minio
[2025-12-25T08:47:39.690+0000] {standard_task_runner.py:64} INFO - Started process 171 to run task
[2025-12-25T08:47:39.955+0000] {task_command.py:426} INFO - Running <TaskInstance: minio_to_snowflake.download_minio scheduled__2025-12-25T08:45:00+00:00 [running]> on host f2efb562a677
[2025-12-25T08:47:40.335+0000] {taskinstance.py:2648} INFO - Exporting env vars: AIRFLOW_CTX_DAG_OWNER='***' AIRFLOW_CTX_DAG_ID='minio_to_snowflake' AIRFLOW_CTX_TASK_ID='download_minio' AIRFLOW_CTX_EXECUTION_DATE='2025-12-25T08:45:00+00:00' AIRFLOW_CTX_TRY_NUMBER='1' AIRFLOW_CTX_DAG_RUN_ID='scheduled__2025-12-25T08:45:00+00:00'
[2025-12-25T08:47:40.338+0000] {taskinstance.py:430} INFO - ::endgroup::
[2025-12-25T08:47:46.068+0000] {logging_mixin.py:188} INFO - Downloaded AAPL/1766651912.json -> /tmp/minio_downloads/1766651912.json
[2025-12-25T08:47:46.091+0000] {logging_mixin.py:188} INFO - Downloaded AAPL/1766651923.json -> /tmp/minio_downloads/1766651923.json
[2025-12-25T08:47:46.113+0000] {logging_mixin.py:188} INFO - Downloaded AAPL/1766651935.json -> /tmp/minio_downloads/1766651935.json
[2025-12-25T08:47:46.131+0000] {logging_mixin.py:188} INFO - Downloaded AAPL/1766651947.json -> /tmp/minio_downloads/1766651947.json
[2025-12-25T08:47:46.151+0000] {logging_mixin.py:188} INFO - Downloaded AAPL/1766651959.json -> /tmp/minio_downloads/1766651959.json
[2025-12-25T08:47:46.171+0000] {logging_mixin.py:188} INFO - Downloaded AAPL/1766651972.json -> /tmp/minio_downloads/1766651972.json
[2025-12-25T08:47:46.194+0000] {logging_mixin.py:188} INFO - Downloaded AAPL/1766651985.json -> /tmp/minio_downloads/1766651985.json
[2025-12-25T08:47:46.215+0000] {logging_mixin.py:188} INFO - Downloaded AAPL/1766651996.json -> /tmp/minio_downloads/1766651996.json
[2025-12-25T08:47:46.233+0000] {logging_mixin.py:188} INFO - Downloaded AAPL/1766652008.json -> /tmp/minio_downloads/1766652008.json
[2025-12-25T08:47:46.255+0000] {logging_mixin.py:188} INFO - Downloaded AAPL/1766652020.json -> /tmp/minio_downloads/1766652020.json
[2025-12-25T08:47:46.280+0000] {logging_mixin.py:188} INFO - Downloaded AAPL/1766652032.json -> /tmp/minio_downloads/1766652032.json
[2025-12-25T08:47:46.310+0000] {logging_mixin.py:188} INFO - Downloaded AAPL/1766652044.json -> /tmp/minio_downloads/1766652044.json
[2025-12-25T08:47:46.345+0000] {logging_mixin.py:188} INFO - Downloaded AAPL/1766652056.json -> /tmp/minio_downloads/1766652056.json
[2025-12-25T08:47:46.380+0000] {logging_mixin.py:188} INFO - Downloaded AAPL/1766652067.json -> /tmp/minio_downloads/1766652067.json
[2025-12-25T08:47:46.403+0000] {logging_mixin.py:188} INFO - Downloaded AAPL/1766652079.json -> /tmp/minio_downloads/1766652079.json
[2025-12-25T08:47:46.422+0000] {logging_mixin.py:188} INFO - Downloaded AAPL/1766652091.json -> /tmp/minio_downloads/1766652091.json
[2025-12-25T08:47:46.446+0000] {logging_mixin.py:188} INFO - Downloaded AAPL/1766652104.json -> /tmp/minio_downloads/1766652104.json
[2025-12-25T08:47:46.469+0000] {logging_mixin.py:188} INFO - Downloaded AAPL/1766652116.json -> /tmp/minio_downloads/1766652116.json
[2025-12-25T08:47:46.489+0000] {logging_mixin.py:188} INFO - Downloaded AAPL/1766652128.json -> /tmp/minio_downloads/1766652128.json
[2025-12-25T08:47:46.508+0000] {logging_mixin.py:188} INFO - Downloaded AAPL/1766652140.json -> /tmp/minio_downloads/1766652140.json
[2025-12-25T08:47:46.532+0000] {logging_mixin.py:188} INFO - Downloaded AAPL/1766652153.json -> /tmp/minio_downloads/1766652153.json
[2025-12-25T08:47:46.553+0000] {logging_mixin.py:188} INFO - Downloaded AAPL/1766652164.json -> /tmp/minio_downloads/1766652164.json
[2025-12-25T08:47:46.573+0000] {logging_mixin.py:188} INFO - Downloaded AAPL/1766652176.json -> /tmp/minio_downloads/1766652176.json
[2025-12-25T08:47:46.591+0000] {logging_mixin.py:188} INFO - Downloaded AAPL/1766652188.json -> /tmp/minio_downloads/1766652188.json
[2025-12-25T08:47:46.680+0000] {logging_mixin.py:188} INFO - Downloaded AAPL/1766652200.json -> /tmp/minio_downloads/1766652200.json
[2025-12-25T08:47:46.701+0000] {logging_mixin.py:188} INFO - Downloaded AAPL/1766652213.json -> /tmp/minio_downloads/1766652213.json
[2025-12-25T08:47:46.716+0000] {logging_mixin.py:188} INFO - Downloaded AAPL/1766652224.json -> /tmp/minio_downloads/1766652224.json
[2025-12-25T08:47:46.734+0000] {logging_mixin.py:188} INFO - Downloaded AAPL/1766652236.json -> /tmp/minio_downloads/1766652236.json
[2025-12-25T08:47:46.753+0000] {logging_mixin.py:188} INFO - Downloaded AAPL/1766652248.json -> /tmp/minio_downloads/1766652248.json
[2025-12-25T08:47:46.776+0000] {logging_mixin.py:188} INFO - Downloaded AAPL/1766652260.json -> /tmp/minio_downloads/1766652260.json
[2025-12-25T08:47:46.808+0000] {logging_mixin.py:188} INFO - Downloaded AAPL/1766652272.json -> /tmp/minio_downloads/1766652272.json
[2025-12-25T08:47:46.837+0000] {logging_mixin.py:188} INFO - Downloaded AAPL/1766652284.json -> /tmp/minio_downloads/1766652284.json
[2025-12-25T08:47:46.874+0000] {logging_mixin.py:188} INFO - Downloaded AAPL/1766652296.json -> /tmp/minio_downloads/1766652296.json
[2025-12-25T08:47:46.898+0000] {logging_mixin.py:188} INFO - Downloaded AAPL/1766652308.json -> /tmp/minio_downloads/1766652308.json
[2025-12-25T08:47:46.916+0000] {logging_mixin.py:188} INFO - Downloaded AAPL/1766652319.json -> /tmp/minio_downloads/1766652319.json
[2025-12-25T08:47:46.934+0000] {logging_mixin.py:188} INFO - Downloaded AAPL/1766652332.json -> /tmp/minio_downloads/1766652332.json
[2025-12-25T08:47:46.958+0000] {logging_mixin.py:188} INFO - Downloaded AAPL/1766652345.json -> /tmp/minio_downloads/1766652345.json
[2025-12-25T08:47:46.980+0000] {logging_mixin.py:188} INFO - Downloaded AAPL/1766652356.json -> /tmp/minio_downloads/1766652356.json
[2025-12-25T08:47:47.006+0000] {logging_mixin.py:188} INFO - Downloaded AAPL/1766652369.json -> /tmp/minio_downloads/1766652369.json
[2025-12-25T08:47:47.028+0000] {logging_mixin.py:188} INFO - Downloaded AAPL/1766652381.json -> /tmp/minio_downloads/1766652381.json
[2025-12-25T08:47:47.056+0000] {logging_mixin.py:188} INFO - Downloaded AAPL/1766652397.json -> /tmp/minio_downloads/1766652397.json
[2025-12-25T08:47:47.082+0000] {logging_mixin.py:188} INFO - Downloaded AAPL/1766652409.json -> /tmp/minio_downloads/1766652409.json
[2025-12-25T08:47:47.112+0000] {logging_mixin.py:188} INFO - Downloaded AAPL/1766652421.json -> /tmp/minio_downloads/1766652421.json
[2025-12-25T08:47:47.136+0000] {logging_mixin.py:188} INFO - Downloaded AAPL/1766652434.json -> /tmp/minio_downloads/1766652434.json
[2025-12-25T08:47:47.185+0000] {logging_mixin.py:188} INFO - Downloaded AAPL/1766652447.json -> /tmp/minio_downloads/1766652447.json
[2025-12-25T08:47:47.212+0000] {logging_mixin.py:188} INFO - Downloaded AAPL/1766652459.json -> /tmp/minio_downloads/1766652459.json
[2025-12-25T08:47:47.235+0000] {logging_mixin.py:188} INFO - Downloaded AMZN/1766651916.json -> /tmp/minio_downloads/1766651916.json
[2025-12-25T08:47:47.267+0000] {logging_mixin.py:188} INFO - Downloaded AMZN/1766651928.json -> /tmp/minio_downloads/1766651928.json
[2025-12-25T08:47:47.296+0000] {logging_mixin.py:188} INFO - Downloaded AMZN/1766651940.json -> /tmp/minio_downloads/1766651940.json
[2025-12-25T08:47:47.417+0000] {logging_mixin.py:188} INFO - Downloaded AMZN/1766651952.json -> /tmp/minio_downloads/1766651952.json
[2025-12-25T08:47:47.461+0000] {logging_mixin.py:188} INFO - Downloaded AMZN/1766651964.json -> /tmp/minio_downloads/1766651964.json
[2025-12-25T08:47:47.479+0000] {logging_mixin.py:188} INFO - Downloaded AMZN/1766651978.json -> /tmp/minio_downloads/1766651978.json
[2025-12-25T08:47:47.503+0000] {logging_mixin.py:188} INFO - Downloaded AMZN/1766651989.json -> /tmp/minio_downloads/1766651989.json
[2025-12-25T08:47:47.525+0000] {logging_mixin.py:188} INFO - Downloaded AMZN/1766652001.json -> /tmp/minio_downloads/1766652001.json
[2025-12-25T08:47:47.547+0000] {logging_mixin.py:188} INFO - Downloaded AMZN/1766652013.json -> /tmp/minio_downloads/1766652013.json
[2025-12-25T08:47:47.571+0000] {logging_mixin.py:188} INFO - Downloaded AMZN/1766652025.json -> /tmp/minio_downloads/1766652025.json
[2025-12-25T08:47:47.606+0000] {logging_mixin.py:188} INFO - Downloaded AMZN/1766652036.json -> /tmp/minio_downloads/1766652036.json
[2025-12-25T08:47:47.628+0000] {logging_mixin.py:188} INFO - Downloaded AMZN/1766652048.json -> /tmp/minio_downloads/1766652048.json
[2025-12-25T08:47:47.650+0000] {logging_mixin.py:188} INFO - Downloaded AMZN/1766652060.json -> /tmp/minio_downloads/1766652060.json
[2025-12-25T08:47:47.674+0000] {logging_mixin.py:188} INFO - Downloaded AMZN/1766652072.json -> /tmp/minio_downloads/1766652072.json
[2025-12-25T08:47:47.697+0000] {logging_mixin.py:188} INFO - Downloaded AMZN/1766652084.json -> /tmp/minio_downloads/1766652084.json
[2025-12-25T08:47:47.739+0000] {logging_mixin.py:188} INFO - Downloaded AMZN/1766652097.json -> /tmp/minio_downloads/1766652097.json
[2025-12-25T08:47:47.789+0000] {logging_mixin.py:188} INFO - Downloaded AMZN/1766652109.json -> /tmp/minio_downloads/1766652109.json
[2025-12-25T08:47:47.841+0000] {logging_mixin.py:188} INFO - Downloaded AMZN/1766652121.json -> /tmp/minio_downloads/1766652121.json
[2025-12-25T08:47:47.887+0000] {logging_mixin.py:188} INFO - Downloaded AMZN/1766652133.json -> /tmp/minio_downloads/1766652133.json
[2025-12-25T08:47:47.960+0000] {logging_mixin.py:188} INFO - Downloaded AMZN/1766652145.json -> /tmp/minio_downloads/1766652145.json
[2025-12-25T08:47:48.007+0000] {logging_mixin.py:188} INFO - Downloaded AMZN/1766652157.json -> /tmp/minio_downloads/1766652157.json
[2025-12-25T08:47:48.043+0000] {logging_mixin.py:188} INFO - Downloaded AMZN/1766652169.json -> /tmp/minio_downloads/1766652169.json
[2025-12-25T08:47:48.090+0000] {logging_mixin.py:188} INFO - Downloaded AMZN/1766652181.json -> /tmp/minio_downloads/1766652181.json
[2025-12-25T08:47:48.141+0000] {logging_mixin.py:188} INFO - Downloaded AMZN/1766652193.json -> /tmp/minio_downloads/1766652193.json
[2025-12-25T08:47:48.171+0000] {logging_mixin.py:188} INFO - Downloaded AMZN/1766652206.json -> /tmp/minio_downloads/1766652206.json
[2025-12-25T08:47:48.218+0000] {logging_mixin.py:188} INFO - Downloaded AMZN/1766652217.json -> /tmp/minio_downloads/1766652217.json
[2025-12-25T08:47:48.242+0000] {logging_mixin.py:188} INFO - Downloaded AMZN/1766652229.json -> /tmp/minio_downloads/1766652229.json
[2025-12-25T08:47:48.267+0000] {logging_mixin.py:188} INFO - Downloaded AMZN/1766652241.json -> /tmp/minio_downloads/1766652241.json
[2025-12-25T08:47:48.298+0000] {logging_mixin.py:188} INFO - Downloaded AMZN/1766652253.json -> /tmp/minio_downloads/1766652253.json
[2025-12-25T08:47:48.332+0000] {logging_mixin.py:188} INFO - Downloaded AMZN/1766652264.json -> /tmp/minio_downloads/1766652264.json
[2025-12-25T08:47:48.375+0000] {logging_mixin.py:188} INFO - Downloaded AMZN/1766652277.json -> /tmp/minio_downloads/1766652277.json
[2025-12-25T08:47:48.441+0000] {logging_mixin.py:188} INFO - Downloaded AMZN/1766652289.json -> /tmp/minio_downloads/1766652289.json
[2025-12-25T08:47:48.480+0000] {logging_mixin.py:188} INFO - Downloaded AMZN/1766652301.json -> /tmp/minio_downloads/1766652301.json
[2025-12-25T08:47:48.586+0000] {logging_mixin.py:188} INFO - Downloaded AMZN/1766652312.json -> /tmp/minio_downloads/1766652312.json
[2025-12-25T08:47:48.858+0000] {logging_mixin.py:188} INFO - Downloaded AMZN/1766652325.json -> /tmp/minio_downloads/1766652325.json
[2025-12-25T08:47:48.892+0000] {logging_mixin.py:188} INFO - Downloaded AMZN/1766652338.json -> /tmp/minio_downloads/1766652338.json
[2025-12-25T08:47:48.944+0000] {logging_mixin.py:188} INFO - Downloaded AMZN/1766652349.json -> /tmp/minio_downloads/1766652349.json
[2025-12-25T08:47:49.266+0000] {logging_mixin.py:188} INFO - Downloaded AMZN/1766652361.json -> /tmp/minio_downloads/1766652361.json
[2025-12-25T08:47:49.289+0000] {logging_mixin.py:188} INFO - Downloaded AMZN/1766652374.json -> /tmp/minio_downloads/1766652374.json
[2025-12-25T08:47:49.310+0000] {logging_mixin.py:188} INFO - Downloaded AMZN/1766652390.json -> /tmp/minio_downloads/1766652390.json
[2025-12-25T08:47:49.341+0000] {logging_mixin.py:188} INFO - Downloaded AMZN/1766652401.json -> /tmp/minio_downloads/1766652401.json
[2025-12-25T08:47:49.414+0000] {logging_mixin.py:188} INFO - Downloaded AMZN/1766652413.json -> /tmp/minio_downloads/1766652413.json
[2025-12-25T08:47:49.481+0000] {logging_mixin.py:188} INFO - Downloaded AMZN/1766652426.json -> /tmp/minio_downloads/1766652426.json
[2025-12-25T08:47:49.512+0000] {logging_mixin.py:188} INFO - Downloaded AMZN/1766652439.json -> /tmp/minio_downloads/1766652439.json
[2025-12-25T08:47:49.591+0000] {logging_mixin.py:188} INFO - Downloaded AMZN/1766652452.json -> /tmp/minio_downloads/1766652452.json
[2025-12-25T08:47:49.653+0000] {logging_mixin.py:188} INFO - Downloaded AMZN/1766652464.json -> /tmp/minio_downloads/1766652464.json
[2025-12-25T08:47:49.681+0000] {logging_mixin.py:188} INFO - Downloaded GOOGL/1766651915.json -> /tmp/minio_downloads/1766651915.json
[2025-12-25T08:47:49.747+0000] {logging_mixin.py:188} INFO - Downloaded GOOGL/1766651927.json -> /tmp/minio_downloads/1766651927.json
[2025-12-25T08:47:49.779+0000] {logging_mixin.py:188} INFO - Downloaded GOOGL/1766651939.json -> /tmp/minio_downloads/1766651939.json
[2025-12-25T08:47:49.840+0000] {logging_mixin.py:188} INFO - Downloaded GOOGL/1766651951.json -> /tmp/minio_downloads/1766651951.json
[2025-12-25T08:47:49.894+0000] {logging_mixin.py:188} INFO - Downloaded GOOGL/1766651963.json -> /tmp/minio_downloads/1766651963.json
[2025-12-25T08:47:49.969+0000] {logging_mixin.py:188} INFO - Downloaded GOOGL/1766651977.json -> /tmp/minio_downloads/1766651977.json
[2025-12-25T08:47:50.006+0000] {logging_mixin.py:188} INFO - Downloaded GOOGL/1766651988.json -> /tmp/minio_downloads/1766651988.json
[2025-12-25T08:47:50.057+0000] {logging_mixin.py:188} INFO - Downloaded GOOGL/1766652000.json -> /tmp/minio_downloads/1766652000.json
[2025-12-25T08:47:50.082+0000] {logging_mixin.py:188} INFO - Downloaded GOOGL/1766652012.json -> /tmp/minio_downloads/1766652012.json
[2025-12-25T08:47:50.116+0000] {logging_mixin.py:188} INFO - Downloaded GOOGL/1766652024.json -> /tmp/minio_downloads/1766652024.json
[2025-12-25T08:47:50.140+0000] {logging_mixin.py:188} INFO - Downloaded GOOGL/1766652035.json -> /tmp/minio_downloads/1766652035.json
[2025-12-25T08:47:50.171+0000] {logging_mixin.py:188} INFO - Downloaded GOOGL/1766652047.json -> /tmp/minio_downloads/1766652047.json
[2025-12-25T08:47:50.200+0000] {logging_mixin.py:188} INFO - Downloaded GOOGL/1766652059.json -> /tmp/minio_downloads/1766652059.json
[2025-12-25T08:47:50.224+0000] {logging_mixin.py:188} INFO - Downloaded GOOGL/1766652071.json -> /tmp/minio_downloads/1766652071.json
[2025-12-25T08:47:50.252+0000] {logging_mixin.py:188} INFO - Downloaded GOOGL/1766652083.json -> /tmp/minio_downloads/1766652083.json
[2025-12-25T08:47:50.290+0000] {logging_mixin.py:188} INFO - Downloaded GOOGL/1766652096.json -> /tmp/minio_downloads/1766652096.json
[2025-12-25T08:47:50.358+0000] {logging_mixin.py:188} INFO - Downloaded GOOGL/1766652107.json -> /tmp/minio_downloads/1766652107.json
[2025-12-25T08:47:50.397+0000] {logging_mixin.py:188} INFO - Downloaded GOOGL/1766652119.json -> /tmp/minio_downloads/1766652119.json
[2025-12-25T08:47:50.455+0000] {logging_mixin.py:188} INFO - Downloaded GOOGL/1766652131.json -> /tmp/minio_downloads/1766652131.json
[2025-12-25T08:47:50.485+0000] {logging_mixin.py:188} INFO - Downloaded GOOGL/1766652144.json -> /tmp/minio_downloads/1766652144.json
[2025-12-25T08:47:50.521+0000] {logging_mixin.py:188} INFO - Downloaded GOOGL/1766652156.json -> /tmp/minio_downloads/1766652156.json
[2025-12-25T08:47:50.562+0000] {logging_mixin.py:188} INFO - Downloaded GOOGL/1766652168.json -> /tmp/minio_downloads/1766652168.json
[2025-12-25T08:47:50.593+0000] {logging_mixin.py:188} INFO - Downloaded GOOGL/1766652180.json -> /tmp/minio_downloads/1766652180.json
[2025-12-25T08:47:50.646+0000] {logging_mixin.py:188} INFO - Downloaded GOOGL/1766652191.json -> /tmp/minio_downloads/1766652191.json
[2025-12-25T08:47:50.707+0000] {logging_mixin.py:188} INFO - Downloaded GOOGL/1766652205.json -> /tmp/minio_downloads/1766652205.json
[2025-12-25T08:47:50.968+0000] {logging_mixin.py:188} INFO - Downloaded GOOGL/1766652216.json -> /tmp/minio_downloads/1766652216.json
[2025-12-25T08:47:51.042+0000] {logging_mixin.py:188} INFO - Downloaded GOOGL/1766652228.json -> /tmp/minio_downloads/1766652228.json
[2025-12-25T08:47:51.111+0000] {logging_mixin.py:188} INFO - Downloaded GOOGL/1766652240.json -> /tmp/minio_downloads/1766652240.json
[2025-12-25T08:47:51.280+0000] {logging_mixin.py:188} INFO - Downloaded GOOGL/1766652251.json -> /tmp/minio_downloads/1766652251.json
[2025-12-25T08:47:51.294+0000] {logging_mixin.py:188} INFO - Downloaded GOOGL/1766652263.json -> /tmp/minio_downloads/1766652263.json
[2025-12-25T08:47:51.354+0000] {logging_mixin.py:188} INFO - Downloaded GOOGL/1766652276.json -> /tmp/minio_downloads/1766652276.json
[2025-12-25T08:47:51.595+0000] {logging_mixin.py:188} INFO - Downloaded GOOGL/1766652288.json -> /tmp/minio_downloads/1766652288.json
[2025-12-25T08:47:51.694+0000] {logging_mixin.py:188} INFO - Downloaded GOOGL/1766652300.json -> /tmp/minio_downloads/1766652300.json
[2025-12-25T08:47:51.744+0000] {logging_mixin.py:188} INFO - Downloaded GOOGL/1766652311.json -> /tmp/minio_downloads/1766652311.json
[2025-12-25T08:47:51.794+0000] {logging_mixin.py:188} INFO - Downloaded GOOGL/1766652323.json -> /tmp/minio_downloads/1766652323.json
[2025-12-25T08:47:51.830+0000] {logging_mixin.py:188} INFO - Downloaded GOOGL/1766652336.json -> /tmp/minio_downloads/1766652336.json
[2025-12-25T08:47:51.855+0000] {logging_mixin.py:188} INFO - Downloaded GOOGL/1766652348.json -> /tmp/minio_downloads/1766652348.json
[2025-12-25T08:47:51.878+0000] {logging_mixin.py:188} INFO - Downloaded GOOGL/1766652360.json -> /tmp/minio_downloads/1766652360.json
[2025-12-25T08:47:51.910+0000] {logging_mixin.py:188} INFO - Downloaded GOOGL/1766652372.json -> /tmp/minio_downloads/1766652372.json
[2025-12-25T08:47:51.935+0000] {logging_mixin.py:188} INFO - Downloaded GOOGL/1766652386.json -> /tmp/minio_downloads/1766652386.json
[2025-12-25T08:47:51.958+0000] {logging_mixin.py:188} INFO - Downloaded GOOGL/1766652400.json -> /tmp/minio_downloads/1766652400.json
[2025-12-25T08:47:51.985+0000] {logging_mixin.py:188} INFO - Downloaded GOOGL/1766652412.json -> /tmp/minio_downloads/1766652412.json
[2025-12-25T08:47:52.008+0000] {logging_mixin.py:188} INFO - Downloaded GOOGL/1766652425.json -> /tmp/minio_downloads/1766652425.json
[2025-12-25T08:47:52.041+0000] {logging_mixin.py:188} INFO - Downloaded GOOGL/1766652438.json -> /tmp/minio_downloads/1766652438.json
[2025-12-25T08:47:52.082+0000] {logging_mixin.py:188} INFO - Downloaded GOOGL/1766652451.json -> /tmp/minio_downloads/1766652451.json
[2025-12-25T08:47:52.112+0000] {logging_mixin.py:188} INFO - Downloaded GOOGL/1766652462.json -> /tmp/minio_downloads/1766652462.json
[2025-12-25T08:47:52.144+0000] {logging_mixin.py:188} INFO - Downloaded MSFT/1766651913.json -> /tmp/minio_downloads/1766651913.json
[2025-12-25T08:47:52.176+0000] {logging_mixin.py:188} INFO - Downloaded MSFT/1766651924.json -> /tmp/minio_downloads/1766651924.json
[2025-12-25T08:47:52.226+0000] {logging_mixin.py:188} INFO - Downloaded MSFT/1766651937.json -> /tmp/minio_downloads/1766651937.json
[2025-12-25T08:47:52.288+0000] {logging_mixin.py:188} INFO - Downloaded MSFT/1766651948.json -> /tmp/minio_downloads/1766651948.json
[2025-12-25T08:47:52.318+0000] {logging_mixin.py:188} INFO - Downloaded MSFT/1766651960.json -> /tmp/minio_downloads/1766651960.json
[2025-12-25T08:47:52.344+0000] {logging_mixin.py:188} INFO - Downloaded MSFT/1766651973.json -> /tmp/minio_downloads/1766651973.json
[2025-12-25T08:47:52.373+0000] {logging_mixin.py:188} INFO - Downloaded MSFT/1766651986.json -> /tmp/minio_downloads/1766651986.json
[2025-12-25T08:47:52.392+0000] {logging_mixin.py:188} INFO - Downloaded MSFT/1766651998.json -> /tmp/minio_downloads/1766651998.json
[2025-12-25T08:47:52.641+0000] {logging_mixin.py:188} INFO - Downloaded MSFT/1766652009.json -> /tmp/minio_downloads/1766652009.json
[2025-12-25T08:47:52.710+0000] {logging_mixin.py:188} INFO - Downloaded MSFT/1766652021.json -> /tmp/minio_downloads/1766652021.json
[2025-12-25T08:47:52.920+0000] {logging_mixin.py:188} INFO - Downloaded MSFT/1766652033.json -> /tmp/minio_downloads/1766652033.json
[2025-12-25T08:47:52.979+0000] {logging_mixin.py:188} INFO - Downloaded MSFT/1766652045.json -> /tmp/minio_downloads/1766652045.json
[2025-12-25T08:47:52.992+0000] {logging_mixin.py:188} INFO - Downloaded MSFT/1766652057.json -> /tmp/minio_downloads/1766652057.json
[2025-12-25T08:47:53.009+0000] {logging_mixin.py:188} INFO - Downloaded MSFT/1766652069.json -> /tmp/minio_downloads/1766652069.json
[2025-12-25T08:47:53.023+0000] {logging_mixin.py:188} INFO - Downloaded MSFT/1766652080.json -> /tmp/minio_downloads/1766652080.json
[2025-12-25T08:47:53.038+0000] {logging_mixin.py:188} INFO - Downloaded MSFT/1766652092.json -> /tmp/minio_downloads/1766652092.json
[2025-12-25T08:47:53.096+0000] {logging_mixin.py:188} INFO - Downloaded MSFT/1766652105.json -> /tmp/minio_downloads/1766652105.json
[2025-12-25T08:47:53.170+0000] {logging_mixin.py:188} INFO - Downloaded MSFT/1766652117.json -> /tmp/minio_downloads/1766652117.json
[2025-12-25T08:47:53.210+0000] {logging_mixin.py:188} INFO - Downloaded MSFT/1766652129.json -> /tmp/minio_downloads/1766652129.json
[2025-12-25T08:47:53.261+0000] {logging_mixin.py:188} INFO - Downloaded MSFT/1766652141.json -> /tmp/minio_downloads/1766652141.json
[2025-12-25T08:47:53.309+0000] {logging_mixin.py:188} INFO - Downloaded MSFT/1766652154.json -> /tmp/minio_downloads/1766652154.json
[2025-12-25T08:47:53.342+0000] {logging_mixin.py:188} INFO - Downloaded MSFT/1766652166.json -> /tmp/minio_downloads/1766652166.json
[2025-12-25T08:47:53.370+0000] {logging_mixin.py:188} INFO - Downloaded MSFT/1766652177.json -> /tmp/minio_downloads/1766652177.json
[2025-12-25T08:47:53.400+0000] {logging_mixin.py:188} INFO - Downloaded MSFT/1766652189.json -> /tmp/minio_downloads/1766652189.json
[2025-12-25T08:47:53.430+0000] {logging_mixin.py:188} INFO - Downloaded MSFT/1766652202.json -> /tmp/minio_downloads/1766652202.json
[2025-12-25T08:47:53.460+0000] {logging_mixin.py:188} INFO - Downloaded MSFT/1766652214.json -> /tmp/minio_downloads/1766652214.json
[2025-12-25T08:47:53.498+0000] {logging_mixin.py:188} INFO - Downloaded MSFT/1766652225.json -> /tmp/minio_downloads/1766652225.json
[2025-12-25T08:47:53.533+0000] {logging_mixin.py:188} INFO - Downloaded MSFT/1766652238.json -> /tmp/minio_downloads/1766652238.json
[2025-12-25T08:47:53.565+0000] {logging_mixin.py:188} INFO - Downloaded MSFT/1766652249.json -> /tmp/minio_downloads/1766652249.json
[2025-12-25T08:47:53.609+0000] {logging_mixin.py:188} INFO - Downloaded MSFT/1766652261.json -> /tmp/minio_downloads/1766652261.json
[2025-12-25T08:47:53.642+0000] {logging_mixin.py:188} INFO - Downloaded MSFT/1766652274.json -> /tmp/minio_downloads/1766652274.json
[2025-12-25T08:47:53.694+0000] {logging_mixin.py:188} INFO - Downloaded MSFT/1766652286.json -> /tmp/minio_downloads/1766652286.json
[2025-12-25T08:47:53.728+0000] {logging_mixin.py:188} INFO - Downloaded MSFT/1766652297.json -> /tmp/minio_downloads/1766652297.json
[2025-12-25T08:47:53.764+0000] {logging_mixin.py:188} INFO - Downloaded MSFT/1766652309.json -> /tmp/minio_downloads/1766652309.json
[2025-12-25T08:47:53.816+0000] {logging_mixin.py:188} INFO - Downloaded MSFT/1766652320.json -> /tmp/minio_downloads/1766652320.json
[2025-12-25T08:47:53.852+0000] {logging_mixin.py:188} INFO - Downloaded MSFT/1766652334.json -> /tmp/minio_downloads/1766652334.json
[2025-12-25T08:47:53.878+0000] {logging_mixin.py:188} INFO - Downloaded MSFT/1766652346.json -> /tmp/minio_downloads/1766652346.json
[2025-12-25T08:47:53.901+0000] {logging_mixin.py:188} INFO - Downloaded MSFT/1766652357.json -> /tmp/minio_downloads/1766652357.json
[2025-12-25T08:47:53.924+0000] {logging_mixin.py:188} INFO - Downloaded MSFT/1766652370.json -> /tmp/minio_downloads/1766652370.json
[2025-12-25T08:47:53.956+0000] {logging_mixin.py:188} INFO - Downloaded MSFT/1766652383.json -> /tmp/minio_downloads/1766652383.json
[2025-12-25T08:47:53.977+0000] {logging_mixin.py:188} INFO - Downloaded MSFT/1766652398.json -> /tmp/minio_downloads/1766652398.json
[2025-12-25T08:47:53.999+0000] {logging_mixin.py:188} INFO - Downloaded MSFT/1766652410.json -> /tmp/minio_downloads/1766652410.json
[2025-12-25T08:47:54.016+0000] {logging_mixin.py:188} INFO - Downloaded MSFT/1766652422.json -> /tmp/minio_downloads/1766652422.json
[2025-12-25T08:47:54.131+0000] {logging_mixin.py:188} INFO - Downloaded MSFT/1766652435.json -> /tmp/minio_downloads/1766652435.json
[2025-12-25T08:47:54.149+0000] {logging_mixin.py:188} INFO - Downloaded MSFT/1766652448.json -> /tmp/minio_downloads/1766652448.json
[2025-12-25T08:47:54.169+0000] {logging_mixin.py:188} INFO - Downloaded MSFT/1766652460.json -> /tmp/minio_downloads/1766652460.json
[2025-12-25T08:47:54.208+0000] {logging_mixin.py:188} INFO - Downloaded TSLA/1766651914.json -> /tmp/minio_downloads/1766651914.json
[2025-12-25T08:47:54.234+0000] {logging_mixin.py:188} INFO - Downloaded TSLA/1766651926.json -> /tmp/minio_downloads/1766651926.json
[2025-12-25T08:47:54.265+0000] {logging_mixin.py:188} INFO - Downloaded TSLA/1766651938.json -> /tmp/minio_downloads/1766651938.json
[2025-12-25T08:47:54.291+0000] {logging_mixin.py:188} INFO - Downloaded TSLA/1766651949.json -> /tmp/minio_downloads/1766651949.json
[2025-12-25T08:47:54.311+0000] {logging_mixin.py:188} INFO - Downloaded TSLA/1766651961.json -> /tmp/minio_downloads/1766651961.json
[2025-12-25T08:47:54.336+0000] {logging_mixin.py:188} INFO - Downloaded TSLA/1766651975.json -> /tmp/minio_downloads/1766651975.json
[2025-12-25T08:47:54.387+0000] {logging_mixin.py:188} INFO - Downloaded TSLA/1766651987.json -> /tmp/minio_downloads/1766651987.json
[2025-12-25T08:47:54.407+0000] {logging_mixin.py:188} INFO - Downloaded TSLA/1766651999.json -> /tmp/minio_downloads/1766651999.json
[2025-12-25T08:47:54.428+0000] {logging_mixin.py:188} INFO - Downloaded TSLA/1766652011.json -> /tmp/minio_downloads/1766652011.json
[2025-12-25T08:47:54.458+0000] {logging_mixin.py:188} INFO - Downloaded TSLA/1766652022.json -> /tmp/minio_downloads/1766652022.json
[2025-12-25T08:47:54.535+0000] {logging_mixin.py:188} INFO - Downloaded TSLA/1766652034.json -> /tmp/minio_downloads/1766652034.json
[2025-12-25T08:47:54.566+0000] {logging_mixin.py:188} INFO - Downloaded TSLA/1766652046.json -> /tmp/minio_downloads/1766652046.json
[2025-12-25T08:47:54.590+0000] {logging_mixin.py:188} INFO - Downloaded TSLA/1766652058.json -> /tmp/minio_downloads/1766652058.json
[2025-12-25T08:47:54.612+0000] {logging_mixin.py:188} INFO - Downloaded TSLA/1766652070.json -> /tmp/minio_downloads/1766652070.json
[2025-12-25T08:47:54.636+0000] {logging_mixin.py:188} INFO - Downloaded TSLA/1766652081.json -> /tmp/minio_downloads/1766652081.json
[2025-12-25T08:47:54.657+0000] {logging_mixin.py:188} INFO - Downloaded TSLA/1766652094.json -> /tmp/minio_downloads/1766652094.json
[2025-12-25T08:47:54.678+0000] {logging_mixin.py:188} INFO - Downloaded TSLA/1766652106.json -> /tmp/minio_downloads/1766652106.json
[2025-12-25T08:47:54.701+0000] {logging_mixin.py:188} INFO - Downloaded TSLA/1766652118.json -> /tmp/minio_downloads/1766652118.json
[2025-12-25T08:47:54.721+0000] {logging_mixin.py:188} INFO - Downloaded TSLA/1766652130.json -> /tmp/minio_downloads/1766652130.json
[2025-12-25T08:47:54.742+0000] {logging_mixin.py:188} INFO - Downloaded TSLA/1766652142.json -> /tmp/minio_downloads/1766652142.json
[2025-12-25T08:47:54.766+0000] {logging_mixin.py:188} INFO - Downloaded TSLA/1766652155.json -> /tmp/minio_downloads/1766652155.json
[2025-12-25T08:47:54.785+0000] {logging_mixin.py:188} INFO - Downloaded TSLA/1766652167.json -> /tmp/minio_downloads/1766652167.json
[2025-12-25T08:47:54.819+0000] {logging_mixin.py:188} INFO - Downloaded TSLA/1766652178.json -> /tmp/minio_downloads/1766652178.json
[2025-12-25T08:47:54.894+0000] {logging_mixin.py:188} INFO - Downloaded TSLA/1766652190.json -> /tmp/minio_downloads/1766652190.json
[2025-12-25T08:47:54.935+0000] {logging_mixin.py:188} INFO - Downloaded TSLA/1766652204.json -> /tmp/minio_downloads/1766652204.json
[2025-12-25T08:47:54.949+0000] {logging_mixin.py:188} INFO - Downloaded TSLA/1766652215.json -> /tmp/minio_downloads/1766652215.json
[2025-12-25T08:47:55.014+0000] {logging_mixin.py:188} INFO - Downloaded TSLA/1766652227.json -> /tmp/minio_downloads/1766652227.json
[2025-12-25T08:47:55.196+0000] {logging_mixin.py:188} INFO - Downloaded TSLA/1766652239.json -> /tmp/minio_downloads/1766652239.json
[2025-12-25T08:47:55.410+0000] {logging_mixin.py:188} INFO - Downloaded TSLA/1766652250.json -> /tmp/minio_downloads/1766652250.json
[2025-12-25T08:47:55.477+0000] {logging_mixin.py:188} INFO - Downloaded TSLA/1766652262.json -> /tmp/minio_downloads/1766652262.json
[2025-12-25T08:47:55.555+0000] {logging_mixin.py:188} INFO - Downloaded TSLA/1766652275.json -> /tmp/minio_downloads/1766652275.json
[2025-12-25T08:47:55.583+0000] {logging_mixin.py:188} INFO - Downloaded TSLA/1766652287.json -> /tmp/minio_downloads/1766652287.json
[2025-12-25T08:47:55.753+0000] {logging_mixin.py:188} INFO - Downloaded TSLA/1766652298.json -> /tmp/minio_downloads/1766652298.json
[2025-12-25T08:47:55.781+0000] {logging_mixin.py:188} INFO - Downloaded TSLA/1766652310.json -> /tmp/minio_downloads/1766652310.json
[2025-12-25T08:47:55.899+0000] {logging_mixin.py:188} INFO - Downloaded TSLA/1766652322.json -> /tmp/minio_downloads/1766652322.json
[2025-12-25T08:47:55.916+0000] {logging_mixin.py:188} INFO - Downloaded TSLA/1766652335.json -> /tmp/minio_downloads/1766652335.json
[2025-12-25T08:47:55.936+0000] {logging_mixin.py:188} INFO - Downloaded TSLA/1766652347.json -> /tmp/minio_downloads/1766652347.json
[2025-12-25T08:47:56.003+0000] {logging_mixin.py:188} INFO - Downloaded TSLA/1766652358.json -> /tmp/minio_downloads/1766652358.json
[2025-12-25T08:47:56.022+0000] {logging_mixin.py:188} INFO - Downloaded TSLA/1766652371.json -> /tmp/minio_downloads/1766652371.json
[2025-12-25T08:47:56.087+0000] {logging_mixin.py:188} INFO - Downloaded TSLA/1766652384.json -> /tmp/minio_downloads/1766652384.json
[2025-12-25T08:47:56.193+0000] {logging_mixin.py:188} INFO - Downloaded TSLA/1766652399.json -> /tmp/minio_downloads/1766652399.json
[2025-12-25T08:47:56.251+0000] {logging_mixin.py:188} INFO - Downloaded TSLA/1766652411.json -> /tmp/minio_downloads/1766652411.json
[2025-12-25T08:47:56.280+0000] {logging_mixin.py:188} INFO - Downloaded TSLA/1766652423.json -> /tmp/minio_downloads/1766652423.json
[2025-12-25T08:47:56.311+0000] {logging_mixin.py:188} INFO - Downloaded TSLA/1766652437.json -> /tmp/minio_downloads/1766652437.json
[2025-12-25T08:47:56.333+0000] {logging_mixin.py:188} INFO - Downloaded TSLA/1766652450.json -> /tmp/minio_downloads/1766652450.json
[2025-12-25T08:47:56.357+0000] {logging_mixin.py:188} INFO - Downloaded TSLA/1766652461.json -> /tmp/minio_downloads/1766652461.json
[2025-12-25T08:47:56.385+0000] {python.py:237} INFO - Done. Returned value was: ['/tmp/minio_downloads/1766651912.json', '/tmp/minio_downloads/1766651923.json', '/tmp/minio_downloads/1766651935.json', '/tmp/minio_downloads/1766651947.json', '/tmp/minio_downloads/1766651959.json', '/tmp/minio_downloads/1766651972.json', '/tmp/minio_downloads/1766651985.json', '/tmp/minio_downloads/1766651996.json', '/tmp/minio_downloads/1766652008.json', '/tmp/minio_downloads/1766652020.json', '/tmp/minio_downloads/1766652032.json', '/tmp/minio_downloads/1766652044.json', '/tmp/minio_downloads/1766652056.json', '/tmp/minio_downloads/1766652067.json', '/tmp/minio_downloads/1766652079.json', '/tmp/minio_downloads/1766652091.json', '/tmp/minio_downloads/1766652104.json', '/tmp/minio_downloads/1766652116.json', '/tmp/minio_downloads/1766652128.json', '/tmp/minio_downloads/1766652140.json', '/tmp/minio_downloads/1766652153.json', '/tmp/minio_downloads/1766652164.json', '/tmp/minio_downloads/1766652176.json', '/tmp/minio_downloads/1766652188.json', '/tmp/minio_downloads/1766652200.json', '/tmp/minio_downloads/1766652213.json', '/tmp/minio_downloads/1766652224.json', '/tmp/minio_downloads/1766652236.json', '/tmp/minio_downloads/1766652248.json', '/tmp/minio_downloads/1766652260.json', '/tmp/minio_downloads/1766652272.json', '/tmp/minio_downloads/1766652284.json', '/tmp/minio_downloads/1766652296.json', '/tmp/minio_downloads/1766652308.json', '/tmp/minio_downloads/1766652319.json', '/tmp/minio_downloads/1766652332.json', '/tmp/minio_downloads/1766652345.json', '/tmp/minio_downloads/1766652356.json', '/tmp/minio_downloads/1766652369.json', '/tmp/minio_downloads/1766652381.json', '/tmp/minio_downloads/1766652397.json', '/tmp/minio_downloads/1766652409.json', '/tmp/minio_downloads/1766652421.json', '/tmp/minio_downloads/1766652434.json', '/tmp/minio_downloads/1766652447.json', '/tmp/minio_downloads/1766652459.json', '/tmp/minio_downloads/1766651916.json', '/tmp/minio_downloads/1766651928.json', '/tmp/minio_downloads/1766651940.json', '/tmp/minio_downloads/1766651952.json', '/tmp/minio_downloads/1766651964.json', '/tmp/minio_downloads/1766651978.json', '/tmp/minio_downloads/1766651989.json', '/tmp/minio_downloads/1766652001.json', '/tmp/minio_downloads/1766652013.json', '/tmp/minio_downloads/1766652025.json', '/tmp/minio_downloads/1766652036.json', '/tmp/minio_downloads/1766652048.json', '/tmp/minio_downloads/1766652060.json', '/tmp/minio_downloads/1766652072.json', '/tmp/minio_downloads/1766652084.json', '/tmp/minio_downloads/1766652097.json', '/tmp/minio_downloads/1766652109.json', '/tmp/minio_downloads/1766652121.json', '/tmp/minio_downloads/1766652133.json', '/tmp/minio_downloads/1766652145.json', '/tmp/minio_downloads/1766652157.json', '/tmp/minio_downloads/1766652169.json', '/tmp/minio_downloads/1766652181.json', '/tmp/minio_downloads/1766652193.json', '/tmp/minio_downloads/1766652206.json', '/tmp/minio_downloads/1766652217.json', '/tmp/minio_downloads/1766652229.json', '/tmp/minio_downloads/1766652241.json', '/tmp/minio_downloads/1766652253.json', '/tmp/minio_downloads/1766652264.json', '/tmp/minio_downloads/1766652277.json', '/tmp/minio_downloads/1766652289.json', '/tmp/minio_downloads/1766652301.json', '/tmp/minio_downloads/1766652312.json', '/tmp/minio_downloads/1766652325.json', '/tmp/minio_downloads/1766652338.json', '/tmp/minio_downloads/1766652349.json', '/tmp/minio_downloads/1766652361.json', '/tmp/minio_downloads/1766652374.json', '/tmp/minio_downloads/1766652390.json', '/tmp/minio_downloads/1766652401.json', '/tmp/minio_downloads/1766652413.json', '/tmp/minio_downloads/1766652426.json', '/tmp/minio_downloads/1766652439.json', '/tmp/minio_downloads/1766652452.json', '/tmp/minio_downloads/1766652464.json', '/tmp/minio_downloads/1766651915.json', '/tmp/minio_downloads/1766651927.json', '/tmp/minio_downloads/1766651939.json', '/tmp/minio_downloads/1766651951.json', '/tmp/minio_downloads/1766651963.json', '/tmp/minio_downloads/1766651977.json', '/tmp/minio_downloads/1766651988.json', '/tmp/minio_downloads/1766652000.json', '/tmp/minio_downloads/1766652012.json', '/tmp/minio_downloads/1766652024.json', '/tmp/minio_downloads/1766652035.json', '/tmp/minio_downloads/1766652047.json', '/tmp/minio_downloads/1766652059.json', '/tmp/minio_downloads/1766652071.json', '/tmp/minio_downloads/1766652083.json', '/tmp/minio_downloads/1766652096.json', '/tmp/minio_downloads/1766652107.json', '/tmp/minio_downloads/1766652119.json', '/tmp/minio_downloads/1766652131.json', '/tmp/minio_downloads/1766652144.json', '/tmp/minio_downloads/1766652156.json', '/tmp/minio_downloads/1766652168.json', '/tmp/minio_downloads/1766652180.json', '/tmp/minio_downloads/1766652191.json', '/tmp/minio_downloads/1766652205.json', '/tmp/minio_downloads/1766652216.json', '/tmp/minio_downloads/1766652228.json', '/tmp/minio_downloads/1766652240.json', '/tmp/minio_downloads/1766652251.json', '/tmp/minio_downloads/1766652263.json', '/tmp/minio_downloads/1766652276.json', '/tmp/minio_downloads/1766652288.json', '/tmp/minio_downloads/1766652300.json', '/tmp/minio_downloads/1766652311.json', '/tmp/minio_downloads/1766652323.json', '/tmp/minio_downloads/1766652336.json', '/tmp/minio_downloads/1766652348.json', '/tmp/minio_downloads/1766652360.json', '/tmp/minio_downloads/1766652372.json', '/tmp/minio_downloads/1766652386.json', '/tmp/minio_downloads/1766652400.json', '/tmp/minio_downloads/1766652412.json', '/tmp/minio_downloads/1766652425.json', '/tmp/minio_downloads/1766652438.json', '/tmp/minio_downloads/1766652451.json', '/tmp/minio_downloads/1766652462.json', '/tmp/minio_downloads/1766651913.json', '/tmp/minio_downloads/1766651924.json', '/tmp/minio_downloads/1766651937.json', '/tmp/minio_downloads/1766651948.json', '/tmp/minio_downloads/1766651960.json', '/tmp/minio_downloads/1766651973.json', '/tmp/minio_downloads/1766651986.json', '/tmp/minio_downloads/1766651998.json', '/tmp/minio_downloads/1766652009.json', '/tmp/minio_downloads/1766652021.json', '/tmp/minio_downloads/1766652033.json', '/tmp/minio_downloads/1766652045.json', '/tmp/minio_downloads/1766652057.json', '/tmp/minio_downloads/1766652069.json', '/tmp/minio_downloads/1766652080.json', '/tmp/minio_downloads/1766652092.json', '/tmp/minio_downloads/1766652105.json', '/tmp/minio_downloads/1766652117.json', '/tmp/minio_downloads/1766652129.json', '/tmp/minio_downloads/1766652141.json', '/tmp/minio_downloads/1766652154.json', '/tmp/minio_downloads/1766652166.json', '/tmp/minio_downloads/1766652177.json', '/tmp/minio_downloads/1766652189.json', '/tmp/minio_downloads/1766652202.json', '/tmp/minio_downloads/1766652214.json', '/tmp/minio_downloads/1766652225.json', '/tmp/minio_downloads/1766652238.json', '/tmp/minio_downloads/1766652249.json', '/tmp/minio_downloads/1766652261.json', '/tmp/minio_downloads/1766652274.json', '/tmp/minio_downloads/1766652286.json', '/tmp/minio_downloads/1766652297.json', '/tmp/minio_downloads/1766652309.json', '/tmp/minio_downloads/1766652320.json', '/tmp/minio_downloads/1766652334.json', '/tmp/minio_downloads/1766652346.json', '/tmp/minio_downloads/1766652357.json', '/tmp/minio_downloads/1766652370.json', '/tmp/minio_downloads/1766652383.json', '/tmp/minio_downloads/1766652398.json', '/tmp/minio_downloads/1766652410.json', '/tmp/minio_downloads/1766652422.json', '/tmp/minio_downloads/1766652435.json', '/tmp/minio_downloads/1766652448.json', '/tmp/minio_downloads/1766652460.json', '/tmp/minio_downloads/1766651914.json', '/tmp/minio_downloads/1766651926.json', '/tmp/minio_downloads/1766651938.json', '/tmp/minio_downloads/1766651949.json', '/tmp/minio_downloads/1766651961.json', '/tmp/minio_downloads/1766651975.json', '/tmp/minio_downloads/1766651987.json', '/tmp/minio_downloads/1766651999.json', '/tmp/minio_downloads/1766652011.json', '/tmp/minio_downloads/1766652022.json', '/tmp/minio_downloads/1766652034.json', '/tmp/minio_downloads/1766652046.json', '/tmp/minio_downloads/1766652058.json', '/tmp/minio_downloads/1766652070.json', '/tmp/minio_downloads/1766652081.json', '/tmp/minio_downloads/1766652094.json', '/tmp/minio_downloads/1766652106.json', '/tmp/minio_downloads/1766652118.json', '/tmp/minio_downloads/1766652130.json', '/tmp/minio_downloads/1766652142.json', '/tmp/minio_downloads/1766652155.json', '/tmp/minio_downloads/1766652167.json', '/tmp/minio_downloads/1766652178.json', '/tmp/minio_downloads/1766652190.json', '/tmp/minio_downloads/1766652204.json', '/tmp/minio_downloads/1766652215.json', '/tmp/minio_downloads/1766652227.json', '/tmp/minio_downloads/1766652239.json', '/tmp/minio_downloads/1766652250.json', '/tmp/minio_downloads/1766652262.json', '/tmp/minio_downloads/1766652275.json', '/tmp/minio_downloads/1766652287.json', '/tmp/minio_downloads/1766652298.json', '/tmp/minio_downloads/1766652310.json', '/tmp/minio_downloads/1766652322.json', '/tmp/minio_downloads/1766652335.json', '/tmp/minio_downloads/1766652347.json', '/tmp/minio_downloads/1766652358.json', '/tmp/minio_downloads/1766652371.json', '/tmp/minio_downloads/1766652384.json', '/tmp/minio_downloads/1766652399.json', '/tmp/minio_downloads/1766652411.json', '/tmp/minio_downloads/1766652423.json', '/tmp/minio_downloads/1766652437.json', '/tmp/minio_downloads/1766652450.json', '/tmp/minio_downloads/1766652461.json']
[2025-12-25T08:47:56.392+0000] {taskinstance.py:441} INFO - ::group::Post task execution logs
[2025-12-25T08:47:57.772+0000] {taskinstance.py:1206} INFO - Marking task as SUCCESS. dag_id=minio_to_snowflake, task_id=download_minio, run_id=scheduled__2025-12-25T08:45:00+00:00, execution_date=20251225T084500, start_date=20251225T084739, end_date=20251225T084757
[2025-12-25T08:47:57.974+0000] {local_task_job_runner.py:243} INFO - Task exited with return code 0
[2025-12-25T08:47:58.243+0000] {taskinstance.py:3503} INFO - 1 downstream tasks scheduled from follow-on schedule check
[2025-12-25T08:47:58.259+0000] {local_task_job_runner.py:222} INFO - ::endgroup::
