[2025-12-25T15:09:12.662+0000] {local_task_job_runner.py:120} INFO - ::group::Pre task execution logs
[2025-12-25T15:09:12.815+0000] {taskinstance.py:2076} INFO - Dependencies all met for dep_context=non-requeueable deps ti=<TaskInstance: minio_to_snowflake.download_minio scheduled__2025-12-25T15:07:00+00:00 [queued]>
[2025-12-25T15:09:12.827+0000] {taskinstance.py:2076} INFO - Dependencies all met for dep_context=requeueable deps ti=<TaskInstance: minio_to_snowflake.download_minio scheduled__2025-12-25T15:07:00+00:00 [queued]>
[2025-12-25T15:09:12.829+0000] {taskinstance.py:2306} INFO - Starting attempt 1 of 2
[2025-12-25T15:09:12.850+0000] {taskinstance.py:2330} INFO - Executing <Task(PythonOperator): download_minio> on 2025-12-25 15:07:00+00:00
[2025-12-25T15:09:12.896+0000] {logging_mixin.py:188} WARNING - /home/***/.local/lib/python3.12/site-packages/***/task/task_runner/standard_task_runner.py:62 DeprecationWarning: This process (pid=89) is multi-threaded, use of fork() may lead to deadlocks in the child.
[2025-12-25T15:09:12.890+0000] {standard_task_runner.py:90} INFO - Running: ['***', 'tasks', 'run', 'minio_to_snowflake', 'download_minio', 'scheduled__2025-12-25T15:07:00+00:00', '--job-id', '2', '--raw', '--subdir', 'DAGS_FOLDER/minio_to_snowflake.py', '--cfg-path', '/tmp/tmpkpx4e8du']
[2025-12-25T15:09:12.899+0000] {standard_task_runner.py:64} INFO - Started process 104 to run task
[2025-12-25T15:09:12.899+0000] {standard_task_runner.py:91} INFO - Job 2: Subtask download_minio
[2025-12-25T15:09:13.034+0000] {task_command.py:426} INFO - Running <TaskInstance: minio_to_snowflake.download_minio scheduled__2025-12-25T15:07:00+00:00 [running]> on host 507725cbaced
[2025-12-25T15:09:13.307+0000] {taskinstance.py:2648} INFO - Exporting env vars: AIRFLOW_CTX_DAG_OWNER='***' AIRFLOW_CTX_DAG_ID='minio_to_snowflake' AIRFLOW_CTX_TASK_ID='download_minio' AIRFLOW_CTX_EXECUTION_DATE='2025-12-25T15:07:00+00:00' AIRFLOW_CTX_TRY_NUMBER='1' AIRFLOW_CTX_DAG_RUN_ID='scheduled__2025-12-25T15:07:00+00:00'
[2025-12-25T15:09:13.309+0000] {taskinstance.py:430} INFO - ::endgroup::
[2025-12-25T15:09:54.772+0000] {logging_mixin.py:188} INFO - Downloaded AAPL/1766675270.json -> /tmp/minio_downloads/1766675270.json
[2025-12-25T15:09:54.822+0000] {logging_mixin.py:188} INFO - Downloaded AAPL/1766675282.json -> /tmp/minio_downloads/1766675282.json
[2025-12-25T15:09:54.882+0000] {logging_mixin.py:188} INFO - Downloaded AAPL/1766675294.json -> /tmp/minio_downloads/1766675294.json
[2025-12-25T15:09:54.943+0000] {logging_mixin.py:188} INFO - Downloaded AAPL/1766675306.json -> /tmp/minio_downloads/1766675306.json
[2025-12-25T15:09:55.002+0000] {logging_mixin.py:188} INFO - Downloaded AAPL/1766675318.json -> /tmp/minio_downloads/1766675318.json
[2025-12-25T15:09:55.064+0000] {logging_mixin.py:188} INFO - Downloaded AAPL/1766675330.json -> /tmp/minio_downloads/1766675330.json
[2025-12-25T15:09:55.114+0000] {logging_mixin.py:188} INFO - Downloaded AAPL/1766675342.json -> /tmp/minio_downloads/1766675342.json
[2025-12-25T15:09:55.181+0000] {logging_mixin.py:188} INFO - Downloaded AAPL/1766675354.json -> /tmp/minio_downloads/1766675354.json
[2025-12-25T15:09:55.258+0000] {logging_mixin.py:188} INFO - Downloaded AAPL/1766675366.json -> /tmp/minio_downloads/1766675366.json
[2025-12-25T15:09:55.351+0000] {logging_mixin.py:188} INFO - Downloaded AMZN/1766675275.json -> /tmp/minio_downloads/1766675275.json
[2025-12-25T15:09:55.430+0000] {logging_mixin.py:188} INFO - Downloaded AMZN/1766675287.json -> /tmp/minio_downloads/1766675287.json
[2025-12-25T15:09:55.501+0000] {logging_mixin.py:188} INFO - Downloaded AMZN/1766675299.json -> /tmp/minio_downloads/1766675299.json
[2025-12-25T15:09:55.548+0000] {logging_mixin.py:188} INFO - Downloaded AMZN/1766675311.json -> /tmp/minio_downloads/1766675311.json
[2025-12-25T15:09:55.612+0000] {logging_mixin.py:188} INFO - Downloaded AMZN/1766675323.json -> /tmp/minio_downloads/1766675323.json
[2025-12-25T15:09:55.655+0000] {logging_mixin.py:188} INFO - Downloaded AMZN/1766675335.json -> /tmp/minio_downloads/1766675335.json
[2025-12-25T15:09:55.714+0000] {logging_mixin.py:188} INFO - Downloaded AMZN/1766675347.json -> /tmp/minio_downloads/1766675347.json
[2025-12-25T15:09:55.814+0000] {logging_mixin.py:188} INFO - Downloaded AMZN/1766675359.json -> /tmp/minio_downloads/1766675359.json
[2025-12-25T15:09:55.887+0000] {logging_mixin.py:188} INFO - Downloaded AMZN/1766675371.json -> /tmp/minio_downloads/1766675371.json
[2025-12-25T15:09:55.999+0000] {logging_mixin.py:188} INFO - Downloaded GOOGL/1766675274.json -> /tmp/minio_downloads/1766675274.json
[2025-12-25T15:09:56.043+0000] {logging_mixin.py:188} INFO - Downloaded GOOGL/1766675286.json -> /tmp/minio_downloads/1766675286.json
[2025-12-25T15:09:56.103+0000] {logging_mixin.py:188} INFO - Downloaded GOOGL/1766675298.json -> /tmp/minio_downloads/1766675298.json
[2025-12-25T15:09:56.149+0000] {logging_mixin.py:188} INFO - Downloaded GOOGL/1766675309.json -> /tmp/minio_downloads/1766675309.json
[2025-12-25T15:09:56.206+0000] {logging_mixin.py:188} INFO - Downloaded GOOGL/1766675322.json -> /tmp/minio_downloads/1766675322.json
[2025-12-25T15:09:56.241+0000] {logging_mixin.py:188} INFO - Downloaded GOOGL/1766675334.json -> /tmp/minio_downloads/1766675334.json
[2025-12-25T15:09:56.279+0000] {logging_mixin.py:188} INFO - Downloaded GOOGL/1766675346.json -> /tmp/minio_downloads/1766675346.json
[2025-12-25T15:09:56.328+0000] {logging_mixin.py:188} INFO - Downloaded GOOGL/1766675358.json -> /tmp/minio_downloads/1766675358.json
[2025-12-25T15:09:56.518+0000] {logging_mixin.py:188} INFO - Downloaded GOOGL/1766675370.json -> /tmp/minio_downloads/1766675370.json
[2025-12-25T15:09:56.740+0000] {logging_mixin.py:188} INFO - Downloaded GOOGL/1766675381.json -> /tmp/minio_downloads/1766675381.json
[2025-12-25T15:09:56.776+0000] {logging_mixin.py:188} INFO - Downloaded MSFT/1766675271.json -> /tmp/minio_downloads/1766675271.json
[2025-12-25T15:09:56.826+0000] {logging_mixin.py:188} INFO - Downloaded MSFT/1766675284.json -> /tmp/minio_downloads/1766675284.json
[2025-12-25T15:09:56.868+0000] {logging_mixin.py:188} INFO - Downloaded MSFT/1766675295.json -> /tmp/minio_downloads/1766675295.json
[2025-12-25T15:09:56.906+0000] {logging_mixin.py:188} INFO - Downloaded MSFT/1766675307.json -> /tmp/minio_downloads/1766675307.json
[2025-12-25T15:09:56.929+0000] {logging_mixin.py:188} INFO - Downloaded MSFT/1766675319.json -> /tmp/minio_downloads/1766675319.json
[2025-12-25T15:09:57.019+0000] {logging_mixin.py:188} INFO - Downloaded MSFT/1766675331.json -> /tmp/minio_downloads/1766675331.json
[2025-12-25T15:09:57.097+0000] {logging_mixin.py:188} INFO - Downloaded MSFT/1766675343.json -> /tmp/minio_downloads/1766675343.json
[2025-12-25T15:09:57.183+0000] {logging_mixin.py:188} INFO - Downloaded MSFT/1766675356.json -> /tmp/minio_downloads/1766675356.json
[2025-12-25T15:09:57.221+0000] {logging_mixin.py:188} INFO - Downloaded MSFT/1766675368.json -> /tmp/minio_downloads/1766675368.json
[2025-12-25T15:09:57.252+0000] {logging_mixin.py:188} INFO - Downloaded TSLA/1766675273.json -> /tmp/minio_downloads/1766675273.json
[2025-12-25T15:09:57.286+0000] {logging_mixin.py:188} INFO - Downloaded TSLA/1766675285.json -> /tmp/minio_downloads/1766675285.json
[2025-12-25T15:09:57.320+0000] {logging_mixin.py:188} INFO - Downloaded TSLA/1766675296.json -> /tmp/minio_downloads/1766675296.json
[2025-12-25T15:09:57.383+0000] {logging_mixin.py:188} INFO - Downloaded TSLA/1766675308.json -> /tmp/minio_downloads/1766675308.json
[2025-12-25T15:09:57.451+0000] {logging_mixin.py:188} INFO - Downloaded TSLA/1766675320.json -> /tmp/minio_downloads/1766675320.json
[2025-12-25T15:09:57.564+0000] {logging_mixin.py:188} INFO - Downloaded TSLA/1766675332.json -> /tmp/minio_downloads/1766675332.json
[2025-12-25T15:09:57.638+0000] {logging_mixin.py:188} INFO - Downloaded TSLA/1766675345.json -> /tmp/minio_downloads/1766675345.json
[2025-12-25T15:09:57.705+0000] {logging_mixin.py:188} INFO - Downloaded TSLA/1766675357.json -> /tmp/minio_downloads/1766675357.json
[2025-12-25T15:09:57.808+0000] {logging_mixin.py:188} INFO - Downloaded TSLA/1766675369.json -> /tmp/minio_downloads/1766675369.json
[2025-12-25T15:09:58.047+0000] {logging_mixin.py:188} INFO - Downloaded TSLA/1766675380.json -> /tmp/minio_downloads/1766675380.json
[2025-12-25T15:09:58.099+0000] {python.py:237} INFO - Done. Returned value was: ['/tmp/minio_downloads/1766675270.json', '/tmp/minio_downloads/1766675282.json', '/tmp/minio_downloads/1766675294.json', '/tmp/minio_downloads/1766675306.json', '/tmp/minio_downloads/1766675318.json', '/tmp/minio_downloads/1766675330.json', '/tmp/minio_downloads/1766675342.json', '/tmp/minio_downloads/1766675354.json', '/tmp/minio_downloads/1766675366.json', '/tmp/minio_downloads/1766675275.json', '/tmp/minio_downloads/1766675287.json', '/tmp/minio_downloads/1766675299.json', '/tmp/minio_downloads/1766675311.json', '/tmp/minio_downloads/1766675323.json', '/tmp/minio_downloads/1766675335.json', '/tmp/minio_downloads/1766675347.json', '/tmp/minio_downloads/1766675359.json', '/tmp/minio_downloads/1766675371.json', '/tmp/minio_downloads/1766675274.json', '/tmp/minio_downloads/1766675286.json', '/tmp/minio_downloads/1766675298.json', '/tmp/minio_downloads/1766675309.json', '/tmp/minio_downloads/1766675322.json', '/tmp/minio_downloads/1766675334.json', '/tmp/minio_downloads/1766675346.json', '/tmp/minio_downloads/1766675358.json', '/tmp/minio_downloads/1766675370.json', '/tmp/minio_downloads/1766675381.json', '/tmp/minio_downloads/1766675271.json', '/tmp/minio_downloads/1766675284.json', '/tmp/minio_downloads/1766675295.json', '/tmp/minio_downloads/1766675307.json', '/tmp/minio_downloads/1766675319.json', '/tmp/minio_downloads/1766675331.json', '/tmp/minio_downloads/1766675343.json', '/tmp/minio_downloads/1766675356.json', '/tmp/minio_downloads/1766675368.json', '/tmp/minio_downloads/1766675273.json', '/tmp/minio_downloads/1766675285.json', '/tmp/minio_downloads/1766675296.json', '/tmp/minio_downloads/1766675308.json', '/tmp/minio_downloads/1766675320.json', '/tmp/minio_downloads/1766675332.json', '/tmp/minio_downloads/1766675345.json', '/tmp/minio_downloads/1766675357.json', '/tmp/minio_downloads/1766675369.json', '/tmp/minio_downloads/1766675380.json']
[2025-12-25T15:09:58.101+0000] {taskinstance.py:441} INFO - ::group::Post task execution logs
[2025-12-25T15:09:58.699+0000] {taskinstance.py:1206} INFO - Marking task as SUCCESS. dag_id=minio_to_snowflake, task_id=download_minio, run_id=scheduled__2025-12-25T15:07:00+00:00, execution_date=20251225T150700, start_date=20251225T150912, end_date=20251225T150958
[2025-12-25T15:09:59.452+0000] {local_task_job_runner.py:243} INFO - Task exited with return code 0
[2025-12-25T15:09:59.675+0000] {taskinstance.py:3503} INFO - 1 downstream tasks scheduled from follow-on schedule check
[2025-12-25T15:09:59.682+0000] {local_task_job_runner.py:222} INFO - ::endgroup::
