[2025-12-25T14:45:01.082+0000] {local_task_job_runner.py:120} INFO - ::group::Pre task execution logs
[2025-12-25T14:45:01.761+0000] {taskinstance.py:2076} INFO - Dependencies all met for dep_context=non-requeueable deps ti=<TaskInstance: minio_to_snowflake.download_minio scheduled__2025-12-25T14:43:00+00:00 [queued]>
[2025-12-25T14:45:01.808+0000] {taskinstance.py:2076} INFO - Dependencies all met for dep_context=requeueable deps ti=<TaskInstance: minio_to_snowflake.download_minio scheduled__2025-12-25T14:43:00+00:00 [queued]>
[2025-12-25T14:45:01.810+0000] {taskinstance.py:2306} INFO - Starting attempt 1 of 2
[2025-12-25T14:45:01.896+0000] {taskinstance.py:2330} INFO - Executing <Task(PythonOperator): download_minio> on 2025-12-25 14:43:00+00:00
[2025-12-25T14:45:02.442+0000] {logging_mixin.py:188} WARNING - /home/***/.local/lib/python3.12/site-packages/***/task/task_runner/standard_task_runner.py:62 DeprecationWarning: This process (pid=100) is multi-threaded, use of fork() may lead to deadlocks in the child.
[2025-12-25T14:45:02.165+0000] {standard_task_runner.py:90} INFO - Running: ['***', 'tasks', 'run', 'minio_to_snowflake', 'download_minio', 'scheduled__2025-12-25T14:43:00+00:00', '--job-id', '2', '--raw', '--subdir', 'DAGS_FOLDER/minio_to_snowflake.py', '--cfg-path', '/tmp/tmpm2l3dah6']
[2025-12-25T14:45:02.566+0000] {standard_task_runner.py:91} INFO - Job 2: Subtask download_minio
[2025-12-25T14:45:02.564+0000] {standard_task_runner.py:64} INFO - Started process 117 to run task
[2025-12-25T14:45:04.380+0000] {task_command.py:426} INFO - Running <TaskInstance: minio_to_snowflake.download_minio scheduled__2025-12-25T14:43:00+00:00 [running]> on host 0da94edd9430
[2025-12-25T14:45:09.137+0000] {taskinstance.py:2648} INFO - Exporting env vars: AIRFLOW_CTX_DAG_OWNER='***' AIRFLOW_CTX_DAG_ID='minio_to_snowflake' AIRFLOW_CTX_TASK_ID='download_minio' AIRFLOW_CTX_EXECUTION_DATE='2025-12-25T14:43:00+00:00' AIRFLOW_CTX_TRY_NUMBER='1' AIRFLOW_CTX_DAG_RUN_ID='scheduled__2025-12-25T14:43:00+00:00'
[2025-12-25T14:45:09.258+0000] {taskinstance.py:430} INFO - ::endgroup::
[2025-12-25T14:45:16.874+0000] {logging_mixin.py:188} INFO - Downloaded AAPL/1766673812.json -> /tmp/minio_downloads/1766673812.json
[2025-12-25T14:45:16.928+0000] {logging_mixin.py:188} INFO - Downloaded AAPL/1766673824.json -> /tmp/minio_downloads/1766673824.json
[2025-12-25T14:45:16.966+0000] {logging_mixin.py:188} INFO - Downloaded AAPL/1766673836.json -> /tmp/minio_downloads/1766673836.json
[2025-12-25T14:45:17.002+0000] {logging_mixin.py:188} INFO - Downloaded AAPL/1766673847.json -> /tmp/minio_downloads/1766673847.json
[2025-12-25T14:45:17.039+0000] {logging_mixin.py:188} INFO - Downloaded AAPL/1766673860.json -> /tmp/minio_downloads/1766673860.json
[2025-12-25T14:45:17.066+0000] {logging_mixin.py:188} INFO - Downloaded AAPL/1766673872.json -> /tmp/minio_downloads/1766673872.json
[2025-12-25T14:45:17.096+0000] {logging_mixin.py:188} INFO - Downloaded AAPL/1766673884.json -> /tmp/minio_downloads/1766673884.json
[2025-12-25T14:45:17.126+0000] {logging_mixin.py:188} INFO - Downloaded AAPL/1766673898.json -> /tmp/minio_downloads/1766673898.json
[2025-12-25T14:45:17.154+0000] {logging_mixin.py:188} INFO - Downloaded AAPL/1766673911.json -> /tmp/minio_downloads/1766673911.json
[2025-12-25T14:45:17.184+0000] {logging_mixin.py:188} INFO - Downloaded AMZN/1766673817.json -> /tmp/minio_downloads/1766673817.json
[2025-12-25T14:45:17.218+0000] {logging_mixin.py:188} INFO - Downloaded AMZN/1766673829.json -> /tmp/minio_downloads/1766673829.json
[2025-12-25T14:45:17.254+0000] {logging_mixin.py:188} INFO - Downloaded AMZN/1766673840.json -> /tmp/minio_downloads/1766673840.json
[2025-12-25T14:45:17.290+0000] {logging_mixin.py:188} INFO - Downloaded AMZN/1766673853.json -> /tmp/minio_downloads/1766673853.json
[2025-12-25T14:45:17.316+0000] {logging_mixin.py:188} INFO - Downloaded AMZN/1766673865.json -> /tmp/minio_downloads/1766673865.json
[2025-12-25T14:45:17.343+0000] {logging_mixin.py:188} INFO - Downloaded AMZN/1766673877.json -> /tmp/minio_downloads/1766673877.json
[2025-12-25T14:45:17.381+0000] {logging_mixin.py:188} INFO - Downloaded AMZN/1766673891.json -> /tmp/minio_downloads/1766673891.json
[2025-12-25T14:45:17.423+0000] {logging_mixin.py:188} INFO - Downloaded AMZN/1766673904.json -> /tmp/minio_downloads/1766673904.json
[2025-12-25T14:45:17.459+0000] {logging_mixin.py:188} INFO - Downloaded GOOGL/1766673815.json -> /tmp/minio_downloads/1766673815.json
[2025-12-25T14:45:17.507+0000] {logging_mixin.py:188} INFO - Downloaded GOOGL/1766673827.json -> /tmp/minio_downloads/1766673827.json
[2025-12-25T14:45:17.544+0000] {logging_mixin.py:188} INFO - Downloaded GOOGL/1766673839.json -> /tmp/minio_downloads/1766673839.json
[2025-12-25T14:45:17.571+0000] {logging_mixin.py:188} INFO - Downloaded GOOGL/1766673851.json -> /tmp/minio_downloads/1766673851.json
[2025-12-25T14:45:17.596+0000] {logging_mixin.py:188} INFO - Downloaded GOOGL/1766673864.json -> /tmp/minio_downloads/1766673864.json
[2025-12-25T14:45:17.659+0000] {logging_mixin.py:188} INFO - Downloaded GOOGL/1766673876.json -> /tmp/minio_downloads/1766673876.json
[2025-12-25T14:45:17.684+0000] {logging_mixin.py:188} INFO - Downloaded GOOGL/1766673890.json -> /tmp/minio_downloads/1766673890.json
[2025-12-25T14:45:17.728+0000] {logging_mixin.py:188} INFO - Downloaded GOOGL/1766673902.json -> /tmp/minio_downloads/1766673902.json
[2025-12-25T14:45:17.761+0000] {logging_mixin.py:188} INFO - Downloaded GOOGL/1766673915.json -> /tmp/minio_downloads/1766673915.json
[2025-12-25T14:45:17.807+0000] {logging_mixin.py:188} INFO - Downloaded MSFT/1766673813.json -> /tmp/minio_downloads/1766673813.json
[2025-12-25T14:45:17.840+0000] {logging_mixin.py:188} INFO - Downloaded MSFT/1766673825.json -> /tmp/minio_downloads/1766673825.json
[2025-12-25T14:45:17.883+0000] {logging_mixin.py:188} INFO - Downloaded MSFT/1766673837.json -> /tmp/minio_downloads/1766673837.json
[2025-12-25T14:45:17.939+0000] {logging_mixin.py:188} INFO - Downloaded MSFT/1766673849.json -> /tmp/minio_downloads/1766673849.json
[2025-12-25T14:45:17.962+0000] {logging_mixin.py:188} INFO - Downloaded MSFT/1766673861.json -> /tmp/minio_downloads/1766673861.json
[2025-12-25T14:45:18.000+0000] {logging_mixin.py:188} INFO - Downloaded MSFT/1766673874.json -> /tmp/minio_downloads/1766673874.json
[2025-12-25T14:45:18.037+0000] {logging_mixin.py:188} INFO - Downloaded MSFT/1766673887.json -> /tmp/minio_downloads/1766673887.json
[2025-12-25T14:45:18.074+0000] {logging_mixin.py:188} INFO - Downloaded MSFT/1766673899.json -> /tmp/minio_downloads/1766673899.json
[2025-12-25T14:45:18.103+0000] {logging_mixin.py:188} INFO - Downloaded MSFT/1766673913.json -> /tmp/minio_downloads/1766673913.json
[2025-12-25T14:45:18.124+0000] {logging_mixin.py:188} INFO - Downloaded TSLA/1766673814.json -> /tmp/minio_downloads/1766673814.json
[2025-12-25T14:45:18.144+0000] {logging_mixin.py:188} INFO - Downloaded TSLA/1766673826.json -> /tmp/minio_downloads/1766673826.json
[2025-12-25T14:45:18.172+0000] {logging_mixin.py:188} INFO - Downloaded TSLA/1766673838.json -> /tmp/minio_downloads/1766673838.json
[2025-12-25T14:45:18.192+0000] {logging_mixin.py:188} INFO - Downloaded TSLA/1766673850.json -> /tmp/minio_downloads/1766673850.json
[2025-12-25T14:45:18.217+0000] {logging_mixin.py:188} INFO - Downloaded TSLA/1766673863.json -> /tmp/minio_downloads/1766673863.json
[2025-12-25T14:45:18.245+0000] {logging_mixin.py:188} INFO - Downloaded TSLA/1766673875.json -> /tmp/minio_downloads/1766673875.json
[2025-12-25T14:45:18.269+0000] {logging_mixin.py:188} INFO - Downloaded TSLA/1766673888.json -> /tmp/minio_downloads/1766673888.json
[2025-12-25T14:45:18.309+0000] {logging_mixin.py:188} INFO - Downloaded TSLA/1766673901.json -> /tmp/minio_downloads/1766673901.json
[2025-12-25T14:45:18.344+0000] {logging_mixin.py:188} INFO - Downloaded TSLA/1766673914.json -> /tmp/minio_downloads/1766673914.json
[2025-12-25T14:45:18.356+0000] {python.py:237} INFO - Done. Returned value was: ['/tmp/minio_downloads/1766673812.json', '/tmp/minio_downloads/1766673824.json', '/tmp/minio_downloads/1766673836.json', '/tmp/minio_downloads/1766673847.json', '/tmp/minio_downloads/1766673860.json', '/tmp/minio_downloads/1766673872.json', '/tmp/minio_downloads/1766673884.json', '/tmp/minio_downloads/1766673898.json', '/tmp/minio_downloads/1766673911.json', '/tmp/minio_downloads/1766673817.json', '/tmp/minio_downloads/1766673829.json', '/tmp/minio_downloads/1766673840.json', '/tmp/minio_downloads/1766673853.json', '/tmp/minio_downloads/1766673865.json', '/tmp/minio_downloads/1766673877.json', '/tmp/minio_downloads/1766673891.json', '/tmp/minio_downloads/1766673904.json', '/tmp/minio_downloads/1766673815.json', '/tmp/minio_downloads/1766673827.json', '/tmp/minio_downloads/1766673839.json', '/tmp/minio_downloads/1766673851.json', '/tmp/minio_downloads/1766673864.json', '/tmp/minio_downloads/1766673876.json', '/tmp/minio_downloads/1766673890.json', '/tmp/minio_downloads/1766673902.json', '/tmp/minio_downloads/1766673915.json', '/tmp/minio_downloads/1766673813.json', '/tmp/minio_downloads/1766673825.json', '/tmp/minio_downloads/1766673837.json', '/tmp/minio_downloads/1766673849.json', '/tmp/minio_downloads/1766673861.json', '/tmp/minio_downloads/1766673874.json', '/tmp/minio_downloads/1766673887.json', '/tmp/minio_downloads/1766673899.json', '/tmp/minio_downloads/1766673913.json', '/tmp/minio_downloads/1766673814.json', '/tmp/minio_downloads/1766673826.json', '/tmp/minio_downloads/1766673838.json', '/tmp/minio_downloads/1766673850.json', '/tmp/minio_downloads/1766673863.json', '/tmp/minio_downloads/1766673875.json', '/tmp/minio_downloads/1766673888.json', '/tmp/minio_downloads/1766673901.json', '/tmp/minio_downloads/1766673914.json']
[2025-12-25T14:45:18.361+0000] {taskinstance.py:441} INFO - ::group::Post task execution logs
[2025-12-25T14:45:18.460+0000] {taskinstance.py:1206} INFO - Marking task as SUCCESS. dag_id=minio_to_snowflake, task_id=download_minio, run_id=scheduled__2025-12-25T14:43:00+00:00, execution_date=20251225T144300, start_date=20251225T144501, end_date=20251225T144518
[2025-12-25T14:45:18.603+0000] {local_task_job_runner.py:243} INFO - Task exited with return code 0
[2025-12-25T14:45:18.714+0000] {taskinstance.py:3503} INFO - 1 downstream tasks scheduled from follow-on schedule check
[2025-12-25T14:45:18.721+0000] {local_task_job_runner.py:222} INFO - ::endgroup::
