[2025-12-25T09:00:56.149+0000] {local_task_job_runner.py:120} INFO - ::group::Pre task execution logs
[2025-12-25T09:00:56.210+0000] {taskinstance.py:2076} INFO - Dependencies all met for dep_context=non-requeueable deps ti=<TaskInstance: minio_to_snowflake.load_snowflake scheduled__2025-12-25T08:52:00+00:00 [queued]>
[2025-12-25T09:00:56.225+0000] {taskinstance.py:2076} INFO - Dependencies all met for dep_context=requeueable deps ti=<TaskInstance: minio_to_snowflake.load_snowflake scheduled__2025-12-25T08:52:00+00:00 [queued]>
[2025-12-25T09:00:56.226+0000] {taskinstance.py:2306} INFO - Starting attempt 1 of 2
[2025-12-25T09:00:56.252+0000] {taskinstance.py:2330} INFO - Executing <Task(PythonOperator): load_snowflake> on 2025-12-25 08:52:00+00:00
[2025-12-25T09:00:56.274+0000] {standard_task_runner.py:90} INFO - Running: ['***', 'tasks', 'run', 'minio_to_snowflake', 'load_snowflake', 'scheduled__2025-12-25T08:52:00+00:00', '--job-id', '173', '--raw', '--subdir', 'DAGS_FOLDER/minio_to_snowflake.py', '--cfg-path', '/tmp/tmp2ocdpi7v']
[2025-12-25T09:00:56.280+0000] {standard_task_runner.py:91} INFO - Job 173: Subtask load_snowflake
[2025-12-25T09:00:56.281+0000] {logging_mixin.py:188} WARNING - /home/***/.local/lib/python3.12/site-packages/***/task/task_runner/standard_task_runner.py:62 DeprecationWarning: This process (pid=5254) is multi-threaded, use of fork() may lead to deadlocks in the child.
[2025-12-25T09:00:56.283+0000] {standard_task_runner.py:64} INFO - Started process 5268 to run task
[2025-12-25T09:00:56.389+0000] {task_command.py:426} INFO - Running <TaskInstance: minio_to_snowflake.load_snowflake scheduled__2025-12-25T08:52:00+00:00 [running]> on host f2efb562a677
[2025-12-25T09:00:56.575+0000] {taskinstance.py:2648} INFO - Exporting env vars: AIRFLOW_CTX_DAG_OWNER='***' AIRFLOW_CTX_DAG_ID='minio_to_snowflake' AIRFLOW_CTX_TASK_ID='load_snowflake' AIRFLOW_CTX_EXECUTION_DATE='2025-12-25T08:52:00+00:00' AIRFLOW_CTX_TRY_NUMBER='1' AIRFLOW_CTX_DAG_RUN_ID='scheduled__2025-12-25T08:52:00+00:00'
[2025-12-25T09:00:56.577+0000] {taskinstance.py:430} INFO - ::endgroup::
[2025-12-25T09:00:56.629+0000] {connection.py:408} INFO - Snowflake Connector for Python Version: 3.11.0, Python Version: 3.12.4, Platform: Linux-6.6.87.2-microsoft-standard-WSL2-x86_64-with-glibc2.36
[2025-12-25T09:00:56.631+0000] {connection.py:1258} INFO - This connection is in OCSP Fail Open Mode. TLS Certificates would be checked for validity and revocation status. Any other Certificate Revocation related exceptions or OCSP Responder failures would be disregarded in favor of connectivity.
[2025-12-25T09:00:59.922+0000] {logging_mixin.py:188} INFO - Uploaded /tmp/minio_downloads/1766651912.json to Snowflake stage
[2025-12-25T09:01:00.288+0000] {logging_mixin.py:188} INFO - Uploaded /tmp/minio_downloads/1766651923.json to Snowflake stage
[2025-12-25T09:01:01.254+0000] {logging_mixin.py:188} INFO - Uploaded /tmp/minio_downloads/1766651935.json to Snowflake stage
[2025-12-25T09:01:01.713+0000] {logging_mixin.py:188} INFO - Uploaded /tmp/minio_downloads/1766651947.json to Snowflake stage
[2025-12-25T09:01:02.143+0000] {logging_mixin.py:188} INFO - Uploaded /tmp/minio_downloads/1766651959.json to Snowflake stage
[2025-12-25T09:01:02.677+0000] {logging_mixin.py:188} INFO - Uploaded /tmp/minio_downloads/1766651972.json to Snowflake stage
[2025-12-25T09:01:03.178+0000] {logging_mixin.py:188} INFO - Uploaded /tmp/minio_downloads/1766651985.json to Snowflake stage
[2025-12-25T09:01:05.007+0000] {logging_mixin.py:188} INFO - Uploaded /tmp/minio_downloads/1766651996.json to Snowflake stage
[2025-12-25T09:01:05.262+0000] {logging_mixin.py:188} INFO - Uploaded /tmp/minio_downloads/1766652008.json to Snowflake stage
[2025-12-25T09:01:05.516+0000] {logging_mixin.py:188} INFO - Uploaded /tmp/minio_downloads/1766652020.json to Snowflake stage
[2025-12-25T09:01:05.789+0000] {logging_mixin.py:188} INFO - Uploaded /tmp/minio_downloads/1766652032.json to Snowflake stage
[2025-12-25T09:01:06.051+0000] {logging_mixin.py:188} INFO - Uploaded /tmp/minio_downloads/1766652044.json to Snowflake stage
[2025-12-25T09:01:06.325+0000] {logging_mixin.py:188} INFO - Uploaded /tmp/minio_downloads/1766652056.json to Snowflake stage
[2025-12-25T09:01:06.595+0000] {logging_mixin.py:188} INFO - Uploaded /tmp/minio_downloads/1766652067.json to Snowflake stage
[2025-12-25T09:01:06.874+0000] {logging_mixin.py:188} INFO - Uploaded /tmp/minio_downloads/1766652079.json to Snowflake stage
[2025-12-25T09:01:07.149+0000] {logging_mixin.py:188} INFO - Uploaded /tmp/minio_downloads/1766652091.json to Snowflake stage
[2025-12-25T09:01:08.125+0000] {logging_mixin.py:188} INFO - Uploaded /tmp/minio_downloads/1766652104.json to Snowflake stage
[2025-12-25T09:01:08.393+0000] {logging_mixin.py:188} INFO - Uploaded /tmp/minio_downloads/1766652116.json to Snowflake stage
[2025-12-25T09:01:08.663+0000] {logging_mixin.py:188} INFO - Uploaded /tmp/minio_downloads/1766652128.json to Snowflake stage
[2025-12-25T09:01:08.928+0000] {logging_mixin.py:188} INFO - Uploaded /tmp/minio_downloads/1766652140.json to Snowflake stage
[2025-12-25T09:01:09.211+0000] {logging_mixin.py:188} INFO - Uploaded /tmp/minio_downloads/1766652153.json to Snowflake stage
[2025-12-25T09:01:09.658+0000] {logging_mixin.py:188} INFO - Uploaded /tmp/minio_downloads/1766652164.json to Snowflake stage
[2025-12-25T09:01:09.945+0000] {logging_mixin.py:188} INFO - Uploaded /tmp/minio_downloads/1766652176.json to Snowflake stage
[2025-12-25T09:01:10.239+0000] {logging_mixin.py:188} INFO - Uploaded /tmp/minio_downloads/1766652188.json to Snowflake stage
[2025-12-25T09:01:10.522+0000] {logging_mixin.py:188} INFO - Uploaded /tmp/minio_downloads/1766652200.json to Snowflake stage
[2025-12-25T09:01:10.868+0000] {logging_mixin.py:188} INFO - Uploaded /tmp/minio_downloads/1766652213.json to Snowflake stage
[2025-12-25T09:01:11.127+0000] {logging_mixin.py:188} INFO - Uploaded /tmp/minio_downloads/1766652224.json to Snowflake stage
[2025-12-25T09:01:11.458+0000] {logging_mixin.py:188} INFO - Uploaded /tmp/minio_downloads/1766652236.json to Snowflake stage
[2025-12-25T09:01:11.722+0000] {logging_mixin.py:188} INFO - Uploaded /tmp/minio_downloads/1766652248.json to Snowflake stage
[2025-12-25T09:01:11.980+0000] {logging_mixin.py:188} INFO - Uploaded /tmp/minio_downloads/1766652260.json to Snowflake stage
[2025-12-25T09:01:12.252+0000] {logging_mixin.py:188} INFO - Uploaded /tmp/minio_downloads/1766652272.json to Snowflake stage
[2025-12-25T09:01:12.523+0000] {logging_mixin.py:188} INFO - Uploaded /tmp/minio_downloads/1766652284.json to Snowflake stage
[2025-12-25T09:01:12.780+0000] {logging_mixin.py:188} INFO - Uploaded /tmp/minio_downloads/1766652296.json to Snowflake stage
[2025-12-25T09:01:13.035+0000] {logging_mixin.py:188} INFO - Uploaded /tmp/minio_downloads/1766652308.json to Snowflake stage
[2025-12-25T09:01:13.302+0000] {logging_mixin.py:188} INFO - Uploaded /tmp/minio_downloads/1766652319.json to Snowflake stage
[2025-12-25T09:01:13.591+0000] {logging_mixin.py:188} INFO - Uploaded /tmp/minio_downloads/1766652332.json to Snowflake stage
[2025-12-25T09:01:13.830+0000] {logging_mixin.py:188} INFO - Uploaded /tmp/minio_downloads/1766652345.json to Snowflake stage
[2025-12-25T09:01:14.106+0000] {logging_mixin.py:188} INFO - Uploaded /tmp/minio_downloads/1766652356.json to Snowflake stage
[2025-12-25T09:01:14.383+0000] {logging_mixin.py:188} INFO - Uploaded /tmp/minio_downloads/1766652369.json to Snowflake stage
[2025-12-25T09:01:14.725+0000] {logging_mixin.py:188} INFO - Uploaded /tmp/minio_downloads/1766652381.json to Snowflake stage
[2025-12-25T09:01:14.987+0000] {logging_mixin.py:188} INFO - Uploaded /tmp/minio_downloads/1766652397.json to Snowflake stage
[2025-12-25T09:01:15.258+0000] {logging_mixin.py:188} INFO - Uploaded /tmp/minio_downloads/1766652409.json to Snowflake stage
[2025-12-25T09:01:15.552+0000] {logging_mixin.py:188} INFO - Uploaded /tmp/minio_downloads/1766652421.json to Snowflake stage
[2025-12-25T09:01:15.872+0000] {logging_mixin.py:188} INFO - Uploaded /tmp/minio_downloads/1766652434.json to Snowflake stage
[2025-12-25T09:01:16.170+0000] {logging_mixin.py:188} INFO - Uploaded /tmp/minio_downloads/1766652447.json to Snowflake stage
[2025-12-25T09:01:16.454+0000] {logging_mixin.py:188} INFO - Uploaded /tmp/minio_downloads/1766652459.json to Snowflake stage
[2025-12-25T09:01:16.814+0000] {logging_mixin.py:188} INFO - Uploaded /tmp/minio_downloads/1766652471.json to Snowflake stage
[2025-12-25T09:01:17.121+0000] {logging_mixin.py:188} INFO - Uploaded /tmp/minio_downloads/1766652485.json to Snowflake stage
[2025-12-25T09:01:17.430+0000] {logging_mixin.py:188} INFO - Uploaded /tmp/minio_downloads/1766652498.json to Snowflake stage
[2025-12-25T09:01:17.713+0000] {logging_mixin.py:188} INFO - Uploaded /tmp/minio_downloads/1766652511.json to Snowflake stage
[2025-12-25T09:01:18.073+0000] {logging_mixin.py:188} INFO - Uploaded /tmp/minio_downloads/1766652524.json to Snowflake stage
[2025-12-25T09:01:18.454+0000] {logging_mixin.py:188} INFO - Uploaded /tmp/minio_downloads/1766652538.json to Snowflake stage
[2025-12-25T09:01:18.742+0000] {logging_mixin.py:188} INFO - Uploaded /tmp/minio_downloads/1766652552.json to Snowflake stage
[2025-12-25T09:01:19.052+0000] {logging_mixin.py:188} INFO - Uploaded /tmp/minio_downloads/1766652565.json to Snowflake stage
[2025-12-25T09:01:19.336+0000] {logging_mixin.py:188} INFO - Uploaded /tmp/minio_downloads/1766652578.json to Snowflake stage
[2025-12-25T09:01:19.630+0000] {logging_mixin.py:188} INFO - Uploaded /tmp/minio_downloads/1766652592.json to Snowflake stage
[2025-12-25T09:01:19.894+0000] {logging_mixin.py:188} INFO - Uploaded /tmp/minio_downloads/1766652605.json to Snowflake stage
[2025-12-25T09:01:20.191+0000] {logging_mixin.py:188} INFO - Uploaded /tmp/minio_downloads/1766652619.json to Snowflake stage
[2025-12-25T09:01:20.481+0000] {logging_mixin.py:188} INFO - Uploaded /tmp/minio_downloads/1766652633.json to Snowflake stage
[2025-12-25T09:01:20.785+0000] {logging_mixin.py:188} INFO - Uploaded /tmp/minio_downloads/1766652648.json to Snowflake stage
[2025-12-25T09:01:21.065+0000] {logging_mixin.py:188} INFO - Uploaded /tmp/minio_downloads/1766652660.json to Snowflake stage
[2025-12-25T09:01:21.361+0000] {logging_mixin.py:188} INFO - Uploaded /tmp/minio_downloads/1766652672.json to Snowflake stage
[2025-12-25T09:01:21.690+0000] {logging_mixin.py:188} INFO - Uploaded /tmp/minio_downloads/1766652685.json to Snowflake stage
[2025-12-25T09:01:21.962+0000] {logging_mixin.py:188} INFO - Uploaded /tmp/minio_downloads/1766652698.json to Snowflake stage
[2025-12-25T09:01:22.279+0000] {logging_mixin.py:188} INFO - Uploaded /tmp/minio_downloads/1766652711.json to Snowflake stage
[2025-12-25T09:01:22.819+0000] {logging_mixin.py:188} INFO - Uploaded /tmp/minio_downloads/1766652722.json to Snowflake stage
[2025-12-25T09:01:23.160+0000] {logging_mixin.py:188} INFO - Uploaded /tmp/minio_downloads/1766652734.json to Snowflake stage
[2025-12-25T09:01:24.623+0000] {logging_mixin.py:188} INFO - Uploaded /tmp/minio_downloads/1766652747.json to Snowflake stage
[2025-12-25T09:01:25.038+0000] {logging_mixin.py:188} INFO - Uploaded /tmp/minio_downloads/1766652759.json to Snowflake stage
[2025-12-25T09:01:25.609+0000] {logging_mixin.py:188} INFO - Uploaded /tmp/minio_downloads/1766652771.json to Snowflake stage
[2025-12-25T09:01:26.167+0000] {logging_mixin.py:188} INFO - Uploaded /tmp/minio_downloads/1766652784.json to Snowflake stage
[2025-12-25T09:01:26.956+0000] {logging_mixin.py:188} INFO - Uploaded /tmp/minio_downloads/1766652797.json to Snowflake stage
[2025-12-25T09:01:27.433+0000] {logging_mixin.py:188} INFO - Uploaded /tmp/minio_downloads/1766652811.json to Snowflake stage
[2025-12-25T09:01:29.122+0000] {logging_mixin.py:188} INFO - Uploaded /tmp/minio_downloads/1766652823.json to Snowflake stage
[2025-12-25T09:01:29.820+0000] {logging_mixin.py:188} INFO - Uploaded /tmp/minio_downloads/1766652835.json to Snowflake stage
[2025-12-25T09:01:30.225+0000] {logging_mixin.py:188} INFO - Uploaded /tmp/minio_downloads/1766652849.json to Snowflake stage
[2025-12-25T09:01:30.814+0000] {logging_mixin.py:188} INFO - Uploaded /tmp/minio_downloads/1766652861.json to Snowflake stage
[2025-12-25T09:01:31.235+0000] {logging_mixin.py:188} INFO - Uploaded /tmp/minio_downloads/1766652873.json to Snowflake stage
[2025-12-25T09:01:31.757+0000] {logging_mixin.py:188} INFO - Uploaded /tmp/minio_downloads/1766652885.json to Snowflake stage
[2025-12-25T09:01:32.659+0000] {logging_mixin.py:188} INFO - Uploaded /tmp/minio_downloads/1766652897.json to Snowflake stage
[2025-12-25T09:01:33.149+0000] {logging_mixin.py:188} INFO - Uploaded /tmp/minio_downloads/1766652914.json to Snowflake stage
[2025-12-25T09:01:33.530+0000] {logging_mixin.py:188} INFO - Uploaded /tmp/minio_downloads/1766652926.json to Snowflake stage
[2025-12-25T09:01:33.922+0000] {logging_mixin.py:188} INFO - Uploaded /tmp/minio_downloads/1766652938.json to Snowflake stage
[2025-12-25T09:01:34.964+0000] {logging_mixin.py:188} INFO - Uploaded /tmp/minio_downloads/1766652951.json to Snowflake stage
[2025-12-25T09:01:35.529+0000] {logging_mixin.py:188} INFO - Uploaded /tmp/minio_downloads/1766652965.json to Snowflake stage
[2025-12-25T09:01:36.172+0000] {logging_mixin.py:188} INFO - Uploaded /tmp/minio_downloads/1766652976.json to Snowflake stage
[2025-12-25T09:01:37.297+0000] {logging_mixin.py:188} INFO - Uploaded /tmp/minio_downloads/1766652987.json to Snowflake stage
[2025-12-25T09:01:37.997+0000] {logging_mixin.py:188} INFO - Uploaded /tmp/minio_downloads/1766653001.json to Snowflake stage
[2025-12-25T09:01:38.854+0000] {logging_mixin.py:188} INFO - Uploaded /tmp/minio_downloads/1766653014.json to Snowflake stage
[2025-12-25T09:01:40.101+0000] {logging_mixin.py:188} INFO - Uploaded /tmp/minio_downloads/1766653027.json to Snowflake stage
[2025-12-25T09:01:40.776+0000] {logging_mixin.py:188} INFO - Uploaded /tmp/minio_downloads/1766653039.json to Snowflake stage
[2025-12-25T09:01:41.410+0000] {logging_mixin.py:188} INFO - Uploaded /tmp/minio_downloads/1766653053.json to Snowflake stage
[2025-12-25T09:01:41.790+0000] {logging_mixin.py:188} INFO - Uploaded /tmp/minio_downloads/1766653067.json to Snowflake stage
[2025-12-25T09:01:42.191+0000] {logging_mixin.py:188} INFO - Uploaded /tmp/minio_downloads/1766653080.json to Snowflake stage
[2025-12-25T09:01:43.644+0000] {logging_mixin.py:188} INFO - Uploaded /tmp/minio_downloads/1766653092.json to Snowflake stage
[2025-12-25T09:01:44.578+0000] {logging_mixin.py:188} INFO - Uploaded /tmp/minio_downloads/1766653104.json to Snowflake stage
[2025-12-25T09:01:44.968+0000] {logging_mixin.py:188} INFO - Uploaded /tmp/minio_downloads/1766653117.json to Snowflake stage
[2025-12-25T09:01:45.388+0000] {logging_mixin.py:188} INFO - Uploaded /tmp/minio_downloads/1766653132.json to Snowflake stage
[2025-12-25T09:01:45.827+0000] {logging_mixin.py:188} INFO - Uploaded /tmp/minio_downloads/1766653145.json to Snowflake stage
[2025-12-25T09:01:46.531+0000] {logging_mixin.py:188} INFO - Uploaded /tmp/minio_downloads/1766653157.json to Snowflake stage
[2025-12-25T09:01:49.506+0000] {logging_mixin.py:188} INFO - Uploaded /tmp/minio_downloads/1766653169.json to Snowflake stage
[2025-12-25T09:01:50.466+0000] {logging_mixin.py:188} INFO - Uploaded /tmp/minio_downloads/1766653185.json to Snowflake stage
[2025-12-25T09:01:51.026+0000] {logging_mixin.py:188} INFO - Uploaded /tmp/minio_downloads/1766653199.json to Snowflake stage
[2025-12-25T09:01:51.451+0000] {logging_mixin.py:188} INFO - Uploaded /tmp/minio_downloads/1766651916.json to Snowflake stage
[2025-12-25T09:01:51.760+0000] {logging_mixin.py:188} INFO - Uploaded /tmp/minio_downloads/1766651928.json to Snowflake stage
[2025-12-25T09:01:52.057+0000] {logging_mixin.py:188} INFO - Uploaded /tmp/minio_downloads/1766651940.json to Snowflake stage
[2025-12-25T09:01:52.341+0000] {logging_mixin.py:188} INFO - Uploaded /tmp/minio_downloads/1766651952.json to Snowflake stage
[2025-12-25T09:01:52.678+0000] {logging_mixin.py:188} INFO - Uploaded /tmp/minio_downloads/1766651964.json to Snowflake stage
[2025-12-25T09:01:53.420+0000] {logging_mixin.py:188} INFO - Uploaded /tmp/minio_downloads/1766651978.json to Snowflake stage
[2025-12-25T09:01:53.695+0000] {logging_mixin.py:188} INFO - Uploaded /tmp/minio_downloads/1766651989.json to Snowflake stage
[2025-12-25T09:01:54.036+0000] {logging_mixin.py:188} INFO - Uploaded /tmp/minio_downloads/1766652001.json to Snowflake stage
[2025-12-25T09:01:54.320+0000] {logging_mixin.py:188} INFO - Uploaded /tmp/minio_downloads/1766652013.json to Snowflake stage
[2025-12-25T09:01:54.616+0000] {logging_mixin.py:188} INFO - Uploaded /tmp/minio_downloads/1766652025.json to Snowflake stage
[2025-12-25T09:01:55.354+0000] {logging_mixin.py:188} INFO - Uploaded /tmp/minio_downloads/1766652036.json to Snowflake stage
[2025-12-25T09:01:55.649+0000] {logging_mixin.py:188} INFO - Uploaded /tmp/minio_downloads/1766652048.json to Snowflake stage
[2025-12-25T09:01:55.947+0000] {logging_mixin.py:188} INFO - Uploaded /tmp/minio_downloads/1766652060.json to Snowflake stage
[2025-12-25T09:01:56.258+0000] {logging_mixin.py:188} INFO - Uploaded /tmp/minio_downloads/1766652072.json to Snowflake stage
[2025-12-25T09:01:56.773+0000] {logging_mixin.py:188} INFO - Uploaded /tmp/minio_downloads/1766652084.json to Snowflake stage
[2025-12-25T09:01:58.148+0000] {logging_mixin.py:188} INFO - Uploaded /tmp/minio_downloads/1766652097.json to Snowflake stage
[2025-12-25T09:01:59.215+0000] {logging_mixin.py:188} INFO - Uploaded /tmp/minio_downloads/1766652109.json to Snowflake stage
[2025-12-25T09:01:59.583+0000] {logging_mixin.py:188} INFO - Uploaded /tmp/minio_downloads/1766652121.json to Snowflake stage
[2025-12-25T09:02:01.500+0000] {logging_mixin.py:188} INFO - Uploaded /tmp/minio_downloads/1766652133.json to Snowflake stage
[2025-12-25T09:02:03.517+0000] {logging_mixin.py:188} INFO - Uploaded /tmp/minio_downloads/1766652145.json to Snowflake stage
[2025-12-25T09:02:04.018+0000] {logging_mixin.py:188} INFO - Uploaded /tmp/minio_downloads/1766652157.json to Snowflake stage
[2025-12-25T09:02:04.659+0000] {logging_mixin.py:188} INFO - Uploaded /tmp/minio_downloads/1766652169.json to Snowflake stage
[2025-12-25T09:02:05.244+0000] {logging_mixin.py:188} INFO - Uploaded /tmp/minio_downloads/1766652181.json to Snowflake stage
[2025-12-25T09:02:06.298+0000] {logging_mixin.py:188} INFO - Uploaded /tmp/minio_downloads/1766652193.json to Snowflake stage
[2025-12-25T09:02:06.716+0000] {logging_mixin.py:188} INFO - Uploaded /tmp/minio_downloads/1766652206.json to Snowflake stage
[2025-12-25T09:02:10.161+0000] {logging_mixin.py:188} INFO - Uploaded /tmp/minio_downloads/1766652217.json to Snowflake stage
[2025-12-25T09:02:10.580+0000] {logging_mixin.py:188} INFO - Uploaded /tmp/minio_downloads/1766652229.json to Snowflake stage
[2025-12-25T09:02:10.985+0000] {logging_mixin.py:188} INFO - Uploaded /tmp/minio_downloads/1766652241.json to Snowflake stage
[2025-12-25T09:02:11.310+0000] {logging_mixin.py:188} INFO - Uploaded /tmp/minio_downloads/1766652253.json to Snowflake stage
[2025-12-25T09:02:11.776+0000] {logging_mixin.py:188} INFO - Uploaded /tmp/minio_downloads/1766652264.json to Snowflake stage
[2025-12-25T09:02:12.065+0000] {logging_mixin.py:188} INFO - Uploaded /tmp/minio_downloads/1766652277.json to Snowflake stage
[2025-12-25T09:02:12.554+0000] {logging_mixin.py:188} INFO - Uploaded /tmp/minio_downloads/1766652289.json to Snowflake stage
[2025-12-25T09:02:13.385+0000] {logging_mixin.py:188} INFO - Uploaded /tmp/minio_downloads/1766652301.json to Snowflake stage
[2025-12-25T09:02:13.847+0000] {logging_mixin.py:188} INFO - Uploaded /tmp/minio_downloads/1766652312.json to Snowflake stage
[2025-12-25T09:02:14.149+0000] {logging_mixin.py:188} INFO - Uploaded /tmp/minio_downloads/1766652325.json to Snowflake stage
[2025-12-25T09:02:14.512+0000] {logging_mixin.py:188} INFO - Uploaded /tmp/minio_downloads/1766652338.json to Snowflake stage
[2025-12-25T09:02:14.842+0000] {logging_mixin.py:188} INFO - Uploaded /tmp/minio_downloads/1766652349.json to Snowflake stage
[2025-12-25T09:02:15.160+0000] {logging_mixin.py:188} INFO - Uploaded /tmp/minio_downloads/1766652361.json to Snowflake stage
[2025-12-25T09:02:15.452+0000] {logging_mixin.py:188} INFO - Uploaded /tmp/minio_downloads/1766652374.json to Snowflake stage
[2025-12-25T09:02:15.777+0000] {logging_mixin.py:188} INFO - Uploaded /tmp/minio_downloads/1766652390.json to Snowflake stage
[2025-12-25T09:02:16.046+0000] {logging_mixin.py:188} INFO - Uploaded /tmp/minio_downloads/1766652401.json to Snowflake stage
[2025-12-25T09:02:16.339+0000] {logging_mixin.py:188} INFO - Uploaded /tmp/minio_downloads/1766652413.json to Snowflake stage
[2025-12-25T09:02:16.635+0000] {logging_mixin.py:188} INFO - Uploaded /tmp/minio_downloads/1766652426.json to Snowflake stage
[2025-12-25T09:02:16.913+0000] {logging_mixin.py:188} INFO - Uploaded /tmp/minio_downloads/1766652439.json to Snowflake stage
[2025-12-25T09:02:18.710+0000] {logging_mixin.py:188} INFO - Uploaded /tmp/minio_downloads/1766652452.json to Snowflake stage
[2025-12-25T09:02:20.757+0000] {logging_mixin.py:188} INFO - Uploaded /tmp/minio_downloads/1766652464.json to Snowflake stage
[2025-12-25T09:02:21.147+0000] {logging_mixin.py:188} INFO - Uploaded /tmp/minio_downloads/1766652477.json to Snowflake stage
[2025-12-25T09:02:23.024+0000] {logging_mixin.py:188} INFO - Uploaded /tmp/minio_downloads/1766652490.json to Snowflake stage
[2025-12-25T09:02:23.478+0000] {logging_mixin.py:188} INFO - Uploaded /tmp/minio_downloads/1766652503.json to Snowflake stage
[2025-12-25T09:02:24.218+0000] {logging_mixin.py:188} INFO - Uploaded /tmp/minio_downloads/1766652516.json to Snowflake stage
[2025-12-25T09:02:27.006+0000] {logging_mixin.py:188} INFO - Uploaded /tmp/minio_downloads/1766652530.json to Snowflake stage
[2025-12-25T09:02:28.293+0000] {logging_mixin.py:188} INFO - Uploaded /tmp/minio_downloads/1766652543.json to Snowflake stage
[2025-12-25T09:02:28.601+0000] {logging_mixin.py:188} INFO - Uploaded /tmp/minio_downloads/1766652558.json to Snowflake stage
[2025-12-25T09:02:28.901+0000] {logging_mixin.py:188} INFO - Uploaded /tmp/minio_downloads/1766652570.json to Snowflake stage
[2025-12-25T09:02:29.245+0000] {logging_mixin.py:188} INFO - Uploaded /tmp/minio_downloads/1766652584.json to Snowflake stage
[2025-12-25T09:02:29.551+0000] {logging_mixin.py:188} INFO - Uploaded /tmp/minio_downloads/1766652598.json to Snowflake stage
[2025-12-25T09:02:29.912+0000] {logging_mixin.py:188} INFO - Uploaded /tmp/minio_downloads/1766652611.json to Snowflake stage
[2025-12-25T09:02:30.234+0000] {logging_mixin.py:188} INFO - Uploaded /tmp/minio_downloads/1766652625.json to Snowflake stage
[2025-12-25T09:02:30.827+0000] {logging_mixin.py:188} INFO - Uploaded /tmp/minio_downloads/1766652641.json to Snowflake stage
[2025-12-25T09:02:31.187+0000] {logging_mixin.py:188} INFO - Uploaded /tmp/minio_downloads/1766652652.json to Snowflake stage
[2025-12-25T09:02:31.555+0000] {logging_mixin.py:188} INFO - Uploaded /tmp/minio_downloads/1766652665.json to Snowflake stage
[2025-12-25T09:02:33.243+0000] {logging_mixin.py:188} INFO - Uploaded /tmp/minio_downloads/1766652677.json to Snowflake stage
[2025-12-25T09:02:33.577+0000] {logging_mixin.py:188} INFO - Uploaded /tmp/minio_downloads/1766652690.json to Snowflake stage
[2025-12-25T09:02:34.007+0000] {logging_mixin.py:188} INFO - Uploaded /tmp/minio_downloads/1766652703.json to Snowflake stage
[2025-12-25T09:02:34.539+0000] {logging_mixin.py:188} INFO - Uploaded /tmp/minio_downloads/1766652715.json to Snowflake stage
[2025-12-25T09:02:35.014+0000] {logging_mixin.py:188} INFO - Uploaded /tmp/minio_downloads/1766652727.json to Snowflake stage
[2025-12-25T09:02:35.373+0000] {logging_mixin.py:188} INFO - Uploaded /tmp/minio_downloads/1766652739.json to Snowflake stage
[2025-12-25T09:02:35.919+0000] {logging_mixin.py:188} INFO - Uploaded /tmp/minio_downloads/1766652752.json to Snowflake stage
[2025-12-25T09:02:36.355+0000] {logging_mixin.py:188} INFO - Uploaded /tmp/minio_downloads/1766652764.json to Snowflake stage
[2025-12-25T09:02:36.792+0000] {logging_mixin.py:188} INFO - Uploaded /tmp/minio_downloads/1766652777.json to Snowflake stage
[2025-12-25T09:02:37.222+0000] {logging_mixin.py:188} INFO - Uploaded /tmp/minio_downloads/1766652790.json to Snowflake stage
[2025-12-25T09:02:37.685+0000] {logging_mixin.py:188} INFO - Uploaded /tmp/minio_downloads/1766652803.json to Snowflake stage
[2025-12-25T09:02:38.145+0000] {logging_mixin.py:188} INFO - Uploaded /tmp/minio_downloads/1766652815.json to Snowflake stage
[2025-12-25T09:02:38.593+0000] {logging_mixin.py:188} INFO - Uploaded /tmp/minio_downloads/1766652827.json to Snowflake stage
[2025-12-25T09:02:39.017+0000] {logging_mixin.py:188} INFO - Uploaded /tmp/minio_downloads/1766652841.json to Snowflake stage
[2025-12-25T09:02:39.486+0000] {logging_mixin.py:188} INFO - Uploaded /tmp/minio_downloads/1766652854.json to Snowflake stage
[2025-12-25T09:02:40.244+0000] {logging_mixin.py:188} INFO - Uploaded /tmp/minio_downloads/1766652866.json to Snowflake stage
[2025-12-25T09:02:40.861+0000] {logging_mixin.py:188} INFO - Uploaded /tmp/minio_downloads/1766652878.json to Snowflake stage
[2025-12-25T09:02:41.298+0000] {logging_mixin.py:188} INFO - Uploaded /tmp/minio_downloads/1766652889.json to Snowflake stage
[2025-12-25T09:02:42.034+0000] {logging_mixin.py:188} INFO - Uploaded /tmp/minio_downloads/1766652902.json to Snowflake stage
[2025-12-25T09:02:43.361+0000] {logging_mixin.py:188} INFO - Uploaded /tmp/minio_downloads/1766652919.json to Snowflake stage
[2025-12-25T09:02:44.478+0000] {logging_mixin.py:188} INFO - Uploaded /tmp/minio_downloads/1766652930.json to Snowflake stage
[2025-12-25T09:02:45.431+0000] {logging_mixin.py:188} INFO - Uploaded /tmp/minio_downloads/1766652944.json to Snowflake stage
[2025-12-25T09:02:46.000+0000] {logging_mixin.py:188} INFO - Uploaded /tmp/minio_downloads/1766652958.json to Snowflake stage
[2025-12-25T09:02:46.517+0000] {logging_mixin.py:188} INFO - Uploaded /tmp/minio_downloads/1766652969.json to Snowflake stage
[2025-12-25T09:02:46.841+0000] {logging_mixin.py:188} INFO - Uploaded /tmp/minio_downloads/1766652980.json to Snowflake stage
[2025-12-25T09:02:47.514+0000] {logging_mixin.py:188} INFO - Uploaded /tmp/minio_downloads/1766652994.json to Snowflake stage
[2025-12-25T09:02:48.088+0000] {logging_mixin.py:188} INFO - Uploaded /tmp/minio_downloads/1766653006.json to Snowflake stage
[2025-12-25T09:02:49.235+0000] {logging_mixin.py:188} INFO - Uploaded /tmp/minio_downloads/1766653020.json to Snowflake stage
[2025-12-25T09:02:49.785+0000] {logging_mixin.py:188} INFO - Uploaded /tmp/minio_downloads/1766653032.json to Snowflake stage
[2025-12-25T09:02:50.340+0000] {logging_mixin.py:188} INFO - Uploaded /tmp/minio_downloads/1766653046.json to Snowflake stage
[2025-12-25T09:02:50.936+0000] {logging_mixin.py:188} INFO - Uploaded /tmp/minio_downloads/1766653060.json to Snowflake stage
[2025-12-25T09:02:51.354+0000] {logging_mixin.py:188} INFO - Uploaded /tmp/minio_downloads/1766653073.json to Snowflake stage
[2025-12-25T09:02:52.448+0000] {logging_mixin.py:188} INFO - Uploaded /tmp/minio_downloads/1766653085.json to Snowflake stage
[2025-12-25T09:02:53.083+0000] {logging_mixin.py:188} INFO - Uploaded /tmp/minio_downloads/1766653097.json to Snowflake stage
[2025-12-25T09:02:54.174+0000] {logging_mixin.py:188} INFO - Uploaded /tmp/minio_downloads/1766653110.json to Snowflake stage
[2025-12-25T09:02:54.805+0000] {logging_mixin.py:188} INFO - Uploaded /tmp/minio_downloads/1766653125.json to Snowflake stage
[2025-12-25T09:02:55.224+0000] {logging_mixin.py:188} INFO - Uploaded /tmp/minio_downloads/1766653137.json to Snowflake stage
[2025-12-25T09:02:55.936+0000] {logging_mixin.py:188} INFO - Uploaded /tmp/minio_downloads/1766653149.json to Snowflake stage
[2025-12-25T09:02:56.561+0000] {logging_mixin.py:188} INFO - Uploaded /tmp/minio_downloads/1766653161.json to Snowflake stage
[2025-12-25T09:02:57.018+0000] {logging_mixin.py:188} INFO - Uploaded /tmp/minio_downloads/1766653177.json to Snowflake stage
[2025-12-25T09:02:57.754+0000] {logging_mixin.py:188} INFO - Uploaded /tmp/minio_downloads/1766653191.json to Snowflake stage
[2025-12-25T09:02:59.174+0000] {logging_mixin.py:188} INFO - Uploaded /tmp/minio_downloads/1766651915.json to Snowflake stage
[2025-12-25T09:02:59.584+0000] {logging_mixin.py:188} INFO - Uploaded /tmp/minio_downloads/1766651927.json to Snowflake stage
[2025-12-25T09:02:59.924+0000] {logging_mixin.py:188} INFO - Uploaded /tmp/minio_downloads/1766651939.json to Snowflake stage
[2025-12-25T09:03:00.274+0000] {logging_mixin.py:188} INFO - Uploaded /tmp/minio_downloads/1766651951.json to Snowflake stage
[2025-12-25T09:03:00.872+0000] {logging_mixin.py:188} INFO - Uploaded /tmp/minio_downloads/1766651963.json to Snowflake stage
[2025-12-25T09:03:01.490+0000] {logging_mixin.py:188} INFO - Uploaded /tmp/minio_downloads/1766651977.json to Snowflake stage
[2025-12-25T09:03:02.129+0000] {logging_mixin.py:188} INFO - Uploaded /tmp/minio_downloads/1766651988.json to Snowflake stage
[2025-12-25T09:03:02.613+0000] {logging_mixin.py:188} INFO - Uploaded /tmp/minio_downloads/1766652000.json to Snowflake stage
[2025-12-25T09:03:02.923+0000] {logging_mixin.py:188} INFO - Uploaded /tmp/minio_downloads/1766652012.json to Snowflake stage
[2025-12-25T09:03:03.223+0000] {logging_mixin.py:188} INFO - Uploaded /tmp/minio_downloads/1766652024.json to Snowflake stage
[2025-12-25T09:03:03.552+0000] {logging_mixin.py:188} INFO - Uploaded /tmp/minio_downloads/1766652035.json to Snowflake stage
[2025-12-25T09:03:03.880+0000] {logging_mixin.py:188} INFO - Uploaded /tmp/minio_downloads/1766652047.json to Snowflake stage
[2025-12-25T09:03:04.206+0000] {logging_mixin.py:188} INFO - Uploaded /tmp/minio_downloads/1766652059.json to Snowflake stage
[2025-12-25T09:03:04.514+0000] {logging_mixin.py:188} INFO - Uploaded /tmp/minio_downloads/1766652071.json to Snowflake stage
[2025-12-25T09:03:04.823+0000] {logging_mixin.py:188} INFO - Uploaded /tmp/minio_downloads/1766652083.json to Snowflake stage
[2025-12-25T09:03:05.115+0000] {logging_mixin.py:188} INFO - Uploaded /tmp/minio_downloads/1766652096.json to Snowflake stage
[2025-12-25T09:03:05.483+0000] {logging_mixin.py:188} INFO - Uploaded /tmp/minio_downloads/1766652107.json to Snowflake stage
[2025-12-25T09:03:05.938+0000] {logging_mixin.py:188} INFO - Uploaded /tmp/minio_downloads/1766652119.json to Snowflake stage
[2025-12-25T09:03:06.415+0000] {logging_mixin.py:188} INFO - Uploaded /tmp/minio_downloads/1766652131.json to Snowflake stage
[2025-12-25T09:03:06.982+0000] {logging_mixin.py:188} INFO - Uploaded /tmp/minio_downloads/1766652144.json to Snowflake stage
[2025-12-25T09:03:07.334+0000] {logging_mixin.py:188} INFO - Uploaded /tmp/minio_downloads/1766652156.json to Snowflake stage
[2025-12-25T09:03:07.723+0000] {logging_mixin.py:188} INFO - Uploaded /tmp/minio_downloads/1766652168.json to Snowflake stage
[2025-12-25T09:03:08.104+0000] {logging_mixin.py:188} INFO - Uploaded /tmp/minio_downloads/1766652180.json to Snowflake stage
[2025-12-25T09:03:09.468+0000] {logging_mixin.py:188} INFO - Uploaded /tmp/minio_downloads/1766652191.json to Snowflake stage
[2025-12-25T09:03:16.732+0000] {connectionpool.py:824} WARNING - Retrying (Retry(total=0, connect=None, read=None, redirect=None, status=None)) after connection broken by 'NewConnectionError('<snowflake.connector.vendored.urllib3.connection.HTTPSConnection object at 0x73e86833f620>: Failed to establish a new connection: [Errno -3] Temporary failure in name resolution')': /r8851000-s/tables/2285703177/1766652205.json.gz
[2025-12-25T09:03:22.227+0000] {storage_client.py:318} WARNING - HEAD with url b'https://sfc-jk-ds1-04-customer-stage.s3.ap-southeast-3.amazonaws.com/r8851000-s/tables/2285703177/1766652205.json.gz' failed for transient error: HTTPSConnectionPool(host='sfc-jk-ds1-04-customer-stage.s3.ap-southeast-3.amazonaws.com', port=443): Max retries exceeded with url: /r8851000-s/tables/2285703177/1766652205.json.gz (Caused by NewConnectionError('<snowflake.connector.vendored.urllib3.connection.HTTPSConnection object at 0x73e88bd3e090>: Failed to establish a new connection: [Errno -5] No address associated with hostname'))
[2025-12-25T09:03:30.294+0000] {connectionpool.py:824} WARNING - Retrying (Retry(total=0, connect=None, read=None, redirect=None, status=None)) after connection broken by 'NewConnectionError('<snowflake.connector.vendored.urllib3.connection.HTTPSConnection object at 0x73e88bd3c5f0>: Failed to establish a new connection: [Errno -5] No address associated with hostname')': /r8851000-s/tables/2285703177/1766652205.json.gz
[2025-12-25T09:04:01.520+0000] {logging_mixin.py:188} INFO - Uploaded /tmp/minio_downloads/1766652205.json to Snowflake stage
[2025-12-25T09:04:02.360+0000] {logging_mixin.py:188} INFO - Uploaded /tmp/minio_downloads/1766652216.json to Snowflake stage
[2025-12-25T09:04:04.613+0000] {logging_mixin.py:188} INFO - Uploaded /tmp/minio_downloads/1766652228.json to Snowflake stage
[2025-12-25T09:04:05.075+0000] {logging_mixin.py:188} INFO - Uploaded /tmp/minio_downloads/1766652240.json to Snowflake stage
[2025-12-25T09:04:05.762+0000] {logging_mixin.py:188} INFO - Uploaded /tmp/minio_downloads/1766652251.json to Snowflake stage
[2025-12-25T09:04:07.366+0000] {logging_mixin.py:188} INFO - Uploaded /tmp/minio_downloads/1766652263.json to Snowflake stage
[2025-12-25T09:04:08.391+0000] {logging_mixin.py:188} INFO - Uploaded /tmp/minio_downloads/1766652276.json to Snowflake stage
[2025-12-25T09:04:08.770+0000] {logging_mixin.py:188} INFO - Uploaded /tmp/minio_downloads/1766652288.json to Snowflake stage
[2025-12-25T09:04:09.116+0000] {logging_mixin.py:188} INFO - Uploaded /tmp/minio_downloads/1766652300.json to Snowflake stage
[2025-12-25T09:04:09.474+0000] {logging_mixin.py:188} INFO - Uploaded /tmp/minio_downloads/1766652311.json to Snowflake stage
[2025-12-25T09:04:09.878+0000] {logging_mixin.py:188} INFO - Uploaded /tmp/minio_downloads/1766652323.json to Snowflake stage
[2025-12-25T09:04:10.393+0000] {logging_mixin.py:188} INFO - Uploaded /tmp/minio_downloads/1766652336.json to Snowflake stage
[2025-12-25T09:04:10.747+0000] {logging_mixin.py:188} INFO - Uploaded /tmp/minio_downloads/1766652348.json to Snowflake stage
[2025-12-25T09:04:11.068+0000] {logging_mixin.py:188} INFO - Uploaded /tmp/minio_downloads/1766652360.json to Snowflake stage
[2025-12-25T09:04:11.377+0000] {logging_mixin.py:188} INFO - Uploaded /tmp/minio_downloads/1766652372.json to Snowflake stage
[2025-12-25T09:04:11.731+0000] {logging_mixin.py:188} INFO - Uploaded /tmp/minio_downloads/1766652386.json to Snowflake stage
[2025-12-25T09:04:12.083+0000] {logging_mixin.py:188} INFO - Uploaded /tmp/minio_downloads/1766652400.json to Snowflake stage
[2025-12-25T09:04:12.410+0000] {logging_mixin.py:188} INFO - Uploaded /tmp/minio_downloads/1766652412.json to Snowflake stage
[2025-12-25T09:04:12.795+0000] {logging_mixin.py:188} INFO - Uploaded /tmp/minio_downloads/1766652425.json to Snowflake stage
[2025-12-25T09:04:13.120+0000] {logging_mixin.py:188} INFO - Uploaded /tmp/minio_downloads/1766652438.json to Snowflake stage
[2025-12-25T09:04:13.463+0000] {logging_mixin.py:188} INFO - Uploaded /tmp/minio_downloads/1766652451.json to Snowflake stage
[2025-12-25T09:04:13.869+0000] {logging_mixin.py:188} INFO - Uploaded /tmp/minio_downloads/1766652462.json to Snowflake stage
[2025-12-25T09:04:14.252+0000] {logging_mixin.py:188} INFO - Uploaded /tmp/minio_downloads/1766652476.json to Snowflake stage
[2025-12-25T09:04:14.561+0000] {logging_mixin.py:188} INFO - Uploaded /tmp/minio_downloads/1766652489.json to Snowflake stage
[2025-12-25T09:04:15.185+0000] {logging_mixin.py:188} INFO - Uploaded /tmp/minio_downloads/1766652502.json to Snowflake stage
[2025-12-25T09:04:15.644+0000] {logging_mixin.py:188} INFO - Uploaded /tmp/minio_downloads/1766652515.json to Snowflake stage
[2025-12-25T09:04:15.968+0000] {logging_mixin.py:188} INFO - Uploaded /tmp/minio_downloads/1766652529.json to Snowflake stage
[2025-12-25T09:04:16.267+0000] {logging_mixin.py:188} INFO - Uploaded /tmp/minio_downloads/1766652542.json to Snowflake stage
[2025-12-25T09:04:16.589+0000] {logging_mixin.py:188} INFO - Uploaded /tmp/minio_downloads/1766652556.json to Snowflake stage
[2025-12-25T09:04:17.009+0000] {logging_mixin.py:188} INFO - Uploaded /tmp/minio_downloads/1766652569.json to Snowflake stage
[2025-12-25T09:04:17.420+0000] {logging_mixin.py:188} INFO - Uploaded /tmp/minio_downloads/1766652582.json to Snowflake stage
[2025-12-25T09:04:17.765+0000] {logging_mixin.py:188} INFO - Uploaded /tmp/minio_downloads/1766652596.json to Snowflake stage
[2025-12-25T09:04:18.138+0000] {logging_mixin.py:188} INFO - Uploaded /tmp/minio_downloads/1766652610.json to Snowflake stage
[2025-12-25T09:04:18.437+0000] {logging_mixin.py:188} INFO - Uploaded /tmp/minio_downloads/1766652623.json to Snowflake stage
[2025-12-25T09:04:18.717+0000] {logging_mixin.py:188} INFO - Uploaded /tmp/minio_downloads/1766652640.json to Snowflake stage
[2025-12-25T09:04:19.092+0000] {logging_mixin.py:188} INFO - Uploaded /tmp/minio_downloads/1766652651.json to Snowflake stage
[2025-12-25T09:04:19.560+0000] {logging_mixin.py:188} INFO - Uploaded /tmp/minio_downloads/1766652664.json to Snowflake stage
[2025-12-25T09:04:19.897+0000] {logging_mixin.py:188} INFO - Uploaded /tmp/minio_downloads/1766652676.json to Snowflake stage
[2025-12-25T09:04:20.394+0000] {logging_mixin.py:188} INFO - Uploaded /tmp/minio_downloads/1766652689.json to Snowflake stage
[2025-12-25T09:04:20.715+0000] {logging_mixin.py:188} INFO - Uploaded /tmp/minio_downloads/1766652702.json to Snowflake stage
[2025-12-25T09:04:21.328+0000] {logging_mixin.py:188} INFO - Uploaded /tmp/minio_downloads/1766652714.json to Snowflake stage
[2025-12-25T09:04:21.673+0000] {logging_mixin.py:188} INFO - Uploaded /tmp/minio_downloads/1766652726.json to Snowflake stage
[2025-12-25T09:04:21.992+0000] {logging_mixin.py:188} INFO - Uploaded /tmp/minio_downloads/1766652738.json to Snowflake stage
[2025-12-25T09:04:22.495+0000] {logging_mixin.py:188} INFO - Uploaded /tmp/minio_downloads/1766652751.json to Snowflake stage
[2025-12-25T09:04:23.183+0000] {logging_mixin.py:188} INFO - Uploaded /tmp/minio_downloads/1766652763.json to Snowflake stage
[2025-12-25T09:04:23.629+0000] {logging_mixin.py:188} INFO - Uploaded /tmp/minio_downloads/1766652775.json to Snowflake stage
[2025-12-25T09:04:24.093+0000] {logging_mixin.py:188} INFO - Uploaded /tmp/minio_downloads/1766652789.json to Snowflake stage
[2025-12-25T09:04:24.573+0000] {logging_mixin.py:188} INFO - Uploaded /tmp/minio_downloads/1766652802.json to Snowflake stage
[2025-12-25T09:04:25.005+0000] {logging_mixin.py:188} INFO - Uploaded /tmp/minio_downloads/1766652814.json to Snowflake stage
[2025-12-25T09:04:25.666+0000] {logging_mixin.py:188} INFO - Uploaded /tmp/minio_downloads/1766652826.json to Snowflake stage
[2025-12-25T09:04:26.410+0000] {logging_mixin.py:188} INFO - Uploaded /tmp/minio_downloads/1766652839.json to Snowflake stage
[2025-12-25T09:04:26.942+0000] {logging_mixin.py:188} INFO - Uploaded /tmp/minio_downloads/1766652853.json to Snowflake stage
[2025-12-25T09:04:27.473+0000] {logging_mixin.py:188} INFO - Uploaded /tmp/minio_downloads/1766652865.json to Snowflake stage
[2025-12-25T09:04:27.935+0000] {logging_mixin.py:188} INFO - Uploaded /tmp/minio_downloads/1766652877.json to Snowflake stage
[2025-12-25T09:04:30.392+0000] {logging_mixin.py:188} INFO - Uploaded /tmp/minio_downloads/1766652888.json to Snowflake stage
[2025-12-25T09:04:30.912+0000] {logging_mixin.py:188} INFO - Uploaded /tmp/minio_downloads/1766652901.json to Snowflake stage
[2025-12-25T09:04:31.869+0000] {logging_mixin.py:188} INFO - Uploaded /tmp/minio_downloads/1766652918.json to Snowflake stage
[2025-12-25T09:04:32.428+0000] {logging_mixin.py:188} INFO - Uploaded /tmp/minio_downloads/1766652929.json to Snowflake stage
[2025-12-25T09:04:33.497+0000] {logging_mixin.py:188} INFO - Uploaded /tmp/minio_downloads/1766652942.json to Snowflake stage
[2025-12-25T09:04:34.025+0000] {logging_mixin.py:188} INFO - Uploaded /tmp/minio_downloads/1766652956.json to Snowflake stage
[2025-12-25T09:04:35.431+0000] {logging_mixin.py:188} INFO - Uploaded /tmp/minio_downloads/1766652968.json to Snowflake stage
[2025-12-25T09:04:36.200+0000] {logging_mixin.py:188} INFO - Uploaded /tmp/minio_downloads/1766652979.json to Snowflake stage
[2025-12-25T09:04:39.978+0000] {logging_mixin.py:188} INFO - Uploaded /tmp/minio_downloads/1766652992.json to Snowflake stage
[2025-12-25T09:04:41.122+0000] {logging_mixin.py:188} INFO - Uploaded /tmp/minio_downloads/1766653005.json to Snowflake stage
[2025-12-25T09:04:41.853+0000] {logging_mixin.py:188} INFO - Uploaded /tmp/minio_downloads/1766653018.json to Snowflake stage
[2025-12-25T09:04:42.799+0000] {logging_mixin.py:188} INFO - Uploaded /tmp/minio_downloads/1766653031.json to Snowflake stage
[2025-12-25T09:04:43.451+0000] {logging_mixin.py:188} INFO - Uploaded /tmp/minio_downloads/1766653045.json to Snowflake stage
[2025-12-25T09:04:44.416+0000] {logging_mixin.py:188} INFO - Uploaded /tmp/minio_downloads/1766653058.json to Snowflake stage
[2025-12-25T09:04:47.058+0000] {logging_mixin.py:188} INFO - Uploaded /tmp/minio_downloads/1766653071.json to Snowflake stage
[2025-12-25T09:04:48.024+0000] {logging_mixin.py:188} INFO - Uploaded /tmp/minio_downloads/1766653084.json to Snowflake stage
[2025-12-25T09:04:48.599+0000] {logging_mixin.py:188} INFO - Uploaded /tmp/minio_downloads/1766653096.json to Snowflake stage
[2025-12-25T09:05:45.587+0000] {logging_mixin.py:188} INFO - Uploaded /tmp/minio_downloads/1766653108.json to Snowflake stage
[2025-12-25T09:05:47.839+0000] {logging_mixin.py:188} INFO - Uploaded /tmp/minio_downloads/1766653123.json to Snowflake stage
[2025-12-25T09:05:48.578+0000] {logging_mixin.py:188} INFO - Uploaded /tmp/minio_downloads/1766653136.json to Snowflake stage
[2025-12-25T09:05:49.550+0000] {logging_mixin.py:188} INFO - Uploaded /tmp/minio_downloads/1766653148.json to Snowflake stage
[2025-12-25T09:05:50.295+0000] {logging_mixin.py:188} INFO - Uploaded /tmp/minio_downloads/1766653160.json to Snowflake stage
[2025-12-25T09:05:51.655+0000] {logging_mixin.py:188} INFO - Uploaded /tmp/minio_downloads/1766653175.json to Snowflake stage
[2025-12-25T09:05:53.383+0000] {logging_mixin.py:188} INFO - Uploaded /tmp/minio_downloads/1766653190.json to Snowflake stage
[2025-12-25T09:05:53.845+0000] {logging_mixin.py:188} INFO - Uploaded /tmp/minio_downloads/1766651913.json to Snowflake stage
[2025-12-25T09:05:54.214+0000] {logging_mixin.py:188} INFO - Uploaded /tmp/minio_downloads/1766651924.json to Snowflake stage
[2025-12-25T09:05:54.644+0000] {logging_mixin.py:188} INFO - Uploaded /tmp/minio_downloads/1766651937.json to Snowflake stage
[2025-12-25T09:05:54.996+0000] {logging_mixin.py:188} INFO - Uploaded /tmp/minio_downloads/1766651948.json to Snowflake stage
[2025-12-25T09:05:56.091+0000] {logging_mixin.py:188} INFO - Uploaded /tmp/minio_downloads/1766651960.json to Snowflake stage
[2025-12-25T09:05:56.450+0000] {logging_mixin.py:188} INFO - Uploaded /tmp/minio_downloads/1766651973.json to Snowflake stage
[2025-12-25T09:05:56.778+0000] {logging_mixin.py:188} INFO - Uploaded /tmp/minio_downloads/1766651986.json to Snowflake stage
[2025-12-25T09:05:57.756+0000] {logging_mixin.py:188} INFO - Uploaded /tmp/minio_downloads/1766651998.json to Snowflake stage
[2025-12-25T09:05:59.648+0000] {logging_mixin.py:188} INFO - Uploaded /tmp/minio_downloads/1766652009.json to Snowflake stage
[2025-12-25T09:06:00.136+0000] {logging_mixin.py:188} INFO - Uploaded /tmp/minio_downloads/1766652021.json to Snowflake stage
[2025-12-25T09:06:00.509+0000] {logging_mixin.py:188} INFO - Uploaded /tmp/minio_downloads/1766652033.json to Snowflake stage
[2025-12-25T09:06:00.785+0000] {logging_mixin.py:188} INFO - Uploaded /tmp/minio_downloads/1766652045.json to Snowflake stage
[2025-12-25T09:06:01.122+0000] {logging_mixin.py:188} INFO - Uploaded /tmp/minio_downloads/1766652057.json to Snowflake stage
[2025-12-25T09:06:01.407+0000] {logging_mixin.py:188} INFO - Uploaded /tmp/minio_downloads/1766652069.json to Snowflake stage
[2025-12-25T09:06:01.701+0000] {logging_mixin.py:188} INFO - Uploaded /tmp/minio_downloads/1766652080.json to Snowflake stage
[2025-12-25T09:06:01.979+0000] {logging_mixin.py:188} INFO - Uploaded /tmp/minio_downloads/1766652092.json to Snowflake stage
[2025-12-25T09:06:02.254+0000] {logging_mixin.py:188} INFO - Uploaded /tmp/minio_downloads/1766652105.json to Snowflake stage
[2025-12-25T09:06:02.534+0000] {logging_mixin.py:188} INFO - Uploaded /tmp/minio_downloads/1766652117.json to Snowflake stage
[2025-12-25T09:06:02.815+0000] {logging_mixin.py:188} INFO - Uploaded /tmp/minio_downloads/1766652129.json to Snowflake stage
[2025-12-25T09:06:03.075+0000] {logging_mixin.py:188} INFO - Uploaded /tmp/minio_downloads/1766652141.json to Snowflake stage
[2025-12-25T09:06:03.370+0000] {logging_mixin.py:188} INFO - Uploaded /tmp/minio_downloads/1766652154.json to Snowflake stage
[2025-12-25T09:06:03.644+0000] {logging_mixin.py:188} INFO - Uploaded /tmp/minio_downloads/1766652166.json to Snowflake stage
[2025-12-25T09:06:03.933+0000] {logging_mixin.py:188} INFO - Uploaded /tmp/minio_downloads/1766652177.json to Snowflake stage
[2025-12-25T09:06:04.211+0000] {logging_mixin.py:188} INFO - Uploaded /tmp/minio_downloads/1766652189.json to Snowflake stage
[2025-12-25T09:06:04.489+0000] {logging_mixin.py:188} INFO - Uploaded /tmp/minio_downloads/1766652202.json to Snowflake stage
[2025-12-25T09:06:04.765+0000] {logging_mixin.py:188} INFO - Uploaded /tmp/minio_downloads/1766652214.json to Snowflake stage
[2025-12-25T09:06:05.061+0000] {logging_mixin.py:188} INFO - Uploaded /tmp/minio_downloads/1766652225.json to Snowflake stage
[2025-12-25T09:06:05.339+0000] {logging_mixin.py:188} INFO - Uploaded /tmp/minio_downloads/1766652238.json to Snowflake stage
[2025-12-25T09:06:05.621+0000] {logging_mixin.py:188} INFO - Uploaded /tmp/minio_downloads/1766652249.json to Snowflake stage
[2025-12-25T09:06:05.924+0000] {logging_mixin.py:188} INFO - Uploaded /tmp/minio_downloads/1766652261.json to Snowflake stage
[2025-12-25T09:06:06.197+0000] {logging_mixin.py:188} INFO - Uploaded /tmp/minio_downloads/1766652274.json to Snowflake stage
[2025-12-25T09:06:06.468+0000] {logging_mixin.py:188} INFO - Uploaded /tmp/minio_downloads/1766652286.json to Snowflake stage
[2025-12-25T09:06:06.769+0000] {logging_mixin.py:188} INFO - Uploaded /tmp/minio_downloads/1766652297.json to Snowflake stage
[2025-12-25T09:06:07.128+0000] {logging_mixin.py:188} INFO - Uploaded /tmp/minio_downloads/1766652309.json to Snowflake stage
[2025-12-25T09:06:07.532+0000] {logging_mixin.py:188} INFO - Uploaded /tmp/minio_downloads/1766652320.json to Snowflake stage
[2025-12-25T09:06:08.012+0000] {logging_mixin.py:188} INFO - Uploaded /tmp/minio_downloads/1766652334.json to Snowflake stage
[2025-12-25T09:06:08.307+0000] {logging_mixin.py:188} INFO - Uploaded /tmp/minio_downloads/1766652346.json to Snowflake stage
[2025-12-25T09:06:08.661+0000] {logging_mixin.py:188} INFO - Uploaded /tmp/minio_downloads/1766652357.json to Snowflake stage
[2025-12-25T09:06:12.715+0000] {logging_mixin.py:188} INFO - Uploaded /tmp/minio_downloads/1766652370.json to Snowflake stage
[2025-12-25T09:06:20.462+0000] {logging_mixin.py:188} INFO - Uploaded /tmp/minio_downloads/1766652383.json to Snowflake stage
[2025-12-25T09:06:20.867+0000] {logging_mixin.py:188} INFO - Uploaded /tmp/minio_downloads/1766652398.json to Snowflake stage
[2025-12-25T09:06:21.190+0000] {logging_mixin.py:188} INFO - Uploaded /tmp/minio_downloads/1766652410.json to Snowflake stage
[2025-12-25T09:06:21.455+0000] {logging_mixin.py:188} INFO - Uploaded /tmp/minio_downloads/1766652422.json to Snowflake stage
[2025-12-25T09:06:21.728+0000] {logging_mixin.py:188} INFO - Uploaded /tmp/minio_downloads/1766652435.json to Snowflake stage
[2025-12-25T09:06:22.016+0000] {logging_mixin.py:188} INFO - Uploaded /tmp/minio_downloads/1766652448.json to Snowflake stage
[2025-12-25T09:06:22.365+0000] {logging_mixin.py:188} INFO - Uploaded /tmp/minio_downloads/1766652460.json to Snowflake stage
[2025-12-25T09:06:22.697+0000] {logging_mixin.py:188} INFO - Uploaded /tmp/minio_downloads/1766652473.json to Snowflake stage
[2025-12-25T09:06:23.074+0000] {logging_mixin.py:188} INFO - Uploaded /tmp/minio_downloads/1766652486.json to Snowflake stage
[2025-12-25T09:06:23.378+0000] {logging_mixin.py:188} INFO - Uploaded /tmp/minio_downloads/1766652500.json to Snowflake stage
[2025-12-25T09:06:23.798+0000] {logging_mixin.py:188} INFO - Uploaded /tmp/minio_downloads/1766652512.json to Snowflake stage
[2025-12-25T09:06:24.607+0000] {logging_mixin.py:188} INFO - Uploaded /tmp/minio_downloads/1766652526.json to Snowflake stage
[2025-12-25T09:06:25.404+0000] {logging_mixin.py:188} INFO - Uploaded /tmp/minio_downloads/1766652539.json to Snowflake stage
[2025-12-25T09:06:25.847+0000] {logging_mixin.py:188} INFO - Uploaded /tmp/minio_downloads/1766652553.json to Snowflake stage
[2025-12-25T09:06:26.313+0000] {logging_mixin.py:188} INFO - Uploaded /tmp/minio_downloads/1766652567.json to Snowflake stage
[2025-12-25T09:06:26.724+0000] {logging_mixin.py:188} INFO - Uploaded /tmp/minio_downloads/1766652579.json to Snowflake stage
[2025-12-25T09:06:27.499+0000] {logging_mixin.py:188} INFO - Uploaded /tmp/minio_downloads/1766652594.json to Snowflake stage
[2025-12-25T09:06:27.090+0000] {logging_mixin.py:188} INFO - Uploaded /tmp/minio_downloads/1766652606.json to Snowflake stage
[2025-12-25T09:06:27.492+0000] {logging_mixin.py:188} INFO - Uploaded /tmp/minio_downloads/1766652620.json to Snowflake stage
[2025-12-25T09:06:29.361+0000] {logging_mixin.py:188} INFO - Uploaded /tmp/minio_downloads/1766652634.json to Snowflake stage
[2025-12-25T09:06:29.860+0000] {logging_mixin.py:188} INFO - Uploaded /tmp/minio_downloads/1766652649.json to Snowflake stage
[2025-12-25T09:06:30.413+0000] {logging_mixin.py:188} INFO - Uploaded /tmp/minio_downloads/1766652661.json to Snowflake stage
[2025-12-25T09:06:30.840+0000] {logging_mixin.py:188} INFO - Uploaded /tmp/minio_downloads/1766652673.json to Snowflake stage
[2025-12-25T09:06:31.402+0000] {logging_mixin.py:188} INFO - Uploaded /tmp/minio_downloads/1766652686.json to Snowflake stage
[2025-12-25T09:06:32.204+0000] {logging_mixin.py:188} INFO - Uploaded /tmp/minio_downloads/1766652699.json to Snowflake stage
[2025-12-25T09:06:32.631+0000] {logging_mixin.py:188} INFO - Uploaded /tmp/minio_downloads/1766652712.json to Snowflake stage
[2025-12-25T09:06:33.750+0000] {logging_mixin.py:188} INFO - Uploaded /tmp/minio_downloads/1766652724.json to Snowflake stage
[2025-12-25T09:06:35.455+0000] {logging_mixin.py:188} INFO - Uploaded /tmp/minio_downloads/1766652735.json to Snowflake stage
[2025-12-25T09:06:53.971+0000] {connectionpool.py:824} WARNING - Retrying (Retry(total=0, connect=None, read=None, redirect=None, status=None)) after connection broken by 'NewConnectionError('<snowflake.connector.vendored.urllib3.connection.HTTPSConnection object at 0x73e88bd3ef30>: Failed to establish a new connection: [Errno -3] Temporary failure in name resolution')': /r8851000-s/tables/2285703177/1766652748.json.gz
[2025-12-25T09:07:04.234+0000] {storage_client.py:318} WARNING - HEAD with url b'https://sfc-jk-ds1-04-customer-stage.s3.ap-southeast-3.amazonaws.com/r8851000-s/tables/2285703177/1766652748.json.gz' failed for transient error: HTTPSConnectionPool(host='sfc-jk-ds1-04-customer-stage.s3.ap-southeast-3.amazonaws.com', port=443): Max retries exceeded with url: /r8851000-s/tables/2285703177/1766652748.json.gz (Caused by NewConnectionError('<snowflake.connector.vendored.urllib3.connection.HTTPSConnection object at 0x73e88befd790>: Failed to establish a new connection: [Errno -5] No address associated with hostname'))
[2025-12-25T09:07:06.776+0000] {connectionpool.py:824} WARNING - Retrying (Retry(total=0, connect=None, read=None, redirect=None, status=None)) after connection broken by 'NewConnectionError('<snowflake.connector.vendored.urllib3.connection.HTTPSConnection object at 0x73e88befd0d0>: Failed to establish a new connection: [Errno -5] No address associated with hostname')': /r8851000-s/tables/2285703177/1766652748.json.gz
[2025-12-25T09:07:45.098+0000] {storage_client.py:318} WARNING - HEAD with url b'https://sfc-jk-ds1-04-customer-stage.s3.ap-southeast-3.amazonaws.com/r8851000-s/tables/2285703177/1766652748.json.gz' failed for transient error: HTTPSConnectionPool(host='sfc-jk-ds1-04-customer-stage.s3.ap-southeast-3.amazonaws.com', port=443): Max retries exceeded with url: /r8851000-s/tables/2285703177/1766652748.json.gz (Caused by ProtocolError('Connection aborted.', RemoteDisconnected('Remote end closed connection without response')))
[2025-12-25T09:07:53.240+0000] {logging_mixin.py:188} INFO - Uploaded /tmp/minio_downloads/1766652748.json to Snowflake stage
[2025-12-25T09:07:54.147+0000] {logging_mixin.py:188} INFO - Uploaded /tmp/minio_downloads/1766652760.json to Snowflake stage
[2025-12-25T09:07:55.942+0000] {logging_mixin.py:188} INFO - Uploaded /tmp/minio_downloads/1766652773.json to Snowflake stage
[2025-12-25T09:07:56.575+0000] {logging_mixin.py:188} INFO - Uploaded /tmp/minio_downloads/1766652786.json to Snowflake stage
[2025-12-25T09:07:59.702+0000] {logging_mixin.py:188} INFO - Uploaded /tmp/minio_downloads/1766652799.json to Snowflake stage
[2025-12-25T09:08:00.419+0000] {logging_mixin.py:188} INFO - Uploaded /tmp/minio_downloads/1766652812.json to Snowflake stage
[2025-12-25T09:08:00.868+0000] {logging_mixin.py:188} INFO - Uploaded /tmp/minio_downloads/1766652824.json to Snowflake stage
[2025-12-25T09:08:01.407+0000] {logging_mixin.py:188} INFO - Uploaded /tmp/minio_downloads/1766652836.json to Snowflake stage
[2025-12-25T09:08:03.289+0000] {logging_mixin.py:188} INFO - Uploaded /tmp/minio_downloads/1766652850.json to Snowflake stage
[2025-12-25T09:08:03.809+0000] {logging_mixin.py:188} INFO - Uploaded /tmp/minio_downloads/1766652863.json to Snowflake stage
[2025-12-25T09:08:04.426+0000] {logging_mixin.py:188} INFO - Uploaded /tmp/minio_downloads/1766652874.json to Snowflake stage
[2025-12-25T09:10:09.195+0000] {logging_mixin.py:188} INFO - Uploaded /tmp/minio_downloads/1766652886.json to Snowflake stage
[2025-12-25T09:10:10.075+0000] {logging_mixin.py:188} INFO - Uploaded /tmp/minio_downloads/1766652898.json to Snowflake stage
[2025-12-25T09:10:11.204+0000] {logging_mixin.py:188} INFO - Uploaded /tmp/minio_downloads/1766652915.json to Snowflake stage
[2025-12-25T09:10:16.672+0000] {logging_mixin.py:188} INFO - Uploaded /tmp/minio_downloads/1766652927.json to Snowflake stage
[2025-12-25T09:10:21.584+0000] {logging_mixin.py:188} INFO - Uploaded /tmp/minio_downloads/1766652939.json to Snowflake stage
[2025-12-25T09:10:22.179+0000] {logging_mixin.py:188} INFO - Uploaded /tmp/minio_downloads/1766652952.json to Snowflake stage
[2025-12-25T09:10:23.036+0000] {logging_mixin.py:188} INFO - Uploaded /tmp/minio_downloads/1766652966.json to Snowflake stage
[2025-12-25T09:10:23.676+0000] {logging_mixin.py:188} INFO - Uploaded /tmp/minio_downloads/1766652977.json to Snowflake stage
[2025-12-25T09:10:24.883+0000] {logging_mixin.py:188} INFO - Uploaded /tmp/minio_downloads/1766652989.json to Snowflake stage
[2025-12-25T09:10:25.290+0000] {logging_mixin.py:188} INFO - Uploaded /tmp/minio_downloads/1766653002.json to Snowflake stage
[2025-12-25T09:10:25.687+0000] {logging_mixin.py:188} INFO - Uploaded /tmp/minio_downloads/1766653016.json to Snowflake stage
[2025-12-25T09:10:26.113+0000] {logging_mixin.py:188} INFO - Uploaded /tmp/minio_downloads/1766653028.json to Snowflake stage
[2025-12-25T09:10:26.550+0000] {logging_mixin.py:188} INFO - Uploaded /tmp/minio_downloads/1766653042.json to Snowflake stage
[2025-12-25T09:10:26.970+0000] {logging_mixin.py:188} INFO - Uploaded /tmp/minio_downloads/1766653055.json to Snowflake stage
[2025-12-25T09:10:27.401+0000] {logging_mixin.py:188} INFO - Uploaded /tmp/minio_downloads/1766653068.json to Snowflake stage
[2025-12-25T09:10:27.804+0000] {logging_mixin.py:188} INFO - Uploaded /tmp/minio_downloads/1766653081.json to Snowflake stage
[2025-12-25T09:10:28.223+0000] {logging_mixin.py:188} INFO - Uploaded /tmp/minio_downloads/1766653093.json to Snowflake stage
[2025-12-25T09:10:28.722+0000] {logging_mixin.py:188} INFO - Uploaded /tmp/minio_downloads/1766653105.json to Snowflake stage
[2025-12-25T09:10:29.228+0000] {logging_mixin.py:188} INFO - Uploaded /tmp/minio_downloads/1766653118.json to Snowflake stage
[2025-12-25T09:10:29.665+0000] {logging_mixin.py:188} INFO - Uploaded /tmp/minio_downloads/1766653133.json to Snowflake stage
[2025-12-25T09:10:30.087+0000] {logging_mixin.py:188} INFO - Uploaded /tmp/minio_downloads/1766653146.json to Snowflake stage
[2025-12-25T09:10:30.477+0000] {logging_mixin.py:188} INFO - Uploaded /tmp/minio_downloads/1766653158.json to Snowflake stage
[2025-12-25T09:10:30.888+0000] {logging_mixin.py:188} INFO - Uploaded /tmp/minio_downloads/1766653170.json to Snowflake stage
[2025-12-25T09:10:31.285+0000] {logging_mixin.py:188} INFO - Uploaded /tmp/minio_downloads/1766653187.json to Snowflake stage
[2025-12-25T09:10:31.718+0000] {logging_mixin.py:188} INFO - Uploaded /tmp/minio_downloads/1766653200.json to Snowflake stage
[2025-12-25T09:10:31.987+0000] {logging_mixin.py:188} INFO - Uploaded /tmp/minio_downloads/1766651914.json to Snowflake stage
[2025-12-25T09:10:32.264+0000] {logging_mixin.py:188} INFO - Uploaded /tmp/minio_downloads/1766651926.json to Snowflake stage
[2025-12-25T09:10:32.534+0000] {logging_mixin.py:188} INFO - Uploaded /tmp/minio_downloads/1766651938.json to Snowflake stage
[2025-12-25T09:10:32.791+0000] {logging_mixin.py:188} INFO - Uploaded /tmp/minio_downloads/1766651949.json to Snowflake stage
[2025-12-25T09:10:33.060+0000] {logging_mixin.py:188} INFO - Uploaded /tmp/minio_downloads/1766651961.json to Snowflake stage
[2025-12-25T09:10:33.329+0000] {logging_mixin.py:188} INFO - Uploaded /tmp/minio_downloads/1766651975.json to Snowflake stage
[2025-12-25T09:10:33.597+0000] {logging_mixin.py:188} INFO - Uploaded /tmp/minio_downloads/1766651987.json to Snowflake stage
[2025-12-25T09:10:33.974+0000] {logging_mixin.py:188} INFO - Uploaded /tmp/minio_downloads/1766651999.json to Snowflake stage
[2025-12-25T09:10:34.235+0000] {logging_mixin.py:188} INFO - Uploaded /tmp/minio_downloads/1766652011.json to Snowflake stage
[2025-12-25T09:10:34.525+0000] {logging_mixin.py:188} INFO - Uploaded /tmp/minio_downloads/1766652022.json to Snowflake stage
[2025-12-25T09:10:34.785+0000] {logging_mixin.py:188} INFO - Uploaded /tmp/minio_downloads/1766652034.json to Snowflake stage
[2025-12-25T09:10:35.046+0000] {logging_mixin.py:188} INFO - Uploaded /tmp/minio_downloads/1766652046.json to Snowflake stage
[2025-12-25T09:10:35.346+0000] {logging_mixin.py:188} INFO - Uploaded /tmp/minio_downloads/1766652058.json to Snowflake stage
[2025-12-25T09:10:35.612+0000] {logging_mixin.py:188} INFO - Uploaded /tmp/minio_downloads/1766652070.json to Snowflake stage
[2025-12-25T09:10:35.875+0000] {logging_mixin.py:188} INFO - Uploaded /tmp/minio_downloads/1766652081.json to Snowflake stage
[2025-12-25T09:10:36.134+0000] {logging_mixin.py:188} INFO - Uploaded /tmp/minio_downloads/1766652094.json to Snowflake stage
[2025-12-25T09:10:36.419+0000] {logging_mixin.py:188} INFO - Uploaded /tmp/minio_downloads/1766652106.json to Snowflake stage
[2025-12-25T09:10:36.700+0000] {logging_mixin.py:188} INFO - Uploaded /tmp/minio_downloads/1766652118.json to Snowflake stage
[2025-12-25T09:10:36.982+0000] {logging_mixin.py:188} INFO - Uploaded /tmp/minio_downloads/1766652130.json to Snowflake stage
[2025-12-25T09:10:37.243+0000] {logging_mixin.py:188} INFO - Uploaded /tmp/minio_downloads/1766652142.json to Snowflake stage
[2025-12-25T09:10:37.498+0000] {logging_mixin.py:188} INFO - Uploaded /tmp/minio_downloads/1766652155.json to Snowflake stage
[2025-12-25T09:10:37.762+0000] {logging_mixin.py:188} INFO - Uploaded /tmp/minio_downloads/1766652167.json to Snowflake stage
[2025-12-25T09:10:38.074+0000] {logging_mixin.py:188} INFO - Uploaded /tmp/minio_downloads/1766652178.json to Snowflake stage
[2025-12-25T09:10:38.333+0000] {logging_mixin.py:188} INFO - Uploaded /tmp/minio_downloads/1766652190.json to Snowflake stage
[2025-12-25T09:10:38.618+0000] {logging_mixin.py:188} INFO - Uploaded /tmp/minio_downloads/1766652204.json to Snowflake stage
[2025-12-25T09:10:38.883+0000] {logging_mixin.py:188} INFO - Uploaded /tmp/minio_downloads/1766652215.json to Snowflake stage
[2025-12-25T09:10:39.172+0000] {logging_mixin.py:188} INFO - Uploaded /tmp/minio_downloads/1766652227.json to Snowflake stage
[2025-12-25T09:10:39.440+0000] {logging_mixin.py:188} INFO - Uploaded /tmp/minio_downloads/1766652239.json to Snowflake stage
[2025-12-25T09:10:39.725+0000] {logging_mixin.py:188} INFO - Uploaded /tmp/minio_downloads/1766652250.json to Snowflake stage
[2025-12-25T09:10:39.999+0000] {logging_mixin.py:188} INFO - Uploaded /tmp/minio_downloads/1766652262.json to Snowflake stage
[2025-12-25T09:10:40.262+0000] {logging_mixin.py:188} INFO - Uploaded /tmp/minio_downloads/1766652275.json to Snowflake stage
[2025-12-25T09:10:40.550+0000] {logging_mixin.py:188} INFO - Uploaded /tmp/minio_downloads/1766652287.json to Snowflake stage
[2025-12-25T09:10:40.969+0000] {logging_mixin.py:188} INFO - Uploaded /tmp/minio_downloads/1766652298.json to Snowflake stage
[2025-12-25T09:10:41.262+0000] {logging_mixin.py:188} INFO - Uploaded /tmp/minio_downloads/1766652310.json to Snowflake stage
[2025-12-25T09:10:41.611+0000] {logging_mixin.py:188} INFO - Uploaded /tmp/minio_downloads/1766652322.json to Snowflake stage
[2025-12-25T09:10:41.876+0000] {logging_mixin.py:188} INFO - Uploaded /tmp/minio_downloads/1766652335.json to Snowflake stage
[2025-12-25T09:10:42.171+0000] {logging_mixin.py:188} INFO - Uploaded /tmp/minio_downloads/1766652347.json to Snowflake stage
[2025-12-25T09:10:42.435+0000] {logging_mixin.py:188} INFO - Uploaded /tmp/minio_downloads/1766652358.json to Snowflake stage
[2025-12-25T09:10:42.723+0000] {logging_mixin.py:188} INFO - Uploaded /tmp/minio_downloads/1766652371.json to Snowflake stage
[2025-12-25T09:10:42.986+0000] {logging_mixin.py:188} INFO - Uploaded /tmp/minio_downloads/1766652384.json to Snowflake stage
[2025-12-25T09:10:43.247+0000] {logging_mixin.py:188} INFO - Uploaded /tmp/minio_downloads/1766652399.json to Snowflake stage
[2025-12-25T09:10:43.641+0000] {logging_mixin.py:188} INFO - Uploaded /tmp/minio_downloads/1766652411.json to Snowflake stage
[2025-12-25T09:10:43.952+0000] {logging_mixin.py:188} INFO - Uploaded /tmp/minio_downloads/1766652423.json to Snowflake stage
[2025-12-25T09:10:44.353+0000] {logging_mixin.py:188} INFO - Uploaded /tmp/minio_downloads/1766652437.json to Snowflake stage
[2025-12-25T09:10:44.638+0000] {logging_mixin.py:188} INFO - Uploaded /tmp/minio_downloads/1766652450.json to Snowflake stage
[2025-12-25T09:10:45.312+0000] {logging_mixin.py:188} INFO - Uploaded /tmp/minio_downloads/1766652461.json to Snowflake stage
[2025-12-25T09:10:45.614+0000] {logging_mixin.py:188} INFO - Uploaded /tmp/minio_downloads/1766652475.json to Snowflake stage
[2025-12-25T09:10:45.929+0000] {logging_mixin.py:188} INFO - Uploaded /tmp/minio_downloads/1766652488.json to Snowflake stage
[2025-12-25T09:10:46.207+0000] {logging_mixin.py:188} INFO - Uploaded /tmp/minio_downloads/1766652501.json to Snowflake stage
[2025-12-25T09:10:46.545+0000] {logging_mixin.py:188} INFO - Uploaded /tmp/minio_downloads/1766652513.json to Snowflake stage
[2025-12-25T09:10:49.732+0000] {logging_mixin.py:188} INFO - Uploaded /tmp/minio_downloads/1766652527.json to Snowflake stage
[2025-12-25T09:10:50.088+0000] {logging_mixin.py:188} INFO - Uploaded /tmp/minio_downloads/1766652541.json to Snowflake stage
[2025-12-25T09:10:50.385+0000] {logging_mixin.py:188} INFO - Uploaded /tmp/minio_downloads/1766652554.json to Snowflake stage
[2025-12-25T09:10:50.690+0000] {logging_mixin.py:188} INFO - Uploaded /tmp/minio_downloads/1766652568.json to Snowflake stage
[2025-12-25T09:10:51.204+0000] {logging_mixin.py:188} INFO - Uploaded /tmp/minio_downloads/1766652581.json to Snowflake stage
[2025-12-25T09:10:51.555+0000] {logging_mixin.py:188} INFO - Uploaded /tmp/minio_downloads/1766652595.json to Snowflake stage
[2025-12-25T09:10:51.845+0000] {logging_mixin.py:188} INFO - Uploaded /tmp/minio_downloads/1766652608.json to Snowflake stage
[2025-12-25T09:10:52.159+0000] {logging_mixin.py:188} INFO - Uploaded /tmp/minio_downloads/1766652622.json to Snowflake stage
[2025-12-25T09:10:52.482+0000] {logging_mixin.py:188} INFO - Uploaded /tmp/minio_downloads/1766652639.json to Snowflake stage
[2025-12-25T09:10:52.780+0000] {logging_mixin.py:188} INFO - Uploaded /tmp/minio_downloads/1766652650.json to Snowflake stage
[2025-12-25T09:10:53.076+0000] {logging_mixin.py:188} INFO - Uploaded /tmp/minio_downloads/1766652663.json to Snowflake stage
[2025-12-25T09:10:53.389+0000] {logging_mixin.py:188} INFO - Uploaded /tmp/minio_downloads/1766652675.json to Snowflake stage
[2025-12-25T09:10:53.722+0000] {logging_mixin.py:188} INFO - Uploaded /tmp/minio_downloads/1766652688.json to Snowflake stage
[2025-12-25T09:10:53.990+0000] {logging_mixin.py:188} INFO - Uploaded /tmp/minio_downloads/1766652700.json to Snowflake stage
[2025-12-25T09:10:54.294+0000] {logging_mixin.py:188} INFO - Uploaded /tmp/minio_downloads/1766652713.json to Snowflake stage
[2025-12-25T09:10:54.583+0000] {logging_mixin.py:188} INFO - Uploaded /tmp/minio_downloads/1766652725.json to Snowflake stage
[2025-12-25T09:10:54.900+0000] {logging_mixin.py:188} INFO - Uploaded /tmp/minio_downloads/1766652736.json to Snowflake stage
[2025-12-25T09:10:55.873+0000] {logging_mixin.py:188} INFO - Uploaded /tmp/minio_downloads/1766652750.json to Snowflake stage
[2025-12-25T09:10:56.288+0000] {logging_mixin.py:188} INFO - Uploaded /tmp/minio_downloads/1766652762.json to Snowflake stage
[2025-12-25T09:10:56.698+0000] {logging_mixin.py:188} INFO - Uploaded /tmp/minio_downloads/1766652774.json to Snowflake stage
[2025-12-25T09:10:57.205+0000] {logging_mixin.py:188} INFO - Uploaded /tmp/minio_downloads/1766652787.json to Snowflake stage
[2025-12-25T09:10:57.621+0000] {logging_mixin.py:188} INFO - Uploaded /tmp/minio_downloads/1766652800.json to Snowflake stage
[2025-12-25T09:10:58.032+0000] {logging_mixin.py:188} INFO - Uploaded /tmp/minio_downloads/1766652813.json to Snowflake stage
[2025-12-25T09:10:58.424+0000] {logging_mixin.py:188} INFO - Uploaded /tmp/minio_downloads/1766652825.json to Snowflake stage
[2025-12-25T09:10:58.827+0000] {logging_mixin.py:188} INFO - Uploaded /tmp/minio_downloads/1766652837.json to Snowflake stage
[2025-12-25T09:10:59.227+0000] {logging_mixin.py:188} INFO - Uploaded /tmp/minio_downloads/1766652852.json to Snowflake stage
[2025-12-25T09:10:59.646+0000] {logging_mixin.py:188} INFO - Uploaded /tmp/minio_downloads/1766652864.json to Snowflake stage
[2025-12-25T09:11:00.563+0000] {logging_mixin.py:188} INFO - Uploaded /tmp/minio_downloads/1766652875.json to Snowflake stage
[2025-12-25T09:11:01.253+0000] {logging_mixin.py:188} INFO - Uploaded /tmp/minio_downloads/1766652887.json to Snowflake stage
[2025-12-25T09:11:02.497+0000] {logging_mixin.py:188} INFO - Uploaded /tmp/minio_downloads/1766652899.json to Snowflake stage
[2025-12-25T09:11:03.736+0000] {logging_mixin.py:188} INFO - Uploaded /tmp/minio_downloads/1766652917.json to Snowflake stage
[2025-12-25T09:11:04.392+0000] {logging_mixin.py:188} INFO - Uploaded /tmp/minio_downloads/1766652928.json to Snowflake stage
[2025-12-25T09:11:04.786+0000] {logging_mixin.py:188} INFO - Uploaded /tmp/minio_downloads/1766652941.json to Snowflake stage
[2025-12-25T09:11:05.180+0000] {logging_mixin.py:188} INFO - Uploaded /tmp/minio_downloads/1766652954.json to Snowflake stage
[2025-12-25T09:11:05.564+0000] {logging_mixin.py:188} INFO - Uploaded /tmp/minio_downloads/1766652967.json to Snowflake stage
[2025-12-25T09:11:05.963+0000] {logging_mixin.py:188} INFO - Uploaded /tmp/minio_downloads/1766652978.json to Snowflake stage
[2025-12-25T09:11:06.349+0000] {logging_mixin.py:188} INFO - Uploaded /tmp/minio_downloads/1766652990.json to Snowflake stage
[2025-12-25T09:11:06.800+0000] {logging_mixin.py:188} INFO - Uploaded /tmp/minio_downloads/1766653003.json to Snowflake stage
[2025-12-25T09:11:07.194+0000] {logging_mixin.py:188} INFO - Uploaded /tmp/minio_downloads/1766653017.json to Snowflake stage
[2025-12-25T09:11:07.847+0000] {logging_mixin.py:188} INFO - Uploaded /tmp/minio_downloads/1766653030.json to Snowflake stage
[2025-12-25T09:11:08.389+0000] {logging_mixin.py:188} INFO - Uploaded /tmp/minio_downloads/1766653043.json to Snowflake stage
[2025-12-25T09:11:09.132+0000] {logging_mixin.py:188} INFO - Uploaded /tmp/minio_downloads/1766653056.json to Snowflake stage
[2025-12-25T09:11:09.535+0000] {logging_mixin.py:188} INFO - Uploaded /tmp/minio_downloads/1766653070.json to Snowflake stage
[2025-12-25T09:11:09.924+0000] {logging_mixin.py:188} INFO - Uploaded /tmp/minio_downloads/1766653082.json to Snowflake stage
[2025-12-25T09:11:10.349+0000] {logging_mixin.py:188} INFO - Uploaded /tmp/minio_downloads/1766653094.json to Snowflake stage
[2025-12-25T09:11:10.759+0000] {logging_mixin.py:188} INFO - Uploaded /tmp/minio_downloads/1766653107.json to Snowflake stage
[2025-12-25T09:11:11.149+0000] {logging_mixin.py:188} INFO - Uploaded /tmp/minio_downloads/1766653120.json to Snowflake stage
[2025-12-25T09:11:11.584+0000] {logging_mixin.py:188} INFO - Uploaded /tmp/minio_downloads/1766653134.json to Snowflake stage
[2025-12-25T09:11:12.001+0000] {logging_mixin.py:188} INFO - Uploaded /tmp/minio_downloads/1766653147.json to Snowflake stage
[2025-12-25T09:11:12.397+0000] {logging_mixin.py:188} INFO - Uploaded /tmp/minio_downloads/1766653159.json to Snowflake stage
[2025-12-25T09:11:12.789+0000] {logging_mixin.py:188} INFO - Uploaded /tmp/minio_downloads/1766653172.json to Snowflake stage
[2025-12-25T09:11:13.248+0000] {logging_mixin.py:188} INFO - Uploaded /tmp/minio_downloads/1766653188.json to Snowflake stage
[2025-12-25T09:11:17.170+0000] {cursor.py:1149} INFO - Number of results in first chunk: 177
[2025-12-25T09:11:17.171+0000] {logging_mixin.py:188} INFO - COPY INTO executed
[2025-12-25T09:11:17.230+0000] {connection.py:773} INFO - closed
[2025-12-25T09:11:17.712+0000] {connection.py:779} INFO - No async queries seem to be running, deleting session
[2025-12-25T09:11:19.031+0000] {python.py:237} INFO - Done. Returned value was: None
[2025-12-25T09:11:19.035+0000] {taskinstance.py:441} INFO - ::group::Post task execution logs
[2025-12-25T09:11:19.281+0000] {taskinstance.py:1206} INFO - Marking task as SUCCESS. dag_id=minio_to_snowflake, task_id=load_snowflake, run_id=scheduled__2025-12-25T08:52:00+00:00, execution_date=20251225T085200, start_date=20251225T090056, end_date=20251225T091119
[2025-12-25T09:11:20.427+0000] {local_task_job_runner.py:243} INFO - Task exited with return code 0
[2025-12-25T09:11:25.202+0000] {taskinstance.py:3503} INFO - 1 downstream tasks scheduled from follow-on schedule check
[2025-12-25T09:11:25.213+0000] {local_task_job_runner.py:222} INFO - ::endgroup::
