[2025-12-25T09:00:32.714+0000] {local_task_job_runner.py:120} INFO - ::group::Pre task execution logs
[2025-12-25T09:00:32.812+0000] {taskinstance.py:2076} INFO - Dependencies all met for dep_context=non-requeueable deps ti=<TaskInstance: minio_to_snowflake.download_minio scheduled__2025-12-25T08:56:00+00:00 [queued]>
[2025-12-25T09:00:32.848+0000] {taskinstance.py:2076} INFO - Dependencies all met for dep_context=requeueable deps ti=<TaskInstance: minio_to_snowflake.download_minio scheduled__2025-12-25T08:56:00+00:00 [queued]>
[2025-12-25T09:00:32.850+0000] {taskinstance.py:2306} INFO - Starting attempt 1 of 2
[2025-12-25T09:00:32.894+0000] {taskinstance.py:2330} INFO - Executing <Task(PythonOperator): download_minio> on 2025-12-25 08:56:00+00:00
[2025-12-25T09:00:32.936+0000] {standard_task_runner.py:90} INFO - Running: ['***', 'tasks', 'run', 'minio_to_snowflake', 'download_minio', 'scheduled__2025-12-25T08:56:00+00:00', '--job-id', '172', '--raw', '--subdir', 'DAGS_FOLDER/minio_to_snowflake.py', '--cfg-path', '/tmp/tmpl4eb0gy3']
[2025-12-25T09:00:32.943+0000] {standard_task_runner.py:91} INFO - Job 172: Subtask download_minio
[2025-12-25T09:00:32.948+0000] {logging_mixin.py:188} WARNING - /home/***/.local/lib/python3.12/site-packages/***/task/task_runner/standard_task_runner.py:62 DeprecationWarning: This process (pid=4186) is multi-threaded, use of fork() may lead to deadlocks in the child.
[2025-12-25T09:00:32.950+0000] {standard_task_runner.py:64} INFO - Started process 4203 to run task
[2025-12-25T09:00:33.111+0000] {task_command.py:426} INFO - Running <TaskInstance: minio_to_snowflake.download_minio scheduled__2025-12-25T08:56:00+00:00 [running]> on host f2efb562a677
[2025-12-25T09:00:33.365+0000] {taskinstance.py:2648} INFO - Exporting env vars: AIRFLOW_CTX_DAG_OWNER='***' AIRFLOW_CTX_DAG_ID='minio_to_snowflake' AIRFLOW_CTX_TASK_ID='download_minio' AIRFLOW_CTX_EXECUTION_DATE='2025-12-25T08:56:00+00:00' AIRFLOW_CTX_TRY_NUMBER='1' AIRFLOW_CTX_DAG_RUN_ID='scheduled__2025-12-25T08:56:00+00:00'
[2025-12-25T09:00:33.368+0000] {taskinstance.py:430} INFO - ::endgroup::
[2025-12-25T09:00:35.183+0000] {logging_mixin.py:188} INFO - Downloaded AAPL/1766651912.json -> /tmp/minio_downloads/1766651912.json
[2025-12-25T09:00:35.210+0000] {logging_mixin.py:188} INFO - Downloaded AAPL/1766651923.json -> /tmp/minio_downloads/1766651923.json
[2025-12-25T09:00:35.248+0000] {logging_mixin.py:188} INFO - Downloaded AAPL/1766651935.json -> /tmp/minio_downloads/1766651935.json
[2025-12-25T09:00:35.279+0000] {logging_mixin.py:188} INFO - Downloaded AAPL/1766651947.json -> /tmp/minio_downloads/1766651947.json
[2025-12-25T09:00:35.314+0000] {logging_mixin.py:188} INFO - Downloaded AAPL/1766651959.json -> /tmp/minio_downloads/1766651959.json
[2025-12-25T09:00:35.347+0000] {logging_mixin.py:188} INFO - Downloaded AAPL/1766651972.json -> /tmp/minio_downloads/1766651972.json
[2025-12-25T09:00:35.376+0000] {logging_mixin.py:188} INFO - Downloaded AAPL/1766651985.json -> /tmp/minio_downloads/1766651985.json
[2025-12-25T09:00:35.407+0000] {logging_mixin.py:188} INFO - Downloaded AAPL/1766651996.json -> /tmp/minio_downloads/1766651996.json
[2025-12-25T09:00:35.430+0000] {logging_mixin.py:188} INFO - Downloaded AAPL/1766652008.json -> /tmp/minio_downloads/1766652008.json
[2025-12-25T09:00:35.454+0000] {logging_mixin.py:188} INFO - Downloaded AAPL/1766652020.json -> /tmp/minio_downloads/1766652020.json
[2025-12-25T09:00:35.476+0000] {logging_mixin.py:188} INFO - Downloaded AAPL/1766652032.json -> /tmp/minio_downloads/1766652032.json
[2025-12-25T09:00:35.499+0000] {logging_mixin.py:188} INFO - Downloaded AAPL/1766652044.json -> /tmp/minio_downloads/1766652044.json
[2025-12-25T09:00:35.519+0000] {logging_mixin.py:188} INFO - Downloaded AAPL/1766652056.json -> /tmp/minio_downloads/1766652056.json
[2025-12-25T09:00:35.538+0000] {logging_mixin.py:188} INFO - Downloaded AAPL/1766652067.json -> /tmp/minio_downloads/1766652067.json
[2025-12-25T09:00:35.561+0000] {logging_mixin.py:188} INFO - Downloaded AAPL/1766652079.json -> /tmp/minio_downloads/1766652079.json
[2025-12-25T09:00:35.578+0000] {logging_mixin.py:188} INFO - Downloaded AAPL/1766652091.json -> /tmp/minio_downloads/1766652091.json
[2025-12-25T09:00:35.596+0000] {logging_mixin.py:188} INFO - Downloaded AAPL/1766652104.json -> /tmp/minio_downloads/1766652104.json
[2025-12-25T09:00:35.611+0000] {logging_mixin.py:188} INFO - Downloaded AAPL/1766652116.json -> /tmp/minio_downloads/1766652116.json
[2025-12-25T09:00:35.628+0000] {logging_mixin.py:188} INFO - Downloaded AAPL/1766652128.json -> /tmp/minio_downloads/1766652128.json
[2025-12-25T09:00:35.643+0000] {logging_mixin.py:188} INFO - Downloaded AAPL/1766652140.json -> /tmp/minio_downloads/1766652140.json
[2025-12-25T09:00:35.662+0000] {logging_mixin.py:188} INFO - Downloaded AAPL/1766652153.json -> /tmp/minio_downloads/1766652153.json
[2025-12-25T09:00:35.678+0000] {logging_mixin.py:188} INFO - Downloaded AAPL/1766652164.json -> /tmp/minio_downloads/1766652164.json
[2025-12-25T09:00:35.694+0000] {logging_mixin.py:188} INFO - Downloaded AAPL/1766652176.json -> /tmp/minio_downloads/1766652176.json
[2025-12-25T09:00:35.709+0000] {logging_mixin.py:188} INFO - Downloaded AAPL/1766652188.json -> /tmp/minio_downloads/1766652188.json
[2025-12-25T09:00:35.726+0000] {logging_mixin.py:188} INFO - Downloaded AAPL/1766652200.json -> /tmp/minio_downloads/1766652200.json
[2025-12-25T09:00:35.747+0000] {logging_mixin.py:188} INFO - Downloaded AAPL/1766652213.json -> /tmp/minio_downloads/1766652213.json
[2025-12-25T09:00:35.766+0000] {logging_mixin.py:188} INFO - Downloaded AAPL/1766652224.json -> /tmp/minio_downloads/1766652224.json
[2025-12-25T09:00:35.781+0000] {logging_mixin.py:188} INFO - Downloaded AAPL/1766652236.json -> /tmp/minio_downloads/1766652236.json
[2025-12-25T09:00:35.796+0000] {logging_mixin.py:188} INFO - Downloaded AAPL/1766652248.json -> /tmp/minio_downloads/1766652248.json
[2025-12-25T09:00:35.811+0000] {logging_mixin.py:188} INFO - Downloaded AAPL/1766652260.json -> /tmp/minio_downloads/1766652260.json
[2025-12-25T09:00:35.833+0000] {logging_mixin.py:188} INFO - Downloaded AAPL/1766652272.json -> /tmp/minio_downloads/1766652272.json
[2025-12-25T09:00:35.850+0000] {logging_mixin.py:188} INFO - Downloaded AAPL/1766652284.json -> /tmp/minio_downloads/1766652284.json
[2025-12-25T09:00:35.868+0000] {logging_mixin.py:188} INFO - Downloaded AAPL/1766652296.json -> /tmp/minio_downloads/1766652296.json
[2025-12-25T09:00:35.884+0000] {logging_mixin.py:188} INFO - Downloaded AAPL/1766652308.json -> /tmp/minio_downloads/1766652308.json
[2025-12-25T09:00:35.901+0000] {logging_mixin.py:188} INFO - Downloaded AAPL/1766652319.json -> /tmp/minio_downloads/1766652319.json
[2025-12-25T09:00:35.918+0000] {logging_mixin.py:188} INFO - Downloaded AAPL/1766652332.json -> /tmp/minio_downloads/1766652332.json
[2025-12-25T09:00:35.936+0000] {logging_mixin.py:188} INFO - Downloaded AAPL/1766652345.json -> /tmp/minio_downloads/1766652345.json
[2025-12-25T09:00:35.954+0000] {logging_mixin.py:188} INFO - Downloaded AAPL/1766652356.json -> /tmp/minio_downloads/1766652356.json
[2025-12-25T09:00:35.971+0000] {logging_mixin.py:188} INFO - Downloaded AAPL/1766652369.json -> /tmp/minio_downloads/1766652369.json
[2025-12-25T09:00:35.992+0000] {logging_mixin.py:188} INFO - Downloaded AAPL/1766652381.json -> /tmp/minio_downloads/1766652381.json
[2025-12-25T09:00:36.011+0000] {logging_mixin.py:188} INFO - Downloaded AAPL/1766652397.json -> /tmp/minio_downloads/1766652397.json
[2025-12-25T09:00:36.027+0000] {logging_mixin.py:188} INFO - Downloaded AAPL/1766652409.json -> /tmp/minio_downloads/1766652409.json
[2025-12-25T09:00:36.045+0000] {logging_mixin.py:188} INFO - Downloaded AAPL/1766652421.json -> /tmp/minio_downloads/1766652421.json
[2025-12-25T09:00:36.062+0000] {logging_mixin.py:188} INFO - Downloaded AAPL/1766652434.json -> /tmp/minio_downloads/1766652434.json
[2025-12-25T09:00:36.079+0000] {logging_mixin.py:188} INFO - Downloaded AAPL/1766652447.json -> /tmp/minio_downloads/1766652447.json
[2025-12-25T09:00:36.099+0000] {logging_mixin.py:188} INFO - Downloaded AAPL/1766652459.json -> /tmp/minio_downloads/1766652459.json
[2025-12-25T09:00:36.117+0000] {logging_mixin.py:188} INFO - Downloaded AAPL/1766652471.json -> /tmp/minio_downloads/1766652471.json
[2025-12-25T09:00:36.136+0000] {logging_mixin.py:188} INFO - Downloaded AAPL/1766652485.json -> /tmp/minio_downloads/1766652485.json
[2025-12-25T09:00:36.155+0000] {logging_mixin.py:188} INFO - Downloaded AAPL/1766652498.json -> /tmp/minio_downloads/1766652498.json
[2025-12-25T09:00:36.175+0000] {logging_mixin.py:188} INFO - Downloaded AAPL/1766652511.json -> /tmp/minio_downloads/1766652511.json
[2025-12-25T09:00:36.194+0000] {logging_mixin.py:188} INFO - Downloaded AAPL/1766652524.json -> /tmp/minio_downloads/1766652524.json
[2025-12-25T09:00:36.215+0000] {logging_mixin.py:188} INFO - Downloaded AAPL/1766652538.json -> /tmp/minio_downloads/1766652538.json
[2025-12-25T09:00:36.234+0000] {logging_mixin.py:188} INFO - Downloaded AAPL/1766652552.json -> /tmp/minio_downloads/1766652552.json
[2025-12-25T09:00:36.254+0000] {logging_mixin.py:188} INFO - Downloaded AAPL/1766652565.json -> /tmp/minio_downloads/1766652565.json
[2025-12-25T09:00:36.270+0000] {logging_mixin.py:188} INFO - Downloaded AAPL/1766652578.json -> /tmp/minio_downloads/1766652578.json
[2025-12-25T09:00:36.289+0000] {logging_mixin.py:188} INFO - Downloaded AAPL/1766652592.json -> /tmp/minio_downloads/1766652592.json
[2025-12-25T09:00:36.309+0000] {logging_mixin.py:188} INFO - Downloaded AAPL/1766652605.json -> /tmp/minio_downloads/1766652605.json
[2025-12-25T09:00:36.330+0000] {logging_mixin.py:188} INFO - Downloaded AAPL/1766652619.json -> /tmp/minio_downloads/1766652619.json
[2025-12-25T09:00:36.352+0000] {logging_mixin.py:188} INFO - Downloaded AAPL/1766652633.json -> /tmp/minio_downloads/1766652633.json
[2025-12-25T09:00:36.374+0000] {logging_mixin.py:188} INFO - Downloaded AAPL/1766652648.json -> /tmp/minio_downloads/1766652648.json
[2025-12-25T09:00:36.398+0000] {logging_mixin.py:188} INFO - Downloaded AAPL/1766652660.json -> /tmp/minio_downloads/1766652660.json
[2025-12-25T09:00:36.422+0000] {logging_mixin.py:188} INFO - Downloaded AAPL/1766652672.json -> /tmp/minio_downloads/1766652672.json
[2025-12-25T09:00:36.446+0000] {logging_mixin.py:188} INFO - Downloaded AAPL/1766652685.json -> /tmp/minio_downloads/1766652685.json
[2025-12-25T09:00:36.465+0000] {logging_mixin.py:188} INFO - Downloaded AAPL/1766652698.json -> /tmp/minio_downloads/1766652698.json
[2025-12-25T09:00:36.485+0000] {logging_mixin.py:188} INFO - Downloaded AAPL/1766652711.json -> /tmp/minio_downloads/1766652711.json
[2025-12-25T09:00:36.506+0000] {logging_mixin.py:188} INFO - Downloaded AAPL/1766652722.json -> /tmp/minio_downloads/1766652722.json
[2025-12-25T09:00:36.524+0000] {logging_mixin.py:188} INFO - Downloaded AAPL/1766652734.json -> /tmp/minio_downloads/1766652734.json
[2025-12-25T09:00:36.541+0000] {logging_mixin.py:188} INFO - Downloaded AAPL/1766652747.json -> /tmp/minio_downloads/1766652747.json
[2025-12-25T09:00:36.561+0000] {logging_mixin.py:188} INFO - Downloaded AAPL/1766652759.json -> /tmp/minio_downloads/1766652759.json
[2025-12-25T09:00:36.577+0000] {logging_mixin.py:188} INFO - Downloaded AAPL/1766652771.json -> /tmp/minio_downloads/1766652771.json
[2025-12-25T09:00:36.592+0000] {logging_mixin.py:188} INFO - Downloaded AAPL/1766652784.json -> /tmp/minio_downloads/1766652784.json
[2025-12-25T09:00:36.613+0000] {logging_mixin.py:188} INFO - Downloaded AAPL/1766652797.json -> /tmp/minio_downloads/1766652797.json
[2025-12-25T09:00:36.630+0000] {logging_mixin.py:188} INFO - Downloaded AAPL/1766652811.json -> /tmp/minio_downloads/1766652811.json
[2025-12-25T09:00:36.647+0000] {logging_mixin.py:188} INFO - Downloaded AAPL/1766652823.json -> /tmp/minio_downloads/1766652823.json
[2025-12-25T09:00:36.665+0000] {logging_mixin.py:188} INFO - Downloaded AAPL/1766652835.json -> /tmp/minio_downloads/1766652835.json
[2025-12-25T09:00:36.682+0000] {logging_mixin.py:188} INFO - Downloaded AAPL/1766652849.json -> /tmp/minio_downloads/1766652849.json
[2025-12-25T09:00:36.697+0000] {logging_mixin.py:188} INFO - Downloaded AAPL/1766652861.json -> /tmp/minio_downloads/1766652861.json
[2025-12-25T09:00:36.711+0000] {logging_mixin.py:188} INFO - Downloaded AAPL/1766652873.json -> /tmp/minio_downloads/1766652873.json
[2025-12-25T09:00:36.726+0000] {logging_mixin.py:188} INFO - Downloaded AAPL/1766652885.json -> /tmp/minio_downloads/1766652885.json
[2025-12-25T09:00:36.750+0000] {logging_mixin.py:188} INFO - Downloaded AAPL/1766652897.json -> /tmp/minio_downloads/1766652897.json
[2025-12-25T09:00:36.764+0000] {logging_mixin.py:188} INFO - Downloaded AAPL/1766652914.json -> /tmp/minio_downloads/1766652914.json
[2025-12-25T09:00:36.779+0000] {logging_mixin.py:188} INFO - Downloaded AAPL/1766652926.json -> /tmp/minio_downloads/1766652926.json
[2025-12-25T09:00:36.794+0000] {logging_mixin.py:188} INFO - Downloaded AAPL/1766652938.json -> /tmp/minio_downloads/1766652938.json
[2025-12-25T09:00:36.809+0000] {logging_mixin.py:188} INFO - Downloaded AAPL/1766652951.json -> /tmp/minio_downloads/1766652951.json
[2025-12-25T09:00:36.831+0000] {logging_mixin.py:188} INFO - Downloaded AAPL/1766652965.json -> /tmp/minio_downloads/1766652965.json
[2025-12-25T09:00:36.849+0000] {logging_mixin.py:188} INFO - Downloaded AAPL/1766652976.json -> /tmp/minio_downloads/1766652976.json
[2025-12-25T09:00:36.864+0000] {logging_mixin.py:188} INFO - Downloaded AAPL/1766652987.json -> /tmp/minio_downloads/1766652987.json
[2025-12-25T09:00:36.879+0000] {logging_mixin.py:188} INFO - Downloaded AAPL/1766653001.json -> /tmp/minio_downloads/1766653001.json
[2025-12-25T09:00:36.896+0000] {logging_mixin.py:188} INFO - Downloaded AAPL/1766653014.json -> /tmp/minio_downloads/1766653014.json
[2025-12-25T09:00:36.913+0000] {logging_mixin.py:188} INFO - Downloaded AAPL/1766653027.json -> /tmp/minio_downloads/1766653027.json
[2025-12-25T09:00:36.930+0000] {logging_mixin.py:188} INFO - Downloaded AAPL/1766653039.json -> /tmp/minio_downloads/1766653039.json
[2025-12-25T09:00:36.948+0000] {logging_mixin.py:188} INFO - Downloaded AAPL/1766653053.json -> /tmp/minio_downloads/1766653053.json
[2025-12-25T09:00:36.969+0000] {logging_mixin.py:188} INFO - Downloaded AAPL/1766653067.json -> /tmp/minio_downloads/1766653067.json
[2025-12-25T09:00:36.987+0000] {logging_mixin.py:188} INFO - Downloaded AAPL/1766653080.json -> /tmp/minio_downloads/1766653080.json
[2025-12-25T09:00:37.004+0000] {logging_mixin.py:188} INFO - Downloaded AAPL/1766653092.json -> /tmp/minio_downloads/1766653092.json
[2025-12-25T09:00:37.022+0000] {logging_mixin.py:188} INFO - Downloaded AAPL/1766653104.json -> /tmp/minio_downloads/1766653104.json
[2025-12-25T09:00:37.042+0000] {logging_mixin.py:188} INFO - Downloaded AAPL/1766653117.json -> /tmp/minio_downloads/1766653117.json
[2025-12-25T09:00:37.060+0000] {logging_mixin.py:188} INFO - Downloaded AAPL/1766653132.json -> /tmp/minio_downloads/1766653132.json
[2025-12-25T09:00:37.078+0000] {logging_mixin.py:188} INFO - Downloaded AAPL/1766653145.json -> /tmp/minio_downloads/1766653145.json
[2025-12-25T09:00:37.101+0000] {logging_mixin.py:188} INFO - Downloaded AAPL/1766653157.json -> /tmp/minio_downloads/1766653157.json
[2025-12-25T09:00:37.119+0000] {logging_mixin.py:188} INFO - Downloaded AAPL/1766653169.json -> /tmp/minio_downloads/1766653169.json
[2025-12-25T09:00:37.136+0000] {logging_mixin.py:188} INFO - Downloaded AAPL/1766653185.json -> /tmp/minio_downloads/1766653185.json
[2025-12-25T09:00:37.151+0000] {logging_mixin.py:188} INFO - Downloaded AAPL/1766653199.json -> /tmp/minio_downloads/1766653199.json
[2025-12-25T09:00:37.184+0000] {logging_mixin.py:188} INFO - Downloaded AAPL/1766653213.json -> /tmp/minio_downloads/1766653213.json
[2025-12-25T09:00:37.202+0000] {logging_mixin.py:188} INFO - Downloaded AAPL/1766653225.json -> /tmp/minio_downloads/1766653225.json
[2025-12-25T09:00:37.221+0000] {logging_mixin.py:188} INFO - Downloaded AMZN/1766651916.json -> /tmp/minio_downloads/1766651916.json
[2025-12-25T09:00:37.240+0000] {logging_mixin.py:188} INFO - Downloaded AMZN/1766651928.json -> /tmp/minio_downloads/1766651928.json
[2025-12-25T09:00:37.260+0000] {logging_mixin.py:188} INFO - Downloaded AMZN/1766651940.json -> /tmp/minio_downloads/1766651940.json
[2025-12-25T09:00:37.278+0000] {logging_mixin.py:188} INFO - Downloaded AMZN/1766651952.json -> /tmp/minio_downloads/1766651952.json
[2025-12-25T09:00:37.295+0000] {logging_mixin.py:188} INFO - Downloaded AMZN/1766651964.json -> /tmp/minio_downloads/1766651964.json
[2025-12-25T09:00:37.314+0000] {logging_mixin.py:188} INFO - Downloaded AMZN/1766651978.json -> /tmp/minio_downloads/1766651978.json
[2025-12-25T09:00:37.336+0000] {logging_mixin.py:188} INFO - Downloaded AMZN/1766651989.json -> /tmp/minio_downloads/1766651989.json
[2025-12-25T09:00:37.355+0000] {logging_mixin.py:188} INFO - Downloaded AMZN/1766652001.json -> /tmp/minio_downloads/1766652001.json
[2025-12-25T09:00:37.376+0000] {logging_mixin.py:188} INFO - Downloaded AMZN/1766652013.json -> /tmp/minio_downloads/1766652013.json
[2025-12-25T09:00:37.394+0000] {logging_mixin.py:188} INFO - Downloaded AMZN/1766652025.json -> /tmp/minio_downloads/1766652025.json
[2025-12-25T09:00:37.412+0000] {logging_mixin.py:188} INFO - Downloaded AMZN/1766652036.json -> /tmp/minio_downloads/1766652036.json
[2025-12-25T09:00:37.437+0000] {logging_mixin.py:188} INFO - Downloaded AMZN/1766652048.json -> /tmp/minio_downloads/1766652048.json
[2025-12-25T09:00:37.462+0000] {logging_mixin.py:188} INFO - Downloaded AMZN/1766652060.json -> /tmp/minio_downloads/1766652060.json
[2025-12-25T09:00:37.484+0000] {logging_mixin.py:188} INFO - Downloaded AMZN/1766652072.json -> /tmp/minio_downloads/1766652072.json
[2025-12-25T09:00:37.500+0000] {logging_mixin.py:188} INFO - Downloaded AMZN/1766652084.json -> /tmp/minio_downloads/1766652084.json
[2025-12-25T09:00:37.524+0000] {logging_mixin.py:188} INFO - Downloaded AMZN/1766652097.json -> /tmp/minio_downloads/1766652097.json
[2025-12-25T09:00:37.539+0000] {logging_mixin.py:188} INFO - Downloaded AMZN/1766652109.json -> /tmp/minio_downloads/1766652109.json
[2025-12-25T09:00:37.555+0000] {logging_mixin.py:188} INFO - Downloaded AMZN/1766652121.json -> /tmp/minio_downloads/1766652121.json
[2025-12-25T09:00:37.571+0000] {logging_mixin.py:188} INFO - Downloaded AMZN/1766652133.json -> /tmp/minio_downloads/1766652133.json
[2025-12-25T09:00:37.595+0000] {logging_mixin.py:188} INFO - Downloaded AMZN/1766652145.json -> /tmp/minio_downloads/1766652145.json
[2025-12-25T09:00:37.613+0000] {logging_mixin.py:188} INFO - Downloaded AMZN/1766652157.json -> /tmp/minio_downloads/1766652157.json
[2025-12-25T09:00:37.629+0000] {logging_mixin.py:188} INFO - Downloaded AMZN/1766652169.json -> /tmp/minio_downloads/1766652169.json
[2025-12-25T09:00:37.647+0000] {logging_mixin.py:188} INFO - Downloaded AMZN/1766652181.json -> /tmp/minio_downloads/1766652181.json
[2025-12-25T09:00:37.664+0000] {logging_mixin.py:188} INFO - Downloaded AMZN/1766652193.json -> /tmp/minio_downloads/1766652193.json
[2025-12-25T09:00:37.683+0000] {logging_mixin.py:188} INFO - Downloaded AMZN/1766652206.json -> /tmp/minio_downloads/1766652206.json
[2025-12-25T09:00:37.701+0000] {logging_mixin.py:188} INFO - Downloaded AMZN/1766652217.json -> /tmp/minio_downloads/1766652217.json
[2025-12-25T09:00:37.716+0000] {logging_mixin.py:188} INFO - Downloaded AMZN/1766652229.json -> /tmp/minio_downloads/1766652229.json
[2025-12-25T09:00:37.732+0000] {logging_mixin.py:188} INFO - Downloaded AMZN/1766652241.json -> /tmp/minio_downloads/1766652241.json
[2025-12-25T09:00:37.747+0000] {logging_mixin.py:188} INFO - Downloaded AMZN/1766652253.json -> /tmp/minio_downloads/1766652253.json
[2025-12-25T09:00:37.763+0000] {logging_mixin.py:188} INFO - Downloaded AMZN/1766652264.json -> /tmp/minio_downloads/1766652264.json
[2025-12-25T09:00:37.778+0000] {logging_mixin.py:188} INFO - Downloaded AMZN/1766652277.json -> /tmp/minio_downloads/1766652277.json
[2025-12-25T09:00:37.792+0000] {logging_mixin.py:188} INFO - Downloaded AMZN/1766652289.json -> /tmp/minio_downloads/1766652289.json
[2025-12-25T09:00:37.808+0000] {logging_mixin.py:188} INFO - Downloaded AMZN/1766652301.json -> /tmp/minio_downloads/1766652301.json
[2025-12-25T09:00:37.823+0000] {logging_mixin.py:188} INFO - Downloaded AMZN/1766652312.json -> /tmp/minio_downloads/1766652312.json
[2025-12-25T09:00:37.840+0000] {logging_mixin.py:188} INFO - Downloaded AMZN/1766652325.json -> /tmp/minio_downloads/1766652325.json
[2025-12-25T09:00:37.861+0000] {logging_mixin.py:188} INFO - Downloaded AMZN/1766652338.json -> /tmp/minio_downloads/1766652338.json
[2025-12-25T09:00:37.880+0000] {logging_mixin.py:188} INFO - Downloaded AMZN/1766652349.json -> /tmp/minio_downloads/1766652349.json
[2025-12-25T09:00:37.899+0000] {logging_mixin.py:188} INFO - Downloaded AMZN/1766652361.json -> /tmp/minio_downloads/1766652361.json
[2025-12-25T09:00:37.917+0000] {logging_mixin.py:188} INFO - Downloaded AMZN/1766652374.json -> /tmp/minio_downloads/1766652374.json
[2025-12-25T09:00:37.937+0000] {logging_mixin.py:188} INFO - Downloaded AMZN/1766652390.json -> /tmp/minio_downloads/1766652390.json
[2025-12-25T09:00:37.956+0000] {logging_mixin.py:188} INFO - Downloaded AMZN/1766652401.json -> /tmp/minio_downloads/1766652401.json
[2025-12-25T09:00:37.979+0000] {logging_mixin.py:188} INFO - Downloaded AMZN/1766652413.json -> /tmp/minio_downloads/1766652413.json
[2025-12-25T09:00:38.000+0000] {logging_mixin.py:188} INFO - Downloaded AMZN/1766652426.json -> /tmp/minio_downloads/1766652426.json
[2025-12-25T09:00:38.019+0000] {logging_mixin.py:188} INFO - Downloaded AMZN/1766652439.json -> /tmp/minio_downloads/1766652439.json
[2025-12-25T09:00:38.039+0000] {logging_mixin.py:188} INFO - Downloaded AMZN/1766652452.json -> /tmp/minio_downloads/1766652452.json
[2025-12-25T09:00:38.060+0000] {logging_mixin.py:188} INFO - Downloaded AMZN/1766652464.json -> /tmp/minio_downloads/1766652464.json
[2025-12-25T09:00:38.079+0000] {logging_mixin.py:188} INFO - Downloaded AMZN/1766652477.json -> /tmp/minio_downloads/1766652477.json
[2025-12-25T09:00:38.098+0000] {logging_mixin.py:188} INFO - Downloaded AMZN/1766652490.json -> /tmp/minio_downloads/1766652490.json
[2025-12-25T09:00:38.113+0000] {logging_mixin.py:188} INFO - Downloaded AMZN/1766652503.json -> /tmp/minio_downloads/1766652503.json
[2025-12-25T09:00:38.133+0000] {logging_mixin.py:188} INFO - Downloaded AMZN/1766652516.json -> /tmp/minio_downloads/1766652516.json
[2025-12-25T09:00:38.158+0000] {logging_mixin.py:188} INFO - Downloaded AMZN/1766652530.json -> /tmp/minio_downloads/1766652530.json
[2025-12-25T09:00:38.179+0000] {logging_mixin.py:188} INFO - Downloaded AMZN/1766652543.json -> /tmp/minio_downloads/1766652543.json
[2025-12-25T09:00:38.200+0000] {logging_mixin.py:188} INFO - Downloaded AMZN/1766652558.json -> /tmp/minio_downloads/1766652558.json
[2025-12-25T09:00:38.219+0000] {logging_mixin.py:188} INFO - Downloaded AMZN/1766652570.json -> /tmp/minio_downloads/1766652570.json
[2025-12-25T09:00:38.241+0000] {logging_mixin.py:188} INFO - Downloaded AMZN/1766652584.json -> /tmp/minio_downloads/1766652584.json
[2025-12-25T09:00:38.261+0000] {logging_mixin.py:188} INFO - Downloaded AMZN/1766652598.json -> /tmp/minio_downloads/1766652598.json
[2025-12-25T09:00:38.281+0000] {logging_mixin.py:188} INFO - Downloaded AMZN/1766652611.json -> /tmp/minio_downloads/1766652611.json
[2025-12-25T09:00:38.301+0000] {logging_mixin.py:188} INFO - Downloaded AMZN/1766652625.json -> /tmp/minio_downloads/1766652625.json
[2025-12-25T09:00:38.323+0000] {logging_mixin.py:188} INFO - Downloaded AMZN/1766652641.json -> /tmp/minio_downloads/1766652641.json
[2025-12-25T09:00:38.344+0000] {logging_mixin.py:188} INFO - Downloaded AMZN/1766652652.json -> /tmp/minio_downloads/1766652652.json
[2025-12-25T09:00:38.365+0000] {logging_mixin.py:188} INFO - Downloaded AMZN/1766652665.json -> /tmp/minio_downloads/1766652665.json
[2025-12-25T09:00:38.388+0000] {logging_mixin.py:188} INFO - Downloaded AMZN/1766652677.json -> /tmp/minio_downloads/1766652677.json
[2025-12-25T09:00:38.408+0000] {logging_mixin.py:188} INFO - Downloaded AMZN/1766652690.json -> /tmp/minio_downloads/1766652690.json
[2025-12-25T09:00:38.429+0000] {logging_mixin.py:188} INFO - Downloaded AMZN/1766652703.json -> /tmp/minio_downloads/1766652703.json
[2025-12-25T09:00:38.448+0000] {logging_mixin.py:188} INFO - Downloaded AMZN/1766652715.json -> /tmp/minio_downloads/1766652715.json
[2025-12-25T09:00:38.472+0000] {logging_mixin.py:188} INFO - Downloaded AMZN/1766652727.json -> /tmp/minio_downloads/1766652727.json
[2025-12-25T09:00:38.492+0000] {logging_mixin.py:188} INFO - Downloaded AMZN/1766652739.json -> /tmp/minio_downloads/1766652739.json
[2025-12-25T09:00:38.511+0000] {logging_mixin.py:188} INFO - Downloaded AMZN/1766652752.json -> /tmp/minio_downloads/1766652752.json
[2025-12-25T09:00:38.537+0000] {logging_mixin.py:188} INFO - Downloaded AMZN/1766652764.json -> /tmp/minio_downloads/1766652764.json
[2025-12-25T09:00:38.555+0000] {logging_mixin.py:188} INFO - Downloaded AMZN/1766652777.json -> /tmp/minio_downloads/1766652777.json
[2025-12-25T09:00:38.572+0000] {logging_mixin.py:188} INFO - Downloaded AMZN/1766652790.json -> /tmp/minio_downloads/1766652790.json
[2025-12-25T09:00:38.590+0000] {logging_mixin.py:188} INFO - Downloaded AMZN/1766652803.json -> /tmp/minio_downloads/1766652803.json
[2025-12-25T09:00:38.608+0000] {logging_mixin.py:188} INFO - Downloaded AMZN/1766652815.json -> /tmp/minio_downloads/1766652815.json
[2025-12-25T09:00:38.627+0000] {logging_mixin.py:188} INFO - Downloaded AMZN/1766652827.json -> /tmp/minio_downloads/1766652827.json
[2025-12-25T09:00:38.644+0000] {logging_mixin.py:188} INFO - Downloaded AMZN/1766652841.json -> /tmp/minio_downloads/1766652841.json
[2025-12-25T09:00:38.663+0000] {logging_mixin.py:188} INFO - Downloaded AMZN/1766652854.json -> /tmp/minio_downloads/1766652854.json
[2025-12-25T09:00:38.681+0000] {logging_mixin.py:188} INFO - Downloaded AMZN/1766652866.json -> /tmp/minio_downloads/1766652866.json
[2025-12-25T09:00:38.699+0000] {logging_mixin.py:188} INFO - Downloaded AMZN/1766652878.json -> /tmp/minio_downloads/1766652878.json
[2025-12-25T09:00:38.717+0000] {logging_mixin.py:188} INFO - Downloaded AMZN/1766652889.json -> /tmp/minio_downloads/1766652889.json
[2025-12-25T09:00:38.740+0000] {logging_mixin.py:188} INFO - Downloaded AMZN/1766652902.json -> /tmp/minio_downloads/1766652902.json
[2025-12-25T09:00:38.759+0000] {logging_mixin.py:188} INFO - Downloaded AMZN/1766652919.json -> /tmp/minio_downloads/1766652919.json
[2025-12-25T09:00:38.778+0000] {logging_mixin.py:188} INFO - Downloaded AMZN/1766652930.json -> /tmp/minio_downloads/1766652930.json
[2025-12-25T09:00:38.800+0000] {logging_mixin.py:188} INFO - Downloaded AMZN/1766652944.json -> /tmp/minio_downloads/1766652944.json
[2025-12-25T09:00:38.821+0000] {logging_mixin.py:188} INFO - Downloaded AMZN/1766652958.json -> /tmp/minio_downloads/1766652958.json
[2025-12-25T09:00:38.862+0000] {logging_mixin.py:188} INFO - Downloaded AMZN/1766652969.json -> /tmp/minio_downloads/1766652969.json
[2025-12-25T09:00:38.878+0000] {logging_mixin.py:188} INFO - Downloaded AMZN/1766652980.json -> /tmp/minio_downloads/1766652980.json
[2025-12-25T09:00:38.891+0000] {logging_mixin.py:188} INFO - Downloaded AMZN/1766652994.json -> /tmp/minio_downloads/1766652994.json
[2025-12-25T09:00:38.904+0000] {logging_mixin.py:188} INFO - Downloaded AMZN/1766653006.json -> /tmp/minio_downloads/1766653006.json
[2025-12-25T09:00:38.924+0000] {logging_mixin.py:188} INFO - Downloaded AMZN/1766653020.json -> /tmp/minio_downloads/1766653020.json
[2025-12-25T09:00:38.939+0000] {logging_mixin.py:188} INFO - Downloaded AMZN/1766653032.json -> /tmp/minio_downloads/1766653032.json
[2025-12-25T09:00:38.954+0000] {logging_mixin.py:188} INFO - Downloaded AMZN/1766653046.json -> /tmp/minio_downloads/1766653046.json
[2025-12-25T09:00:38.974+0000] {logging_mixin.py:188} INFO - Downloaded AMZN/1766653060.json -> /tmp/minio_downloads/1766653060.json
[2025-12-25T09:00:38.991+0000] {logging_mixin.py:188} INFO - Downloaded AMZN/1766653073.json -> /tmp/minio_downloads/1766653073.json
[2025-12-25T09:00:39.006+0000] {logging_mixin.py:188} INFO - Downloaded AMZN/1766653085.json -> /tmp/minio_downloads/1766653085.json
[2025-12-25T09:00:39.028+0000] {logging_mixin.py:188} INFO - Downloaded AMZN/1766653097.json -> /tmp/minio_downloads/1766653097.json
[2025-12-25T09:00:39.113+0000] {logging_mixin.py:188} INFO - Downloaded AMZN/1766653110.json -> /tmp/minio_downloads/1766653110.json
[2025-12-25T09:00:39.132+0000] {logging_mixin.py:188} INFO - Downloaded AMZN/1766653125.json -> /tmp/minio_downloads/1766653125.json
[2025-12-25T09:00:39.148+0000] {logging_mixin.py:188} INFO - Downloaded AMZN/1766653137.json -> /tmp/minio_downloads/1766653137.json
[2025-12-25T09:00:39.317+0000] {logging_mixin.py:188} INFO - Downloaded AMZN/1766653149.json -> /tmp/minio_downloads/1766653149.json
[2025-12-25T09:00:39.334+0000] {logging_mixin.py:188} INFO - Downloaded AMZN/1766653161.json -> /tmp/minio_downloads/1766653161.json
[2025-12-25T09:00:39.350+0000] {logging_mixin.py:188} INFO - Downloaded AMZN/1766653177.json -> /tmp/minio_downloads/1766653177.json
[2025-12-25T09:00:39.367+0000] {logging_mixin.py:188} INFO - Downloaded AMZN/1766653191.json -> /tmp/minio_downloads/1766653191.json
[2025-12-25T09:00:39.385+0000] {logging_mixin.py:188} INFO - Downloaded AMZN/1766653206.json -> /tmp/minio_downloads/1766653206.json
[2025-12-25T09:00:39.402+0000] {logging_mixin.py:188} INFO - Downloaded AMZN/1766653218.json -> /tmp/minio_downloads/1766653218.json
[2025-12-25T09:00:39.417+0000] {logging_mixin.py:188} INFO - Downloaded AMZN/1766653231.json -> /tmp/minio_downloads/1766653231.json
[2025-12-25T09:00:39.437+0000] {logging_mixin.py:188} INFO - Downloaded GOOGL/1766651915.json -> /tmp/minio_downloads/1766651915.json
[2025-12-25T09:00:39.454+0000] {logging_mixin.py:188} INFO - Downloaded GOOGL/1766651927.json -> /tmp/minio_downloads/1766651927.json
[2025-12-25T09:00:39.470+0000] {logging_mixin.py:188} INFO - Downloaded GOOGL/1766651939.json -> /tmp/minio_downloads/1766651939.json
[2025-12-25T09:00:39.485+0000] {logging_mixin.py:188} INFO - Downloaded GOOGL/1766651951.json -> /tmp/minio_downloads/1766651951.json
[2025-12-25T09:00:39.503+0000] {logging_mixin.py:188} INFO - Downloaded GOOGL/1766651963.json -> /tmp/minio_downloads/1766651963.json
[2025-12-25T09:00:39.522+0000] {logging_mixin.py:188} INFO - Downloaded GOOGL/1766651977.json -> /tmp/minio_downloads/1766651977.json
[2025-12-25T09:00:39.539+0000] {logging_mixin.py:188} INFO - Downloaded GOOGL/1766651988.json -> /tmp/minio_downloads/1766651988.json
[2025-12-25T09:00:39.555+0000] {logging_mixin.py:188} INFO - Downloaded GOOGL/1766652000.json -> /tmp/minio_downloads/1766652000.json
[2025-12-25T09:00:39.574+0000] {logging_mixin.py:188} INFO - Downloaded GOOGL/1766652012.json -> /tmp/minio_downloads/1766652012.json
[2025-12-25T09:00:39.596+0000] {logging_mixin.py:188} INFO - Downloaded GOOGL/1766652024.json -> /tmp/minio_downloads/1766652024.json
[2025-12-25T09:00:39.612+0000] {logging_mixin.py:188} INFO - Downloaded GOOGL/1766652035.json -> /tmp/minio_downloads/1766652035.json
[2025-12-25T09:00:39.634+0000] {logging_mixin.py:188} INFO - Downloaded GOOGL/1766652047.json -> /tmp/minio_downloads/1766652047.json
[2025-12-25T09:00:39.659+0000] {logging_mixin.py:188} INFO - Downloaded GOOGL/1766652059.json -> /tmp/minio_downloads/1766652059.json
[2025-12-25T09:00:39.685+0000] {logging_mixin.py:188} INFO - Downloaded GOOGL/1766652071.json -> /tmp/minio_downloads/1766652071.json
[2025-12-25T09:00:39.705+0000] {logging_mixin.py:188} INFO - Downloaded GOOGL/1766652083.json -> /tmp/minio_downloads/1766652083.json
[2025-12-25T09:00:39.722+0000] {logging_mixin.py:188} INFO - Downloaded GOOGL/1766652096.json -> /tmp/minio_downloads/1766652096.json
[2025-12-25T09:00:39.744+0000] {logging_mixin.py:188} INFO - Downloaded GOOGL/1766652107.json -> /tmp/minio_downloads/1766652107.json
[2025-12-25T09:00:39.767+0000] {logging_mixin.py:188} INFO - Downloaded GOOGL/1766652119.json -> /tmp/minio_downloads/1766652119.json
[2025-12-25T09:00:39.785+0000] {logging_mixin.py:188} INFO - Downloaded GOOGL/1766652131.json -> /tmp/minio_downloads/1766652131.json
[2025-12-25T09:00:39.802+0000] {logging_mixin.py:188} INFO - Downloaded GOOGL/1766652144.json -> /tmp/minio_downloads/1766652144.json
[2025-12-25T09:00:39.819+0000] {logging_mixin.py:188} INFO - Downloaded GOOGL/1766652156.json -> /tmp/minio_downloads/1766652156.json
[2025-12-25T09:00:39.835+0000] {logging_mixin.py:188} INFO - Downloaded GOOGL/1766652168.json -> /tmp/minio_downloads/1766652168.json
[2025-12-25T09:00:39.851+0000] {logging_mixin.py:188} INFO - Downloaded GOOGL/1766652180.json -> /tmp/minio_downloads/1766652180.json
[2025-12-25T09:00:39.866+0000] {logging_mixin.py:188} INFO - Downloaded GOOGL/1766652191.json -> /tmp/minio_downloads/1766652191.json
[2025-12-25T09:00:39.884+0000] {logging_mixin.py:188} INFO - Downloaded GOOGL/1766652205.json -> /tmp/minio_downloads/1766652205.json
[2025-12-25T09:00:39.902+0000] {logging_mixin.py:188} INFO - Downloaded GOOGL/1766652216.json -> /tmp/minio_downloads/1766652216.json
[2025-12-25T09:00:39.918+0000] {logging_mixin.py:188} INFO - Downloaded GOOGL/1766652228.json -> /tmp/minio_downloads/1766652228.json
[2025-12-25T09:00:39.936+0000] {logging_mixin.py:188} INFO - Downloaded GOOGL/1766652240.json -> /tmp/minio_downloads/1766652240.json
[2025-12-25T09:00:39.952+0000] {logging_mixin.py:188} INFO - Downloaded GOOGL/1766652251.json -> /tmp/minio_downloads/1766652251.json
[2025-12-25T09:00:39.969+0000] {logging_mixin.py:188} INFO - Downloaded GOOGL/1766652263.json -> /tmp/minio_downloads/1766652263.json
[2025-12-25T09:00:39.994+0000] {logging_mixin.py:188} INFO - Downloaded GOOGL/1766652276.json -> /tmp/minio_downloads/1766652276.json
[2025-12-25T09:00:40.012+0000] {logging_mixin.py:188} INFO - Downloaded GOOGL/1766652288.json -> /tmp/minio_downloads/1766652288.json
[2025-12-25T09:00:40.033+0000] {logging_mixin.py:188} INFO - Downloaded GOOGL/1766652300.json -> /tmp/minio_downloads/1766652300.json
[2025-12-25T09:00:40.054+0000] {logging_mixin.py:188} INFO - Downloaded GOOGL/1766652311.json -> /tmp/minio_downloads/1766652311.json
[2025-12-25T09:00:40.078+0000] {logging_mixin.py:188} INFO - Downloaded GOOGL/1766652323.json -> /tmp/minio_downloads/1766652323.json
[2025-12-25T09:00:40.101+0000] {logging_mixin.py:188} INFO - Downloaded GOOGL/1766652336.json -> /tmp/minio_downloads/1766652336.json
[2025-12-25T09:00:40.137+0000] {logging_mixin.py:188} INFO - Downloaded GOOGL/1766652348.json -> /tmp/minio_downloads/1766652348.json
[2025-12-25T09:00:40.162+0000] {logging_mixin.py:188} INFO - Downloaded GOOGL/1766652360.json -> /tmp/minio_downloads/1766652360.json
[2025-12-25T09:00:40.188+0000] {logging_mixin.py:188} INFO - Downloaded GOOGL/1766652372.json -> /tmp/minio_downloads/1766652372.json
[2025-12-25T09:00:40.212+0000] {logging_mixin.py:188} INFO - Downloaded GOOGL/1766652386.json -> /tmp/minio_downloads/1766652386.json
[2025-12-25T09:00:40.234+0000] {logging_mixin.py:188} INFO - Downloaded GOOGL/1766652400.json -> /tmp/minio_downloads/1766652400.json
[2025-12-25T09:00:40.264+0000] {logging_mixin.py:188} INFO - Downloaded GOOGL/1766652412.json -> /tmp/minio_downloads/1766652412.json
[2025-12-25T09:00:40.298+0000] {logging_mixin.py:188} INFO - Downloaded GOOGL/1766652425.json -> /tmp/minio_downloads/1766652425.json
[2025-12-25T09:00:40.319+0000] {logging_mixin.py:188} INFO - Downloaded GOOGL/1766652438.json -> /tmp/minio_downloads/1766652438.json
[2025-12-25T09:00:40.357+0000] {logging_mixin.py:188} INFO - Downloaded GOOGL/1766652451.json -> /tmp/minio_downloads/1766652451.json
[2025-12-25T09:00:40.398+0000] {logging_mixin.py:188} INFO - Downloaded GOOGL/1766652462.json -> /tmp/minio_downloads/1766652462.json
[2025-12-25T09:00:40.425+0000] {logging_mixin.py:188} INFO - Downloaded GOOGL/1766652476.json -> /tmp/minio_downloads/1766652476.json
[2025-12-25T09:00:40.447+0000] {logging_mixin.py:188} INFO - Downloaded GOOGL/1766652489.json -> /tmp/minio_downloads/1766652489.json
[2025-12-25T09:00:40.470+0000] {logging_mixin.py:188} INFO - Downloaded GOOGL/1766652502.json -> /tmp/minio_downloads/1766652502.json
[2025-12-25T09:00:40.499+0000] {logging_mixin.py:188} INFO - Downloaded GOOGL/1766652515.json -> /tmp/minio_downloads/1766652515.json
[2025-12-25T09:00:40.530+0000] {logging_mixin.py:188} INFO - Downloaded GOOGL/1766652529.json -> /tmp/minio_downloads/1766652529.json
[2025-12-25T09:00:40.564+0000] {logging_mixin.py:188} INFO - Downloaded GOOGL/1766652542.json -> /tmp/minio_downloads/1766652542.json
[2025-12-25T09:00:40.584+0000] {logging_mixin.py:188} INFO - Downloaded GOOGL/1766652556.json -> /tmp/minio_downloads/1766652556.json
[2025-12-25T09:00:40.617+0000] {logging_mixin.py:188} INFO - Downloaded GOOGL/1766652569.json -> /tmp/minio_downloads/1766652569.json
[2025-12-25T09:00:40.642+0000] {logging_mixin.py:188} INFO - Downloaded GOOGL/1766652582.json -> /tmp/minio_downloads/1766652582.json
[2025-12-25T09:00:40.665+0000] {logging_mixin.py:188} INFO - Downloaded GOOGL/1766652596.json -> /tmp/minio_downloads/1766652596.json
[2025-12-25T09:00:40.694+0000] {logging_mixin.py:188} INFO - Downloaded GOOGL/1766652610.json -> /tmp/minio_downloads/1766652610.json
[2025-12-25T09:00:40.720+0000] {logging_mixin.py:188} INFO - Downloaded GOOGL/1766652623.json -> /tmp/minio_downloads/1766652623.json
[2025-12-25T09:00:40.744+0000] {logging_mixin.py:188} INFO - Downloaded GOOGL/1766652640.json -> /tmp/minio_downloads/1766652640.json
[2025-12-25T09:00:40.765+0000] {logging_mixin.py:188} INFO - Downloaded GOOGL/1766652651.json -> /tmp/minio_downloads/1766652651.json
[2025-12-25T09:00:40.784+0000] {logging_mixin.py:188} INFO - Downloaded GOOGL/1766652664.json -> /tmp/minio_downloads/1766652664.json
[2025-12-25T09:00:40.804+0000] {logging_mixin.py:188} INFO - Downloaded GOOGL/1766652676.json -> /tmp/minio_downloads/1766652676.json
[2025-12-25T09:00:40.831+0000] {logging_mixin.py:188} INFO - Downloaded GOOGL/1766652689.json -> /tmp/minio_downloads/1766652689.json
[2025-12-25T09:00:40.848+0000] {logging_mixin.py:188} INFO - Downloaded GOOGL/1766652702.json -> /tmp/minio_downloads/1766652702.json
[2025-12-25T09:00:40.866+0000] {logging_mixin.py:188} INFO - Downloaded GOOGL/1766652714.json -> /tmp/minio_downloads/1766652714.json
[2025-12-25T09:00:40.885+0000] {logging_mixin.py:188} INFO - Downloaded GOOGL/1766652726.json -> /tmp/minio_downloads/1766652726.json
[2025-12-25T09:00:40.904+0000] {logging_mixin.py:188} INFO - Downloaded GOOGL/1766652738.json -> /tmp/minio_downloads/1766652738.json
[2025-12-25T09:00:40.923+0000] {logging_mixin.py:188} INFO - Downloaded GOOGL/1766652751.json -> /tmp/minio_downloads/1766652751.json
[2025-12-25T09:00:40.942+0000] {logging_mixin.py:188} INFO - Downloaded GOOGL/1766652763.json -> /tmp/minio_downloads/1766652763.json
[2025-12-25T09:00:40.960+0000] {logging_mixin.py:188} INFO - Downloaded GOOGL/1766652775.json -> /tmp/minio_downloads/1766652775.json
[2025-12-25T09:00:40.979+0000] {logging_mixin.py:188} INFO - Downloaded GOOGL/1766652789.json -> /tmp/minio_downloads/1766652789.json
[2025-12-25T09:00:40.997+0000] {logging_mixin.py:188} INFO - Downloaded GOOGL/1766652802.json -> /tmp/minio_downloads/1766652802.json
[2025-12-25T09:00:41.015+0000] {logging_mixin.py:188} INFO - Downloaded GOOGL/1766652814.json -> /tmp/minio_downloads/1766652814.json
[2025-12-25T09:00:41.038+0000] {logging_mixin.py:188} INFO - Downloaded GOOGL/1766652826.json -> /tmp/minio_downloads/1766652826.json
[2025-12-25T09:00:41.055+0000] {logging_mixin.py:188} INFO - Downloaded GOOGL/1766652839.json -> /tmp/minio_downloads/1766652839.json
[2025-12-25T09:00:41.072+0000] {logging_mixin.py:188} INFO - Downloaded GOOGL/1766652853.json -> /tmp/minio_downloads/1766652853.json
[2025-12-25T09:00:41.087+0000] {logging_mixin.py:188} INFO - Downloaded GOOGL/1766652865.json -> /tmp/minio_downloads/1766652865.json
[2025-12-25T09:00:41.103+0000] {logging_mixin.py:188} INFO - Downloaded GOOGL/1766652877.json -> /tmp/minio_downloads/1766652877.json
[2025-12-25T09:00:41.121+0000] {logging_mixin.py:188} INFO - Downloaded GOOGL/1766652888.json -> /tmp/minio_downloads/1766652888.json
[2025-12-25T09:00:41.138+0000] {logging_mixin.py:188} INFO - Downloaded GOOGL/1766652901.json -> /tmp/minio_downloads/1766652901.json
[2025-12-25T09:00:41.154+0000] {logging_mixin.py:188} INFO - Downloaded GOOGL/1766652918.json -> /tmp/minio_downloads/1766652918.json
[2025-12-25T09:00:41.171+0000] {logging_mixin.py:188} INFO - Downloaded GOOGL/1766652929.json -> /tmp/minio_downloads/1766652929.json
[2025-12-25T09:00:41.189+0000] {logging_mixin.py:188} INFO - Downloaded GOOGL/1766652942.json -> /tmp/minio_downloads/1766652942.json
[2025-12-25T09:00:41.209+0000] {logging_mixin.py:188} INFO - Downloaded GOOGL/1766652956.json -> /tmp/minio_downloads/1766652956.json
[2025-12-25T09:00:41.228+0000] {logging_mixin.py:188} INFO - Downloaded GOOGL/1766652968.json -> /tmp/minio_downloads/1766652968.json
[2025-12-25T09:00:41.245+0000] {logging_mixin.py:188} INFO - Downloaded GOOGL/1766652979.json -> /tmp/minio_downloads/1766652979.json
[2025-12-25T09:00:41.262+0000] {logging_mixin.py:188} INFO - Downloaded GOOGL/1766652992.json -> /tmp/minio_downloads/1766652992.json
[2025-12-25T09:00:41.282+0000] {logging_mixin.py:188} INFO - Downloaded GOOGL/1766653005.json -> /tmp/minio_downloads/1766653005.json
[2025-12-25T09:00:41.302+0000] {logging_mixin.py:188} INFO - Downloaded GOOGL/1766653018.json -> /tmp/minio_downloads/1766653018.json
[2025-12-25T09:00:41.326+0000] {logging_mixin.py:188} INFO - Downloaded GOOGL/1766653031.json -> /tmp/minio_downloads/1766653031.json
[2025-12-25T09:00:41.353+0000] {logging_mixin.py:188} INFO - Downloaded GOOGL/1766653045.json -> /tmp/minio_downloads/1766653045.json
[2025-12-25T09:00:41.377+0000] {logging_mixin.py:188} INFO - Downloaded GOOGL/1766653058.json -> /tmp/minio_downloads/1766653058.json
[2025-12-25T09:00:41.399+0000] {logging_mixin.py:188} INFO - Downloaded GOOGL/1766653071.json -> /tmp/minio_downloads/1766653071.json
[2025-12-25T09:00:41.421+0000] {logging_mixin.py:188} INFO - Downloaded GOOGL/1766653084.json -> /tmp/minio_downloads/1766653084.json
[2025-12-25T09:00:41.441+0000] {logging_mixin.py:188} INFO - Downloaded GOOGL/1766653096.json -> /tmp/minio_downloads/1766653096.json
[2025-12-25T09:00:41.464+0000] {logging_mixin.py:188} INFO - Downloaded GOOGL/1766653108.json -> /tmp/minio_downloads/1766653108.json
[2025-12-25T09:00:41.485+0000] {logging_mixin.py:188} INFO - Downloaded GOOGL/1766653123.json -> /tmp/minio_downloads/1766653123.json
[2025-12-25T09:00:41.505+0000] {logging_mixin.py:188} INFO - Downloaded GOOGL/1766653136.json -> /tmp/minio_downloads/1766653136.json
[2025-12-25T09:00:41.523+0000] {logging_mixin.py:188} INFO - Downloaded GOOGL/1766653148.json -> /tmp/minio_downloads/1766653148.json
[2025-12-25T09:00:41.541+0000] {logging_mixin.py:188} INFO - Downloaded GOOGL/1766653160.json -> /tmp/minio_downloads/1766653160.json
[2025-12-25T09:00:41.560+0000] {logging_mixin.py:188} INFO - Downloaded GOOGL/1766653175.json -> /tmp/minio_downloads/1766653175.json
[2025-12-25T09:00:41.581+0000] {logging_mixin.py:188} INFO - Downloaded GOOGL/1766653190.json -> /tmp/minio_downloads/1766653190.json
[2025-12-25T09:00:41.602+0000] {logging_mixin.py:188} INFO - Downloaded GOOGL/1766653205.json -> /tmp/minio_downloads/1766653205.json
[2025-12-25T09:00:41.620+0000] {logging_mixin.py:188} INFO - Downloaded GOOGL/1766653217.json -> /tmp/minio_downloads/1766653217.json
[2025-12-25T09:00:41.640+0000] {logging_mixin.py:188} INFO - Downloaded GOOGL/1766653229.json -> /tmp/minio_downloads/1766653229.json
[2025-12-25T09:00:41.659+0000] {logging_mixin.py:188} INFO - Downloaded MSFT/1766651913.json -> /tmp/minio_downloads/1766651913.json
[2025-12-25T09:00:41.678+0000] {logging_mixin.py:188} INFO - Downloaded MSFT/1766651924.json -> /tmp/minio_downloads/1766651924.json
[2025-12-25T09:00:41.705+0000] {logging_mixin.py:188} INFO - Downloaded MSFT/1766651937.json -> /tmp/minio_downloads/1766651937.json
[2025-12-25T09:00:41.731+0000] {logging_mixin.py:188} INFO - Downloaded MSFT/1766651948.json -> /tmp/minio_downloads/1766651948.json
[2025-12-25T09:00:41.763+0000] {logging_mixin.py:188} INFO - Downloaded MSFT/1766651960.json -> /tmp/minio_downloads/1766651960.json
[2025-12-25T09:00:41.790+0000] {logging_mixin.py:188} INFO - Downloaded MSFT/1766651973.json -> /tmp/minio_downloads/1766651973.json
[2025-12-25T09:00:41.825+0000] {logging_mixin.py:188} INFO - Downloaded MSFT/1766651986.json -> /tmp/minio_downloads/1766651986.json
[2025-12-25T09:00:41.878+0000] {logging_mixin.py:188} INFO - Downloaded MSFT/1766651998.json -> /tmp/minio_downloads/1766651998.json
[2025-12-25T09:00:41.906+0000] {logging_mixin.py:188} INFO - Downloaded MSFT/1766652009.json -> /tmp/minio_downloads/1766652009.json
[2025-12-25T09:00:41.926+0000] {logging_mixin.py:188} INFO - Downloaded MSFT/1766652021.json -> /tmp/minio_downloads/1766652021.json
[2025-12-25T09:00:41.996+0000] {logging_mixin.py:188} INFO - Downloaded MSFT/1766652033.json -> /tmp/minio_downloads/1766652033.json
[2025-12-25T09:00:42.037+0000] {logging_mixin.py:188} INFO - Downloaded MSFT/1766652045.json -> /tmp/minio_downloads/1766652045.json
[2025-12-25T09:00:42.178+0000] {logging_mixin.py:188} INFO - Downloaded MSFT/1766652057.json -> /tmp/minio_downloads/1766652057.json
[2025-12-25T09:00:42.207+0000] {logging_mixin.py:188} INFO - Downloaded MSFT/1766652069.json -> /tmp/minio_downloads/1766652069.json
[2025-12-25T09:00:42.238+0000] {logging_mixin.py:188} INFO - Downloaded MSFT/1766652080.json -> /tmp/minio_downloads/1766652080.json
[2025-12-25T09:00:42.304+0000] {logging_mixin.py:188} INFO - Downloaded MSFT/1766652092.json -> /tmp/minio_downloads/1766652092.json
[2025-12-25T09:00:42.336+0000] {logging_mixin.py:188} INFO - Downloaded MSFT/1766652105.json -> /tmp/minio_downloads/1766652105.json
[2025-12-25T09:00:42.361+0000] {logging_mixin.py:188} INFO - Downloaded MSFT/1766652117.json -> /tmp/minio_downloads/1766652117.json
[2025-12-25T09:00:42.386+0000] {logging_mixin.py:188} INFO - Downloaded MSFT/1766652129.json -> /tmp/minio_downloads/1766652129.json
[2025-12-25T09:00:42.412+0000] {logging_mixin.py:188} INFO - Downloaded MSFT/1766652141.json -> /tmp/minio_downloads/1766652141.json
[2025-12-25T09:00:42.436+0000] {logging_mixin.py:188} INFO - Downloaded MSFT/1766652154.json -> /tmp/minio_downloads/1766652154.json
[2025-12-25T09:00:42.456+0000] {logging_mixin.py:188} INFO - Downloaded MSFT/1766652166.json -> /tmp/minio_downloads/1766652166.json
[2025-12-25T09:00:42.474+0000] {logging_mixin.py:188} INFO - Downloaded MSFT/1766652177.json -> /tmp/minio_downloads/1766652177.json
[2025-12-25T09:00:42.492+0000] {logging_mixin.py:188} INFO - Downloaded MSFT/1766652189.json -> /tmp/minio_downloads/1766652189.json
[2025-12-25T09:00:42.510+0000] {logging_mixin.py:188} INFO - Downloaded MSFT/1766652202.json -> /tmp/minio_downloads/1766652202.json
[2025-12-25T09:00:42.525+0000] {logging_mixin.py:188} INFO - Downloaded MSFT/1766652214.json -> /tmp/minio_downloads/1766652214.json
[2025-12-25T09:00:42.540+0000] {logging_mixin.py:188} INFO - Downloaded MSFT/1766652225.json -> /tmp/minio_downloads/1766652225.json
[2025-12-25T09:00:42.555+0000] {logging_mixin.py:188} INFO - Downloaded MSFT/1766652238.json -> /tmp/minio_downloads/1766652238.json
[2025-12-25T09:00:42.571+0000] {logging_mixin.py:188} INFO - Downloaded MSFT/1766652249.json -> /tmp/minio_downloads/1766652249.json
[2025-12-25T09:00:42.588+0000] {logging_mixin.py:188} INFO - Downloaded MSFT/1766652261.json -> /tmp/minio_downloads/1766652261.json
[2025-12-25T09:00:42.609+0000] {logging_mixin.py:188} INFO - Downloaded MSFT/1766652274.json -> /tmp/minio_downloads/1766652274.json
[2025-12-25T09:00:42.625+0000] {logging_mixin.py:188} INFO - Downloaded MSFT/1766652286.json -> /tmp/minio_downloads/1766652286.json
[2025-12-25T09:00:42.647+0000] {logging_mixin.py:188} INFO - Downloaded MSFT/1766652297.json -> /tmp/minio_downloads/1766652297.json
[2025-12-25T09:00:42.662+0000] {logging_mixin.py:188} INFO - Downloaded MSFT/1766652309.json -> /tmp/minio_downloads/1766652309.json
[2025-12-25T09:00:42.678+0000] {logging_mixin.py:188} INFO - Downloaded MSFT/1766652320.json -> /tmp/minio_downloads/1766652320.json
[2025-12-25T09:00:42.695+0000] {logging_mixin.py:188} INFO - Downloaded MSFT/1766652334.json -> /tmp/minio_downloads/1766652334.json
[2025-12-25T09:00:42.711+0000] {logging_mixin.py:188} INFO - Downloaded MSFT/1766652346.json -> /tmp/minio_downloads/1766652346.json
[2025-12-25T09:00:42.725+0000] {logging_mixin.py:188} INFO - Downloaded MSFT/1766652357.json -> /tmp/minio_downloads/1766652357.json
[2025-12-25T09:00:42.741+0000] {logging_mixin.py:188} INFO - Downloaded MSFT/1766652370.json -> /tmp/minio_downloads/1766652370.json
[2025-12-25T09:00:42.757+0000] {logging_mixin.py:188} INFO - Downloaded MSFT/1766652383.json -> /tmp/minio_downloads/1766652383.json
[2025-12-25T09:00:42.774+0000] {logging_mixin.py:188} INFO - Downloaded MSFT/1766652398.json -> /tmp/minio_downloads/1766652398.json
[2025-12-25T09:00:42.788+0000] {logging_mixin.py:188} INFO - Downloaded MSFT/1766652410.json -> /tmp/minio_downloads/1766652410.json
[2025-12-25T09:00:42.802+0000] {logging_mixin.py:188} INFO - Downloaded MSFT/1766652422.json -> /tmp/minio_downloads/1766652422.json
[2025-12-25T09:00:42.818+0000] {logging_mixin.py:188} INFO - Downloaded MSFT/1766652435.json -> /tmp/minio_downloads/1766652435.json
[2025-12-25T09:00:42.833+0000] {logging_mixin.py:188} INFO - Downloaded MSFT/1766652448.json -> /tmp/minio_downloads/1766652448.json
[2025-12-25T09:00:42.848+0000] {logging_mixin.py:188} INFO - Downloaded MSFT/1766652460.json -> /tmp/minio_downloads/1766652460.json
[2025-12-25T09:00:42.864+0000] {logging_mixin.py:188} INFO - Downloaded MSFT/1766652473.json -> /tmp/minio_downloads/1766652473.json
[2025-12-25T09:00:42.881+0000] {logging_mixin.py:188} INFO - Downloaded MSFT/1766652486.json -> /tmp/minio_downloads/1766652486.json
[2025-12-25T09:00:42.895+0000] {logging_mixin.py:188} INFO - Downloaded MSFT/1766652500.json -> /tmp/minio_downloads/1766652500.json
[2025-12-25T09:00:42.909+0000] {logging_mixin.py:188} INFO - Downloaded MSFT/1766652512.json -> /tmp/minio_downloads/1766652512.json
[2025-12-25T09:00:42.924+0000] {logging_mixin.py:188} INFO - Downloaded MSFT/1766652526.json -> /tmp/minio_downloads/1766652526.json
[2025-12-25T09:00:42.938+0000] {logging_mixin.py:188} INFO - Downloaded MSFT/1766652539.json -> /tmp/minio_downloads/1766652539.json
[2025-12-25T09:00:42.954+0000] {logging_mixin.py:188} INFO - Downloaded MSFT/1766652553.json -> /tmp/minio_downloads/1766652553.json
[2025-12-25T09:00:42.968+0000] {logging_mixin.py:188} INFO - Downloaded MSFT/1766652567.json -> /tmp/minio_downloads/1766652567.json
[2025-12-25T09:00:42.982+0000] {logging_mixin.py:188} INFO - Downloaded MSFT/1766652579.json -> /tmp/minio_downloads/1766652579.json
[2025-12-25T09:00:42.998+0000] {logging_mixin.py:188} INFO - Downloaded MSFT/1766652594.json -> /tmp/minio_downloads/1766652594.json
[2025-12-25T09:00:43.013+0000] {logging_mixin.py:188} INFO - Downloaded MSFT/1766652606.json -> /tmp/minio_downloads/1766652606.json
[2025-12-25T09:00:43.030+0000] {logging_mixin.py:188} INFO - Downloaded MSFT/1766652620.json -> /tmp/minio_downloads/1766652620.json
[2025-12-25T09:00:43.046+0000] {logging_mixin.py:188} INFO - Downloaded MSFT/1766652634.json -> /tmp/minio_downloads/1766652634.json
[2025-12-25T09:00:43.062+0000] {logging_mixin.py:188} INFO - Downloaded MSFT/1766652649.json -> /tmp/minio_downloads/1766652649.json
[2025-12-25T09:00:43.077+0000] {logging_mixin.py:188} INFO - Downloaded MSFT/1766652661.json -> /tmp/minio_downloads/1766652661.json
[2025-12-25T09:00:43.093+0000] {logging_mixin.py:188} INFO - Downloaded MSFT/1766652673.json -> /tmp/minio_downloads/1766652673.json
[2025-12-25T09:00:43.108+0000] {logging_mixin.py:188} INFO - Downloaded MSFT/1766652686.json -> /tmp/minio_downloads/1766652686.json
[2025-12-25T09:00:43.125+0000] {logging_mixin.py:188} INFO - Downloaded MSFT/1766652699.json -> /tmp/minio_downloads/1766652699.json
[2025-12-25T09:00:43.141+0000] {logging_mixin.py:188} INFO - Downloaded MSFT/1766652712.json -> /tmp/minio_downloads/1766652712.json
[2025-12-25T09:00:43.167+0000] {logging_mixin.py:188} INFO - Downloaded MSFT/1766652724.json -> /tmp/minio_downloads/1766652724.json
[2025-12-25T09:00:43.194+0000] {logging_mixin.py:188} INFO - Downloaded MSFT/1766652735.json -> /tmp/minio_downloads/1766652735.json
[2025-12-25T09:00:43.213+0000] {logging_mixin.py:188} INFO - Downloaded MSFT/1766652748.json -> /tmp/minio_downloads/1766652748.json
[2025-12-25T09:00:43.229+0000] {logging_mixin.py:188} INFO - Downloaded MSFT/1766652760.json -> /tmp/minio_downloads/1766652760.json
[2025-12-25T09:00:43.246+0000] {logging_mixin.py:188} INFO - Downloaded MSFT/1766652773.json -> /tmp/minio_downloads/1766652773.json
[2025-12-25T09:00:43.264+0000] {logging_mixin.py:188} INFO - Downloaded MSFT/1766652786.json -> /tmp/minio_downloads/1766652786.json
[2025-12-25T09:00:43.281+0000] {logging_mixin.py:188} INFO - Downloaded MSFT/1766652799.json -> /tmp/minio_downloads/1766652799.json
[2025-12-25T09:00:43.299+0000] {logging_mixin.py:188} INFO - Downloaded MSFT/1766652812.json -> /tmp/minio_downloads/1766652812.json
[2025-12-25T09:00:43.317+0000] {logging_mixin.py:188} INFO - Downloaded MSFT/1766652824.json -> /tmp/minio_downloads/1766652824.json
[2025-12-25T09:00:43.332+0000] {logging_mixin.py:188} INFO - Downloaded MSFT/1766652836.json -> /tmp/minio_downloads/1766652836.json
[2025-12-25T09:00:43.350+0000] {logging_mixin.py:188} INFO - Downloaded MSFT/1766652850.json -> /tmp/minio_downloads/1766652850.json
[2025-12-25T09:00:43.366+0000] {logging_mixin.py:188} INFO - Downloaded MSFT/1766652863.json -> /tmp/minio_downloads/1766652863.json
[2025-12-25T09:00:43.380+0000] {logging_mixin.py:188} INFO - Downloaded MSFT/1766652874.json -> /tmp/minio_downloads/1766652874.json
[2025-12-25T09:00:43.395+0000] {logging_mixin.py:188} INFO - Downloaded MSFT/1766652886.json -> /tmp/minio_downloads/1766652886.json
[2025-12-25T09:00:43.410+0000] {logging_mixin.py:188} INFO - Downloaded MSFT/1766652898.json -> /tmp/minio_downloads/1766652898.json
[2025-12-25T09:00:43.425+0000] {logging_mixin.py:188} INFO - Downloaded MSFT/1766652915.json -> /tmp/minio_downloads/1766652915.json
[2025-12-25T09:00:43.441+0000] {logging_mixin.py:188} INFO - Downloaded MSFT/1766652927.json -> /tmp/minio_downloads/1766652927.json
[2025-12-25T09:00:43.459+0000] {logging_mixin.py:188} INFO - Downloaded MSFT/1766652939.json -> /tmp/minio_downloads/1766652939.json
[2025-12-25T09:00:43.472+0000] {logging_mixin.py:188} INFO - Downloaded MSFT/1766652952.json -> /tmp/minio_downloads/1766652952.json
[2025-12-25T09:00:43.488+0000] {logging_mixin.py:188} INFO - Downloaded MSFT/1766652966.json -> /tmp/minio_downloads/1766652966.json
[2025-12-25T09:00:43.502+0000] {logging_mixin.py:188} INFO - Downloaded MSFT/1766652977.json -> /tmp/minio_downloads/1766652977.json
[2025-12-25T09:00:43.518+0000] {logging_mixin.py:188} INFO - Downloaded MSFT/1766652989.json -> /tmp/minio_downloads/1766652989.json
[2025-12-25T09:00:43.531+0000] {logging_mixin.py:188} INFO - Downloaded MSFT/1766653002.json -> /tmp/minio_downloads/1766653002.json
[2025-12-25T09:00:43.544+0000] {logging_mixin.py:188} INFO - Downloaded MSFT/1766653016.json -> /tmp/minio_downloads/1766653016.json
[2025-12-25T09:00:43.556+0000] {logging_mixin.py:188} INFO - Downloaded MSFT/1766653028.json -> /tmp/minio_downloads/1766653028.json
[2025-12-25T09:00:43.573+0000] {logging_mixin.py:188} INFO - Downloaded MSFT/1766653042.json -> /tmp/minio_downloads/1766653042.json
[2025-12-25T09:00:43.587+0000] {logging_mixin.py:188} INFO - Downloaded MSFT/1766653055.json -> /tmp/minio_downloads/1766653055.json
[2025-12-25T09:00:43.599+0000] {logging_mixin.py:188} INFO - Downloaded MSFT/1766653068.json -> /tmp/minio_downloads/1766653068.json
[2025-12-25T09:00:43.614+0000] {logging_mixin.py:188} INFO - Downloaded MSFT/1766653081.json -> /tmp/minio_downloads/1766653081.json
[2025-12-25T09:00:43.628+0000] {logging_mixin.py:188} INFO - Downloaded MSFT/1766653093.json -> /tmp/minio_downloads/1766653093.json
[2025-12-25T09:00:43.644+0000] {logging_mixin.py:188} INFO - Downloaded MSFT/1766653105.json -> /tmp/minio_downloads/1766653105.json
[2025-12-25T09:00:43.664+0000] {logging_mixin.py:188} INFO - Downloaded MSFT/1766653118.json -> /tmp/minio_downloads/1766653118.json
[2025-12-25T09:00:43.671+0000] {logging_mixin.py:188} INFO - Downloaded MSFT/1766653133.json -> /tmp/minio_downloads/1766653133.json
[2025-12-25T09:00:43.685+0000] {logging_mixin.py:188} INFO - Downloaded MSFT/1766653146.json -> /tmp/minio_downloads/1766653146.json
[2025-12-25T09:00:43.699+0000] {logging_mixin.py:188} INFO - Downloaded MSFT/1766653158.json -> /tmp/minio_downloads/1766653158.json
[2025-12-25T09:00:43.712+0000] {logging_mixin.py:188} INFO - Downloaded MSFT/1766653170.json -> /tmp/minio_downloads/1766653170.json
[2025-12-25T09:00:43.725+0000] {logging_mixin.py:188} INFO - Downloaded MSFT/1766653187.json -> /tmp/minio_downloads/1766653187.json
[2025-12-25T09:00:43.738+0000] {logging_mixin.py:188} INFO - Downloaded MSFT/1766653200.json -> /tmp/minio_downloads/1766653200.json
[2025-12-25T09:00:43.752+0000] {logging_mixin.py:188} INFO - Downloaded MSFT/1766653214.json -> /tmp/minio_downloads/1766653214.json
[2025-12-25T09:00:43.765+0000] {logging_mixin.py:188} INFO - Downloaded MSFT/1766653226.json -> /tmp/minio_downloads/1766653226.json
[2025-12-25T09:00:43.778+0000] {logging_mixin.py:188} INFO - Downloaded TSLA/1766651914.json -> /tmp/minio_downloads/1766651914.json
[2025-12-25T09:00:43.791+0000] {logging_mixin.py:188} INFO - Downloaded TSLA/1766651926.json -> /tmp/minio_downloads/1766651926.json
[2025-12-25T09:00:43.805+0000] {logging_mixin.py:188} INFO - Downloaded TSLA/1766651938.json -> /tmp/minio_downloads/1766651938.json
[2025-12-25T09:00:43.819+0000] {logging_mixin.py:188} INFO - Downloaded TSLA/1766651949.json -> /tmp/minio_downloads/1766651949.json
[2025-12-25T09:00:43.833+0000] {logging_mixin.py:188} INFO - Downloaded TSLA/1766651961.json -> /tmp/minio_downloads/1766651961.json
[2025-12-25T09:00:43.850+0000] {logging_mixin.py:188} INFO - Downloaded TSLA/1766651975.json -> /tmp/minio_downloads/1766651975.json
[2025-12-25T09:00:43.863+0000] {logging_mixin.py:188} INFO - Downloaded TSLA/1766651987.json -> /tmp/minio_downloads/1766651987.json
[2025-12-25T09:00:43.876+0000] {logging_mixin.py:188} INFO - Downloaded TSLA/1766651999.json -> /tmp/minio_downloads/1766651999.json
[2025-12-25T09:00:43.889+0000] {logging_mixin.py:188} INFO - Downloaded TSLA/1766652011.json -> /tmp/minio_downloads/1766652011.json
[2025-12-25T09:00:43.903+0000] {logging_mixin.py:188} INFO - Downloaded TSLA/1766652022.json -> /tmp/minio_downloads/1766652022.json
[2025-12-25T09:00:43.916+0000] {logging_mixin.py:188} INFO - Downloaded TSLA/1766652034.json -> /tmp/minio_downloads/1766652034.json
[2025-12-25T09:00:43.929+0000] {logging_mixin.py:188} INFO - Downloaded TSLA/1766652046.json -> /tmp/minio_downloads/1766652046.json
[2025-12-25T09:00:43.943+0000] {logging_mixin.py:188} INFO - Downloaded TSLA/1766652058.json -> /tmp/minio_downloads/1766652058.json
[2025-12-25T09:00:43.957+0000] {logging_mixin.py:188} INFO - Downloaded TSLA/1766652070.json -> /tmp/minio_downloads/1766652070.json
[2025-12-25T09:00:43.972+0000] {logging_mixin.py:188} INFO - Downloaded TSLA/1766652081.json -> /tmp/minio_downloads/1766652081.json
[2025-12-25T09:00:43.986+0000] {logging_mixin.py:188} INFO - Downloaded TSLA/1766652094.json -> /tmp/minio_downloads/1766652094.json
[2025-12-25T09:00:44.000+0000] {logging_mixin.py:188} INFO - Downloaded TSLA/1766652106.json -> /tmp/minio_downloads/1766652106.json
[2025-12-25T09:00:44.015+0000] {logging_mixin.py:188} INFO - Downloaded TSLA/1766652118.json -> /tmp/minio_downloads/1766652118.json
[2025-12-25T09:00:44.033+0000] {logging_mixin.py:188} INFO - Downloaded TSLA/1766652130.json -> /tmp/minio_downloads/1766652130.json
[2025-12-25T09:00:44.047+0000] {logging_mixin.py:188} INFO - Downloaded TSLA/1766652142.json -> /tmp/minio_downloads/1766652142.json
[2025-12-25T09:00:44.069+0000] {logging_mixin.py:188} INFO - Downloaded TSLA/1766652155.json -> /tmp/minio_downloads/1766652155.json
[2025-12-25T09:00:44.085+0000] {logging_mixin.py:188} INFO - Downloaded TSLA/1766652167.json -> /tmp/minio_downloads/1766652167.json
[2025-12-25T09:00:44.101+0000] {logging_mixin.py:188} INFO - Downloaded TSLA/1766652178.json -> /tmp/minio_downloads/1766652178.json
[2025-12-25T09:00:44.121+0000] {logging_mixin.py:188} INFO - Downloaded TSLA/1766652190.json -> /tmp/minio_downloads/1766652190.json
[2025-12-25T09:00:44.136+0000] {logging_mixin.py:188} INFO - Downloaded TSLA/1766652204.json -> /tmp/minio_downloads/1766652204.json
[2025-12-25T09:00:44.169+0000] {logging_mixin.py:188} INFO - Downloaded TSLA/1766652215.json -> /tmp/minio_downloads/1766652215.json
[2025-12-25T09:00:44.185+0000] {logging_mixin.py:188} INFO - Downloaded TSLA/1766652227.json -> /tmp/minio_downloads/1766652227.json
[2025-12-25T09:00:44.203+0000] {logging_mixin.py:188} INFO - Downloaded TSLA/1766652239.json -> /tmp/minio_downloads/1766652239.json
[2025-12-25T09:00:44.218+0000] {logging_mixin.py:188} INFO - Downloaded TSLA/1766652250.json -> /tmp/minio_downloads/1766652250.json
[2025-12-25T09:00:44.235+0000] {logging_mixin.py:188} INFO - Downloaded TSLA/1766652262.json -> /tmp/minio_downloads/1766652262.json
[2025-12-25T09:00:44.250+0000] {logging_mixin.py:188} INFO - Downloaded TSLA/1766652275.json -> /tmp/minio_downloads/1766652275.json
[2025-12-25T09:00:44.268+0000] {logging_mixin.py:188} INFO - Downloaded TSLA/1766652287.json -> /tmp/minio_downloads/1766652287.json
[2025-12-25T09:00:44.282+0000] {logging_mixin.py:188} INFO - Downloaded TSLA/1766652298.json -> /tmp/minio_downloads/1766652298.json
[2025-12-25T09:00:44.297+0000] {logging_mixin.py:188} INFO - Downloaded TSLA/1766652310.json -> /tmp/minio_downloads/1766652310.json
[2025-12-25T09:00:44.313+0000] {logging_mixin.py:188} INFO - Downloaded TSLA/1766652322.json -> /tmp/minio_downloads/1766652322.json
[2025-12-25T09:00:44.328+0000] {logging_mixin.py:188} INFO - Downloaded TSLA/1766652335.json -> /tmp/minio_downloads/1766652335.json
[2025-12-25T09:00:44.347+0000] {logging_mixin.py:188} INFO - Downloaded TSLA/1766652347.json -> /tmp/minio_downloads/1766652347.json
[2025-12-25T09:00:44.360+0000] {logging_mixin.py:188} INFO - Downloaded TSLA/1766652358.json -> /tmp/minio_downloads/1766652358.json
[2025-12-25T09:00:44.376+0000] {logging_mixin.py:188} INFO - Downloaded TSLA/1766652371.json -> /tmp/minio_downloads/1766652371.json
[2025-12-25T09:00:44.390+0000] {logging_mixin.py:188} INFO - Downloaded TSLA/1766652384.json -> /tmp/minio_downloads/1766652384.json
[2025-12-25T09:00:44.404+0000] {logging_mixin.py:188} INFO - Downloaded TSLA/1766652399.json -> /tmp/minio_downloads/1766652399.json
[2025-12-25T09:00:44.420+0000] {logging_mixin.py:188} INFO - Downloaded TSLA/1766652411.json -> /tmp/minio_downloads/1766652411.json
[2025-12-25T09:00:44.442+0000] {logging_mixin.py:188} INFO - Downloaded TSLA/1766652423.json -> /tmp/minio_downloads/1766652423.json
[2025-12-25T09:00:44.473+0000] {logging_mixin.py:188} INFO - Downloaded TSLA/1766652437.json -> /tmp/minio_downloads/1766652437.json
[2025-12-25T09:00:44.492+0000] {logging_mixin.py:188} INFO - Downloaded TSLA/1766652450.json -> /tmp/minio_downloads/1766652450.json
[2025-12-25T09:00:44.506+0000] {logging_mixin.py:188} INFO - Downloaded TSLA/1766652461.json -> /tmp/minio_downloads/1766652461.json
[2025-12-25T09:00:44.521+0000] {logging_mixin.py:188} INFO - Downloaded TSLA/1766652475.json -> /tmp/minio_downloads/1766652475.json
[2025-12-25T09:00:44.535+0000] {logging_mixin.py:188} INFO - Downloaded TSLA/1766652488.json -> /tmp/minio_downloads/1766652488.json
[2025-12-25T09:00:44.584+0000] {logging_mixin.py:188} INFO - Downloaded TSLA/1766652501.json -> /tmp/minio_downloads/1766652501.json
[2025-12-25T09:00:44.600+0000] {logging_mixin.py:188} INFO - Downloaded TSLA/1766652513.json -> /tmp/minio_downloads/1766652513.json
[2025-12-25T09:00:44.616+0000] {logging_mixin.py:188} INFO - Downloaded TSLA/1766652527.json -> /tmp/minio_downloads/1766652527.json
[2025-12-25T09:00:44.630+0000] {logging_mixin.py:188} INFO - Downloaded TSLA/1766652541.json -> /tmp/minio_downloads/1766652541.json
[2025-12-25T09:00:44.644+0000] {logging_mixin.py:188} INFO - Downloaded TSLA/1766652554.json -> /tmp/minio_downloads/1766652554.json
[2025-12-25T09:00:44.658+0000] {logging_mixin.py:188} INFO - Downloaded TSLA/1766652568.json -> /tmp/minio_downloads/1766652568.json
[2025-12-25T09:00:44.676+0000] {logging_mixin.py:188} INFO - Downloaded TSLA/1766652581.json -> /tmp/minio_downloads/1766652581.json
[2025-12-25T09:00:44.724+0000] {logging_mixin.py:188} INFO - Downloaded TSLA/1766652595.json -> /tmp/minio_downloads/1766652595.json
[2025-12-25T09:00:44.748+0000] {logging_mixin.py:188} INFO - Downloaded TSLA/1766652608.json -> /tmp/minio_downloads/1766652608.json
[2025-12-25T09:00:44.767+0000] {logging_mixin.py:188} INFO - Downloaded TSLA/1766652622.json -> /tmp/minio_downloads/1766652622.json
[2025-12-25T09:00:44.788+0000] {logging_mixin.py:188} INFO - Downloaded TSLA/1766652639.json -> /tmp/minio_downloads/1766652639.json
[2025-12-25T09:00:44.813+0000] {logging_mixin.py:188} INFO - Downloaded TSLA/1766652650.json -> /tmp/minio_downloads/1766652650.json
[2025-12-25T09:00:44.856+0000] {logging_mixin.py:188} INFO - Downloaded TSLA/1766652663.json -> /tmp/minio_downloads/1766652663.json
[2025-12-25T09:00:44.977+0000] {logging_mixin.py:188} INFO - Downloaded TSLA/1766652675.json -> /tmp/minio_downloads/1766652675.json
[2025-12-25T09:00:45.083+0000] {logging_mixin.py:188} INFO - Downloaded TSLA/1766652688.json -> /tmp/minio_downloads/1766652688.json
[2025-12-25T09:00:45.120+0000] {logging_mixin.py:188} INFO - Downloaded TSLA/1766652700.json -> /tmp/minio_downloads/1766652700.json
[2025-12-25T09:00:45.149+0000] {logging_mixin.py:188} INFO - Downloaded TSLA/1766652713.json -> /tmp/minio_downloads/1766652713.json
[2025-12-25T09:00:45.166+0000] {logging_mixin.py:188} INFO - Downloaded TSLA/1766652725.json -> /tmp/minio_downloads/1766652725.json
[2025-12-25T09:00:45.194+0000] {logging_mixin.py:188} INFO - Downloaded TSLA/1766652736.json -> /tmp/minio_downloads/1766652736.json
[2025-12-25T09:00:45.221+0000] {logging_mixin.py:188} INFO - Downloaded TSLA/1766652750.json -> /tmp/minio_downloads/1766652750.json
[2025-12-25T09:00:45.250+0000] {logging_mixin.py:188} INFO - Downloaded TSLA/1766652762.json -> /tmp/minio_downloads/1766652762.json
[2025-12-25T09:00:45.272+0000] {logging_mixin.py:188} INFO - Downloaded TSLA/1766652774.json -> /tmp/minio_downloads/1766652774.json
[2025-12-25T09:00:45.295+0000] {logging_mixin.py:188} INFO - Downloaded TSLA/1766652787.json -> /tmp/minio_downloads/1766652787.json
[2025-12-25T09:00:45.317+0000] {logging_mixin.py:188} INFO - Downloaded TSLA/1766652800.json -> /tmp/minio_downloads/1766652800.json
[2025-12-25T09:00:45.342+0000] {logging_mixin.py:188} INFO - Downloaded TSLA/1766652813.json -> /tmp/minio_downloads/1766652813.json
[2025-12-25T09:00:45.372+0000] {logging_mixin.py:188} INFO - Downloaded TSLA/1766652825.json -> /tmp/minio_downloads/1766652825.json
[2025-12-25T09:00:45.394+0000] {logging_mixin.py:188} INFO - Downloaded TSLA/1766652837.json -> /tmp/minio_downloads/1766652837.json
[2025-12-25T09:00:45.418+0000] {logging_mixin.py:188} INFO - Downloaded TSLA/1766652852.json -> /tmp/minio_downloads/1766652852.json
[2025-12-25T09:00:45.437+0000] {logging_mixin.py:188} INFO - Downloaded TSLA/1766652864.json -> /tmp/minio_downloads/1766652864.json
[2025-12-25T09:00:45.451+0000] {logging_mixin.py:188} INFO - Downloaded TSLA/1766652875.json -> /tmp/minio_downloads/1766652875.json
[2025-12-25T09:00:45.469+0000] {logging_mixin.py:188} INFO - Downloaded TSLA/1766652887.json -> /tmp/minio_downloads/1766652887.json
[2025-12-25T09:00:45.484+0000] {logging_mixin.py:188} INFO - Downloaded TSLA/1766652899.json -> /tmp/minio_downloads/1766652899.json
[2025-12-25T09:00:45.499+0000] {logging_mixin.py:188} INFO - Downloaded TSLA/1766652917.json -> /tmp/minio_downloads/1766652917.json
[2025-12-25T09:00:45.516+0000] {logging_mixin.py:188} INFO - Downloaded TSLA/1766652928.json -> /tmp/minio_downloads/1766652928.json
[2025-12-25T09:00:45.536+0000] {logging_mixin.py:188} INFO - Downloaded TSLA/1766652941.json -> /tmp/minio_downloads/1766652941.json
[2025-12-25T09:00:45.550+0000] {logging_mixin.py:188} INFO - Downloaded TSLA/1766652954.json -> /tmp/minio_downloads/1766652954.json
[2025-12-25T09:00:45.563+0000] {logging_mixin.py:188} INFO - Downloaded TSLA/1766652967.json -> /tmp/minio_downloads/1766652967.json
[2025-12-25T09:00:45.580+0000] {logging_mixin.py:188} INFO - Downloaded TSLA/1766652978.json -> /tmp/minio_downloads/1766652978.json
[2025-12-25T09:00:45.600+0000] {logging_mixin.py:188} INFO - Downloaded TSLA/1766652990.json -> /tmp/minio_downloads/1766652990.json
[2025-12-25T09:00:45.615+0000] {logging_mixin.py:188} INFO - Downloaded TSLA/1766653003.json -> /tmp/minio_downloads/1766653003.json
[2025-12-25T09:00:45.632+0000] {logging_mixin.py:188} INFO - Downloaded TSLA/1766653017.json -> /tmp/minio_downloads/1766653017.json
[2025-12-25T09:00:45.648+0000] {logging_mixin.py:188} INFO - Downloaded TSLA/1766653030.json -> /tmp/minio_downloads/1766653030.json
[2025-12-25T09:00:45.663+0000] {logging_mixin.py:188} INFO - Downloaded TSLA/1766653043.json -> /tmp/minio_downloads/1766653043.json
[2025-12-25T09:00:45.678+0000] {logging_mixin.py:188} INFO - Downloaded TSLA/1766653056.json -> /tmp/minio_downloads/1766653056.json
[2025-12-25T09:00:45.695+0000] {logging_mixin.py:188} INFO - Downloaded TSLA/1766653070.json -> /tmp/minio_downloads/1766653070.json
[2025-12-25T09:00:45.712+0000] {logging_mixin.py:188} INFO - Downloaded TSLA/1766653082.json -> /tmp/minio_downloads/1766653082.json
[2025-12-25T09:00:45.728+0000] {logging_mixin.py:188} INFO - Downloaded TSLA/1766653094.json -> /tmp/minio_downloads/1766653094.json
[2025-12-25T09:00:45.744+0000] {logging_mixin.py:188} INFO - Downloaded TSLA/1766653107.json -> /tmp/minio_downloads/1766653107.json
[2025-12-25T09:00:45.759+0000] {logging_mixin.py:188} INFO - Downloaded TSLA/1766653120.json -> /tmp/minio_downloads/1766653120.json
[2025-12-25T09:00:45.774+0000] {logging_mixin.py:188} INFO - Downloaded TSLA/1766653134.json -> /tmp/minio_downloads/1766653134.json
[2025-12-25T09:00:45.787+0000] {logging_mixin.py:188} INFO - Downloaded TSLA/1766653147.json -> /tmp/minio_downloads/1766653147.json
[2025-12-25T09:00:45.802+0000] {logging_mixin.py:188} INFO - Downloaded TSLA/1766653159.json -> /tmp/minio_downloads/1766653159.json
[2025-12-25T09:00:45.817+0000] {logging_mixin.py:188} INFO - Downloaded TSLA/1766653172.json -> /tmp/minio_downloads/1766653172.json
[2025-12-25T09:00:45.835+0000] {logging_mixin.py:188} INFO - Downloaded TSLA/1766653188.json -> /tmp/minio_downloads/1766653188.json
[2025-12-25T09:00:45.851+0000] {logging_mixin.py:188} INFO - Downloaded TSLA/1766653203.json -> /tmp/minio_downloads/1766653203.json
[2025-12-25T09:00:45.879+0000] {logging_mixin.py:188} INFO - Downloaded TSLA/1766653215.json -> /tmp/minio_downloads/1766653215.json
[2025-12-25T09:00:45.896+0000] {logging_mixin.py:188} INFO - Downloaded TSLA/1766653228.json -> /tmp/minio_downloads/1766653228.json
[2025-12-25T09:00:45.898+0000] {python.py:237} INFO - Done. Returned value was: ['/tmp/minio_downloads/1766651912.json', '/tmp/minio_downloads/1766651923.json', '/tmp/minio_downloads/1766651935.json', '/tmp/minio_downloads/1766651947.json', '/tmp/minio_downloads/1766651959.json', '/tmp/minio_downloads/1766651972.json', '/tmp/minio_downloads/1766651985.json', '/tmp/minio_downloads/1766651996.json', '/tmp/minio_downloads/1766652008.json', '/tmp/minio_downloads/1766652020.json', '/tmp/minio_downloads/1766652032.json', '/tmp/minio_downloads/1766652044.json', '/tmp/minio_downloads/1766652056.json', '/tmp/minio_downloads/1766652067.json', '/tmp/minio_downloads/1766652079.json', '/tmp/minio_downloads/1766652091.json', '/tmp/minio_downloads/1766652104.json', '/tmp/minio_downloads/1766652116.json', '/tmp/minio_downloads/1766652128.json', '/tmp/minio_downloads/1766652140.json', '/tmp/minio_downloads/1766652153.json', '/tmp/minio_downloads/1766652164.json', '/tmp/minio_downloads/1766652176.json', '/tmp/minio_downloads/1766652188.json', '/tmp/minio_downloads/1766652200.json', '/tmp/minio_downloads/1766652213.json', '/tmp/minio_downloads/1766652224.json', '/tmp/minio_downloads/1766652236.json', '/tmp/minio_downloads/1766652248.json', '/tmp/minio_downloads/1766652260.json', '/tmp/minio_downloads/1766652272.json', '/tmp/minio_downloads/1766652284.json', '/tmp/minio_downloads/1766652296.json', '/tmp/minio_downloads/1766652308.json', '/tmp/minio_downloads/1766652319.json', '/tmp/minio_downloads/1766652332.json', '/tmp/minio_downloads/1766652345.json', '/tmp/minio_downloads/1766652356.json', '/tmp/minio_downloads/1766652369.json', '/tmp/minio_downloads/1766652381.json', '/tmp/minio_downloads/1766652397.json', '/tmp/minio_downloads/1766652409.json', '/tmp/minio_downloads/1766652421.json', '/tmp/minio_downloads/1766652434.json', '/tmp/minio_downloads/1766652447.json', '/tmp/minio_downloads/1766652459.json', '/tmp/minio_downloads/1766652471.json', '/tmp/minio_downloads/1766652485.json', '/tmp/minio_downloads/1766652498.json', '/tmp/minio_downloads/1766652511.json', '/tmp/minio_downloads/1766652524.json', '/tmp/minio_downloads/1766652538.json', '/tmp/minio_downloads/1766652552.json', '/tmp/minio_downloads/1766652565.json', '/tmp/minio_downloads/1766652578.json', '/tmp/minio_downloads/1766652592.json', '/tmp/minio_downloads/1766652605.json', '/tmp/minio_downloads/1766652619.json', '/tmp/minio_downloads/1766652633.json', '/tmp/minio_downloads/1766652648.json', '/tmp/minio_downloads/1766652660.json', '/tmp/minio_downloads/1766652672.json', '/tmp/minio_downloads/1766652685.json', '/tmp/minio_downloads/1766652698.json', '/tmp/minio_downloads/1766652711.json', '/tmp/minio_downloads/1766652722.json', '/tmp/minio_downloads/1766652734.json', '/tmp/minio_downloads/1766652747.json', '/tmp/minio_downloads/1766652759.json', '/tmp/minio_downloads/1766652771.json', '/tmp/minio_downloads/1766652784.json', '/tmp/minio_downloads/1766652797.json', '/tmp/minio_downloads/1766652811.json', '/tmp/minio_downloads/1766652823.json', '/tmp/minio_downloads/1766652835.json', '/tmp/minio_downloads/1766652849.json', '/tmp/minio_downloads/1766652861.json', '/tmp/minio_downloads/1766652873.json', '/tmp/minio_downloads/1766652885.json', '/tmp/minio_downloads/1766652897.json', '/tmp/minio_downloads/1766652914.json', '/tmp/minio_downloads/1766652926.json', '/tmp/minio_downloads/1766652938.json', '/tmp/minio_downloads/1766652951.json', '/tmp/minio_downloads/1766652965.json', '/tmp/minio_downloads/1766652976.json', '/tmp/minio_downloads/1766652987.json', '/tmp/minio_downloads/1766653001.json', '/tmp/minio_downloads/1766653014.json', '/tmp/minio_downloads/1766653027.json', '/tmp/minio_downloads/1766653039.json', '/tmp/minio_downloads/1766653053.json', '/tmp/minio_downloads/1766653067.json', '/tmp/minio_downloads/1766653080.json', '/tmp/minio_downloads/1766653092.json', '/tmp/minio_downloads/1766653104.json', '/tmp/minio_downloads/1766653117.json', '/tmp/minio_downloads/1766653132.json', '/tmp/minio_downloads/1766653145.json', '/tmp/minio_downloads/1766653157.json', '/tmp/minio_downloads/1766653169.json', '/tmp/minio_downloads/1766653185.json', '/tmp/minio_downloads/1766653199.json', '/tmp/minio_downloads/1766653213.json', '/tmp/minio_downloads/1766653225.json', '/tmp/minio_downloads/1766651916.json', '/tmp/minio_downloads/1766651928.json', '/tmp/minio_downloads/1766651940.json', '/tmp/minio_downloads/1766651952.json', '/tmp/minio_downloads/1766651964.json', '/tmp/minio_downloads/1766651978.json', '/tmp/minio_downloads/1766651989.json', '/tmp/minio_downloads/1766652001.json', '/tmp/minio_downloads/1766652013.json', '/tmp/minio_downloads/1766652025.json', '/tmp/minio_downloads/1766652036.json', '/tmp/minio_downloads/1766652048.json', '/tmp/minio_downloads/1766652060.json', '/tmp/minio_downloads/1766652072.json', '/tmp/minio_downloads/1766652084.json', '/tmp/minio_downloads/1766652097.json', '/tmp/minio_downloads/1766652109.json', '/tmp/minio_downloads/1766652121.json', '/tmp/minio_downloads/1766652133.json', '/tmp/minio_downloads/1766652145.json', '/tmp/minio_downloads/1766652157.json', '/tmp/minio_downloads/1766652169.json', '/tmp/minio_downloads/1766652181.json', '/tmp/minio_downloads/1766652193.json', '/tmp/minio_downloads/1766652206.json', '/tmp/minio_downloads/1766652217.json', '/tmp/minio_downloads/1766652229.json', '/tmp/minio_downloads/1766652241.json', '/tmp/minio_downloads/1766652253.json', '/tmp/minio_downloads/1766652264.json', '/tmp/minio_downloads/1766652277.json', '/tmp/minio_downloads/1766652289.json', '/tmp/minio_downloads/1766652301.json', '/tmp/minio_downloads/1766652312.json', '/tmp/minio_downloads/1766652325.json', '/tmp/minio_downloads/1766652338.json', '/tmp/minio_downloads/1766652349.json', '/tmp/minio_downloads/1766652361.json', '/tmp/minio_downloads/1766652374.json', '/tmp/minio_downloads/1766652390.json', '/tmp/minio_downloads/1766652401.json', '/tmp/minio_downloads/1766652413.json', '/tmp/minio_downloads/1766652426.json', '/tmp/minio_downloads/1766652439.json', '/tmp/minio_downloads/1766652452.json', '/tmp/minio_downloads/1766652464.json', '/tmp/minio_downloads/1766652477.json', '/tmp/minio_downloads/1766652490.json', '/tmp/minio_downloads/1766652503.json', '/tmp/minio_downloads/1766652516.json', '/tmp/minio_downloads/1766652530.json', '/tmp/minio_downloads/1766652543.json', '/tmp/minio_downloads/1766652558.json', '/tmp/minio_downloads/1766652570.json', '/tmp/minio_downloads/1766652584.json', '/tmp/minio_downloads/1766652598.json', '/tmp/minio_downloads/1766652611.json', '/tmp/minio_downloads/1766652625.json', '/tmp/minio_downloads/1766652641.json', '/tmp/minio_downloads/1766652652.json', '/tmp/minio_downloads/1766652665.json', '/tmp/minio_downloads/1766652677.json', '/tmp/minio_downloads/1766652690.json', '/tmp/minio_downloads/1766652703.json', '/tmp/minio_downloads/1766652715.json', '/tmp/minio_downloads/1766652727.json', '/tmp/minio_downloads/1766652739.json', '/tmp/minio_downloads/1766652752.json', '/tmp/minio_downloads/1766652764.json', '/tmp/minio_downloads/1766652777.json', '/tmp/minio_downloads/1766652790.json', '/tmp/minio_downloads/1766652803.json', '/tmp/minio_downloads/1766652815.json', '/tmp/minio_downloads/1766652827.json', '/tmp/minio_downloads/1766652841.json', '/tmp/minio_downloads/1766652854.json', '/tmp/minio_downloads/1766652866.json', '/tmp/minio_downloads/1766652878.json', '/tmp/minio_downloads/1766652889.json', '/tmp/minio_downloads/1766652902.json', '/tmp/minio_downloads/1766652919.json', '/tmp/minio_downloads/1766652930.json', '/tmp/minio_downloads/1766652944.json', '/tmp/minio_downloads/1766652958.json', '/tmp/minio_downloads/1766652969.json', '/tmp/minio_downloads/1766652980.json', '/tmp/minio_downloads/1766652994.json', '/tmp/minio_downloads/1766653006.json', '/tmp/minio_downloads/1766653020.json', '/tmp/minio_downloads/1766653032.json', '/tmp/minio_downloads/1766653046.json', '/tmp/minio_downloads/1766653060.json', '/tmp/minio_downloads/1766653073.json', '/tmp/minio_downloads/1766653085.json', '/tmp/minio_downloads/1766653097.json', '/tmp/minio_downloads/1766653110.json', '/tmp/minio_downloads/1766653125.json', '/tmp/minio_downloads/1766653137.json', '/tmp/minio_downloads/1766653149.json', '/tmp/minio_downloads/1766653161.json', '/tmp/minio_downloads/1766653177.json', '/tmp/minio_downloads/1766653191.json', '/tmp/minio_downloads/1766653206.json', '/tmp/minio_downloads/1766653218.json', '/tmp/minio_downloads/1766653231.json', '/tmp/minio_downloads/1766651915.json', '/tmp/minio_downloads/1766651927.json', '/tmp/minio_downloads/1766651939.json', '/tmp/minio_downloads/1766651951.json', '/tmp/minio_downloads/1766651963.json', '/tmp/minio_downloads/1766651977.json', '/tmp/minio_downloads/1766651988.json', '/tmp/minio_downloads/1766652000.json', '/tmp/minio_downloads/1766652012.json', '/tmp/minio_downloads/1766652024.json', '/tmp/minio_downloads/1766652035.json', '/tmp/minio_downloads/1766652047.json', '/tmp/minio_downloads/1766652059.json', '/tmp/minio_downloads/1766652071.json', '/tmp/minio_downloads/1766652083.json', '/tmp/minio_downloads/1766652096.json', '/tmp/minio_downloads/1766652107.json', '/tmp/minio_downloads/1766652119.json', '/tmp/minio_downloads/1766652131.json', '/tmp/minio_downloads/1766652144.json', '/tmp/minio_downloads/1766652156.json', '/tmp/minio_downloads/1766652168.json', '/tmp/minio_downloads/1766652180.json', '/tmp/minio_downloads/1766652191.json', '/tmp/minio_downloads/1766652205.json', '/tmp/minio_downloads/1766652216.json', '/tmp/minio_downloads/1766652228.json', '/tmp/minio_downloads/1766652240.json', '/tmp/minio_downloads/1766652251.json', '/tmp/minio_downloads/1766652263.json', '/tmp/minio_downloads/1766652276.json', '/tmp/minio_downloads/1766652288.json', '/tmp/minio_downloads/1766652300.json', '/tmp/minio_downloads/1766652311.json', '/tmp/minio_downloads/1766652323.json', '/tmp/minio_downloads/1766652336.json', '/tmp/minio_downloads/1766652348.json', '/tmp/minio_downloads/1766652360.json', '/tmp/minio_downloads/1766652372.json', '/tmp/minio_downloads/1766652386.json', '/tmp/minio_downloads/1766652400.json', '/tmp/minio_downloads/1766652412.json', '/tmp/minio_downloads/1766652425.json', '/tmp/minio_downloads/1766652438.json', '/tmp/minio_downloads/1766652451.json', '/tmp/minio_downloads/1766652462.json', '/tmp/minio_downloads/1766652476.json', '/tmp/minio_downloads/1766652489.json', '/tmp/minio_downloads/1766652502.json', '/tmp/minio_downloads/1766652515.json', '/tmp/minio_downloads/1766652529.json', '/tmp/minio_downloads/1766652542.json', '/tmp/minio_downloads/1766652556.json', '/tmp/minio_downloads/1766652569.json', '/tmp/minio_downloads/1766652582.json', '/tmp/minio_downloads/1766652596.json', '/tmp/minio_downloads/1766652610.json', '/tmp/minio_downloads/1766652623.json', '/tmp/minio_downloads/1766652640.json', '/tmp/minio_downloads/1766652651.json', '/tmp/minio_downloads/1766652664.json', '/tmp/minio_downloads/1766652676.json', '/tmp/minio_downloads/1766652689.json', '/tmp/minio_downloads/1766652702.json', '/tmp/minio_downloads/1766652714.json', '/tmp/minio_downloads/1766652726.json', '/tmp/minio_downloads/1766652738.json', '/tmp/minio_downloads/1766652751.json', '/tmp/minio_downloads/1766652763.json', '/tmp/minio_downloads/1766652775.json', '/tmp/minio_downloads/1766652789.json', '/tmp/minio_downloads/1766652802.json', '/tmp/minio_downloads/1766652814.json', '/tmp/minio_downloads/1766652826.json', '/tmp/minio_downloads/1766652839.json', '/tmp/minio_downloads/1766652853.json', '/tmp/minio_downloads/1766652865.json', '/tmp/minio_downloads/1766652877.json', '/tmp/minio_downloads/1766652888.json', '/tmp/minio_downloads/1766652901.json', '/tmp/minio_downloads/1766652918.json', '/tmp/minio_downloads/1766652929.json', '/tmp/minio_downloads/1766652942.json', '/tmp/minio_downloads/1766652956.json', '/tmp/minio_downloads/1766652968.json', '/tmp/minio_downloads/1766652979.json', '/tmp/minio_downloads/1766652992.json', '/tmp/minio_downloads/1766653005.json', '/tmp/minio_downloads/1766653018.json', '/tmp/minio_downloads/1766653031.json', '/tmp/minio_downloads/1766653045.json', '/tmp/minio_downloads/1766653058.json', '/tmp/minio_downloads/1766653071.json', '/tmp/minio_downloads/1766653084.json', '/tmp/minio_downloads/1766653096.json', '/tmp/minio_downloads/1766653108.json', '/tmp/minio_downloads/1766653123.json', '/tmp/minio_downloads/1766653136.json', '/tmp/minio_downloads/1766653148.json', '/tmp/minio_downloads/1766653160.json', '/tmp/minio_downloads/1766653175.json', '/tmp/minio_downloads/1766653190.json', '/tmp/minio_downloads/1766653205.json', '/tmp/minio_downloads/1766653217.json', '/tmp/minio_downloads/1766653229.json', '/tmp/minio_downloads/1766651913.json', '/tmp/minio_downloads/1766651924.json', '/tmp/minio_downloads/1766651937.json', '/tmp/minio_downloads/1766651948.json', '/tmp/minio_downloads/1766651960.json', '/tmp/minio_downloads/1766651973.json', '/tmp/minio_downloads/1766651986.json', '/tmp/minio_downloads/1766651998.json', '/tmp/minio_downloads/1766652009.json', '/tmp/minio_downloads/1766652021.json', '/tmp/minio_downloads/1766652033.json', '/tmp/minio_downloads/1766652045.json', '/tmp/minio_downloads/1766652057.json', '/tmp/minio_downloads/1766652069.json', '/tmp/minio_downloads/1766652080.json', '/tmp/minio_downloads/1766652092.json', '/tmp/minio_downloads/1766652105.json', '/tmp/minio_downloads/1766652117.json', '/tmp/minio_downloads/1766652129.json', '/tmp/minio_downloads/1766652141.json', '/tmp/minio_downloads/1766652154.json', '/tmp/minio_downloads/1766652166.json', '/tmp/minio_downloads/1766652177.json', '/tmp/minio_downloads/1766652189.json', '/tmp/minio_downloads/1766652202.json', '/tmp/minio_downloads/1766652214.json', '/tmp/minio_downloads/1766652225.json', '/tmp/minio_downloads/1766652238.json', '/tmp/minio_downloads/1766652249.json', '/tmp/minio_downloads/1766652261.json', '/tmp/minio_downloads/1766652274.json', '/tmp/minio_downloads/1766652286.json', '/tmp/minio_downloads/1766652297.json', '/tmp/minio_downloads/1766652309.json', '/tmp/minio_downloads/1766652320.json', '/tmp/minio_downloads/1766652334.json', '/tmp/minio_downloads/1766652346.json', '/tmp/minio_downloads/1766652357.json', '/tmp/minio_downloads/1766652370.json', '/tmp/minio_downloads/1766652383.json', '/tmp/minio_downloads/1766652398.json', '/tmp/minio_downloads/1766652410.json', '/tmp/minio_downloads/1766652422.json', '/tmp/minio_downloads/1766652435.json', '/tmp/minio_downloads/1766652448.json', '/tmp/minio_downloads/1766652460.json', '/tmp/minio_downloads/1766652473.json', '/tmp/minio_downloads/1766652486.json', '/tmp/minio_downloads/1766652500.json', '/tmp/minio_downloads/1766652512.json', '/tmp/minio_downloads/1766652526.json', '/tmp/minio_downloads/1766652539.json', '/tmp/minio_downloads/1766652553.json', '/tmp/minio_downloads/1766652567.json', '/tmp/minio_downloads/1766652579.json', '/tmp/minio_downloads/1766652594.json', '/tmp/minio_downloads/1766652606.json', '/tmp/minio_downloads/1766652620.json', '/tmp/minio_downloads/1766652634.json', '/tmp/minio_downloads/1766652649.json', '/tmp/minio_downloads/1766652661.json', '/tmp/minio_downloads/1766652673.json', '/tmp/minio_downloads/1766652686.json', '/tmp/minio_downloads/1766652699.json', '/tmp/minio_downloads/1766652712.json', '/tmp/minio_downloads/1766652724.json', '/tmp/minio_downloads/1766652735.json', '/tmp/minio_downloads/1766652748.json', '/tmp/minio_downloads/1766652760.json', '/tmp/minio_downloads/1766652773.json', '/tmp/minio_downloads/1766652786.json', '/tmp/minio_downloads/1766652799.json', '/tmp/minio_downloads/1766652812.json', '/tmp/minio_downloads/1766652824.json', '/tmp/minio_downloads/1766652836.json', '/tmp/minio_downloads/1766652850.json', '/tmp/minio_downloads/1766652863.json', '/tmp/minio_downloads/1766652874.json', '/tmp/minio_downloads/1766652886.json', '/tmp/minio_downloads/1766652898.json', '/tmp/minio_downloads/1766652915.json', '/tmp/minio_downloads/1766652927.json', '/tmp/minio_downloads/1766652939.json', '/tmp/minio_downloads/1766652952.json', '/tmp/minio_downloads/1766652966.json', '/tmp/minio_downloads/1766652977.json', '/tmp/minio_downloads/1766652989.json', '/tmp/minio_downloads/1766653002.json', '/tmp/minio_downloads/1766653016.json', '/tmp/minio_downloads/1766653028.json', '/tmp/minio_downloads/1766653042.json', '/tmp/minio_downloads/1766653055.json', '/tmp/minio_downloads/1766653068.json', '/tmp/minio_downloads/1766653081.json', '/tmp/minio_downloads/1766653093.json', '/tmp/minio_downloads/1766653105.json', '/tmp/minio_downloads/1766653118.json', '/tmp/minio_downloads/1766653133.json', '/tmp/minio_downloads/1766653146.json', '/tmp/minio_downloads/1766653158.json', '/tmp/minio_downloads/1766653170.json', '/tmp/minio_downloads/1766653187.json', '/tmp/minio_downloads/1766653200.json', '/tmp/minio_downloads/1766653214.json', '/tmp/minio_downloads/1766653226.json', '/tmp/minio_downloads/1766651914.json', '/tmp/minio_downloads/1766651926.json', '/tmp/minio_downloads/1766651938.json', '/tmp/minio_downloads/1766651949.json', '/tmp/minio_downloads/1766651961.json', '/tmp/minio_downloads/1766651975.json', '/tmp/minio_downloads/1766651987.json', '/tmp/minio_downloads/1766651999.json', '/tmp/minio_downloads/1766652011.json', '/tmp/minio_downloads/1766652022.json', '/tmp/minio_downloads/1766652034.json', '/tmp/minio_downloads/1766652046.json', '/tmp/minio_downloads/1766652058.json', '/tmp/minio_downloads/1766652070.json', '/tmp/minio_downloads/1766652081.json', '/tmp/minio_downloads/1766652094.json', '/tmp/minio_downloads/1766652106.json', '/tmp/minio_downloads/1766652118.json', '/tmp/minio_downloads/1766652130.json', '/tmp/minio_downloads/1766652142.json', '/tmp/minio_downloads/1766652155.json', '/tmp/minio_downloads/1766652167.json', '/tmp/minio_downloads/1766652178.json', '/tmp/minio_downloads/1766652190.json', '/tmp/minio_downloads/1766652204.json', '/tmp/minio_downloads/1766652215.json', '/tmp/minio_downloads/1766652227.json', '/tmp/minio_downloads/1766652239.json', '/tmp/minio_downloads/1766652250.json', '/tmp/minio_downloads/1766652262.json', '/tmp/minio_downloads/1766652275.json', '/tmp/minio_downloads/1766652287.json', '/tmp/minio_downloads/1766652298.json', '/tmp/minio_downloads/1766652310.json', '/tmp/minio_downloads/1766652322.json', '/tmp/minio_downloads/1766652335.json', '/tmp/minio_downloads/1766652347.json', '/tmp/minio_downloads/1766652358.json', '/tmp/minio_downloads/1766652371.json', '/tmp/minio_downloads/1766652384.json', '/tmp/minio_downloads/1766652399.json', '/tmp/minio_downloads/1766652411.json', '/tmp/minio_downloads/1766652423.json', '/tmp/minio_downloads/1766652437.json', '/tmp/minio_downloads/1766652450.json', '/tmp/minio_downloads/1766652461.json', '/tmp/minio_downloads/1766652475.json', '/tmp/minio_downloads/1766652488.json', '/tmp/minio_downloads/1766652501.json', '/tmp/minio_downloads/1766652513.json', '/tmp/minio_downloads/1766652527.json', '/tmp/minio_downloads/1766652541.json', '/tmp/minio_downloads/1766652554.json', '/tmp/minio_downloads/1766652568.json', '/tmp/minio_downloads/1766652581.json', '/tmp/minio_downloads/1766652595.json', '/tmp/minio_downloads/1766652608.json', '/tmp/minio_downloads/1766652622.json', '/tmp/minio_downloads/1766652639.json', '/tmp/minio_downloads/1766652650.json', '/tmp/minio_downloads/1766652663.json', '/tmp/minio_downloads/1766652675.json', '/tmp/minio_downloads/1766652688.json', '/tmp/minio_downloads/1766652700.json', '/tmp/minio_downloads/1766652713.json', '/tmp/minio_downloads/1766652725.json', '/tmp/minio_downloads/1766652736.json', '/tmp/minio_downloads/1766652750.json', '/tmp/minio_downloads/1766652762.json', '/tmp/minio_downloads/1766652774.json', '/tmp/minio_downloads/1766652787.json', '/tmp/minio_downloads/1766652800.json', '/tmp/minio_downloads/1766652813.json', '/tmp/minio_downloads/1766652825.json', '/tmp/minio_downloads/1766652837.json', '/tmp/minio_downloads/1766652852.json', '/tmp/minio_downloads/1766652864.json', '/tmp/minio_downloads/1766652875.json', '/tmp/minio_downloads/1766652887.json', '/tmp/minio_downloads/1766652899.json', '/tmp/minio_downloads/1766652917.json', '/tmp/minio_downloads/1766652928.json', '/tmp/minio_downloads/1766652941.json', '/tmp/minio_downloads/1766652954.json', '/tmp/minio_downloads/1766652967.json', '/tmp/minio_downloads/1766652978.json', '/tmp/minio_downloads/1766652990.json', '/tmp/minio_downloads/1766653003.json', '/tmp/minio_downloads/1766653017.json', '/tmp/minio_downloads/1766653030.json', '/tmp/minio_downloads/1766653043.json', '/tmp/minio_downloads/1766653056.json', '/tmp/minio_downloads/1766653070.json', '/tmp/minio_downloads/1766653082.json', '/tmp/minio_downloads/1766653094.json', '/tmp/minio_downloads/1766653107.json', '/tmp/minio_downloads/1766653120.json', '/tmp/minio_downloads/1766653134.json', '/tmp/minio_downloads/1766653147.json', '/tmp/minio_downloads/1766653159.json', '/tmp/minio_downloads/1766653172.json', '/tmp/minio_downloads/1766653188.json', '/tmp/minio_downloads/1766653203.json', '/tmp/minio_downloads/1766653215.json', '/tmp/minio_downloads/1766653228.json']
[2025-12-25T09:00:45.903+0000] {taskinstance.py:441} INFO - ::group::Post task execution logs
[2025-12-25T09:00:46.131+0000] {taskinstance.py:1206} INFO - Marking task as SUCCESS. dag_id=minio_to_snowflake, task_id=download_minio, run_id=scheduled__2025-12-25T08:56:00+00:00, execution_date=20251225T085600, start_date=20251225T090032, end_date=20251225T090046
[2025-12-25T09:00:46.243+0000] {local_task_job_runner.py:243} INFO - Task exited with return code 0
[2025-12-25T09:00:46.334+0000] {taskinstance.py:3503} INFO - 1 downstream tasks scheduled from follow-on schedule check
[2025-12-25T09:00:46.341+0000] {local_task_job_runner.py:222} INFO - ::endgroup::
