[2025-12-25T15:22:07.857+0000] {local_task_job_runner.py:120} INFO - ::group::Pre task execution logs
[2025-12-25T15:22:07.914+0000] {taskinstance.py:2076} INFO - Dependencies all met for dep_context=non-requeueable deps ti=<TaskInstance: minio_to_snowflake.download_minio scheduled__2025-12-25T15:20:00+00:00 [queued]>
[2025-12-25T15:22:07.925+0000] {taskinstance.py:2076} INFO - Dependencies all met for dep_context=requeueable deps ti=<TaskInstance: minio_to_snowflake.download_minio scheduled__2025-12-25T15:20:00+00:00 [queued]>
[2025-12-25T15:22:07.928+0000] {taskinstance.py:2306} INFO - Starting attempt 1 of 2
[2025-12-25T15:22:07.948+0000] {taskinstance.py:2330} INFO - Executing <Task(PythonOperator): download_minio> on 2025-12-25 15:20:00+00:00
[2025-12-25T15:22:07.975+0000] {standard_task_runner.py:90} INFO - Running: ['***', 'tasks', 'run', 'minio_to_snowflake', 'download_minio', 'scheduled__2025-12-25T15:20:00+00:00', '--job-id', '14', '--raw', '--subdir', 'DAGS_FOLDER/minio_to_snowflake.py', '--cfg-path', '/tmp/tmp788yerbq']
[2025-12-25T15:22:07.981+0000] {standard_task_runner.py:91} INFO - Job 14: Subtask download_minio
[2025-12-25T15:22:07.981+0000] {logging_mixin.py:188} WARNING - /home/***/.local/lib/python3.12/site-packages/***/task/task_runner/standard_task_runner.py:62 DeprecationWarning: This process (pid=2476) is multi-threaded, use of fork() may lead to deadlocks in the child.
[2025-12-25T15:22:07.982+0000] {standard_task_runner.py:64} INFO - Started process 2491 to run task
[2025-12-25T15:22:08.099+0000] {task_command.py:426} INFO - Running <TaskInstance: minio_to_snowflake.download_minio scheduled__2025-12-25T15:20:00+00:00 [running]> on host 507725cbaced
[2025-12-25T15:22:08.268+0000] {taskinstance.py:2648} INFO - Exporting env vars: AIRFLOW_CTX_DAG_OWNER='***' AIRFLOW_CTX_DAG_ID='minio_to_snowflake' AIRFLOW_CTX_TASK_ID='download_minio' AIRFLOW_CTX_EXECUTION_DATE='2025-12-25T15:20:00+00:00' AIRFLOW_CTX_TRY_NUMBER='1' AIRFLOW_CTX_DAG_RUN_ID='scheduled__2025-12-25T15:20:00+00:00'
[2025-12-25T15:22:08.270+0000] {taskinstance.py:430} INFO - ::endgroup::
[2025-12-25T15:22:09.526+0000] {logging_mixin.py:188} INFO - Downloaded AAPL/1766675270.json -> /tmp/minio_downloads/1766675270.json
[2025-12-25T15:22:09.544+0000] {logging_mixin.py:188} INFO - Downloaded AAPL/1766675282.json -> /tmp/minio_downloads/1766675282.json
[2025-12-25T15:22:09.566+0000] {logging_mixin.py:188} INFO - Downloaded AAPL/1766675294.json -> /tmp/minio_downloads/1766675294.json
[2025-12-25T15:22:09.587+0000] {logging_mixin.py:188} INFO - Downloaded AAPL/1766675306.json -> /tmp/minio_downloads/1766675306.json
[2025-12-25T15:22:09.605+0000] {logging_mixin.py:188} INFO - Downloaded AAPL/1766675318.json -> /tmp/minio_downloads/1766675318.json
[2025-12-25T15:22:09.621+0000] {logging_mixin.py:188} INFO - Downloaded AAPL/1766675330.json -> /tmp/minio_downloads/1766675330.json
[2025-12-25T15:22:09.635+0000] {logging_mixin.py:188} INFO - Downloaded AAPL/1766675342.json -> /tmp/minio_downloads/1766675342.json
[2025-12-25T15:22:09.654+0000] {logging_mixin.py:188} INFO - Downloaded AAPL/1766675354.json -> /tmp/minio_downloads/1766675354.json
[2025-12-25T15:22:09.670+0000] {logging_mixin.py:188} INFO - Downloaded AAPL/1766675366.json -> /tmp/minio_downloads/1766675366.json
[2025-12-25T15:22:09.686+0000] {logging_mixin.py:188} INFO - Downloaded AAPL/1766675378.json -> /tmp/minio_downloads/1766675378.json
[2025-12-25T15:22:09.702+0000] {logging_mixin.py:188} INFO - Downloaded AAPL/1766675390.json -> /tmp/minio_downloads/1766675390.json
[2025-12-25T15:22:09.723+0000] {logging_mixin.py:188} INFO - Downloaded AAPL/1766675404.json -> /tmp/minio_downloads/1766675404.json
[2025-12-25T15:22:09.739+0000] {logging_mixin.py:188} INFO - Downloaded AAPL/1766675416.json -> /tmp/minio_downloads/1766675416.json
[2025-12-25T15:22:09.755+0000] {logging_mixin.py:188} INFO - Downloaded AAPL/1766675428.json -> /tmp/minio_downloads/1766675428.json
[2025-12-25T15:22:09.769+0000] {logging_mixin.py:188} INFO - Downloaded AAPL/1766675442.json -> /tmp/minio_downloads/1766675442.json
[2025-12-25T15:22:09.784+0000] {logging_mixin.py:188} INFO - Downloaded AAPL/1766675456.json -> /tmp/minio_downloads/1766675456.json
[2025-12-25T15:22:09.798+0000] {logging_mixin.py:188} INFO - Downloaded AAPL/1766675469.json -> /tmp/minio_downloads/1766675469.json
[2025-12-25T15:22:09.815+0000] {logging_mixin.py:188} INFO - Downloaded AAPL/1766675481.json -> /tmp/minio_downloads/1766675481.json
[2025-12-25T15:22:09.829+0000] {logging_mixin.py:188} INFO - Downloaded AAPL/1766675493.json -> /tmp/minio_downloads/1766675493.json
[2025-12-25T15:22:09.844+0000] {logging_mixin.py:188} INFO - Downloaded AAPL/1766675505.json -> /tmp/minio_downloads/1766675505.json
[2025-12-25T15:22:09.860+0000] {logging_mixin.py:188} INFO - Downloaded AAPL/1766675517.json -> /tmp/minio_downloads/1766675517.json
[2025-12-25T15:22:09.876+0000] {logging_mixin.py:188} INFO - Downloaded AAPL/1766675530.json -> /tmp/minio_downloads/1766675530.json
[2025-12-25T15:22:09.891+0000] {logging_mixin.py:188} INFO - Downloaded AAPL/1766675543.json -> /tmp/minio_downloads/1766675543.json
[2025-12-25T15:22:09.906+0000] {logging_mixin.py:188} INFO - Downloaded AAPL/1766675557.json -> /tmp/minio_downloads/1766675557.json
[2025-12-25T15:22:09.920+0000] {logging_mixin.py:188} INFO - Downloaded AAPL/1766675638.json -> /tmp/minio_downloads/1766675638.json
[2025-12-25T15:22:09.936+0000] {logging_mixin.py:188} INFO - Downloaded AAPL/1766675701.json -> /tmp/minio_downloads/1766675701.json
[2025-12-25T15:22:09.950+0000] {logging_mixin.py:188} INFO - Downloaded AAPL/1766675715.json -> /tmp/minio_downloads/1766675715.json
[2025-12-25T15:22:09.972+0000] {logging_mixin.py:188} INFO - Downloaded AAPL/1766675727.json -> /tmp/minio_downloads/1766675727.json
[2025-12-25T15:22:09.990+0000] {logging_mixin.py:188} INFO - Downloaded AAPL/1766675739.json -> /tmp/minio_downloads/1766675739.json
[2025-12-25T15:22:10.003+0000] {logging_mixin.py:188} INFO - Downloaded AAPL/1766675751.json -> /tmp/minio_downloads/1766675751.json
[2025-12-25T15:22:10.020+0000] {logging_mixin.py:188} INFO - Downloaded AAPL/1766675763.json -> /tmp/minio_downloads/1766675763.json
[2025-12-25T15:22:10.036+0000] {logging_mixin.py:188} INFO - Downloaded AAPL/1766675775.json -> /tmp/minio_downloads/1766675775.json
[2025-12-25T15:22:10.051+0000] {logging_mixin.py:188} INFO - Downloaded AAPL/1766675788.json -> /tmp/minio_downloads/1766675788.json
[2025-12-25T15:22:10.066+0000] {logging_mixin.py:188} INFO - Downloaded AAPL/1766675800.json -> /tmp/minio_downloads/1766675800.json
[2025-12-25T15:22:10.079+0000] {logging_mixin.py:188} INFO - Downloaded AAPL/1766675813.json -> /tmp/minio_downloads/1766675813.json
[2025-12-25T15:22:10.094+0000] {logging_mixin.py:188} INFO - Downloaded AAPL/1766675825.json -> /tmp/minio_downloads/1766675825.json
[2025-12-25T15:22:10.108+0000] {logging_mixin.py:188} INFO - Downloaded AAPL/1766675837.json -> /tmp/minio_downloads/1766675837.json
[2025-12-25T15:22:10.122+0000] {logging_mixin.py:188} INFO - Downloaded AAPL/1766675848.json -> /tmp/minio_downloads/1766675848.json
[2025-12-25T15:22:10.136+0000] {logging_mixin.py:188} INFO - Downloaded AAPL/1766675862.json -> /tmp/minio_downloads/1766675862.json
[2025-12-25T15:22:10.151+0000] {logging_mixin.py:188} INFO - Downloaded AAPL/1766675875.json -> /tmp/minio_downloads/1766675875.json
[2025-12-25T15:22:10.164+0000] {logging_mixin.py:188} INFO - Downloaded AAPL/1766675887.json -> /tmp/minio_downloads/1766675887.json
[2025-12-25T15:22:10.179+0000] {logging_mixin.py:188} INFO - Downloaded AAPL/1766675899.json -> /tmp/minio_downloads/1766675899.json
[2025-12-25T15:22:10.196+0000] {logging_mixin.py:188} INFO - Downloaded AAPL/1766675911.json -> /tmp/minio_downloads/1766675911.json
[2025-12-25T15:22:10.210+0000] {logging_mixin.py:188} INFO - Downloaded AAPL/1766675924.json -> /tmp/minio_downloads/1766675924.json
[2025-12-25T15:22:10.226+0000] {logging_mixin.py:188} INFO - Downloaded AAPL/1766675936.json -> /tmp/minio_downloads/1766675936.json
[2025-12-25T15:22:10.241+0000] {logging_mixin.py:188} INFO - Downloaded AAPL/1766675949.json -> /tmp/minio_downloads/1766675949.json
[2025-12-25T15:22:10.255+0000] {logging_mixin.py:188} INFO - Downloaded AAPL/1766675961.json -> /tmp/minio_downloads/1766675961.json
[2025-12-25T15:22:10.269+0000] {logging_mixin.py:188} INFO - Downloaded AAPL/1766675973.json -> /tmp/minio_downloads/1766675973.json
[2025-12-25T15:22:10.284+0000] {logging_mixin.py:188} INFO - Downloaded AAPL/1766675985.json -> /tmp/minio_downloads/1766675985.json
[2025-12-25T15:22:10.297+0000] {logging_mixin.py:188} INFO - Downloaded AAPL/1766675998.json -> /tmp/minio_downloads/1766675998.json
[2025-12-25T15:22:10.312+0000] {logging_mixin.py:188} INFO - Downloaded AAPL/1766676011.json -> /tmp/minio_downloads/1766676011.json
[2025-12-25T15:22:10.325+0000] {logging_mixin.py:188} INFO - Downloaded AAPL/1766676022.json -> /tmp/minio_downloads/1766676022.json
[2025-12-25T15:22:10.338+0000] {logging_mixin.py:188} INFO - Downloaded AAPL/1766676036.json -> /tmp/minio_downloads/1766676036.json
[2025-12-25T15:22:10.354+0000] {logging_mixin.py:188} INFO - Downloaded AAPL/1766676048.json -> /tmp/minio_downloads/1766676048.json
[2025-12-25T15:22:10.369+0000] {logging_mixin.py:188} INFO - Downloaded AAPL/1766676060.json -> /tmp/minio_downloads/1766676060.json
[2025-12-25T15:22:10.387+0000] {logging_mixin.py:188} INFO - Downloaded AAPL/1766676073.json -> /tmp/minio_downloads/1766676073.json
[2025-12-25T15:22:10.403+0000] {logging_mixin.py:188} INFO - Downloaded AAPL/1766676084.json -> /tmp/minio_downloads/1766676084.json
[2025-12-25T15:22:10.416+0000] {logging_mixin.py:188} INFO - Downloaded AAPL/1766676096.json -> /tmp/minio_downloads/1766676096.json
[2025-12-25T15:22:10.429+0000] {logging_mixin.py:188} INFO - Downloaded AAPL/1766676108.json -> /tmp/minio_downloads/1766676108.json
[2025-12-25T15:22:10.443+0000] {logging_mixin.py:188} INFO - Downloaded AAPL/1766676119.json -> /tmp/minio_downloads/1766676119.json
[2025-12-25T15:22:10.459+0000] {logging_mixin.py:188} INFO - Downloaded AMZN/1766675275.json -> /tmp/minio_downloads/1766675275.json
[2025-12-25T15:22:10.473+0000] {logging_mixin.py:188} INFO - Downloaded AMZN/1766675287.json -> /tmp/minio_downloads/1766675287.json
[2025-12-25T15:22:10.489+0000] {logging_mixin.py:188} INFO - Downloaded AMZN/1766675299.json -> /tmp/minio_downloads/1766675299.json
[2025-12-25T15:22:10.504+0000] {logging_mixin.py:188} INFO - Downloaded AMZN/1766675311.json -> /tmp/minio_downloads/1766675311.json
[2025-12-25T15:22:10.518+0000] {logging_mixin.py:188} INFO - Downloaded AMZN/1766675323.json -> /tmp/minio_downloads/1766675323.json
[2025-12-25T15:22:10.533+0000] {logging_mixin.py:188} INFO - Downloaded AMZN/1766675335.json -> /tmp/minio_downloads/1766675335.json
[2025-12-25T15:22:10.546+0000] {logging_mixin.py:188} INFO - Downloaded AMZN/1766675347.json -> /tmp/minio_downloads/1766675347.json
[2025-12-25T15:22:10.563+0000] {logging_mixin.py:188} INFO - Downloaded AMZN/1766675359.json -> /tmp/minio_downloads/1766675359.json
[2025-12-25T15:22:10.577+0000] {logging_mixin.py:188} INFO - Downloaded AMZN/1766675371.json -> /tmp/minio_downloads/1766675371.json
[2025-12-25T15:22:10.591+0000] {logging_mixin.py:188} INFO - Downloaded AMZN/1766675382.json -> /tmp/minio_downloads/1766675382.json
[2025-12-25T15:22:10.605+0000] {logging_mixin.py:188} INFO - Downloaded AMZN/1766675396.json -> /tmp/minio_downloads/1766675396.json
[2025-12-25T15:22:10.619+0000] {logging_mixin.py:188} INFO - Downloaded AMZN/1766675409.json -> /tmp/minio_downloads/1766675409.json
[2025-12-25T15:22:10.633+0000] {logging_mixin.py:188} INFO - Downloaded AMZN/1766675421.json -> /tmp/minio_downloads/1766675421.json
[2025-12-25T15:22:10.653+0000] {logging_mixin.py:188} INFO - Downloaded AMZN/1766675434.json -> /tmp/minio_downloads/1766675434.json
[2025-12-25T15:22:10.666+0000] {logging_mixin.py:188} INFO - Downloaded AMZN/1766675448.json -> /tmp/minio_downloads/1766675448.json
[2025-12-25T15:22:10.680+0000] {logging_mixin.py:188} INFO - Downloaded AMZN/1766675461.json -> /tmp/minio_downloads/1766675461.json
[2025-12-25T15:22:10.694+0000] {logging_mixin.py:188} INFO - Downloaded AMZN/1766675474.json -> /tmp/minio_downloads/1766675474.json
[2025-12-25T15:22:10.707+0000] {logging_mixin.py:188} INFO - Downloaded AMZN/1766675486.json -> /tmp/minio_downloads/1766675486.json
[2025-12-25T15:22:10.721+0000] {logging_mixin.py:188} INFO - Downloaded AMZN/1766675498.json -> /tmp/minio_downloads/1766675498.json
[2025-12-25T15:22:10.735+0000] {logging_mixin.py:188} INFO - Downloaded AMZN/1766675510.json -> /tmp/minio_downloads/1766675510.json
[2025-12-25T15:22:10.749+0000] {logging_mixin.py:188} INFO - Downloaded AMZN/1766675523.json -> /tmp/minio_downloads/1766675523.json
[2025-12-25T15:22:10.763+0000] {logging_mixin.py:188} INFO - Downloaded AMZN/1766675536.json -> /tmp/minio_downloads/1766675536.json
[2025-12-25T15:22:10.777+0000] {logging_mixin.py:188} INFO - Downloaded AMZN/1766675550.json -> /tmp/minio_downloads/1766675550.json
[2025-12-25T15:22:10.792+0000] {logging_mixin.py:188} INFO - Downloaded AMZN/1766675563.json -> /tmp/minio_downloads/1766675563.json
[2025-12-25T15:22:10.807+0000] {logging_mixin.py:188} INFO - Downloaded AMZN/1766675598.json -> /tmp/minio_downloads/1766675598.json
[2025-12-25T15:22:10.824+0000] {logging_mixin.py:188} INFO - Downloaded AMZN/1766675630.json -> /tmp/minio_downloads/1766675630.json
[2025-12-25T15:22:10.839+0000] {logging_mixin.py:188} INFO - Downloaded AMZN/1766675694.json -> /tmp/minio_downloads/1766675694.json
[2025-12-25T15:22:10.855+0000] {logging_mixin.py:188} INFO - Downloaded AMZN/1766675708.json -> /tmp/minio_downloads/1766675708.json
[2025-12-25T15:22:10.873+0000] {logging_mixin.py:188} INFO - Downloaded AMZN/1766675720.json -> /tmp/minio_downloads/1766675720.json
[2025-12-25T15:22:10.888+0000] {logging_mixin.py:188} INFO - Downloaded AMZN/1766675732.json -> /tmp/minio_downloads/1766675732.json
[2025-12-25T15:22:10.904+0000] {logging_mixin.py:188} INFO - Downloaded AMZN/1766675743.json -> /tmp/minio_downloads/1766675743.json
[2025-12-25T15:22:10.920+0000] {logging_mixin.py:188} INFO - Downloaded AMZN/1766675756.json -> /tmp/minio_downloads/1766675756.json
[2025-12-25T15:22:10.935+0000] {logging_mixin.py:188} INFO - Downloaded AMZN/1766675768.json -> /tmp/minio_downloads/1766675768.json
[2025-12-25T15:22:10.949+0000] {logging_mixin.py:188} INFO - Downloaded AMZN/1766675781.json -> /tmp/minio_downloads/1766675781.json
[2025-12-25T15:22:10.966+0000] {logging_mixin.py:188} INFO - Downloaded AMZN/1766675793.json -> /tmp/minio_downloads/1766675793.json
[2025-12-25T15:22:10.982+0000] {logging_mixin.py:188} INFO - Downloaded AMZN/1766675806.json -> /tmp/minio_downloads/1766675806.json
[2025-12-25T15:22:10.998+0000] {logging_mixin.py:188} INFO - Downloaded AMZN/1766675817.json -> /tmp/minio_downloads/1766675817.json
[2025-12-25T15:22:11.013+0000] {logging_mixin.py:188} INFO - Downloaded AMZN/1766675830.json -> /tmp/minio_downloads/1766675830.json
[2025-12-25T15:22:11.028+0000] {logging_mixin.py:188} INFO - Downloaded AMZN/1766675841.json -> /tmp/minio_downloads/1766675841.json
[2025-12-25T15:22:11.042+0000] {logging_mixin.py:188} INFO - Downloaded AMZN/1766675855.json -> /tmp/minio_downloads/1766675855.json
[2025-12-25T15:22:11.057+0000] {logging_mixin.py:188} INFO - Downloaded AMZN/1766675868.json -> /tmp/minio_downloads/1766675868.json
[2025-12-25T15:22:11.070+0000] {logging_mixin.py:188} INFO - Downloaded AMZN/1766675880.json -> /tmp/minio_downloads/1766675880.json
[2025-12-25T15:22:11.087+0000] {logging_mixin.py:188} INFO - Downloaded AMZN/1766675892.json -> /tmp/minio_downloads/1766675892.json
[2025-12-25T15:22:11.103+0000] {logging_mixin.py:188} INFO - Downloaded AMZN/1766675904.json -> /tmp/minio_downloads/1766675904.json
[2025-12-25T15:22:11.119+0000] {logging_mixin.py:188} INFO - Downloaded AMZN/1766675916.json -> /tmp/minio_downloads/1766675916.json
[2025-12-25T15:22:11.134+0000] {logging_mixin.py:188} INFO - Downloaded AMZN/1766675929.json -> /tmp/minio_downloads/1766675929.json
[2025-12-25T15:22:11.148+0000] {logging_mixin.py:188} INFO - Downloaded AMZN/1766675942.json -> /tmp/minio_downloads/1766675942.json
[2025-12-25T15:22:11.164+0000] {logging_mixin.py:188} INFO - Downloaded AMZN/1766675954.json -> /tmp/minio_downloads/1766675954.json
[2025-12-25T15:22:11.179+0000] {logging_mixin.py:188} INFO - Downloaded AMZN/1766675966.json -> /tmp/minio_downloads/1766675966.json
[2025-12-25T15:22:11.197+0000] {logging_mixin.py:188} INFO - Downloaded AMZN/1766675978.json -> /tmp/minio_downloads/1766675978.json
[2025-12-25T15:22:11.213+0000] {logging_mixin.py:188} INFO - Downloaded AMZN/1766675991.json -> /tmp/minio_downloads/1766675991.json
[2025-12-25T15:22:11.228+0000] {logging_mixin.py:188} INFO - Downloaded AMZN/1766676003.json -> /tmp/minio_downloads/1766676003.json
[2025-12-25T15:22:11.242+0000] {logging_mixin.py:188} INFO - Downloaded AMZN/1766676015.json -> /tmp/minio_downloads/1766676015.json
[2025-12-25T15:22:11.256+0000] {logging_mixin.py:188} INFO - Downloaded AMZN/1766676028.json -> /tmp/minio_downloads/1766676028.json
[2025-12-25T15:22:11.271+0000] {logging_mixin.py:188} INFO - Downloaded AMZN/1766676041.json -> /tmp/minio_downloads/1766676041.json
[2025-12-25T15:22:11.289+0000] {logging_mixin.py:188} INFO - Downloaded AMZN/1766676053.json -> /tmp/minio_downloads/1766676053.json
[2025-12-25T15:22:11.307+0000] {logging_mixin.py:188} INFO - Downloaded AMZN/1766676065.json -> /tmp/minio_downloads/1766676065.json
[2025-12-25T15:22:11.320+0000] {logging_mixin.py:188} INFO - Downloaded AMZN/1766676077.json -> /tmp/minio_downloads/1766676077.json
[2025-12-25T15:22:11.334+0000] {logging_mixin.py:188} INFO - Downloaded AMZN/1766676089.json -> /tmp/minio_downloads/1766676089.json
[2025-12-25T15:22:11.350+0000] {logging_mixin.py:188} INFO - Downloaded AMZN/1766676101.json -> /tmp/minio_downloads/1766676101.json
[2025-12-25T15:22:11.364+0000] {logging_mixin.py:188} INFO - Downloaded AMZN/1766676112.json -> /tmp/minio_downloads/1766676112.json
[2025-12-25T15:22:11.378+0000] {logging_mixin.py:188} INFO - Downloaded AMZN/1766676124.json -> /tmp/minio_downloads/1766676124.json
[2025-12-25T15:22:11.391+0000] {logging_mixin.py:188} INFO - Downloaded GOOGL/1766675274.json -> /tmp/minio_downloads/1766675274.json
[2025-12-25T15:22:11.405+0000] {logging_mixin.py:188} INFO - Downloaded GOOGL/1766675286.json -> /tmp/minio_downloads/1766675286.json
[2025-12-25T15:22:11.418+0000] {logging_mixin.py:188} INFO - Downloaded GOOGL/1766675298.json -> /tmp/minio_downloads/1766675298.json
[2025-12-25T15:22:11.432+0000] {logging_mixin.py:188} INFO - Downloaded GOOGL/1766675309.json -> /tmp/minio_downloads/1766675309.json
[2025-12-25T15:22:11.448+0000] {logging_mixin.py:188} INFO - Downloaded GOOGL/1766675322.json -> /tmp/minio_downloads/1766675322.json
[2025-12-25T15:22:11.462+0000] {logging_mixin.py:188} INFO - Downloaded GOOGL/1766675334.json -> /tmp/minio_downloads/1766675334.json
[2025-12-25T15:22:11.476+0000] {logging_mixin.py:188} INFO - Downloaded GOOGL/1766675346.json -> /tmp/minio_downloads/1766675346.json
[2025-12-25T15:22:11.491+0000] {logging_mixin.py:188} INFO - Downloaded GOOGL/1766675358.json -> /tmp/minio_downloads/1766675358.json
[2025-12-25T15:22:11.508+0000] {logging_mixin.py:188} INFO - Downloaded GOOGL/1766675370.json -> /tmp/minio_downloads/1766675370.json
[2025-12-25T15:22:11.522+0000] {logging_mixin.py:188} INFO - Downloaded GOOGL/1766675381.json -> /tmp/minio_downloads/1766675381.json
[2025-12-25T15:22:11.536+0000] {logging_mixin.py:188} INFO - Downloaded GOOGL/1766675395.json -> /tmp/minio_downloads/1766675395.json
[2025-12-25T15:22:11.549+0000] {logging_mixin.py:188} INFO - Downloaded GOOGL/1766675408.json -> /tmp/minio_downloads/1766675408.json
[2025-12-25T15:22:11.563+0000] {logging_mixin.py:188} INFO - Downloaded GOOGL/1766675420.json -> /tmp/minio_downloads/1766675420.json
[2025-12-25T15:22:11.577+0000] {logging_mixin.py:188} INFO - Downloaded GOOGL/1766675433.json -> /tmp/minio_downloads/1766675433.json
[2025-12-25T15:22:11.594+0000] {logging_mixin.py:188} INFO - Downloaded GOOGL/1766675446.json -> /tmp/minio_downloads/1766675446.json
[2025-12-25T15:22:11.613+0000] {logging_mixin.py:188} INFO - Downloaded GOOGL/1766675460.json -> /tmp/minio_downloads/1766675460.json
[2025-12-25T15:22:11.627+0000] {logging_mixin.py:188} INFO - Downloaded GOOGL/1766675473.json -> /tmp/minio_downloads/1766675473.json
[2025-12-25T15:22:11.640+0000] {logging_mixin.py:188} INFO - Downloaded GOOGL/1766675485.json -> /tmp/minio_downloads/1766675485.json
[2025-12-25T15:22:11.656+0000] {logging_mixin.py:188} INFO - Downloaded GOOGL/1766675497.json -> /tmp/minio_downloads/1766675497.json
[2025-12-25T15:22:11.670+0000] {logging_mixin.py:188} INFO - Downloaded GOOGL/1766675509.json -> /tmp/minio_downloads/1766675509.json
[2025-12-25T15:22:11.686+0000] {logging_mixin.py:188} INFO - Downloaded GOOGL/1766675521.json -> /tmp/minio_downloads/1766675521.json
[2025-12-25T15:22:11.704+0000] {logging_mixin.py:188} INFO - Downloaded GOOGL/1766675534.json -> /tmp/minio_downloads/1766675534.json
[2025-12-25T15:22:11.722+0000] {logging_mixin.py:188} INFO - Downloaded GOOGL/1766675546.json -> /tmp/minio_downloads/1766675546.json
[2025-12-25T15:22:11.740+0000] {logging_mixin.py:188} INFO - Downloaded GOOGL/1766675561.json -> /tmp/minio_downloads/1766675561.json
[2025-12-25T15:22:11.755+0000] {logging_mixin.py:188} INFO - Downloaded GOOGL/1766675597.json -> /tmp/minio_downloads/1766675597.json
[2025-12-25T15:22:11.771+0000] {logging_mixin.py:188} INFO - Downloaded GOOGL/1766675629.json -> /tmp/minio_downloads/1766675629.json
[2025-12-25T15:22:11.786+0000] {logging_mixin.py:188} INFO - Downloaded GOOGL/1766675692.json -> /tmp/minio_downloads/1766675692.json
[2025-12-25T15:22:11.799+0000] {logging_mixin.py:188} INFO - Downloaded GOOGL/1766675706.json -> /tmp/minio_downloads/1766675706.json
[2025-12-25T15:22:11.812+0000] {logging_mixin.py:188} INFO - Downloaded GOOGL/1766675719.json -> /tmp/minio_downloads/1766675719.json
[2025-12-25T15:22:11.824+0000] {logging_mixin.py:188} INFO - Downloaded GOOGL/1766675731.json -> /tmp/minio_downloads/1766675731.json
[2025-12-25T15:22:11.837+0000] {logging_mixin.py:188} INFO - Downloaded GOOGL/1766675742.json -> /tmp/minio_downloads/1766675742.json
[2025-12-25T15:22:11.853+0000] {logging_mixin.py:188} INFO - Downloaded GOOGL/1766675754.json -> /tmp/minio_downloads/1766675754.json
[2025-12-25T15:22:11.866+0000] {logging_mixin.py:188} INFO - Downloaded GOOGL/1766675767.json -> /tmp/minio_downloads/1766675767.json
[2025-12-25T15:22:11.880+0000] {logging_mixin.py:188} INFO - Downloaded GOOGL/1766675779.json -> /tmp/minio_downloads/1766675779.json
[2025-12-25T15:22:11.896+0000] {logging_mixin.py:188} INFO - Downloaded GOOGL/1766675792.json -> /tmp/minio_downloads/1766675792.json
[2025-12-25T15:22:11.909+0000] {logging_mixin.py:188} INFO - Downloaded GOOGL/1766675804.json -> /tmp/minio_downloads/1766675804.json
[2025-12-25T15:22:11.925+0000] {logging_mixin.py:188} INFO - Downloaded GOOGL/1766675816.json -> /tmp/minio_downloads/1766675816.json
[2025-12-25T15:22:11.938+0000] {logging_mixin.py:188} INFO - Downloaded GOOGL/1766675828.json -> /tmp/minio_downloads/1766675828.json
[2025-12-25T15:22:11.952+0000] {logging_mixin.py:188} INFO - Downloaded GOOGL/1766675840.json -> /tmp/minio_downloads/1766675840.json
[2025-12-25T15:22:11.969+0000] {logging_mixin.py:188} INFO - Downloaded GOOGL/1766675853.json -> /tmp/minio_downloads/1766675853.json
[2025-12-25T15:22:11.983+0000] {logging_mixin.py:188} INFO - Downloaded GOOGL/1766675867.json -> /tmp/minio_downloads/1766675867.json
[2025-12-25T15:22:11.995+0000] {logging_mixin.py:188} INFO - Downloaded GOOGL/1766675879.json -> /tmp/minio_downloads/1766675879.json
[2025-12-25T15:22:12.009+0000] {logging_mixin.py:188} INFO - Downloaded GOOGL/1766675890.json -> /tmp/minio_downloads/1766675890.json
[2025-12-25T15:22:12.022+0000] {logging_mixin.py:188} INFO - Downloaded GOOGL/1766675902.json -> /tmp/minio_downloads/1766675902.json
[2025-12-25T15:22:12.037+0000] {logging_mixin.py:188} INFO - Downloaded GOOGL/1766675915.json -> /tmp/minio_downloads/1766675915.json
[2025-12-25T15:22:12.049+0000] {logging_mixin.py:188} INFO - Downloaded GOOGL/1766675928.json -> /tmp/minio_downloads/1766675928.json
[2025-12-25T15:22:12.062+0000] {logging_mixin.py:188} INFO - Downloaded GOOGL/1766675940.json -> /tmp/minio_downloads/1766675940.json
[2025-12-25T15:22:12.074+0000] {logging_mixin.py:188} INFO - Downloaded GOOGL/1766675952.json -> /tmp/minio_downloads/1766675952.json
[2025-12-25T15:22:12.087+0000] {logging_mixin.py:188} INFO - Downloaded GOOGL/1766675964.json -> /tmp/minio_downloads/1766675964.json
[2025-12-25T15:22:12.100+0000] {logging_mixin.py:188} INFO - Downloaded GOOGL/1766675977.json -> /tmp/minio_downloads/1766675977.json
[2025-12-25T15:22:12.118+0000] {logging_mixin.py:188} INFO - Downloaded GOOGL/1766675989.json -> /tmp/minio_downloads/1766675989.json
[2025-12-25T15:22:12.134+0000] {logging_mixin.py:188} INFO - Downloaded GOOGL/1766676002.json -> /tmp/minio_downloads/1766676002.json
[2025-12-25T15:22:12.148+0000] {logging_mixin.py:188} INFO - Downloaded GOOGL/1766676014.json -> /tmp/minio_downloads/1766676014.json
[2025-12-25T15:22:12.162+0000] {logging_mixin.py:188} INFO - Downloaded GOOGL/1766676026.json -> /tmp/minio_downloads/1766676026.json
[2025-12-25T15:22:12.174+0000] {logging_mixin.py:188} INFO - Downloaded GOOGL/1766676040.json -> /tmp/minio_downloads/1766676040.json
[2025-12-25T15:22:12.187+0000] {logging_mixin.py:188} INFO - Downloaded GOOGL/1766676052.json -> /tmp/minio_downloads/1766676052.json
[2025-12-25T15:22:12.201+0000] {logging_mixin.py:188} INFO - Downloaded GOOGL/1766676064.json -> /tmp/minio_downloads/1766676064.json
[2025-12-25T15:22:12.215+0000] {logging_mixin.py:188} INFO - Downloaded GOOGL/1766676076.json -> /tmp/minio_downloads/1766676076.json
[2025-12-25T15:22:12.228+0000] {logging_mixin.py:188} INFO - Downloaded GOOGL/1766676088.json -> /tmp/minio_downloads/1766676088.json
[2025-12-25T15:22:12.248+0000] {logging_mixin.py:188} INFO - Downloaded GOOGL/1766676099.json -> /tmp/minio_downloads/1766676099.json
[2025-12-25T15:22:12.263+0000] {logging_mixin.py:188} INFO - Downloaded GOOGL/1766676111.json -> /tmp/minio_downloads/1766676111.json
[2025-12-25T15:22:12.277+0000] {logging_mixin.py:188} INFO - Downloaded GOOGL/1766676123.json -> /tmp/minio_downloads/1766676123.json
[2025-12-25T15:22:12.293+0000] {logging_mixin.py:188} INFO - Downloaded MSFT/1766675271.json -> /tmp/minio_downloads/1766675271.json
[2025-12-25T15:22:12.307+0000] {logging_mixin.py:188} INFO - Downloaded MSFT/1766675284.json -> /tmp/minio_downloads/1766675284.json
[2025-12-25T15:22:12.321+0000] {logging_mixin.py:188} INFO - Downloaded MSFT/1766675295.json -> /tmp/minio_downloads/1766675295.json
[2025-12-25T15:22:12.334+0000] {logging_mixin.py:188} INFO - Downloaded MSFT/1766675307.json -> /tmp/minio_downloads/1766675307.json
[2025-12-25T15:22:12.349+0000] {logging_mixin.py:188} INFO - Downloaded MSFT/1766675319.json -> /tmp/minio_downloads/1766675319.json
[2025-12-25T15:22:12.362+0000] {logging_mixin.py:188} INFO - Downloaded MSFT/1766675331.json -> /tmp/minio_downloads/1766675331.json
[2025-12-25T15:22:12.376+0000] {logging_mixin.py:188} INFO - Downloaded MSFT/1766675343.json -> /tmp/minio_downloads/1766675343.json
[2025-12-25T15:22:12.400+0000] {logging_mixin.py:188} INFO - Downloaded MSFT/1766675356.json -> /tmp/minio_downloads/1766675356.json
[2025-12-25T15:22:12.414+0000] {logging_mixin.py:188} INFO - Downloaded MSFT/1766675368.json -> /tmp/minio_downloads/1766675368.json
[2025-12-25T15:22:12.429+0000] {logging_mixin.py:188} INFO - Downloaded MSFT/1766675379.json -> /tmp/minio_downloads/1766675379.json
[2025-12-25T15:22:12.444+0000] {logging_mixin.py:188} INFO - Downloaded MSFT/1766675392.json -> /tmp/minio_downloads/1766675392.json
[2025-12-25T15:22:12.458+0000] {logging_mixin.py:188} INFO - Downloaded MSFT/1766675405.json -> /tmp/minio_downloads/1766675405.json
[2025-12-25T15:22:12.470+0000] {logging_mixin.py:188} INFO - Downloaded MSFT/1766675418.json -> /tmp/minio_downloads/1766675418.json
[2025-12-25T15:22:12.487+0000] {logging_mixin.py:188} INFO - Downloaded MSFT/1766675430.json -> /tmp/minio_downloads/1766675430.json
[2025-12-25T15:22:12.500+0000] {logging_mixin.py:188} INFO - Downloaded MSFT/1766675443.json -> /tmp/minio_downloads/1766675443.json
[2025-12-25T15:22:12.517+0000] {logging_mixin.py:188} INFO - Downloaded MSFT/1766675457.json -> /tmp/minio_downloads/1766675457.json
[2025-12-25T15:22:12.530+0000] {logging_mixin.py:188} INFO - Downloaded MSFT/1766675470.json -> /tmp/minio_downloads/1766675470.json
[2025-12-25T15:22:12.543+0000] {logging_mixin.py:188} INFO - Downloaded MSFT/1766675482.json -> /tmp/minio_downloads/1766675482.json
[2025-12-25T15:22:12.556+0000] {logging_mixin.py:188} INFO - Downloaded MSFT/1766675495.json -> /tmp/minio_downloads/1766675495.json
[2025-12-25T15:22:12.569+0000] {logging_mixin.py:188} INFO - Downloaded MSFT/1766675506.json -> /tmp/minio_downloads/1766675506.json
[2025-12-25T15:22:12.582+0000] {logging_mixin.py:188} INFO - Downloaded MSFT/1766675519.json -> /tmp/minio_downloads/1766675519.json
[2025-12-25T15:22:12.595+0000] {logging_mixin.py:188} INFO - Downloaded MSFT/1766675532.json -> /tmp/minio_downloads/1766675532.json
[2025-12-25T15:22:12.609+0000] {logging_mixin.py:188} INFO - Downloaded MSFT/1766675544.json -> /tmp/minio_downloads/1766675544.json
[2025-12-25T15:22:12.623+0000] {logging_mixin.py:188} INFO - Downloaded MSFT/1766675558.json -> /tmp/minio_downloads/1766675558.json
[2025-12-25T15:22:12.641+0000] {logging_mixin.py:188} INFO - Downloaded MSFT/1766675595.json -> /tmp/minio_downloads/1766675595.json
[2025-12-25T15:22:12.657+0000] {logging_mixin.py:188} INFO - Downloaded MSFT/1766675627.json -> /tmp/minio_downloads/1766675627.json
[2025-12-25T15:22:12.670+0000] {logging_mixin.py:188} INFO - Downloaded MSFT/1766675639.json -> /tmp/minio_downloads/1766675639.json
[2025-12-25T15:22:12.684+0000] {logging_mixin.py:188} INFO - Downloaded MSFT/1766675703.json -> /tmp/minio_downloads/1766675703.json
[2025-12-25T15:22:12.698+0000] {logging_mixin.py:188} INFO - Downloaded MSFT/1766675717.json -> /tmp/minio_downloads/1766675717.json
[2025-12-25T15:22:12.712+0000] {logging_mixin.py:188} INFO - Downloaded MSFT/1766675728.json -> /tmp/minio_downloads/1766675728.json
[2025-12-25T15:22:12.726+0000] {logging_mixin.py:188} INFO - Downloaded MSFT/1766675740.json -> /tmp/minio_downloads/1766675740.json
[2025-12-25T15:22:12.740+0000] {logging_mixin.py:188} INFO - Downloaded MSFT/1766675752.json -> /tmp/minio_downloads/1766675752.json
[2025-12-25T15:22:12.754+0000] {logging_mixin.py:188} INFO - Downloaded MSFT/1766675764.json -> /tmp/minio_downloads/1766675764.json
[2025-12-25T15:22:12.769+0000] {logging_mixin.py:188} INFO - Downloaded MSFT/1766675777.json -> /tmp/minio_downloads/1766675777.json
[2025-12-25T15:22:12.783+0000] {logging_mixin.py:188} INFO - Downloaded MSFT/1766675789.json -> /tmp/minio_downloads/1766675789.json
[2025-12-25T15:22:12.797+0000] {logging_mixin.py:188} INFO - Downloaded MSFT/1766675802.json -> /tmp/minio_downloads/1766675802.json
[2025-12-25T15:22:12.811+0000] {logging_mixin.py:188} INFO - Downloaded MSFT/1766675814.json -> /tmp/minio_downloads/1766675814.json
[2025-12-25T15:22:12.825+0000] {logging_mixin.py:188} INFO - Downloaded MSFT/1766675826.json -> /tmp/minio_downloads/1766675826.json
[2025-12-25T15:22:12.838+0000] {logging_mixin.py:188} INFO - Downloaded MSFT/1766675838.json -> /tmp/minio_downloads/1766675838.json
[2025-12-25T15:22:12.852+0000] {logging_mixin.py:188} INFO - Downloaded MSFT/1766675850.json -> /tmp/minio_downloads/1766675850.json
[2025-12-25T15:22:12.865+0000] {logging_mixin.py:188} INFO - Downloaded MSFT/1766675863.json -> /tmp/minio_downloads/1766675863.json
[2025-12-25T15:22:12.879+0000] {logging_mixin.py:188} INFO - Downloaded MSFT/1766675876.json -> /tmp/minio_downloads/1766675876.json
[2025-12-25T15:22:12.892+0000] {logging_mixin.py:188} INFO - Downloaded MSFT/1766675888.json -> /tmp/minio_downloads/1766675888.json
[2025-12-25T15:22:12.906+0000] {logging_mixin.py:188} INFO - Downloaded MSFT/1766675900.json -> /tmp/minio_downloads/1766675900.json
[2025-12-25T15:22:12.919+0000] {logging_mixin.py:188} INFO - Downloaded MSFT/1766675912.json -> /tmp/minio_downloads/1766675912.json
[2025-12-25T15:22:12.933+0000] {logging_mixin.py:188} INFO - Downloaded MSFT/1766675925.json -> /tmp/minio_downloads/1766675925.json
[2025-12-25T15:22:12.946+0000] {logging_mixin.py:188} INFO - Downloaded MSFT/1766675938.json -> /tmp/minio_downloads/1766675938.json
[2025-12-25T15:22:12.959+0000] {logging_mixin.py:188} INFO - Downloaded MSFT/1766675950.json -> /tmp/minio_downloads/1766675950.json
[2025-12-25T15:22:12.976+0000] {logging_mixin.py:188} INFO - Downloaded MSFT/1766675962.json -> /tmp/minio_downloads/1766675962.json
[2025-12-25T15:22:12.990+0000] {logging_mixin.py:188} INFO - Downloaded MSFT/1766675974.json -> /tmp/minio_downloads/1766675974.json
[2025-12-25T15:22:13.003+0000] {logging_mixin.py:188} INFO - Downloaded MSFT/1766675987.json -> /tmp/minio_downloads/1766675987.json
[2025-12-25T15:22:13.016+0000] {logging_mixin.py:188} INFO - Downloaded MSFT/1766676000.json -> /tmp/minio_downloads/1766676000.json
[2025-12-25T15:22:13.030+0000] {logging_mixin.py:188} INFO - Downloaded MSFT/1766676012.json -> /tmp/minio_downloads/1766676012.json
[2025-12-25T15:22:13.043+0000] {logging_mixin.py:188} INFO - Downloaded MSFT/1766676024.json -> /tmp/minio_downloads/1766676024.json
[2025-12-25T15:22:13.056+0000] {logging_mixin.py:188} INFO - Downloaded MSFT/1766676037.json -> /tmp/minio_downloads/1766676037.json
[2025-12-25T15:22:13.070+0000] {logging_mixin.py:188} INFO - Downloaded MSFT/1766676050.json -> /tmp/minio_downloads/1766676050.json
[2025-12-25T15:22:13.083+0000] {logging_mixin.py:188} INFO - Downloaded MSFT/1766676062.json -> /tmp/minio_downloads/1766676062.json
[2025-12-25T15:22:13.096+0000] {logging_mixin.py:188} INFO - Downloaded MSFT/1766676074.json -> /tmp/minio_downloads/1766676074.json
[2025-12-25T15:22:13.108+0000] {logging_mixin.py:188} INFO - Downloaded MSFT/1766676085.json -> /tmp/minio_downloads/1766676085.json
[2025-12-25T15:22:13.120+0000] {logging_mixin.py:188} INFO - Downloaded MSFT/1766676097.json -> /tmp/minio_downloads/1766676097.json
[2025-12-25T15:22:13.138+0000] {logging_mixin.py:188} INFO - Downloaded MSFT/1766676109.json -> /tmp/minio_downloads/1766676109.json
[2025-12-25T15:22:13.151+0000] {logging_mixin.py:188} INFO - Downloaded MSFT/1766676120.json -> /tmp/minio_downloads/1766676120.json
[2025-12-25T15:22:13.165+0000] {logging_mixin.py:188} INFO - Downloaded TSLA/1766675273.json -> /tmp/minio_downloads/1766675273.json
[2025-12-25T15:22:13.182+0000] {logging_mixin.py:188} INFO - Downloaded TSLA/1766675285.json -> /tmp/minio_downloads/1766675285.json
[2025-12-25T15:22:13.195+0000] {logging_mixin.py:188} INFO - Downloaded TSLA/1766675296.json -> /tmp/minio_downloads/1766675296.json
[2025-12-25T15:22:13.214+0000] {logging_mixin.py:188} INFO - Downloaded TSLA/1766675308.json -> /tmp/minio_downloads/1766675308.json
[2025-12-25T15:22:13.232+0000] {logging_mixin.py:188} INFO - Downloaded TSLA/1766675320.json -> /tmp/minio_downloads/1766675320.json
[2025-12-25T15:22:13.245+0000] {logging_mixin.py:188} INFO - Downloaded TSLA/1766675332.json -> /tmp/minio_downloads/1766675332.json
[2025-12-25T15:22:13.258+0000] {logging_mixin.py:188} INFO - Downloaded TSLA/1766675345.json -> /tmp/minio_downloads/1766675345.json
[2025-12-25T15:22:13.281+0000] {logging_mixin.py:188} INFO - Downloaded TSLA/1766675357.json -> /tmp/minio_downloads/1766675357.json
[2025-12-25T15:22:13.299+0000] {logging_mixin.py:188} INFO - Downloaded TSLA/1766675369.json -> /tmp/minio_downloads/1766675369.json
[2025-12-25T15:22:13.312+0000] {logging_mixin.py:188} INFO - Downloaded TSLA/1766675380.json -> /tmp/minio_downloads/1766675380.json
[2025-12-25T15:22:13.324+0000] {logging_mixin.py:188} INFO - Downloaded TSLA/1766675394.json -> /tmp/minio_downloads/1766675394.json
[2025-12-25T15:22:13.338+0000] {logging_mixin.py:188} INFO - Downloaded TSLA/1766675407.json -> /tmp/minio_downloads/1766675407.json
[2025-12-25T15:22:13.353+0000] {logging_mixin.py:188} INFO - Downloaded TSLA/1766675419.json -> /tmp/minio_downloads/1766675419.json
[2025-12-25T15:22:13.368+0000] {logging_mixin.py:188} INFO - Downloaded TSLA/1766675431.json -> /tmp/minio_downloads/1766675431.json
[2025-12-25T15:22:13.381+0000] {logging_mixin.py:188} INFO - Downloaded TSLA/1766675445.json -> /tmp/minio_downloads/1766675445.json
[2025-12-25T15:22:13.393+0000] {logging_mixin.py:188} INFO - Downloaded TSLA/1766675458.json -> /tmp/minio_downloads/1766675458.json
[2025-12-25T15:22:13.404+0000] {logging_mixin.py:188} INFO - Downloaded TSLA/1766675471.json -> /tmp/minio_downloads/1766675471.json
[2025-12-25T15:22:13.417+0000] {logging_mixin.py:188} INFO - Downloaded TSLA/1766675484.json -> /tmp/minio_downloads/1766675484.json
[2025-12-25T15:22:13.430+0000] {logging_mixin.py:188} INFO - Downloaded TSLA/1766675496.json -> /tmp/minio_downloads/1766675496.json
[2025-12-25T15:22:13.442+0000] {logging_mixin.py:188} INFO - Downloaded TSLA/1766675507.json -> /tmp/minio_downloads/1766675507.json
[2025-12-25T15:22:13.454+0000] {logging_mixin.py:188} INFO - Downloaded TSLA/1766675520.json -> /tmp/minio_downloads/1766675520.json
[2025-12-25T15:22:13.467+0000] {logging_mixin.py:188} INFO - Downloaded TSLA/1766675533.json -> /tmp/minio_downloads/1766675533.json
[2025-12-25T15:22:13.482+0000] {logging_mixin.py:188} INFO - Downloaded TSLA/1766675545.json -> /tmp/minio_downloads/1766675545.json
[2025-12-25T15:22:13.495+0000] {logging_mixin.py:188} INFO - Downloaded TSLA/1766675560.json -> /tmp/minio_downloads/1766675560.json
[2025-12-25T15:22:13.507+0000] {logging_mixin.py:188} INFO - Downloaded TSLA/1766675596.json -> /tmp/minio_downloads/1766675596.json
[2025-12-25T15:22:13.520+0000] {logging_mixin.py:188} INFO - Downloaded TSLA/1766675628.json -> /tmp/minio_downloads/1766675628.json
[2025-12-25T15:22:13.536+0000] {logging_mixin.py:188} INFO - Downloaded TSLA/1766675691.json -> /tmp/minio_downloads/1766675691.json
[2025-12-25T15:22:13.549+0000] {logging_mixin.py:188} INFO - Downloaded TSLA/1766675704.json -> /tmp/minio_downloads/1766675704.json
[2025-12-25T15:22:13.560+0000] {logging_mixin.py:188} INFO - Downloaded TSLA/1766675718.json -> /tmp/minio_downloads/1766675718.json
[2025-12-25T15:22:13.572+0000] {logging_mixin.py:188} INFO - Downloaded TSLA/1766675729.json -> /tmp/minio_downloads/1766675729.json
[2025-12-25T15:22:13.583+0000] {logging_mixin.py:188} INFO - Downloaded TSLA/1766675741.json -> /tmp/minio_downloads/1766675741.json
[2025-12-25T15:22:13.595+0000] {logging_mixin.py:188} INFO - Downloaded TSLA/1766675753.json -> /tmp/minio_downloads/1766675753.json
[2025-12-25T15:22:13.607+0000] {logging_mixin.py:188} INFO - Downloaded TSLA/1766675765.json -> /tmp/minio_downloads/1766675765.json
[2025-12-25T15:22:13.619+0000] {logging_mixin.py:188} INFO - Downloaded TSLA/1766675778.json -> /tmp/minio_downloads/1766675778.json
[2025-12-25T15:22:13.632+0000] {logging_mixin.py:188} INFO - Downloaded TSLA/1766675790.json -> /tmp/minio_downloads/1766675790.json
[2025-12-25T15:22:13.648+0000] {logging_mixin.py:188} INFO - Downloaded TSLA/1766675803.json -> /tmp/minio_downloads/1766675803.json
[2025-12-25T15:22:13.660+0000] {logging_mixin.py:188} INFO - Downloaded TSLA/1766675815.json -> /tmp/minio_downloads/1766675815.json
[2025-12-25T15:22:13.672+0000] {logging_mixin.py:188} INFO - Downloaded TSLA/1766675827.json -> /tmp/minio_downloads/1766675827.json
[2025-12-25T15:22:13.685+0000] {logging_mixin.py:188} INFO - Downloaded TSLA/1766675839.json -> /tmp/minio_downloads/1766675839.json
[2025-12-25T15:22:13.697+0000] {logging_mixin.py:188} INFO - Downloaded TSLA/1766675852.json -> /tmp/minio_downloads/1766675852.json
[2025-12-25T15:22:13.709+0000] {logging_mixin.py:188} INFO - Downloaded TSLA/1766675865.json -> /tmp/minio_downloads/1766675865.json
[2025-12-25T15:22:13.721+0000] {logging_mixin.py:188} INFO - Downloaded TSLA/1766675877.json -> /tmp/minio_downloads/1766675877.json
[2025-12-25T15:22:13.732+0000] {logging_mixin.py:188} INFO - Downloaded TSLA/1766675889.json -> /tmp/minio_downloads/1766675889.json
[2025-12-25T15:22:13.744+0000] {logging_mixin.py:188} INFO - Downloaded TSLA/1766675901.json -> /tmp/minio_downloads/1766675901.json
[2025-12-25T15:22:13.758+0000] {logging_mixin.py:188} INFO - Downloaded TSLA/1766675914.json -> /tmp/minio_downloads/1766675914.json
[2025-12-25T15:22:13.770+0000] {logging_mixin.py:188} INFO - Downloaded TSLA/1766675927.json -> /tmp/minio_downloads/1766675927.json
[2025-12-25T15:22:13.782+0000] {logging_mixin.py:188} INFO - Downloaded TSLA/1766675939.json -> /tmp/minio_downloads/1766675939.json
[2025-12-25T15:22:13.794+0000] {logging_mixin.py:188} INFO - Downloaded TSLA/1766675951.json -> /tmp/minio_downloads/1766675951.json
[2025-12-25T15:22:13.808+0000] {logging_mixin.py:188} INFO - Downloaded TSLA/1766675963.json -> /tmp/minio_downloads/1766675963.json
[2025-12-25T15:22:13.821+0000] {logging_mixin.py:188} INFO - Downloaded TSLA/1766675975.json -> /tmp/minio_downloads/1766675975.json
[2025-12-25T15:22:13.834+0000] {logging_mixin.py:188} INFO - Downloaded TSLA/1766675988.json -> /tmp/minio_downloads/1766675988.json
[2025-12-25T15:22:13.845+0000] {logging_mixin.py:188} INFO - Downloaded TSLA/1766676001.json -> /tmp/minio_downloads/1766676001.json
[2025-12-25T15:22:13.857+0000] {logging_mixin.py:188} INFO - Downloaded TSLA/1766676013.json -> /tmp/minio_downloads/1766676013.json
[2025-12-25T15:22:13.869+0000] {logging_mixin.py:188} INFO - Downloaded TSLA/1766676025.json -> /tmp/minio_downloads/1766676025.json
[2025-12-25T15:22:13.883+0000] {logging_mixin.py:188} INFO - Downloaded TSLA/1766676038.json -> /tmp/minio_downloads/1766676038.json
[2025-12-25T15:22:13.894+0000] {logging_mixin.py:188} INFO - Downloaded TSLA/1766676051.json -> /tmp/minio_downloads/1766676051.json
[2025-12-25T15:22:13.908+0000] {logging_mixin.py:188} INFO - Downloaded TSLA/1766676063.json -> /tmp/minio_downloads/1766676063.json
[2025-12-25T15:22:13.920+0000] {logging_mixin.py:188} INFO - Downloaded TSLA/1766676075.json -> /tmp/minio_downloads/1766676075.json
[2025-12-25T15:22:13.932+0000] {logging_mixin.py:188} INFO - Downloaded TSLA/1766676086.json -> /tmp/minio_downloads/1766676086.json
[2025-12-25T15:22:13.943+0000] {logging_mixin.py:188} INFO - Downloaded TSLA/1766676098.json -> /tmp/minio_downloads/1766676098.json
[2025-12-25T15:22:13.955+0000] {logging_mixin.py:188} INFO - Downloaded TSLA/1766676110.json -> /tmp/minio_downloads/1766676110.json
[2025-12-25T15:22:13.967+0000] {logging_mixin.py:188} INFO - Downloaded TSLA/1766676121.json -> /tmp/minio_downloads/1766676121.json
[2025-12-25T15:22:13.969+0000] {python.py:237} INFO - Done. Returned value was: ['/tmp/minio_downloads/1766675270.json', '/tmp/minio_downloads/1766675282.json', '/tmp/minio_downloads/1766675294.json', '/tmp/minio_downloads/1766675306.json', '/tmp/minio_downloads/1766675318.json', '/tmp/minio_downloads/1766675330.json', '/tmp/minio_downloads/1766675342.json', '/tmp/minio_downloads/1766675354.json', '/tmp/minio_downloads/1766675366.json', '/tmp/minio_downloads/1766675378.json', '/tmp/minio_downloads/1766675390.json', '/tmp/minio_downloads/1766675404.json', '/tmp/minio_downloads/1766675416.json', '/tmp/minio_downloads/1766675428.json', '/tmp/minio_downloads/1766675442.json', '/tmp/minio_downloads/1766675456.json', '/tmp/minio_downloads/1766675469.json', '/tmp/minio_downloads/1766675481.json', '/tmp/minio_downloads/1766675493.json', '/tmp/minio_downloads/1766675505.json', '/tmp/minio_downloads/1766675517.json', '/tmp/minio_downloads/1766675530.json', '/tmp/minio_downloads/1766675543.json', '/tmp/minio_downloads/1766675557.json', '/tmp/minio_downloads/1766675638.json', '/tmp/minio_downloads/1766675701.json', '/tmp/minio_downloads/1766675715.json', '/tmp/minio_downloads/1766675727.json', '/tmp/minio_downloads/1766675739.json', '/tmp/minio_downloads/1766675751.json', '/tmp/minio_downloads/1766675763.json', '/tmp/minio_downloads/1766675775.json', '/tmp/minio_downloads/1766675788.json', '/tmp/minio_downloads/1766675800.json', '/tmp/minio_downloads/1766675813.json', '/tmp/minio_downloads/1766675825.json', '/tmp/minio_downloads/1766675837.json', '/tmp/minio_downloads/1766675848.json', '/tmp/minio_downloads/1766675862.json', '/tmp/minio_downloads/1766675875.json', '/tmp/minio_downloads/1766675887.json', '/tmp/minio_downloads/1766675899.json', '/tmp/minio_downloads/1766675911.json', '/tmp/minio_downloads/1766675924.json', '/tmp/minio_downloads/1766675936.json', '/tmp/minio_downloads/1766675949.json', '/tmp/minio_downloads/1766675961.json', '/tmp/minio_downloads/1766675973.json', '/tmp/minio_downloads/1766675985.json', '/tmp/minio_downloads/1766675998.json', '/tmp/minio_downloads/1766676011.json', '/tmp/minio_downloads/1766676022.json', '/tmp/minio_downloads/1766676036.json', '/tmp/minio_downloads/1766676048.json', '/tmp/minio_downloads/1766676060.json', '/tmp/minio_downloads/1766676073.json', '/tmp/minio_downloads/1766676084.json', '/tmp/minio_downloads/1766676096.json', '/tmp/minio_downloads/1766676108.json', '/tmp/minio_downloads/1766676119.json', '/tmp/minio_downloads/1766675275.json', '/tmp/minio_downloads/1766675287.json', '/tmp/minio_downloads/1766675299.json', '/tmp/minio_downloads/1766675311.json', '/tmp/minio_downloads/1766675323.json', '/tmp/minio_downloads/1766675335.json', '/tmp/minio_downloads/1766675347.json', '/tmp/minio_downloads/1766675359.json', '/tmp/minio_downloads/1766675371.json', '/tmp/minio_downloads/1766675382.json', '/tmp/minio_downloads/1766675396.json', '/tmp/minio_downloads/1766675409.json', '/tmp/minio_downloads/1766675421.json', '/tmp/minio_downloads/1766675434.json', '/tmp/minio_downloads/1766675448.json', '/tmp/minio_downloads/1766675461.json', '/tmp/minio_downloads/1766675474.json', '/tmp/minio_downloads/1766675486.json', '/tmp/minio_downloads/1766675498.json', '/tmp/minio_downloads/1766675510.json', '/tmp/minio_downloads/1766675523.json', '/tmp/minio_downloads/1766675536.json', '/tmp/minio_downloads/1766675550.json', '/tmp/minio_downloads/1766675563.json', '/tmp/minio_downloads/1766675598.json', '/tmp/minio_downloads/1766675630.json', '/tmp/minio_downloads/1766675694.json', '/tmp/minio_downloads/1766675708.json', '/tmp/minio_downloads/1766675720.json', '/tmp/minio_downloads/1766675732.json', '/tmp/minio_downloads/1766675743.json', '/tmp/minio_downloads/1766675756.json', '/tmp/minio_downloads/1766675768.json', '/tmp/minio_downloads/1766675781.json', '/tmp/minio_downloads/1766675793.json', '/tmp/minio_downloads/1766675806.json', '/tmp/minio_downloads/1766675817.json', '/tmp/minio_downloads/1766675830.json', '/tmp/minio_downloads/1766675841.json', '/tmp/minio_downloads/1766675855.json', '/tmp/minio_downloads/1766675868.json', '/tmp/minio_downloads/1766675880.json', '/tmp/minio_downloads/1766675892.json', '/tmp/minio_downloads/1766675904.json', '/tmp/minio_downloads/1766675916.json', '/tmp/minio_downloads/1766675929.json', '/tmp/minio_downloads/1766675942.json', '/tmp/minio_downloads/1766675954.json', '/tmp/minio_downloads/1766675966.json', '/tmp/minio_downloads/1766675978.json', '/tmp/minio_downloads/1766675991.json', '/tmp/minio_downloads/1766676003.json', '/tmp/minio_downloads/1766676015.json', '/tmp/minio_downloads/1766676028.json', '/tmp/minio_downloads/1766676041.json', '/tmp/minio_downloads/1766676053.json', '/tmp/minio_downloads/1766676065.json', '/tmp/minio_downloads/1766676077.json', '/tmp/minio_downloads/1766676089.json', '/tmp/minio_downloads/1766676101.json', '/tmp/minio_downloads/1766676112.json', '/tmp/minio_downloads/1766676124.json', '/tmp/minio_downloads/1766675274.json', '/tmp/minio_downloads/1766675286.json', '/tmp/minio_downloads/1766675298.json', '/tmp/minio_downloads/1766675309.json', '/tmp/minio_downloads/1766675322.json', '/tmp/minio_downloads/1766675334.json', '/tmp/minio_downloads/1766675346.json', '/tmp/minio_downloads/1766675358.json', '/tmp/minio_downloads/1766675370.json', '/tmp/minio_downloads/1766675381.json', '/tmp/minio_downloads/1766675395.json', '/tmp/minio_downloads/1766675408.json', '/tmp/minio_downloads/1766675420.json', '/tmp/minio_downloads/1766675433.json', '/tmp/minio_downloads/1766675446.json', '/tmp/minio_downloads/1766675460.json', '/tmp/minio_downloads/1766675473.json', '/tmp/minio_downloads/1766675485.json', '/tmp/minio_downloads/1766675497.json', '/tmp/minio_downloads/1766675509.json', '/tmp/minio_downloads/1766675521.json', '/tmp/minio_downloads/1766675534.json', '/tmp/minio_downloads/1766675546.json', '/tmp/minio_downloads/1766675561.json', '/tmp/minio_downloads/1766675597.json', '/tmp/minio_downloads/1766675629.json', '/tmp/minio_downloads/1766675692.json', '/tmp/minio_downloads/1766675706.json', '/tmp/minio_downloads/1766675719.json', '/tmp/minio_downloads/1766675731.json', '/tmp/minio_downloads/1766675742.json', '/tmp/minio_downloads/1766675754.json', '/tmp/minio_downloads/1766675767.json', '/tmp/minio_downloads/1766675779.json', '/tmp/minio_downloads/1766675792.json', '/tmp/minio_downloads/1766675804.json', '/tmp/minio_downloads/1766675816.json', '/tmp/minio_downloads/1766675828.json', '/tmp/minio_downloads/1766675840.json', '/tmp/minio_downloads/1766675853.json', '/tmp/minio_downloads/1766675867.json', '/tmp/minio_downloads/1766675879.json', '/tmp/minio_downloads/1766675890.json', '/tmp/minio_downloads/1766675902.json', '/tmp/minio_downloads/1766675915.json', '/tmp/minio_downloads/1766675928.json', '/tmp/minio_downloads/1766675940.json', '/tmp/minio_downloads/1766675952.json', '/tmp/minio_downloads/1766675964.json', '/tmp/minio_downloads/1766675977.json', '/tmp/minio_downloads/1766675989.json', '/tmp/minio_downloads/1766676002.json', '/tmp/minio_downloads/1766676014.json', '/tmp/minio_downloads/1766676026.json', '/tmp/minio_downloads/1766676040.json', '/tmp/minio_downloads/1766676052.json', '/tmp/minio_downloads/1766676064.json', '/tmp/minio_downloads/1766676076.json', '/tmp/minio_downloads/1766676088.json', '/tmp/minio_downloads/1766676099.json', '/tmp/minio_downloads/1766676111.json', '/tmp/minio_downloads/1766676123.json', '/tmp/minio_downloads/1766675271.json', '/tmp/minio_downloads/1766675284.json', '/tmp/minio_downloads/1766675295.json', '/tmp/minio_downloads/1766675307.json', '/tmp/minio_downloads/1766675319.json', '/tmp/minio_downloads/1766675331.json', '/tmp/minio_downloads/1766675343.json', '/tmp/minio_downloads/1766675356.json', '/tmp/minio_downloads/1766675368.json', '/tmp/minio_downloads/1766675379.json', '/tmp/minio_downloads/1766675392.json', '/tmp/minio_downloads/1766675405.json', '/tmp/minio_downloads/1766675418.json', '/tmp/minio_downloads/1766675430.json', '/tmp/minio_downloads/1766675443.json', '/tmp/minio_downloads/1766675457.json', '/tmp/minio_downloads/1766675470.json', '/tmp/minio_downloads/1766675482.json', '/tmp/minio_downloads/1766675495.json', '/tmp/minio_downloads/1766675506.json', '/tmp/minio_downloads/1766675519.json', '/tmp/minio_downloads/1766675532.json', '/tmp/minio_downloads/1766675544.json', '/tmp/minio_downloads/1766675558.json', '/tmp/minio_downloads/1766675595.json', '/tmp/minio_downloads/1766675627.json', '/tmp/minio_downloads/1766675639.json', '/tmp/minio_downloads/1766675703.json', '/tmp/minio_downloads/1766675717.json', '/tmp/minio_downloads/1766675728.json', '/tmp/minio_downloads/1766675740.json', '/tmp/minio_downloads/1766675752.json', '/tmp/minio_downloads/1766675764.json', '/tmp/minio_downloads/1766675777.json', '/tmp/minio_downloads/1766675789.json', '/tmp/minio_downloads/1766675802.json', '/tmp/minio_downloads/1766675814.json', '/tmp/minio_downloads/1766675826.json', '/tmp/minio_downloads/1766675838.json', '/tmp/minio_downloads/1766675850.json', '/tmp/minio_downloads/1766675863.json', '/tmp/minio_downloads/1766675876.json', '/tmp/minio_downloads/1766675888.json', '/tmp/minio_downloads/1766675900.json', '/tmp/minio_downloads/1766675912.json', '/tmp/minio_downloads/1766675925.json', '/tmp/minio_downloads/1766675938.json', '/tmp/minio_downloads/1766675950.json', '/tmp/minio_downloads/1766675962.json', '/tmp/minio_downloads/1766675974.json', '/tmp/minio_downloads/1766675987.json', '/tmp/minio_downloads/1766676000.json', '/tmp/minio_downloads/1766676012.json', '/tmp/minio_downloads/1766676024.json', '/tmp/minio_downloads/1766676037.json', '/tmp/minio_downloads/1766676050.json', '/tmp/minio_downloads/1766676062.json', '/tmp/minio_downloads/1766676074.json', '/tmp/minio_downloads/1766676085.json', '/tmp/minio_downloads/1766676097.json', '/tmp/minio_downloads/1766676109.json', '/tmp/minio_downloads/1766676120.json', '/tmp/minio_downloads/1766675273.json', '/tmp/minio_downloads/1766675285.json', '/tmp/minio_downloads/1766675296.json', '/tmp/minio_downloads/1766675308.json', '/tmp/minio_downloads/1766675320.json', '/tmp/minio_downloads/1766675332.json', '/tmp/minio_downloads/1766675345.json', '/tmp/minio_downloads/1766675357.json', '/tmp/minio_downloads/1766675369.json', '/tmp/minio_downloads/1766675380.json', '/tmp/minio_downloads/1766675394.json', '/tmp/minio_downloads/1766675407.json', '/tmp/minio_downloads/1766675419.json', '/tmp/minio_downloads/1766675431.json', '/tmp/minio_downloads/1766675445.json', '/tmp/minio_downloads/1766675458.json', '/tmp/minio_downloads/1766675471.json', '/tmp/minio_downloads/1766675484.json', '/tmp/minio_downloads/1766675496.json', '/tmp/minio_downloads/1766675507.json', '/tmp/minio_downloads/1766675520.json', '/tmp/minio_downloads/1766675533.json', '/tmp/minio_downloads/1766675545.json', '/tmp/minio_downloads/1766675560.json', '/tmp/minio_downloads/1766675596.json', '/tmp/minio_downloads/1766675628.json', '/tmp/minio_downloads/1766675691.json', '/tmp/minio_downloads/1766675704.json', '/tmp/minio_downloads/1766675718.json', '/tmp/minio_downloads/1766675729.json', '/tmp/minio_downloads/1766675741.json', '/tmp/minio_downloads/1766675753.json', '/tmp/minio_downloads/1766675765.json', '/tmp/minio_downloads/1766675778.json', '/tmp/minio_downloads/1766675790.json', '/tmp/minio_downloads/1766675803.json', '/tmp/minio_downloads/1766675815.json', '/tmp/minio_downloads/1766675827.json', '/tmp/minio_downloads/1766675839.json', '/tmp/minio_downloads/1766675852.json', '/tmp/minio_downloads/1766675865.json', '/tmp/minio_downloads/1766675877.json', '/tmp/minio_downloads/1766675889.json', '/tmp/minio_downloads/1766675901.json', '/tmp/minio_downloads/1766675914.json', '/tmp/minio_downloads/1766675927.json', '/tmp/minio_downloads/1766675939.json', '/tmp/minio_downloads/1766675951.json', '/tmp/minio_downloads/1766675963.json', '/tmp/minio_downloads/1766675975.json', '/tmp/minio_downloads/1766675988.json', '/tmp/minio_downloads/1766676001.json', '/tmp/minio_downloads/1766676013.json', '/tmp/minio_downloads/1766676025.json', '/tmp/minio_downloads/1766676038.json', '/tmp/minio_downloads/1766676051.json', '/tmp/minio_downloads/1766676063.json', '/tmp/minio_downloads/1766676075.json', '/tmp/minio_downloads/1766676086.json', '/tmp/minio_downloads/1766676098.json', '/tmp/minio_downloads/1766676110.json', '/tmp/minio_downloads/1766676121.json']
[2025-12-25T15:22:13.973+0000] {taskinstance.py:441} INFO - ::group::Post task execution logs
[2025-12-25T15:22:14.023+0000] {taskinstance.py:1206} INFO - Marking task as SUCCESS. dag_id=minio_to_snowflake, task_id=download_minio, run_id=scheduled__2025-12-25T15:20:00+00:00, execution_date=20251225T152000, start_date=20251225T152207, end_date=20251225T152214
[2025-12-25T15:22:14.086+0000] {local_task_job_runner.py:243} INFO - Task exited with return code 0
[2025-12-25T15:22:14.126+0000] {taskinstance.py:3503} INFO - 1 downstream tasks scheduled from follow-on schedule check
[2025-12-25T15:22:14.131+0000] {local_task_job_runner.py:222} INFO - ::endgroup::
