[2025-12-25T15:11:53.081+0000] {local_task_job_runner.py:120} INFO - ::group::Pre task execution logs
[2025-12-25T15:11:53.224+0000] {taskinstance.py:2076} INFO - Dependencies all met for dep_context=non-requeueable deps ti=<TaskInstance: minio_to_snowflake.load_snowflake scheduled__2025-12-25T15:07:00+00:00 [queued]>
[2025-12-25T15:11:53.293+0000] {taskinstance.py:2076} INFO - Dependencies all met for dep_context=requeueable deps ti=<TaskInstance: minio_to_snowflake.load_snowflake scheduled__2025-12-25T15:07:00+00:00 [queued]>
[2025-12-25T15:11:53.294+0000] {taskinstance.py:2306} INFO - Starting attempt 1 of 2
[2025-12-25T15:11:53.338+0000] {taskinstance.py:2330} INFO - Executing <Task(PythonOperator): load_snowflake> on 2025-12-25 15:07:00+00:00
[2025-12-25T15:11:53.406+0000] {logging_mixin.py:188} WARNING - /home/***/.local/lib/python3.12/site-packages/***/task/task_runner/standard_task_runner.py:62 DeprecationWarning: This process (pid=373) is multi-threaded, use of fork() may lead to deadlocks in the child.
[2025-12-25T15:11:53.402+0000] {standard_task_runner.py:90} INFO - Running: ['***', 'tasks', 'run', 'minio_to_snowflake', 'load_snowflake', 'scheduled__2025-12-25T15:07:00+00:00', '--job-id', '4', '--raw', '--subdir', 'DAGS_FOLDER/minio_to_snowflake.py', '--cfg-path', '/tmp/tmp5c4hy44t']
[2025-12-25T15:11:53.417+0000] {standard_task_runner.py:64} INFO - Started process 388 to run task
[2025-12-25T15:11:53.421+0000] {standard_task_runner.py:91} INFO - Job 4: Subtask load_snowflake
[2025-12-25T15:11:53.759+0000] {task_command.py:426} INFO - Running <TaskInstance: minio_to_snowflake.load_snowflake scheduled__2025-12-25T15:07:00+00:00 [running]> on host 507725cbaced
[2025-12-25T15:11:54.193+0000] {taskinstance.py:2648} INFO - Exporting env vars: AIRFLOW_CTX_DAG_OWNER='***' AIRFLOW_CTX_DAG_ID='minio_to_snowflake' AIRFLOW_CTX_TASK_ID='load_snowflake' AIRFLOW_CTX_EXECUTION_DATE='2025-12-25T15:07:00+00:00' AIRFLOW_CTX_TRY_NUMBER='1' AIRFLOW_CTX_DAG_RUN_ID='scheduled__2025-12-25T15:07:00+00:00'
[2025-12-25T15:11:54.196+0000] {taskinstance.py:430} INFO - ::endgroup::
[2025-12-25T15:11:54.284+0000] {connection.py:610} INFO - Snowflake Connector for Python Version: 4.1.1, Python Version: 3.12.4, Platform: Linux-6.6.87.2-microsoft-standard-WSL2-x86_64-with-glibc2.36
[2025-12-25T15:11:54.288+0000] {connection.py:1693} INFO - Connecting to GLOBAL Snowflake domain
[2025-12-25T15:12:50.539+0000] {connectionpool.py:868} WARNING - Retrying (Retry(total=0, connect=None, read=None, redirect=None, status=None)) after connection broken by 'NameResolutionError("<snowflake.connector.vendored.urllib3.connection.HTTPSConnection object at 0x79e58e846f00>: Failed to resolve 'sfc-jk-ds1-04-customer-stage.s3.ap-southeast-3.amazonaws.com' ([Errno -3] Temporary failure in name resolution)")': /r8851000-s/tables/2285715521/1766675270.json.gz
[2025-12-25T15:13:04.482+0000] {storage_client.py:338} WARNING - HEAD with url b'https://sfc-jk-ds1-04-customer-stage.s3.ap-southeast-3.amazonaws.com/r8851000-s/tables/2285715521/1766675270.json.gz' failed for transient error: HTTPSConnectionPool(host='sfc-jk-ds1-04-customer-stage.s3.ap-southeast-3.amazonaws.com', port=443): Max retries exceeded with url: /r8851000-s/tables/2285715521/1766675270.json.gz (Caused by NameResolutionError("<snowflake.connector.vendored.urllib3.connection.HTTPSConnection object at 0x79e58e847380>: Failed to resolve 'sfc-jk-ds1-04-customer-stage.s3.ap-southeast-3.amazonaws.com' ([Errno -3] Temporary failure in name resolution)"))
[2025-12-25T15:13:12.785+0000] {connectionpool.py:868} WARNING - Retrying (Retry(total=0, connect=None, read=None, redirect=None, status=None)) after connection broken by 'NameResolutionError("<snowflake.connector.vendored.urllib3.connection.HTTPSConnection object at 0x79e58e8479e0>: Failed to resolve 'sfc-jk-ds1-04-customer-stage.s3.ap-southeast-3.amazonaws.com' ([Errno -5] No address associated with hostname)")': /r8851000-s/tables/2285715521/1766675270.json.gz
[2025-12-25T15:13:19.387+0000] {storage_client.py:338} WARNING - HEAD with url b'https://sfc-jk-ds1-04-customer-stage.s3.ap-southeast-3.amazonaws.com/r8851000-s/tables/2285715521/1766675270.json.gz' failed for transient error: HTTPSConnectionPool(host='sfc-jk-ds1-04-customer-stage.s3.ap-southeast-3.amazonaws.com', port=443): Max retries exceeded with url: /r8851000-s/tables/2285715521/1766675270.json.gz (Caused by NameResolutionError("<snowflake.connector.vendored.urllib3.connection.HTTPSConnection object at 0x79e58e847e30>: Failed to resolve 'sfc-jk-ds1-04-customer-stage.s3.ap-southeast-3.amazonaws.com' ([Errno -5] No address associated with hostname)"))
[2025-12-25T15:13:26.353+0000] {connectionpool.py:868} WARNING - Retrying (Retry(total=0, connect=None, read=None, redirect=None, status=None)) after connection broken by 'NameResolutionError("<snowflake.connector.vendored.urllib3.connection.HTTPSConnection object at 0x79e58e8585c0>: Failed to resolve 'sfc-jk-ds1-04-customer-stage.s3.ap-southeast-3.amazonaws.com' ([Errno -3] Temporary failure in name resolution)")': /r8851000-s/tables/2285715521/1766675270.json.gz
[2025-12-25T15:13:34.237+0000] {storage_client.py:338} WARNING - HEAD with url b'https://sfc-jk-ds1-04-customer-stage.s3.ap-southeast-3.amazonaws.com/r8851000-s/tables/2285715521/1766675270.json.gz' failed for transient error: HTTPSConnectionPool(host='sfc-jk-ds1-04-customer-stage.s3.ap-southeast-3.amazonaws.com', port=443): Max retries exceeded with url: /r8851000-s/tables/2285715521/1766675270.json.gz (Caused by NameResolutionError("<snowflake.connector.vendored.urllib3.connection.HTTPSConnection object at 0x79e58e847e90>: Failed to resolve 'sfc-jk-ds1-04-customer-stage.s3.ap-southeast-3.amazonaws.com' ([Errno -5] No address associated with hostname)"))
[2025-12-25T15:13:41.506+0000] {connectionpool.py:868} WARNING - Retrying (Retry(total=0, connect=None, read=None, redirect=None, status=None)) after connection broken by 'NameResolutionError("<snowflake.connector.vendored.urllib3.connection.HTTPSConnection object at 0x79e58e846e70>: Failed to resolve 'sfc-jk-ds1-04-customer-stage.s3.ap-southeast-3.amazonaws.com' ([Errno -2] Name or service not known)")': /r8851000-s/tables/2285715521/1766675270.json.gz
[2025-12-25T15:13:53.685+0000] {storage_client.py:338} WARNING - HEAD with url b'https://sfc-jk-ds1-04-customer-stage.s3.ap-southeast-3.amazonaws.com/r8851000-s/tables/2285715521/1766675270.json.gz' failed for transient error: HTTPSConnectionPool(host='sfc-jk-ds1-04-customer-stage.s3.ap-southeast-3.amazonaws.com', port=443): Max retries exceeded with url: /r8851000-s/tables/2285715521/1766675270.json.gz (Caused by NameResolutionError("<snowflake.connector.vendored.urllib3.connection.HTTPSConnection object at 0x79e58e8478f0>: Failed to resolve 'sfc-jk-ds1-04-customer-stage.s3.ap-southeast-3.amazonaws.com' ([Errno -5] No address associated with hostname)"))
[2025-12-25T15:14:20.452+0000] {logging_mixin.py:188} INFO - Uploaded /tmp/minio_downloads/1766675270.json to Snowflake stage
[2025-12-25T15:14:22.127+0000] {logging_mixin.py:188} INFO - Uploaded /tmp/minio_downloads/1766675282.json to Snowflake stage
[2025-12-25T15:14:22.834+0000] {logging_mixin.py:188} INFO - Uploaded /tmp/minio_downloads/1766675294.json to Snowflake stage
[2025-12-25T15:14:29.308+0000] {logging_mixin.py:188} INFO - Uploaded /tmp/minio_downloads/1766675306.json to Snowflake stage
[2025-12-25T15:14:30.939+0000] {logging_mixin.py:188} INFO - Uploaded /tmp/minio_downloads/1766675318.json to Snowflake stage
[2025-12-25T15:14:31.384+0000] {logging_mixin.py:188} INFO - Uploaded /tmp/minio_downloads/1766675330.json to Snowflake stage
[2025-12-25T15:14:32.306+0000] {logging_mixin.py:188} INFO - Uploaded /tmp/minio_downloads/1766675342.json to Snowflake stage
[2025-12-25T15:14:33.489+0000] {logging_mixin.py:188} INFO - Uploaded /tmp/minio_downloads/1766675354.json to Snowflake stage
[2025-12-25T15:14:34.203+0000] {logging_mixin.py:188} INFO - Uploaded /tmp/minio_downloads/1766675366.json to Snowflake stage
[2025-12-25T15:14:34.953+0000] {logging_mixin.py:188} INFO - Uploaded /tmp/minio_downloads/1766675275.json to Snowflake stage
[2025-12-25T15:14:36.277+0000] {logging_mixin.py:188} INFO - Uploaded /tmp/minio_downloads/1766675287.json to Snowflake stage
[2025-12-25T15:14:36.845+0000] {logging_mixin.py:188} INFO - Uploaded /tmp/minio_downloads/1766675299.json to Snowflake stage
[2025-12-25T15:14:39.864+0000] {logging_mixin.py:188} INFO - Uploaded /tmp/minio_downloads/1766675311.json to Snowflake stage
[2025-12-25T15:14:40.320+0000] {logging_mixin.py:188} INFO - Uploaded /tmp/minio_downloads/1766675323.json to Snowflake stage
[2025-12-25T15:14:40.749+0000] {logging_mixin.py:188} INFO - Uploaded /tmp/minio_downloads/1766675335.json to Snowflake stage
[2025-12-25T15:14:41.186+0000] {logging_mixin.py:188} INFO - Uploaded /tmp/minio_downloads/1766675347.json to Snowflake stage
[2025-12-25T15:14:41.693+0000] {logging_mixin.py:188} INFO - Uploaded /tmp/minio_downloads/1766675359.json to Snowflake stage
[2025-12-25T15:14:42.105+0000] {logging_mixin.py:188} INFO - Uploaded /tmp/minio_downloads/1766675371.json to Snowflake stage
[2025-12-25T15:14:42.525+0000] {logging_mixin.py:188} INFO - Uploaded /tmp/minio_downloads/1766675274.json to Snowflake stage
[2025-12-25T15:14:42.952+0000] {logging_mixin.py:188} INFO - Uploaded /tmp/minio_downloads/1766675286.json to Snowflake stage
[2025-12-25T15:14:43.352+0000] {logging_mixin.py:188} INFO - Uploaded /tmp/minio_downloads/1766675298.json to Snowflake stage
[2025-12-25T15:14:43.780+0000] {logging_mixin.py:188} INFO - Uploaded /tmp/minio_downloads/1766675309.json to Snowflake stage
[2025-12-25T15:14:44.167+0000] {logging_mixin.py:188} INFO - Uploaded /tmp/minio_downloads/1766675322.json to Snowflake stage
[2025-12-25T15:14:44.607+0000] {logging_mixin.py:188} INFO - Uploaded /tmp/minio_downloads/1766675334.json to Snowflake stage
[2025-12-25T15:14:45.024+0000] {logging_mixin.py:188} INFO - Uploaded /tmp/minio_downloads/1766675346.json to Snowflake stage
[2025-12-25T15:14:45.421+0000] {logging_mixin.py:188} INFO - Uploaded /tmp/minio_downloads/1766675358.json to Snowflake stage
[2025-12-25T15:14:46.004+0000] {logging_mixin.py:188} INFO - Uploaded /tmp/minio_downloads/1766675370.json to Snowflake stage
[2025-12-25T15:14:46.438+0000] {logging_mixin.py:188} INFO - Uploaded /tmp/minio_downloads/1766675381.json to Snowflake stage
[2025-12-25T15:14:46.840+0000] {logging_mixin.py:188} INFO - Uploaded /tmp/minio_downloads/1766675271.json to Snowflake stage
[2025-12-25T15:14:47.246+0000] {logging_mixin.py:188} INFO - Uploaded /tmp/minio_downloads/1766675284.json to Snowflake stage
[2025-12-25T15:14:47.639+0000] {logging_mixin.py:188} INFO - Uploaded /tmp/minio_downloads/1766675295.json to Snowflake stage
[2025-12-25T15:14:48.034+0000] {logging_mixin.py:188} INFO - Uploaded /tmp/minio_downloads/1766675307.json to Snowflake stage
[2025-12-25T15:14:48.446+0000] {logging_mixin.py:188} INFO - Uploaded /tmp/minio_downloads/1766675319.json to Snowflake stage
[2025-12-25T15:14:48.855+0000] {logging_mixin.py:188} INFO - Uploaded /tmp/minio_downloads/1766675331.json to Snowflake stage
[2025-12-25T15:14:49.258+0000] {logging_mixin.py:188} INFO - Uploaded /tmp/minio_downloads/1766675343.json to Snowflake stage
[2025-12-25T15:14:49.663+0000] {logging_mixin.py:188} INFO - Uploaded /tmp/minio_downloads/1766675356.json to Snowflake stage
[2025-12-25T15:14:50.103+0000] {logging_mixin.py:188} INFO - Uploaded /tmp/minio_downloads/1766675368.json to Snowflake stage
[2025-12-25T15:14:50.515+0000] {logging_mixin.py:188} INFO - Uploaded /tmp/minio_downloads/1766675273.json to Snowflake stage
[2025-12-25T15:14:50.934+0000] {logging_mixin.py:188} INFO - Uploaded /tmp/minio_downloads/1766675285.json to Snowflake stage
[2025-12-25T15:14:51.376+0000] {logging_mixin.py:188} INFO - Uploaded /tmp/minio_downloads/1766675296.json to Snowflake stage
[2025-12-25T15:14:51.805+0000] {logging_mixin.py:188} INFO - Uploaded /tmp/minio_downloads/1766675308.json to Snowflake stage
[2025-12-25T15:14:52.235+0000] {logging_mixin.py:188} INFO - Uploaded /tmp/minio_downloads/1766675320.json to Snowflake stage
[2025-12-25T15:14:52.656+0000] {logging_mixin.py:188} INFO - Uploaded /tmp/minio_downloads/1766675332.json to Snowflake stage
[2025-12-25T15:14:53.081+0000] {logging_mixin.py:188} INFO - Uploaded /tmp/minio_downloads/1766675345.json to Snowflake stage
[2025-12-25T15:14:53.530+0000] {logging_mixin.py:188} INFO - Uploaded /tmp/minio_downloads/1766675357.json to Snowflake stage
[2025-12-25T15:14:54.018+0000] {logging_mixin.py:188} INFO - Uploaded /tmp/minio_downloads/1766675369.json to Snowflake stage
[2025-12-25T15:14:54.413+0000] {logging_mixin.py:188} INFO - Uploaded /tmp/minio_downloads/1766675380.json to Snowflake stage
[2025-12-25T15:14:55.967+0000] {logging_mixin.py:188} INFO - COPY INTO executed
[2025-12-25T15:14:56.810+0000] {python.py:237} INFO - Done. Returned value was: None
[2025-12-25T15:14:56.838+0000] {taskinstance.py:441} INFO - ::group::Post task execution logs
[2025-12-25T15:15:02.661+0000] {taskinstance.py:1206} INFO - Marking task as SUCCESS. dag_id=minio_to_snowflake, task_id=load_snowflake, run_id=scheduled__2025-12-25T15:07:00+00:00, execution_date=20251225T150700, start_date=20251225T151153, end_date=20251225T151502
[2025-12-25T15:15:04.025+0000] {local_task_job_runner.py:243} INFO - Task exited with return code 0
[2025-12-25T15:15:04.761+0000] {taskinstance.py:3503} INFO - 1 downstream tasks scheduled from follow-on schedule check
[2025-12-25T15:15:04.768+0000] {local_task_job_runner.py:222} INFO - ::endgroup::
