[2025-12-25T09:20:12.875+0000] {local_task_job_runner.py:120} INFO - ::group::Pre task execution logs
[2025-12-25T09:20:12.982+0000] {taskinstance.py:2076} INFO - Dependencies all met for dep_context=non-requeueable deps ti=<TaskInstance: minio_to_snowflake.load_snowflake scheduled__2025-12-25T09:04:00+00:00 [queued]>
[2025-12-25T09:20:13.005+0000] {taskinstance.py:2076} INFO - Dependencies all met for dep_context=requeueable deps ti=<TaskInstance: minio_to_snowflake.load_snowflake scheduled__2025-12-25T09:04:00+00:00 [queued]>
[2025-12-25T09:20:13.006+0000] {taskinstance.py:2306} INFO - Starting attempt 1 of 2
[2025-12-25T09:20:13.078+0000] {taskinstance.py:2330} INFO - Executing <Task(PythonOperator): load_snowflake> on 2025-12-25 09:04:00+00:00
[2025-12-25T09:20:13.250+0000] {logging_mixin.py:188} WARNING - /home/***/.local/lib/python3.12/site-packages/***/task/task_runner/standard_task_runner.py:62 DeprecationWarning: This process (pid=9413) is multi-threaded, use of fork() may lead to deadlocks in the child.
[2025-12-25T09:20:13.266+0000] {standard_task_runner.py:64} INFO - Started process 9429 to run task
[2025-12-25T09:20:13.261+0000] {standard_task_runner.py:90} INFO - Running: ['***', 'tasks', 'run', 'minio_to_snowflake', 'load_snowflake', 'scheduled__2025-12-25T09:04:00+00:00', '--job-id', '181', '--raw', '--subdir', 'DAGS_FOLDER/minio_to_snowflake.py', '--cfg-path', '/tmp/tmpbtmg2zvw']
[2025-12-25T09:20:13.283+0000] {standard_task_runner.py:91} INFO - Job 181: Subtask load_snowflake
[2025-12-25T09:20:13.567+0000] {task_command.py:426} INFO - Running <TaskInstance: minio_to_snowflake.load_snowflake scheduled__2025-12-25T09:04:00+00:00 [running]> on host f2efb562a677
[2025-12-25T09:20:13.877+0000] {taskinstance.py:2648} INFO - Exporting env vars: AIRFLOW_CTX_DAG_OWNER='***' AIRFLOW_CTX_DAG_ID='minio_to_snowflake' AIRFLOW_CTX_TASK_ID='load_snowflake' AIRFLOW_CTX_EXECUTION_DATE='2025-12-25T09:04:00+00:00' AIRFLOW_CTX_TRY_NUMBER='1' AIRFLOW_CTX_DAG_RUN_ID='scheduled__2025-12-25T09:04:00+00:00'
[2025-12-25T09:20:13.881+0000] {taskinstance.py:430} INFO - ::endgroup::
[2025-12-25T09:20:14.042+0000] {connection.py:408} INFO - Snowflake Connector for Python Version: 3.11.0, Python Version: 3.12.4, Platform: Linux-6.6.87.2-microsoft-standard-WSL2-x86_64-with-glibc2.36
[2025-12-25T09:20:14.045+0000] {connection.py:1258} INFO - This connection is in OCSP Fail Open Mode. TLS Certificates would be checked for validity and revocation status. Any other Certificate Revocation related exceptions or OCSP Responder failures would be disregarded in favor of connectivity.
[2025-12-25T09:20:32.755+0000] {connectionpool.py:824} WARNING - Retrying (Retry(total=0, connect=None, read=None, redirect=None, status=None)) after connection broken by 'NewConnectionError('<snowflake.connector.vendored.urllib3.connection.HTTPSConnection object at 0x7eddf79ceff0>: Failed to establish a new connection: [Errno -3] Temporary failure in name resolution')': /r8851000-s/tables/2285703177/1766651912.json.gz
[2025-12-25T09:20:42.671+0000] {storage_client.py:318} WARNING - HEAD with url b'https://sfc-jk-ds1-04-customer-stage.s3.ap-southeast-3.amazonaws.com/r8851000-s/tables/2285703177/1766651912.json.gz' failed for transient error: HTTPSConnectionPool(host='sfc-jk-ds1-04-customer-stage.s3.ap-southeast-3.amazonaws.com', port=443): Max retries exceeded with url: /r8851000-s/tables/2285703177/1766651912.json.gz (Caused by NewConnectionError('<snowflake.connector.vendored.urllib3.connection.HTTPSConnection object at 0x7eddfe11b260>: Failed to establish a new connection: [Errno -5] No address associated with hostname'))
[2025-12-25T09:20:56.405+0000] {logging_mixin.py:188} INFO - Uploaded /tmp/minio_downloads/1766651912.json to Snowflake stage
[2025-12-25T09:20:57.318+0000] {logging_mixin.py:188} INFO - Uploaded /tmp/minio_downloads/1766651923.json to Snowflake stage
[2025-12-25T09:20:57.723+0000] {logging_mixin.py:188} INFO - Uploaded /tmp/minio_downloads/1766651935.json to Snowflake stage
[2025-12-25T09:20:58.167+0000] {logging_mixin.py:188} INFO - Uploaded /tmp/minio_downloads/1766651947.json to Snowflake stage
[2025-12-25T09:20:58.470+0000] {logging_mixin.py:188} INFO - Uploaded /tmp/minio_downloads/1766651959.json to Snowflake stage
[2025-12-25T09:20:58.888+0000] {logging_mixin.py:188} INFO - Uploaded /tmp/minio_downloads/1766651972.json to Snowflake stage
[2025-12-25T09:21:00.081+0000] {logging_mixin.py:188} INFO - Uploaded /tmp/minio_downloads/1766651985.json to Snowflake stage
[2025-12-25T09:21:00.456+0000] {logging_mixin.py:188} INFO - Uploaded /tmp/minio_downloads/1766651996.json to Snowflake stage
[2025-12-25T09:21:01.256+0000] {logging_mixin.py:188} INFO - Uploaded /tmp/minio_downloads/1766652008.json to Snowflake stage
[2025-12-25T09:21:02.065+0000] {logging_mixin.py:188} INFO - Uploaded /tmp/minio_downloads/1766652020.json to Snowflake stage
[2025-12-25T09:21:02.588+0000] {logging_mixin.py:188} INFO - Uploaded /tmp/minio_downloads/1766652032.json to Snowflake stage
[2025-12-25T09:21:03.108+0000] {logging_mixin.py:188} INFO - Uploaded /tmp/minio_downloads/1766652044.json to Snowflake stage
[2025-12-25T09:21:03.567+0000] {logging_mixin.py:188} INFO - Uploaded /tmp/minio_downloads/1766652056.json to Snowflake stage
[2025-12-25T09:21:03.909+0000] {logging_mixin.py:188} INFO - Uploaded /tmp/minio_downloads/1766652067.json to Snowflake stage
[2025-12-25T09:21:04.225+0000] {logging_mixin.py:188} INFO - Uploaded /tmp/minio_downloads/1766652079.json to Snowflake stage
[2025-12-25T09:21:04.507+0000] {logging_mixin.py:188} INFO - Uploaded /tmp/minio_downloads/1766652091.json to Snowflake stage
[2025-12-25T09:21:04.800+0000] {logging_mixin.py:188} INFO - Uploaded /tmp/minio_downloads/1766652104.json to Snowflake stage
[2025-12-25T09:21:05.084+0000] {logging_mixin.py:188} INFO - Uploaded /tmp/minio_downloads/1766652116.json to Snowflake stage
[2025-12-25T09:21:05.724+0000] {logging_mixin.py:188} INFO - Uploaded /tmp/minio_downloads/1766652128.json to Snowflake stage
[2025-12-25T09:21:06.066+0000] {logging_mixin.py:188} INFO - Uploaded /tmp/minio_downloads/1766652140.json to Snowflake stage
[2025-12-25T09:21:06.391+0000] {logging_mixin.py:188} INFO - Uploaded /tmp/minio_downloads/1766652153.json to Snowflake stage
[2025-12-25T09:21:06.794+0000] {logging_mixin.py:188} INFO - Uploaded /tmp/minio_downloads/1766652164.json to Snowflake stage
[2025-12-25T09:21:07.105+0000] {logging_mixin.py:188} INFO - Uploaded /tmp/minio_downloads/1766652176.json to Snowflake stage
[2025-12-25T09:21:08.253+0000] {logging_mixin.py:188} INFO - Uploaded /tmp/minio_downloads/1766652188.json to Snowflake stage
[2025-12-25T09:21:08.617+0000] {logging_mixin.py:188} INFO - Uploaded /tmp/minio_downloads/1766652200.json to Snowflake stage
[2025-12-25T09:21:08.961+0000] {logging_mixin.py:188} INFO - Uploaded /tmp/minio_downloads/1766652213.json to Snowflake stage
[2025-12-25T09:21:09.232+0000] {logging_mixin.py:188} INFO - Uploaded /tmp/minio_downloads/1766652224.json to Snowflake stage
[2025-12-25T09:21:09.555+0000] {logging_mixin.py:188} INFO - Uploaded /tmp/minio_downloads/1766652236.json to Snowflake stage
[2025-12-25T09:21:09.878+0000] {logging_mixin.py:188} INFO - Uploaded /tmp/minio_downloads/1766652248.json to Snowflake stage
[2025-12-25T09:21:10.223+0000] {logging_mixin.py:188} INFO - Uploaded /tmp/minio_downloads/1766652260.json to Snowflake stage
[2025-12-25T09:21:10.644+0000] {logging_mixin.py:188} INFO - Uploaded /tmp/minio_downloads/1766652272.json to Snowflake stage
[2025-12-25T09:21:13.725+0000] {logging_mixin.py:188} INFO - Uploaded /tmp/minio_downloads/1766652284.json to Snowflake stage
[2025-12-25T09:21:15.697+0000] {logging_mixin.py:188} INFO - Uploaded /tmp/minio_downloads/1766652296.json to Snowflake stage
[2025-12-25T09:21:17.474+0000] {logging_mixin.py:188} INFO - Uploaded /tmp/minio_downloads/1766652308.json to Snowflake stage
[2025-12-25T09:21:17.765+0000] {logging_mixin.py:188} INFO - Uploaded /tmp/minio_downloads/1766652319.json to Snowflake stage
[2025-12-25T09:21:18.188+0000] {logging_mixin.py:188} INFO - Uploaded /tmp/minio_downloads/1766652332.json to Snowflake stage
[2025-12-25T09:21:18.458+0000] {logging_mixin.py:188} INFO - Uploaded /tmp/minio_downloads/1766652345.json to Snowflake stage
[2025-12-25T09:21:18.739+0000] {logging_mixin.py:188} INFO - Uploaded /tmp/minio_downloads/1766652356.json to Snowflake stage
[2025-12-25T09:21:19.694+0000] {logging_mixin.py:188} INFO - Uploaded /tmp/minio_downloads/1766652369.json to Snowflake stage
[2025-12-25T09:21:20.622+0000] {logging_mixin.py:188} INFO - Uploaded /tmp/minio_downloads/1766652381.json to Snowflake stage
[2025-12-25T09:21:20.940+0000] {logging_mixin.py:188} INFO - Uploaded /tmp/minio_downloads/1766652397.json to Snowflake stage
[2025-12-25T09:21:21.708+0000] {logging_mixin.py:188} INFO - Uploaded /tmp/minio_downloads/1766652409.json to Snowflake stage
[2025-12-25T09:21:22.085+0000] {logging_mixin.py:188} INFO - Uploaded /tmp/minio_downloads/1766652421.json to Snowflake stage
[2025-12-25T09:21:22.390+0000] {logging_mixin.py:188} INFO - Uploaded /tmp/minio_downloads/1766652434.json to Snowflake stage
[2025-12-25T09:21:22.676+0000] {logging_mixin.py:188} INFO - Uploaded /tmp/minio_downloads/1766652447.json to Snowflake stage
[2025-12-25T09:21:23.022+0000] {logging_mixin.py:188} INFO - Uploaded /tmp/minio_downloads/1766652459.json to Snowflake stage
[2025-12-25T09:21:23.444+0000] {logging_mixin.py:188} INFO - Uploaded /tmp/minio_downloads/1766652471.json to Snowflake stage
[2025-12-25T09:21:23.819+0000] {logging_mixin.py:188} INFO - Uploaded /tmp/minio_downloads/1766652485.json to Snowflake stage
[2025-12-25T09:21:24.229+0000] {logging_mixin.py:188} INFO - Uploaded /tmp/minio_downloads/1766652498.json to Snowflake stage
[2025-12-25T09:21:24.602+0000] {logging_mixin.py:188} INFO - Uploaded /tmp/minio_downloads/1766652511.json to Snowflake stage
[2025-12-25T09:21:25.523+0000] {logging_mixin.py:188} INFO - Uploaded /tmp/minio_downloads/1766652524.json to Snowflake stage
[2025-12-25T09:21:26.139+0000] {logging_mixin.py:188} INFO - Uploaded /tmp/minio_downloads/1766652538.json to Snowflake stage
[2025-12-25T09:21:26.871+0000] {logging_mixin.py:188} INFO - Uploaded /tmp/minio_downloads/1766652552.json to Snowflake stage
[2025-12-25T09:21:27.320+0000] {logging_mixin.py:188} INFO - Uploaded /tmp/minio_downloads/1766652565.json to Snowflake stage
[2025-12-25T09:21:27.838+0000] {logging_mixin.py:188} INFO - Uploaded /tmp/minio_downloads/1766652578.json to Snowflake stage
[2025-12-25T09:21:28.136+0000] {logging_mixin.py:188} INFO - Uploaded /tmp/minio_downloads/1766652592.json to Snowflake stage
[2025-12-25T09:21:28.436+0000] {logging_mixin.py:188} INFO - Uploaded /tmp/minio_downloads/1766652605.json to Snowflake stage
[2025-12-25T09:21:28.724+0000] {logging_mixin.py:188} INFO - Uploaded /tmp/minio_downloads/1766652619.json to Snowflake stage
[2025-12-25T09:21:29.203+0000] {logging_mixin.py:188} INFO - Uploaded /tmp/minio_downloads/1766652633.json to Snowflake stage
[2025-12-25T09:21:29.466+0000] {logging_mixin.py:188} INFO - Uploaded /tmp/minio_downloads/1766652648.json to Snowflake stage
[2025-12-25T09:21:29.743+0000] {logging_mixin.py:188} INFO - Uploaded /tmp/minio_downloads/1766652660.json to Snowflake stage
[2025-12-25T09:21:30.060+0000] {logging_mixin.py:188} INFO - Uploaded /tmp/minio_downloads/1766652672.json to Snowflake stage
[2025-12-25T09:21:30.344+0000] {logging_mixin.py:188} INFO - Uploaded /tmp/minio_downloads/1766652685.json to Snowflake stage
[2025-12-25T09:21:30.604+0000] {logging_mixin.py:188} INFO - Uploaded /tmp/minio_downloads/1766652698.json to Snowflake stage
[2025-12-25T09:21:30.940+0000] {logging_mixin.py:188} INFO - Uploaded /tmp/minio_downloads/1766652711.json to Snowflake stage
[2025-12-25T09:21:31.209+0000] {logging_mixin.py:188} INFO - Uploaded /tmp/minio_downloads/1766652722.json to Snowflake stage
[2025-12-25T09:21:31.523+0000] {logging_mixin.py:188} INFO - Uploaded /tmp/minio_downloads/1766652734.json to Snowflake stage
[2025-12-25T09:21:31.940+0000] {logging_mixin.py:188} INFO - Uploaded /tmp/minio_downloads/1766652747.json to Snowflake stage
[2025-12-25T09:21:32.207+0000] {logging_mixin.py:188} INFO - Uploaded /tmp/minio_downloads/1766652759.json to Snowflake stage
[2025-12-25T09:21:32.586+0000] {logging_mixin.py:188} INFO - Uploaded /tmp/minio_downloads/1766652771.json to Snowflake stage
[2025-12-25T09:21:32.862+0000] {logging_mixin.py:188} INFO - Uploaded /tmp/minio_downloads/1766652784.json to Snowflake stage
[2025-12-25T09:21:33.132+0000] {logging_mixin.py:188} INFO - Uploaded /tmp/minio_downloads/1766652797.json to Snowflake stage
[2025-12-25T09:21:33.404+0000] {logging_mixin.py:188} INFO - Uploaded /tmp/minio_downloads/1766652811.json to Snowflake stage
[2025-12-25T09:21:33.715+0000] {logging_mixin.py:188} INFO - Uploaded /tmp/minio_downloads/1766652823.json to Snowflake stage
[2025-12-25T09:21:34.090+0000] {logging_mixin.py:188} INFO - Uploaded /tmp/minio_downloads/1766652835.json to Snowflake stage
[2025-12-25T09:21:34.401+0000] {logging_mixin.py:188} INFO - Uploaded /tmp/minio_downloads/1766652849.json to Snowflake stage
[2025-12-25T09:21:34.684+0000] {logging_mixin.py:188} INFO - Uploaded /tmp/minio_downloads/1766652861.json to Snowflake stage
[2025-12-25T09:21:35.292+0000] {logging_mixin.py:188} INFO - Uploaded /tmp/minio_downloads/1766652873.json to Snowflake stage
[2025-12-25T09:21:35.565+0000] {logging_mixin.py:188} INFO - Uploaded /tmp/minio_downloads/1766652885.json to Snowflake stage
[2025-12-25T09:21:35.832+0000] {logging_mixin.py:188} INFO - Uploaded /tmp/minio_downloads/1766652897.json to Snowflake stage
[2025-12-25T09:21:36.123+0000] {logging_mixin.py:188} INFO - Uploaded /tmp/minio_downloads/1766652914.json to Snowflake stage
[2025-12-25T09:21:36.403+0000] {logging_mixin.py:188} INFO - Uploaded /tmp/minio_downloads/1766652926.json to Snowflake stage
[2025-12-25T09:21:36.832+0000] {logging_mixin.py:188} INFO - Uploaded /tmp/minio_downloads/1766652938.json to Snowflake stage
[2025-12-25T09:21:37.791+0000] {logging_mixin.py:188} INFO - Uploaded /tmp/minio_downloads/1766652951.json to Snowflake stage
[2025-12-25T09:21:38.061+0000] {logging_mixin.py:188} INFO - Uploaded /tmp/minio_downloads/1766652965.json to Snowflake stage
[2025-12-25T09:21:38.328+0000] {logging_mixin.py:188} INFO - Uploaded /tmp/minio_downloads/1766652976.json to Snowflake stage
[2025-12-25T09:21:38.731+0000] {logging_mixin.py:188} INFO - Uploaded /tmp/minio_downloads/1766652987.json to Snowflake stage
[2025-12-25T09:21:39.030+0000] {logging_mixin.py:188} INFO - Uploaded /tmp/minio_downloads/1766653001.json to Snowflake stage
[2025-12-25T09:21:39.390+0000] {logging_mixin.py:188} INFO - Uploaded /tmp/minio_downloads/1766653014.json to Snowflake stage
[2025-12-25T09:21:40.036+0000] {logging_mixin.py:188} INFO - Uploaded /tmp/minio_downloads/1766653027.json to Snowflake stage
[2025-12-25T09:21:40.303+0000] {logging_mixin.py:188} INFO - Uploaded /tmp/minio_downloads/1766653039.json to Snowflake stage
[2025-12-25T09:21:40.648+0000] {logging_mixin.py:188} INFO - Uploaded /tmp/minio_downloads/1766653053.json to Snowflake stage
[2025-12-25T09:21:40.931+0000] {logging_mixin.py:188} INFO - Uploaded /tmp/minio_downloads/1766653067.json to Snowflake stage
[2025-12-25T09:21:41.198+0000] {logging_mixin.py:188} INFO - Uploaded /tmp/minio_downloads/1766653080.json to Snowflake stage
[2025-12-25T09:21:41.457+0000] {logging_mixin.py:188} INFO - Uploaded /tmp/minio_downloads/1766653092.json to Snowflake stage
[2025-12-25T09:21:41.716+0000] {logging_mixin.py:188} INFO - Uploaded /tmp/minio_downloads/1766653104.json to Snowflake stage
[2025-12-25T09:21:41.978+0000] {logging_mixin.py:188} INFO - Uploaded /tmp/minio_downloads/1766653117.json to Snowflake stage
[2025-12-25T09:21:42.242+0000] {logging_mixin.py:188} INFO - Uploaded /tmp/minio_downloads/1766653132.json to Snowflake stage
[2025-12-25T09:21:42.504+0000] {logging_mixin.py:188} INFO - Uploaded /tmp/minio_downloads/1766653145.json to Snowflake stage
[2025-12-25T09:21:42.786+0000] {logging_mixin.py:188} INFO - Uploaded /tmp/minio_downloads/1766653157.json to Snowflake stage
[2025-12-25T09:21:43.687+0000] {logging_mixin.py:188} INFO - Uploaded /tmp/minio_downloads/1766653169.json to Snowflake stage
[2025-12-25T09:21:44.090+0000] {logging_mixin.py:188} INFO - Uploaded /tmp/minio_downloads/1766653185.json to Snowflake stage
[2025-12-25T09:21:44.403+0000] {logging_mixin.py:188} INFO - Uploaded /tmp/minio_downloads/1766653199.json to Snowflake stage
[2025-12-25T09:21:44.893+0000] {logging_mixin.py:188} INFO - Uploaded /tmp/minio_downloads/1766653213.json to Snowflake stage
[2025-12-25T09:21:45.349+0000] {logging_mixin.py:188} INFO - Uploaded /tmp/minio_downloads/1766653225.json to Snowflake stage
[2025-12-25T09:21:45.853+0000] {logging_mixin.py:188} INFO - Uploaded /tmp/minio_downloads/1766653238.json to Snowflake stage
[2025-12-25T09:21:46.335+0000] {logging_mixin.py:188} INFO - Uploaded /tmp/minio_downloads/1766653251.json to Snowflake stage
[2025-12-25T09:21:46.810+0000] {logging_mixin.py:188} INFO - Uploaded /tmp/minio_downloads/1766653264.json to Snowflake stage
[2025-12-25T09:21:47.300+0000] {logging_mixin.py:188} INFO - Uploaded /tmp/minio_downloads/1766653276.json to Snowflake stage
[2025-12-25T09:21:47.740+0000] {logging_mixin.py:188} INFO - Uploaded /tmp/minio_downloads/1766653288.json to Snowflake stage
[2025-12-25T09:21:48.121+0000] {logging_mixin.py:188} INFO - Uploaded /tmp/minio_downloads/1766653301.json to Snowflake stage
[2025-12-25T09:21:48.568+0000] {logging_mixin.py:188} INFO - Uploaded /tmp/minio_downloads/1766653317.json to Snowflake stage
[2025-12-25T09:21:49.031+0000] {logging_mixin.py:188} INFO - Uploaded /tmp/minio_downloads/1766653330.json to Snowflake stage
[2025-12-25T09:21:49.486+0000] {logging_mixin.py:188} INFO - Uploaded /tmp/minio_downloads/1766653343.json to Snowflake stage
[2025-12-25T09:21:50.008+0000] {logging_mixin.py:188} INFO - Uploaded /tmp/minio_downloads/1766653357.json to Snowflake stage
[2025-12-25T09:21:50.629+0000] {logging_mixin.py:188} INFO - Uploaded /tmp/minio_downloads/1766653377.json to Snowflake stage
[2025-12-25T09:21:51.090+0000] {logging_mixin.py:188} INFO - Uploaded /tmp/minio_downloads/1766653399.json to Snowflake stage
[2025-12-25T09:21:51.499+0000] {logging_mixin.py:188} INFO - Uploaded /tmp/minio_downloads/1766653412.json to Snowflake stage
[2025-12-25T09:21:51.882+0000] {logging_mixin.py:188} INFO - Uploaded /tmp/minio_downloads/1766653425.json to Snowflake stage
[2025-12-25T09:21:52.288+0000] {logging_mixin.py:188} INFO - Uploaded /tmp/minio_downloads/1766653437.json to Snowflake stage
[2025-12-25T09:21:52.749+0000] {logging_mixin.py:188} INFO - Uploaded /tmp/minio_downloads/1766653457.json to Snowflake stage
[2025-12-25T09:21:53.136+0000] {logging_mixin.py:188} INFO - Uploaded /tmp/minio_downloads/1766653470.json to Snowflake stage
[2025-12-25T09:21:53.531+0000] {logging_mixin.py:188} INFO - Uploaded /tmp/minio_downloads/1766653492.json to Snowflake stage
[2025-12-25T09:21:53.941+0000] {logging_mixin.py:188} INFO - Uploaded /tmp/minio_downloads/1766653512.json to Snowflake stage
[2025-12-25T09:21:54.338+0000] {logging_mixin.py:188} INFO - Uploaded /tmp/minio_downloads/1766653532.json to Snowflake stage
[2025-12-25T09:21:54.719+0000] {logging_mixin.py:188} INFO - Uploaded /tmp/minio_downloads/1766653545.json to Snowflake stage
[2025-12-25T09:21:55.108+0000] {logging_mixin.py:188} INFO - Uploaded /tmp/minio_downloads/1766653592.json to Snowflake stage
[2025-12-25T09:21:55.889+0000] {logging_mixin.py:188} INFO - Uploaded /tmp/minio_downloads/1766653623.json to Snowflake stage
[2025-12-25T09:21:56.361+0000] {logging_mixin.py:188} INFO - Uploaded /tmp/minio_downloads/1766653636.json to Snowflake stage
[2025-12-25T09:21:56.792+0000] {logging_mixin.py:188} INFO - Uploaded /tmp/minio_downloads/1766653672.json to Snowflake stage
[2025-12-25T09:21:57.185+0000] {logging_mixin.py:188} INFO - Uploaded /tmp/minio_downloads/1766653690.json to Snowflake stage
[2025-12-25T09:21:57.582+0000] {logging_mixin.py:188} INFO - Uploaded /tmp/minio_downloads/1766653705.json to Snowflake stage
[2025-12-25T09:21:58.019+0000] {logging_mixin.py:188} INFO - Uploaded /tmp/minio_downloads/1766653721.json to Snowflake stage
[2025-12-25T09:21:58.446+0000] {logging_mixin.py:188} INFO - Uploaded /tmp/minio_downloads/1766653741.json to Snowflake stage
[2025-12-25T09:21:58.899+0000] {logging_mixin.py:188} INFO - Uploaded /tmp/minio_downloads/1766653754.json to Snowflake stage
[2025-12-25T09:21:59.511+0000] {logging_mixin.py:188} INFO - Uploaded /tmp/minio_downloads/1766653768.json to Snowflake stage
[2025-12-25T09:21:59.913+0000] {logging_mixin.py:188} INFO - Uploaded /tmp/minio_downloads/1766653780.json to Snowflake stage
[2025-12-25T09:22:00.331+0000] {logging_mixin.py:188} INFO - Uploaded /tmp/minio_downloads/1766653793.json to Snowflake stage
[2025-12-25T09:22:00.742+0000] {logging_mixin.py:188} INFO - Uploaded /tmp/minio_downloads/1766653806.json to Snowflake stage
[2025-12-25T09:22:00.998+0000] {logging_mixin.py:188} INFO - Uploaded /tmp/minio_downloads/1766651916.json to Snowflake stage
[2025-12-25T09:22:01.257+0000] {logging_mixin.py:188} INFO - Uploaded /tmp/minio_downloads/1766651928.json to Snowflake stage
[2025-12-25T09:22:01.513+0000] {logging_mixin.py:188} INFO - Uploaded /tmp/minio_downloads/1766651940.json to Snowflake stage
[2025-12-25T09:22:01.771+0000] {logging_mixin.py:188} INFO - Uploaded /tmp/minio_downloads/1766651952.json to Snowflake stage
[2025-12-25T09:22:02.025+0000] {logging_mixin.py:188} INFO - Uploaded /tmp/minio_downloads/1766651964.json to Snowflake stage
[2025-12-25T09:22:02.322+0000] {logging_mixin.py:188} INFO - Uploaded /tmp/minio_downloads/1766651978.json to Snowflake stage
[2025-12-25T09:22:02.585+0000] {logging_mixin.py:188} INFO - Uploaded /tmp/minio_downloads/1766651989.json to Snowflake stage
[2025-12-25T09:22:02.847+0000] {logging_mixin.py:188} INFO - Uploaded /tmp/minio_downloads/1766652001.json to Snowflake stage
[2025-12-25T09:22:03.106+0000] {logging_mixin.py:188} INFO - Uploaded /tmp/minio_downloads/1766652013.json to Snowflake stage
[2025-12-25T09:22:03.376+0000] {logging_mixin.py:188} INFO - Uploaded /tmp/minio_downloads/1766652025.json to Snowflake stage
[2025-12-25T09:22:04.006+0000] {logging_mixin.py:188} INFO - Uploaded /tmp/minio_downloads/1766652036.json to Snowflake stage
[2025-12-25T09:22:04.294+0000] {logging_mixin.py:188} INFO - Uploaded /tmp/minio_downloads/1766652048.json to Snowflake stage
[2025-12-25T09:22:04.590+0000] {logging_mixin.py:188} INFO - Uploaded /tmp/minio_downloads/1766652060.json to Snowflake stage
[2025-12-25T09:22:04.892+0000] {logging_mixin.py:188} INFO - Uploaded /tmp/minio_downloads/1766652072.json to Snowflake stage
[2025-12-25T09:22:05.149+0000] {logging_mixin.py:188} INFO - Uploaded /tmp/minio_downloads/1766652084.json to Snowflake stage
[2025-12-25T09:22:05.432+0000] {logging_mixin.py:188} INFO - Uploaded /tmp/minio_downloads/1766652097.json to Snowflake stage
[2025-12-25T09:22:05.711+0000] {logging_mixin.py:188} INFO - Uploaded /tmp/minio_downloads/1766652109.json to Snowflake stage
[2025-12-25T09:22:05.984+0000] {logging_mixin.py:188} INFO - Uploaded /tmp/minio_downloads/1766652121.json to Snowflake stage
[2025-12-25T09:22:06.246+0000] {logging_mixin.py:188} INFO - Uploaded /tmp/minio_downloads/1766652133.json to Snowflake stage
[2025-12-25T09:22:06.529+0000] {logging_mixin.py:188} INFO - Uploaded /tmp/minio_downloads/1766652145.json to Snowflake stage
[2025-12-25T09:22:06.834+0000] {logging_mixin.py:188} INFO - Uploaded /tmp/minio_downloads/1766652157.json to Snowflake stage
[2025-12-25T09:22:07.091+0000] {logging_mixin.py:188} INFO - Uploaded /tmp/minio_downloads/1766652169.json to Snowflake stage
[2025-12-25T09:22:07.352+0000] {logging_mixin.py:188} INFO - Uploaded /tmp/minio_downloads/1766652181.json to Snowflake stage
[2025-12-25T09:22:07.611+0000] {logging_mixin.py:188} INFO - Uploaded /tmp/minio_downloads/1766652193.json to Snowflake stage
[2025-12-25T09:22:07.868+0000] {logging_mixin.py:188} INFO - Uploaded /tmp/minio_downloads/1766652206.json to Snowflake stage
[2025-12-25T09:22:08.148+0000] {logging_mixin.py:188} INFO - Uploaded /tmp/minio_downloads/1766652217.json to Snowflake stage
[2025-12-25T09:22:08.541+0000] {logging_mixin.py:188} INFO - Uploaded /tmp/minio_downloads/1766652229.json to Snowflake stage
[2025-12-25T09:22:09.239+0000] {logging_mixin.py:188} INFO - Uploaded /tmp/minio_downloads/1766652241.json to Snowflake stage
[2025-12-25T09:22:09.501+0000] {logging_mixin.py:188} INFO - Uploaded /tmp/minio_downloads/1766652253.json to Snowflake stage
[2025-12-25T09:22:09.785+0000] {logging_mixin.py:188} INFO - Uploaded /tmp/minio_downloads/1766652264.json to Snowflake stage
[2025-12-25T09:22:10.072+0000] {logging_mixin.py:188} INFO - Uploaded /tmp/minio_downloads/1766652277.json to Snowflake stage
[2025-12-25T09:22:10.334+0000] {logging_mixin.py:188} INFO - Uploaded /tmp/minio_downloads/1766652289.json to Snowflake stage
[2025-12-25T09:22:10.618+0000] {logging_mixin.py:188} INFO - Uploaded /tmp/minio_downloads/1766652301.json to Snowflake stage
[2025-12-25T09:22:11.026+0000] {logging_mixin.py:188} INFO - Uploaded /tmp/minio_downloads/1766652312.json to Snowflake stage
[2025-12-25T09:22:11.290+0000] {logging_mixin.py:188} INFO - Uploaded /tmp/minio_downloads/1766652325.json to Snowflake stage
[2025-12-25T09:22:11.553+0000] {logging_mixin.py:188} INFO - Uploaded /tmp/minio_downloads/1766652338.json to Snowflake stage
[2025-12-25T09:22:11.841+0000] {logging_mixin.py:188} INFO - Uploaded /tmp/minio_downloads/1766652349.json to Snowflake stage
[2025-12-25T09:22:12.119+0000] {logging_mixin.py:188} INFO - Uploaded /tmp/minio_downloads/1766652361.json to Snowflake stage
[2025-12-25T09:22:12.400+0000] {logging_mixin.py:188} INFO - Uploaded /tmp/minio_downloads/1766652374.json to Snowflake stage
[2025-12-25T09:22:12.657+0000] {logging_mixin.py:188} INFO - Uploaded /tmp/minio_downloads/1766652390.json to Snowflake stage
[2025-12-25T09:22:12.911+0000] {logging_mixin.py:188} INFO - Uploaded /tmp/minio_downloads/1766652401.json to Snowflake stage
[2025-12-25T09:22:13.190+0000] {logging_mixin.py:188} INFO - Uploaded /tmp/minio_downloads/1766652413.json to Snowflake stage
[2025-12-25T09:22:13.462+0000] {logging_mixin.py:188} INFO - Uploaded /tmp/minio_downloads/1766652426.json to Snowflake stage
[2025-12-25T09:22:13.845+0000] {logging_mixin.py:188} INFO - Uploaded /tmp/minio_downloads/1766652439.json to Snowflake stage
[2025-12-25T09:22:14.164+0000] {logging_mixin.py:188} INFO - Uploaded /tmp/minio_downloads/1766652452.json to Snowflake stage
[2025-12-25T09:22:14.423+0000] {logging_mixin.py:188} INFO - Uploaded /tmp/minio_downloads/1766652464.json to Snowflake stage
[2025-12-25T09:22:14.685+0000] {logging_mixin.py:188} INFO - Uploaded /tmp/minio_downloads/1766652477.json to Snowflake stage
[2025-12-25T09:22:14.951+0000] {logging_mixin.py:188} INFO - Uploaded /tmp/minio_downloads/1766652490.json to Snowflake stage
[2025-12-25T09:22:15.239+0000] {logging_mixin.py:188} INFO - Uploaded /tmp/minio_downloads/1766652503.json to Snowflake stage
[2025-12-25T09:22:15.512+0000] {logging_mixin.py:188} INFO - Uploaded /tmp/minio_downloads/1766652516.json to Snowflake stage
[2025-12-25T09:22:15.774+0000] {logging_mixin.py:188} INFO - Uploaded /tmp/minio_downloads/1766652530.json to Snowflake stage
[2025-12-25T09:22:16.093+0000] {logging_mixin.py:188} INFO - Uploaded /tmp/minio_downloads/1766652543.json to Snowflake stage
[2025-12-25T09:22:16.352+0000] {logging_mixin.py:188} INFO - Uploaded /tmp/minio_downloads/1766652558.json to Snowflake stage
[2025-12-25T09:22:16.611+0000] {logging_mixin.py:188} INFO - Uploaded /tmp/minio_downloads/1766652570.json to Snowflake stage
[2025-12-25T09:22:16.867+0000] {logging_mixin.py:188} INFO - Uploaded /tmp/minio_downloads/1766652584.json to Snowflake stage
[2025-12-25T09:22:17.121+0000] {logging_mixin.py:188} INFO - Uploaded /tmp/minio_downloads/1766652598.json to Snowflake stage
[2025-12-25T09:22:17.381+0000] {logging_mixin.py:188} INFO - Uploaded /tmp/minio_downloads/1766652611.json to Snowflake stage
[2025-12-25T09:22:17.689+0000] {logging_mixin.py:188} INFO - Uploaded /tmp/minio_downloads/1766652625.json to Snowflake stage
[2025-12-25T09:22:17.986+0000] {logging_mixin.py:188} INFO - Uploaded /tmp/minio_downloads/1766652641.json to Snowflake stage
[2025-12-25T09:22:18.626+0000] {logging_mixin.py:188} INFO - Uploaded /tmp/minio_downloads/1766652652.json to Snowflake stage
[2025-12-25T09:22:18.885+0000] {logging_mixin.py:188} INFO - Uploaded /tmp/minio_downloads/1766652665.json to Snowflake stage
[2025-12-25T09:22:19.237+0000] {logging_mixin.py:188} INFO - Uploaded /tmp/minio_downloads/1766652677.json to Snowflake stage
[2025-12-25T09:22:19.569+0000] {logging_mixin.py:188} INFO - Uploaded /tmp/minio_downloads/1766652690.json to Snowflake stage
[2025-12-25T09:22:19.891+0000] {logging_mixin.py:188} INFO - Uploaded /tmp/minio_downloads/1766652703.json to Snowflake stage
[2025-12-25T09:22:20.221+0000] {logging_mixin.py:188} INFO - Uploaded /tmp/minio_downloads/1766652715.json to Snowflake stage
[2025-12-25T09:22:20.919+0000] {logging_mixin.py:188} INFO - Uploaded /tmp/minio_downloads/1766652727.json to Snowflake stage
[2025-12-25T09:22:21.527+0000] {logging_mixin.py:188} INFO - Uploaded /tmp/minio_downloads/1766652739.json to Snowflake stage
[2025-12-25T09:22:21.791+0000] {logging_mixin.py:188} INFO - Uploaded /tmp/minio_downloads/1766652752.json to Snowflake stage
[2025-12-25T09:22:22.189+0000] {logging_mixin.py:188} INFO - Uploaded /tmp/minio_downloads/1766652764.json to Snowflake stage
[2025-12-25T09:22:22.501+0000] {logging_mixin.py:188} INFO - Uploaded /tmp/minio_downloads/1766652777.json to Snowflake stage
[2025-12-25T09:22:22.782+0000] {logging_mixin.py:188} INFO - Uploaded /tmp/minio_downloads/1766652790.json to Snowflake stage
[2025-12-25T09:22:23.058+0000] {logging_mixin.py:188} INFO - Uploaded /tmp/minio_downloads/1766652803.json to Snowflake stage
[2025-12-25T09:22:24.095+0000] {logging_mixin.py:188} INFO - Uploaded /tmp/minio_downloads/1766652815.json to Snowflake stage
[2025-12-25T09:22:24.397+0000] {logging_mixin.py:188} INFO - Uploaded /tmp/minio_downloads/1766652827.json to Snowflake stage
[2025-12-25T09:22:24.730+0000] {logging_mixin.py:188} INFO - Uploaded /tmp/minio_downloads/1766652841.json to Snowflake stage
[2025-12-25T09:22:25.041+0000] {logging_mixin.py:188} INFO - Uploaded /tmp/minio_downloads/1766652854.json to Snowflake stage
[2025-12-25T09:22:25.722+0000] {logging_mixin.py:188} INFO - Uploaded /tmp/minio_downloads/1766652866.json to Snowflake stage
[2025-12-25T09:22:25.998+0000] {logging_mixin.py:188} INFO - Uploaded /tmp/minio_downloads/1766652878.json to Snowflake stage
[2025-12-25T09:22:26.316+0000] {logging_mixin.py:188} INFO - Uploaded /tmp/minio_downloads/1766652889.json to Snowflake stage
[2025-12-25T09:22:26.577+0000] {logging_mixin.py:188} INFO - Uploaded /tmp/minio_downloads/1766652902.json to Snowflake stage
[2025-12-25T09:22:26.970+0000] {logging_mixin.py:188} INFO - Uploaded /tmp/minio_downloads/1766652919.json to Snowflake stage
[2025-12-25T09:22:27.249+0000] {logging_mixin.py:188} INFO - Uploaded /tmp/minio_downloads/1766652930.json to Snowflake stage
[2025-12-25T09:22:27.540+0000] {logging_mixin.py:188} INFO - Uploaded /tmp/minio_downloads/1766652944.json to Snowflake stage
[2025-12-25T09:22:27.816+0000] {logging_mixin.py:188} INFO - Uploaded /tmp/minio_downloads/1766652958.json to Snowflake stage
[2025-12-25T09:22:28.086+0000] {logging_mixin.py:188} INFO - Uploaded /tmp/minio_downloads/1766652969.json to Snowflake stage
[2025-12-25T09:22:28.598+0000] {logging_mixin.py:188} INFO - Uploaded /tmp/minio_downloads/1766652980.json to Snowflake stage
[2025-12-25T09:22:28.899+0000] {logging_mixin.py:188} INFO - Uploaded /tmp/minio_downloads/1766652994.json to Snowflake stage
[2025-12-25T09:22:29.201+0000] {logging_mixin.py:188} INFO - Uploaded /tmp/minio_downloads/1766653006.json to Snowflake stage
[2025-12-25T09:22:31.933+0000] {logging_mixin.py:188} INFO - Uploaded /tmp/minio_downloads/1766653020.json to Snowflake stage
[2025-12-25T09:22:32.211+0000] {logging_mixin.py:188} INFO - Uploaded /tmp/minio_downloads/1766653032.json to Snowflake stage
[2025-12-25T09:22:32.480+0000] {logging_mixin.py:188} INFO - Uploaded /tmp/minio_downloads/1766653046.json to Snowflake stage
[2025-12-25T09:22:32.737+0000] {logging_mixin.py:188} INFO - Uploaded /tmp/minio_downloads/1766653060.json to Snowflake stage
[2025-12-25T09:22:33.020+0000] {logging_mixin.py:188} INFO - Uploaded /tmp/minio_downloads/1766653073.json to Snowflake stage
[2025-12-25T09:22:33.580+0000] {logging_mixin.py:188} INFO - Uploaded /tmp/minio_downloads/1766653085.json to Snowflake stage
[2025-12-25T09:22:33.852+0000] {logging_mixin.py:188} INFO - Uploaded /tmp/minio_downloads/1766653097.json to Snowflake stage
[2025-12-25T09:22:34.132+0000] {logging_mixin.py:188} INFO - Uploaded /tmp/minio_downloads/1766653110.json to Snowflake stage
[2025-12-25T09:22:34.400+0000] {logging_mixin.py:188} INFO - Uploaded /tmp/minio_downloads/1766653125.json to Snowflake stage
[2025-12-25T09:22:34.663+0000] {logging_mixin.py:188} INFO - Uploaded /tmp/minio_downloads/1766653137.json to Snowflake stage
[2025-12-25T09:22:34.987+0000] {logging_mixin.py:188} INFO - Uploaded /tmp/minio_downloads/1766653149.json to Snowflake stage
[2025-12-25T09:22:35.248+0000] {logging_mixin.py:188} INFO - Uploaded /tmp/minio_downloads/1766653161.json to Snowflake stage
[2025-12-25T09:22:36.272+0000] {logging_mixin.py:188} INFO - Uploaded /tmp/minio_downloads/1766653177.json to Snowflake stage
[2025-12-25T09:22:36.591+0000] {logging_mixin.py:188} INFO - Uploaded /tmp/minio_downloads/1766653191.json to Snowflake stage
[2025-12-25T09:22:36.887+0000] {logging_mixin.py:188} INFO - Uploaded /tmp/minio_downloads/1766653206.json to Snowflake stage
[2025-12-25T09:22:37.156+0000] {logging_mixin.py:188} INFO - Uploaded /tmp/minio_downloads/1766653218.json to Snowflake stage
[2025-12-25T09:22:37.438+0000] {logging_mixin.py:188} INFO - Uploaded /tmp/minio_downloads/1766653231.json to Snowflake stage
[2025-12-25T09:22:37.860+0000] {logging_mixin.py:188} INFO - Uploaded /tmp/minio_downloads/1766653244.json to Snowflake stage
[2025-12-25T09:22:38.312+0000] {logging_mixin.py:188} INFO - Uploaded /tmp/minio_downloads/1766653256.json to Snowflake stage
[2025-12-25T09:22:38.793+0000] {logging_mixin.py:188} INFO - Uploaded /tmp/minio_downloads/1766653268.json to Snowflake stage
[2025-12-25T09:22:39.216+0000] {logging_mixin.py:188} INFO - Uploaded /tmp/minio_downloads/1766653281.json to Snowflake stage
[2025-12-25T09:22:40.278+0000] {logging_mixin.py:188} INFO - Uploaded /tmp/minio_downloads/1766653293.json to Snowflake stage
[2025-12-25T09:22:40.733+0000] {logging_mixin.py:188} INFO - Uploaded /tmp/minio_downloads/1766653309.json to Snowflake stage
[2025-12-25T09:22:41.122+0000] {logging_mixin.py:188} INFO - Uploaded /tmp/minio_downloads/1766653323.json to Snowflake stage
[2025-12-25T09:22:41.516+0000] {logging_mixin.py:188} INFO - Uploaded /tmp/minio_downloads/1766653336.json to Snowflake stage
[2025-12-25T09:22:41.907+0000] {logging_mixin.py:188} INFO - Uploaded /tmp/minio_downloads/1766653350.json to Snowflake stage
[2025-12-25T09:22:42.468+0000] {logging_mixin.py:188} INFO - Uploaded /tmp/minio_downloads/1766653367.json to Snowflake stage
[2025-12-25T09:22:42.944+0000] {logging_mixin.py:188} INFO - Uploaded /tmp/minio_downloads/1766653388.json to Snowflake stage
[2025-12-25T09:22:44.319+0000] {logging_mixin.py:188} INFO - Uploaded /tmp/minio_downloads/1766653404.json to Snowflake stage
[2025-12-25T09:22:44.886+0000] {logging_mixin.py:188} INFO - Uploaded /tmp/minio_downloads/1766653417.json to Snowflake stage
[2025-12-25T09:22:45.530+0000] {logging_mixin.py:188} INFO - Uploaded /tmp/minio_downloads/1766653430.json to Snowflake stage
[2025-12-25T09:22:45.998+0000] {logging_mixin.py:188} INFO - Uploaded /tmp/minio_downloads/1766653445.json to Snowflake stage
[2025-12-25T09:22:46.482+0000] {logging_mixin.py:188} INFO - Uploaded /tmp/minio_downloads/1766653463.json to Snowflake stage
[2025-12-25T09:22:46.987+0000] {logging_mixin.py:188} INFO - Uploaded /tmp/minio_downloads/1766653481.json to Snowflake stage
[2025-12-25T09:22:47.447+0000] {logging_mixin.py:188} INFO - Uploaded /tmp/minio_downloads/1766653504.json to Snowflake stage
[2025-12-25T09:22:47.871+0000] {logging_mixin.py:188} INFO - Uploaded /tmp/minio_downloads/1766653518.json to Snowflake stage
[2025-12-25T09:22:48.304+0000] {logging_mixin.py:188} INFO - Uploaded /tmp/minio_downloads/1766653538.json to Snowflake stage
[2025-12-25T09:22:48.795+0000] {logging_mixin.py:188} INFO - Uploaded /tmp/minio_downloads/1766653553.json to Snowflake stage
[2025-12-25T09:22:49.204+0000] {logging_mixin.py:188} INFO - Uploaded /tmp/minio_downloads/1766653615.json to Snowflake stage
[2025-12-25T09:22:49.958+0000] {logging_mixin.py:188} INFO - Uploaded /tmp/minio_downloads/1766653629.json to Snowflake stage
[2025-12-25T09:22:50.867+0000] {logging_mixin.py:188} INFO - Uploaded /tmp/minio_downloads/1766653664.json to Snowflake stage
[2025-12-25T09:22:52.014+0000] {logging_mixin.py:188} INFO - Uploaded /tmp/minio_downloads/1766653682.json to Snowflake stage
[2025-12-25T09:22:52.540+0000] {logging_mixin.py:188} INFO - Uploaded /tmp/minio_downloads/1766653696.json to Snowflake stage
[2025-12-25T09:22:52.972+0000] {logging_mixin.py:188} INFO - Uploaded /tmp/minio_downloads/1766653714.json to Snowflake stage
[2025-12-25T09:22:53.594+0000] {logging_mixin.py:188} INFO - Uploaded /tmp/minio_downloads/1766653734.json to Snowflake stage
[2025-12-25T09:22:54.664+0000] {logging_mixin.py:188} INFO - Uploaded /tmp/minio_downloads/1766653746.json to Snowflake stage
[2025-12-25T09:22:55.456+0000] {logging_mixin.py:188} INFO - Uploaded /tmp/minio_downloads/1766653760.json to Snowflake stage
[2025-12-25T09:22:55.845+0000] {logging_mixin.py:188} INFO - Uploaded /tmp/minio_downloads/1766653773.json to Snowflake stage
[2025-12-25T09:22:56.257+0000] {logging_mixin.py:188} INFO - Uploaded /tmp/minio_downloads/1766653786.json to Snowflake stage
[2025-12-25T09:22:56.648+0000] {logging_mixin.py:188} INFO - Uploaded /tmp/minio_downloads/1766653799.json to Snowflake stage
[2025-12-25T09:22:56.921+0000] {logging_mixin.py:188} INFO - Uploaded /tmp/minio_downloads/1766651915.json to Snowflake stage
[2025-12-25T09:22:57.246+0000] {logging_mixin.py:188} INFO - Uploaded /tmp/minio_downloads/1766651927.json to Snowflake stage
[2025-12-25T09:22:58.176+0000] {logging_mixin.py:188} INFO - Uploaded /tmp/minio_downloads/1766651939.json to Snowflake stage
[2025-12-25T09:22:58.819+0000] {logging_mixin.py:188} INFO - Uploaded /tmp/minio_downloads/1766651951.json to Snowflake stage
[2025-12-25T09:22:59.087+0000] {logging_mixin.py:188} INFO - Uploaded /tmp/minio_downloads/1766651963.json to Snowflake stage
[2025-12-25T09:22:59.385+0000] {logging_mixin.py:188} INFO - Uploaded /tmp/minio_downloads/1766651977.json to Snowflake stage
[2025-12-25T09:23:00.032+0000] {logging_mixin.py:188} INFO - Uploaded /tmp/minio_downloads/1766651988.json to Snowflake stage
[2025-12-25T09:23:00.346+0000] {logging_mixin.py:188} INFO - Uploaded /tmp/minio_downloads/1766652000.json to Snowflake stage
[2025-12-25T09:23:00.701+0000] {logging_mixin.py:188} INFO - Uploaded /tmp/minio_downloads/1766652012.json to Snowflake stage
[2025-12-25T09:23:01.027+0000] {logging_mixin.py:188} INFO - Uploaded /tmp/minio_downloads/1766652024.json to Snowflake stage
[2025-12-25T09:23:01.285+0000] {logging_mixin.py:188} INFO - Uploaded /tmp/minio_downloads/1766652035.json to Snowflake stage
[2025-12-25T09:23:01.539+0000] {logging_mixin.py:188} INFO - Uploaded /tmp/minio_downloads/1766652047.json to Snowflake stage
[2025-12-25T09:23:01.826+0000] {logging_mixin.py:188} INFO - Uploaded /tmp/minio_downloads/1766652059.json to Snowflake stage
[2025-12-25T09:23:02.146+0000] {logging_mixin.py:188} INFO - Uploaded /tmp/minio_downloads/1766652071.json to Snowflake stage
[2025-12-25T09:23:02.402+0000] {logging_mixin.py:188} INFO - Uploaded /tmp/minio_downloads/1766652083.json to Snowflake stage
[2025-12-25T09:23:02.658+0000] {logging_mixin.py:188} INFO - Uploaded /tmp/minio_downloads/1766652096.json to Snowflake stage
[2025-12-25T09:23:03.237+0000] {logging_mixin.py:188} INFO - Uploaded /tmp/minio_downloads/1766652107.json to Snowflake stage
[2025-12-25T09:23:04.001+0000] {logging_mixin.py:188} INFO - Uploaded /tmp/minio_downloads/1766652119.json to Snowflake stage
[2025-12-25T09:23:04.381+0000] {logging_mixin.py:188} INFO - Uploaded /tmp/minio_downloads/1766652131.json to Snowflake stage
[2025-12-25T09:23:04.748+0000] {logging_mixin.py:188} INFO - Uploaded /tmp/minio_downloads/1766652144.json to Snowflake stage
[2025-12-25T09:23:05.029+0000] {logging_mixin.py:188} INFO - Uploaded /tmp/minio_downloads/1766652156.json to Snowflake stage
[2025-12-25T09:23:05.296+0000] {logging_mixin.py:188} INFO - Uploaded /tmp/minio_downloads/1766652168.json to Snowflake stage
[2025-12-25T09:23:06.286+0000] {logging_mixin.py:188} INFO - Uploaded /tmp/minio_downloads/1766652180.json to Snowflake stage
[2025-12-25T09:23:06.606+0000] {logging_mixin.py:188} INFO - Uploaded /tmp/minio_downloads/1766652191.json to Snowflake stage
[2025-12-25T09:23:06.870+0000] {logging_mixin.py:188} INFO - Uploaded /tmp/minio_downloads/1766652205.json to Snowflake stage
[2025-12-25T09:23:07.131+0000] {logging_mixin.py:188} INFO - Uploaded /tmp/minio_downloads/1766652216.json to Snowflake stage
[2025-12-25T09:23:07.385+0000] {logging_mixin.py:188} INFO - Uploaded /tmp/minio_downloads/1766652228.json to Snowflake stage
[2025-12-25T09:23:07.667+0000] {logging_mixin.py:188} INFO - Uploaded /tmp/minio_downloads/1766652240.json to Snowflake stage
[2025-12-25T09:23:08.049+0000] {logging_mixin.py:188} INFO - Uploaded /tmp/minio_downloads/1766652251.json to Snowflake stage
[2025-12-25T09:23:08.362+0000] {logging_mixin.py:188} INFO - Uploaded /tmp/minio_downloads/1766652263.json to Snowflake stage
[2025-12-25T09:23:08.671+0000] {logging_mixin.py:188} INFO - Uploaded /tmp/minio_downloads/1766652276.json to Snowflake stage
[2025-12-25T09:23:09.264+0000] {logging_mixin.py:188} INFO - Uploaded /tmp/minio_downloads/1766652288.json to Snowflake stage
[2025-12-25T09:23:09.883+0000] {logging_mixin.py:188} INFO - Uploaded /tmp/minio_downloads/1766652300.json to Snowflake stage
[2025-12-25T09:23:10.222+0000] {logging_mixin.py:188} INFO - Uploaded /tmp/minio_downloads/1766652311.json to Snowflake stage
[2025-12-25T09:23:10.559+0000] {logging_mixin.py:188} INFO - Uploaded /tmp/minio_downloads/1766652323.json to Snowflake stage
[2025-12-25T09:23:10.888+0000] {logging_mixin.py:188} INFO - Uploaded /tmp/minio_downloads/1766652336.json to Snowflake stage
[2025-12-25T09:23:11.202+0000] {logging_mixin.py:188} INFO - Uploaded /tmp/minio_downloads/1766652348.json to Snowflake stage
[2025-12-25T09:23:11.693+0000] {logging_mixin.py:188} INFO - Uploaded /tmp/minio_downloads/1766652360.json to Snowflake stage
[2025-12-25T09:23:11.961+0000] {logging_mixin.py:188} INFO - Uploaded /tmp/minio_downloads/1766652372.json to Snowflake stage
[2025-12-25T09:23:12.263+0000] {logging_mixin.py:188} INFO - Uploaded /tmp/minio_downloads/1766652386.json to Snowflake stage
[2025-12-25T09:23:12.561+0000] {logging_mixin.py:188} INFO - Uploaded /tmp/minio_downloads/1766652400.json to Snowflake stage
[2025-12-25T09:23:12.835+0000] {logging_mixin.py:188} INFO - Uploaded /tmp/minio_downloads/1766652412.json to Snowflake stage
[2025-12-25T09:23:13.151+0000] {logging_mixin.py:188} INFO - Uploaded /tmp/minio_downloads/1766652425.json to Snowflake stage
[2025-12-25T09:23:14.112+0000] {logging_mixin.py:188} INFO - Uploaded /tmp/minio_downloads/1766652438.json to Snowflake stage
[2025-12-25T09:23:14.471+0000] {logging_mixin.py:188} INFO - Uploaded /tmp/minio_downloads/1766652451.json to Snowflake stage
[2025-12-25T09:23:14.799+0000] {logging_mixin.py:188} INFO - Uploaded /tmp/minio_downloads/1766652462.json to Snowflake stage
[2025-12-25T09:23:15.076+0000] {logging_mixin.py:188} INFO - Uploaded /tmp/minio_downloads/1766652476.json to Snowflake stage
[2025-12-25T09:23:15.354+0000] {logging_mixin.py:188} INFO - Uploaded /tmp/minio_downloads/1766652489.json to Snowflake stage
[2025-12-25T09:23:15.934+0000] {logging_mixin.py:188} INFO - Uploaded /tmp/minio_downloads/1766652502.json to Snowflake stage
[2025-12-25T09:23:16.334+0000] {logging_mixin.py:188} INFO - Uploaded /tmp/minio_downloads/1766652515.json to Snowflake stage
[2025-12-25T09:23:17.381+0000] {logging_mixin.py:188} INFO - Uploaded /tmp/minio_downloads/1766652529.json to Snowflake stage
[2025-12-25T09:23:17.779+0000] {logging_mixin.py:188} INFO - Uploaded /tmp/minio_downloads/1766652542.json to Snowflake stage
[2025-12-25T09:23:18.099+0000] {logging_mixin.py:188} INFO - Uploaded /tmp/minio_downloads/1766652556.json to Snowflake stage
[2025-12-25T09:23:18.444+0000] {logging_mixin.py:188} INFO - Uploaded /tmp/minio_downloads/1766652569.json to Snowflake stage
[2025-12-25T09:23:18.779+0000] {logging_mixin.py:188} INFO - Uploaded /tmp/minio_downloads/1766652582.json to Snowflake stage
[2025-12-25T09:23:19.127+0000] {logging_mixin.py:188} INFO - Uploaded /tmp/minio_downloads/1766652596.json to Snowflake stage
[2025-12-25T09:23:20.244+0000] {logging_mixin.py:188} INFO - Uploaded /tmp/minio_downloads/1766652610.json to Snowflake stage
[2025-12-25T09:23:20.560+0000] {logging_mixin.py:188} INFO - Uploaded /tmp/minio_downloads/1766652623.json to Snowflake stage
[2025-12-25T09:23:20.881+0000] {logging_mixin.py:188} INFO - Uploaded /tmp/minio_downloads/1766652640.json to Snowflake stage
[2025-12-25T09:23:21.137+0000] {logging_mixin.py:188} INFO - Uploaded /tmp/minio_downloads/1766652651.json to Snowflake stage
[2025-12-25T09:23:21.389+0000] {logging_mixin.py:188} INFO - Uploaded /tmp/minio_downloads/1766652664.json to Snowflake stage
[2025-12-25T09:23:21.651+0000] {logging_mixin.py:188} INFO - Uploaded /tmp/minio_downloads/1766652676.json to Snowflake stage
[2025-12-25T09:23:21.944+0000] {logging_mixin.py:188} INFO - Uploaded /tmp/minio_downloads/1766652689.json to Snowflake stage
[2025-12-25T09:23:22.226+0000] {logging_mixin.py:188} INFO - Uploaded /tmp/minio_downloads/1766652702.json to Snowflake stage
[2025-12-25T09:23:22.479+0000] {logging_mixin.py:188} INFO - Uploaded /tmp/minio_downloads/1766652714.json to Snowflake stage
[2025-12-25T09:23:22.751+0000] {logging_mixin.py:188} INFO - Uploaded /tmp/minio_downloads/1766652726.json to Snowflake stage
[2025-12-25T09:23:23.007+0000] {logging_mixin.py:188} INFO - Uploaded /tmp/minio_downloads/1766652738.json to Snowflake stage
[2025-12-25T09:23:23.292+0000] {logging_mixin.py:188} INFO - Uploaded /tmp/minio_downloads/1766652751.json to Snowflake stage
[2025-12-25T09:23:23.573+0000] {logging_mixin.py:188} INFO - Uploaded /tmp/minio_downloads/1766652763.json to Snowflake stage
[2025-12-25T09:23:23.824+0000] {logging_mixin.py:188} INFO - Uploaded /tmp/minio_downloads/1766652775.json to Snowflake stage
[2025-12-25T09:23:24.081+0000] {logging_mixin.py:188} INFO - Uploaded /tmp/minio_downloads/1766652789.json to Snowflake stage
[2025-12-25T09:23:24.354+0000] {logging_mixin.py:188} INFO - Uploaded /tmp/minio_downloads/1766652802.json to Snowflake stage
[2025-12-25T09:23:24.611+0000] {logging_mixin.py:188} INFO - Uploaded /tmp/minio_downloads/1766652814.json to Snowflake stage
[2025-12-25T09:23:24.881+0000] {logging_mixin.py:188} INFO - Uploaded /tmp/minio_downloads/1766652826.json to Snowflake stage
[2025-12-25T09:23:25.142+0000] {logging_mixin.py:188} INFO - Uploaded /tmp/minio_downloads/1766652839.json to Snowflake stage
[2025-12-25T09:23:25.400+0000] {logging_mixin.py:188} INFO - Uploaded /tmp/minio_downloads/1766652853.json to Snowflake stage
[2025-12-25T09:23:25.674+0000] {logging_mixin.py:188} INFO - Uploaded /tmp/minio_downloads/1766652865.json to Snowflake stage
[2025-12-25T09:23:25.926+0000] {logging_mixin.py:188} INFO - Uploaded /tmp/minio_downloads/1766652877.json to Snowflake stage
[2025-12-25T09:23:26.182+0000] {logging_mixin.py:188} INFO - Uploaded /tmp/minio_downloads/1766652888.json to Snowflake stage
[2025-12-25T09:23:26.438+0000] {logging_mixin.py:188} INFO - Uploaded /tmp/minio_downloads/1766652901.json to Snowflake stage
[2025-12-25T09:23:26.691+0000] {logging_mixin.py:188} INFO - Uploaded /tmp/minio_downloads/1766652918.json to Snowflake stage
[2025-12-25T09:23:26.955+0000] {logging_mixin.py:188} INFO - Uploaded /tmp/minio_downloads/1766652929.json to Snowflake stage
[2025-12-25T09:23:27.232+0000] {logging_mixin.py:188} INFO - Uploaded /tmp/minio_downloads/1766652942.json to Snowflake stage
[2025-12-25T09:23:27.574+0000] {logging_mixin.py:188} INFO - Uploaded /tmp/minio_downloads/1766652956.json to Snowflake stage
[2025-12-25T09:23:27.837+0000] {logging_mixin.py:188} INFO - Uploaded /tmp/minio_downloads/1766652968.json to Snowflake stage
[2025-12-25T09:23:28.091+0000] {logging_mixin.py:188} INFO - Uploaded /tmp/minio_downloads/1766652979.json to Snowflake stage
[2025-12-25T09:23:28.388+0000] {logging_mixin.py:188} INFO - Uploaded /tmp/minio_downloads/1766652992.json to Snowflake stage
[2025-12-25T09:23:28.641+0000] {logging_mixin.py:188} INFO - Uploaded /tmp/minio_downloads/1766653005.json to Snowflake stage
[2025-12-25T09:23:28.940+0000] {logging_mixin.py:188} INFO - Uploaded /tmp/minio_downloads/1766653018.json to Snowflake stage
[2025-12-25T09:23:29.198+0000] {logging_mixin.py:188} INFO - Uploaded /tmp/minio_downloads/1766653031.json to Snowflake stage
[2025-12-25T09:23:29.476+0000] {logging_mixin.py:188} INFO - Uploaded /tmp/minio_downloads/1766653045.json to Snowflake stage
[2025-12-25T09:23:29.732+0000] {logging_mixin.py:188} INFO - Uploaded /tmp/minio_downloads/1766653058.json to Snowflake stage
[2025-12-25T09:23:30.043+0000] {logging_mixin.py:188} INFO - Uploaded /tmp/minio_downloads/1766653071.json to Snowflake stage
[2025-12-25T09:23:30.356+0000] {logging_mixin.py:188} INFO - Uploaded /tmp/minio_downloads/1766653084.json to Snowflake stage
[2025-12-25T09:23:30.675+0000] {logging_mixin.py:188} INFO - Uploaded /tmp/minio_downloads/1766653096.json to Snowflake stage
[2025-12-25T09:23:31.226+0000] {logging_mixin.py:188} INFO - Uploaded /tmp/minio_downloads/1766653108.json to Snowflake stage
[2025-12-25T09:23:31.645+0000] {logging_mixin.py:188} INFO - Uploaded /tmp/minio_downloads/1766653123.json to Snowflake stage
[2025-12-25T09:23:31.950+0000] {logging_mixin.py:188} INFO - Uploaded /tmp/minio_downloads/1766653136.json to Snowflake stage
[2025-12-25T09:23:32.263+0000] {logging_mixin.py:188} INFO - Uploaded /tmp/minio_downloads/1766653148.json to Snowflake stage
[2025-12-25T09:23:32.574+0000] {logging_mixin.py:188} INFO - Uploaded /tmp/minio_downloads/1766653160.json to Snowflake stage
[2025-12-25T09:23:32.884+0000] {logging_mixin.py:188} INFO - Uploaded /tmp/minio_downloads/1766653175.json to Snowflake stage
[2025-12-25T09:23:33.196+0000] {logging_mixin.py:188} INFO - Uploaded /tmp/minio_downloads/1766653190.json to Snowflake stage
[2025-12-25T09:23:33.679+0000] {logging_mixin.py:188} INFO - Uploaded /tmp/minio_downloads/1766653205.json to Snowflake stage
[2025-12-25T09:23:33.997+0000] {logging_mixin.py:188} INFO - Uploaded /tmp/minio_downloads/1766653217.json to Snowflake stage
[2025-12-25T09:23:34.340+0000] {logging_mixin.py:188} INFO - Uploaded /tmp/minio_downloads/1766653229.json to Snowflake stage
[2025-12-25T09:23:34.752+0000] {logging_mixin.py:188} INFO - Uploaded /tmp/minio_downloads/1766653243.json to Snowflake stage
[2025-12-25T09:23:35.450+0000] {logging_mixin.py:188} INFO - Uploaded /tmp/minio_downloads/1766653254.json to Snowflake stage
[2025-12-25T09:23:35.836+0000] {logging_mixin.py:188} INFO - Uploaded /tmp/minio_downloads/1766653267.json to Snowflake stage
[2025-12-25T09:23:36.216+0000] {logging_mixin.py:188} INFO - Uploaded /tmp/minio_downloads/1766653280.json to Snowflake stage
[2025-12-25T09:23:36.599+0000] {logging_mixin.py:188} INFO - Uploaded /tmp/minio_downloads/1766653292.json to Snowflake stage
[2025-12-25T09:23:37.179+0000] {logging_mixin.py:188} INFO - Uploaded /tmp/minio_downloads/1766653307.json to Snowflake stage
[2025-12-25T09:23:40.879+0000] {logging_mixin.py:188} INFO - Uploaded /tmp/minio_downloads/1766653322.json to Snowflake stage
[2025-12-25T09:23:41.286+0000] {logging_mixin.py:188} INFO - Uploaded /tmp/minio_downloads/1766653334.json to Snowflake stage
[2025-12-25T09:23:41.667+0000] {logging_mixin.py:188} INFO - Uploaded /tmp/minio_downloads/1766653348.json to Snowflake stage
[2025-12-25T09:23:42.068+0000] {logging_mixin.py:188} INFO - Uploaded /tmp/minio_downloads/1766653365.json to Snowflake stage
[2025-12-25T09:23:42.457+0000] {logging_mixin.py:188} INFO - Uploaded /tmp/minio_downloads/1766653387.json to Snowflake stage
[2025-12-25T09:23:42.838+0000] {logging_mixin.py:188} INFO - Uploaded /tmp/minio_downloads/1766653403.json to Snowflake stage
[2025-12-25T09:23:43.224+0000] {logging_mixin.py:188} INFO - Uploaded /tmp/minio_downloads/1766653416.json to Snowflake stage
[2025-12-25T09:23:43.691+0000] {logging_mixin.py:188} INFO - Uploaded /tmp/minio_downloads/1766653429.json to Snowflake stage
[2025-12-25T09:23:44.122+0000] {logging_mixin.py:188} INFO - Uploaded /tmp/minio_downloads/1766653443.json to Snowflake stage
[2025-12-25T09:23:44.543+0000] {logging_mixin.py:188} INFO - Uploaded /tmp/minio_downloads/1766653462.json to Snowflake stage
[2025-12-25T09:23:44.971+0000] {logging_mixin.py:188} INFO - Uploaded /tmp/minio_downloads/1766653477.json to Snowflake stage
[2025-12-25T09:23:45.365+0000] {logging_mixin.py:188} INFO - Uploaded /tmp/minio_downloads/1766653503.json to Snowflake stage
[2025-12-25T09:23:45.951+0000] {logging_mixin.py:188} INFO - Uploaded /tmp/minio_downloads/1766653517.json to Snowflake stage
[2025-12-25T09:23:46.463+0000] {logging_mixin.py:188} INFO - Uploaded /tmp/minio_downloads/1766653536.json to Snowflake stage
[2025-12-25T09:23:46.987+0000] {logging_mixin.py:188} INFO - Uploaded /tmp/minio_downloads/1766653551.json to Snowflake stage
[2025-12-25T09:23:47.484+0000] {logging_mixin.py:188} INFO - Uploaded /tmp/minio_downloads/1766653614.json to Snowflake stage
[2025-12-25T09:23:47.985+0000] {logging_mixin.py:188} INFO - Uploaded /tmp/minio_downloads/1766653627.json to Snowflake stage
[2025-12-25T09:23:48.374+0000] {logging_mixin.py:188} INFO - Uploaded /tmp/minio_downloads/1766653680.json to Snowflake stage
[2025-12-25T09:23:48.998+0000] {logging_mixin.py:188} INFO - Uploaded /tmp/minio_downloads/1766653695.json to Snowflake stage
[2025-12-25T09:23:49.746+0000] {logging_mixin.py:188} INFO - Uploaded /tmp/minio_downloads/1766653711.json to Snowflake stage
[2025-12-25T09:23:50.439+0000] {logging_mixin.py:188} INFO - Uploaded /tmp/minio_downloads/1766653729.json to Snowflake stage
[2025-12-25T09:23:50.843+0000] {logging_mixin.py:188} INFO - Uploaded /tmp/minio_downloads/1766653745.json to Snowflake stage
[2025-12-25T09:23:51.238+0000] {logging_mixin.py:188} INFO - Uploaded /tmp/minio_downloads/1766653758.json to Snowflake stage
[2025-12-25T09:23:51.947+0000] {logging_mixin.py:188} INFO - Uploaded /tmp/minio_downloads/1766653771.json to Snowflake stage
[2025-12-25T09:23:52.371+0000] {logging_mixin.py:188} INFO - Uploaded /tmp/minio_downloads/1766653785.json to Snowflake stage
[2025-12-25T09:23:52.811+0000] {logging_mixin.py:188} INFO - Uploaded /tmp/minio_downloads/1766653798.json to Snowflake stage
[2025-12-25T09:23:53.088+0000] {logging_mixin.py:188} INFO - Uploaded /tmp/minio_downloads/1766651913.json to Snowflake stage
[2025-12-25T09:23:53.345+0000] {logging_mixin.py:188} INFO - Uploaded /tmp/minio_downloads/1766651924.json to Snowflake stage
[2025-12-25T09:23:53.612+0000] {logging_mixin.py:188} INFO - Uploaded /tmp/minio_downloads/1766651937.json to Snowflake stage
[2025-12-25T09:23:53.880+0000] {logging_mixin.py:188} INFO - Uploaded /tmp/minio_downloads/1766651948.json to Snowflake stage
[2025-12-25T09:23:54.155+0000] {logging_mixin.py:188} INFO - Uploaded /tmp/minio_downloads/1766651960.json to Snowflake stage
[2025-12-25T09:23:55.922+0000] {logging_mixin.py:188} INFO - Uploaded /tmp/minio_downloads/1766651973.json to Snowflake stage
[2025-12-25T09:23:56.329+0000] {logging_mixin.py:188} INFO - Uploaded /tmp/minio_downloads/1766651986.json to Snowflake stage
[2025-12-25T09:23:56.632+0000] {logging_mixin.py:188} INFO - Uploaded /tmp/minio_downloads/1766651998.json to Snowflake stage
[2025-12-25T09:23:56.912+0000] {logging_mixin.py:188} INFO - Uploaded /tmp/minio_downloads/1766652009.json to Snowflake stage
[2025-12-25T09:23:57.180+0000] {logging_mixin.py:188} INFO - Uploaded /tmp/minio_downloads/1766652021.json to Snowflake stage
[2025-12-25T09:23:57.477+0000] {logging_mixin.py:188} INFO - Uploaded /tmp/minio_downloads/1766652033.json to Snowflake stage
[2025-12-25T09:23:57.775+0000] {logging_mixin.py:188} INFO - Uploaded /tmp/minio_downloads/1766652045.json to Snowflake stage
[2025-12-25T09:23:58.123+0000] {logging_mixin.py:188} INFO - Uploaded /tmp/minio_downloads/1766652057.json to Snowflake stage
[2025-12-25T09:23:58.393+0000] {logging_mixin.py:188} INFO - Uploaded /tmp/minio_downloads/1766652069.json to Snowflake stage
[2025-12-25T09:23:58.671+0000] {logging_mixin.py:188} INFO - Uploaded /tmp/minio_downloads/1766652080.json to Snowflake stage
[2025-12-25T09:23:58.961+0000] {logging_mixin.py:188} INFO - Uploaded /tmp/minio_downloads/1766652092.json to Snowflake stage
[2025-12-25T09:23:59.262+0000] {logging_mixin.py:188} INFO - Uploaded /tmp/minio_downloads/1766652105.json to Snowflake stage
[2025-12-25T09:23:59.543+0000] {logging_mixin.py:188} INFO - Uploaded /tmp/minio_downloads/1766652117.json to Snowflake stage
[2025-12-25T09:23:59.803+0000] {logging_mixin.py:188} INFO - Uploaded /tmp/minio_downloads/1766652129.json to Snowflake stage
[2025-12-25T09:24:00.061+0000] {logging_mixin.py:188} INFO - Uploaded /tmp/minio_downloads/1766652141.json to Snowflake stage
[2025-12-25T09:24:00.321+0000] {logging_mixin.py:188} INFO - Uploaded /tmp/minio_downloads/1766652154.json to Snowflake stage
[2025-12-25T09:24:00.573+0000] {logging_mixin.py:188} INFO - Uploaded /tmp/minio_downloads/1766652166.json to Snowflake stage
[2025-12-25T09:24:00.831+0000] {logging_mixin.py:188} INFO - Uploaded /tmp/minio_downloads/1766652177.json to Snowflake stage
[2025-12-25T09:24:01.082+0000] {logging_mixin.py:188} INFO - Uploaded /tmp/minio_downloads/1766652189.json to Snowflake stage
[2025-12-25T09:24:01.340+0000] {logging_mixin.py:188} INFO - Uploaded /tmp/minio_downloads/1766652202.json to Snowflake stage
[2025-12-25T09:24:01.590+0000] {logging_mixin.py:188} INFO - Uploaded /tmp/minio_downloads/1766652214.json to Snowflake stage
[2025-12-25T09:24:01.860+0000] {logging_mixin.py:188} INFO - Uploaded /tmp/minio_downloads/1766652225.json to Snowflake stage
[2025-12-25T09:24:02.118+0000] {logging_mixin.py:188} INFO - Uploaded /tmp/minio_downloads/1766652238.json to Snowflake stage
[2025-12-25T09:24:02.577+0000] {logging_mixin.py:188} INFO - Uploaded /tmp/minio_downloads/1766652249.json to Snowflake stage
[2025-12-25T09:24:02.859+0000] {logging_mixin.py:188} INFO - Uploaded /tmp/minio_downloads/1766652261.json to Snowflake stage
[2025-12-25T09:24:03.148+0000] {logging_mixin.py:188} INFO - Uploaded /tmp/minio_downloads/1766652274.json to Snowflake stage
[2025-12-25T09:24:03.547+0000] {logging_mixin.py:188} INFO - Uploaded /tmp/minio_downloads/1766652286.json to Snowflake stage
[2025-12-25T09:24:03.930+0000] {logging_mixin.py:188} INFO - Uploaded /tmp/minio_downloads/1766652297.json to Snowflake stage
[2025-12-25T09:24:04.249+0000] {logging_mixin.py:188} INFO - Uploaded /tmp/minio_downloads/1766652309.json to Snowflake stage
[2025-12-25T09:24:04.503+0000] {logging_mixin.py:188} INFO - Uploaded /tmp/minio_downloads/1766652320.json to Snowflake stage
[2025-12-25T09:24:04.828+0000] {logging_mixin.py:188} INFO - Uploaded /tmp/minio_downloads/1766652334.json to Snowflake stage
[2025-12-25T09:24:05.175+0000] {logging_mixin.py:188} INFO - Uploaded /tmp/minio_downloads/1766652346.json to Snowflake stage
[2025-12-25T09:24:05.510+0000] {logging_mixin.py:188} INFO - Uploaded /tmp/minio_downloads/1766652357.json to Snowflake stage
[2025-12-25T09:24:05.850+0000] {logging_mixin.py:188} INFO - Uploaded /tmp/minio_downloads/1766652370.json to Snowflake stage
[2025-12-25T09:24:06.177+0000] {logging_mixin.py:188} INFO - Uploaded /tmp/minio_downloads/1766652383.json to Snowflake stage
[2025-12-25T09:24:06.498+0000] {logging_mixin.py:188} INFO - Uploaded /tmp/minio_downloads/1766652398.json to Snowflake stage
[2025-12-25T09:24:06.808+0000] {logging_mixin.py:188} INFO - Uploaded /tmp/minio_downloads/1766652410.json to Snowflake stage
[2025-12-25T09:24:07.174+0000] {logging_mixin.py:188} INFO - Uploaded /tmp/minio_downloads/1766652422.json to Snowflake stage
[2025-12-25T09:24:07.654+0000] {logging_mixin.py:188} INFO - Uploaded /tmp/minio_downloads/1766652435.json to Snowflake stage
[2025-12-25T09:24:07.968+0000] {logging_mixin.py:188} INFO - Uploaded /tmp/minio_downloads/1766652448.json to Snowflake stage
[2025-12-25T09:24:08.292+0000] {logging_mixin.py:188} INFO - Uploaded /tmp/minio_downloads/1766652460.json to Snowflake stage
[2025-12-25T09:24:08.691+0000] {logging_mixin.py:188} INFO - Uploaded /tmp/minio_downloads/1766652473.json to Snowflake stage
[2025-12-25T09:24:08.946+0000] {logging_mixin.py:188} INFO - Uploaded /tmp/minio_downloads/1766652486.json to Snowflake stage
[2025-12-25T09:24:09.284+0000] {logging_mixin.py:188} INFO - Uploaded /tmp/minio_downloads/1766652500.json to Snowflake stage
[2025-12-25T09:24:09.765+0000] {logging_mixin.py:188} INFO - Uploaded /tmp/minio_downloads/1766652512.json to Snowflake stage
[2025-12-25T09:24:10.017+0000] {logging_mixin.py:188} INFO - Uploaded /tmp/minio_downloads/1766652526.json to Snowflake stage
[2025-12-25T09:24:10.299+0000] {logging_mixin.py:188} INFO - Uploaded /tmp/minio_downloads/1766652539.json to Snowflake stage
[2025-12-25T09:24:10.559+0000] {logging_mixin.py:188} INFO - Uploaded /tmp/minio_downloads/1766652553.json to Snowflake stage
[2025-12-25T09:24:10.821+0000] {logging_mixin.py:188} INFO - Uploaded /tmp/minio_downloads/1766652567.json to Snowflake stage
[2025-12-25T09:24:11.089+0000] {logging_mixin.py:188} INFO - Uploaded /tmp/minio_downloads/1766652579.json to Snowflake stage
[2025-12-25T09:24:11.367+0000] {logging_mixin.py:188} INFO - Uploaded /tmp/minio_downloads/1766652594.json to Snowflake stage
[2025-12-25T09:24:11.640+0000] {logging_mixin.py:188} INFO - Uploaded /tmp/minio_downloads/1766652606.json to Snowflake stage
[2025-12-25T09:24:12.205+0000] {logging_mixin.py:188} INFO - Uploaded /tmp/minio_downloads/1766652620.json to Snowflake stage
[2025-12-25T09:24:12.535+0000] {logging_mixin.py:188} INFO - Uploaded /tmp/minio_downloads/1766652634.json to Snowflake stage
[2025-12-25T09:24:12.876+0000] {logging_mixin.py:188} INFO - Uploaded /tmp/minio_downloads/1766652649.json to Snowflake stage
[2025-12-25T09:24:13.709+0000] {logging_mixin.py:188} INFO - Uploaded /tmp/minio_downloads/1766652661.json to Snowflake stage
[2025-12-25T09:24:14.133+0000] {logging_mixin.py:188} INFO - Uploaded /tmp/minio_downloads/1766652673.json to Snowflake stage
[2025-12-25T09:24:16.422+0000] {logging_mixin.py:188} INFO - Uploaded /tmp/minio_downloads/1766652686.json to Snowflake stage
[2025-12-25T09:24:17.579+0000] {logging_mixin.py:188} INFO - Uploaded /tmp/minio_downloads/1766652699.json to Snowflake stage
[2025-12-25T09:24:17.833+0000] {logging_mixin.py:188} INFO - Uploaded /tmp/minio_downloads/1766652712.json to Snowflake stage
[2025-12-25T09:24:18.457+0000] {logging_mixin.py:188} INFO - Uploaded /tmp/minio_downloads/1766652724.json to Snowflake stage
[2025-12-25T09:24:19.312+0000] {logging_mixin.py:188} INFO - Uploaded /tmp/minio_downloads/1766652735.json to Snowflake stage
[2025-12-25T09:24:19.671+0000] {logging_mixin.py:188} INFO - Uploaded /tmp/minio_downloads/1766652748.json to Snowflake stage
[2025-12-25T09:24:19.976+0000] {logging_mixin.py:188} INFO - Uploaded /tmp/minio_downloads/1766652760.json to Snowflake stage
[2025-12-25T09:24:20.263+0000] {logging_mixin.py:188} INFO - Uploaded /tmp/minio_downloads/1766652773.json to Snowflake stage
[2025-12-25T09:24:20.534+0000] {logging_mixin.py:188} INFO - Uploaded /tmp/minio_downloads/1766652786.json to Snowflake stage
[2025-12-25T09:24:20.797+0000] {logging_mixin.py:188} INFO - Uploaded /tmp/minio_downloads/1766652799.json to Snowflake stage
[2025-12-25T09:24:21.051+0000] {logging_mixin.py:188} INFO - Uploaded /tmp/minio_downloads/1766652812.json to Snowflake stage
[2025-12-25T09:24:21.426+0000] {logging_mixin.py:188} INFO - Uploaded /tmp/minio_downloads/1766652824.json to Snowflake stage
[2025-12-25T09:24:21.706+0000] {logging_mixin.py:188} INFO - Uploaded /tmp/minio_downloads/1766652836.json to Snowflake stage
[2025-12-25T09:24:21.960+0000] {logging_mixin.py:188} INFO - Uploaded /tmp/minio_downloads/1766652850.json to Snowflake stage
[2025-12-25T09:24:22.215+0000] {logging_mixin.py:188} INFO - Uploaded /tmp/minio_downloads/1766652863.json to Snowflake stage
[2025-12-25T09:24:22.538+0000] {logging_mixin.py:188} INFO - Uploaded /tmp/minio_downloads/1766652874.json to Snowflake stage
[2025-12-25T09:24:22.824+0000] {logging_mixin.py:188} INFO - Uploaded /tmp/minio_downloads/1766652886.json to Snowflake stage
[2025-12-25T09:24:23.133+0000] {logging_mixin.py:188} INFO - Uploaded /tmp/minio_downloads/1766652898.json to Snowflake stage
[2025-12-25T09:24:23.394+0000] {logging_mixin.py:188} INFO - Uploaded /tmp/minio_downloads/1766652915.json to Snowflake stage
[2025-12-25T09:24:23.777+0000] {logging_mixin.py:188} INFO - Uploaded /tmp/minio_downloads/1766652927.json to Snowflake stage
[2025-12-25T09:24:24.180+0000] {logging_mixin.py:188} INFO - Uploaded /tmp/minio_downloads/1766652939.json to Snowflake stage
[2025-12-25T09:24:24.939+0000] {logging_mixin.py:188} INFO - Uploaded /tmp/minio_downloads/1766652952.json to Snowflake stage
[2025-12-25T09:24:25.267+0000] {logging_mixin.py:188} INFO - Uploaded /tmp/minio_downloads/1766652966.json to Snowflake stage
[2025-12-25T09:24:25.525+0000] {logging_mixin.py:188} INFO - Uploaded /tmp/minio_downloads/1766652977.json to Snowflake stage
[2025-12-25T09:24:25.793+0000] {logging_mixin.py:188} INFO - Uploaded /tmp/minio_downloads/1766652989.json to Snowflake stage
[2025-12-25T09:24:26.520+0000] {logging_mixin.py:188} INFO - Uploaded /tmp/minio_downloads/1766653002.json to Snowflake stage
[2025-12-25T09:24:26.794+0000] {logging_mixin.py:188} INFO - Uploaded /tmp/minio_downloads/1766653016.json to Snowflake stage
[2025-12-25T09:24:27.055+0000] {logging_mixin.py:188} INFO - Uploaded /tmp/minio_downloads/1766653028.json to Snowflake stage
[2025-12-25T09:24:27.366+0000] {logging_mixin.py:188} INFO - Uploaded /tmp/minio_downloads/1766653042.json to Snowflake stage
[2025-12-25T09:24:27.654+0000] {logging_mixin.py:188} INFO - Uploaded /tmp/minio_downloads/1766653055.json to Snowflake stage
[2025-12-25T09:24:27.930+0000] {logging_mixin.py:188} INFO - Uploaded /tmp/minio_downloads/1766653068.json to Snowflake stage
[2025-12-25T09:24:28.240+0000] {logging_mixin.py:188} INFO - Uploaded /tmp/minio_downloads/1766653081.json to Snowflake stage
[2025-12-25T09:24:28.499+0000] {logging_mixin.py:188} INFO - Uploaded /tmp/minio_downloads/1766653093.json to Snowflake stage
[2025-12-25T09:24:28.769+0000] {logging_mixin.py:188} INFO - Uploaded /tmp/minio_downloads/1766653105.json to Snowflake stage
[2025-12-25T09:24:29.131+0000] {logging_mixin.py:188} INFO - Uploaded /tmp/minio_downloads/1766653118.json to Snowflake stage
[2025-12-25T09:24:29.402+0000] {logging_mixin.py:188} INFO - Uploaded /tmp/minio_downloads/1766653133.json to Snowflake stage
[2025-12-25T09:24:29.655+0000] {logging_mixin.py:188} INFO - Uploaded /tmp/minio_downloads/1766653146.json to Snowflake stage
[2025-12-25T09:24:29.923+0000] {logging_mixin.py:188} INFO - Uploaded /tmp/minio_downloads/1766653158.json to Snowflake stage
[2025-12-25T09:24:30.186+0000] {logging_mixin.py:188} INFO - Uploaded /tmp/minio_downloads/1766653170.json to Snowflake stage
[2025-12-25T09:24:30.511+0000] {logging_mixin.py:188} INFO - Uploaded /tmp/minio_downloads/1766653187.json to Snowflake stage
[2025-12-25T09:24:30.819+0000] {logging_mixin.py:188} INFO - Uploaded /tmp/minio_downloads/1766653200.json to Snowflake stage
[2025-12-25T09:24:31.092+0000] {logging_mixin.py:188} INFO - Uploaded /tmp/minio_downloads/1766653214.json to Snowflake stage
[2025-12-25T09:24:31.372+0000] {logging_mixin.py:188} INFO - Uploaded /tmp/minio_downloads/1766653226.json to Snowflake stage
[2025-12-25T09:24:32.215+0000] {logging_mixin.py:188} INFO - Uploaded /tmp/minio_downloads/1766653240.json to Snowflake stage
[2025-12-25T09:24:32.607+0000] {logging_mixin.py:188} INFO - Uploaded /tmp/minio_downloads/1766653252.json to Snowflake stage
[2025-12-25T09:24:32.992+0000] {logging_mixin.py:188} INFO - Uploaded /tmp/minio_downloads/1766653265.json to Snowflake stage
[2025-12-25T09:24:33.381+0000] {logging_mixin.py:188} INFO - Uploaded /tmp/minio_downloads/1766653277.json to Snowflake stage
[2025-12-25T09:24:33.830+0000] {logging_mixin.py:188} INFO - Uploaded /tmp/minio_downloads/1766653289.json to Snowflake stage
[2025-12-25T09:24:34.224+0000] {logging_mixin.py:188} INFO - Uploaded /tmp/minio_downloads/1766653302.json to Snowflake stage
[2025-12-25T09:24:34.622+0000] {logging_mixin.py:188} INFO - Uploaded /tmp/minio_downloads/1766653318.json to Snowflake stage
[2025-12-25T09:24:35.083+0000] {logging_mixin.py:188} INFO - Uploaded /tmp/minio_downloads/1766653332.json to Snowflake stage
[2025-12-25T09:24:35.478+0000] {logging_mixin.py:188} INFO - Uploaded /tmp/minio_downloads/1766653345.json to Snowflake stage
[2025-12-25T09:24:36.440+0000] {logging_mixin.py:188} INFO - Uploaded /tmp/minio_downloads/1766653359.json to Snowflake stage
[2025-12-25T09:24:36.862+0000] {logging_mixin.py:188} INFO - Uploaded /tmp/minio_downloads/1766653383.json to Snowflake stage
[2025-12-25T09:24:37.253+0000] {logging_mixin.py:188} INFO - Uploaded /tmp/minio_downloads/1766653401.json to Snowflake stage
[2025-12-25T09:24:37.648+0000] {logging_mixin.py:188} INFO - Uploaded /tmp/minio_downloads/1766653413.json to Snowflake stage
[2025-12-25T09:24:38.076+0000] {logging_mixin.py:188} INFO - Uploaded /tmp/minio_downloads/1766653426.json to Snowflake stage
[2025-12-25T09:24:38.557+0000] {logging_mixin.py:188} INFO - Uploaded /tmp/minio_downloads/1766653440.json to Snowflake stage
[2025-12-25T09:24:38.955+0000] {logging_mixin.py:188} INFO - Uploaded /tmp/minio_downloads/1766653459.json to Snowflake stage
[2025-12-25T09:24:39.341+0000] {logging_mixin.py:188} INFO - Uploaded /tmp/minio_downloads/1766653473.json to Snowflake stage
[2025-12-25T09:24:39.732+0000] {logging_mixin.py:188} INFO - Uploaded /tmp/minio_downloads/1766653495.json to Snowflake stage
[2025-12-25T09:24:40.174+0000] {logging_mixin.py:188} INFO - Uploaded /tmp/minio_downloads/1766653513.json to Snowflake stage
[2025-12-25T09:24:40.577+0000] {logging_mixin.py:188} INFO - Uploaded /tmp/minio_downloads/1766653533.json to Snowflake stage
[2025-12-25T09:24:41.030+0000] {logging_mixin.py:188} INFO - Uploaded /tmp/minio_downloads/1766653546.json to Snowflake stage
[2025-12-25T09:24:41.429+0000] {logging_mixin.py:188} INFO - Uploaded /tmp/minio_downloads/1766653595.json to Snowflake stage
[2025-12-25T09:24:41.816+0000] {logging_mixin.py:188} INFO - Uploaded /tmp/minio_downloads/1766653625.json to Snowflake stage
[2025-12-25T09:24:42.209+0000] {logging_mixin.py:188} INFO - Uploaded /tmp/minio_downloads/1766653637.json to Snowflake stage
[2025-12-25T09:24:42.616+0000] {logging_mixin.py:188} INFO - Uploaded /tmp/minio_downloads/1766653675.json to Snowflake stage
[2025-12-25T09:24:43.004+0000] {logging_mixin.py:188} INFO - Uploaded /tmp/minio_downloads/1766653692.json to Snowflake stage
[2025-12-25T09:24:43.388+0000] {logging_mixin.py:188} INFO - Uploaded /tmp/minio_downloads/1766653707.json to Snowflake stage
[2025-12-25T09:24:43.778+0000] {logging_mixin.py:188} INFO - Uploaded /tmp/minio_downloads/1766653723.json to Snowflake stage
[2025-12-25T09:24:44.260+0000] {logging_mixin.py:188} INFO - Uploaded /tmp/minio_downloads/1766653742.json to Snowflake stage
[2025-12-25T09:24:44.635+0000] {logging_mixin.py:188} INFO - Uploaded /tmp/minio_downloads/1766653755.json to Snowflake stage
[2025-12-25T09:24:45.048+0000] {logging_mixin.py:188} INFO - Uploaded /tmp/minio_downloads/1766653769.json to Snowflake stage
[2025-12-25T09:24:45.444+0000] {logging_mixin.py:188} INFO - Uploaded /tmp/minio_downloads/1766653781.json to Snowflake stage
[2025-12-25T09:24:45.860+0000] {logging_mixin.py:188} INFO - Uploaded /tmp/minio_downloads/1766653795.json to Snowflake stage
[2025-12-25T09:24:46.340+0000] {logging_mixin.py:188} INFO - Uploaded /tmp/minio_downloads/1766653808.json to Snowflake stage
[2025-12-25T09:24:46.615+0000] {logging_mixin.py:188} INFO - Uploaded /tmp/minio_downloads/1766651914.json to Snowflake stage
[2025-12-25T09:24:46.875+0000] {logging_mixin.py:188} INFO - Uploaded /tmp/minio_downloads/1766651926.json to Snowflake stage
[2025-12-25T09:24:47.140+0000] {logging_mixin.py:188} INFO - Uploaded /tmp/minio_downloads/1766651938.json to Snowflake stage
[2025-12-25T09:24:47.393+0000] {logging_mixin.py:188} INFO - Uploaded /tmp/minio_downloads/1766651949.json to Snowflake stage
[2025-12-25T09:24:48.017+0000] {logging_mixin.py:188} INFO - Uploaded /tmp/minio_downloads/1766651961.json to Snowflake stage
[2025-12-25T09:24:48.621+0000] {logging_mixin.py:188} INFO - Uploaded /tmp/minio_downloads/1766651975.json to Snowflake stage
[2025-12-25T09:24:48.931+0000] {logging_mixin.py:188} INFO - Uploaded /tmp/minio_downloads/1766651987.json to Snowflake stage
[2025-12-25T09:24:49.835+0000] {logging_mixin.py:188} INFO - Uploaded /tmp/minio_downloads/1766651999.json to Snowflake stage
[2025-12-25T09:24:50.463+0000] {logging_mixin.py:188} INFO - Uploaded /tmp/minio_downloads/1766652011.json to Snowflake stage
[2025-12-25T09:24:50.755+0000] {logging_mixin.py:188} INFO - Uploaded /tmp/minio_downloads/1766652022.json to Snowflake stage
[2025-12-25T09:24:51.174+0000] {logging_mixin.py:188} INFO - Uploaded /tmp/minio_downloads/1766652034.json to Snowflake stage
[2025-12-25T09:24:51.533+0000] {logging_mixin.py:188} INFO - Uploaded /tmp/minio_downloads/1766652046.json to Snowflake stage
[2025-12-25T09:24:51.796+0000] {logging_mixin.py:188} INFO - Uploaded /tmp/minio_downloads/1766652058.json to Snowflake stage
[2025-12-25T09:24:53.293+0000] {logging_mixin.py:188} INFO - Uploaded /tmp/minio_downloads/1766652070.json to Snowflake stage
[2025-12-25T09:24:54.480+0000] {logging_mixin.py:188} INFO - Uploaded /tmp/minio_downloads/1766652081.json to Snowflake stage
[2025-12-25T09:24:54.756+0000] {logging_mixin.py:188} INFO - Uploaded /tmp/minio_downloads/1766652094.json to Snowflake stage
[2025-12-25T09:24:55.015+0000] {logging_mixin.py:188} INFO - Uploaded /tmp/minio_downloads/1766652106.json to Snowflake stage
[2025-12-25T09:24:55.282+0000] {logging_mixin.py:188} INFO - Uploaded /tmp/minio_downloads/1766652118.json to Snowflake stage
[2025-12-25T09:24:55.656+0000] {logging_mixin.py:188} INFO - Uploaded /tmp/minio_downloads/1766652130.json to Snowflake stage
[2025-12-25T09:24:55.935+0000] {logging_mixin.py:188} INFO - Uploaded /tmp/minio_downloads/1766652142.json to Snowflake stage
[2025-12-25T09:24:56.192+0000] {logging_mixin.py:188} INFO - Uploaded /tmp/minio_downloads/1766652155.json to Snowflake stage
[2025-12-25T09:24:56.634+0000] {logging_mixin.py:188} INFO - Uploaded /tmp/minio_downloads/1766652167.json to Snowflake stage
[2025-12-25T09:24:57.508+0000] {logging_mixin.py:188} INFO - Uploaded /tmp/minio_downloads/1766652178.json to Snowflake stage
[2025-12-25T09:24:57.766+0000] {logging_mixin.py:188} INFO - Uploaded /tmp/minio_downloads/1766652190.json to Snowflake stage
[2025-12-25T09:24:58.204+0000] {logging_mixin.py:188} INFO - Uploaded /tmp/minio_downloads/1766652204.json to Snowflake stage
[2025-12-25T09:24:58.524+0000] {logging_mixin.py:188} INFO - Uploaded /tmp/minio_downloads/1766652215.json to Snowflake stage
[2025-12-25T09:24:58.840+0000] {logging_mixin.py:188} INFO - Uploaded /tmp/minio_downloads/1766652227.json to Snowflake stage
[2025-12-25T09:24:59.171+0000] {logging_mixin.py:188} INFO - Uploaded /tmp/minio_downloads/1766652239.json to Snowflake stage
[2025-12-25T09:24:59.511+0000] {logging_mixin.py:188} INFO - Uploaded /tmp/minio_downloads/1766652250.json to Snowflake stage
[2025-12-25T09:24:59.840+0000] {logging_mixin.py:188} INFO - Uploaded /tmp/minio_downloads/1766652262.json to Snowflake stage
[2025-12-25T09:25:00.168+0000] {logging_mixin.py:188} INFO - Uploaded /tmp/minio_downloads/1766652275.json to Snowflake stage
[2025-12-25T09:25:00.490+0000] {logging_mixin.py:188} INFO - Uploaded /tmp/minio_downloads/1766652287.json to Snowflake stage
[2025-12-25T09:25:00.806+0000] {logging_mixin.py:188} INFO - Uploaded /tmp/minio_downloads/1766652298.json to Snowflake stage
[2025-12-25T09:25:01.081+0000] {logging_mixin.py:188} INFO - Uploaded /tmp/minio_downloads/1766652310.json to Snowflake stage
[2025-12-25T09:25:01.360+0000] {logging_mixin.py:188} INFO - Uploaded /tmp/minio_downloads/1766652322.json to Snowflake stage
[2025-12-25T09:25:01.622+0000] {logging_mixin.py:188} INFO - Uploaded /tmp/minio_downloads/1766652335.json to Snowflake stage
[2025-12-25T09:25:02.383+0000] {logging_mixin.py:188} INFO - Uploaded /tmp/minio_downloads/1766652347.json to Snowflake stage
[2025-12-25T09:25:02.637+0000] {logging_mixin.py:188} INFO - Uploaded /tmp/minio_downloads/1766652358.json to Snowflake stage
[2025-12-25T09:25:02.941+0000] {logging_mixin.py:188} INFO - Uploaded /tmp/minio_downloads/1766652371.json to Snowflake stage
[2025-12-25T09:25:03.195+0000] {logging_mixin.py:188} INFO - Uploaded /tmp/minio_downloads/1766652384.json to Snowflake stage
[2025-12-25T09:25:03.453+0000] {logging_mixin.py:188} INFO - Uploaded /tmp/minio_downloads/1766652399.json to Snowflake stage
[2025-12-25T09:25:03.715+0000] {logging_mixin.py:188} INFO - Uploaded /tmp/minio_downloads/1766652411.json to Snowflake stage
[2025-12-25T09:25:03.998+0000] {logging_mixin.py:188} INFO - Uploaded /tmp/minio_downloads/1766652423.json to Snowflake stage
[2025-12-25T09:25:04.265+0000] {logging_mixin.py:188} INFO - Uploaded /tmp/minio_downloads/1766652437.json to Snowflake stage
[2025-12-25T09:25:04.526+0000] {logging_mixin.py:188} INFO - Uploaded /tmp/minio_downloads/1766652450.json to Snowflake stage
[2025-12-25T09:25:04.844+0000] {logging_mixin.py:188} INFO - Uploaded /tmp/minio_downloads/1766652461.json to Snowflake stage
[2025-12-25T09:25:05.156+0000] {logging_mixin.py:188} INFO - Uploaded /tmp/minio_downloads/1766652475.json to Snowflake stage
[2025-12-25T09:25:05.544+0000] {logging_mixin.py:188} INFO - Uploaded /tmp/minio_downloads/1766652488.json to Snowflake stage
[2025-12-25T09:25:05.807+0000] {logging_mixin.py:188} INFO - Uploaded /tmp/minio_downloads/1766652501.json to Snowflake stage
[2025-12-25T09:25:06.066+0000] {logging_mixin.py:188} INFO - Uploaded /tmp/minio_downloads/1766652513.json to Snowflake stage
[2025-12-25T09:25:06.360+0000] {logging_mixin.py:188} INFO - Uploaded /tmp/minio_downloads/1766652527.json to Snowflake stage
[2025-12-25T09:25:06.761+0000] {logging_mixin.py:188} INFO - Uploaded /tmp/minio_downloads/1766652541.json to Snowflake stage
[2025-12-25T09:25:07.100+0000] {logging_mixin.py:188} INFO - Uploaded /tmp/minio_downloads/1766652554.json to Snowflake stage
[2025-12-25T09:25:07.441+0000] {logging_mixin.py:188} INFO - Uploaded /tmp/minio_downloads/1766652568.json to Snowflake stage
[2025-12-25T09:25:07.908+0000] {logging_mixin.py:188} INFO - Uploaded /tmp/minio_downloads/1766652581.json to Snowflake stage
[2025-12-25T09:25:08.189+0000] {logging_mixin.py:188} INFO - Uploaded /tmp/minio_downloads/1766652595.json to Snowflake stage
[2025-12-25T09:25:08.483+0000] {logging_mixin.py:188} INFO - Uploaded /tmp/minio_downloads/1766652608.json to Snowflake stage
[2025-12-25T09:25:08.741+0000] {logging_mixin.py:188} INFO - Uploaded /tmp/minio_downloads/1766652622.json to Snowflake stage
[2025-12-25T09:25:09.016+0000] {logging_mixin.py:188} INFO - Uploaded /tmp/minio_downloads/1766652639.json to Snowflake stage
[2025-12-25T09:25:09.278+0000] {logging_mixin.py:188} INFO - Uploaded /tmp/minio_downloads/1766652650.json to Snowflake stage
[2025-12-25T09:25:09.542+0000] {logging_mixin.py:188} INFO - Uploaded /tmp/minio_downloads/1766652663.json to Snowflake stage
[2025-12-25T09:25:09.891+0000] {logging_mixin.py:188} INFO - Uploaded /tmp/minio_downloads/1766652675.json to Snowflake stage
[2025-12-25T09:25:10.260+0000] {logging_mixin.py:188} INFO - Uploaded /tmp/minio_downloads/1766652688.json to Snowflake stage
[2025-12-25T09:25:10.513+0000] {logging_mixin.py:188} INFO - Uploaded /tmp/minio_downloads/1766652700.json to Snowflake stage
[2025-12-25T09:25:10.772+0000] {logging_mixin.py:188} INFO - Uploaded /tmp/minio_downloads/1766652713.json to Snowflake stage
[2025-12-25T09:25:11.037+0000] {logging_mixin.py:188} INFO - Uploaded /tmp/minio_downloads/1766652725.json to Snowflake stage
[2025-12-25T09:25:11.316+0000] {logging_mixin.py:188} INFO - Uploaded /tmp/minio_downloads/1766652736.json to Snowflake stage
[2025-12-25T09:25:11.589+0000] {logging_mixin.py:188} INFO - Uploaded /tmp/minio_downloads/1766652750.json to Snowflake stage
[2025-12-25T09:25:11.864+0000] {logging_mixin.py:188} INFO - Uploaded /tmp/minio_downloads/1766652762.json to Snowflake stage
[2025-12-25T09:25:12.212+0000] {logging_mixin.py:188} INFO - Uploaded /tmp/minio_downloads/1766652774.json to Snowflake stage
[2025-12-25T09:25:12.514+0000] {logging_mixin.py:188} INFO - Uploaded /tmp/minio_downloads/1766652787.json to Snowflake stage
[2025-12-25T09:25:12.773+0000] {logging_mixin.py:188} INFO - Uploaded /tmp/minio_downloads/1766652800.json to Snowflake stage
[2025-12-25T09:25:13.026+0000] {logging_mixin.py:188} INFO - Uploaded /tmp/minio_downloads/1766652813.json to Snowflake stage
[2025-12-25T09:25:13.286+0000] {logging_mixin.py:188} INFO - Uploaded /tmp/minio_downloads/1766652825.json to Snowflake stage
[2025-12-25T09:25:13.542+0000] {logging_mixin.py:188} INFO - Uploaded /tmp/minio_downloads/1766652837.json to Snowflake stage
[2025-12-25T09:25:13.838+0000] {logging_mixin.py:188} INFO - Uploaded /tmp/minio_downloads/1766652852.json to Snowflake stage
[2025-12-25T09:25:14.172+0000] {logging_mixin.py:188} INFO - Uploaded /tmp/minio_downloads/1766652864.json to Snowflake stage
[2025-12-25T09:25:14.470+0000] {logging_mixin.py:188} INFO - Uploaded /tmp/minio_downloads/1766652875.json to Snowflake stage
[2025-12-25T09:25:14.740+0000] {logging_mixin.py:188} INFO - Uploaded /tmp/minio_downloads/1766652887.json to Snowflake stage
[2025-12-25T09:25:15.017+0000] {logging_mixin.py:188} INFO - Uploaded /tmp/minio_downloads/1766652899.json to Snowflake stage
[2025-12-25T09:25:15.288+0000] {logging_mixin.py:188} INFO - Uploaded /tmp/minio_downloads/1766652917.json to Snowflake stage
[2025-12-25T09:25:15.582+0000] {logging_mixin.py:188} INFO - Uploaded /tmp/minio_downloads/1766652928.json to Snowflake stage
[2025-12-25T09:25:15.854+0000] {logging_mixin.py:188} INFO - Uploaded /tmp/minio_downloads/1766652941.json to Snowflake stage
[2025-12-25T09:25:16.121+0000] {logging_mixin.py:188} INFO - Uploaded /tmp/minio_downloads/1766652954.json to Snowflake stage
[2025-12-25T09:25:16.377+0000] {logging_mixin.py:188} INFO - Uploaded /tmp/minio_downloads/1766652967.json to Snowflake stage
[2025-12-25T09:25:16.640+0000] {logging_mixin.py:188} INFO - Uploaded /tmp/minio_downloads/1766652978.json to Snowflake stage
[2025-12-25T09:25:16.940+0000] {logging_mixin.py:188} INFO - Uploaded /tmp/minio_downloads/1766652990.json to Snowflake stage
[2025-12-25T09:25:17.200+0000] {logging_mixin.py:188} INFO - Uploaded /tmp/minio_downloads/1766653003.json to Snowflake stage
[2025-12-25T09:25:17.454+0000] {logging_mixin.py:188} INFO - Uploaded /tmp/minio_downloads/1766653017.json to Snowflake stage
[2025-12-25T09:25:17.714+0000] {logging_mixin.py:188} INFO - Uploaded /tmp/minio_downloads/1766653030.json to Snowflake stage
[2025-12-25T09:25:17.972+0000] {logging_mixin.py:188} INFO - Uploaded /tmp/minio_downloads/1766653043.json to Snowflake stage
[2025-12-25T09:25:18.230+0000] {logging_mixin.py:188} INFO - Uploaded /tmp/minio_downloads/1766653056.json to Snowflake stage
[2025-12-25T09:25:18.503+0000] {logging_mixin.py:188} INFO - Uploaded /tmp/minio_downloads/1766653070.json to Snowflake stage
[2025-12-25T09:25:18.758+0000] {logging_mixin.py:188} INFO - Uploaded /tmp/minio_downloads/1766653082.json to Snowflake stage
[2025-12-25T09:25:19.091+0000] {logging_mixin.py:188} INFO - Uploaded /tmp/minio_downloads/1766653094.json to Snowflake stage
[2025-12-25T09:25:19.348+0000] {logging_mixin.py:188} INFO - Uploaded /tmp/minio_downloads/1766653107.json to Snowflake stage
[2025-12-25T09:25:19.627+0000] {logging_mixin.py:188} INFO - Uploaded /tmp/minio_downloads/1766653120.json to Snowflake stage
[2025-12-25T09:25:19.882+0000] {logging_mixin.py:188} INFO - Uploaded /tmp/minio_downloads/1766653134.json to Snowflake stage
[2025-12-25T09:25:20.165+0000] {logging_mixin.py:188} INFO - Uploaded /tmp/minio_downloads/1766653147.json to Snowflake stage
[2025-12-25T09:25:20.437+0000] {logging_mixin.py:188} INFO - Uploaded /tmp/minio_downloads/1766653159.json to Snowflake stage
[2025-12-25T09:25:20.697+0000] {logging_mixin.py:188} INFO - Uploaded /tmp/minio_downloads/1766653172.json to Snowflake stage
[2025-12-25T09:25:20.957+0000] {logging_mixin.py:188} INFO - Uploaded /tmp/minio_downloads/1766653188.json to Snowflake stage
[2025-12-25T09:25:21.229+0000] {logging_mixin.py:188} INFO - Uploaded /tmp/minio_downloads/1766653203.json to Snowflake stage
[2025-12-25T09:25:21.548+0000] {logging_mixin.py:188} INFO - Uploaded /tmp/minio_downloads/1766653215.json to Snowflake stage
[2025-12-25T09:25:21.911+0000] {logging_mixin.py:188} INFO - Uploaded /tmp/minio_downloads/1766653228.json to Snowflake stage
[2025-12-25T09:25:22.325+0000] {logging_mixin.py:188} INFO - Uploaded /tmp/minio_downloads/1766653241.json to Snowflake stage
[2025-12-25T09:25:22.736+0000] {logging_mixin.py:188} INFO - Uploaded /tmp/minio_downloads/1766653253.json to Snowflake stage
[2025-12-25T09:25:23.120+0000] {logging_mixin.py:188} INFO - Uploaded /tmp/minio_downloads/1766653266.json to Snowflake stage
[2025-12-25T09:25:23.641+0000] {logging_mixin.py:188} INFO - Uploaded /tmp/minio_downloads/1766653279.json to Snowflake stage
[2025-12-25T09:25:25.147+0000] {logging_mixin.py:188} INFO - Uploaded /tmp/minio_downloads/1766653290.json to Snowflake stage
[2025-12-25T09:25:25.646+0000] {logging_mixin.py:188} INFO - Uploaded /tmp/minio_downloads/1766653305.json to Snowflake stage
[2025-12-25T09:25:26.164+0000] {logging_mixin.py:188} INFO - Uploaded /tmp/minio_downloads/1766653320.json to Snowflake stage
[2025-12-25T09:25:26.661+0000] {logging_mixin.py:188} INFO - Uploaded /tmp/minio_downloads/1766653333.json to Snowflake stage
[2025-12-25T09:25:27.144+0000] {logging_mixin.py:188} INFO - Uploaded /tmp/minio_downloads/1766653346.json to Snowflake stage
[2025-12-25T09:25:27.643+0000] {logging_mixin.py:188} INFO - Uploaded /tmp/minio_downloads/1766653364.json to Snowflake stage
[2025-12-25T09:25:28.156+0000] {logging_mixin.py:188} INFO - Uploaded /tmp/minio_downloads/1766653385.json to Snowflake stage
[2025-12-25T09:25:28.671+0000] {logging_mixin.py:188} INFO - Uploaded /tmp/minio_downloads/1766653402.json to Snowflake stage
[2025-12-25T09:25:29.128+0000] {logging_mixin.py:188} INFO - Uploaded /tmp/minio_downloads/1766653414.json to Snowflake stage
[2025-12-25T09:25:29.651+0000] {logging_mixin.py:188} INFO - Uploaded /tmp/minio_downloads/1766653427.json to Snowflake stage
[2025-12-25T09:25:30.980+0000] {logging_mixin.py:188} INFO - Uploaded /tmp/minio_downloads/1766653442.json to Snowflake stage
[2025-12-25T09:25:31.367+0000] {logging_mixin.py:188} INFO - Uploaded /tmp/minio_downloads/1766653460.json to Snowflake stage
[2025-12-25T09:25:31.931+0000] {logging_mixin.py:188} INFO - Uploaded /tmp/minio_downloads/1766653475.json to Snowflake stage
[2025-12-25T09:25:32.342+0000] {logging_mixin.py:188} INFO - Uploaded /tmp/minio_downloads/1766653502.json to Snowflake stage
[2025-12-25T09:25:32.751+0000] {logging_mixin.py:188} INFO - Uploaded /tmp/minio_downloads/1766653515.json to Snowflake stage
[2025-12-25T09:25:33.150+0000] {logging_mixin.py:188} INFO - Uploaded /tmp/minio_downloads/1766653534.json to Snowflake stage
[2025-12-25T09:25:33.608+0000] {logging_mixin.py:188} INFO - Uploaded /tmp/minio_downloads/1766653549.json to Snowflake stage
[2025-12-25T09:25:33.994+0000] {logging_mixin.py:188} INFO - Uploaded /tmp/minio_downloads/1766653608.json to Snowflake stage
[2025-12-25T09:25:34.393+0000] {logging_mixin.py:188} INFO - Uploaded /tmp/minio_downloads/1766653626.json to Snowflake stage
[2025-12-25T09:25:34.830+0000] {logging_mixin.py:188} INFO - Uploaded /tmp/minio_downloads/1766653639.json to Snowflake stage
[2025-12-25T09:25:35.259+0000] {logging_mixin.py:188} INFO - Uploaded /tmp/minio_downloads/1766653679.json to Snowflake stage
[2025-12-25T09:25:35.641+0000] {logging_mixin.py:188} INFO - Uploaded /tmp/minio_downloads/1766653693.json to Snowflake stage
[2025-12-25T09:25:36.036+0000] {logging_mixin.py:188} INFO - Uploaded /tmp/minio_downloads/1766653709.json to Snowflake stage
[2025-12-25T09:25:36.431+0000] {logging_mixin.py:188} INFO - Uploaded /tmp/minio_downloads/1766653725.json to Snowflake stage
[2025-12-25T09:25:36.822+0000] {logging_mixin.py:188} INFO - Uploaded /tmp/minio_downloads/1766653743.json to Snowflake stage
[2025-12-25T09:25:37.238+0000] {logging_mixin.py:188} INFO - Uploaded /tmp/minio_downloads/1766653756.json to Snowflake stage
[2025-12-25T09:25:37.685+0000] {logging_mixin.py:188} INFO - Uploaded /tmp/minio_downloads/1766653770.json to Snowflake stage
[2025-12-25T09:25:38.134+0000] {logging_mixin.py:188} INFO - Uploaded /tmp/minio_downloads/1766653782.json to Snowflake stage
[2025-12-25T09:25:38.518+0000] {logging_mixin.py:188} INFO - Uploaded /tmp/minio_downloads/1766653797.json to Snowflake stage
[2025-12-25T09:25:38.912+0000] {logging_mixin.py:188} INFO - Uploaded /tmp/minio_downloads/1766653809.json to Snowflake stage
[2025-12-25T09:25:41.608+0000] {cursor.py:1149} INFO - Number of results in first chunk: 167
[2025-12-25T09:25:41.613+0000] {logging_mixin.py:188} INFO - COPY INTO executed
[2025-12-25T09:25:41.625+0000] {connection.py:773} INFO - closed
[2025-12-25T09:25:41.773+0000] {connection.py:779} INFO - No async queries seem to be running, deleting session
[2025-12-25T09:25:41.979+0000] {python.py:237} INFO - Done. Returned value was: None
[2025-12-25T09:25:41.993+0000] {taskinstance.py:441} INFO - ::group::Post task execution logs
[2025-12-25T09:25:42.233+0000] {taskinstance.py:1206} INFO - Marking task as SUCCESS. dag_id=minio_to_snowflake, task_id=load_snowflake, run_id=scheduled__2025-12-25T09:04:00+00:00, execution_date=20251225T090400, start_date=20251225T092012, end_date=20251225T092542
[2025-12-25T09:25:42.726+0000] {local_task_job_runner.py:243} INFO - Task exited with return code 0
[2025-12-25T09:25:43.322+0000] {taskinstance.py:3503} INFO - 1 downstream tasks scheduled from follow-on schedule check
[2025-12-25T09:25:43.335+0000] {local_task_job_runner.py:222} INFO - ::endgroup::
