[2025-12-26T06:08:19.774+0000] {local_task_job_runner.py:120} INFO - ::group::Pre task execution logs
[2025-12-26T06:08:19.886+0000] {taskinstance.py:2076} INFO - Dependencies all met for dep_context=non-requeueable deps ti=<TaskInstance: minio_to_snowflake.load_snowflake scheduled__2025-12-26T06:04:00+00:00 [queued]>
[2025-12-26T06:08:19.906+0000] {taskinstance.py:2076} INFO - Dependencies all met for dep_context=requeueable deps ti=<TaskInstance: minio_to_snowflake.load_snowflake scheduled__2025-12-26T06:04:00+00:00 [queued]>
[2025-12-26T06:08:19.907+0000] {taskinstance.py:2306} INFO - Starting attempt 1 of 2
[2025-12-26T06:08:19.933+0000] {taskinstance.py:2330} INFO - Executing <Task(PythonOperator): load_snowflake> on 2025-12-26 06:04:00+00:00
[2025-12-26T06:08:19.981+0000] {standard_task_runner.py:90} INFO - Running: ['***', 'tasks', 'run', 'minio_to_snowflake', 'load_snowflake', 'scheduled__2025-12-26T06:04:00+00:00', '--job-id', '4', '--raw', '--subdir', 'DAGS_FOLDER/minio_to_snowflake.py', '--cfg-path', '/tmp/tmpoeb07cjd']
[2025-12-26T06:08:19.992+0000] {logging_mixin.py:188} WARNING - /home/***/.local/lib/python3.12/site-packages/***/task/task_runner/standard_task_runner.py:62 DeprecationWarning: This process (pid=913) is multi-threaded, use of fork() may lead to deadlocks in the child.
[2025-12-26T06:08:19.997+0000] {standard_task_runner.py:91} INFO - Job 4: Subtask load_snowflake
[2025-12-26T06:08:19.997+0000] {standard_task_runner.py:64} INFO - Started process 927 to run task
[2025-12-26T06:08:20.181+0000] {task_command.py:426} INFO - Running <TaskInstance: minio_to_snowflake.load_snowflake scheduled__2025-12-26T06:04:00+00:00 [running]> on host 3fb2a1a27553
[2025-12-26T06:08:20.414+0000] {taskinstance.py:2648} INFO - Exporting env vars: AIRFLOW_CTX_DAG_OWNER='***' AIRFLOW_CTX_DAG_ID='minio_to_snowflake' AIRFLOW_CTX_TASK_ID='load_snowflake' AIRFLOW_CTX_EXECUTION_DATE='2025-12-26T06:04:00+00:00' AIRFLOW_CTX_TRY_NUMBER='1' AIRFLOW_CTX_DAG_RUN_ID='scheduled__2025-12-26T06:04:00+00:00'
[2025-12-26T06:08:20.416+0000] {taskinstance.py:430} INFO - ::endgroup::
[2025-12-26T06:08:20.513+0000] {connection.py:610} INFO - Snowflake Connector for Python Version: 4.1.1, Python Version: 3.12.4, Platform: Linux-6.6.87.2-microsoft-standard-WSL2-x86_64-with-glibc2.36
[2025-12-26T06:08:20.515+0000] {connection.py:1693} INFO - Connecting to GLOBAL Snowflake domain
[2025-12-26T06:08:28.836+0000] {logging_mixin.py:188} INFO - Uploaded /tmp/minio_downloads/1766728889.json to Snowflake stage
[2025-12-26T06:08:29.234+0000] {logging_mixin.py:188} INFO - Uploaded /tmp/minio_downloads/1766728900.json to Snowflake stage
[2025-12-26T06:08:29.892+0000] {logging_mixin.py:188} INFO - Uploaded /tmp/minio_downloads/1766728911.json to Snowflake stage
[2025-12-26T06:08:30.360+0000] {logging_mixin.py:188} INFO - Uploaded /tmp/minio_downloads/1766728923.json to Snowflake stage
[2025-12-26T06:08:30.808+0000] {logging_mixin.py:188} INFO - Uploaded /tmp/minio_downloads/1766728935.json to Snowflake stage
[2025-12-26T06:08:31.227+0000] {logging_mixin.py:188} INFO - Uploaded /tmp/minio_downloads/1766728947.json to Snowflake stage
[2025-12-26T06:08:31.619+0000] {logging_mixin.py:188} INFO - Uploaded /tmp/minio_downloads/1766728960.json to Snowflake stage
[2025-12-26T06:08:32.011+0000] {logging_mixin.py:188} INFO - Uploaded /tmp/minio_downloads/1766728972.json to Snowflake stage
[2025-12-26T06:08:32.408+0000] {logging_mixin.py:188} INFO - Uploaded /tmp/minio_downloads/1766728984.json to Snowflake stage
[2025-12-26T06:08:32.824+0000] {logging_mixin.py:188} INFO - Uploaded /tmp/minio_downloads/1766728995.json to Snowflake stage
[2025-12-26T06:08:33.213+0000] {logging_mixin.py:188} INFO - Uploaded /tmp/minio_downloads/1766729007.json to Snowflake stage
[2025-12-26T06:08:33.634+0000] {logging_mixin.py:188} INFO - Uploaded /tmp/minio_downloads/1766729020.json to Snowflake stage
[2025-12-26T06:08:34.026+0000] {logging_mixin.py:188} INFO - Uploaded /tmp/minio_downloads/1766729032.json to Snowflake stage
[2025-12-26T06:08:34.420+0000] {logging_mixin.py:188} INFO - Uploaded /tmp/minio_downloads/1766729044.json to Snowflake stage
[2025-12-26T06:08:34.814+0000] {logging_mixin.py:188} INFO - Uploaded /tmp/minio_downloads/1766729057.json to Snowflake stage
[2025-12-26T06:08:35.223+0000] {logging_mixin.py:188} INFO - Uploaded /tmp/minio_downloads/1766729070.json to Snowflake stage
[2025-12-26T06:08:35.758+0000] {logging_mixin.py:188} INFO - Uploaded /tmp/minio_downloads/1766729083.json to Snowflake stage
[2025-12-26T06:08:36.149+0000] {logging_mixin.py:188} INFO - Uploaded /tmp/minio_downloads/1766729095.json to Snowflake stage
[2025-12-26T06:08:36.558+0000] {logging_mixin.py:188} INFO - Uploaded /tmp/minio_downloads/1766729109.json to Snowflake stage
[2025-12-26T06:08:36.950+0000] {logging_mixin.py:188} INFO - Uploaded /tmp/minio_downloads/1766729122.json to Snowflake stage
[2025-12-26T06:08:37.348+0000] {logging_mixin.py:188} INFO - Uploaded /tmp/minio_downloads/1766729135.json to Snowflake stage
[2025-12-26T06:08:37.737+0000] {logging_mixin.py:188} INFO - Uploaded /tmp/minio_downloads/1766729147.json to Snowflake stage
[2025-12-26T06:08:38.128+0000] {logging_mixin.py:188} INFO - Uploaded /tmp/minio_downloads/1766729160.json to Snowflake stage
[2025-12-26T06:08:38.519+0000] {logging_mixin.py:188} INFO - Uploaded /tmp/minio_downloads/1766729172.json to Snowflake stage
[2025-12-26T06:08:38.910+0000] {logging_mixin.py:188} INFO - Uploaded /tmp/minio_downloads/1766729185.json to Snowflake stage
[2025-12-26T06:08:39.303+0000] {logging_mixin.py:188} INFO - Uploaded /tmp/minio_downloads/1766729199.json to Snowflake stage
[2025-12-26T06:08:39.699+0000] {logging_mixin.py:188} INFO - Uploaded /tmp/minio_downloads/1766729212.json to Snowflake stage
[2025-12-26T06:08:40.086+0000] {logging_mixin.py:188} INFO - Uploaded /tmp/minio_downloads/1766728893.json to Snowflake stage
[2025-12-26T06:08:40.483+0000] {logging_mixin.py:188} INFO - Uploaded /tmp/minio_downloads/1766728904.json to Snowflake stage
[2025-12-26T06:08:40.877+0000] {logging_mixin.py:188} INFO - Uploaded /tmp/minio_downloads/1766728916.json to Snowflake stage
[2025-12-26T06:08:41.276+0000] {logging_mixin.py:188} INFO - Uploaded /tmp/minio_downloads/1766728928.json to Snowflake stage
[2025-12-26T06:08:41.684+0000] {logging_mixin.py:188} INFO - Uploaded /tmp/minio_downloads/1766728940.json to Snowflake stage
[2025-12-26T06:08:42.075+0000] {logging_mixin.py:188} INFO - Uploaded /tmp/minio_downloads/1766728953.json to Snowflake stage
[2025-12-26T06:08:42.464+0000] {logging_mixin.py:188} INFO - Uploaded /tmp/minio_downloads/1766728965.json to Snowflake stage
[2025-12-26T06:08:42.931+0000] {logging_mixin.py:188} INFO - Uploaded /tmp/minio_downloads/1766728976.json to Snowflake stage
[2025-12-26T06:08:43.325+0000] {logging_mixin.py:188} INFO - Uploaded /tmp/minio_downloads/1766728988.json to Snowflake stage
[2025-12-26T06:08:43.717+0000] {logging_mixin.py:188} INFO - Uploaded /tmp/minio_downloads/1766729000.json to Snowflake stage
[2025-12-26T06:08:44.120+0000] {logging_mixin.py:188} INFO - Uploaded /tmp/minio_downloads/1766729013.json to Snowflake stage
[2025-12-26T06:08:44.679+0000] {logging_mixin.py:188} INFO - Uploaded /tmp/minio_downloads/1766729025.json to Snowflake stage
[2025-12-26T06:08:45.127+0000] {logging_mixin.py:188} INFO - Uploaded /tmp/minio_downloads/1766729037.json to Snowflake stage
[2025-12-26T06:08:45.541+0000] {logging_mixin.py:188} INFO - Uploaded /tmp/minio_downloads/1766729050.json to Snowflake stage
[2025-12-26T06:08:45.961+0000] {logging_mixin.py:188} INFO - Uploaded /tmp/minio_downloads/1766729063.json to Snowflake stage
[2025-12-26T06:08:46.386+0000] {logging_mixin.py:188} INFO - Uploaded /tmp/minio_downloads/1766729075.json to Snowflake stage
[2025-12-26T06:08:46.778+0000] {logging_mixin.py:188} INFO - Uploaded /tmp/minio_downloads/1766729088.json to Snowflake stage
[2025-12-26T06:08:47.172+0000] {logging_mixin.py:188} INFO - Uploaded /tmp/minio_downloads/1766729101.json to Snowflake stage
[2025-12-26T06:08:47.567+0000] {logging_mixin.py:188} INFO - Uploaded /tmp/minio_downloads/1766729115.json to Snowflake stage
[2025-12-26T06:08:47.965+0000] {logging_mixin.py:188} INFO - Uploaded /tmp/minio_downloads/1766729128.json to Snowflake stage
[2025-12-26T06:08:48.358+0000] {logging_mixin.py:188} INFO - Uploaded /tmp/minio_downloads/1766729140.json to Snowflake stage
[2025-12-26T06:08:48.760+0000] {logging_mixin.py:188} INFO - Uploaded /tmp/minio_downloads/1766729152.json to Snowflake stage
[2025-12-26T06:08:49.156+0000] {logging_mixin.py:188} INFO - Uploaded /tmp/minio_downloads/1766729165.json to Snowflake stage
[2025-12-26T06:08:49.871+0000] {logging_mixin.py:188} INFO - Uploaded /tmp/minio_downloads/1766729177.json to Snowflake stage
[2025-12-26T06:08:50.262+0000] {logging_mixin.py:188} INFO - Uploaded /tmp/minio_downloads/1766729191.json to Snowflake stage
[2025-12-26T06:08:50.640+0000] {logging_mixin.py:188} INFO - Uploaded /tmp/minio_downloads/1766729204.json to Snowflake stage
[2025-12-26T06:08:51.067+0000] {logging_mixin.py:188} INFO - Uploaded /tmp/minio_downloads/1766729217.json to Snowflake stage
[2025-12-26T06:08:51.446+0000] {logging_mixin.py:188} INFO - Uploaded /tmp/minio_downloads/1766728892.json to Snowflake stage
[2025-12-26T06:08:51.838+0000] {logging_mixin.py:188} INFO - Uploaded /tmp/minio_downloads/1766728903.json to Snowflake stage
[2025-12-26T06:08:52.223+0000] {logging_mixin.py:188} INFO - Uploaded /tmp/minio_downloads/1766728915.json to Snowflake stage
[2025-12-26T06:08:52.612+0000] {logging_mixin.py:188} INFO - Uploaded /tmp/minio_downloads/1766728927.json to Snowflake stage
[2025-12-26T06:08:52.982+0000] {logging_mixin.py:188} INFO - Uploaded /tmp/minio_downloads/1766728939.json to Snowflake stage
[2025-12-26T06:08:53.382+0000] {logging_mixin.py:188} INFO - Uploaded /tmp/minio_downloads/1766728951.json to Snowflake stage
[2025-12-26T06:08:53.767+0000] {logging_mixin.py:188} INFO - Uploaded /tmp/minio_downloads/1766728963.json to Snowflake stage
[2025-12-26T06:08:54.178+0000] {logging_mixin.py:188} INFO - Uploaded /tmp/minio_downloads/1766728975.json to Snowflake stage
[2025-12-26T06:08:54.561+0000] {logging_mixin.py:188} INFO - Uploaded /tmp/minio_downloads/1766728987.json to Snowflake stage
[2025-12-26T06:08:54.983+0000] {logging_mixin.py:188} INFO - Uploaded /tmp/minio_downloads/1766728999.json to Snowflake stage
[2025-12-26T06:08:55.368+0000] {logging_mixin.py:188} INFO - Uploaded /tmp/minio_downloads/1766729011.json to Snowflake stage
[2025-12-26T06:08:55.794+0000] {logging_mixin.py:188} INFO - Uploaded /tmp/minio_downloads/1766729023.json to Snowflake stage
[2025-12-26T06:08:56.184+0000] {logging_mixin.py:188} INFO - Uploaded /tmp/minio_downloads/1766729036.json to Snowflake stage
[2025-12-26T06:08:56.579+0000] {logging_mixin.py:188} INFO - Uploaded /tmp/minio_downloads/1766729048.json to Snowflake stage
[2025-12-26T06:08:56.960+0000] {logging_mixin.py:188} INFO - Uploaded /tmp/minio_downloads/1766729061.json to Snowflake stage
[2025-12-26T06:08:57.351+0000] {logging_mixin.py:188} INFO - Uploaded /tmp/minio_downloads/1766729074.json to Snowflake stage
[2025-12-26T06:08:57.751+0000] {logging_mixin.py:188} INFO - Uploaded /tmp/minio_downloads/1766729087.json to Snowflake stage
[2025-12-26T06:08:58.152+0000] {logging_mixin.py:188} INFO - Uploaded /tmp/minio_downloads/1766729100.json to Snowflake stage
[2025-12-26T06:08:58.541+0000] {logging_mixin.py:188} INFO - Uploaded /tmp/minio_downloads/1766729113.json to Snowflake stage
[2025-12-26T06:08:58.926+0000] {logging_mixin.py:188} INFO - Uploaded /tmp/minio_downloads/1766729126.json to Snowflake stage
[2025-12-26T06:08:59.322+0000] {logging_mixin.py:188} INFO - Uploaded /tmp/minio_downloads/1766729138.json to Snowflake stage
[2025-12-26T06:08:59.905+0000] {logging_mixin.py:188} INFO - Uploaded /tmp/minio_downloads/1766729151.json to Snowflake stage
[2025-12-26T06:09:00.300+0000] {logging_mixin.py:188} INFO - Uploaded /tmp/minio_downloads/1766729164.json to Snowflake stage
[2025-12-26T06:09:00.716+0000] {logging_mixin.py:188} INFO - Uploaded /tmp/minio_downloads/1766729176.json to Snowflake stage
[2025-12-26T06:09:01.100+0000] {logging_mixin.py:188} INFO - Uploaded /tmp/minio_downloads/1766729189.json to Snowflake stage
[2025-12-26T06:09:01.485+0000] {logging_mixin.py:188} INFO - Uploaded /tmp/minio_downloads/1766729202.json to Snowflake stage
[2025-12-26T06:09:01.867+0000] {logging_mixin.py:188} INFO - Uploaded /tmp/minio_downloads/1766729216.json to Snowflake stage
[2025-12-26T06:09:02.264+0000] {logging_mixin.py:188} INFO - Uploaded /tmp/minio_downloads/1766728890.json to Snowflake stage
[2025-12-26T06:09:02.651+0000] {logging_mixin.py:188} INFO - Uploaded /tmp/minio_downloads/1766728901.json to Snowflake stage
[2025-12-26T06:09:03.042+0000] {logging_mixin.py:188} INFO - Uploaded /tmp/minio_downloads/1766728912.json to Snowflake stage
[2025-12-26T06:09:03.424+0000] {logging_mixin.py:188} INFO - Uploaded /tmp/minio_downloads/1766728925.json to Snowflake stage
[2025-12-26T06:09:03.818+0000] {logging_mixin.py:188} INFO - Uploaded /tmp/minio_downloads/1766728936.json to Snowflake stage
[2025-12-26T06:09:04.212+0000] {logging_mixin.py:188} INFO - Uploaded /tmp/minio_downloads/1766728948.json to Snowflake stage
[2025-12-26T06:09:04.604+0000] {logging_mixin.py:188} INFO - Uploaded /tmp/minio_downloads/1766728961.json to Snowflake stage
[2025-12-26T06:09:05.012+0000] {logging_mixin.py:188} INFO - Uploaded /tmp/minio_downloads/1766728973.json to Snowflake stage
[2025-12-26T06:09:05.399+0000] {logging_mixin.py:188} INFO - Uploaded /tmp/minio_downloads/1766728985.json to Snowflake stage
[2025-12-26T06:09:05.866+0000] {logging_mixin.py:188} INFO - Uploaded /tmp/minio_downloads/1766728996.json to Snowflake stage
[2025-12-26T06:09:06.256+0000] {logging_mixin.py:188} INFO - Uploaded /tmp/minio_downloads/1766729008.json to Snowflake stage
[2025-12-26T06:09:06.644+0000] {logging_mixin.py:188} INFO - Uploaded /tmp/minio_downloads/1766729021.json to Snowflake stage
[2025-12-26T06:09:07.034+0000] {logging_mixin.py:188} INFO - Uploaded /tmp/minio_downloads/1766729033.json to Snowflake stage
[2025-12-26T06:09:07.427+0000] {logging_mixin.py:188} INFO - Uploaded /tmp/minio_downloads/1766729045.json to Snowflake stage
[2025-12-26T06:09:07.815+0000] {logging_mixin.py:188} INFO - Uploaded /tmp/minio_downloads/1766729059.json to Snowflake stage
[2025-12-26T06:09:08.200+0000] {logging_mixin.py:188} INFO - Uploaded /tmp/minio_downloads/1766729072.json to Snowflake stage
[2025-12-26T06:09:08.579+0000] {logging_mixin.py:188} INFO - Uploaded /tmp/minio_downloads/1766729084.json to Snowflake stage
[2025-12-26T06:09:08.969+0000] {logging_mixin.py:188} INFO - Uploaded /tmp/minio_downloads/1766729097.json to Snowflake stage
[2025-12-26T06:09:09.357+0000] {logging_mixin.py:188} INFO - Uploaded /tmp/minio_downloads/1766729111.json to Snowflake stage
[2025-12-26T06:09:10.049+0000] {logging_mixin.py:188} INFO - Uploaded /tmp/minio_downloads/1766729124.json to Snowflake stage
[2025-12-26T06:09:10.444+0000] {logging_mixin.py:188} INFO - Uploaded /tmp/minio_downloads/1766729136.json to Snowflake stage
[2025-12-26T06:09:10.839+0000] {logging_mixin.py:188} INFO - Uploaded /tmp/minio_downloads/1766729149.json to Snowflake stage
[2025-12-26T06:09:11.229+0000] {logging_mixin.py:188} INFO - Uploaded /tmp/minio_downloads/1766729161.json to Snowflake stage
[2025-12-26T06:09:11.619+0000] {logging_mixin.py:188} INFO - Uploaded /tmp/minio_downloads/1766729173.json to Snowflake stage
[2025-12-26T06:09:12.009+0000] {logging_mixin.py:188} INFO - Uploaded /tmp/minio_downloads/1766729186.json to Snowflake stage
[2025-12-26T06:09:12.409+0000] {logging_mixin.py:188} INFO - Uploaded /tmp/minio_downloads/1766729200.json to Snowflake stage
[2025-12-26T06:09:12.828+0000] {logging_mixin.py:188} INFO - Uploaded /tmp/minio_downloads/1766729213.json to Snowflake stage
[2025-12-26T06:09:13.247+0000] {logging_mixin.py:188} INFO - Uploaded /tmp/minio_downloads/1766728891.json to Snowflake stage
[2025-12-26T06:09:13.642+0000] {logging_mixin.py:188} INFO - Uploaded /tmp/minio_downloads/1766728902.json to Snowflake stage
[2025-12-26T06:09:14.036+0000] {logging_mixin.py:188} INFO - Uploaded /tmp/minio_downloads/1766728913.json to Snowflake stage
[2025-12-26T06:09:14.426+0000] {logging_mixin.py:188} INFO - Uploaded /tmp/minio_downloads/1766728926.json to Snowflake stage
[2025-12-26T06:09:14.992+0000] {logging_mixin.py:188} INFO - Uploaded /tmp/minio_downloads/1766728937.json to Snowflake stage
[2025-12-26T06:09:15.415+0000] {logging_mixin.py:188} INFO - Uploaded /tmp/minio_downloads/1766728949.json to Snowflake stage
[2025-12-26T06:09:15.817+0000] {logging_mixin.py:188} INFO - Uploaded /tmp/minio_downloads/1766728962.json to Snowflake stage
[2025-12-26T06:09:16.212+0000] {logging_mixin.py:188} INFO - Uploaded /tmp/minio_downloads/1766728974.json to Snowflake stage
[2025-12-26T06:09:16.646+0000] {logging_mixin.py:188} INFO - Uploaded /tmp/minio_downloads/1766728986.json to Snowflake stage
[2025-12-26T06:09:17.049+0000] {logging_mixin.py:188} INFO - Uploaded /tmp/minio_downloads/1766728998.json to Snowflake stage
[2025-12-26T06:09:17.457+0000] {logging_mixin.py:188} INFO - Uploaded /tmp/minio_downloads/1766729010.json to Snowflake stage
[2025-12-26T06:09:17.857+0000] {logging_mixin.py:188} INFO - Uploaded /tmp/minio_downloads/1766729022.json to Snowflake stage
[2025-12-26T06:09:18.261+0000] {logging_mixin.py:188} INFO - Uploaded /tmp/minio_downloads/1766729035.json to Snowflake stage
[2025-12-26T06:09:18.662+0000] {logging_mixin.py:188} INFO - Uploaded /tmp/minio_downloads/1766729047.json to Snowflake stage
[2025-12-26T06:09:19.058+0000] {logging_mixin.py:188} INFO - Uploaded /tmp/minio_downloads/1766729060.json to Snowflake stage
[2025-12-26T06:09:19.459+0000] {logging_mixin.py:188} INFO - Uploaded /tmp/minio_downloads/1766729073.json to Snowflake stage
[2025-12-26T06:09:19.860+0000] {logging_mixin.py:188} INFO - Uploaded /tmp/minio_downloads/1766729085.json to Snowflake stage
[2025-12-26T06:09:20.259+0000] {logging_mixin.py:188} INFO - Uploaded /tmp/minio_downloads/1766729098.json to Snowflake stage
[2025-12-26T06:09:20.650+0000] {logging_mixin.py:188} INFO - Uploaded /tmp/minio_downloads/1766729112.json to Snowflake stage
[2025-12-26T06:09:21.086+0000] {logging_mixin.py:188} INFO - Uploaded /tmp/minio_downloads/1766729125.json to Snowflake stage
[2025-12-26T06:09:21.487+0000] {logging_mixin.py:188} INFO - Uploaded /tmp/minio_downloads/1766729137.json to Snowflake stage
[2025-12-26T06:09:21.880+0000] {logging_mixin.py:188} INFO - Uploaded /tmp/minio_downloads/1766729150.json to Snowflake stage
[2025-12-26T06:09:22.273+0000] {logging_mixin.py:188} INFO - Uploaded /tmp/minio_downloads/1766729162.json to Snowflake stage
[2025-12-26T06:09:22.678+0000] {logging_mixin.py:188} INFO - Uploaded /tmp/minio_downloads/1766729174.json to Snowflake stage
[2025-12-26T06:09:23.086+0000] {logging_mixin.py:188} INFO - Uploaded /tmp/minio_downloads/1766729188.json to Snowflake stage
[2025-12-26T06:09:23.479+0000] {logging_mixin.py:188} INFO - Uploaded /tmp/minio_downloads/1766729201.json to Snowflake stage
[2025-12-26T06:09:23.875+0000] {logging_mixin.py:188} INFO - Uploaded /tmp/minio_downloads/1766729215.json to Snowflake stage
[2025-12-26T06:09:29.002+0000] {logging_mixin.py:188} INFO - COPY INTO executed
[2025-12-26T06:09:29.291+0000] {python.py:237} INFO - Done. Returned value was: None
[2025-12-26T06:09:29.296+0000] {taskinstance.py:441} INFO - ::group::Post task execution logs
[2025-12-26T06:09:29.489+0000] {taskinstance.py:1206} INFO - Marking task as SUCCESS. dag_id=minio_to_snowflake, task_id=load_snowflake, run_id=scheduled__2025-12-26T06:04:00+00:00, execution_date=20251226T060400, start_date=20251226T060819, end_date=20251226T060929
[2025-12-26T06:09:30.356+0000] {local_task_job_runner.py:243} INFO - Task exited with return code 0
[2025-12-26T06:09:31.919+0000] {taskinstance.py:3503} INFO - 1 downstream tasks scheduled from follow-on schedule check
[2025-12-26T06:09:31.967+0000] {local_task_job_runner.py:222} INFO - ::endgroup::
