[2025-12-23T11:23:42.015+0000] {local_task_job_runner.py:120} INFO - ::group::Pre task execution logs
[2025-12-23T11:23:42.083+0000] {taskinstance.py:2076} INFO - Dependencies all met for dep_context=non-requeueable deps ti=<TaskInstance: minio_to_snowflake.download_minio scheduled__2025-12-23T11:22:00+00:00 [queued]>
[2025-12-23T11:23:42.097+0000] {taskinstance.py:2076} INFO - Dependencies all met for dep_context=requeueable deps ti=<TaskInstance: minio_to_snowflake.download_minio scheduled__2025-12-23T11:22:00+00:00 [queued]>
[2025-12-23T11:23:42.099+0000] {taskinstance.py:2306} INFO - Starting attempt 1 of 2
[2025-12-23T11:23:42.123+0000] {taskinstance.py:2330} INFO - Executing <Task(PythonOperator): download_minio> on 2025-12-23 11:22:00+00:00
[2025-12-23T11:23:42.144+0000] {standard_task_runner.py:90} INFO - Running: ['***', 'tasks', 'run', 'minio_to_snowflake', 'download_minio', 'scheduled__2025-12-23T11:22:00+00:00', '--job-id', '54', '--raw', '--subdir', 'DAGS_FOLDER/minio_to_snowflake.py', '--cfg-path', '/tmp/tmpj56xe0ni']
[2025-12-23T11:23:42.150+0000] {standard_task_runner.py:91} INFO - Job 54: Subtask download_minio
[2025-12-23T11:23:42.151+0000] {logging_mixin.py:188} WARNING - /home/***/.local/lib/python3.12/site-packages/***/task/task_runner/standard_task_runner.py:62 DeprecationWarning: This process (pid=1925) is multi-threaded, use of fork() may lead to deadlocks in the child.
[2025-12-23T11:23:42.153+0000] {standard_task_runner.py:64} INFO - Started process 1939 to run task
[2025-12-23T11:23:42.261+0000] {task_command.py:426} INFO - Running <TaskInstance: minio_to_snowflake.download_minio scheduled__2025-12-23T11:22:00+00:00 [running]> on host 5b5bed255d0d
[2025-12-23T11:23:42.451+0000] {taskinstance.py:2648} INFO - Exporting env vars: AIRFLOW_CTX_DAG_OWNER='***' AIRFLOW_CTX_DAG_ID='minio_to_snowflake' AIRFLOW_CTX_TASK_ID='download_minio' AIRFLOW_CTX_EXECUTION_DATE='2025-12-23T11:22:00+00:00' AIRFLOW_CTX_TRY_NUMBER='1' AIRFLOW_CTX_DAG_RUN_ID='scheduled__2025-12-23T11:22:00+00:00'
[2025-12-23T11:23:42.457+0000] {taskinstance.py:430} INFO - ::endgroup::
[2025-12-23T11:23:44.219+0000] {logging_mixin.py:188} INFO - Downloaded AAPL/1766488206.json -> /tmp/minio_downloads/1766488206.json
[2025-12-23T11:23:44.242+0000] {logging_mixin.py:188} INFO - Downloaded AAPL/1766488217.json -> /tmp/minio_downloads/1766488217.json
[2025-12-23T11:23:44.259+0000] {logging_mixin.py:188} INFO - Downloaded AAPL/1766488228.json -> /tmp/minio_downloads/1766488228.json
[2025-12-23T11:23:44.276+0000] {logging_mixin.py:188} INFO - Downloaded AAPL/1766488241.json -> /tmp/minio_downloads/1766488241.json
[2025-12-23T11:23:44.292+0000] {logging_mixin.py:188} INFO - Downloaded AAPL/1766488252.json -> /tmp/minio_downloads/1766488252.json
[2025-12-23T11:23:44.309+0000] {logging_mixin.py:188} INFO - Downloaded AAPL/1766488263.json -> /tmp/minio_downloads/1766488263.json
[2025-12-23T11:23:44.326+0000] {logging_mixin.py:188} INFO - Downloaded AAPL/1766488274.json -> /tmp/minio_downloads/1766488274.json
[2025-12-23T11:23:44.341+0000] {logging_mixin.py:188} INFO - Downloaded AAPL/1766488286.json -> /tmp/minio_downloads/1766488286.json
[2025-12-23T11:23:44.360+0000] {logging_mixin.py:188} INFO - Downloaded AAPL/1766488297.json -> /tmp/minio_downloads/1766488297.json
[2025-12-23T11:23:44.387+0000] {logging_mixin.py:188} INFO - Downloaded AAPL/1766488308.json -> /tmp/minio_downloads/1766488308.json
[2025-12-23T11:23:44.407+0000] {logging_mixin.py:188} INFO - Downloaded AAPL/1766488319.json -> /tmp/minio_downloads/1766488319.json
[2025-12-23T11:23:44.425+0000] {logging_mixin.py:188} INFO - Downloaded AAPL/1766488331.json -> /tmp/minio_downloads/1766488331.json
[2025-12-23T11:23:44.443+0000] {logging_mixin.py:188} INFO - Downloaded AAPL/1766488343.json -> /tmp/minio_downloads/1766488343.json
[2025-12-23T11:23:44.465+0000] {logging_mixin.py:188} INFO - Downloaded AAPL/1766488355.json -> /tmp/minio_downloads/1766488355.json
[2025-12-23T11:23:44.498+0000] {logging_mixin.py:188} INFO - Downloaded AAPL/1766488367.json -> /tmp/minio_downloads/1766488367.json
[2025-12-23T11:23:44.525+0000] {logging_mixin.py:188} INFO - Downloaded AAPL/1766488378.json -> /tmp/minio_downloads/1766488378.json
[2025-12-23T11:23:44.553+0000] {logging_mixin.py:188} INFO - Downloaded AAPL/1766488389.json -> /tmp/minio_downloads/1766488389.json
[2025-12-23T11:23:44.583+0000] {logging_mixin.py:188} INFO - Downloaded AAPL/1766488401.json -> /tmp/minio_downloads/1766488401.json
[2025-12-23T11:23:44.623+0000] {logging_mixin.py:188} INFO - Downloaded AAPL/1766488412.json -> /tmp/minio_downloads/1766488412.json
[2025-12-23T11:23:44.651+0000] {logging_mixin.py:188} INFO - Downloaded AAPL/1766488424.json -> /tmp/minio_downloads/1766488424.json
[2025-12-23T11:23:44.694+0000] {logging_mixin.py:188} INFO - Downloaded AAPL/1766488435.json -> /tmp/minio_downloads/1766488435.json
[2025-12-23T11:23:44.725+0000] {logging_mixin.py:188} INFO - Downloaded AAPL/1766488446.json -> /tmp/minio_downloads/1766488446.json
[2025-12-23T11:23:44.754+0000] {logging_mixin.py:188} INFO - Downloaded AAPL/1766488457.json -> /tmp/minio_downloads/1766488457.json
[2025-12-23T11:23:44.785+0000] {logging_mixin.py:188} INFO - Downloaded AAPL/1766488468.json -> /tmp/minio_downloads/1766488468.json
[2025-12-23T11:23:44.821+0000] {logging_mixin.py:188} INFO - Downloaded AAPL/1766488480.json -> /tmp/minio_downloads/1766488480.json
[2025-12-23T11:23:44.848+0000] {logging_mixin.py:188} INFO - Downloaded AAPL/1766488491.json -> /tmp/minio_downloads/1766488491.json
[2025-12-23T11:23:44.873+0000] {logging_mixin.py:188} INFO - Downloaded AAPL/1766488502.json -> /tmp/minio_downloads/1766488502.json
[2025-12-23T11:23:44.897+0000] {logging_mixin.py:188} INFO - Downloaded AAPL/1766488514.json -> /tmp/minio_downloads/1766488514.json
[2025-12-23T11:23:44.926+0000] {logging_mixin.py:188} INFO - Downloaded AAPL/1766488527.json -> /tmp/minio_downloads/1766488527.json
[2025-12-23T11:23:44.960+0000] {logging_mixin.py:188} INFO - Downloaded AAPL/1766488539.json -> /tmp/minio_downloads/1766488539.json
[2025-12-23T11:23:45.029+0000] {logging_mixin.py:188} INFO - Downloaded AAPL/1766488550.json -> /tmp/minio_downloads/1766488550.json
[2025-12-23T11:23:45.083+0000] {logging_mixin.py:188} INFO - Downloaded AAPL/1766488561.json -> /tmp/minio_downloads/1766488561.json
[2025-12-23T11:23:45.104+0000] {logging_mixin.py:188} INFO - Downloaded AAPL/1766488572.json -> /tmp/minio_downloads/1766488572.json
[2025-12-23T11:23:45.129+0000] {logging_mixin.py:188} INFO - Downloaded AAPL/1766488584.json -> /tmp/minio_downloads/1766488584.json
[2025-12-23T11:23:45.154+0000] {logging_mixin.py:188} INFO - Downloaded AAPL/1766488596.json -> /tmp/minio_downloads/1766488596.json
[2025-12-23T11:23:45.174+0000] {logging_mixin.py:188} INFO - Downloaded AAPL/1766488607.json -> /tmp/minio_downloads/1766488607.json
[2025-12-23T11:23:45.194+0000] {logging_mixin.py:188} INFO - Downloaded AAPL/1766488618.json -> /tmp/minio_downloads/1766488618.json
[2025-12-23T11:23:45.216+0000] {logging_mixin.py:188} INFO - Downloaded AAPL/1766488631.json -> /tmp/minio_downloads/1766488631.json
[2025-12-23T11:23:45.238+0000] {logging_mixin.py:188} INFO - Downloaded AAPL/1766488642.json -> /tmp/minio_downloads/1766488642.json
[2025-12-23T11:23:45.259+0000] {logging_mixin.py:188} INFO - Downloaded AAPL/1766488654.json -> /tmp/minio_downloads/1766488654.json
[2025-12-23T11:23:45.283+0000] {logging_mixin.py:188} INFO - Downloaded AAPL/1766488665.json -> /tmp/minio_downloads/1766488665.json
[2025-12-23T11:23:45.314+0000] {logging_mixin.py:188} INFO - Downloaded AAPL/1766488676.json -> /tmp/minio_downloads/1766488676.json
[2025-12-23T11:23:45.338+0000] {logging_mixin.py:188} INFO - Downloaded AAPL/1766488687.json -> /tmp/minio_downloads/1766488687.json
[2025-12-23T11:23:45.362+0000] {logging_mixin.py:188} INFO - Downloaded AAPL/1766488699.json -> /tmp/minio_downloads/1766488699.json
[2025-12-23T11:23:45.386+0000] {logging_mixin.py:188} INFO - Downloaded AAPL/1766488710.json -> /tmp/minio_downloads/1766488710.json
[2025-12-23T11:23:45.421+0000] {logging_mixin.py:188} INFO - Downloaded AAPL/1766488722.json -> /tmp/minio_downloads/1766488722.json
[2025-12-23T11:23:45.445+0000] {logging_mixin.py:188} INFO - Downloaded AAPL/1766488736.json -> /tmp/minio_downloads/1766488736.json
[2025-12-23T11:23:45.467+0000] {logging_mixin.py:188} INFO - Downloaded AAPL/1766488750.json -> /tmp/minio_downloads/1766488750.json
[2025-12-23T11:23:45.487+0000] {logging_mixin.py:188} INFO - Downloaded AAPL/1766488761.json -> /tmp/minio_downloads/1766488761.json
[2025-12-23T11:23:45.508+0000] {logging_mixin.py:188} INFO - Downloaded AAPL/1766488773.json -> /tmp/minio_downloads/1766488773.json
[2025-12-23T11:23:45.531+0000] {logging_mixin.py:188} INFO - Downloaded AAPL/1766488786.json -> /tmp/minio_downloads/1766488786.json
[2025-12-23T11:23:45.549+0000] {logging_mixin.py:188} INFO - Downloaded AAPL/1766488798.json -> /tmp/minio_downloads/1766488798.json
[2025-12-23T11:23:45.571+0000] {logging_mixin.py:188} INFO - Downloaded AAPL/1766488810.json -> /tmp/minio_downloads/1766488810.json
[2025-12-23T11:23:45.598+0000] {logging_mixin.py:188} INFO - Downloaded AAPL/1766488823.json -> /tmp/minio_downloads/1766488823.json
[2025-12-23T11:23:45.620+0000] {logging_mixin.py:188} INFO - Downloaded AAPL/1766488835.json -> /tmp/minio_downloads/1766488835.json
[2025-12-23T11:23:45.645+0000] {logging_mixin.py:188} INFO - Downloaded AAPL/1766488849.json -> /tmp/minio_downloads/1766488849.json
[2025-12-23T11:23:45.669+0000] {logging_mixin.py:188} INFO - Downloaded AAPL/1766488861.json -> /tmp/minio_downloads/1766488861.json
[2025-12-23T11:23:45.694+0000] {logging_mixin.py:188} INFO - Downloaded AAPL/1766488872.json -> /tmp/minio_downloads/1766488872.json
[2025-12-23T11:23:45.708+0000] {logging_mixin.py:188} INFO - Downloaded AAPL/1766488885.json -> /tmp/minio_downloads/1766488885.json
[2025-12-23T11:23:45.721+0000] {logging_mixin.py:188} INFO - Downloaded AAPL/1766488897.json -> /tmp/minio_downloads/1766488897.json
[2025-12-23T11:23:45.738+0000] {logging_mixin.py:188} INFO - Downloaded AAPL/1766488908.json -> /tmp/minio_downloads/1766488908.json
[2025-12-23T11:23:45.753+0000] {logging_mixin.py:188} INFO - Downloaded AAPL/1766488920.json -> /tmp/minio_downloads/1766488920.json
[2025-12-23T11:23:45.768+0000] {logging_mixin.py:188} INFO - Downloaded AAPL/1766488931.json -> /tmp/minio_downloads/1766488931.json
[2025-12-23T11:23:45.783+0000] {logging_mixin.py:188} INFO - Downloaded AAPL/1766488943.json -> /tmp/minio_downloads/1766488943.json
[2025-12-23T11:23:45.800+0000] {logging_mixin.py:188} INFO - Downloaded AAPL/1766488955.json -> /tmp/minio_downloads/1766488955.json
[2025-12-23T11:23:45.813+0000] {logging_mixin.py:188} INFO - Downloaded AAPL/1766488966.json -> /tmp/minio_downloads/1766488966.json
[2025-12-23T11:23:45.828+0000] {logging_mixin.py:188} INFO - Downloaded AAPL/1766488977.json -> /tmp/minio_downloads/1766488977.json
[2025-12-23T11:23:45.842+0000] {logging_mixin.py:188} INFO - Downloaded AAPL/1766488988.json -> /tmp/minio_downloads/1766488988.json
[2025-12-23T11:23:45.856+0000] {logging_mixin.py:188} INFO - Downloaded AAPL/1766489000.json -> /tmp/minio_downloads/1766489000.json
[2025-12-23T11:23:45.870+0000] {logging_mixin.py:188} INFO - Downloaded AAPL/1766489012.json -> /tmp/minio_downloads/1766489012.json
[2025-12-23T11:23:45.884+0000] {logging_mixin.py:188} INFO - Downloaded AMZN/1766488210.json -> /tmp/minio_downloads/1766488210.json
[2025-12-23T11:23:45.899+0000] {logging_mixin.py:188} INFO - Downloaded AMZN/1766488221.json -> /tmp/minio_downloads/1766488221.json
[2025-12-23T11:23:45.916+0000] {logging_mixin.py:188} INFO - Downloaded AMZN/1766488233.json -> /tmp/minio_downloads/1766488233.json
[2025-12-23T11:23:45.935+0000] {logging_mixin.py:188} INFO - Downloaded AMZN/1766488245.json -> /tmp/minio_downloads/1766488245.json
[2025-12-23T11:23:45.957+0000] {logging_mixin.py:188} INFO - Downloaded AMZN/1766488256.json -> /tmp/minio_downloads/1766488256.json
[2025-12-23T11:23:45.976+0000] {logging_mixin.py:188} INFO - Downloaded AMZN/1766488267.json -> /tmp/minio_downloads/1766488267.json
[2025-12-23T11:23:45.996+0000] {logging_mixin.py:188} INFO - Downloaded AMZN/1766488278.json -> /tmp/minio_downloads/1766488278.json
[2025-12-23T11:23:46.010+0000] {logging_mixin.py:188} INFO - Downloaded AMZN/1766488290.json -> /tmp/minio_downloads/1766488290.json
[2025-12-23T11:23:46.027+0000] {logging_mixin.py:188} INFO - Downloaded AMZN/1766488301.json -> /tmp/minio_downloads/1766488301.json
[2025-12-23T11:23:46.043+0000] {logging_mixin.py:188} INFO - Downloaded AMZN/1766488312.json -> /tmp/minio_downloads/1766488312.json
[2025-12-23T11:23:46.059+0000] {logging_mixin.py:188} INFO - Downloaded AMZN/1766488324.json -> /tmp/minio_downloads/1766488324.json
[2025-12-23T11:23:46.078+0000] {logging_mixin.py:188} INFO - Downloaded AMZN/1766488335.json -> /tmp/minio_downloads/1766488335.json
[2025-12-23T11:23:46.097+0000] {logging_mixin.py:188} INFO - Downloaded AMZN/1766488347.json -> /tmp/minio_downloads/1766488347.json
[2025-12-23T11:23:46.116+0000] {logging_mixin.py:188} INFO - Downloaded AMZN/1766488360.json -> /tmp/minio_downloads/1766488360.json
[2025-12-23T11:23:46.141+0000] {logging_mixin.py:188} INFO - Downloaded AMZN/1766488371.json -> /tmp/minio_downloads/1766488371.json
[2025-12-23T11:23:46.162+0000] {logging_mixin.py:188} INFO - Downloaded AMZN/1766488382.json -> /tmp/minio_downloads/1766488382.json
[2025-12-23T11:23:46.189+0000] {logging_mixin.py:188} INFO - Downloaded AMZN/1766488393.json -> /tmp/minio_downloads/1766488393.json
[2025-12-23T11:23:46.208+0000] {logging_mixin.py:188} INFO - Downloaded AMZN/1766488405.json -> /tmp/minio_downloads/1766488405.json
[2025-12-23T11:23:46.229+0000] {logging_mixin.py:188} INFO - Downloaded AMZN/1766488416.json -> /tmp/minio_downloads/1766488416.json
[2025-12-23T11:23:46.254+0000] {logging_mixin.py:188} INFO - Downloaded AMZN/1766488428.json -> /tmp/minio_downloads/1766488428.json
[2025-12-23T11:23:46.270+0000] {logging_mixin.py:188} INFO - Downloaded AMZN/1766488439.json -> /tmp/minio_downloads/1766488439.json
[2025-12-23T11:23:46.290+0000] {logging_mixin.py:188} INFO - Downloaded AMZN/1766488450.json -> /tmp/minio_downloads/1766488450.json
[2025-12-23T11:23:46.306+0000] {logging_mixin.py:188} INFO - Downloaded AMZN/1766488461.json -> /tmp/minio_downloads/1766488461.json
[2025-12-23T11:23:46.331+0000] {logging_mixin.py:188} INFO - Downloaded AMZN/1766488473.json -> /tmp/minio_downloads/1766488473.json
[2025-12-23T11:23:46.350+0000] {logging_mixin.py:188} INFO - Downloaded AMZN/1766488484.json -> /tmp/minio_downloads/1766488484.json
[2025-12-23T11:23:46.380+0000] {logging_mixin.py:188} INFO - Downloaded AMZN/1766488495.json -> /tmp/minio_downloads/1766488495.json
[2025-12-23T11:23:46.412+0000] {logging_mixin.py:188} INFO - Downloaded AMZN/1766488507.json -> /tmp/minio_downloads/1766488507.json
[2025-12-23T11:23:46.440+0000] {logging_mixin.py:188} INFO - Downloaded AMZN/1766488520.json -> /tmp/minio_downloads/1766488520.json
[2025-12-23T11:23:46.466+0000] {logging_mixin.py:188} INFO - Downloaded AMZN/1766488532.json -> /tmp/minio_downloads/1766488532.json
[2025-12-23T11:23:46.504+0000] {logging_mixin.py:188} INFO - Downloaded AMZN/1766488543.json -> /tmp/minio_downloads/1766488543.json
[2025-12-23T11:23:46.540+0000] {logging_mixin.py:188} INFO - Downloaded AMZN/1766488554.json -> /tmp/minio_downloads/1766488554.json
[2025-12-23T11:23:46.563+0000] {logging_mixin.py:188} INFO - Downloaded AMZN/1766488565.json -> /tmp/minio_downloads/1766488565.json
[2025-12-23T11:23:46.586+0000] {logging_mixin.py:188} INFO - Downloaded AMZN/1766488577.json -> /tmp/minio_downloads/1766488577.json
[2025-12-23T11:23:46.604+0000] {logging_mixin.py:188} INFO - Downloaded AMZN/1766488588.json -> /tmp/minio_downloads/1766488588.json
[2025-12-23T11:23:46.620+0000] {logging_mixin.py:188} INFO - Downloaded AMZN/1766488600.json -> /tmp/minio_downloads/1766488600.json
[2025-12-23T11:23:46.638+0000] {logging_mixin.py:188} INFO - Downloaded AMZN/1766488611.json -> /tmp/minio_downloads/1766488611.json
[2025-12-23T11:23:46.657+0000] {logging_mixin.py:188} INFO - Downloaded AMZN/1766488624.json -> /tmp/minio_downloads/1766488624.json
[2025-12-23T11:23:46.674+0000] {logging_mixin.py:188} INFO - Downloaded AMZN/1766488635.json -> /tmp/minio_downloads/1766488635.json
[2025-12-23T11:23:46.692+0000] {logging_mixin.py:188} INFO - Downloaded AMZN/1766488647.json -> /tmp/minio_downloads/1766488647.json
[2025-12-23T11:23:46.717+0000] {logging_mixin.py:188} INFO - Downloaded AMZN/1766488658.json -> /tmp/minio_downloads/1766488658.json
[2025-12-23T11:23:46.739+0000] {logging_mixin.py:188} INFO - Downloaded AMZN/1766488669.json -> /tmp/minio_downloads/1766488669.json
[2025-12-23T11:23:46.761+0000] {logging_mixin.py:188} INFO - Downloaded AMZN/1766488680.json -> /tmp/minio_downloads/1766488680.json
[2025-12-23T11:23:46.786+0000] {logging_mixin.py:188} INFO - Downloaded AMZN/1766488692.json -> /tmp/minio_downloads/1766488692.json
[2025-12-23T11:23:46.804+0000] {logging_mixin.py:188} INFO - Downloaded AMZN/1766488703.json -> /tmp/minio_downloads/1766488703.json
[2025-12-23T11:23:46.821+0000] {logging_mixin.py:188} INFO - Downloaded AMZN/1766488715.json -> /tmp/minio_downloads/1766488715.json
[2025-12-23T11:23:46.837+0000] {logging_mixin.py:188} INFO - Downloaded AMZN/1766488728.json -> /tmp/minio_downloads/1766488728.json
[2025-12-23T11:23:46.853+0000] {logging_mixin.py:188} INFO - Downloaded AMZN/1766488742.json -> /tmp/minio_downloads/1766488742.json
[2025-12-23T11:23:46.871+0000] {logging_mixin.py:188} INFO - Downloaded AMZN/1766488754.json -> /tmp/minio_downloads/1766488754.json
[2025-12-23T11:23:46.886+0000] {logging_mixin.py:188} INFO - Downloaded AMZN/1766488766.json -> /tmp/minio_downloads/1766488766.json
[2025-12-23T11:23:46.904+0000] {logging_mixin.py:188} INFO - Downloaded AMZN/1766488778.json -> /tmp/minio_downloads/1766488778.json
[2025-12-23T11:23:46.919+0000] {logging_mixin.py:188} INFO - Downloaded AMZN/1766488791.json -> /tmp/minio_downloads/1766488791.json
[2025-12-23T11:23:46.934+0000] {logging_mixin.py:188} INFO - Downloaded AMZN/1766488803.json -> /tmp/minio_downloads/1766488803.json
[2025-12-23T11:23:46.950+0000] {logging_mixin.py:188} INFO - Downloaded AMZN/1766488815.json -> /tmp/minio_downloads/1766488815.json
[2025-12-23T11:23:46.967+0000] {logging_mixin.py:188} INFO - Downloaded AMZN/1766488828.json -> /tmp/minio_downloads/1766488828.json
[2025-12-23T11:23:46.983+0000] {logging_mixin.py:188} INFO - Downloaded AMZN/1766488842.json -> /tmp/minio_downloads/1766488842.json
[2025-12-23T11:23:47.001+0000] {logging_mixin.py:188} INFO - Downloaded AMZN/1766488854.json -> /tmp/minio_downloads/1766488854.json
[2025-12-23T11:23:47.018+0000] {logging_mixin.py:188} INFO - Downloaded AMZN/1766488865.json -> /tmp/minio_downloads/1766488865.json
[2025-12-23T11:23:47.034+0000] {logging_mixin.py:188} INFO - Downloaded AMZN/1766488878.json -> /tmp/minio_downloads/1766488878.json
[2025-12-23T11:23:47.049+0000] {logging_mixin.py:188} INFO - Downloaded AMZN/1766488889.json -> /tmp/minio_downloads/1766488889.json
[2025-12-23T11:23:47.068+0000] {logging_mixin.py:188} INFO - Downloaded AMZN/1766488901.json -> /tmp/minio_downloads/1766488901.json
[2025-12-23T11:23:47.085+0000] {logging_mixin.py:188} INFO - Downloaded AMZN/1766488913.json -> /tmp/minio_downloads/1766488913.json
[2025-12-23T11:23:47.100+0000] {logging_mixin.py:188} INFO - Downloaded AMZN/1766488924.json -> /tmp/minio_downloads/1766488924.json
[2025-12-23T11:23:47.118+0000] {logging_mixin.py:188} INFO - Downloaded AMZN/1766488935.json -> /tmp/minio_downloads/1766488935.json
[2025-12-23T11:23:47.133+0000] {logging_mixin.py:188} INFO - Downloaded AMZN/1766488948.json -> /tmp/minio_downloads/1766488948.json
[2025-12-23T11:23:47.148+0000] {logging_mixin.py:188} INFO - Downloaded AMZN/1766488959.json -> /tmp/minio_downloads/1766488959.json
[2025-12-23T11:23:47.165+0000] {logging_mixin.py:188} INFO - Downloaded AMZN/1766488970.json -> /tmp/minio_downloads/1766488970.json
[2025-12-23T11:23:47.183+0000] {logging_mixin.py:188} INFO - Downloaded AMZN/1766488981.json -> /tmp/minio_downloads/1766488981.json
[2025-12-23T11:23:47.203+0000] {logging_mixin.py:188} INFO - Downloaded AMZN/1766488993.json -> /tmp/minio_downloads/1766488993.json
[2025-12-23T11:23:47.221+0000] {logging_mixin.py:188} INFO - Downloaded AMZN/1766489005.json -> /tmp/minio_downloads/1766489005.json
[2025-12-23T11:23:47.239+0000] {logging_mixin.py:188} INFO - Downloaded AMZN/1766489017.json -> /tmp/minio_downloads/1766489017.json
[2025-12-23T11:23:47.254+0000] {logging_mixin.py:188} INFO - Downloaded GOOGL/1766488209.json -> /tmp/minio_downloads/1766488209.json
[2025-12-23T11:23:47.269+0000] {logging_mixin.py:188} INFO - Downloaded GOOGL/1766488220.json -> /tmp/minio_downloads/1766488220.json
[2025-12-23T11:23:47.288+0000] {logging_mixin.py:188} INFO - Downloaded GOOGL/1766488232.json -> /tmp/minio_downloads/1766488232.json
[2025-12-23T11:23:47.308+0000] {logging_mixin.py:188} INFO - Downloaded GOOGL/1766488244.json -> /tmp/minio_downloads/1766488244.json
[2025-12-23T11:23:47.322+0000] {logging_mixin.py:188} INFO - Downloaded GOOGL/1766488255.json -> /tmp/minio_downloads/1766488255.json
[2025-12-23T11:23:47.337+0000] {logging_mixin.py:188} INFO - Downloaded GOOGL/1766488266.json -> /tmp/minio_downloads/1766488266.json
[2025-12-23T11:23:47.350+0000] {logging_mixin.py:188} INFO - Downloaded GOOGL/1766488277.json -> /tmp/minio_downloads/1766488277.json
[2025-12-23T11:23:47.365+0000] {logging_mixin.py:188} INFO - Downloaded GOOGL/1766488289.json -> /tmp/minio_downloads/1766488289.json
[2025-12-23T11:23:47.380+0000] {logging_mixin.py:188} INFO - Downloaded GOOGL/1766488300.json -> /tmp/minio_downloads/1766488300.json
[2025-12-23T11:23:47.394+0000] {logging_mixin.py:188} INFO - Downloaded GOOGL/1766488311.json -> /tmp/minio_downloads/1766488311.json
[2025-12-23T11:23:47.408+0000] {logging_mixin.py:188} INFO - Downloaded GOOGL/1766488322.json -> /tmp/minio_downloads/1766488322.json
[2025-12-23T11:23:47.422+0000] {logging_mixin.py:188} INFO - Downloaded GOOGL/1766488334.json -> /tmp/minio_downloads/1766488334.json
[2025-12-23T11:23:47.437+0000] {logging_mixin.py:188} INFO - Downloaded GOOGL/1766488346.json -> /tmp/minio_downloads/1766488346.json
[2025-12-23T11:23:47.449+0000] {logging_mixin.py:188} INFO - Downloaded GOOGL/1766488358.json -> /tmp/minio_downloads/1766488358.json
[2025-12-23T11:23:47.465+0000] {logging_mixin.py:188} INFO - Downloaded GOOGL/1766488370.json -> /tmp/minio_downloads/1766488370.json
[2025-12-23T11:23:47.482+0000] {logging_mixin.py:188} INFO - Downloaded GOOGL/1766488381.json -> /tmp/minio_downloads/1766488381.json
[2025-12-23T11:23:47.496+0000] {logging_mixin.py:188} INFO - Downloaded GOOGL/1766488392.json -> /tmp/minio_downloads/1766488392.json
[2025-12-23T11:23:47.509+0000] {logging_mixin.py:188} INFO - Downloaded GOOGL/1766488404.json -> /tmp/minio_downloads/1766488404.json
[2025-12-23T11:23:47.522+0000] {logging_mixin.py:188} INFO - Downloaded GOOGL/1766488415.json -> /tmp/minio_downloads/1766488415.json
[2025-12-23T11:23:47.535+0000] {logging_mixin.py:188} INFO - Downloaded GOOGL/1766488427.json -> /tmp/minio_downloads/1766488427.json
[2025-12-23T11:23:47.551+0000] {logging_mixin.py:188} INFO - Downloaded GOOGL/1766488438.json -> /tmp/minio_downloads/1766488438.json
[2025-12-23T11:23:47.565+0000] {logging_mixin.py:188} INFO - Downloaded GOOGL/1766488449.json -> /tmp/minio_downloads/1766488449.json
[2025-12-23T11:23:47.578+0000] {logging_mixin.py:188} INFO - Downloaded GOOGL/1766488460.json -> /tmp/minio_downloads/1766488460.json
[2025-12-23T11:23:47.592+0000] {logging_mixin.py:188} INFO - Downloaded GOOGL/1766488471.json -> /tmp/minio_downloads/1766488471.json
[2025-12-23T11:23:47.609+0000] {logging_mixin.py:188} INFO - Downloaded GOOGL/1766488483.json -> /tmp/minio_downloads/1766488483.json
[2025-12-23T11:23:47.623+0000] {logging_mixin.py:188} INFO - Downloaded GOOGL/1766488494.json -> /tmp/minio_downloads/1766488494.json
[2025-12-23T11:23:47.638+0000] {logging_mixin.py:188} INFO - Downloaded GOOGL/1766488505.json -> /tmp/minio_downloads/1766488505.json
[2025-12-23T11:23:47.658+0000] {logging_mixin.py:188} INFO - Downloaded GOOGL/1766488519.json -> /tmp/minio_downloads/1766488519.json
[2025-12-23T11:23:47.674+0000] {logging_mixin.py:188} INFO - Downloaded GOOGL/1766488531.json -> /tmp/minio_downloads/1766488531.json
[2025-12-23T11:23:47.691+0000] {logging_mixin.py:188} INFO - Downloaded GOOGL/1766488542.json -> /tmp/minio_downloads/1766488542.json
[2025-12-23T11:23:47.707+0000] {logging_mixin.py:188} INFO - Downloaded GOOGL/1766488553.json -> /tmp/minio_downloads/1766488553.json
[2025-12-23T11:23:47.722+0000] {logging_mixin.py:188} INFO - Downloaded GOOGL/1766488564.json -> /tmp/minio_downloads/1766488564.json
[2025-12-23T11:23:47.740+0000] {logging_mixin.py:188} INFO - Downloaded GOOGL/1766488575.json -> /tmp/minio_downloads/1766488575.json
[2025-12-23T11:23:47.756+0000] {logging_mixin.py:188} INFO - Downloaded GOOGL/1766488587.json -> /tmp/minio_downloads/1766488587.json
[2025-12-23T11:23:47.777+0000] {logging_mixin.py:188} INFO - Downloaded GOOGL/1766488599.json -> /tmp/minio_downloads/1766488599.json
[2025-12-23T11:23:47.792+0000] {logging_mixin.py:188} INFO - Downloaded GOOGL/1766488610.json -> /tmp/minio_downloads/1766488610.json
[2025-12-23T11:23:47.806+0000] {logging_mixin.py:188} INFO - Downloaded GOOGL/1766488622.json -> /tmp/minio_downloads/1766488622.json
[2025-12-23T11:23:47.823+0000] {logging_mixin.py:188} INFO - Downloaded GOOGL/1766488634.json -> /tmp/minio_downloads/1766488634.json
[2025-12-23T11:23:47.839+0000] {logging_mixin.py:188} INFO - Downloaded GOOGL/1766488646.json -> /tmp/minio_downloads/1766488646.json
[2025-12-23T11:23:47.852+0000] {logging_mixin.py:188} INFO - Downloaded GOOGL/1766488657.json -> /tmp/minio_downloads/1766488657.json
[2025-12-23T11:23:47.866+0000] {logging_mixin.py:188} INFO - Downloaded GOOGL/1766488668.json -> /tmp/minio_downloads/1766488668.json
[2025-12-23T11:23:47.881+0000] {logging_mixin.py:188} INFO - Downloaded GOOGL/1766488679.json -> /tmp/minio_downloads/1766488679.json
[2025-12-23T11:23:47.897+0000] {logging_mixin.py:188} INFO - Downloaded GOOGL/1766488691.json -> /tmp/minio_downloads/1766488691.json
[2025-12-23T11:23:47.916+0000] {logging_mixin.py:188} INFO - Downloaded GOOGL/1766488702.json -> /tmp/minio_downloads/1766488702.json
[2025-12-23T11:23:47.932+0000] {logging_mixin.py:188} INFO - Downloaded GOOGL/1766488714.json -> /tmp/minio_downloads/1766488714.json
[2025-12-23T11:23:47.950+0000] {logging_mixin.py:188} INFO - Downloaded GOOGL/1766488727.json -> /tmp/minio_downloads/1766488727.json
[2025-12-23T11:23:47.967+0000] {logging_mixin.py:188} INFO - Downloaded GOOGL/1766488741.json -> /tmp/minio_downloads/1766488741.json
[2025-12-23T11:23:47.982+0000] {logging_mixin.py:188} INFO - Downloaded GOOGL/1766488753.json -> /tmp/minio_downloads/1766488753.json
[2025-12-23T11:23:48.000+0000] {logging_mixin.py:188} INFO - Downloaded GOOGL/1766488765.json -> /tmp/minio_downloads/1766488765.json
[2025-12-23T11:23:48.018+0000] {logging_mixin.py:188} INFO - Downloaded GOOGL/1766488776.json -> /tmp/minio_downloads/1766488776.json
[2025-12-23T11:23:48.032+0000] {logging_mixin.py:188} INFO - Downloaded GOOGL/1766488790.json -> /tmp/minio_downloads/1766488790.json
[2025-12-23T11:23:48.049+0000] {logging_mixin.py:188} INFO - Downloaded GOOGL/1766488802.json -> /tmp/minio_downloads/1766488802.json
[2025-12-23T11:23:48.065+0000] {logging_mixin.py:188} INFO - Downloaded GOOGL/1766488814.json -> /tmp/minio_downloads/1766488814.json
[2025-12-23T11:23:48.079+0000] {logging_mixin.py:188} INFO - Downloaded GOOGL/1766488827.json -> /tmp/minio_downloads/1766488827.json
[2025-12-23T11:23:48.094+0000] {logging_mixin.py:188} INFO - Downloaded GOOGL/1766488840.json -> /tmp/minio_downloads/1766488840.json
[2025-12-23T11:23:48.108+0000] {logging_mixin.py:188} INFO - Downloaded GOOGL/1766488852.json -> /tmp/minio_downloads/1766488852.json
[2025-12-23T11:23:48.121+0000] {logging_mixin.py:188} INFO - Downloaded GOOGL/1766488864.json -> /tmp/minio_downloads/1766488864.json
[2025-12-23T11:23:48.142+0000] {logging_mixin.py:188} INFO - Downloaded GOOGL/1766488876.json -> /tmp/minio_downloads/1766488876.json
[2025-12-23T11:23:48.158+0000] {logging_mixin.py:188} INFO - Downloaded GOOGL/1766488888.json -> /tmp/minio_downloads/1766488888.json
[2025-12-23T11:23:48.176+0000] {logging_mixin.py:188} INFO - Downloaded GOOGL/1766488900.json -> /tmp/minio_downloads/1766488900.json
[2025-12-23T11:23:48.196+0000] {logging_mixin.py:188} INFO - Downloaded GOOGL/1766488912.json -> /tmp/minio_downloads/1766488912.json
[2025-12-23T11:23:48.218+0000] {logging_mixin.py:188} INFO - Downloaded GOOGL/1766488923.json -> /tmp/minio_downloads/1766488923.json
[2025-12-23T11:23:48.239+0000] {logging_mixin.py:188} INFO - Downloaded GOOGL/1766488934.json -> /tmp/minio_downloads/1766488934.json
[2025-12-23T11:23:48.257+0000] {logging_mixin.py:188} INFO - Downloaded GOOGL/1766488947.json -> /tmp/minio_downloads/1766488947.json
[2025-12-23T11:23:48.272+0000] {logging_mixin.py:188} INFO - Downloaded GOOGL/1766488958.json -> /tmp/minio_downloads/1766488958.json
[2025-12-23T11:23:48.288+0000] {logging_mixin.py:188} INFO - Downloaded GOOGL/1766488969.json -> /tmp/minio_downloads/1766488969.json
[2025-12-23T11:23:48.302+0000] {logging_mixin.py:188} INFO - Downloaded GOOGL/1766488980.json -> /tmp/minio_downloads/1766488980.json
[2025-12-23T11:23:48.315+0000] {logging_mixin.py:188} INFO - Downloaded GOOGL/1766488992.json -> /tmp/minio_downloads/1766488992.json
[2025-12-23T11:23:48.330+0000] {logging_mixin.py:188} INFO - Downloaded GOOGL/1766489004.json -> /tmp/minio_downloads/1766489004.json
[2025-12-23T11:23:48.347+0000] {logging_mixin.py:188} INFO - Downloaded GOOGL/1766489016.json -> /tmp/minio_downloads/1766489016.json
[2025-12-23T11:23:48.362+0000] {logging_mixin.py:188} INFO - Downloaded MSFT/1766488207.json -> /tmp/minio_downloads/1766488207.json
[2025-12-23T11:23:48.377+0000] {logging_mixin.py:188} INFO - Downloaded MSFT/1766488218.json -> /tmp/minio_downloads/1766488218.json
[2025-12-23T11:23:48.392+0000] {logging_mixin.py:188} INFO - Downloaded MSFT/1766488229.json -> /tmp/minio_downloads/1766488229.json
[2025-12-23T11:23:48.407+0000] {logging_mixin.py:188} INFO - Downloaded MSFT/1766488242.json -> /tmp/minio_downloads/1766488242.json
[2025-12-23T11:23:48.422+0000] {logging_mixin.py:188} INFO - Downloaded MSFT/1766488253.json -> /tmp/minio_downloads/1766488253.json
[2025-12-23T11:23:48.438+0000] {logging_mixin.py:188} INFO - Downloaded MSFT/1766488264.json -> /tmp/minio_downloads/1766488264.json
[2025-12-23T11:23:48.454+0000] {logging_mixin.py:188} INFO - Downloaded MSFT/1766488275.json -> /tmp/minio_downloads/1766488275.json
[2025-12-23T11:23:48.470+0000] {logging_mixin.py:188} INFO - Downloaded MSFT/1766488287.json -> /tmp/minio_downloads/1766488287.json
[2025-12-23T11:23:48.485+0000] {logging_mixin.py:188} INFO - Downloaded MSFT/1766488298.json -> /tmp/minio_downloads/1766488298.json
[2025-12-23T11:23:48.502+0000] {logging_mixin.py:188} INFO - Downloaded MSFT/1766488309.json -> /tmp/minio_downloads/1766488309.json
[2025-12-23T11:23:48.518+0000] {logging_mixin.py:188} INFO - Downloaded MSFT/1766488320.json -> /tmp/minio_downloads/1766488320.json
[2025-12-23T11:23:48.535+0000] {logging_mixin.py:188} INFO - Downloaded MSFT/1766488332.json -> /tmp/minio_downloads/1766488332.json
[2025-12-23T11:23:48.576+0000] {logging_mixin.py:188} INFO - Downloaded MSFT/1766488344.json -> /tmp/minio_downloads/1766488344.json
[2025-12-23T11:23:48.754+0000] {logging_mixin.py:188} INFO - Downloaded MSFT/1766488356.json -> /tmp/minio_downloads/1766488356.json
[2025-12-23T11:23:48.873+0000] {logging_mixin.py:188} INFO - Downloaded MSFT/1766488368.json -> /tmp/minio_downloads/1766488368.json
[2025-12-23T11:23:48.992+0000] {logging_mixin.py:188} INFO - Downloaded MSFT/1766488379.json -> /tmp/minio_downloads/1766488379.json
[2025-12-23T11:23:49.074+0000] {logging_mixin.py:188} INFO - Downloaded MSFT/1766488390.json -> /tmp/minio_downloads/1766488390.json
[2025-12-23T11:23:49.124+0000] {logging_mixin.py:188} INFO - Downloaded MSFT/1766488402.json -> /tmp/minio_downloads/1766488402.json
[2025-12-23T11:23:49.157+0000] {logging_mixin.py:188} INFO - Downloaded MSFT/1766488413.json -> /tmp/minio_downloads/1766488413.json
[2025-12-23T11:23:49.202+0000] {logging_mixin.py:188} INFO - Downloaded MSFT/1766488425.json -> /tmp/minio_downloads/1766488425.json
[2025-12-23T11:23:49.239+0000] {logging_mixin.py:188} INFO - Downloaded MSFT/1766488436.json -> /tmp/minio_downloads/1766488436.json
[2025-12-23T11:23:49.276+0000] {logging_mixin.py:188} INFO - Downloaded MSFT/1766488447.json -> /tmp/minio_downloads/1766488447.json
[2025-12-23T11:23:49.306+0000] {logging_mixin.py:188} INFO - Downloaded MSFT/1766488458.json -> /tmp/minio_downloads/1766488458.json
[2025-12-23T11:23:49.335+0000] {logging_mixin.py:188} INFO - Downloaded MSFT/1766488469.json -> /tmp/minio_downloads/1766488469.json
[2025-12-23T11:23:49.372+0000] {logging_mixin.py:188} INFO - Downloaded MSFT/1766488480.json -> /tmp/minio_downloads/1766488480.json
[2025-12-23T11:23:49.397+0000] {logging_mixin.py:188} INFO - Downloaded MSFT/1766488492.json -> /tmp/minio_downloads/1766488492.json
[2025-12-23T11:23:49.426+0000] {logging_mixin.py:188} INFO - Downloaded MSFT/1766488503.json -> /tmp/minio_downloads/1766488503.json
[2025-12-23T11:23:49.447+0000] {logging_mixin.py:188} INFO - Downloaded MSFT/1766488516.json -> /tmp/minio_downloads/1766488516.json
[2025-12-23T11:23:49.471+0000] {logging_mixin.py:188} INFO - Downloaded MSFT/1766488529.json -> /tmp/minio_downloads/1766488529.json
[2025-12-23T11:23:49.490+0000] {logging_mixin.py:188} INFO - Downloaded MSFT/1766488540.json -> /tmp/minio_downloads/1766488540.json
[2025-12-23T11:23:49.547+0000] {logging_mixin.py:188} INFO - Downloaded MSFT/1766488551.json -> /tmp/minio_downloads/1766488551.json
[2025-12-23T11:23:49.581+0000] {logging_mixin.py:188} INFO - Downloaded MSFT/1766488562.json -> /tmp/minio_downloads/1766488562.json
[2025-12-23T11:23:49.603+0000] {logging_mixin.py:188} INFO - Downloaded MSFT/1766488573.json -> /tmp/minio_downloads/1766488573.json
[2025-12-23T11:23:49.620+0000] {logging_mixin.py:188} INFO - Downloaded MSFT/1766488585.json -> /tmp/minio_downloads/1766488585.json
[2025-12-23T11:23:49.640+0000] {logging_mixin.py:188} INFO - Downloaded MSFT/1766488597.json -> /tmp/minio_downloads/1766488597.json
[2025-12-23T11:23:49.660+0000] {logging_mixin.py:188} INFO - Downloaded MSFT/1766488608.json -> /tmp/minio_downloads/1766488608.json
[2025-12-23T11:23:49.679+0000] {logging_mixin.py:188} INFO - Downloaded MSFT/1766488620.json -> /tmp/minio_downloads/1766488620.json
[2025-12-23T11:23:49.696+0000] {logging_mixin.py:188} INFO - Downloaded MSFT/1766488632.json -> /tmp/minio_downloads/1766488632.json
[2025-12-23T11:23:49.714+0000] {logging_mixin.py:188} INFO - Downloaded MSFT/1766488643.json -> /tmp/minio_downloads/1766488643.json
[2025-12-23T11:23:49.738+0000] {logging_mixin.py:188} INFO - Downloaded MSFT/1766488655.json -> /tmp/minio_downloads/1766488655.json
[2025-12-23T11:23:49.805+0000] {logging_mixin.py:188} INFO - Downloaded MSFT/1766488666.json -> /tmp/minio_downloads/1766488666.json
[2025-12-23T11:23:49.834+0000] {logging_mixin.py:188} INFO - Downloaded MSFT/1766488677.json -> /tmp/minio_downloads/1766488677.json
[2025-12-23T11:23:49.871+0000] {logging_mixin.py:188} INFO - Downloaded MSFT/1766488688.json -> /tmp/minio_downloads/1766488688.json
[2025-12-23T11:23:49.990+0000] {logging_mixin.py:188} INFO - Downloaded MSFT/1766488700.json -> /tmp/minio_downloads/1766488700.json
[2025-12-23T11:23:50.087+0000] {logging_mixin.py:188} INFO - Downloaded MSFT/1766488712.json -> /tmp/minio_downloads/1766488712.json
[2025-12-23T11:23:50.144+0000] {logging_mixin.py:188} INFO - Downloaded MSFT/1766488724.json -> /tmp/minio_downloads/1766488724.json
[2025-12-23T11:23:50.181+0000] {logging_mixin.py:188} INFO - Downloaded MSFT/1766488737.json -> /tmp/minio_downloads/1766488737.json
[2025-12-23T11:23:50.226+0000] {logging_mixin.py:188} INFO - Downloaded MSFT/1766488751.json -> /tmp/minio_downloads/1766488751.json
[2025-12-23T11:23:50.252+0000] {logging_mixin.py:188} INFO - Downloaded MSFT/1766488762.json -> /tmp/minio_downloads/1766488762.json
[2025-12-23T11:23:50.278+0000] {logging_mixin.py:188} INFO - Downloaded MSFT/1766488774.json -> /tmp/minio_downloads/1766488774.json
[2025-12-23T11:23:50.304+0000] {logging_mixin.py:188} INFO - Downloaded MSFT/1766488787.json -> /tmp/minio_downloads/1766488787.json
[2025-12-23T11:23:50.335+0000] {logging_mixin.py:188} INFO - Downloaded MSFT/1766488799.json -> /tmp/minio_downloads/1766488799.json
[2025-12-23T11:23:50.369+0000] {logging_mixin.py:188} INFO - Downloaded MSFT/1766488812.json -> /tmp/minio_downloads/1766488812.json
[2025-12-23T11:23:50.422+0000] {logging_mixin.py:188} INFO - Downloaded MSFT/1766488824.json -> /tmp/minio_downloads/1766488824.json
[2025-12-23T11:23:50.536+0000] {logging_mixin.py:188} INFO - Downloaded MSFT/1766488837.json -> /tmp/minio_downloads/1766488837.json
[2025-12-23T11:23:50.601+0000] {logging_mixin.py:188} INFO - Downloaded MSFT/1766488850.json -> /tmp/minio_downloads/1766488850.json
[2025-12-23T11:23:50.632+0000] {logging_mixin.py:188} INFO - Downloaded MSFT/1766488862.json -> /tmp/minio_downloads/1766488862.json
[2025-12-23T11:23:50.663+0000] {logging_mixin.py:188} INFO - Downloaded MSFT/1766488874.json -> /tmp/minio_downloads/1766488874.json
[2025-12-23T11:23:50.693+0000] {logging_mixin.py:188} INFO - Downloaded MSFT/1766488886.json -> /tmp/minio_downloads/1766488886.json
[2025-12-23T11:23:50.719+0000] {logging_mixin.py:188} INFO - Downloaded MSFT/1766488898.json -> /tmp/minio_downloads/1766488898.json
[2025-12-23T11:23:50.772+0000] {logging_mixin.py:188} INFO - Downloaded MSFT/1766488909.json -> /tmp/minio_downloads/1766488909.json
[2025-12-23T11:23:50.794+0000] {logging_mixin.py:188} INFO - Downloaded MSFT/1766488921.json -> /tmp/minio_downloads/1766488921.json
[2025-12-23T11:23:50.832+0000] {logging_mixin.py:188} INFO - Downloaded MSFT/1766488932.json -> /tmp/minio_downloads/1766488932.json
[2025-12-23T11:23:50.872+0000] {logging_mixin.py:188} INFO - Downloaded MSFT/1766488944.json -> /tmp/minio_downloads/1766488944.json
[2025-12-23T11:23:50.903+0000] {logging_mixin.py:188} INFO - Downloaded MSFT/1766488956.json -> /tmp/minio_downloads/1766488956.json
[2025-12-23T11:23:50.946+0000] {logging_mixin.py:188} INFO - Downloaded MSFT/1766488967.json -> /tmp/minio_downloads/1766488967.json
[2025-12-23T11:23:50.983+0000] {logging_mixin.py:188} INFO - Downloaded MSFT/1766488978.json -> /tmp/minio_downloads/1766488978.json
[2025-12-23T11:23:51.023+0000] {logging_mixin.py:188} INFO - Downloaded MSFT/1766488990.json -> /tmp/minio_downloads/1766488990.json
[2025-12-23T11:23:51.060+0000] {logging_mixin.py:188} INFO - Downloaded MSFT/1766489002.json -> /tmp/minio_downloads/1766489002.json
[2025-12-23T11:23:51.140+0000] {logging_mixin.py:188} INFO - Downloaded MSFT/1766489013.json -> /tmp/minio_downloads/1766489013.json
[2025-12-23T11:23:51.156+0000] {logging_mixin.py:188} INFO - Downloaded TSLA/1766488208.json -> /tmp/minio_downloads/1766488208.json
[2025-12-23T11:23:51.174+0000] {logging_mixin.py:188} INFO - Downloaded TSLA/1766488219.json -> /tmp/minio_downloads/1766488219.json
[2025-12-23T11:23:51.195+0000] {logging_mixin.py:188} INFO - Downloaded TSLA/1766488231.json -> /tmp/minio_downloads/1766488231.json
[2025-12-23T11:23:51.214+0000] {logging_mixin.py:188} INFO - Downloaded TSLA/1766488243.json -> /tmp/minio_downloads/1766488243.json
[2025-12-23T11:23:51.232+0000] {logging_mixin.py:188} INFO - Downloaded TSLA/1766488254.json -> /tmp/minio_downloads/1766488254.json
[2025-12-23T11:23:51.250+0000] {logging_mixin.py:188} INFO - Downloaded TSLA/1766488265.json -> /tmp/minio_downloads/1766488265.json
[2025-12-23T11:23:51.271+0000] {logging_mixin.py:188} INFO - Downloaded TSLA/1766488276.json -> /tmp/minio_downloads/1766488276.json
[2025-12-23T11:23:51.289+0000] {logging_mixin.py:188} INFO - Downloaded TSLA/1766488288.json -> /tmp/minio_downloads/1766488288.json
[2025-12-23T11:23:51.311+0000] {logging_mixin.py:188} INFO - Downloaded TSLA/1766488299.json -> /tmp/minio_downloads/1766488299.json
[2025-12-23T11:23:51.332+0000] {logging_mixin.py:188} INFO - Downloaded TSLA/1766488310.json -> /tmp/minio_downloads/1766488310.json
[2025-12-23T11:23:51.353+0000] {logging_mixin.py:188} INFO - Downloaded TSLA/1766488321.json -> /tmp/minio_downloads/1766488321.json
[2025-12-23T11:23:51.373+0000] {logging_mixin.py:188} INFO - Downloaded TSLA/1766488333.json -> /tmp/minio_downloads/1766488333.json
[2025-12-23T11:23:51.408+0000] {logging_mixin.py:188} INFO - Downloaded TSLA/1766488345.json -> /tmp/minio_downloads/1766488345.json
[2025-12-23T11:23:51.427+0000] {logging_mixin.py:188} INFO - Downloaded TSLA/1766488357.json -> /tmp/minio_downloads/1766488357.json
[2025-12-23T11:23:51.448+0000] {logging_mixin.py:188} INFO - Downloaded TSLA/1766488369.json -> /tmp/minio_downloads/1766488369.json
[2025-12-23T11:23:51.465+0000] {logging_mixin.py:188} INFO - Downloaded TSLA/1766488380.json -> /tmp/minio_downloads/1766488380.json
[2025-12-23T11:23:51.483+0000] {logging_mixin.py:188} INFO - Downloaded TSLA/1766488391.json -> /tmp/minio_downloads/1766488391.json
[2025-12-23T11:23:51.500+0000] {logging_mixin.py:188} INFO - Downloaded TSLA/1766488403.json -> /tmp/minio_downloads/1766488403.json
[2025-12-23T11:23:51.519+0000] {logging_mixin.py:188} INFO - Downloaded TSLA/1766488414.json -> /tmp/minio_downloads/1766488414.json
[2025-12-23T11:23:51.538+0000] {logging_mixin.py:188} INFO - Downloaded TSLA/1766488426.json -> /tmp/minio_downloads/1766488426.json
[2025-12-23T11:23:51.554+0000] {logging_mixin.py:188} INFO - Downloaded TSLA/1766488437.json -> /tmp/minio_downloads/1766488437.json
[2025-12-23T11:23:51.571+0000] {logging_mixin.py:188} INFO - Downloaded TSLA/1766488448.json -> /tmp/minio_downloads/1766488448.json
[2025-12-23T11:23:51.590+0000] {logging_mixin.py:188} INFO - Downloaded TSLA/1766488459.json -> /tmp/minio_downloads/1766488459.json
[2025-12-23T11:23:51.610+0000] {logging_mixin.py:188} INFO - Downloaded TSLA/1766488470.json -> /tmp/minio_downloads/1766488470.json
[2025-12-23T11:23:51.627+0000] {logging_mixin.py:188} INFO - Downloaded TSLA/1766488481.json -> /tmp/minio_downloads/1766488481.json
[2025-12-23T11:23:51.642+0000] {logging_mixin.py:188} INFO - Downloaded TSLA/1766488493.json -> /tmp/minio_downloads/1766488493.json
[2025-12-23T11:23:51.666+0000] {logging_mixin.py:188} INFO - Downloaded TSLA/1766488504.json -> /tmp/minio_downloads/1766488504.json
[2025-12-23T11:23:51.688+0000] {logging_mixin.py:188} INFO - Downloaded TSLA/1766488517.json -> /tmp/minio_downloads/1766488517.json
[2025-12-23T11:23:51.706+0000] {logging_mixin.py:188} INFO - Downloaded TSLA/1766488530.json -> /tmp/minio_downloads/1766488530.json
[2025-12-23T11:23:51.723+0000] {logging_mixin.py:188} INFO - Downloaded TSLA/1766488541.json -> /tmp/minio_downloads/1766488541.json
[2025-12-23T11:23:51.743+0000] {logging_mixin.py:188} INFO - Downloaded TSLA/1766488552.json -> /tmp/minio_downloads/1766488552.json
[2025-12-23T11:23:51.763+0000] {logging_mixin.py:188} INFO - Downloaded TSLA/1766488563.json -> /tmp/minio_downloads/1766488563.json
[2025-12-23T11:23:51.784+0000] {logging_mixin.py:188} INFO - Downloaded TSLA/1766488574.json -> /tmp/minio_downloads/1766488574.json
[2025-12-23T11:23:51.804+0000] {logging_mixin.py:188} INFO - Downloaded TSLA/1766488586.json -> /tmp/minio_downloads/1766488586.json
[2025-12-23T11:23:51.821+0000] {logging_mixin.py:188} INFO - Downloaded TSLA/1766488598.json -> /tmp/minio_downloads/1766488598.json
[2025-12-23T11:23:51.836+0000] {logging_mixin.py:188} INFO - Downloaded TSLA/1766488609.json -> /tmp/minio_downloads/1766488609.json
[2025-12-23T11:23:51.852+0000] {logging_mixin.py:188} INFO - Downloaded TSLA/1766488621.json -> /tmp/minio_downloads/1766488621.json
[2025-12-23T11:23:51.869+0000] {logging_mixin.py:188} INFO - Downloaded TSLA/1766488633.json -> /tmp/minio_downloads/1766488633.json
[2025-12-23T11:23:51.884+0000] {logging_mixin.py:188} INFO - Downloaded TSLA/1766488645.json -> /tmp/minio_downloads/1766488645.json
[2025-12-23T11:23:51.898+0000] {logging_mixin.py:188} INFO - Downloaded TSLA/1766488656.json -> /tmp/minio_downloads/1766488656.json
[2025-12-23T11:23:51.912+0000] {logging_mixin.py:188} INFO - Downloaded TSLA/1766488667.json -> /tmp/minio_downloads/1766488667.json
[2025-12-23T11:23:51.929+0000] {logging_mixin.py:188} INFO - Downloaded TSLA/1766488678.json -> /tmp/minio_downloads/1766488678.json
[2025-12-23T11:23:51.945+0000] {logging_mixin.py:188} INFO - Downloaded TSLA/1766488689.json -> /tmp/minio_downloads/1766488689.json
[2025-12-23T11:23:51.959+0000] {logging_mixin.py:188} INFO - Downloaded TSLA/1766488701.json -> /tmp/minio_downloads/1766488701.json
[2025-12-23T11:23:51.973+0000] {logging_mixin.py:188} INFO - Downloaded TSLA/1766488713.json -> /tmp/minio_downloads/1766488713.json
[2025-12-23T11:23:51.989+0000] {logging_mixin.py:188} INFO - Downloaded TSLA/1766488725.json -> /tmp/minio_downloads/1766488725.json
[2025-12-23T11:23:52.005+0000] {logging_mixin.py:188} INFO - Downloaded TSLA/1766488739.json -> /tmp/minio_downloads/1766488739.json
[2025-12-23T11:23:52.020+0000] {logging_mixin.py:188} INFO - Downloaded TSLA/1766488752.json -> /tmp/minio_downloads/1766488752.json
[2025-12-23T11:23:52.036+0000] {logging_mixin.py:188} INFO - Downloaded TSLA/1766488764.json -> /tmp/minio_downloads/1766488764.json
[2025-12-23T11:23:52.051+0000] {logging_mixin.py:188} INFO - Downloaded TSLA/1766488775.json -> /tmp/minio_downloads/1766488775.json
[2025-12-23T11:23:52.069+0000] {logging_mixin.py:188} INFO - Downloaded TSLA/1766488789.json -> /tmp/minio_downloads/1766488789.json
[2025-12-23T11:23:52.084+0000] {logging_mixin.py:188} INFO - Downloaded TSLA/1766488800.json -> /tmp/minio_downloads/1766488800.json
[2025-12-23T11:23:52.099+0000] {logging_mixin.py:188} INFO - Downloaded TSLA/1766488813.json -> /tmp/minio_downloads/1766488813.json
[2025-12-23T11:23:52.115+0000] {logging_mixin.py:188} INFO - Downloaded TSLA/1766488825.json -> /tmp/minio_downloads/1766488825.json
[2025-12-23T11:23:52.130+0000] {logging_mixin.py:188} INFO - Downloaded TSLA/1766488838.json -> /tmp/minio_downloads/1766488838.json
[2025-12-23T11:23:52.147+0000] {logging_mixin.py:188} INFO - Downloaded TSLA/1766488851.json -> /tmp/minio_downloads/1766488851.json
[2025-12-23T11:23:52.164+0000] {logging_mixin.py:188} INFO - Downloaded TSLA/1766488863.json -> /tmp/minio_downloads/1766488863.json
[2025-12-23T11:23:52.177+0000] {logging_mixin.py:188} INFO - Downloaded TSLA/1766488875.json -> /tmp/minio_downloads/1766488875.json
[2025-12-23T11:23:52.193+0000] {logging_mixin.py:188} INFO - Downloaded TSLA/1766488887.json -> /tmp/minio_downloads/1766488887.json
[2025-12-23T11:23:52.207+0000] {logging_mixin.py:188} INFO - Downloaded TSLA/1766488899.json -> /tmp/minio_downloads/1766488899.json
[2025-12-23T11:23:52.222+0000] {logging_mixin.py:188} INFO - Downloaded TSLA/1766488911.json -> /tmp/minio_downloads/1766488911.json
[2025-12-23T11:23:52.247+0000] {logging_mixin.py:188} INFO - Downloaded TSLA/1766488922.json -> /tmp/minio_downloads/1766488922.json
[2025-12-23T11:23:52.262+0000] {logging_mixin.py:188} INFO - Downloaded TSLA/1766488933.json -> /tmp/minio_downloads/1766488933.json
[2025-12-23T11:23:52.281+0000] {logging_mixin.py:188} INFO - Downloaded TSLA/1766488945.json -> /tmp/minio_downloads/1766488945.json
[2025-12-23T11:23:52.294+0000] {logging_mixin.py:188} INFO - Downloaded TSLA/1766488957.json -> /tmp/minio_downloads/1766488957.json
[2025-12-23T11:23:52.307+0000] {logging_mixin.py:188} INFO - Downloaded TSLA/1766488968.json -> /tmp/minio_downloads/1766488968.json
[2025-12-23T11:23:52.320+0000] {logging_mixin.py:188} INFO - Downloaded TSLA/1766488979.json -> /tmp/minio_downloads/1766488979.json
[2025-12-23T11:23:52.334+0000] {logging_mixin.py:188} INFO - Downloaded TSLA/1766488991.json -> /tmp/minio_downloads/1766488991.json
[2025-12-23T11:23:52.349+0000] {logging_mixin.py:188} INFO - Downloaded TSLA/1766489003.json -> /tmp/minio_downloads/1766489003.json
[2025-12-23T11:23:52.364+0000] {logging_mixin.py:188} INFO - Downloaded TSLA/1766489015.json -> /tmp/minio_downloads/1766489015.json
[2025-12-23T11:23:52.366+0000] {python.py:237} INFO - Done. Returned value was: ['/tmp/minio_downloads/1766488206.json', '/tmp/minio_downloads/1766488217.json', '/tmp/minio_downloads/1766488228.json', '/tmp/minio_downloads/1766488241.json', '/tmp/minio_downloads/1766488252.json', '/tmp/minio_downloads/1766488263.json', '/tmp/minio_downloads/1766488274.json', '/tmp/minio_downloads/1766488286.json', '/tmp/minio_downloads/1766488297.json', '/tmp/minio_downloads/1766488308.json', '/tmp/minio_downloads/1766488319.json', '/tmp/minio_downloads/1766488331.json', '/tmp/minio_downloads/1766488343.json', '/tmp/minio_downloads/1766488355.json', '/tmp/minio_downloads/1766488367.json', '/tmp/minio_downloads/1766488378.json', '/tmp/minio_downloads/1766488389.json', '/tmp/minio_downloads/1766488401.json', '/tmp/minio_downloads/1766488412.json', '/tmp/minio_downloads/1766488424.json', '/tmp/minio_downloads/1766488435.json', '/tmp/minio_downloads/1766488446.json', '/tmp/minio_downloads/1766488457.json', '/tmp/minio_downloads/1766488468.json', '/tmp/minio_downloads/1766488480.json', '/tmp/minio_downloads/1766488491.json', '/tmp/minio_downloads/1766488502.json', '/tmp/minio_downloads/1766488514.json', '/tmp/minio_downloads/1766488527.json', '/tmp/minio_downloads/1766488539.json', '/tmp/minio_downloads/1766488550.json', '/tmp/minio_downloads/1766488561.json', '/tmp/minio_downloads/1766488572.json', '/tmp/minio_downloads/1766488584.json', '/tmp/minio_downloads/1766488596.json', '/tmp/minio_downloads/1766488607.json', '/tmp/minio_downloads/1766488618.json', '/tmp/minio_downloads/1766488631.json', '/tmp/minio_downloads/1766488642.json', '/tmp/minio_downloads/1766488654.json', '/tmp/minio_downloads/1766488665.json', '/tmp/minio_downloads/1766488676.json', '/tmp/minio_downloads/1766488687.json', '/tmp/minio_downloads/1766488699.json', '/tmp/minio_downloads/1766488710.json', '/tmp/minio_downloads/1766488722.json', '/tmp/minio_downloads/1766488736.json', '/tmp/minio_downloads/1766488750.json', '/tmp/minio_downloads/1766488761.json', '/tmp/minio_downloads/1766488773.json', '/tmp/minio_downloads/1766488786.json', '/tmp/minio_downloads/1766488798.json', '/tmp/minio_downloads/1766488810.json', '/tmp/minio_downloads/1766488823.json', '/tmp/minio_downloads/1766488835.json', '/tmp/minio_downloads/1766488849.json', '/tmp/minio_downloads/1766488861.json', '/tmp/minio_downloads/1766488872.json', '/tmp/minio_downloads/1766488885.json', '/tmp/minio_downloads/1766488897.json', '/tmp/minio_downloads/1766488908.json', '/tmp/minio_downloads/1766488920.json', '/tmp/minio_downloads/1766488931.json', '/tmp/minio_downloads/1766488943.json', '/tmp/minio_downloads/1766488955.json', '/tmp/minio_downloads/1766488966.json', '/tmp/minio_downloads/1766488977.json', '/tmp/minio_downloads/1766488988.json', '/tmp/minio_downloads/1766489000.json', '/tmp/minio_downloads/1766489012.json', '/tmp/minio_downloads/1766488210.json', '/tmp/minio_downloads/1766488221.json', '/tmp/minio_downloads/1766488233.json', '/tmp/minio_downloads/1766488245.json', '/tmp/minio_downloads/1766488256.json', '/tmp/minio_downloads/1766488267.json', '/tmp/minio_downloads/1766488278.json', '/tmp/minio_downloads/1766488290.json', '/tmp/minio_downloads/1766488301.json', '/tmp/minio_downloads/1766488312.json', '/tmp/minio_downloads/1766488324.json', '/tmp/minio_downloads/1766488335.json', '/tmp/minio_downloads/1766488347.json', '/tmp/minio_downloads/1766488360.json', '/tmp/minio_downloads/1766488371.json', '/tmp/minio_downloads/1766488382.json', '/tmp/minio_downloads/1766488393.json', '/tmp/minio_downloads/1766488405.json', '/tmp/minio_downloads/1766488416.json', '/tmp/minio_downloads/1766488428.json', '/tmp/minio_downloads/1766488439.json', '/tmp/minio_downloads/1766488450.json', '/tmp/minio_downloads/1766488461.json', '/tmp/minio_downloads/1766488473.json', '/tmp/minio_downloads/1766488484.json', '/tmp/minio_downloads/1766488495.json', '/tmp/minio_downloads/1766488507.json', '/tmp/minio_downloads/1766488520.json', '/tmp/minio_downloads/1766488532.json', '/tmp/minio_downloads/1766488543.json', '/tmp/minio_downloads/1766488554.json', '/tmp/minio_downloads/1766488565.json', '/tmp/minio_downloads/1766488577.json', '/tmp/minio_downloads/1766488588.json', '/tmp/minio_downloads/1766488600.json', '/tmp/minio_downloads/1766488611.json', '/tmp/minio_downloads/1766488624.json', '/tmp/minio_downloads/1766488635.json', '/tmp/minio_downloads/1766488647.json', '/tmp/minio_downloads/1766488658.json', '/tmp/minio_downloads/1766488669.json', '/tmp/minio_downloads/1766488680.json', '/tmp/minio_downloads/1766488692.json', '/tmp/minio_downloads/1766488703.json', '/tmp/minio_downloads/1766488715.json', '/tmp/minio_downloads/1766488728.json', '/tmp/minio_downloads/1766488742.json', '/tmp/minio_downloads/1766488754.json', '/tmp/minio_downloads/1766488766.json', '/tmp/minio_downloads/1766488778.json', '/tmp/minio_downloads/1766488791.json', '/tmp/minio_downloads/1766488803.json', '/tmp/minio_downloads/1766488815.json', '/tmp/minio_downloads/1766488828.json', '/tmp/minio_downloads/1766488842.json', '/tmp/minio_downloads/1766488854.json', '/tmp/minio_downloads/1766488865.json', '/tmp/minio_downloads/1766488878.json', '/tmp/minio_downloads/1766488889.json', '/tmp/minio_downloads/1766488901.json', '/tmp/minio_downloads/1766488913.json', '/tmp/minio_downloads/1766488924.json', '/tmp/minio_downloads/1766488935.json', '/tmp/minio_downloads/1766488948.json', '/tmp/minio_downloads/1766488959.json', '/tmp/minio_downloads/1766488970.json', '/tmp/minio_downloads/1766488981.json', '/tmp/minio_downloads/1766488993.json', '/tmp/minio_downloads/1766489005.json', '/tmp/minio_downloads/1766489017.json', '/tmp/minio_downloads/1766488209.json', '/tmp/minio_downloads/1766488220.json', '/tmp/minio_downloads/1766488232.json', '/tmp/minio_downloads/1766488244.json', '/tmp/minio_downloads/1766488255.json', '/tmp/minio_downloads/1766488266.json', '/tmp/minio_downloads/1766488277.json', '/tmp/minio_downloads/1766488289.json', '/tmp/minio_downloads/1766488300.json', '/tmp/minio_downloads/1766488311.json', '/tmp/minio_downloads/1766488322.json', '/tmp/minio_downloads/1766488334.json', '/tmp/minio_downloads/1766488346.json', '/tmp/minio_downloads/1766488358.json', '/tmp/minio_downloads/1766488370.json', '/tmp/minio_downloads/1766488381.json', '/tmp/minio_downloads/1766488392.json', '/tmp/minio_downloads/1766488404.json', '/tmp/minio_downloads/1766488415.json', '/tmp/minio_downloads/1766488427.json', '/tmp/minio_downloads/1766488438.json', '/tmp/minio_downloads/1766488449.json', '/tmp/minio_downloads/1766488460.json', '/tmp/minio_downloads/1766488471.json', '/tmp/minio_downloads/1766488483.json', '/tmp/minio_downloads/1766488494.json', '/tmp/minio_downloads/1766488505.json', '/tmp/minio_downloads/1766488519.json', '/tmp/minio_downloads/1766488531.json', '/tmp/minio_downloads/1766488542.json', '/tmp/minio_downloads/1766488553.json', '/tmp/minio_downloads/1766488564.json', '/tmp/minio_downloads/1766488575.json', '/tmp/minio_downloads/1766488587.json', '/tmp/minio_downloads/1766488599.json', '/tmp/minio_downloads/1766488610.json', '/tmp/minio_downloads/1766488622.json', '/tmp/minio_downloads/1766488634.json', '/tmp/minio_downloads/1766488646.json', '/tmp/minio_downloads/1766488657.json', '/tmp/minio_downloads/1766488668.json', '/tmp/minio_downloads/1766488679.json', '/tmp/minio_downloads/1766488691.json', '/tmp/minio_downloads/1766488702.json', '/tmp/minio_downloads/1766488714.json', '/tmp/minio_downloads/1766488727.json', '/tmp/minio_downloads/1766488741.json', '/tmp/minio_downloads/1766488753.json', '/tmp/minio_downloads/1766488765.json', '/tmp/minio_downloads/1766488776.json', '/tmp/minio_downloads/1766488790.json', '/tmp/minio_downloads/1766488802.json', '/tmp/minio_downloads/1766488814.json', '/tmp/minio_downloads/1766488827.json', '/tmp/minio_downloads/1766488840.json', '/tmp/minio_downloads/1766488852.json', '/tmp/minio_downloads/1766488864.json', '/tmp/minio_downloads/1766488876.json', '/tmp/minio_downloads/1766488888.json', '/tmp/minio_downloads/1766488900.json', '/tmp/minio_downloads/1766488912.json', '/tmp/minio_downloads/1766488923.json', '/tmp/minio_downloads/1766488934.json', '/tmp/minio_downloads/1766488947.json', '/tmp/minio_downloads/1766488958.json', '/tmp/minio_downloads/1766488969.json', '/tmp/minio_downloads/1766488980.json', '/tmp/minio_downloads/1766488992.json', '/tmp/minio_downloads/1766489004.json', '/tmp/minio_downloads/1766489016.json', '/tmp/minio_downloads/1766488207.json', '/tmp/minio_downloads/1766488218.json', '/tmp/minio_downloads/1766488229.json', '/tmp/minio_downloads/1766488242.json', '/tmp/minio_downloads/1766488253.json', '/tmp/minio_downloads/1766488264.json', '/tmp/minio_downloads/1766488275.json', '/tmp/minio_downloads/1766488287.json', '/tmp/minio_downloads/1766488298.json', '/tmp/minio_downloads/1766488309.json', '/tmp/minio_downloads/1766488320.json', '/tmp/minio_downloads/1766488332.json', '/tmp/minio_downloads/1766488344.json', '/tmp/minio_downloads/1766488356.json', '/tmp/minio_downloads/1766488368.json', '/tmp/minio_downloads/1766488379.json', '/tmp/minio_downloads/1766488390.json', '/tmp/minio_downloads/1766488402.json', '/tmp/minio_downloads/1766488413.json', '/tmp/minio_downloads/1766488425.json', '/tmp/minio_downloads/1766488436.json', '/tmp/minio_downloads/1766488447.json', '/tmp/minio_downloads/1766488458.json', '/tmp/minio_downloads/1766488469.json', '/tmp/minio_downloads/1766488480.json', '/tmp/minio_downloads/1766488492.json', '/tmp/minio_downloads/1766488503.json', '/tmp/minio_downloads/1766488516.json', '/tmp/minio_downloads/1766488529.json', '/tmp/minio_downloads/1766488540.json', '/tmp/minio_downloads/1766488551.json', '/tmp/minio_downloads/1766488562.json', '/tmp/minio_downloads/1766488573.json', '/tmp/minio_downloads/1766488585.json', '/tmp/minio_downloads/1766488597.json', '/tmp/minio_downloads/1766488608.json', '/tmp/minio_downloads/1766488620.json', '/tmp/minio_downloads/1766488632.json', '/tmp/minio_downloads/1766488643.json', '/tmp/minio_downloads/1766488655.json', '/tmp/minio_downloads/1766488666.json', '/tmp/minio_downloads/1766488677.json', '/tmp/minio_downloads/1766488688.json', '/tmp/minio_downloads/1766488700.json', '/tmp/minio_downloads/1766488712.json', '/tmp/minio_downloads/1766488724.json', '/tmp/minio_downloads/1766488737.json', '/tmp/minio_downloads/1766488751.json', '/tmp/minio_downloads/1766488762.json', '/tmp/minio_downloads/1766488774.json', '/tmp/minio_downloads/1766488787.json', '/tmp/minio_downloads/1766488799.json', '/tmp/minio_downloads/1766488812.json', '/tmp/minio_downloads/1766488824.json', '/tmp/minio_downloads/1766488837.json', '/tmp/minio_downloads/1766488850.json', '/tmp/minio_downloads/1766488862.json', '/tmp/minio_downloads/1766488874.json', '/tmp/minio_downloads/1766488886.json', '/tmp/minio_downloads/1766488898.json', '/tmp/minio_downloads/1766488909.json', '/tmp/minio_downloads/1766488921.json', '/tmp/minio_downloads/1766488932.json', '/tmp/minio_downloads/1766488944.json', '/tmp/minio_downloads/1766488956.json', '/tmp/minio_downloads/1766488967.json', '/tmp/minio_downloads/1766488978.json', '/tmp/minio_downloads/1766488990.json', '/tmp/minio_downloads/1766489002.json', '/tmp/minio_downloads/1766489013.json', '/tmp/minio_downloads/1766488208.json', '/tmp/minio_downloads/1766488219.json', '/tmp/minio_downloads/1766488231.json', '/tmp/minio_downloads/1766488243.json', '/tmp/minio_downloads/1766488254.json', '/tmp/minio_downloads/1766488265.json', '/tmp/minio_downloads/1766488276.json', '/tmp/minio_downloads/1766488288.json', '/tmp/minio_downloads/1766488299.json', '/tmp/minio_downloads/1766488310.json', '/tmp/minio_downloads/1766488321.json', '/tmp/minio_downloads/1766488333.json', '/tmp/minio_downloads/1766488345.json', '/tmp/minio_downloads/1766488357.json', '/tmp/minio_downloads/1766488369.json', '/tmp/minio_downloads/1766488380.json', '/tmp/minio_downloads/1766488391.json', '/tmp/minio_downloads/1766488403.json', '/tmp/minio_downloads/1766488414.json', '/tmp/minio_downloads/1766488426.json', '/tmp/minio_downloads/1766488437.json', '/tmp/minio_downloads/1766488448.json', '/tmp/minio_downloads/1766488459.json', '/tmp/minio_downloads/1766488470.json', '/tmp/minio_downloads/1766488481.json', '/tmp/minio_downloads/1766488493.json', '/tmp/minio_downloads/1766488504.json', '/tmp/minio_downloads/1766488517.json', '/tmp/minio_downloads/1766488530.json', '/tmp/minio_downloads/1766488541.json', '/tmp/minio_downloads/1766488552.json', '/tmp/minio_downloads/1766488563.json', '/tmp/minio_downloads/1766488574.json', '/tmp/minio_downloads/1766488586.json', '/tmp/minio_downloads/1766488598.json', '/tmp/minio_downloads/1766488609.json', '/tmp/minio_downloads/1766488621.json', '/tmp/minio_downloads/1766488633.json', '/tmp/minio_downloads/1766488645.json', '/tmp/minio_downloads/1766488656.json', '/tmp/minio_downloads/1766488667.json', '/tmp/minio_downloads/1766488678.json', '/tmp/minio_downloads/1766488689.json', '/tmp/minio_downloads/1766488701.json', '/tmp/minio_downloads/1766488713.json', '/tmp/minio_downloads/1766488725.json', '/tmp/minio_downloads/1766488739.json', '/tmp/minio_downloads/1766488752.json', '/tmp/minio_downloads/1766488764.json', '/tmp/minio_downloads/1766488775.json', '/tmp/minio_downloads/1766488789.json', '/tmp/minio_downloads/1766488800.json', '/tmp/minio_downloads/1766488813.json', '/tmp/minio_downloads/1766488825.json', '/tmp/minio_downloads/1766488838.json', '/tmp/minio_downloads/1766488851.json', '/tmp/minio_downloads/1766488863.json', '/tmp/minio_downloads/1766488875.json', '/tmp/minio_downloads/1766488887.json', '/tmp/minio_downloads/1766488899.json', '/tmp/minio_downloads/1766488911.json', '/tmp/minio_downloads/1766488922.json', '/tmp/minio_downloads/1766488933.json', '/tmp/minio_downloads/1766488945.json', '/tmp/minio_downloads/1766488957.json', '/tmp/minio_downloads/1766488968.json', '/tmp/minio_downloads/1766488979.json', '/tmp/minio_downloads/1766488991.json', '/tmp/minio_downloads/1766489003.json', '/tmp/minio_downloads/1766489015.json']
[2025-12-23T11:23:52.372+0000] {taskinstance.py:441} INFO - ::group::Post task execution logs
[2025-12-23T11:23:52.428+0000] {taskinstance.py:1206} INFO - Marking task as SUCCESS. dag_id=minio_to_snowflake, task_id=download_minio, run_id=scheduled__2025-12-23T11:22:00+00:00, execution_date=20251223T112200, start_date=20251223T112342, end_date=20251223T112352
[2025-12-23T11:23:52.579+0000] {local_task_job_runner.py:243} INFO - Task exited with return code 0
[2025-12-23T11:23:52.625+0000] {taskinstance.py:3503} INFO - 1 downstream tasks scheduled from follow-on schedule check
[2025-12-23T11:23:52.631+0000] {local_task_job_runner.py:222} INFO - ::endgroup::
