[2025-12-26T06:14:03.923+0000] {local_task_job_runner.py:120} INFO - ::group::Pre task execution logs
[2025-12-26T06:14:04.416+0000] {taskinstance.py:2076} INFO - Dependencies all met for dep_context=non-requeueable deps ti=<TaskInstance: minio_to_snowflake.download_minio scheduled__2025-12-26T06:12:00+00:00 [queued]>
[2025-12-26T06:14:04.622+0000] {taskinstance.py:2076} INFO - Dependencies all met for dep_context=requeueable deps ti=<TaskInstance: minio_to_snowflake.download_minio scheduled__2025-12-26T06:12:00+00:00 [queued]>
[2025-12-26T06:14:04.851+0000] {taskinstance.py:2306} INFO - Starting attempt 1 of 2
[2025-12-26T06:14:05.012+0000] {taskinstance.py:2330} INFO - Executing <Task(PythonOperator): download_minio> on 2025-12-26 06:12:00+00:00
[2025-12-26T06:14:05.466+0000] {standard_task_runner.py:90} INFO - Running: ['***', 'tasks', 'run', 'minio_to_snowflake', 'download_minio', 'scheduled__2025-12-26T06:12:00+00:00', '--job-id', '8', '--raw', '--subdir', 'DAGS_FOLDER/minio_to_snowflake.py', '--cfg-path', '/tmp/tmpi8letban']
[2025-12-26T06:14:05.473+0000] {logging_mixin.py:188} WARNING - /home/***/.local/lib/python3.12/site-packages/***/task/task_runner/standard_task_runner.py:62 DeprecationWarning: This process (pid=1883) is multi-threaded, use of fork() may lead to deadlocks in the child.
[2025-12-26T06:14:05.475+0000] {standard_task_runner.py:91} INFO - Job 8: Subtask download_minio
[2025-12-26T06:14:05.476+0000] {standard_task_runner.py:64} INFO - Started process 1900 to run task
[2025-12-26T06:14:06.083+0000] {task_command.py:426} INFO - Running <TaskInstance: minio_to_snowflake.download_minio scheduled__2025-12-26T06:12:00+00:00 [running]> on host 3fb2a1a27553
[2025-12-26T06:14:07.618+0000] {taskinstance.py:2648} INFO - Exporting env vars: AIRFLOW_CTX_DAG_OWNER='***' AIRFLOW_CTX_DAG_ID='minio_to_snowflake' AIRFLOW_CTX_TASK_ID='download_minio' AIRFLOW_CTX_EXECUTION_DATE='2025-12-26T06:12:00+00:00' AIRFLOW_CTX_TRY_NUMBER='1' AIRFLOW_CTX_DAG_RUN_ID='scheduled__2025-12-26T06:12:00+00:00'
[2025-12-26T06:14:07.635+0000] {taskinstance.py:430} INFO - ::endgroup::
[2025-12-26T06:14:24.016+0000] {logging_mixin.py:188} INFO - Downloaded AAPL/1766728889.json -> /tmp/minio_downloads/1766728889.json
[2025-12-26T06:14:24.062+0000] {logging_mixin.py:188} INFO - Downloaded AAPL/1766728900.json -> /tmp/minio_downloads/1766728900.json
[2025-12-26T06:14:24.086+0000] {logging_mixin.py:188} INFO - Downloaded AAPL/1766728911.json -> /tmp/minio_downloads/1766728911.json
[2025-12-26T06:14:24.111+0000] {logging_mixin.py:188} INFO - Downloaded AAPL/1766728923.json -> /tmp/minio_downloads/1766728923.json
[2025-12-26T06:14:24.158+0000] {logging_mixin.py:188} INFO - Downloaded AAPL/1766728935.json -> /tmp/minio_downloads/1766728935.json
[2025-12-26T06:14:24.188+0000] {logging_mixin.py:188} INFO - Downloaded AAPL/1766728947.json -> /tmp/minio_downloads/1766728947.json
[2025-12-26T06:14:24.230+0000] {logging_mixin.py:188} INFO - Downloaded AAPL/1766728960.json -> /tmp/minio_downloads/1766728960.json
[2025-12-26T06:14:24.267+0000] {logging_mixin.py:188} INFO - Downloaded AAPL/1766728972.json -> /tmp/minio_downloads/1766728972.json
[2025-12-26T06:14:24.360+0000] {logging_mixin.py:188} INFO - Downloaded AAPL/1766728984.json -> /tmp/minio_downloads/1766728984.json
[2025-12-26T06:14:24.445+0000] {logging_mixin.py:188} INFO - Downloaded AAPL/1766728995.json -> /tmp/minio_downloads/1766728995.json
[2025-12-26T06:14:24.512+0000] {logging_mixin.py:188} INFO - Downloaded AAPL/1766729007.json -> /tmp/minio_downloads/1766729007.json
[2025-12-26T06:14:24.569+0000] {logging_mixin.py:188} INFO - Downloaded AAPL/1766729020.json -> /tmp/minio_downloads/1766729020.json
[2025-12-26T06:14:24.617+0000] {logging_mixin.py:188} INFO - Downloaded AAPL/1766729032.json -> /tmp/minio_downloads/1766729032.json
[2025-12-26T06:14:24.651+0000] {logging_mixin.py:188} INFO - Downloaded AAPL/1766729044.json -> /tmp/minio_downloads/1766729044.json
[2025-12-26T06:14:24.701+0000] {logging_mixin.py:188} INFO - Downloaded AAPL/1766729057.json -> /tmp/minio_downloads/1766729057.json
[2025-12-26T06:14:24.799+0000] {logging_mixin.py:188} INFO - Downloaded AAPL/1766729070.json -> /tmp/minio_downloads/1766729070.json
[2025-12-26T06:14:24.860+0000] {logging_mixin.py:188} INFO - Downloaded AAPL/1766729083.json -> /tmp/minio_downloads/1766729083.json
[2025-12-26T06:14:24.928+0000] {logging_mixin.py:188} INFO - Downloaded AAPL/1766729095.json -> /tmp/minio_downloads/1766729095.json
[2025-12-26T06:14:24.991+0000] {logging_mixin.py:188} INFO - Downloaded AAPL/1766729109.json -> /tmp/minio_downloads/1766729109.json
[2025-12-26T06:14:25.037+0000] {logging_mixin.py:188} INFO - Downloaded AAPL/1766729122.json -> /tmp/minio_downloads/1766729122.json
[2025-12-26T06:14:25.096+0000] {logging_mixin.py:188} INFO - Downloaded AAPL/1766729135.json -> /tmp/minio_downloads/1766729135.json
[2025-12-26T06:14:25.155+0000] {logging_mixin.py:188} INFO - Downloaded AAPL/1766729147.json -> /tmp/minio_downloads/1766729147.json
[2025-12-26T06:14:25.265+0000] {logging_mixin.py:188} INFO - Downloaded AAPL/1766729160.json -> /tmp/minio_downloads/1766729160.json
[2025-12-26T06:14:25.548+0000] {logging_mixin.py:188} INFO - Downloaded AAPL/1766729172.json -> /tmp/minio_downloads/1766729172.json
[2025-12-26T06:14:25.602+0000] {logging_mixin.py:188} INFO - Downloaded AAPL/1766729185.json -> /tmp/minio_downloads/1766729185.json
[2025-12-26T06:14:25.721+0000] {logging_mixin.py:188} INFO - Downloaded AAPL/1766729199.json -> /tmp/minio_downloads/1766729199.json
[2025-12-26T06:14:25.817+0000] {logging_mixin.py:188} INFO - Downloaded AAPL/1766729212.json -> /tmp/minio_downloads/1766729212.json
[2025-12-26T06:14:25.899+0000] {logging_mixin.py:188} INFO - Downloaded AAPL/1766729225.json -> /tmp/minio_downloads/1766729225.json
[2025-12-26T06:14:25.975+0000] {logging_mixin.py:188} INFO - Downloaded AAPL/1766729238.json -> /tmp/minio_downloads/1766729238.json
[2025-12-26T06:14:26.056+0000] {logging_mixin.py:188} INFO - Downloaded AAPL/1766729250.json -> /tmp/minio_downloads/1766729250.json
[2025-12-26T06:14:26.115+0000] {logging_mixin.py:188} INFO - Downloaded AAPL/1766729263.json -> /tmp/minio_downloads/1766729263.json
[2025-12-26T06:14:26.234+0000] {logging_mixin.py:188} INFO - Downloaded AAPL/1766729277.json -> /tmp/minio_downloads/1766729277.json
[2025-12-26T06:14:26.301+0000] {logging_mixin.py:188} INFO - Downloaded AAPL/1766729289.json -> /tmp/minio_downloads/1766729289.json
[2025-12-26T06:14:26.351+0000] {logging_mixin.py:188} INFO - Downloaded AAPL/1766729301.json -> /tmp/minio_downloads/1766729301.json
[2025-12-26T06:14:26.454+0000] {logging_mixin.py:188} INFO - Downloaded AAPL/1766729313.json -> /tmp/minio_downloads/1766729313.json
[2025-12-26T06:14:26.576+0000] {logging_mixin.py:188} INFO - Downloaded AAPL/1766729326.json -> /tmp/minio_downloads/1766729326.json
[2025-12-26T06:14:26.649+0000] {logging_mixin.py:188} INFO - Downloaded AAPL/1766729338.json -> /tmp/minio_downloads/1766729338.json
[2025-12-26T06:14:26.708+0000] {logging_mixin.py:188} INFO - Downloaded AAPL/1766729351.json -> /tmp/minio_downloads/1766729351.json
[2025-12-26T06:14:26.810+0000] {logging_mixin.py:188} INFO - Downloaded AAPL/1766729363.json -> /tmp/minio_downloads/1766729363.json
[2025-12-26T06:14:26.888+0000] {logging_mixin.py:188} INFO - Downloaded AAPL/1766729376.json -> /tmp/minio_downloads/1766729376.json
[2025-12-26T06:14:26.922+0000] {logging_mixin.py:188} INFO - Downloaded AAPL/1766729388.json -> /tmp/minio_downloads/1766729388.json
[2025-12-26T06:14:26.949+0000] {logging_mixin.py:188} INFO - Downloaded AAPL/1766729401.json -> /tmp/minio_downloads/1766729401.json
[2025-12-26T06:14:26.984+0000] {logging_mixin.py:188} INFO - Downloaded AAPL/1766729413.json -> /tmp/minio_downloads/1766729413.json
[2025-12-26T06:14:27.015+0000] {logging_mixin.py:188} INFO - Downloaded AAPL/1766729425.json -> /tmp/minio_downloads/1766729425.json
[2025-12-26T06:14:27.055+0000] {logging_mixin.py:188} INFO - Downloaded AAPL/1766729438.json -> /tmp/minio_downloads/1766729438.json
[2025-12-26T06:14:27.079+0000] {logging_mixin.py:188} INFO - Downloaded AAPL/1766729450.json -> /tmp/minio_downloads/1766729450.json
[2025-12-26T06:14:27.106+0000] {logging_mixin.py:188} INFO - Downloaded AAPL/1766729463.json -> /tmp/minio_downloads/1766729463.json
[2025-12-26T06:14:27.132+0000] {logging_mixin.py:188} INFO - Downloaded AAPL/1766729476.json -> /tmp/minio_downloads/1766729476.json
[2025-12-26T06:14:27.164+0000] {logging_mixin.py:188} INFO - Downloaded AAPL/1766729489.json -> /tmp/minio_downloads/1766729489.json
[2025-12-26T06:14:27.222+0000] {logging_mixin.py:188} INFO - Downloaded AAPL/1766729502.json -> /tmp/minio_downloads/1766729502.json
[2025-12-26T06:14:27.265+0000] {logging_mixin.py:188} INFO - Downloaded AAPL/1766729514.json -> /tmp/minio_downloads/1766729514.json
[2025-12-26T06:14:27.309+0000] {logging_mixin.py:188} INFO - Downloaded AAPL/1766729526.json -> /tmp/minio_downloads/1766729526.json
[2025-12-26T06:14:27.352+0000] {logging_mixin.py:188} INFO - Downloaded AAPL/1766729538.json -> /tmp/minio_downloads/1766729538.json
[2025-12-26T06:14:27.404+0000] {logging_mixin.py:188} INFO - Downloaded AAPL/1766729550.json -> /tmp/minio_downloads/1766729550.json
[2025-12-26T06:14:27.454+0000] {logging_mixin.py:188} INFO - Downloaded AAPL/1766729563.json -> /tmp/minio_downloads/1766729563.json
[2025-12-26T06:14:27.523+0000] {logging_mixin.py:188} INFO - Downloaded AAPL/1766729575.json -> /tmp/minio_downloads/1766729575.json
[2025-12-26T06:14:27.574+0000] {logging_mixin.py:188} INFO - Downloaded AAPL/1766729588.json -> /tmp/minio_downloads/1766729588.json
[2025-12-26T06:14:27.610+0000] {logging_mixin.py:188} INFO - Downloaded AAPL/1766729600.json -> /tmp/minio_downloads/1766729600.json
[2025-12-26T06:14:27.649+0000] {logging_mixin.py:188} INFO - Downloaded AAPL/1766729613.json -> /tmp/minio_downloads/1766729613.json
[2025-12-26T06:14:27.671+0000] {logging_mixin.py:188} INFO - Downloaded AAPL/1766729626.json -> /tmp/minio_downloads/1766729626.json
[2025-12-26T06:14:27.709+0000] {logging_mixin.py:188} INFO - Downloaded AAPL/1766729638.json -> /tmp/minio_downloads/1766729638.json
[2025-12-26T06:14:27.765+0000] {logging_mixin.py:188} INFO - Downloaded AAPL/1766729649.json -> /tmp/minio_downloads/1766729649.json
[2025-12-26T06:14:27.795+0000] {logging_mixin.py:188} INFO - Downloaded AAPL/1766729661.json -> /tmp/minio_downloads/1766729661.json
[2025-12-26T06:14:27.833+0000] {logging_mixin.py:188} INFO - Downloaded AMZN/1766728893.json -> /tmp/minio_downloads/1766728893.json
[2025-12-26T06:14:27.879+0000] {logging_mixin.py:188} INFO - Downloaded AMZN/1766728904.json -> /tmp/minio_downloads/1766728904.json
[2025-12-26T06:14:27.938+0000] {logging_mixin.py:188} INFO - Downloaded AMZN/1766728916.json -> /tmp/minio_downloads/1766728916.json
[2025-12-26T06:14:27.967+0000] {logging_mixin.py:188} INFO - Downloaded AMZN/1766728928.json -> /tmp/minio_downloads/1766728928.json
[2025-12-26T06:14:28.008+0000] {logging_mixin.py:188} INFO - Downloaded AMZN/1766728940.json -> /tmp/minio_downloads/1766728940.json
[2025-12-26T06:14:28.053+0000] {logging_mixin.py:188} INFO - Downloaded AMZN/1766728953.json -> /tmp/minio_downloads/1766728953.json
[2025-12-26T06:14:28.111+0000] {logging_mixin.py:188} INFO - Downloaded AMZN/1766728965.json -> /tmp/minio_downloads/1766728965.json
[2025-12-26T06:14:28.159+0000] {logging_mixin.py:188} INFO - Downloaded AMZN/1766728976.json -> /tmp/minio_downloads/1766728976.json
[2025-12-26T06:14:28.203+0000] {logging_mixin.py:188} INFO - Downloaded AMZN/1766728988.json -> /tmp/minio_downloads/1766728988.json
[2025-12-26T06:14:28.254+0000] {logging_mixin.py:188} INFO - Downloaded AMZN/1766729000.json -> /tmp/minio_downloads/1766729000.json
[2025-12-26T06:14:28.297+0000] {logging_mixin.py:188} INFO - Downloaded AMZN/1766729013.json -> /tmp/minio_downloads/1766729013.json
[2025-12-26T06:14:28.344+0000] {logging_mixin.py:188} INFO - Downloaded AMZN/1766729025.json -> /tmp/minio_downloads/1766729025.json
[2025-12-26T06:14:28.390+0000] {logging_mixin.py:188} INFO - Downloaded AMZN/1766729037.json -> /tmp/minio_downloads/1766729037.json
[2025-12-26T06:14:28.449+0000] {logging_mixin.py:188} INFO - Downloaded AMZN/1766729050.json -> /tmp/minio_downloads/1766729050.json
[2025-12-26T06:14:28.508+0000] {logging_mixin.py:188} INFO - Downloaded AMZN/1766729063.json -> /tmp/minio_downloads/1766729063.json
[2025-12-26T06:14:28.729+0000] {logging_mixin.py:188} INFO - Downloaded AMZN/1766729075.json -> /tmp/minio_downloads/1766729075.json
[2025-12-26T06:14:29.239+0000] {logging_mixin.py:188} INFO - Downloaded AMZN/1766729088.json -> /tmp/minio_downloads/1766729088.json
[2025-12-26T06:14:29.314+0000] {logging_mixin.py:188} INFO - Downloaded AMZN/1766729101.json -> /tmp/minio_downloads/1766729101.json
[2025-12-26T06:14:29.370+0000] {logging_mixin.py:188} INFO - Downloaded AMZN/1766729115.json -> /tmp/minio_downloads/1766729115.json
[2025-12-26T06:14:29.408+0000] {logging_mixin.py:188} INFO - Downloaded AMZN/1766729128.json -> /tmp/minio_downloads/1766729128.json
[2025-12-26T06:14:29.439+0000] {logging_mixin.py:188} INFO - Downloaded AMZN/1766729140.json -> /tmp/minio_downloads/1766729140.json
[2025-12-26T06:14:29.474+0000] {logging_mixin.py:188} INFO - Downloaded AMZN/1766729152.json -> /tmp/minio_downloads/1766729152.json
[2025-12-26T06:14:29.506+0000] {logging_mixin.py:188} INFO - Downloaded AMZN/1766729165.json -> /tmp/minio_downloads/1766729165.json
[2025-12-26T06:14:29.536+0000] {logging_mixin.py:188} INFO - Downloaded AMZN/1766729177.json -> /tmp/minio_downloads/1766729177.json
[2025-12-26T06:14:29.569+0000] {logging_mixin.py:188} INFO - Downloaded AMZN/1766729191.json -> /tmp/minio_downloads/1766729191.json
[2025-12-26T06:14:29.601+0000] {logging_mixin.py:188} INFO - Downloaded AMZN/1766729204.json -> /tmp/minio_downloads/1766729204.json
[2025-12-26T06:14:29.636+0000] {logging_mixin.py:188} INFO - Downloaded AMZN/1766729217.json -> /tmp/minio_downloads/1766729217.json
[2025-12-26T06:14:29.700+0000] {logging_mixin.py:188} INFO - Downloaded AMZN/1766729231.json -> /tmp/minio_downloads/1766729231.json
[2025-12-26T06:14:29.755+0000] {logging_mixin.py:188} INFO - Downloaded AMZN/1766729243.json -> /tmp/minio_downloads/1766729243.json
[2025-12-26T06:14:29.805+0000] {logging_mixin.py:188} INFO - Downloaded AMZN/1766729256.json -> /tmp/minio_downloads/1766729256.json
[2025-12-26T06:14:29.900+0000] {logging_mixin.py:188} INFO - Downloaded AMZN/1766729270.json -> /tmp/minio_downloads/1766729270.json
[2025-12-26T06:14:29.977+0000] {logging_mixin.py:188} INFO - Downloaded AMZN/1766729282.json -> /tmp/minio_downloads/1766729282.json
[2025-12-26T06:14:30.048+0000] {logging_mixin.py:188} INFO - Downloaded AMZN/1766729294.json -> /tmp/minio_downloads/1766729294.json
[2025-12-26T06:14:30.123+0000] {logging_mixin.py:188} INFO - Downloaded AMZN/1766729306.json -> /tmp/minio_downloads/1766729306.json
[2025-12-26T06:14:30.197+0000] {logging_mixin.py:188} INFO - Downloaded AMZN/1766729318.json -> /tmp/minio_downloads/1766729318.json
[2025-12-26T06:14:30.272+0000] {logging_mixin.py:188} INFO - Downloaded AMZN/1766729331.json -> /tmp/minio_downloads/1766729331.json
[2025-12-26T06:14:30.342+0000] {logging_mixin.py:188} INFO - Downloaded AMZN/1766729344.json -> /tmp/minio_downloads/1766729344.json
[2025-12-26T06:14:30.398+0000] {logging_mixin.py:188} INFO - Downloaded AMZN/1766729356.json -> /tmp/minio_downloads/1766729356.json
[2025-12-26T06:14:30.434+0000] {logging_mixin.py:188} INFO - Downloaded AMZN/1766729368.json -> /tmp/minio_downloads/1766729368.json
[2025-12-26T06:14:30.508+0000] {logging_mixin.py:188} INFO - Downloaded AMZN/1766729381.json -> /tmp/minio_downloads/1766729381.json
[2025-12-26T06:14:30.553+0000] {logging_mixin.py:188} INFO - Downloaded AMZN/1766729394.json -> /tmp/minio_downloads/1766729394.json
[2025-12-26T06:14:30.614+0000] {logging_mixin.py:188} INFO - Downloaded AMZN/1766729406.json -> /tmp/minio_downloads/1766729406.json
[2025-12-26T06:14:30.711+0000] {logging_mixin.py:188} INFO - Downloaded AMZN/1766729418.json -> /tmp/minio_downloads/1766729418.json
[2025-12-26T06:14:30.791+0000] {logging_mixin.py:188} INFO - Downloaded AMZN/1766729430.json -> /tmp/minio_downloads/1766729430.json
[2025-12-26T06:14:30.860+0000] {logging_mixin.py:188} INFO - Downloaded AMZN/1766729443.json -> /tmp/minio_downloads/1766729443.json
[2025-12-26T06:14:30.916+0000] {logging_mixin.py:188} INFO - Downloaded AMZN/1766729455.json -> /tmp/minio_downloads/1766729455.json
[2025-12-26T06:14:31.004+0000] {logging_mixin.py:188} INFO - Downloaded AMZN/1766729468.json -> /tmp/minio_downloads/1766729468.json
[2025-12-26T06:14:31.057+0000] {logging_mixin.py:188} INFO - Downloaded AMZN/1766729481.json -> /tmp/minio_downloads/1766729481.json
[2025-12-26T06:14:31.122+0000] {logging_mixin.py:188} INFO - Downloaded AMZN/1766729494.json -> /tmp/minio_downloads/1766729494.json
[2025-12-26T06:14:31.180+0000] {logging_mixin.py:188} INFO - Downloaded AMZN/1766729507.json -> /tmp/minio_downloads/1766729507.json
[2025-12-26T06:14:31.234+0000] {logging_mixin.py:188} INFO - Downloaded AMZN/1766729519.json -> /tmp/minio_downloads/1766729519.json
[2025-12-26T06:14:31.364+0000] {logging_mixin.py:188} INFO - Downloaded AMZN/1766729531.json -> /tmp/minio_downloads/1766729531.json
[2025-12-26T06:14:31.426+0000] {logging_mixin.py:188} INFO - Downloaded AMZN/1766729543.json -> /tmp/minio_downloads/1766729543.json
[2025-12-26T06:14:31.498+0000] {logging_mixin.py:188} INFO - Downloaded AMZN/1766729556.json -> /tmp/minio_downloads/1766729556.json
[2025-12-26T06:14:31.576+0000] {logging_mixin.py:188} INFO - Downloaded AMZN/1766729568.json -> /tmp/minio_downloads/1766729568.json
[2025-12-26T06:14:31.660+0000] {logging_mixin.py:188} INFO - Downloaded AMZN/1766729580.json -> /tmp/minio_downloads/1766729580.json
[2025-12-26T06:14:31.754+0000] {logging_mixin.py:188} INFO - Downloaded AMZN/1766729592.json -> /tmp/minio_downloads/1766729592.json
[2025-12-26T06:14:31.786+0000] {logging_mixin.py:188} INFO - Downloaded AMZN/1766729606.json -> /tmp/minio_downloads/1766729606.json
[2025-12-26T06:14:31.816+0000] {logging_mixin.py:188} INFO - Downloaded AMZN/1766729618.json -> /tmp/minio_downloads/1766729618.json
[2025-12-26T06:14:31.856+0000] {logging_mixin.py:188} INFO - Downloaded AMZN/1766729631.json -> /tmp/minio_downloads/1766729631.json
[2025-12-26T06:14:31.918+0000] {logging_mixin.py:188} INFO - Downloaded AMZN/1766729642.json -> /tmp/minio_downloads/1766729642.json
[2025-12-26T06:14:31.978+0000] {logging_mixin.py:188} INFO - Downloaded AMZN/1766729653.json -> /tmp/minio_downloads/1766729653.json
[2025-12-26T06:14:32.037+0000] {logging_mixin.py:188} INFO - Downloaded GOOGL/1766728892.json -> /tmp/minio_downloads/1766728892.json
[2025-12-26T06:14:32.079+0000] {logging_mixin.py:188} INFO - Downloaded GOOGL/1766728903.json -> /tmp/minio_downloads/1766728903.json
[2025-12-26T06:14:32.121+0000] {logging_mixin.py:188} INFO - Downloaded GOOGL/1766728915.json -> /tmp/minio_downloads/1766728915.json
[2025-12-26T06:14:32.182+0000] {logging_mixin.py:188} INFO - Downloaded GOOGL/1766728927.json -> /tmp/minio_downloads/1766728927.json
[2025-12-26T06:14:32.220+0000] {logging_mixin.py:188} INFO - Downloaded GOOGL/1766728939.json -> /tmp/minio_downloads/1766728939.json
[2025-12-26T06:14:32.280+0000] {logging_mixin.py:188} INFO - Downloaded GOOGL/1766728951.json -> /tmp/minio_downloads/1766728951.json
[2025-12-26T06:14:32.312+0000] {logging_mixin.py:188} INFO - Downloaded GOOGL/1766728963.json -> /tmp/minio_downloads/1766728963.json
[2025-12-26T06:14:32.351+0000] {logging_mixin.py:188} INFO - Downloaded GOOGL/1766728975.json -> /tmp/minio_downloads/1766728975.json
[2025-12-26T06:14:32.375+0000] {logging_mixin.py:188} INFO - Downloaded GOOGL/1766728987.json -> /tmp/minio_downloads/1766728987.json
[2025-12-26T06:14:32.412+0000] {logging_mixin.py:188} INFO - Downloaded GOOGL/1766728999.json -> /tmp/minio_downloads/1766728999.json
[2025-12-26T06:14:32.458+0000] {logging_mixin.py:188} INFO - Downloaded GOOGL/1766729011.json -> /tmp/minio_downloads/1766729011.json
[2025-12-26T06:14:32.488+0000] {logging_mixin.py:188} INFO - Downloaded GOOGL/1766729023.json -> /tmp/minio_downloads/1766729023.json
[2025-12-26T06:14:32.535+0000] {logging_mixin.py:188} INFO - Downloaded GOOGL/1766729036.json -> /tmp/minio_downloads/1766729036.json
[2025-12-26T06:14:32.592+0000] {logging_mixin.py:188} INFO - Downloaded GOOGL/1766729048.json -> /tmp/minio_downloads/1766729048.json
[2025-12-26T06:14:32.636+0000] {logging_mixin.py:188} INFO - Downloaded GOOGL/1766729061.json -> /tmp/minio_downloads/1766729061.json
[2025-12-26T06:14:32.678+0000] {logging_mixin.py:188} INFO - Downloaded GOOGL/1766729074.json -> /tmp/minio_downloads/1766729074.json
[2025-12-26T06:14:32.723+0000] {logging_mixin.py:188} INFO - Downloaded GOOGL/1766729087.json -> /tmp/minio_downloads/1766729087.json
[2025-12-26T06:14:32.755+0000] {logging_mixin.py:188} INFO - Downloaded GOOGL/1766729100.json -> /tmp/minio_downloads/1766729100.json
[2025-12-26T06:14:32.784+0000] {logging_mixin.py:188} INFO - Downloaded GOOGL/1766729113.json -> /tmp/minio_downloads/1766729113.json
[2025-12-26T06:14:32.817+0000] {logging_mixin.py:188} INFO - Downloaded GOOGL/1766729126.json -> /tmp/minio_downloads/1766729126.json
[2025-12-26T06:14:32.880+0000] {logging_mixin.py:188} INFO - Downloaded GOOGL/1766729138.json -> /tmp/minio_downloads/1766729138.json
[2025-12-26T06:14:33.149+0000] {logging_mixin.py:188} INFO - Downloaded GOOGL/1766729151.json -> /tmp/minio_downloads/1766729151.json
[2025-12-26T06:14:33.216+0000] {logging_mixin.py:188} INFO - Downloaded GOOGL/1766729164.json -> /tmp/minio_downloads/1766729164.json
[2025-12-26T06:14:33.254+0000] {logging_mixin.py:188} INFO - Downloaded GOOGL/1766729176.json -> /tmp/minio_downloads/1766729176.json
[2025-12-26T06:14:33.826+0000] {logging_mixin.py:188} INFO - Downloaded GOOGL/1766729189.json -> /tmp/minio_downloads/1766729189.json
[2025-12-26T06:14:33.850+0000] {logging_mixin.py:188} INFO - Downloaded GOOGL/1766729202.json -> /tmp/minio_downloads/1766729202.json
[2025-12-26T06:14:33.873+0000] {logging_mixin.py:188} INFO - Downloaded GOOGL/1766729216.json -> /tmp/minio_downloads/1766729216.json
[2025-12-26T06:14:33.896+0000] {logging_mixin.py:188} INFO - Downloaded GOOGL/1766729229.json -> /tmp/minio_downloads/1766729229.json
[2025-12-26T06:14:33.927+0000] {logging_mixin.py:188} INFO - Downloaded GOOGL/1766729242.json -> /tmp/minio_downloads/1766729242.json
[2025-12-26T06:14:33.952+0000] {logging_mixin.py:188} INFO - Downloaded GOOGL/1766729254.json -> /tmp/minio_downloads/1766729254.json
[2025-12-26T06:14:33.977+0000] {logging_mixin.py:188} INFO - Downloaded GOOGL/1766729268.json -> /tmp/minio_downloads/1766729268.json
[2025-12-26T06:14:34.012+0000] {logging_mixin.py:188} INFO - Downloaded GOOGL/1766729280.json -> /tmp/minio_downloads/1766729280.json
[2025-12-26T06:14:34.055+0000] {logging_mixin.py:188} INFO - Downloaded GOOGL/1766729292.json -> /tmp/minio_downloads/1766729292.json
[2025-12-26T06:14:34.087+0000] {logging_mixin.py:188} INFO - Downloaded GOOGL/1766729305.json -> /tmp/minio_downloads/1766729305.json
[2025-12-26T06:14:34.113+0000] {logging_mixin.py:188} INFO - Downloaded GOOGL/1766729317.json -> /tmp/minio_downloads/1766729317.json
[2025-12-26T06:14:34.139+0000] {logging_mixin.py:188} INFO - Downloaded GOOGL/1766729329.json -> /tmp/minio_downloads/1766729329.json
[2025-12-26T06:14:34.166+0000] {logging_mixin.py:188} INFO - Downloaded GOOGL/1766729343.json -> /tmp/minio_downloads/1766729343.json
[2025-12-26T06:14:34.191+0000] {logging_mixin.py:188} INFO - Downloaded GOOGL/1766729354.json -> /tmp/minio_downloads/1766729354.json
[2025-12-26T06:14:34.222+0000] {logging_mixin.py:188} INFO - Downloaded GOOGL/1766729367.json -> /tmp/minio_downloads/1766729367.json
[2025-12-26T06:14:34.253+0000] {logging_mixin.py:188} INFO - Downloaded GOOGL/1766729379.json -> /tmp/minio_downloads/1766729379.json
[2025-12-26T06:14:34.292+0000] {logging_mixin.py:188} INFO - Downloaded GOOGL/1766729393.json -> /tmp/minio_downloads/1766729393.json
[2025-12-26T06:14:34.325+0000] {logging_mixin.py:188} INFO - Downloaded GOOGL/1766729405.json -> /tmp/minio_downloads/1766729405.json
[2025-12-26T06:14:34.354+0000] {logging_mixin.py:188} INFO - Downloaded GOOGL/1766729417.json -> /tmp/minio_downloads/1766729417.json
[2025-12-26T06:14:34.377+0000] {logging_mixin.py:188} INFO - Downloaded GOOGL/1766729429.json -> /tmp/minio_downloads/1766729429.json
[2025-12-26T06:14:34.414+0000] {logging_mixin.py:188} INFO - Downloaded GOOGL/1766729442.json -> /tmp/minio_downloads/1766729442.json
[2025-12-26T06:14:34.442+0000] {logging_mixin.py:188} INFO - Downloaded GOOGL/1766729454.json -> /tmp/minio_downloads/1766729454.json
[2025-12-26T06:14:34.462+0000] {logging_mixin.py:188} INFO - Downloaded GOOGL/1766729467.json -> /tmp/minio_downloads/1766729467.json
[2025-12-26T06:14:34.480+0000] {logging_mixin.py:188} INFO - Downloaded GOOGL/1766729480.json -> /tmp/minio_downloads/1766729480.json
[2025-12-26T06:14:34.499+0000] {logging_mixin.py:188} INFO - Downloaded GOOGL/1766729493.json -> /tmp/minio_downloads/1766729493.json
[2025-12-26T06:14:34.524+0000] {logging_mixin.py:188} INFO - Downloaded GOOGL/1766729505.json -> /tmp/minio_downloads/1766729505.json
[2025-12-26T06:14:34.543+0000] {logging_mixin.py:188} INFO - Downloaded GOOGL/1766729518.json -> /tmp/minio_downloads/1766729518.json
[2025-12-26T06:14:34.557+0000] {logging_mixin.py:188} INFO - Downloaded GOOGL/1766729530.json -> /tmp/minio_downloads/1766729530.json
[2025-12-26T06:14:34.572+0000] {logging_mixin.py:188} INFO - Downloaded GOOGL/1766729541.json -> /tmp/minio_downloads/1766729541.json
[2025-12-26T06:14:34.596+0000] {logging_mixin.py:188} INFO - Downloaded GOOGL/1766729555.json -> /tmp/minio_downloads/1766729555.json
[2025-12-26T06:14:34.608+0000] {logging_mixin.py:188} INFO - Downloaded GOOGL/1766729566.json -> /tmp/minio_downloads/1766729566.json
[2025-12-26T06:14:34.628+0000] {logging_mixin.py:188} INFO - Downloaded GOOGL/1766729579.json -> /tmp/minio_downloads/1766729579.json
[2025-12-26T06:14:34.641+0000] {logging_mixin.py:188} INFO - Downloaded GOOGL/1766729591.json -> /tmp/minio_downloads/1766729591.json
[2025-12-26T06:14:34.658+0000] {logging_mixin.py:188} INFO - Downloaded GOOGL/1766729604.json -> /tmp/minio_downloads/1766729604.json
[2025-12-26T06:14:34.675+0000] {logging_mixin.py:188} INFO - Downloaded GOOGL/1766729617.json -> /tmp/minio_downloads/1766729617.json
[2025-12-26T06:14:34.691+0000] {logging_mixin.py:188} INFO - Downloaded GOOGL/1766729629.json -> /tmp/minio_downloads/1766729629.json
[2025-12-26T06:14:34.703+0000] {logging_mixin.py:188} INFO - Downloaded GOOGL/1766729641.json -> /tmp/minio_downloads/1766729641.json
[2025-12-26T06:14:34.720+0000] {logging_mixin.py:188} INFO - Downloaded GOOGL/1766729652.json -> /tmp/minio_downloads/1766729652.json
[2025-12-26T06:14:34.735+0000] {logging_mixin.py:188} INFO - Downloaded MSFT/1766728890.json -> /tmp/minio_downloads/1766728890.json
[2025-12-26T06:14:34.751+0000] {logging_mixin.py:188} INFO - Downloaded MSFT/1766728901.json -> /tmp/minio_downloads/1766728901.json
[2025-12-26T06:14:34.771+0000] {logging_mixin.py:188} INFO - Downloaded MSFT/1766728912.json -> /tmp/minio_downloads/1766728912.json
[2025-12-26T06:14:34.789+0000] {logging_mixin.py:188} INFO - Downloaded MSFT/1766728925.json -> /tmp/minio_downloads/1766728925.json
[2025-12-26T06:14:34.808+0000] {logging_mixin.py:188} INFO - Downloaded MSFT/1766728936.json -> /tmp/minio_downloads/1766728936.json
[2025-12-26T06:14:34.826+0000] {logging_mixin.py:188} INFO - Downloaded MSFT/1766728948.json -> /tmp/minio_downloads/1766728948.json
[2025-12-26T06:14:34.841+0000] {logging_mixin.py:188} INFO - Downloaded MSFT/1766728961.json -> /tmp/minio_downloads/1766728961.json
[2025-12-26T06:14:34.856+0000] {logging_mixin.py:188} INFO - Downloaded MSFT/1766728973.json -> /tmp/minio_downloads/1766728973.json
[2025-12-26T06:14:34.877+0000] {logging_mixin.py:188} INFO - Downloaded MSFT/1766728985.json -> /tmp/minio_downloads/1766728985.json
[2025-12-26T06:14:34.896+0000] {logging_mixin.py:188} INFO - Downloaded MSFT/1766728996.json -> /tmp/minio_downloads/1766728996.json
[2025-12-26T06:14:34.911+0000] {logging_mixin.py:188} INFO - Downloaded MSFT/1766729008.json -> /tmp/minio_downloads/1766729008.json
[2025-12-26T06:14:34.926+0000] {logging_mixin.py:188} INFO - Downloaded MSFT/1766729021.json -> /tmp/minio_downloads/1766729021.json
[2025-12-26T06:14:34.941+0000] {logging_mixin.py:188} INFO - Downloaded MSFT/1766729033.json -> /tmp/minio_downloads/1766729033.json
[2025-12-26T06:14:34.955+0000] {logging_mixin.py:188} INFO - Downloaded MSFT/1766729045.json -> /tmp/minio_downloads/1766729045.json
[2025-12-26T06:14:34.967+0000] {logging_mixin.py:188} INFO - Downloaded MSFT/1766729059.json -> /tmp/minio_downloads/1766729059.json
[2025-12-26T06:14:34.981+0000] {logging_mixin.py:188} INFO - Downloaded MSFT/1766729072.json -> /tmp/minio_downloads/1766729072.json
[2025-12-26T06:14:34.995+0000] {logging_mixin.py:188} INFO - Downloaded MSFT/1766729084.json -> /tmp/minio_downloads/1766729084.json
[2025-12-26T06:14:35.008+0000] {logging_mixin.py:188} INFO - Downloaded MSFT/1766729097.json -> /tmp/minio_downloads/1766729097.json
[2025-12-26T06:14:35.029+0000] {logging_mixin.py:188} INFO - Downloaded MSFT/1766729111.json -> /tmp/minio_downloads/1766729111.json
[2025-12-26T06:14:35.044+0000] {logging_mixin.py:188} INFO - Downloaded MSFT/1766729124.json -> /tmp/minio_downloads/1766729124.json
[2025-12-26T06:14:35.060+0000] {logging_mixin.py:188} INFO - Downloaded MSFT/1766729136.json -> /tmp/minio_downloads/1766729136.json
[2025-12-26T06:14:35.074+0000] {logging_mixin.py:188} INFO - Downloaded MSFT/1766729149.json -> /tmp/minio_downloads/1766729149.json
[2025-12-26T06:14:35.086+0000] {logging_mixin.py:188} INFO - Downloaded MSFT/1766729161.json -> /tmp/minio_downloads/1766729161.json
[2025-12-26T06:14:35.099+0000] {logging_mixin.py:188} INFO - Downloaded MSFT/1766729173.json -> /tmp/minio_downloads/1766729173.json
[2025-12-26T06:14:35.113+0000] {logging_mixin.py:188} INFO - Downloaded MSFT/1766729186.json -> /tmp/minio_downloads/1766729186.json
[2025-12-26T06:14:35.126+0000] {logging_mixin.py:188} INFO - Downloaded MSFT/1766729200.json -> /tmp/minio_downloads/1766729200.json
[2025-12-26T06:14:35.144+0000] {logging_mixin.py:188} INFO - Downloaded MSFT/1766729213.json -> /tmp/minio_downloads/1766729213.json
[2025-12-26T06:14:35.163+0000] {logging_mixin.py:188} INFO - Downloaded MSFT/1766729227.json -> /tmp/minio_downloads/1766729227.json
[2025-12-26T06:14:35.176+0000] {logging_mixin.py:188} INFO - Downloaded MSFT/1766729240.json -> /tmp/minio_downloads/1766729240.json
[2025-12-26T06:14:35.189+0000] {logging_mixin.py:188} INFO - Downloaded MSFT/1766729252.json -> /tmp/minio_downloads/1766729252.json
[2025-12-26T06:14:35.207+0000] {logging_mixin.py:188} INFO - Downloaded MSFT/1766729265.json -> /tmp/minio_downloads/1766729265.json
[2025-12-26T06:14:35.223+0000] {logging_mixin.py:188} INFO - Downloaded MSFT/1766729278.json -> /tmp/minio_downloads/1766729278.json
[2025-12-26T06:14:35.238+0000] {logging_mixin.py:188} INFO - Downloaded MSFT/1766729290.json -> /tmp/minio_downloads/1766729290.json
[2025-12-26T06:14:35.257+0000] {logging_mixin.py:188} INFO - Downloaded MSFT/1766729302.json -> /tmp/minio_downloads/1766729302.json
[2025-12-26T06:14:35.276+0000] {logging_mixin.py:188} INFO - Downloaded MSFT/1766729315.json -> /tmp/minio_downloads/1766729315.json
[2025-12-26T06:14:35.295+0000] {logging_mixin.py:188} INFO - Downloaded MSFT/1766729327.json -> /tmp/minio_downloads/1766729327.json
[2025-12-26T06:14:35.319+0000] {logging_mixin.py:188} INFO - Downloaded MSFT/1766729340.json -> /tmp/minio_downloads/1766729340.json
[2025-12-26T06:14:35.339+0000] {logging_mixin.py:188} INFO - Downloaded MSFT/1766729352.json -> /tmp/minio_downloads/1766729352.json
[2025-12-26T06:14:35.358+0000] {logging_mixin.py:188} INFO - Downloaded MSFT/1766729364.json -> /tmp/minio_downloads/1766729364.json
[2025-12-26T06:14:35.380+0000] {logging_mixin.py:188} INFO - Downloaded MSFT/1766729377.json -> /tmp/minio_downloads/1766729377.json
[2025-12-26T06:14:35.401+0000] {logging_mixin.py:188} INFO - Downloaded MSFT/1766729390.json -> /tmp/minio_downloads/1766729390.json
[2025-12-26T06:14:35.422+0000] {logging_mixin.py:188} INFO - Downloaded MSFT/1766729402.json -> /tmp/minio_downloads/1766729402.json
[2025-12-26T06:14:35.445+0000] {logging_mixin.py:188} INFO - Downloaded MSFT/1766729415.json -> /tmp/minio_downloads/1766729415.json
[2025-12-26T06:14:35.469+0000] {logging_mixin.py:188} INFO - Downloaded MSFT/1766729427.json -> /tmp/minio_downloads/1766729427.json
[2025-12-26T06:14:35.496+0000] {logging_mixin.py:188} INFO - Downloaded MSFT/1766729439.json -> /tmp/minio_downloads/1766729439.json
[2025-12-26T06:14:35.519+0000] {logging_mixin.py:188} INFO - Downloaded MSFT/1766729452.json -> /tmp/minio_downloads/1766729452.json
[2025-12-26T06:14:35.542+0000] {logging_mixin.py:188} INFO - Downloaded MSFT/1766729464.json -> /tmp/minio_downloads/1766729464.json
[2025-12-26T06:14:35.559+0000] {logging_mixin.py:188} INFO - Downloaded MSFT/1766729478.json -> /tmp/minio_downloads/1766729478.json
[2025-12-26T06:14:35.574+0000] {logging_mixin.py:188} INFO - Downloaded MSFT/1766729490.json -> /tmp/minio_downloads/1766729490.json
[2025-12-26T06:14:35.589+0000] {logging_mixin.py:188} INFO - Downloaded MSFT/1766729503.json -> /tmp/minio_downloads/1766729503.json
[2025-12-26T06:14:35.606+0000] {logging_mixin.py:188} INFO - Downloaded MSFT/1766729515.json -> /tmp/minio_downloads/1766729515.json
[2025-12-26T06:14:35.620+0000] {logging_mixin.py:188} INFO - Downloaded MSFT/1766729527.json -> /tmp/minio_downloads/1766729527.json
[2025-12-26T06:14:35.639+0000] {logging_mixin.py:188} INFO - Downloaded MSFT/1766729539.json -> /tmp/minio_downloads/1766729539.json
[2025-12-26T06:14:35.654+0000] {logging_mixin.py:188} INFO - Downloaded MSFT/1766729551.json -> /tmp/minio_downloads/1766729551.json
[2025-12-26T06:14:35.668+0000] {logging_mixin.py:188} INFO - Downloaded MSFT/1766729564.json -> /tmp/minio_downloads/1766729564.json
[2025-12-26T06:14:35.683+0000] {logging_mixin.py:188} INFO - Downloaded MSFT/1766729576.json -> /tmp/minio_downloads/1766729576.json
[2025-12-26T06:14:35.696+0000] {logging_mixin.py:188} INFO - Downloaded MSFT/1766729589.json -> /tmp/minio_downloads/1766729589.json
[2025-12-26T06:14:35.714+0000] {logging_mixin.py:188} INFO - Downloaded MSFT/1766729602.json -> /tmp/minio_downloads/1766729602.json
[2025-12-26T06:14:35.729+0000] {logging_mixin.py:188} INFO - Downloaded MSFT/1766729614.json -> /tmp/minio_downloads/1766729614.json
[2025-12-26T06:14:35.741+0000] {logging_mixin.py:188} INFO - Downloaded MSFT/1766729627.json -> /tmp/minio_downloads/1766729627.json
[2025-12-26T06:14:35.754+0000] {logging_mixin.py:188} INFO - Downloaded MSFT/1766729639.json -> /tmp/minio_downloads/1766729639.json
[2025-12-26T06:14:35.771+0000] {logging_mixin.py:188} INFO - Downloaded MSFT/1766729650.json -> /tmp/minio_downloads/1766729650.json
[2025-12-26T06:14:35.784+0000] {logging_mixin.py:188} INFO - Downloaded TSLA/1766728891.json -> /tmp/minio_downloads/1766728891.json
[2025-12-26T06:14:35.799+0000] {logging_mixin.py:188} INFO - Downloaded TSLA/1766728902.json -> /tmp/minio_downloads/1766728902.json
[2025-12-26T06:14:35.814+0000] {logging_mixin.py:188} INFO - Downloaded TSLA/1766728913.json -> /tmp/minio_downloads/1766728913.json
[2025-12-26T06:14:35.829+0000] {logging_mixin.py:188} INFO - Downloaded TSLA/1766728926.json -> /tmp/minio_downloads/1766728926.json
[2025-12-26T06:14:35.843+0000] {logging_mixin.py:188} INFO - Downloaded TSLA/1766728937.json -> /tmp/minio_downloads/1766728937.json
[2025-12-26T06:14:35.858+0000] {logging_mixin.py:188} INFO - Downloaded TSLA/1766728949.json -> /tmp/minio_downloads/1766728949.json
[2025-12-26T06:14:35.880+0000] {logging_mixin.py:188} INFO - Downloaded TSLA/1766728962.json -> /tmp/minio_downloads/1766728962.json
[2025-12-26T06:14:35.898+0000] {logging_mixin.py:188} INFO - Downloaded TSLA/1766728974.json -> /tmp/minio_downloads/1766728974.json
[2025-12-26T06:14:35.918+0000] {logging_mixin.py:188} INFO - Downloaded TSLA/1766728986.json -> /tmp/minio_downloads/1766728986.json
[2025-12-26T06:14:35.934+0000] {logging_mixin.py:188} INFO - Downloaded TSLA/1766728998.json -> /tmp/minio_downloads/1766728998.json
[2025-12-26T06:14:35.954+0000] {logging_mixin.py:188} INFO - Downloaded TSLA/1766729010.json -> /tmp/minio_downloads/1766729010.json
[2025-12-26T06:14:35.974+0000] {logging_mixin.py:188} INFO - Downloaded TSLA/1766729022.json -> /tmp/minio_downloads/1766729022.json
[2025-12-26T06:14:36.008+0000] {logging_mixin.py:188} INFO - Downloaded TSLA/1766729035.json -> /tmp/minio_downloads/1766729035.json
[2025-12-26T06:14:36.030+0000] {logging_mixin.py:188} INFO - Downloaded TSLA/1766729047.json -> /tmp/minio_downloads/1766729047.json
[2025-12-26T06:14:36.048+0000] {logging_mixin.py:188} INFO - Downloaded TSLA/1766729060.json -> /tmp/minio_downloads/1766729060.json
[2025-12-26T06:14:36.065+0000] {logging_mixin.py:188} INFO - Downloaded TSLA/1766729073.json -> /tmp/minio_downloads/1766729073.json
[2025-12-26T06:14:36.083+0000] {logging_mixin.py:188} INFO - Downloaded TSLA/1766729085.json -> /tmp/minio_downloads/1766729085.json
[2025-12-26T06:14:36.101+0000] {logging_mixin.py:188} INFO - Downloaded TSLA/1766729098.json -> /tmp/minio_downloads/1766729098.json
[2025-12-26T06:14:36.117+0000] {logging_mixin.py:188} INFO - Downloaded TSLA/1766729112.json -> /tmp/minio_downloads/1766729112.json
[2025-12-26T06:14:36.132+0000] {logging_mixin.py:188} INFO - Downloaded TSLA/1766729125.json -> /tmp/minio_downloads/1766729125.json
[2025-12-26T06:14:36.149+0000] {logging_mixin.py:188} INFO - Downloaded TSLA/1766729137.json -> /tmp/minio_downloads/1766729137.json
[2025-12-26T06:14:36.164+0000] {logging_mixin.py:188} INFO - Downloaded TSLA/1766729150.json -> /tmp/minio_downloads/1766729150.json
[2025-12-26T06:14:36.180+0000] {logging_mixin.py:188} INFO - Downloaded TSLA/1766729162.json -> /tmp/minio_downloads/1766729162.json
[2025-12-26T06:14:36.193+0000] {logging_mixin.py:188} INFO - Downloaded TSLA/1766729174.json -> /tmp/minio_downloads/1766729174.json
[2025-12-26T06:14:36.207+0000] {logging_mixin.py:188} INFO - Downloaded TSLA/1766729188.json -> /tmp/minio_downloads/1766729188.json
[2025-12-26T06:14:36.221+0000] {logging_mixin.py:188} INFO - Downloaded TSLA/1766729201.json -> /tmp/minio_downloads/1766729201.json
[2025-12-26T06:14:36.235+0000] {logging_mixin.py:188} INFO - Downloaded TSLA/1766729215.json -> /tmp/minio_downloads/1766729215.json
[2025-12-26T06:14:36.251+0000] {logging_mixin.py:188} INFO - Downloaded TSLA/1766729228.json -> /tmp/minio_downloads/1766729228.json
[2025-12-26T06:14:36.264+0000] {logging_mixin.py:188} INFO - Downloaded TSLA/1766729241.json -> /tmp/minio_downloads/1766729241.json
[2025-12-26T06:14:36.283+0000] {logging_mixin.py:188} INFO - Downloaded TSLA/1766729253.json -> /tmp/minio_downloads/1766729253.json
[2025-12-26T06:14:36.298+0000] {logging_mixin.py:188} INFO - Downloaded TSLA/1766729267.json -> /tmp/minio_downloads/1766729267.json
[2025-12-26T06:14:36.316+0000] {logging_mixin.py:188} INFO - Downloaded TSLA/1766729279.json -> /tmp/minio_downloads/1766729279.json
[2025-12-26T06:14:36.330+0000] {logging_mixin.py:188} INFO - Downloaded TSLA/1766729291.json -> /tmp/minio_downloads/1766729291.json
[2025-12-26T06:14:36.345+0000] {logging_mixin.py:188} INFO - Downloaded TSLA/1766729303.json -> /tmp/minio_downloads/1766729303.json
[2025-12-26T06:14:36.365+0000] {logging_mixin.py:188} INFO - Downloaded TSLA/1766729316.json -> /tmp/minio_downloads/1766729316.json
[2025-12-26T06:14:36.382+0000] {logging_mixin.py:188} INFO - Downloaded TSLA/1766729328.json -> /tmp/minio_downloads/1766729328.json
[2025-12-26T06:14:36.401+0000] {logging_mixin.py:188} INFO - Downloaded TSLA/1766729341.json -> /tmp/minio_downloads/1766729341.json
[2025-12-26T06:14:36.420+0000] {logging_mixin.py:188} INFO - Downloaded TSLA/1766729353.json -> /tmp/minio_downloads/1766729353.json
[2025-12-26T06:14:36.437+0000] {logging_mixin.py:188} INFO - Downloaded TSLA/1766729365.json -> /tmp/minio_downloads/1766729365.json
[2025-12-26T06:14:36.454+0000] {logging_mixin.py:188} INFO - Downloaded TSLA/1766729378.json -> /tmp/minio_downloads/1766729378.json
[2025-12-26T06:14:36.470+0000] {logging_mixin.py:188} INFO - Downloaded TSLA/1766729391.json -> /tmp/minio_downloads/1766729391.json
[2025-12-26T06:14:36.488+0000] {logging_mixin.py:188} INFO - Downloaded TSLA/1766729403.json -> /tmp/minio_downloads/1766729403.json
[2025-12-26T06:14:36.504+0000] {logging_mixin.py:188} INFO - Downloaded TSLA/1766729416.json -> /tmp/minio_downloads/1766729416.json
[2025-12-26T06:14:36.524+0000] {logging_mixin.py:188} INFO - Downloaded TSLA/1766729428.json -> /tmp/minio_downloads/1766729428.json
[2025-12-26T06:14:36.549+0000] {logging_mixin.py:188} INFO - Downloaded TSLA/1766729441.json -> /tmp/minio_downloads/1766729441.json
[2025-12-26T06:14:36.566+0000] {logging_mixin.py:188} INFO - Downloaded TSLA/1766729453.json -> /tmp/minio_downloads/1766729453.json
[2025-12-26T06:14:36.580+0000] {logging_mixin.py:188} INFO - Downloaded TSLA/1766729466.json -> /tmp/minio_downloads/1766729466.json
[2025-12-26T06:14:36.638+0000] {logging_mixin.py:188} INFO - Downloaded TSLA/1766729479.json -> /tmp/minio_downloads/1766729479.json
[2025-12-26T06:14:36.655+0000] {logging_mixin.py:188} INFO - Downloaded TSLA/1766729491.json -> /tmp/minio_downloads/1766729491.json
[2025-12-26T06:14:36.678+0000] {logging_mixin.py:188} INFO - Downloaded TSLA/1766729504.json -> /tmp/minio_downloads/1766729504.json
[2025-12-26T06:14:36.700+0000] {logging_mixin.py:188} INFO - Downloaded TSLA/1766729516.json -> /tmp/minio_downloads/1766729516.json
[2025-12-26T06:14:36.719+0000] {logging_mixin.py:188} INFO - Downloaded TSLA/1766729529.json -> /tmp/minio_downloads/1766729529.json
[2025-12-26T06:14:36.734+0000] {logging_mixin.py:188} INFO - Downloaded TSLA/1766729540.json -> /tmp/minio_downloads/1766729540.json
[2025-12-26T06:14:36.747+0000] {logging_mixin.py:188} INFO - Downloaded TSLA/1766729552.json -> /tmp/minio_downloads/1766729552.json
[2025-12-26T06:14:36.761+0000] {logging_mixin.py:188} INFO - Downloaded TSLA/1766729565.json -> /tmp/minio_downloads/1766729565.json
[2025-12-26T06:14:36.775+0000] {logging_mixin.py:188} INFO - Downloaded TSLA/1766729578.json -> /tmp/minio_downloads/1766729578.json
[2025-12-26T06:14:36.905+0000] {logging_mixin.py:188} INFO - Downloaded TSLA/1766729590.json -> /tmp/minio_downloads/1766729590.json
[2025-12-26T06:14:36.918+0000] {logging_mixin.py:188} INFO - Downloaded TSLA/1766729603.json -> /tmp/minio_downloads/1766729603.json
[2025-12-26T06:14:37.030+0000] {logging_mixin.py:188} INFO - Downloaded TSLA/1766729616.json -> /tmp/minio_downloads/1766729616.json
[2025-12-26T06:14:37.055+0000] {logging_mixin.py:188} INFO - Downloaded TSLA/1766729628.json -> /tmp/minio_downloads/1766729628.json
[2025-12-26T06:14:37.078+0000] {logging_mixin.py:188} INFO - Downloaded TSLA/1766729640.json -> /tmp/minio_downloads/1766729640.json
[2025-12-26T06:14:37.095+0000] {logging_mixin.py:188} INFO - Downloaded TSLA/1766729651.json -> /tmp/minio_downloads/1766729651.json
[2025-12-26T06:14:37.107+0000] {python.py:237} INFO - Done. Returned value was: ['/tmp/minio_downloads/1766728889.json', '/tmp/minio_downloads/1766728900.json', '/tmp/minio_downloads/1766728911.json', '/tmp/minio_downloads/1766728923.json', '/tmp/minio_downloads/1766728935.json', '/tmp/minio_downloads/1766728947.json', '/tmp/minio_downloads/1766728960.json', '/tmp/minio_downloads/1766728972.json', '/tmp/minio_downloads/1766728984.json', '/tmp/minio_downloads/1766728995.json', '/tmp/minio_downloads/1766729007.json', '/tmp/minio_downloads/1766729020.json', '/tmp/minio_downloads/1766729032.json', '/tmp/minio_downloads/1766729044.json', '/tmp/minio_downloads/1766729057.json', '/tmp/minio_downloads/1766729070.json', '/tmp/minio_downloads/1766729083.json', '/tmp/minio_downloads/1766729095.json', '/tmp/minio_downloads/1766729109.json', '/tmp/minio_downloads/1766729122.json', '/tmp/minio_downloads/1766729135.json', '/tmp/minio_downloads/1766729147.json', '/tmp/minio_downloads/1766729160.json', '/tmp/minio_downloads/1766729172.json', '/tmp/minio_downloads/1766729185.json', '/tmp/minio_downloads/1766729199.json', '/tmp/minio_downloads/1766729212.json', '/tmp/minio_downloads/1766729225.json', '/tmp/minio_downloads/1766729238.json', '/tmp/minio_downloads/1766729250.json', '/tmp/minio_downloads/1766729263.json', '/tmp/minio_downloads/1766729277.json', '/tmp/minio_downloads/1766729289.json', '/tmp/minio_downloads/1766729301.json', '/tmp/minio_downloads/1766729313.json', '/tmp/minio_downloads/1766729326.json', '/tmp/minio_downloads/1766729338.json', '/tmp/minio_downloads/1766729351.json', '/tmp/minio_downloads/1766729363.json', '/tmp/minio_downloads/1766729376.json', '/tmp/minio_downloads/1766729388.json', '/tmp/minio_downloads/1766729401.json', '/tmp/minio_downloads/1766729413.json', '/tmp/minio_downloads/1766729425.json', '/tmp/minio_downloads/1766729438.json', '/tmp/minio_downloads/1766729450.json', '/tmp/minio_downloads/1766729463.json', '/tmp/minio_downloads/1766729476.json', '/tmp/minio_downloads/1766729489.json', '/tmp/minio_downloads/1766729502.json', '/tmp/minio_downloads/1766729514.json', '/tmp/minio_downloads/1766729526.json', '/tmp/minio_downloads/1766729538.json', '/tmp/minio_downloads/1766729550.json', '/tmp/minio_downloads/1766729563.json', '/tmp/minio_downloads/1766729575.json', '/tmp/minio_downloads/1766729588.json', '/tmp/minio_downloads/1766729600.json', '/tmp/minio_downloads/1766729613.json', '/tmp/minio_downloads/1766729626.json', '/tmp/minio_downloads/1766729638.json', '/tmp/minio_downloads/1766729649.json', '/tmp/minio_downloads/1766729661.json', '/tmp/minio_downloads/1766728893.json', '/tmp/minio_downloads/1766728904.json', '/tmp/minio_downloads/1766728916.json', '/tmp/minio_downloads/1766728928.json', '/tmp/minio_downloads/1766728940.json', '/tmp/minio_downloads/1766728953.json', '/tmp/minio_downloads/1766728965.json', '/tmp/minio_downloads/1766728976.json', '/tmp/minio_downloads/1766728988.json', '/tmp/minio_downloads/1766729000.json', '/tmp/minio_downloads/1766729013.json', '/tmp/minio_downloads/1766729025.json', '/tmp/minio_downloads/1766729037.json', '/tmp/minio_downloads/1766729050.json', '/tmp/minio_downloads/1766729063.json', '/tmp/minio_downloads/1766729075.json', '/tmp/minio_downloads/1766729088.json', '/tmp/minio_downloads/1766729101.json', '/tmp/minio_downloads/1766729115.json', '/tmp/minio_downloads/1766729128.json', '/tmp/minio_downloads/1766729140.json', '/tmp/minio_downloads/1766729152.json', '/tmp/minio_downloads/1766729165.json', '/tmp/minio_downloads/1766729177.json', '/tmp/minio_downloads/1766729191.json', '/tmp/minio_downloads/1766729204.json', '/tmp/minio_downloads/1766729217.json', '/tmp/minio_downloads/1766729231.json', '/tmp/minio_downloads/1766729243.json', '/tmp/minio_downloads/1766729256.json', '/tmp/minio_downloads/1766729270.json', '/tmp/minio_downloads/1766729282.json', '/tmp/minio_downloads/1766729294.json', '/tmp/minio_downloads/1766729306.json', '/tmp/minio_downloads/1766729318.json', '/tmp/minio_downloads/1766729331.json', '/tmp/minio_downloads/1766729344.json', '/tmp/minio_downloads/1766729356.json', '/tmp/minio_downloads/1766729368.json', '/tmp/minio_downloads/1766729381.json', '/tmp/minio_downloads/1766729394.json', '/tmp/minio_downloads/1766729406.json', '/tmp/minio_downloads/1766729418.json', '/tmp/minio_downloads/1766729430.json', '/tmp/minio_downloads/1766729443.json', '/tmp/minio_downloads/1766729455.json', '/tmp/minio_downloads/1766729468.json', '/tmp/minio_downloads/1766729481.json', '/tmp/minio_downloads/1766729494.json', '/tmp/minio_downloads/1766729507.json', '/tmp/minio_downloads/1766729519.json', '/tmp/minio_downloads/1766729531.json', '/tmp/minio_downloads/1766729543.json', '/tmp/minio_downloads/1766729556.json', '/tmp/minio_downloads/1766729568.json', '/tmp/minio_downloads/1766729580.json', '/tmp/minio_downloads/1766729592.json', '/tmp/minio_downloads/1766729606.json', '/tmp/minio_downloads/1766729618.json', '/tmp/minio_downloads/1766729631.json', '/tmp/minio_downloads/1766729642.json', '/tmp/minio_downloads/1766729653.json', '/tmp/minio_downloads/1766728892.json', '/tmp/minio_downloads/1766728903.json', '/tmp/minio_downloads/1766728915.json', '/tmp/minio_downloads/1766728927.json', '/tmp/minio_downloads/1766728939.json', '/tmp/minio_downloads/1766728951.json', '/tmp/minio_downloads/1766728963.json', '/tmp/minio_downloads/1766728975.json', '/tmp/minio_downloads/1766728987.json', '/tmp/minio_downloads/1766728999.json', '/tmp/minio_downloads/1766729011.json', '/tmp/minio_downloads/1766729023.json', '/tmp/minio_downloads/1766729036.json', '/tmp/minio_downloads/1766729048.json', '/tmp/minio_downloads/1766729061.json', '/tmp/minio_downloads/1766729074.json', '/tmp/minio_downloads/1766729087.json', '/tmp/minio_downloads/1766729100.json', '/tmp/minio_downloads/1766729113.json', '/tmp/minio_downloads/1766729126.json', '/tmp/minio_downloads/1766729138.json', '/tmp/minio_downloads/1766729151.json', '/tmp/minio_downloads/1766729164.json', '/tmp/minio_downloads/1766729176.json', '/tmp/minio_downloads/1766729189.json', '/tmp/minio_downloads/1766729202.json', '/tmp/minio_downloads/1766729216.json', '/tmp/minio_downloads/1766729229.json', '/tmp/minio_downloads/1766729242.json', '/tmp/minio_downloads/1766729254.json', '/tmp/minio_downloads/1766729268.json', '/tmp/minio_downloads/1766729280.json', '/tmp/minio_downloads/1766729292.json', '/tmp/minio_downloads/1766729305.json', '/tmp/minio_downloads/1766729317.json', '/tmp/minio_downloads/1766729329.json', '/tmp/minio_downloads/1766729343.json', '/tmp/minio_downloads/1766729354.json', '/tmp/minio_downloads/1766729367.json', '/tmp/minio_downloads/1766729379.json', '/tmp/minio_downloads/1766729393.json', '/tmp/minio_downloads/1766729405.json', '/tmp/minio_downloads/1766729417.json', '/tmp/minio_downloads/1766729429.json', '/tmp/minio_downloads/1766729442.json', '/tmp/minio_downloads/1766729454.json', '/tmp/minio_downloads/1766729467.json', '/tmp/minio_downloads/1766729480.json', '/tmp/minio_downloads/1766729493.json', '/tmp/minio_downloads/1766729505.json', '/tmp/minio_downloads/1766729518.json', '/tmp/minio_downloads/1766729530.json', '/tmp/minio_downloads/1766729541.json', '/tmp/minio_downloads/1766729555.json', '/tmp/minio_downloads/1766729566.json', '/tmp/minio_downloads/1766729579.json', '/tmp/minio_downloads/1766729591.json', '/tmp/minio_downloads/1766729604.json', '/tmp/minio_downloads/1766729617.json', '/tmp/minio_downloads/1766729629.json', '/tmp/minio_downloads/1766729641.json', '/tmp/minio_downloads/1766729652.json', '/tmp/minio_downloads/1766728890.json', '/tmp/minio_downloads/1766728901.json', '/tmp/minio_downloads/1766728912.json', '/tmp/minio_downloads/1766728925.json', '/tmp/minio_downloads/1766728936.json', '/tmp/minio_downloads/1766728948.json', '/tmp/minio_downloads/1766728961.json', '/tmp/minio_downloads/1766728973.json', '/tmp/minio_downloads/1766728985.json', '/tmp/minio_downloads/1766728996.json', '/tmp/minio_downloads/1766729008.json', '/tmp/minio_downloads/1766729021.json', '/tmp/minio_downloads/1766729033.json', '/tmp/minio_downloads/1766729045.json', '/tmp/minio_downloads/1766729059.json', '/tmp/minio_downloads/1766729072.json', '/tmp/minio_downloads/1766729084.json', '/tmp/minio_downloads/1766729097.json', '/tmp/minio_downloads/1766729111.json', '/tmp/minio_downloads/1766729124.json', '/tmp/minio_downloads/1766729136.json', '/tmp/minio_downloads/1766729149.json', '/tmp/minio_downloads/1766729161.json', '/tmp/minio_downloads/1766729173.json', '/tmp/minio_downloads/1766729186.json', '/tmp/minio_downloads/1766729200.json', '/tmp/minio_downloads/1766729213.json', '/tmp/minio_downloads/1766729227.json', '/tmp/minio_downloads/1766729240.json', '/tmp/minio_downloads/1766729252.json', '/tmp/minio_downloads/1766729265.json', '/tmp/minio_downloads/1766729278.json', '/tmp/minio_downloads/1766729290.json', '/tmp/minio_downloads/1766729302.json', '/tmp/minio_downloads/1766729315.json', '/tmp/minio_downloads/1766729327.json', '/tmp/minio_downloads/1766729340.json', '/tmp/minio_downloads/1766729352.json', '/tmp/minio_downloads/1766729364.json', '/tmp/minio_downloads/1766729377.json', '/tmp/minio_downloads/1766729390.json', '/tmp/minio_downloads/1766729402.json', '/tmp/minio_downloads/1766729415.json', '/tmp/minio_downloads/1766729427.json', '/tmp/minio_downloads/1766729439.json', '/tmp/minio_downloads/1766729452.json', '/tmp/minio_downloads/1766729464.json', '/tmp/minio_downloads/1766729478.json', '/tmp/minio_downloads/1766729490.json', '/tmp/minio_downloads/1766729503.json', '/tmp/minio_downloads/1766729515.json', '/tmp/minio_downloads/1766729527.json', '/tmp/minio_downloads/1766729539.json', '/tmp/minio_downloads/1766729551.json', '/tmp/minio_downloads/1766729564.json', '/tmp/minio_downloads/1766729576.json', '/tmp/minio_downloads/1766729589.json', '/tmp/minio_downloads/1766729602.json', '/tmp/minio_downloads/1766729614.json', '/tmp/minio_downloads/1766729627.json', '/tmp/minio_downloads/1766729639.json', '/tmp/minio_downloads/1766729650.json', '/tmp/minio_downloads/1766728891.json', '/tmp/minio_downloads/1766728902.json', '/tmp/minio_downloads/1766728913.json', '/tmp/minio_downloads/1766728926.json', '/tmp/minio_downloads/1766728937.json', '/tmp/minio_downloads/1766728949.json', '/tmp/minio_downloads/1766728962.json', '/tmp/minio_downloads/1766728974.json', '/tmp/minio_downloads/1766728986.json', '/tmp/minio_downloads/1766728998.json', '/tmp/minio_downloads/1766729010.json', '/tmp/minio_downloads/1766729022.json', '/tmp/minio_downloads/1766729035.json', '/tmp/minio_downloads/1766729047.json', '/tmp/minio_downloads/1766729060.json', '/tmp/minio_downloads/1766729073.json', '/tmp/minio_downloads/1766729085.json', '/tmp/minio_downloads/1766729098.json', '/tmp/minio_downloads/1766729112.json', '/tmp/minio_downloads/1766729125.json', '/tmp/minio_downloads/1766729137.json', '/tmp/minio_downloads/1766729150.json', '/tmp/minio_downloads/1766729162.json', '/tmp/minio_downloads/1766729174.json', '/tmp/minio_downloads/1766729188.json', '/tmp/minio_downloads/1766729201.json', '/tmp/minio_downloads/1766729215.json', '/tmp/minio_downloads/1766729228.json', '/tmp/minio_downloads/1766729241.json', '/tmp/minio_downloads/1766729253.json', '/tmp/minio_downloads/1766729267.json', '/tmp/minio_downloads/1766729279.json', '/tmp/minio_downloads/1766729291.json', '/tmp/minio_downloads/1766729303.json', '/tmp/minio_downloads/1766729316.json', '/tmp/minio_downloads/1766729328.json', '/tmp/minio_downloads/1766729341.json', '/tmp/minio_downloads/1766729353.json', '/tmp/minio_downloads/1766729365.json', '/tmp/minio_downloads/1766729378.json', '/tmp/minio_downloads/1766729391.json', '/tmp/minio_downloads/1766729403.json', '/tmp/minio_downloads/1766729416.json', '/tmp/minio_downloads/1766729428.json', '/tmp/minio_downloads/1766729441.json', '/tmp/minio_downloads/1766729453.json', '/tmp/minio_downloads/1766729466.json', '/tmp/minio_downloads/1766729479.json', '/tmp/minio_downloads/1766729491.json', '/tmp/minio_downloads/1766729504.json', '/tmp/minio_downloads/1766729516.json', '/tmp/minio_downloads/1766729529.json', '/tmp/minio_downloads/1766729540.json', '/tmp/minio_downloads/1766729552.json', '/tmp/minio_downloads/1766729565.json', '/tmp/minio_downloads/1766729578.json', '/tmp/minio_downloads/1766729590.json', '/tmp/minio_downloads/1766729603.json', '/tmp/minio_downloads/1766729616.json', '/tmp/minio_downloads/1766729628.json', '/tmp/minio_downloads/1766729640.json', '/tmp/minio_downloads/1766729651.json']
[2025-12-26T06:14:37.114+0000] {taskinstance.py:441} INFO - ::group::Post task execution logs
[2025-12-26T06:14:37.209+0000] {taskinstance.py:1206} INFO - Marking task as SUCCESS. dag_id=minio_to_snowflake, task_id=download_minio, run_id=scheduled__2025-12-26T06:12:00+00:00, execution_date=20251226T061200, start_date=20251226T061404, end_date=20251226T061437
[2025-12-26T06:14:37.375+0000] {local_task_job_runner.py:243} INFO - Task exited with return code 0
[2025-12-26T06:14:37.470+0000] {taskinstance.py:3503} INFO - 1 downstream tasks scheduled from follow-on schedule check
[2025-12-26T06:14:37.482+0000] {local_task_job_runner.py:222} INFO - ::endgroup::
