[2025-12-24T13:54:42.319+0000] {local_task_job_runner.py:120} INFO - ::group::Pre task execution logs
[2025-12-24T13:54:42.537+0000] {taskinstance.py:2076} INFO - Dependencies all met for dep_context=non-requeueable deps ti=<TaskInstance: minio_to_snowflake.download_minio scheduled__2025-12-24T13:53:00+00:00 [queued]>
[2025-12-24T13:54:42.568+0000] {taskinstance.py:2076} INFO - Dependencies all met for dep_context=requeueable deps ti=<TaskInstance: minio_to_snowflake.download_minio scheduled__2025-12-24T13:53:00+00:00 [queued]>
[2025-12-24T13:54:42.570+0000] {taskinstance.py:2306} INFO - Starting attempt 1 of 2
[2025-12-24T13:54:42.618+0000] {taskinstance.py:2330} INFO - Executing <Task(PythonOperator): download_minio> on 2025-12-24 13:53:00+00:00
[2025-12-24T13:54:42.722+0000] {standard_task_runner.py:90} INFO - Running: ['***', 'tasks', 'run', 'minio_to_snowflake', 'download_minio', 'scheduled__2025-12-24T13:53:00+00:00', '--job-id', '155', '--raw', '--subdir', 'DAGS_FOLDER/minio_to_snowflake.py', '--cfg-path', '/tmp/tmpg1kr68yk']
[2025-12-24T13:54:42.756+0000] {logging_mixin.py:188} WARNING - /home/***/.local/lib/python3.12/site-packages/***/task/task_runner/standard_task_runner.py:62 DeprecationWarning: This process (pid=5686) is multi-threaded, use of fork() may lead to deadlocks in the child.
[2025-12-24T13:54:42.788+0000] {standard_task_runner.py:91} INFO - Job 155: Subtask download_minio
[2025-12-24T13:54:42.788+0000] {standard_task_runner.py:64} INFO - Started process 5702 to run task
[2025-12-24T13:54:43.585+0000] {task_command.py:426} INFO - Running <TaskInstance: minio_to_snowflake.download_minio scheduled__2025-12-24T13:53:00+00:00 [running]> on host 31fa77be4c89
[2025-12-24T13:54:43.857+0000] {taskinstance.py:2648} INFO - Exporting env vars: AIRFLOW_CTX_DAG_OWNER='***' AIRFLOW_CTX_DAG_ID='minio_to_snowflake' AIRFLOW_CTX_TASK_ID='download_minio' AIRFLOW_CTX_EXECUTION_DATE='2025-12-24T13:53:00+00:00' AIRFLOW_CTX_TRY_NUMBER='1' AIRFLOW_CTX_DAG_RUN_ID='scheduled__2025-12-24T13:53:00+00:00'
[2025-12-24T13:54:43.860+0000] {taskinstance.py:430} INFO - ::endgroup::
[2025-12-24T13:54:45.378+0000] {logging_mixin.py:188} INFO - Downloaded AAPL/1766583258.json -> /tmp/minio_downloads/1766583258.json
[2025-12-24T13:54:45.401+0000] {logging_mixin.py:188} INFO - Downloaded AAPL/1766583273.json -> /tmp/minio_downloads/1766583273.json
[2025-12-24T13:54:45.428+0000] {logging_mixin.py:188} INFO - Downloaded AAPL/1766583286.json -> /tmp/minio_downloads/1766583286.json
[2025-12-24T13:54:45.451+0000] {logging_mixin.py:188} INFO - Downloaded AAPL/1766583299.json -> /tmp/minio_downloads/1766583299.json
[2025-12-24T13:54:45.472+0000] {logging_mixin.py:188} INFO - Downloaded AAPL/1766583313.json -> /tmp/minio_downloads/1766583313.json
[2025-12-24T13:54:45.495+0000] {logging_mixin.py:188} INFO - Downloaded AAPL/1766583326.json -> /tmp/minio_downloads/1766583326.json
[2025-12-24T13:54:45.515+0000] {logging_mixin.py:188} INFO - Downloaded AAPL/1766583339.json -> /tmp/minio_downloads/1766583339.json
[2025-12-24T13:54:45.536+0000] {logging_mixin.py:188} INFO - Downloaded AAPL/1766583352.json -> /tmp/minio_downloads/1766583352.json
[2025-12-24T13:54:45.556+0000] {logging_mixin.py:188} INFO - Downloaded AAPL/1766583365.json -> /tmp/minio_downloads/1766583365.json
[2025-12-24T13:54:45.578+0000] {logging_mixin.py:188} INFO - Downloaded AAPL/1766583378.json -> /tmp/minio_downloads/1766583378.json
[2025-12-24T13:54:45.597+0000] {logging_mixin.py:188} INFO - Downloaded AAPL/1766583391.json -> /tmp/minio_downloads/1766583391.json
[2025-12-24T13:54:45.618+0000] {logging_mixin.py:188} INFO - Downloaded AAPL/1766583405.json -> /tmp/minio_downloads/1766583405.json
[2025-12-24T13:54:45.634+0000] {logging_mixin.py:188} INFO - Downloaded AAPL/1766583419.json -> /tmp/minio_downloads/1766583419.json
[2025-12-24T13:54:45.656+0000] {logging_mixin.py:188} INFO - Downloaded AAPL/1766583434.json -> /tmp/minio_downloads/1766583434.json
[2025-12-24T13:54:45.678+0000] {logging_mixin.py:188} INFO - Downloaded AAPL/1766583447.json -> /tmp/minio_downloads/1766583447.json
[2025-12-24T13:54:45.704+0000] {logging_mixin.py:188} INFO - Downloaded AAPL/1766583459.json -> /tmp/minio_downloads/1766583459.json
[2025-12-24T13:54:45.730+0000] {logging_mixin.py:188} INFO - Downloaded AAPL/1766583472.json -> /tmp/minio_downloads/1766583472.json
[2025-12-24T13:54:45.753+0000] {logging_mixin.py:188} INFO - Downloaded AAPL/1766583485.json -> /tmp/minio_downloads/1766583485.json
[2025-12-24T13:54:45.774+0000] {logging_mixin.py:188} INFO - Downloaded AAPL/1766583498.json -> /tmp/minio_downloads/1766583498.json
[2025-12-24T13:54:45.794+0000] {logging_mixin.py:188} INFO - Downloaded AAPL/1766583511.json -> /tmp/minio_downloads/1766583511.json
[2025-12-24T13:54:45.810+0000] {logging_mixin.py:188} INFO - Downloaded AAPL/1766583524.json -> /tmp/minio_downloads/1766583524.json
[2025-12-24T13:54:45.829+0000] {logging_mixin.py:188} INFO - Downloaded AAPL/1766583538.json -> /tmp/minio_downloads/1766583538.json
[2025-12-24T13:54:45.849+0000] {logging_mixin.py:188} INFO - Downloaded AAPL/1766583551.json -> /tmp/minio_downloads/1766583551.json
[2025-12-24T13:54:45.865+0000] {logging_mixin.py:188} INFO - Downloaded AAPL/1766583564.json -> /tmp/minio_downloads/1766583564.json
[2025-12-24T13:54:45.888+0000] {logging_mixin.py:188} INFO - Downloaded AAPL/1766583577.json -> /tmp/minio_downloads/1766583577.json
[2025-12-24T13:54:45.906+0000] {logging_mixin.py:188} INFO - Downloaded AAPL/1766583592.json -> /tmp/minio_downloads/1766583592.json
[2025-12-24T13:54:45.925+0000] {logging_mixin.py:188} INFO - Downloaded AAPL/1766583607.json -> /tmp/minio_downloads/1766583607.json
[2025-12-24T13:54:45.947+0000] {logging_mixin.py:188} INFO - Downloaded AAPL/1766583621.json -> /tmp/minio_downloads/1766583621.json
[2025-12-24T13:54:45.969+0000] {logging_mixin.py:188} INFO - Downloaded AAPL/1766583634.json -> /tmp/minio_downloads/1766583634.json
[2025-12-24T13:54:45.994+0000] {logging_mixin.py:188} INFO - Downloaded AAPL/1766583648.json -> /tmp/minio_downloads/1766583648.json
[2025-12-24T13:54:46.014+0000] {logging_mixin.py:188} INFO - Downloaded AAPL/1766583660.json -> /tmp/minio_downloads/1766583660.json
[2025-12-24T13:54:46.032+0000] {logging_mixin.py:188} INFO - Downloaded AAPL/1766583674.json -> /tmp/minio_downloads/1766583674.json
[2025-12-24T13:54:46.054+0000] {logging_mixin.py:188} INFO - Downloaded AAPL/1766583687.json -> /tmp/minio_downloads/1766583687.json
[2025-12-24T13:54:46.077+0000] {logging_mixin.py:188} INFO - Downloaded AAPL/1766583701.json -> /tmp/minio_downloads/1766583701.json
[2025-12-24T13:54:46.096+0000] {logging_mixin.py:188} INFO - Downloaded AAPL/1766583714.json -> /tmp/minio_downloads/1766583714.json
[2025-12-24T13:54:46.114+0000] {logging_mixin.py:188} INFO - Downloaded AAPL/1766583727.json -> /tmp/minio_downloads/1766583727.json
[2025-12-24T13:54:46.134+0000] {logging_mixin.py:188} INFO - Downloaded AAPL/1766583741.json -> /tmp/minio_downloads/1766583741.json
[2025-12-24T13:54:46.155+0000] {logging_mixin.py:188} INFO - Downloaded AAPL/1766583755.json -> /tmp/minio_downloads/1766583755.json
[2025-12-24T13:54:46.178+0000] {logging_mixin.py:188} INFO - Downloaded AAPL/1766583768.json -> /tmp/minio_downloads/1766583768.json
[2025-12-24T13:54:46.202+0000] {logging_mixin.py:188} INFO - Downloaded AAPL/1766583782.json -> /tmp/minio_downloads/1766583782.json
[2025-12-24T13:54:46.223+0000] {logging_mixin.py:188} INFO - Downloaded AAPL/1766583795.json -> /tmp/minio_downloads/1766583795.json
[2025-12-24T13:54:46.243+0000] {logging_mixin.py:188} INFO - Downloaded AAPL/1766583809.json -> /tmp/minio_downloads/1766583809.json
[2025-12-24T13:54:46.265+0000] {logging_mixin.py:188} INFO - Downloaded AAPL/1766583822.json -> /tmp/minio_downloads/1766583822.json
[2025-12-24T13:54:46.287+0000] {logging_mixin.py:188} INFO - Downloaded AAPL/1766583837.json -> /tmp/minio_downloads/1766583837.json
[2025-12-24T13:54:46.309+0000] {logging_mixin.py:188} INFO - Downloaded AAPL/1766583850.json -> /tmp/minio_downloads/1766583850.json
[2025-12-24T13:54:46.332+0000] {logging_mixin.py:188} INFO - Downloaded AAPL/1766583863.json -> /tmp/minio_downloads/1766583863.json
[2025-12-24T13:54:46.356+0000] {logging_mixin.py:188} INFO - Downloaded AAPL/1766583876.json -> /tmp/minio_downloads/1766583876.json
[2025-12-24T13:54:46.376+0000] {logging_mixin.py:188} INFO - Downloaded AAPL/1766583888.json -> /tmp/minio_downloads/1766583888.json
[2025-12-24T13:54:46.397+0000] {logging_mixin.py:188} INFO - Downloaded AAPL/1766583901.json -> /tmp/minio_downloads/1766583901.json
[2025-12-24T13:54:46.420+0000] {logging_mixin.py:188} INFO - Downloaded AAPL/1766583914.json -> /tmp/minio_downloads/1766583914.json
[2025-12-24T13:54:46.442+0000] {logging_mixin.py:188} INFO - Downloaded AAPL/1766583927.json -> /tmp/minio_downloads/1766583927.json
[2025-12-24T13:54:46.465+0000] {logging_mixin.py:188} INFO - Downloaded AAPL/1766583940.json -> /tmp/minio_downloads/1766583940.json
[2025-12-24T13:54:46.487+0000] {logging_mixin.py:188} INFO - Downloaded AAPL/1766583954.json -> /tmp/minio_downloads/1766583954.json
[2025-12-24T13:54:46.510+0000] {logging_mixin.py:188} INFO - Downloaded AAPL/1766583967.json -> /tmp/minio_downloads/1766583967.json
[2025-12-24T13:54:46.533+0000] {logging_mixin.py:188} INFO - Downloaded AAPL/1766583981.json -> /tmp/minio_downloads/1766583981.json
[2025-12-24T13:54:46.553+0000] {logging_mixin.py:188} INFO - Downloaded AAPL/1766583994.json -> /tmp/minio_downloads/1766583994.json
[2025-12-24T13:54:46.576+0000] {logging_mixin.py:188} INFO - Downloaded AAPL/1766584007.json -> /tmp/minio_downloads/1766584007.json
[2025-12-24T13:54:46.601+0000] {logging_mixin.py:188} INFO - Downloaded AAPL/1766584020.json -> /tmp/minio_downloads/1766584020.json
[2025-12-24T13:54:46.623+0000] {logging_mixin.py:188} INFO - Downloaded AAPL/1766584034.json -> /tmp/minio_downloads/1766584034.json
[2025-12-24T13:54:46.647+0000] {logging_mixin.py:188} INFO - Downloaded AAPL/1766584048.json -> /tmp/minio_downloads/1766584048.json
[2025-12-24T13:54:46.672+0000] {logging_mixin.py:188} INFO - Downloaded AAPL/1766584062.json -> /tmp/minio_downloads/1766584062.json
[2025-12-24T13:54:46.694+0000] {logging_mixin.py:188} INFO - Downloaded AAPL/1766584075.json -> /tmp/minio_downloads/1766584075.json
[2025-12-24T13:54:46.718+0000] {logging_mixin.py:188} INFO - Downloaded AAPL/1766584088.json -> /tmp/minio_downloads/1766584088.json
[2025-12-24T13:54:46.738+0000] {logging_mixin.py:188} INFO - Downloaded AAPL/1766584101.json -> /tmp/minio_downloads/1766584101.json
[2025-12-24T13:54:46.759+0000] {logging_mixin.py:188} INFO - Downloaded AAPL/1766584114.json -> /tmp/minio_downloads/1766584114.json
[2025-12-24T13:54:46.781+0000] {logging_mixin.py:188} INFO - Downloaded AAPL/1766584129.json -> /tmp/minio_downloads/1766584129.json
[2025-12-24T13:54:46.804+0000] {logging_mixin.py:188} INFO - Downloaded AAPL/1766584141.json -> /tmp/minio_downloads/1766584141.json
[2025-12-24T13:54:46.826+0000] {logging_mixin.py:188} INFO - Downloaded AAPL/1766584155.json -> /tmp/minio_downloads/1766584155.json
[2025-12-24T13:54:46.848+0000] {logging_mixin.py:188} INFO - Downloaded AAPL/1766584168.json -> /tmp/minio_downloads/1766584168.json
[2025-12-24T13:54:46.875+0000] {logging_mixin.py:188} INFO - Downloaded AAPL/1766584181.json -> /tmp/minio_downloads/1766584181.json
[2025-12-24T13:54:46.904+0000] {logging_mixin.py:188} INFO - Downloaded AAPL/1766584196.json -> /tmp/minio_downloads/1766584196.json
[2025-12-24T13:54:46.925+0000] {logging_mixin.py:188} INFO - Downloaded AAPL/1766584210.json -> /tmp/minio_downloads/1766584210.json
[2025-12-24T13:54:46.945+0000] {logging_mixin.py:188} INFO - Downloaded AAPL/1766584223.json -> /tmp/minio_downloads/1766584223.json
[2025-12-24T13:54:46.968+0000] {logging_mixin.py:188} INFO - Downloaded AAPL/1766584237.json -> /tmp/minio_downloads/1766584237.json
[2025-12-24T13:54:46.990+0000] {logging_mixin.py:188} INFO - Downloaded AAPL/1766584250.json -> /tmp/minio_downloads/1766584250.json
[2025-12-24T13:54:47.011+0000] {logging_mixin.py:188} INFO - Downloaded AAPL/1766584262.json -> /tmp/minio_downloads/1766584262.json
[2025-12-24T13:54:47.032+0000] {logging_mixin.py:188} INFO - Downloaded AAPL/1766584276.json -> /tmp/minio_downloads/1766584276.json
[2025-12-24T13:54:47.052+0000] {logging_mixin.py:188} INFO - Downloaded AAPL/1766584289.json -> /tmp/minio_downloads/1766584289.json
[2025-12-24T13:54:47.073+0000] {logging_mixin.py:188} INFO - Downloaded AAPL/1766584303.json -> /tmp/minio_downloads/1766584303.json
[2025-12-24T13:54:47.092+0000] {logging_mixin.py:188} INFO - Downloaded AAPL/1766584316.json -> /tmp/minio_downloads/1766584316.json
[2025-12-24T13:54:47.111+0000] {logging_mixin.py:188} INFO - Downloaded AAPL/1766584331.json -> /tmp/minio_downloads/1766584331.json
[2025-12-24T13:54:47.131+0000] {logging_mixin.py:188} INFO - Downloaded AAPL/1766584344.json -> /tmp/minio_downloads/1766584344.json
[2025-12-24T13:54:47.152+0000] {logging_mixin.py:188} INFO - Downloaded AAPL/1766584359.json -> /tmp/minio_downloads/1766584359.json
[2025-12-24T13:54:47.172+0000] {logging_mixin.py:188} INFO - Downloaded AAPL/1766584373.json -> /tmp/minio_downloads/1766584373.json
[2025-12-24T13:54:47.190+0000] {logging_mixin.py:188} INFO - Downloaded AAPL/1766584387.json -> /tmp/minio_downloads/1766584387.json
[2025-12-24T13:54:47.210+0000] {logging_mixin.py:188} INFO - Downloaded AAPL/1766584400.json -> /tmp/minio_downloads/1766584400.json
[2025-12-24T13:54:47.232+0000] {logging_mixin.py:188} INFO - Downloaded AAPL/1766584413.json -> /tmp/minio_downloads/1766584413.json
[2025-12-24T13:54:47.254+0000] {logging_mixin.py:188} INFO - Downloaded AAPL/1766584426.json -> /tmp/minio_downloads/1766584426.json
[2025-12-24T13:54:47.275+0000] {logging_mixin.py:188} INFO - Downloaded AAPL/1766584439.json -> /tmp/minio_downloads/1766584439.json
[2025-12-24T13:54:47.299+0000] {logging_mixin.py:188} INFO - Downloaded AAPL/1766584452.json -> /tmp/minio_downloads/1766584452.json
[2025-12-24T13:54:47.319+0000] {logging_mixin.py:188} INFO - Downloaded AAPL/1766584465.json -> /tmp/minio_downloads/1766584465.json
[2025-12-24T13:54:47.339+0000] {logging_mixin.py:188} INFO - Downloaded AAPL/1766584479.json -> /tmp/minio_downloads/1766584479.json
[2025-12-24T13:54:47.360+0000] {logging_mixin.py:188} INFO - Downloaded AMZN/1766583266.json -> /tmp/minio_downloads/1766583266.json
[2025-12-24T13:54:47.381+0000] {logging_mixin.py:188} INFO - Downloaded AMZN/1766583278.json -> /tmp/minio_downloads/1766583278.json
[2025-12-24T13:54:47.397+0000] {logging_mixin.py:188} INFO - Downloaded AMZN/1766583292.json -> /tmp/minio_downloads/1766583292.json
[2025-12-24T13:54:47.419+0000] {logging_mixin.py:188} INFO - Downloaded AMZN/1766583305.json -> /tmp/minio_downloads/1766583305.json
[2025-12-24T13:54:47.444+0000] {logging_mixin.py:188} INFO - Downloaded AMZN/1766583318.json -> /tmp/minio_downloads/1766583318.json
[2025-12-24T13:54:47.465+0000] {logging_mixin.py:188} INFO - Downloaded AMZN/1766583332.json -> /tmp/minio_downloads/1766583332.json
[2025-12-24T13:54:47.488+0000] {logging_mixin.py:188} INFO - Downloaded AMZN/1766583345.json -> /tmp/minio_downloads/1766583345.json
[2025-12-24T13:54:47.512+0000] {logging_mixin.py:188} INFO - Downloaded AMZN/1766583358.json -> /tmp/minio_downloads/1766583358.json
[2025-12-24T13:54:47.530+0000] {logging_mixin.py:188} INFO - Downloaded AMZN/1766583371.json -> /tmp/minio_downloads/1766583371.json
[2025-12-24T13:54:47.549+0000] {logging_mixin.py:188} INFO - Downloaded AMZN/1766583384.json -> /tmp/minio_downloads/1766583384.json
[2025-12-24T13:54:47.574+0000] {logging_mixin.py:188} INFO - Downloaded AMZN/1766583398.json -> /tmp/minio_downloads/1766583398.json
[2025-12-24T13:54:47.595+0000] {logging_mixin.py:188} INFO - Downloaded AMZN/1766583411.json -> /tmp/minio_downloads/1766583411.json
[2025-12-24T13:54:47.617+0000] {logging_mixin.py:188} INFO - Downloaded AMZN/1766583426.json -> /tmp/minio_downloads/1766583426.json
[2025-12-24T13:54:47.640+0000] {logging_mixin.py:188} INFO - Downloaded AMZN/1766583439.json -> /tmp/minio_downloads/1766583439.json
[2025-12-24T13:54:47.660+0000] {logging_mixin.py:188} INFO - Downloaded AMZN/1766583452.json -> /tmp/minio_downloads/1766583452.json
[2025-12-24T13:54:47.684+0000] {logging_mixin.py:188} INFO - Downloaded AMZN/1766583464.json -> /tmp/minio_downloads/1766583464.json
[2025-12-24T13:54:47.703+0000] {logging_mixin.py:188} INFO - Downloaded AMZN/1766583477.json -> /tmp/minio_downloads/1766583477.json
[2025-12-24T13:54:47.724+0000] {logging_mixin.py:188} INFO - Downloaded AMZN/1766583491.json -> /tmp/minio_downloads/1766583491.json
[2025-12-24T13:54:47.743+0000] {logging_mixin.py:188} INFO - Downloaded AMZN/1766583503.json -> /tmp/minio_downloads/1766583503.json
[2025-12-24T13:54:47.764+0000] {logging_mixin.py:188} INFO - Downloaded AMZN/1766583517.json -> /tmp/minio_downloads/1766583517.json
[2025-12-24T13:54:47.784+0000] {logging_mixin.py:188} INFO - Downloaded AMZN/1766583530.json -> /tmp/minio_downloads/1766583530.json
[2025-12-24T13:54:47.806+0000] {logging_mixin.py:188} INFO - Downloaded AMZN/1766583543.json -> /tmp/minio_downloads/1766583543.json
[2025-12-24T13:54:47.828+0000] {logging_mixin.py:188} INFO - Downloaded AMZN/1766583556.json -> /tmp/minio_downloads/1766583556.json
[2025-12-24T13:54:47.846+0000] {logging_mixin.py:188} INFO - Downloaded AMZN/1766583570.json -> /tmp/minio_downloads/1766583570.json
[2025-12-24T13:54:47.868+0000] {logging_mixin.py:188} INFO - Downloaded AMZN/1766583584.json -> /tmp/minio_downloads/1766583584.json
[2025-12-24T13:54:47.889+0000] {logging_mixin.py:188} INFO - Downloaded AMZN/1766583599.json -> /tmp/minio_downloads/1766583599.json
[2025-12-24T13:54:47.909+0000] {logging_mixin.py:188} INFO - Downloaded AMZN/1766583613.json -> /tmp/minio_downloads/1766583613.json
[2025-12-24T13:54:47.925+0000] {logging_mixin.py:188} INFO - Downloaded AMZN/1766583626.json -> /tmp/minio_downloads/1766583626.json
[2025-12-24T13:54:47.944+0000] {logging_mixin.py:188} INFO - Downloaded AMZN/1766583640.json -> /tmp/minio_downloads/1766583640.json
[2025-12-24T13:54:47.962+0000] {logging_mixin.py:188} INFO - Downloaded AMZN/1766583653.json -> /tmp/minio_downloads/1766583653.json
[2025-12-24T13:54:47.986+0000] {logging_mixin.py:188} INFO - Downloaded AMZN/1766583666.json -> /tmp/minio_downloads/1766583666.json
[2025-12-24T13:54:48.010+0000] {logging_mixin.py:188} INFO - Downloaded AMZN/1766583680.json -> /tmp/minio_downloads/1766583680.json
[2025-12-24T13:54:48.033+0000] {logging_mixin.py:188} INFO - Downloaded AMZN/1766583694.json -> /tmp/minio_downloads/1766583694.json
[2025-12-24T13:54:48.060+0000] {logging_mixin.py:188} INFO - Downloaded AMZN/1766583707.json -> /tmp/minio_downloads/1766583707.json
[2025-12-24T13:54:48.081+0000] {logging_mixin.py:188} INFO - Downloaded AMZN/1766583720.json -> /tmp/minio_downloads/1766583720.json
[2025-12-24T13:54:48.099+0000] {logging_mixin.py:188} INFO - Downloaded AMZN/1766583734.json -> /tmp/minio_downloads/1766583734.json
[2025-12-24T13:54:48.118+0000] {logging_mixin.py:188} INFO - Downloaded AMZN/1766583747.json -> /tmp/minio_downloads/1766583747.json
[2025-12-24T13:54:48.138+0000] {logging_mixin.py:188} INFO - Downloaded AMZN/1766583761.json -> /tmp/minio_downloads/1766583761.json
[2025-12-24T13:54:48.157+0000] {logging_mixin.py:188} INFO - Downloaded AMZN/1766583774.json -> /tmp/minio_downloads/1766583774.json
[2025-12-24T13:54:48.176+0000] {logging_mixin.py:188} INFO - Downloaded AMZN/1766583788.json -> /tmp/minio_downloads/1766583788.json
[2025-12-24T13:54:48.197+0000] {logging_mixin.py:188} INFO - Downloaded AMZN/1766583801.json -> /tmp/minio_downloads/1766583801.json
[2025-12-24T13:54:48.216+0000] {logging_mixin.py:188} INFO - Downloaded AMZN/1766583815.json -> /tmp/minio_downloads/1766583815.json
[2025-12-24T13:54:48.237+0000] {logging_mixin.py:188} INFO - Downloaded AMZN/1766583829.json -> /tmp/minio_downloads/1766583829.json
[2025-12-24T13:54:48.254+0000] {logging_mixin.py:188} INFO - Downloaded AMZN/1766583843.json -> /tmp/minio_downloads/1766583843.json
[2025-12-24T13:54:48.273+0000] {logging_mixin.py:188} INFO - Downloaded AMZN/1766583856.json -> /tmp/minio_downloads/1766583856.json
[2025-12-24T13:54:48.292+0000] {logging_mixin.py:188} INFO - Downloaded AMZN/1766583868.json -> /tmp/minio_downloads/1766583868.json
[2025-12-24T13:54:48.310+0000] {logging_mixin.py:188} INFO - Downloaded AMZN/1766583881.json -> /tmp/minio_downloads/1766583881.json
[2025-12-24T13:54:48.329+0000] {logging_mixin.py:188} INFO - Downloaded AMZN/1766583893.json -> /tmp/minio_downloads/1766583893.json
[2025-12-24T13:54:48.346+0000] {logging_mixin.py:188} INFO - Downloaded AMZN/1766583906.json -> /tmp/minio_downloads/1766583906.json
[2025-12-24T13:54:48.364+0000] {logging_mixin.py:188} INFO - Downloaded AMZN/1766583920.json -> /tmp/minio_downloads/1766583920.json
[2025-12-24T13:54:48.381+0000] {logging_mixin.py:188} INFO - Downloaded AMZN/1766583933.json -> /tmp/minio_downloads/1766583933.json
[2025-12-24T13:54:48.398+0000] {logging_mixin.py:188} INFO - Downloaded AMZN/1766583947.json -> /tmp/minio_downloads/1766583947.json
[2025-12-24T13:54:48.415+0000] {logging_mixin.py:188} INFO - Downloaded AMZN/1766583960.json -> /tmp/minio_downloads/1766583960.json
[2025-12-24T13:54:48.433+0000] {logging_mixin.py:188} INFO - Downloaded AMZN/1766583974.json -> /tmp/minio_downloads/1766583974.json
[2025-12-24T13:54:48.452+0000] {logging_mixin.py:188} INFO - Downloaded AMZN/1766583987.json -> /tmp/minio_downloads/1766583987.json
[2025-12-24T13:54:48.490+0000] {logging_mixin.py:188} INFO - Downloaded AMZN/1766583999.json -> /tmp/minio_downloads/1766583999.json
[2025-12-24T13:54:48.529+0000] {logging_mixin.py:188} INFO - Downloaded AMZN/1766584012.json -> /tmp/minio_downloads/1766584012.json
[2025-12-24T13:54:48.557+0000] {logging_mixin.py:188} INFO - Downloaded AMZN/1766584027.json -> /tmp/minio_downloads/1766584027.json
[2025-12-24T13:54:48.577+0000] {logging_mixin.py:188} INFO - Downloaded AMZN/1766584040.json -> /tmp/minio_downloads/1766584040.json
[2025-12-24T13:54:48.596+0000] {logging_mixin.py:188} INFO - Downloaded AMZN/1766584054.json -> /tmp/minio_downloads/1766584054.json
[2025-12-24T13:54:48.617+0000] {logging_mixin.py:188} INFO - Downloaded AMZN/1766584067.json -> /tmp/minio_downloads/1766584067.json
[2025-12-24T13:54:48.651+0000] {logging_mixin.py:188} INFO - Downloaded AMZN/1766584081.json -> /tmp/minio_downloads/1766584081.json
[2025-12-24T13:54:48.676+0000] {logging_mixin.py:188} INFO - Downloaded AMZN/1766584094.json -> /tmp/minio_downloads/1766584094.json
[2025-12-24T13:54:48.701+0000] {logging_mixin.py:188} INFO - Downloaded AMZN/1766584107.json -> /tmp/minio_downloads/1766584107.json
[2025-12-24T13:54:48.726+0000] {logging_mixin.py:188} INFO - Downloaded AMZN/1766584121.json -> /tmp/minio_downloads/1766584121.json
[2025-12-24T13:54:48.748+0000] {logging_mixin.py:188} INFO - Downloaded AMZN/1766584134.json -> /tmp/minio_downloads/1766584134.json
[2025-12-24T13:54:48.770+0000] {logging_mixin.py:188} INFO - Downloaded AMZN/1766584148.json -> /tmp/minio_downloads/1766584148.json
[2025-12-24T13:54:48.791+0000] {logging_mixin.py:188} INFO - Downloaded AMZN/1766584161.json -> /tmp/minio_downloads/1766584161.json
[2025-12-24T13:54:48.812+0000] {logging_mixin.py:188} INFO - Downloaded AMZN/1766584173.json -> /tmp/minio_downloads/1766584173.json
[2025-12-24T13:54:48.834+0000] {logging_mixin.py:188} INFO - Downloaded AMZN/1766584188.json -> /tmp/minio_downloads/1766584188.json
[2025-12-24T13:54:48.858+0000] {logging_mixin.py:188} INFO - Downloaded AMZN/1766584202.json -> /tmp/minio_downloads/1766584202.json
[2025-12-24T13:54:48.881+0000] {logging_mixin.py:188} INFO - Downloaded AMZN/1766584215.json -> /tmp/minio_downloads/1766584215.json
[2025-12-24T13:54:48.901+0000] {logging_mixin.py:188} INFO - Downloaded AMZN/1766584229.json -> /tmp/minio_downloads/1766584229.json
[2025-12-24T13:54:48.922+0000] {logging_mixin.py:188} INFO - Downloaded AMZN/1766584242.json -> /tmp/minio_downloads/1766584242.json
[2025-12-24T13:54:48.940+0000] {logging_mixin.py:188} INFO - Downloaded AMZN/1766584255.json -> /tmp/minio_downloads/1766584255.json
[2025-12-24T13:54:48.962+0000] {logging_mixin.py:188} INFO - Downloaded AMZN/1766584268.json -> /tmp/minio_downloads/1766584268.json
[2025-12-24T13:54:48.982+0000] {logging_mixin.py:188} INFO - Downloaded AMZN/1766584282.json -> /tmp/minio_downloads/1766584282.json
[2025-12-24T13:54:49.003+0000] {logging_mixin.py:188} INFO - Downloaded AMZN/1766584295.json -> /tmp/minio_downloads/1766584295.json
[2025-12-24T13:54:49.023+0000] {logging_mixin.py:188} INFO - Downloaded AMZN/1766584309.json -> /tmp/minio_downloads/1766584309.json
[2025-12-24T13:54:49.045+0000] {logging_mixin.py:188} INFO - Downloaded AMZN/1766584323.json -> /tmp/minio_downloads/1766584323.json
[2025-12-24T13:54:49.064+0000] {logging_mixin.py:188} INFO - Downloaded AMZN/1766584336.json -> /tmp/minio_downloads/1766584336.json
[2025-12-24T13:54:49.083+0000] {logging_mixin.py:188} INFO - Downloaded AMZN/1766584352.json -> /tmp/minio_downloads/1766584352.json
[2025-12-24T13:54:49.104+0000] {logging_mixin.py:188} INFO - Downloaded AMZN/1766584366.json -> /tmp/minio_downloads/1766584366.json
[2025-12-24T13:54:49.127+0000] {logging_mixin.py:188} INFO - Downloaded AMZN/1766584380.json -> /tmp/minio_downloads/1766584380.json
[2025-12-24T13:54:49.148+0000] {logging_mixin.py:188} INFO - Downloaded AMZN/1766584393.json -> /tmp/minio_downloads/1766584393.json
[2025-12-24T13:54:49.170+0000] {logging_mixin.py:188} INFO - Downloaded AMZN/1766584406.json -> /tmp/minio_downloads/1766584406.json
[2025-12-24T13:54:49.188+0000] {logging_mixin.py:188} INFO - Downloaded AMZN/1766584419.json -> /tmp/minio_downloads/1766584419.json
[2025-12-24T13:54:49.210+0000] {logging_mixin.py:188} INFO - Downloaded AMZN/1766584432.json -> /tmp/minio_downloads/1766584432.json
[2025-12-24T13:54:49.237+0000] {logging_mixin.py:188} INFO - Downloaded AMZN/1766584445.json -> /tmp/minio_downloads/1766584445.json
[2025-12-24T13:54:49.264+0000] {logging_mixin.py:188} INFO - Downloaded AMZN/1766584458.json -> /tmp/minio_downloads/1766584458.json
[2025-12-24T13:54:49.285+0000] {logging_mixin.py:188} INFO - Downloaded AMZN/1766584471.json -> /tmp/minio_downloads/1766584471.json
[2025-12-24T13:54:49.305+0000] {logging_mixin.py:188} INFO - Downloaded GOOGL/1766583264.json -> /tmp/minio_downloads/1766583264.json
[2025-12-24T13:54:49.325+0000] {logging_mixin.py:188} INFO - Downloaded GOOGL/1766583277.json -> /tmp/minio_downloads/1766583277.json
[2025-12-24T13:54:49.346+0000] {logging_mixin.py:188} INFO - Downloaded GOOGL/1766583291.json -> /tmp/minio_downloads/1766583291.json
[2025-12-24T13:54:49.367+0000] {logging_mixin.py:188} INFO - Downloaded GOOGL/1766583304.json -> /tmp/minio_downloads/1766583304.json
[2025-12-24T13:54:49.387+0000] {logging_mixin.py:188} INFO - Downloaded GOOGL/1766583316.json -> /tmp/minio_downloads/1766583316.json
[2025-12-24T13:54:49.406+0000] {logging_mixin.py:188} INFO - Downloaded GOOGL/1766583330.json -> /tmp/minio_downloads/1766583330.json
[2025-12-24T13:54:49.424+0000] {logging_mixin.py:188} INFO - Downloaded GOOGL/1766583343.json -> /tmp/minio_downloads/1766583343.json
[2025-12-24T13:54:49.446+0000] {logging_mixin.py:188} INFO - Downloaded GOOGL/1766583356.json -> /tmp/minio_downloads/1766583356.json
[2025-12-24T13:54:49.466+0000] {logging_mixin.py:188} INFO - Downloaded GOOGL/1766583370.json -> /tmp/minio_downloads/1766583370.json
[2025-12-24T13:54:49.486+0000] {logging_mixin.py:188} INFO - Downloaded GOOGL/1766583383.json -> /tmp/minio_downloads/1766583383.json
[2025-12-24T13:54:49.505+0000] {logging_mixin.py:188} INFO - Downloaded GOOGL/1766583396.json -> /tmp/minio_downloads/1766583396.json
[2025-12-24T13:54:49.525+0000] {logging_mixin.py:188} INFO - Downloaded GOOGL/1766583410.json -> /tmp/minio_downloads/1766583410.json
[2025-12-24T13:54:49.544+0000] {logging_mixin.py:188} INFO - Downloaded GOOGL/1766583425.json -> /tmp/minio_downloads/1766583425.json
[2025-12-24T13:54:49.564+0000] {logging_mixin.py:188} INFO - Downloaded GOOGL/1766583438.json -> /tmp/minio_downloads/1766583438.json
[2025-12-24T13:54:49.582+0000] {logging_mixin.py:188} INFO - Downloaded GOOGL/1766583451.json -> /tmp/minio_downloads/1766583451.json
[2025-12-24T13:54:49.601+0000] {logging_mixin.py:188} INFO - Downloaded GOOGL/1766583463.json -> /tmp/minio_downloads/1766583463.json
[2025-12-24T13:54:49.619+0000] {logging_mixin.py:188} INFO - Downloaded GOOGL/1766583476.json -> /tmp/minio_downloads/1766583476.json
[2025-12-24T13:54:49.636+0000] {logging_mixin.py:188} INFO - Downloaded GOOGL/1766583489.json -> /tmp/minio_downloads/1766583489.json
[2025-12-24T13:54:49.655+0000] {logging_mixin.py:188} INFO - Downloaded GOOGL/1766583502.json -> /tmp/minio_downloads/1766583502.json
[2025-12-24T13:54:49.674+0000] {logging_mixin.py:188} INFO - Downloaded GOOGL/1766583515.json -> /tmp/minio_downloads/1766583515.json
[2025-12-24T13:54:49.691+0000] {logging_mixin.py:188} INFO - Downloaded GOOGL/1766583528.json -> /tmp/minio_downloads/1766583528.json
[2025-12-24T13:54:49.708+0000] {logging_mixin.py:188} INFO - Downloaded GOOGL/1766583542.json -> /tmp/minio_downloads/1766583542.json
[2025-12-24T13:54:49.726+0000] {logging_mixin.py:188} INFO - Downloaded GOOGL/1766583555.json -> /tmp/minio_downloads/1766583555.json
[2025-12-24T13:54:49.746+0000] {logging_mixin.py:188} INFO - Downloaded GOOGL/1766583568.json -> /tmp/minio_downloads/1766583568.json
[2025-12-24T13:54:49.766+0000] {logging_mixin.py:188} INFO - Downloaded GOOGL/1766583583.json -> /tmp/minio_downloads/1766583583.json
[2025-12-24T13:54:49.783+0000] {logging_mixin.py:188} INFO - Downloaded GOOGL/1766583597.json -> /tmp/minio_downloads/1766583597.json
[2025-12-24T13:54:49.800+0000] {logging_mixin.py:188} INFO - Downloaded GOOGL/1766583611.json -> /tmp/minio_downloads/1766583611.json
[2025-12-24T13:54:49.819+0000] {logging_mixin.py:188} INFO - Downloaded GOOGL/1766583625.json -> /tmp/minio_downloads/1766583625.json
[2025-12-24T13:54:49.843+0000] {logging_mixin.py:188} INFO - Downloaded GOOGL/1766583638.json -> /tmp/minio_downloads/1766583638.json
[2025-12-24T13:54:49.866+0000] {logging_mixin.py:188} INFO - Downloaded GOOGL/1766583652.json -> /tmp/minio_downloads/1766583652.json
[2025-12-24T13:54:49.883+0000] {logging_mixin.py:188} INFO - Downloaded GOOGL/1766583664.json -> /tmp/minio_downloads/1766583664.json
[2025-12-24T13:54:49.901+0000] {logging_mixin.py:188} INFO - Downloaded GOOGL/1766583678.json -> /tmp/minio_downloads/1766583678.json
[2025-12-24T13:54:49.920+0000] {logging_mixin.py:188} INFO - Downloaded GOOGL/1766583692.json -> /tmp/minio_downloads/1766583692.json
[2025-12-24T13:54:49.940+0000] {logging_mixin.py:188} INFO - Downloaded GOOGL/1766583705.json -> /tmp/minio_downloads/1766583705.json
[2025-12-24T13:54:49.958+0000] {logging_mixin.py:188} INFO - Downloaded GOOGL/1766583718.json -> /tmp/minio_downloads/1766583718.json
[2025-12-24T13:54:49.980+0000] {logging_mixin.py:188} INFO - Downloaded GOOGL/1766583732.json -> /tmp/minio_downloads/1766583732.json
[2025-12-24T13:54:49.999+0000] {logging_mixin.py:188} INFO - Downloaded GOOGL/1766583745.json -> /tmp/minio_downloads/1766583745.json
[2025-12-24T13:54:50.017+0000] {logging_mixin.py:188} INFO - Downloaded GOOGL/1766583759.json -> /tmp/minio_downloads/1766583759.json
[2025-12-24T13:54:50.039+0000] {logging_mixin.py:188} INFO - Downloaded GOOGL/1766583773.json -> /tmp/minio_downloads/1766583773.json
[2025-12-24T13:54:50.059+0000] {logging_mixin.py:188} INFO - Downloaded GOOGL/1766583787.json -> /tmp/minio_downloads/1766583787.json
[2025-12-24T13:54:50.079+0000] {logging_mixin.py:188} INFO - Downloaded GOOGL/1766583800.json -> /tmp/minio_downloads/1766583800.json
[2025-12-24T13:54:50.098+0000] {logging_mixin.py:188} INFO - Downloaded GOOGL/1766583814.json -> /tmp/minio_downloads/1766583814.json
[2025-12-24T13:54:50.116+0000] {logging_mixin.py:188} INFO - Downloaded GOOGL/1766583828.json -> /tmp/minio_downloads/1766583828.json
[2025-12-24T13:54:50.134+0000] {logging_mixin.py:188} INFO - Downloaded GOOGL/1766583841.json -> /tmp/minio_downloads/1766583841.json
[2025-12-24T13:54:50.152+0000] {logging_mixin.py:188} INFO - Downloaded GOOGL/1766583855.json -> /tmp/minio_downloads/1766583855.json
[2025-12-24T13:54:50.174+0000] {logging_mixin.py:188} INFO - Downloaded GOOGL/1766583867.json -> /tmp/minio_downloads/1766583867.json
[2025-12-24T13:54:50.196+0000] {logging_mixin.py:188} INFO - Downloaded GOOGL/1766583880.json -> /tmp/minio_downloads/1766583880.json
[2025-12-24T13:54:50.216+0000] {logging_mixin.py:188} INFO - Downloaded GOOGL/1766583892.json -> /tmp/minio_downloads/1766583892.json
[2025-12-24T13:54:50.237+0000] {logging_mixin.py:188} INFO - Downloaded GOOGL/1766583904.json -> /tmp/minio_downloads/1766583904.json
[2025-12-24T13:54:50.260+0000] {logging_mixin.py:188} INFO - Downloaded GOOGL/1766583918.json -> /tmp/minio_downloads/1766583918.json
[2025-12-24T13:54:50.278+0000] {logging_mixin.py:188} INFO - Downloaded GOOGL/1766583932.json -> /tmp/minio_downloads/1766583932.json
[2025-12-24T13:54:50.295+0000] {logging_mixin.py:188} INFO - Downloaded GOOGL/1766583945.json -> /tmp/minio_downloads/1766583945.json
[2025-12-24T13:54:50.315+0000] {logging_mixin.py:188} INFO - Downloaded GOOGL/1766583958.json -> /tmp/minio_downloads/1766583958.json
[2025-12-24T13:54:50.335+0000] {logging_mixin.py:188} INFO - Downloaded GOOGL/1766583972.json -> /tmp/minio_downloads/1766583972.json
[2025-12-24T13:54:50.352+0000] {logging_mixin.py:188} INFO - Downloaded GOOGL/1766583986.json -> /tmp/minio_downloads/1766583986.json
[2025-12-24T13:54:50.370+0000] {logging_mixin.py:188} INFO - Downloaded GOOGL/1766583998.json -> /tmp/minio_downloads/1766583998.json
[2025-12-24T13:54:50.387+0000] {logging_mixin.py:188} INFO - Downloaded GOOGL/1766584011.json -> /tmp/minio_downloads/1766584011.json
[2025-12-24T13:54:50.405+0000] {logging_mixin.py:188} INFO - Downloaded GOOGL/1766584025.json -> /tmp/minio_downloads/1766584025.json
[2025-12-24T13:54:50.426+0000] {logging_mixin.py:188} INFO - Downloaded GOOGL/1766584039.json -> /tmp/minio_downloads/1766584039.json
[2025-12-24T13:54:50.446+0000] {logging_mixin.py:188} INFO - Downloaded GOOGL/1766584053.json -> /tmp/minio_downloads/1766584053.json
[2025-12-24T13:54:50.463+0000] {logging_mixin.py:188} INFO - Downloaded GOOGL/1766584066.json -> /tmp/minio_downloads/1766584066.json
[2025-12-24T13:54:50.480+0000] {logging_mixin.py:188} INFO - Downloaded GOOGL/1766584079.json -> /tmp/minio_downloads/1766584079.json
[2025-12-24T13:54:50.499+0000] {logging_mixin.py:188} INFO - Downloaded GOOGL/1766584093.json -> /tmp/minio_downloads/1766584093.json
[2025-12-24T13:54:50.517+0000] {logging_mixin.py:188} INFO - Downloaded GOOGL/1766584105.json -> /tmp/minio_downloads/1766584105.json
[2025-12-24T13:54:50.534+0000] {logging_mixin.py:188} INFO - Downloaded GOOGL/1766584120.json -> /tmp/minio_downloads/1766584120.json
[2025-12-24T13:54:50.557+0000] {logging_mixin.py:188} INFO - Downloaded GOOGL/1766584133.json -> /tmp/minio_downloads/1766584133.json
[2025-12-24T13:54:50.577+0000] {logging_mixin.py:188} INFO - Downloaded GOOGL/1766584146.json -> /tmp/minio_downloads/1766584146.json
[2025-12-24T13:54:50.595+0000] {logging_mixin.py:188} INFO - Downloaded GOOGL/1766584159.json -> /tmp/minio_downloads/1766584159.json
[2025-12-24T13:54:50.613+0000] {logging_mixin.py:188} INFO - Downloaded GOOGL/1766584172.json -> /tmp/minio_downloads/1766584172.json
[2025-12-24T13:54:50.632+0000] {logging_mixin.py:188} INFO - Downloaded GOOGL/1766584187.json -> /tmp/minio_downloads/1766584187.json
[2025-12-24T13:54:50.649+0000] {logging_mixin.py:188} INFO - Downloaded GOOGL/1766584201.json -> /tmp/minio_downloads/1766584201.json
[2025-12-24T13:54:50.665+0000] {logging_mixin.py:188} INFO - Downloaded GOOGL/1766584214.json -> /tmp/minio_downloads/1766584214.json
[2025-12-24T13:54:50.685+0000] {logging_mixin.py:188} INFO - Downloaded GOOGL/1766584228.json -> /tmp/minio_downloads/1766584228.json
[2025-12-24T13:54:50.702+0000] {logging_mixin.py:188} INFO - Downloaded GOOGL/1766584241.json -> /tmp/minio_downloads/1766584241.json
[2025-12-24T13:54:50.719+0000] {logging_mixin.py:188} INFO - Downloaded GOOGL/1766584254.json -> /tmp/minio_downloads/1766584254.json
[2025-12-24T13:54:50.739+0000] {logging_mixin.py:188} INFO - Downloaded GOOGL/1766584266.json -> /tmp/minio_downloads/1766584266.json
[2025-12-24T13:54:50.765+0000] {logging_mixin.py:188} INFO - Downloaded GOOGL/1766584280.json -> /tmp/minio_downloads/1766584280.json
[2025-12-24T13:54:50.784+0000] {logging_mixin.py:188} INFO - Downloaded GOOGL/1766584294.json -> /tmp/minio_downloads/1766584294.json
[2025-12-24T13:54:50.802+0000] {logging_mixin.py:188} INFO - Downloaded GOOGL/1766584307.json -> /tmp/minio_downloads/1766584307.json
[2025-12-24T13:54:50.819+0000] {logging_mixin.py:188} INFO - Downloaded GOOGL/1766584321.json -> /tmp/minio_downloads/1766584321.json
[2025-12-24T13:54:50.837+0000] {logging_mixin.py:188} INFO - Downloaded GOOGL/1766584335.json -> /tmp/minio_downloads/1766584335.json
[2025-12-24T13:54:50.855+0000] {logging_mixin.py:188} INFO - Downloaded GOOGL/1766584350.json -> /tmp/minio_downloads/1766584350.json
[2025-12-24T13:54:50.876+0000] {logging_mixin.py:188} INFO - Downloaded GOOGL/1766584364.json -> /tmp/minio_downloads/1766584364.json
[2025-12-24T13:54:50.895+0000] {logging_mixin.py:188} INFO - Downloaded GOOGL/1766584378.json -> /tmp/minio_downloads/1766584378.json
[2025-12-24T13:54:50.914+0000] {logging_mixin.py:188} INFO - Downloaded GOOGL/1766584391.json -> /tmp/minio_downloads/1766584391.json
[2025-12-24T13:54:50.931+0000] {logging_mixin.py:188} INFO - Downloaded GOOGL/1766584404.json -> /tmp/minio_downloads/1766584404.json
[2025-12-24T13:54:50.949+0000] {logging_mixin.py:188} INFO - Downloaded GOOGL/1766584417.json -> /tmp/minio_downloads/1766584417.json
[2025-12-24T13:54:50.967+0000] {logging_mixin.py:188} INFO - Downloaded GOOGL/1766584430.json -> /tmp/minio_downloads/1766584430.json
[2025-12-24T13:54:50.985+0000] {logging_mixin.py:188} INFO - Downloaded GOOGL/1766584443.json -> /tmp/minio_downloads/1766584443.json
[2025-12-24T13:54:51.004+0000] {logging_mixin.py:188} INFO - Downloaded GOOGL/1766584457.json -> /tmp/minio_downloads/1766584457.json
[2025-12-24T13:54:51.024+0000] {logging_mixin.py:188} INFO - Downloaded GOOGL/1766584469.json -> /tmp/minio_downloads/1766584469.json
[2025-12-24T13:54:51.042+0000] {logging_mixin.py:188} INFO - Downloaded GOOGL/1766584483.json -> /tmp/minio_downloads/1766584483.json
[2025-12-24T13:54:51.062+0000] {logging_mixin.py:188} INFO - Downloaded MSFT/1766583260.json -> /tmp/minio_downloads/1766583260.json
[2025-12-24T13:54:51.082+0000] {logging_mixin.py:188} INFO - Downloaded MSFT/1766583275.json -> /tmp/minio_downloads/1766583275.json
[2025-12-24T13:54:51.098+0000] {logging_mixin.py:188} INFO - Downloaded MSFT/1766583288.json -> /tmp/minio_downloads/1766583288.json
[2025-12-24T13:54:51.116+0000] {logging_mixin.py:188} INFO - Downloaded MSFT/1766583301.json -> /tmp/minio_downloads/1766583301.json
[2025-12-24T13:54:51.132+0000] {logging_mixin.py:188} INFO - Downloaded MSFT/1766583314.json -> /tmp/minio_downloads/1766583314.json
[2025-12-24T13:54:51.150+0000] {logging_mixin.py:188} INFO - Downloaded MSFT/1766583327.json -> /tmp/minio_downloads/1766583327.json
[2025-12-24T13:54:51.169+0000] {logging_mixin.py:188} INFO - Downloaded MSFT/1766583341.json -> /tmp/minio_downloads/1766583341.json
[2025-12-24T13:54:51.186+0000] {logging_mixin.py:188} INFO - Downloaded MSFT/1766583354.json -> /tmp/minio_downloads/1766583354.json
[2025-12-24T13:54:51.207+0000] {logging_mixin.py:188} INFO - Downloaded MSFT/1766583366.json -> /tmp/minio_downloads/1766583366.json
[2025-12-24T13:54:51.227+0000] {logging_mixin.py:188} INFO - Downloaded MSFT/1766583380.json -> /tmp/minio_downloads/1766583380.json
[2025-12-24T13:54:51.247+0000] {logging_mixin.py:188} INFO - Downloaded MSFT/1766583393.json -> /tmp/minio_downloads/1766583393.json
[2025-12-24T13:54:51.265+0000] {logging_mixin.py:188} INFO - Downloaded MSFT/1766583407.json -> /tmp/minio_downloads/1766583407.json
[2025-12-24T13:54:51.282+0000] {logging_mixin.py:188} INFO - Downloaded MSFT/1766583420.json -> /tmp/minio_downloads/1766583420.json
[2025-12-24T13:54:51.300+0000] {logging_mixin.py:188} INFO - Downloaded MSFT/1766583436.json -> /tmp/minio_downloads/1766583436.json
[2025-12-24T13:54:51.317+0000] {logging_mixin.py:188} INFO - Downloaded MSFT/1766583448.json -> /tmp/minio_downloads/1766583448.json
[2025-12-24T13:54:51.338+0000] {logging_mixin.py:188} INFO - Downloaded MSFT/1766583461.json -> /tmp/minio_downloads/1766583461.json
[2025-12-24T13:54:51.356+0000] {logging_mixin.py:188} INFO - Downloaded MSFT/1766583473.json -> /tmp/minio_downloads/1766583473.json
[2025-12-24T13:54:51.378+0000] {logging_mixin.py:188} INFO - Downloaded MSFT/1766583487.json -> /tmp/minio_downloads/1766583487.json
[2025-12-24T13:54:51.399+0000] {logging_mixin.py:188} INFO - Downloaded MSFT/1766583499.json -> /tmp/minio_downloads/1766583499.json
[2025-12-24T13:54:51.418+0000] {logging_mixin.py:188} INFO - Downloaded MSFT/1766583513.json -> /tmp/minio_downloads/1766583513.json
[2025-12-24T13:54:51.436+0000] {logging_mixin.py:188} INFO - Downloaded MSFT/1766583525.json -> /tmp/minio_downloads/1766583525.json
[2025-12-24T13:54:51.456+0000] {logging_mixin.py:188} INFO - Downloaded MSFT/1766583539.json -> /tmp/minio_downloads/1766583539.json
[2025-12-24T13:54:51.475+0000] {logging_mixin.py:188} INFO - Downloaded MSFT/1766583552.json -> /tmp/minio_downloads/1766583552.json
[2025-12-24T13:54:51.495+0000] {logging_mixin.py:188} INFO - Downloaded MSFT/1766583565.json -> /tmp/minio_downloads/1766583565.json
[2025-12-24T13:54:51.516+0000] {logging_mixin.py:188} INFO - Downloaded MSFT/1766583579.json -> /tmp/minio_downloads/1766583579.json
[2025-12-24T13:54:51.535+0000] {logging_mixin.py:188} INFO - Downloaded MSFT/1766583593.json -> /tmp/minio_downloads/1766583593.json
[2025-12-24T13:54:51.553+0000] {logging_mixin.py:188} INFO - Downloaded MSFT/1766583608.json -> /tmp/minio_downloads/1766583608.json
[2025-12-24T13:54:51.572+0000] {logging_mixin.py:188} INFO - Downloaded MSFT/1766583622.json -> /tmp/minio_downloads/1766583622.json
[2025-12-24T13:54:51.590+0000] {logging_mixin.py:188} INFO - Downloaded MSFT/1766583635.json -> /tmp/minio_downloads/1766583635.json
[2025-12-24T13:54:51.609+0000] {logging_mixin.py:188} INFO - Downloaded MSFT/1766583649.json -> /tmp/minio_downloads/1766583649.json
[2025-12-24T13:54:51.629+0000] {logging_mixin.py:188} INFO - Downloaded MSFT/1766583662.json -> /tmp/minio_downloads/1766583662.json
[2025-12-24T13:54:51.647+0000] {logging_mixin.py:188} INFO - Downloaded MSFT/1766583675.json -> /tmp/minio_downloads/1766583675.json
[2025-12-24T13:54:51.668+0000] {logging_mixin.py:188} INFO - Downloaded MSFT/1766583689.json -> /tmp/minio_downloads/1766583689.json
[2025-12-24T13:54:51.687+0000] {logging_mixin.py:188} INFO - Downloaded MSFT/1766583703.json -> /tmp/minio_downloads/1766583703.json
[2025-12-24T13:54:51.707+0000] {logging_mixin.py:188} INFO - Downloaded MSFT/1766583715.json -> /tmp/minio_downloads/1766583715.json
[2025-12-24T13:54:51.725+0000] {logging_mixin.py:188} INFO - Downloaded MSFT/1766583729.json -> /tmp/minio_downloads/1766583729.json
[2025-12-24T13:54:51.744+0000] {logging_mixin.py:188} INFO - Downloaded MSFT/1766583743.json -> /tmp/minio_downloads/1766583743.json
[2025-12-24T13:54:51.763+0000] {logging_mixin.py:188} INFO - Downloaded MSFT/1766583756.json -> /tmp/minio_downloads/1766583756.json
[2025-12-24T13:54:51.785+0000] {logging_mixin.py:188} INFO - Downloaded MSFT/1766583770.json -> /tmp/minio_downloads/1766583770.json
[2025-12-24T13:54:51.802+0000] {logging_mixin.py:188} INFO - Downloaded MSFT/1766583784.json -> /tmp/minio_downloads/1766583784.json
[2025-12-24T13:54:51.819+0000] {logging_mixin.py:188} INFO - Downloaded MSFT/1766583797.json -> /tmp/minio_downloads/1766583797.json
[2025-12-24T13:54:51.840+0000] {logging_mixin.py:188} INFO - Downloaded MSFT/1766583810.json -> /tmp/minio_downloads/1766583810.json
[2025-12-24T13:54:51.858+0000] {logging_mixin.py:188} INFO - Downloaded MSFT/1766583824.json -> /tmp/minio_downloads/1766583824.json
[2025-12-24T13:54:51.878+0000] {logging_mixin.py:188} INFO - Downloaded MSFT/1766583838.json -> /tmp/minio_downloads/1766583838.json
[2025-12-24T13:54:51.901+0000] {logging_mixin.py:188} INFO - Downloaded MSFT/1766583852.json -> /tmp/minio_downloads/1766583852.json
[2025-12-24T13:54:51.926+0000] {logging_mixin.py:188} INFO - Downloaded MSFT/1766583864.json -> /tmp/minio_downloads/1766583864.json
[2025-12-24T13:54:51.945+0000] {logging_mixin.py:188} INFO - Downloaded MSFT/1766583877.json -> /tmp/minio_downloads/1766583877.json
[2025-12-24T13:54:51.964+0000] {logging_mixin.py:188} INFO - Downloaded MSFT/1766583890.json -> /tmp/minio_downloads/1766583890.json
[2025-12-24T13:54:51.983+0000] {logging_mixin.py:188} INFO - Downloaded MSFT/1766583902.json -> /tmp/minio_downloads/1766583902.json
[2025-12-24T13:54:52.003+0000] {logging_mixin.py:188} INFO - Downloaded MSFT/1766583915.json -> /tmp/minio_downloads/1766583915.json
[2025-12-24T13:54:52.024+0000] {logging_mixin.py:188} INFO - Downloaded MSFT/1766583929.json -> /tmp/minio_downloads/1766583929.json
[2025-12-24T13:54:52.046+0000] {logging_mixin.py:188} INFO - Downloaded MSFT/1766583942.json -> /tmp/minio_downloads/1766583942.json
[2025-12-24T13:54:52.066+0000] {logging_mixin.py:188} INFO - Downloaded MSFT/1766583955.json -> /tmp/minio_downloads/1766583955.json
[2025-12-24T13:54:52.087+0000] {logging_mixin.py:188} INFO - Downloaded MSFT/1766583969.json -> /tmp/minio_downloads/1766583969.json
[2025-12-24T13:54:52.109+0000] {logging_mixin.py:188} INFO - Downloaded MSFT/1766583983.json -> /tmp/minio_downloads/1766583983.json
[2025-12-24T13:54:52.133+0000] {logging_mixin.py:188} INFO - Downloaded MSFT/1766583995.json -> /tmp/minio_downloads/1766583995.json
[2025-12-24T13:54:52.159+0000] {logging_mixin.py:188} INFO - Downloaded MSFT/1766584008.json -> /tmp/minio_downloads/1766584008.json
[2025-12-24T13:54:52.181+0000] {logging_mixin.py:188} INFO - Downloaded MSFT/1766584022.json -> /tmp/minio_downloads/1766584022.json
[2025-12-24T13:54:52.206+0000] {logging_mixin.py:188} INFO - Downloaded MSFT/1766584036.json -> /tmp/minio_downloads/1766584036.json
[2025-12-24T13:54:52.230+0000] {logging_mixin.py:188} INFO - Downloaded MSFT/1766584049.json -> /tmp/minio_downloads/1766584049.json
[2025-12-24T13:54:52.258+0000] {logging_mixin.py:188} INFO - Downloaded MSFT/1766584063.json -> /tmp/minio_downloads/1766584063.json
[2025-12-24T13:54:52.278+0000] {logging_mixin.py:188} INFO - Downloaded MSFT/1766584077.json -> /tmp/minio_downloads/1766584077.json
[2025-12-24T13:54:52.307+0000] {logging_mixin.py:188} INFO - Downloaded MSFT/1766584090.json -> /tmp/minio_downloads/1766584090.json
[2025-12-24T13:54:52.331+0000] {logging_mixin.py:188} INFO - Downloaded MSFT/1766584103.json -> /tmp/minio_downloads/1766584103.json
[2025-12-24T13:54:52.353+0000] {logging_mixin.py:188} INFO - Downloaded MSFT/1766584116.json -> /tmp/minio_downloads/1766584116.json
[2025-12-24T13:54:52.375+0000] {logging_mixin.py:188} INFO - Downloaded MSFT/1766584130.json -> /tmp/minio_downloads/1766584130.json
[2025-12-24T13:54:52.396+0000] {logging_mixin.py:188} INFO - Downloaded MSFT/1766584143.json -> /tmp/minio_downloads/1766584143.json
[2025-12-24T13:54:52.419+0000] {logging_mixin.py:188} INFO - Downloaded MSFT/1766584156.json -> /tmp/minio_downloads/1766584156.json
[2025-12-24T13:54:52.438+0000] {logging_mixin.py:188} INFO - Downloaded MSFT/1766584169.json -> /tmp/minio_downloads/1766584169.json
[2025-12-24T13:54:52.459+0000] {logging_mixin.py:188} INFO - Downloaded MSFT/1766584183.json -> /tmp/minio_downloads/1766584183.json
[2025-12-24T13:54:52.481+0000] {logging_mixin.py:188} INFO - Downloaded MSFT/1766584197.json -> /tmp/minio_downloads/1766584197.json
[2025-12-24T13:54:52.513+0000] {logging_mixin.py:188} INFO - Downloaded MSFT/1766584211.json -> /tmp/minio_downloads/1766584211.json
[2025-12-24T13:54:52.549+0000] {logging_mixin.py:188} INFO - Downloaded MSFT/1766584225.json -> /tmp/minio_downloads/1766584225.json
[2025-12-24T13:54:52.581+0000] {logging_mixin.py:188} INFO - Downloaded MSFT/1766584238.json -> /tmp/minio_downloads/1766584238.json
[2025-12-24T13:54:52.611+0000] {logging_mixin.py:188} INFO - Downloaded MSFT/1766584251.json -> /tmp/minio_downloads/1766584251.json
[2025-12-24T13:54:52.636+0000] {logging_mixin.py:188} INFO - Downloaded MSFT/1766584264.json -> /tmp/minio_downloads/1766584264.json
[2025-12-24T13:54:52.659+0000] {logging_mixin.py:188} INFO - Downloaded MSFT/1766584277.json -> /tmp/minio_downloads/1766584277.json
[2025-12-24T13:54:52.685+0000] {logging_mixin.py:188} INFO - Downloaded MSFT/1766584291.json -> /tmp/minio_downloads/1766584291.json
[2025-12-24T13:54:52.711+0000] {logging_mixin.py:188} INFO - Downloaded MSFT/1766584304.json -> /tmp/minio_downloads/1766584304.json
[2025-12-24T13:54:52.739+0000] {logging_mixin.py:188} INFO - Downloaded MSFT/1766584318.json -> /tmp/minio_downloads/1766584318.json
[2025-12-24T13:54:52.761+0000] {logging_mixin.py:188} INFO - Downloaded MSFT/1766584332.json -> /tmp/minio_downloads/1766584332.json
[2025-12-24T13:54:52.803+0000] {logging_mixin.py:188} INFO - Downloaded MSFT/1766584346.json -> /tmp/minio_downloads/1766584346.json
[2025-12-24T13:54:52.835+0000] {logging_mixin.py:188} INFO - Downloaded MSFT/1766584361.json -> /tmp/minio_downloads/1766584361.json
[2025-12-24T13:54:52.858+0000] {logging_mixin.py:188} INFO - Downloaded MSFT/1766584375.json -> /tmp/minio_downloads/1766584375.json
[2025-12-24T13:54:52.883+0000] {logging_mixin.py:188} INFO - Downloaded MSFT/1766584389.json -> /tmp/minio_downloads/1766584389.json
[2025-12-24T13:54:52.909+0000] {logging_mixin.py:188} INFO - Downloaded MSFT/1766584401.json -> /tmp/minio_downloads/1766584401.json
[2025-12-24T13:54:52.938+0000] {logging_mixin.py:188} INFO - Downloaded MSFT/1766584414.json -> /tmp/minio_downloads/1766584414.json
[2025-12-24T13:54:52.968+0000] {logging_mixin.py:188} INFO - Downloaded MSFT/1766584427.json -> /tmp/minio_downloads/1766584427.json
[2025-12-24T13:54:52.994+0000] {logging_mixin.py:188} INFO - Downloaded MSFT/1766584441.json -> /tmp/minio_downloads/1766584441.json
[2025-12-24T13:54:53.016+0000] {logging_mixin.py:188} INFO - Downloaded MSFT/1766584454.json -> /tmp/minio_downloads/1766584454.json
[2025-12-24T13:54:53.038+0000] {logging_mixin.py:188} INFO - Downloaded MSFT/1766584467.json -> /tmp/minio_downloads/1766584467.json
[2025-12-24T13:54:53.057+0000] {logging_mixin.py:188} INFO - Downloaded MSFT/1766584480.json -> /tmp/minio_downloads/1766584480.json
[2025-12-24T13:54:53.076+0000] {logging_mixin.py:188} INFO - Downloaded TSLA/1766583262.json -> /tmp/minio_downloads/1766583262.json
[2025-12-24T13:54:53.096+0000] {logging_mixin.py:188} INFO - Downloaded TSLA/1766583276.json -> /tmp/minio_downloads/1766583276.json
[2025-12-24T13:54:53.118+0000] {logging_mixin.py:188} INFO - Downloaded TSLA/1766583289.json -> /tmp/minio_downloads/1766583289.json
[2025-12-24T13:54:53.147+0000] {logging_mixin.py:188} INFO - Downloaded TSLA/1766583302.json -> /tmp/minio_downloads/1766583302.json
[2025-12-24T13:54:53.169+0000] {logging_mixin.py:188} INFO - Downloaded TSLA/1766583315.json -> /tmp/minio_downloads/1766583315.json
[2025-12-24T13:54:53.194+0000] {logging_mixin.py:188} INFO - Downloaded TSLA/1766583329.json -> /tmp/minio_downloads/1766583329.json
[2025-12-24T13:54:53.213+0000] {logging_mixin.py:188} INFO - Downloaded TSLA/1766583342.json -> /tmp/minio_downloads/1766583342.json
[2025-12-24T13:54:53.231+0000] {logging_mixin.py:188} INFO - Downloaded TSLA/1766583355.json -> /tmp/minio_downloads/1766583355.json
[2025-12-24T13:54:53.251+0000] {logging_mixin.py:188} INFO - Downloaded TSLA/1766583368.json -> /tmp/minio_downloads/1766583368.json
[2025-12-24T13:54:53.269+0000] {logging_mixin.py:188} INFO - Downloaded TSLA/1766583381.json -> /tmp/minio_downloads/1766583381.json
[2025-12-24T13:54:53.287+0000] {logging_mixin.py:188} INFO - Downloaded TSLA/1766583394.json -> /tmp/minio_downloads/1766583394.json
[2025-12-24T13:54:53.308+0000] {logging_mixin.py:188} INFO - Downloaded TSLA/1766583408.json -> /tmp/minio_downloads/1766583408.json
[2025-12-24T13:54:53.330+0000] {logging_mixin.py:188} INFO - Downloaded TSLA/1766583422.json -> /tmp/minio_downloads/1766583422.json
[2025-12-24T13:54:53.348+0000] {logging_mixin.py:188} INFO - Downloaded TSLA/1766583437.json -> /tmp/minio_downloads/1766583437.json
[2025-12-24T13:54:53.369+0000] {logging_mixin.py:188} INFO - Downloaded TSLA/1766583449.json -> /tmp/minio_downloads/1766583449.json
[2025-12-24T13:54:53.389+0000] {logging_mixin.py:188} INFO - Downloaded TSLA/1766583462.json -> /tmp/minio_downloads/1766583462.json
[2025-12-24T13:54:53.408+0000] {logging_mixin.py:188} INFO - Downloaded TSLA/1766583474.json -> /tmp/minio_downloads/1766583474.json
[2025-12-24T13:54:53.429+0000] {logging_mixin.py:188} INFO - Downloaded TSLA/1766583488.json -> /tmp/minio_downloads/1766583488.json
[2025-12-24T13:54:53.446+0000] {logging_mixin.py:188} INFO - Downloaded TSLA/1766583501.json -> /tmp/minio_downloads/1766583501.json
[2025-12-24T13:54:53.464+0000] {logging_mixin.py:188} INFO - Downloaded TSLA/1766583514.json -> /tmp/minio_downloads/1766583514.json
[2025-12-24T13:54:53.482+0000] {logging_mixin.py:188} INFO - Downloaded TSLA/1766583527.json -> /tmp/minio_downloads/1766583527.json
[2025-12-24T13:54:53.500+0000] {logging_mixin.py:188} INFO - Downloaded TSLA/1766583541.json -> /tmp/minio_downloads/1766583541.json
[2025-12-24T13:54:53.518+0000] {logging_mixin.py:188} INFO - Downloaded TSLA/1766583553.json -> /tmp/minio_downloads/1766583553.json
[2025-12-24T13:54:53.537+0000] {logging_mixin.py:188} INFO - Downloaded TSLA/1766583567.json -> /tmp/minio_downloads/1766583567.json
[2025-12-24T13:54:53.559+0000] {logging_mixin.py:188} INFO - Downloaded TSLA/1766583582.json -> /tmp/minio_downloads/1766583582.json
[2025-12-24T13:54:53.579+0000] {logging_mixin.py:188} INFO - Downloaded TSLA/1766583595.json -> /tmp/minio_downloads/1766583595.json
[2025-12-24T13:54:53.597+0000] {logging_mixin.py:188} INFO - Downloaded TSLA/1766583609.json -> /tmp/minio_downloads/1766583609.json
[2025-12-24T13:54:53.615+0000] {logging_mixin.py:188} INFO - Downloaded TSLA/1766583623.json -> /tmp/minio_downloads/1766583623.json
[2025-12-24T13:54:53.631+0000] {logging_mixin.py:188} INFO - Downloaded TSLA/1766583637.json -> /tmp/minio_downloads/1766583637.json
[2025-12-24T13:54:53.648+0000] {logging_mixin.py:188} INFO - Downloaded TSLA/1766583650.json -> /tmp/minio_downloads/1766583650.json
[2025-12-24T13:54:53.666+0000] {logging_mixin.py:188} INFO - Downloaded TSLA/1766583663.json -> /tmp/minio_downloads/1766583663.json
[2025-12-24T13:54:53.682+0000] {logging_mixin.py:188} INFO - Downloaded TSLA/1766583677.json -> /tmp/minio_downloads/1766583677.json
[2025-12-24T13:54:53.700+0000] {logging_mixin.py:188} INFO - Downloaded TSLA/1766583690.json -> /tmp/minio_downloads/1766583690.json
[2025-12-24T13:54:53.717+0000] {logging_mixin.py:188} INFO - Downloaded TSLA/1766583704.json -> /tmp/minio_downloads/1766583704.json
[2025-12-24T13:54:53.734+0000] {logging_mixin.py:188} INFO - Downloaded TSLA/1766583717.json -> /tmp/minio_downloads/1766583717.json
[2025-12-24T13:54:53.750+0000] {logging_mixin.py:188} INFO - Downloaded TSLA/1766583730.json -> /tmp/minio_downloads/1766583730.json
[2025-12-24T13:54:53.768+0000] {logging_mixin.py:188} INFO - Downloaded TSLA/1766583744.json -> /tmp/minio_downloads/1766583744.json
[2025-12-24T13:54:53.784+0000] {logging_mixin.py:188} INFO - Downloaded TSLA/1766583758.json -> /tmp/minio_downloads/1766583758.json
[2025-12-24T13:54:53.800+0000] {logging_mixin.py:188} INFO - Downloaded TSLA/1766583771.json -> /tmp/minio_downloads/1766583771.json
[2025-12-24T13:54:53.817+0000] {logging_mixin.py:188} INFO - Downloaded TSLA/1766583785.json -> /tmp/minio_downloads/1766583785.json
[2025-12-24T13:54:53.833+0000] {logging_mixin.py:188} INFO - Downloaded TSLA/1766583798.json -> /tmp/minio_downloads/1766583798.json
[2025-12-24T13:54:53.857+0000] {logging_mixin.py:188} INFO - Downloaded TSLA/1766583812.json -> /tmp/minio_downloads/1766583812.json
[2025-12-24T13:54:53.874+0000] {logging_mixin.py:188} INFO - Downloaded TSLA/1766583826.json -> /tmp/minio_downloads/1766583826.json
[2025-12-24T13:54:53.891+0000] {logging_mixin.py:188} INFO - Downloaded TSLA/1766583840.json -> /tmp/minio_downloads/1766583840.json
[2025-12-24T13:54:53.910+0000] {logging_mixin.py:188} INFO - Downloaded TSLA/1766583853.json -> /tmp/minio_downloads/1766583853.json
[2025-12-24T13:54:53.926+0000] {logging_mixin.py:188} INFO - Downloaded TSLA/1766583866.json -> /tmp/minio_downloads/1766583866.json
[2025-12-24T13:54:53.945+0000] {logging_mixin.py:188} INFO - Downloaded TSLA/1766583879.json -> /tmp/minio_downloads/1766583879.json
[2025-12-24T13:54:53.967+0000] {logging_mixin.py:188} INFO - Downloaded TSLA/1766583891.json -> /tmp/minio_downloads/1766583891.json
[2025-12-24T13:54:53.984+0000] {logging_mixin.py:188} INFO - Downloaded TSLA/1766583903.json -> /tmp/minio_downloads/1766583903.json
[2025-12-24T13:54:54.001+0000] {logging_mixin.py:188} INFO - Downloaded TSLA/1766583917.json -> /tmp/minio_downloads/1766583917.json
[2025-12-24T13:54:54.021+0000] {logging_mixin.py:188} INFO - Downloaded TSLA/1766583930.json -> /tmp/minio_downloads/1766583930.json
[2025-12-24T13:54:54.040+0000] {logging_mixin.py:188} INFO - Downloaded TSLA/1766583943.json -> /tmp/minio_downloads/1766583943.json
[2025-12-24T13:54:54.058+0000] {logging_mixin.py:188} INFO - Downloaded TSLA/1766583957.json -> /tmp/minio_downloads/1766583957.json
[2025-12-24T13:54:54.083+0000] {logging_mixin.py:188} INFO - Downloaded TSLA/1766583970.json -> /tmp/minio_downloads/1766583970.json
[2025-12-24T13:54:54.104+0000] {logging_mixin.py:188} INFO - Downloaded TSLA/1766583984.json -> /tmp/minio_downloads/1766583984.json
[2025-12-24T13:54:54.124+0000] {logging_mixin.py:188} INFO - Downloaded TSLA/1766583997.json -> /tmp/minio_downloads/1766583997.json
[2025-12-24T13:54:54.145+0000] {logging_mixin.py:188} INFO - Downloaded TSLA/1766584009.json -> /tmp/minio_downloads/1766584009.json
[2025-12-24T13:54:54.166+0000] {logging_mixin.py:188} INFO - Downloaded TSLA/1766584024.json -> /tmp/minio_downloads/1766584024.json
[2025-12-24T13:54:54.205+0000] {logging_mixin.py:188} INFO - Downloaded TSLA/1766584037.json -> /tmp/minio_downloads/1766584037.json
[2025-12-24T13:54:54.250+0000] {logging_mixin.py:188} INFO - Downloaded TSLA/1766584051.json -> /tmp/minio_downloads/1766584051.json
[2025-12-24T13:54:54.273+0000] {logging_mixin.py:188} INFO - Downloaded TSLA/1766584064.json -> /tmp/minio_downloads/1766584064.json
[2025-12-24T13:54:54.297+0000] {logging_mixin.py:188} INFO - Downloaded TSLA/1766584078.json -> /tmp/minio_downloads/1766584078.json
[2025-12-24T13:54:54.317+0000] {logging_mixin.py:188} INFO - Downloaded TSLA/1766584091.json -> /tmp/minio_downloads/1766584091.json
[2025-12-24T13:54:54.340+0000] {logging_mixin.py:188} INFO - Downloaded TSLA/1766584104.json -> /tmp/minio_downloads/1766584104.json
[2025-12-24T13:54:54.371+0000] {logging_mixin.py:188} INFO - Downloaded TSLA/1766584118.json -> /tmp/minio_downloads/1766584118.json
[2025-12-24T13:54:54.418+0000] {logging_mixin.py:188} INFO - Downloaded TSLA/1766584132.json -> /tmp/minio_downloads/1766584132.json
[2025-12-24T13:54:54.449+0000] {logging_mixin.py:188} INFO - Downloaded TSLA/1766584144.json -> /tmp/minio_downloads/1766584144.json
[2025-12-24T13:54:54.480+0000] {logging_mixin.py:188} INFO - Downloaded TSLA/1766584158.json -> /tmp/minio_downloads/1766584158.json
[2025-12-24T13:54:54.507+0000] {logging_mixin.py:188} INFO - Downloaded TSLA/1766584171.json -> /tmp/minio_downloads/1766584171.json
[2025-12-24T13:54:54.529+0000] {logging_mixin.py:188} INFO - Downloaded TSLA/1766584185.json -> /tmp/minio_downloads/1766584185.json
[2025-12-24T13:54:54.555+0000] {logging_mixin.py:188} INFO - Downloaded TSLA/1766584199.json -> /tmp/minio_downloads/1766584199.json
[2025-12-24T13:54:54.573+0000] {logging_mixin.py:188} INFO - Downloaded TSLA/1766584213.json -> /tmp/minio_downloads/1766584213.json
[2025-12-24T13:54:54.592+0000] {logging_mixin.py:188} INFO - Downloaded TSLA/1766584226.json -> /tmp/minio_downloads/1766584226.json
[2025-12-24T13:54:54.613+0000] {logging_mixin.py:188} INFO - Downloaded TSLA/1766584240.json -> /tmp/minio_downloads/1766584240.json
[2025-12-24T13:54:54.637+0000] {logging_mixin.py:188} INFO - Downloaded TSLA/1766584252.json -> /tmp/minio_downloads/1766584252.json
[2025-12-24T13:54:54.662+0000] {logging_mixin.py:188} INFO - Downloaded TSLA/1766584265.json -> /tmp/minio_downloads/1766584265.json
[2025-12-24T13:54:54.683+0000] {logging_mixin.py:188} INFO - Downloaded TSLA/1766584279.json -> /tmp/minio_downloads/1766584279.json
[2025-12-24T13:54:54.702+0000] {logging_mixin.py:188} INFO - Downloaded TSLA/1766584292.json -> /tmp/minio_downloads/1766584292.json
[2025-12-24T13:54:54.722+0000] {logging_mixin.py:188} INFO - Downloaded TSLA/1766584306.json -> /tmp/minio_downloads/1766584306.json
[2025-12-24T13:54:54.765+0000] {logging_mixin.py:188} INFO - Downloaded TSLA/1766584320.json -> /tmp/minio_downloads/1766584320.json
[2025-12-24T13:54:54.787+0000] {logging_mixin.py:188} INFO - Downloaded TSLA/1766584334.json -> /tmp/minio_downloads/1766584334.json
[2025-12-24T13:54:54.935+0000] {logging_mixin.py:188} INFO - Downloaded TSLA/1766584348.json -> /tmp/minio_downloads/1766584348.json
[2025-12-24T13:54:54.976+0000] {logging_mixin.py:188} INFO - Downloaded TSLA/1766584363.json -> /tmp/minio_downloads/1766584363.json
[2025-12-24T13:54:55.022+0000] {logging_mixin.py:188} INFO - Downloaded TSLA/1766584377.json -> /tmp/minio_downloads/1766584377.json
[2025-12-24T13:54:55.050+0000] {logging_mixin.py:188} INFO - Downloaded TSLA/1766584390.json -> /tmp/minio_downloads/1766584390.json
[2025-12-24T13:54:55.074+0000] {logging_mixin.py:188} INFO - Downloaded TSLA/1766584403.json -> /tmp/minio_downloads/1766584403.json
[2025-12-24T13:54:55.098+0000] {logging_mixin.py:188} INFO - Downloaded TSLA/1766584416.json -> /tmp/minio_downloads/1766584416.json
[2025-12-24T13:54:55.119+0000] {logging_mixin.py:188} INFO - Downloaded TSLA/1766584429.json -> /tmp/minio_downloads/1766584429.json
[2025-12-24T13:54:55.137+0000] {logging_mixin.py:188} INFO - Downloaded TSLA/1766584442.json -> /tmp/minio_downloads/1766584442.json
[2025-12-24T13:54:55.154+0000] {logging_mixin.py:188} INFO - Downloaded TSLA/1766584455.json -> /tmp/minio_downloads/1766584455.json
[2025-12-24T13:54:55.170+0000] {logging_mixin.py:188} INFO - Downloaded TSLA/1766584468.json -> /tmp/minio_downloads/1766584468.json
[2025-12-24T13:54:55.190+0000] {logging_mixin.py:188} INFO - Downloaded TSLA/1766584481.json -> /tmp/minio_downloads/1766584481.json
[2025-12-24T13:54:55.193+0000] {python.py:237} INFO - Done. Returned value was: ['/tmp/minio_downloads/1766583258.json', '/tmp/minio_downloads/1766583273.json', '/tmp/minio_downloads/1766583286.json', '/tmp/minio_downloads/1766583299.json', '/tmp/minio_downloads/1766583313.json', '/tmp/minio_downloads/1766583326.json', '/tmp/minio_downloads/1766583339.json', '/tmp/minio_downloads/1766583352.json', '/tmp/minio_downloads/1766583365.json', '/tmp/minio_downloads/1766583378.json', '/tmp/minio_downloads/1766583391.json', '/tmp/minio_downloads/1766583405.json', '/tmp/minio_downloads/1766583419.json', '/tmp/minio_downloads/1766583434.json', '/tmp/minio_downloads/1766583447.json', '/tmp/minio_downloads/1766583459.json', '/tmp/minio_downloads/1766583472.json', '/tmp/minio_downloads/1766583485.json', '/tmp/minio_downloads/1766583498.json', '/tmp/minio_downloads/1766583511.json', '/tmp/minio_downloads/1766583524.json', '/tmp/minio_downloads/1766583538.json', '/tmp/minio_downloads/1766583551.json', '/tmp/minio_downloads/1766583564.json', '/tmp/minio_downloads/1766583577.json', '/tmp/minio_downloads/1766583592.json', '/tmp/minio_downloads/1766583607.json', '/tmp/minio_downloads/1766583621.json', '/tmp/minio_downloads/1766583634.json', '/tmp/minio_downloads/1766583648.json', '/tmp/minio_downloads/1766583660.json', '/tmp/minio_downloads/1766583674.json', '/tmp/minio_downloads/1766583687.json', '/tmp/minio_downloads/1766583701.json', '/tmp/minio_downloads/1766583714.json', '/tmp/minio_downloads/1766583727.json', '/tmp/minio_downloads/1766583741.json', '/tmp/minio_downloads/1766583755.json', '/tmp/minio_downloads/1766583768.json', '/tmp/minio_downloads/1766583782.json', '/tmp/minio_downloads/1766583795.json', '/tmp/minio_downloads/1766583809.json', '/tmp/minio_downloads/1766583822.json', '/tmp/minio_downloads/1766583837.json', '/tmp/minio_downloads/1766583850.json', '/tmp/minio_downloads/1766583863.json', '/tmp/minio_downloads/1766583876.json', '/tmp/minio_downloads/1766583888.json', '/tmp/minio_downloads/1766583901.json', '/tmp/minio_downloads/1766583914.json', '/tmp/minio_downloads/1766583927.json', '/tmp/minio_downloads/1766583940.json', '/tmp/minio_downloads/1766583954.json', '/tmp/minio_downloads/1766583967.json', '/tmp/minio_downloads/1766583981.json', '/tmp/minio_downloads/1766583994.json', '/tmp/minio_downloads/1766584007.json', '/tmp/minio_downloads/1766584020.json', '/tmp/minio_downloads/1766584034.json', '/tmp/minio_downloads/1766584048.json', '/tmp/minio_downloads/1766584062.json', '/tmp/minio_downloads/1766584075.json', '/tmp/minio_downloads/1766584088.json', '/tmp/minio_downloads/1766584101.json', '/tmp/minio_downloads/1766584114.json', '/tmp/minio_downloads/1766584129.json', '/tmp/minio_downloads/1766584141.json', '/tmp/minio_downloads/1766584155.json', '/tmp/minio_downloads/1766584168.json', '/tmp/minio_downloads/1766584181.json', '/tmp/minio_downloads/1766584196.json', '/tmp/minio_downloads/1766584210.json', '/tmp/minio_downloads/1766584223.json', '/tmp/minio_downloads/1766584237.json', '/tmp/minio_downloads/1766584250.json', '/tmp/minio_downloads/1766584262.json', '/tmp/minio_downloads/1766584276.json', '/tmp/minio_downloads/1766584289.json', '/tmp/minio_downloads/1766584303.json', '/tmp/minio_downloads/1766584316.json', '/tmp/minio_downloads/1766584331.json', '/tmp/minio_downloads/1766584344.json', '/tmp/minio_downloads/1766584359.json', '/tmp/minio_downloads/1766584373.json', '/tmp/minio_downloads/1766584387.json', '/tmp/minio_downloads/1766584400.json', '/tmp/minio_downloads/1766584413.json', '/tmp/minio_downloads/1766584426.json', '/tmp/minio_downloads/1766584439.json', '/tmp/minio_downloads/1766584452.json', '/tmp/minio_downloads/1766584465.json', '/tmp/minio_downloads/1766584479.json', '/tmp/minio_downloads/1766583266.json', '/tmp/minio_downloads/1766583278.json', '/tmp/minio_downloads/1766583292.json', '/tmp/minio_downloads/1766583305.json', '/tmp/minio_downloads/1766583318.json', '/tmp/minio_downloads/1766583332.json', '/tmp/minio_downloads/1766583345.json', '/tmp/minio_downloads/1766583358.json', '/tmp/minio_downloads/1766583371.json', '/tmp/minio_downloads/1766583384.json', '/tmp/minio_downloads/1766583398.json', '/tmp/minio_downloads/1766583411.json', '/tmp/minio_downloads/1766583426.json', '/tmp/minio_downloads/1766583439.json', '/tmp/minio_downloads/1766583452.json', '/tmp/minio_downloads/1766583464.json', '/tmp/minio_downloads/1766583477.json', '/tmp/minio_downloads/1766583491.json', '/tmp/minio_downloads/1766583503.json', '/tmp/minio_downloads/1766583517.json', '/tmp/minio_downloads/1766583530.json', '/tmp/minio_downloads/1766583543.json', '/tmp/minio_downloads/1766583556.json', '/tmp/minio_downloads/1766583570.json', '/tmp/minio_downloads/1766583584.json', '/tmp/minio_downloads/1766583599.json', '/tmp/minio_downloads/1766583613.json', '/tmp/minio_downloads/1766583626.json', '/tmp/minio_downloads/1766583640.json', '/tmp/minio_downloads/1766583653.json', '/tmp/minio_downloads/1766583666.json', '/tmp/minio_downloads/1766583680.json', '/tmp/minio_downloads/1766583694.json', '/tmp/minio_downloads/1766583707.json', '/tmp/minio_downloads/1766583720.json', '/tmp/minio_downloads/1766583734.json', '/tmp/minio_downloads/1766583747.json', '/tmp/minio_downloads/1766583761.json', '/tmp/minio_downloads/1766583774.json', '/tmp/minio_downloads/1766583788.json', '/tmp/minio_downloads/1766583801.json', '/tmp/minio_downloads/1766583815.json', '/tmp/minio_downloads/1766583829.json', '/tmp/minio_downloads/1766583843.json', '/tmp/minio_downloads/1766583856.json', '/tmp/minio_downloads/1766583868.json', '/tmp/minio_downloads/1766583881.json', '/tmp/minio_downloads/1766583893.json', '/tmp/minio_downloads/1766583906.json', '/tmp/minio_downloads/1766583920.json', '/tmp/minio_downloads/1766583933.json', '/tmp/minio_downloads/1766583947.json', '/tmp/minio_downloads/1766583960.json', '/tmp/minio_downloads/1766583974.json', '/tmp/minio_downloads/1766583987.json', '/tmp/minio_downloads/1766583999.json', '/tmp/minio_downloads/1766584012.json', '/tmp/minio_downloads/1766584027.json', '/tmp/minio_downloads/1766584040.json', '/tmp/minio_downloads/1766584054.json', '/tmp/minio_downloads/1766584067.json', '/tmp/minio_downloads/1766584081.json', '/tmp/minio_downloads/1766584094.json', '/tmp/minio_downloads/1766584107.json', '/tmp/minio_downloads/1766584121.json', '/tmp/minio_downloads/1766584134.json', '/tmp/minio_downloads/1766584148.json', '/tmp/minio_downloads/1766584161.json', '/tmp/minio_downloads/1766584173.json', '/tmp/minio_downloads/1766584188.json', '/tmp/minio_downloads/1766584202.json', '/tmp/minio_downloads/1766584215.json', '/tmp/minio_downloads/1766584229.json', '/tmp/minio_downloads/1766584242.json', '/tmp/minio_downloads/1766584255.json', '/tmp/minio_downloads/1766584268.json', '/tmp/minio_downloads/1766584282.json', '/tmp/minio_downloads/1766584295.json', '/tmp/minio_downloads/1766584309.json', '/tmp/minio_downloads/1766584323.json', '/tmp/minio_downloads/1766584336.json', '/tmp/minio_downloads/1766584352.json', '/tmp/minio_downloads/1766584366.json', '/tmp/minio_downloads/1766584380.json', '/tmp/minio_downloads/1766584393.json', '/tmp/minio_downloads/1766584406.json', '/tmp/minio_downloads/1766584419.json', '/tmp/minio_downloads/1766584432.json', '/tmp/minio_downloads/1766584445.json', '/tmp/minio_downloads/1766584458.json', '/tmp/minio_downloads/1766584471.json', '/tmp/minio_downloads/1766583264.json', '/tmp/minio_downloads/1766583277.json', '/tmp/minio_downloads/1766583291.json', '/tmp/minio_downloads/1766583304.json', '/tmp/minio_downloads/1766583316.json', '/tmp/minio_downloads/1766583330.json', '/tmp/minio_downloads/1766583343.json', '/tmp/minio_downloads/1766583356.json', '/tmp/minio_downloads/1766583370.json', '/tmp/minio_downloads/1766583383.json', '/tmp/minio_downloads/1766583396.json', '/tmp/minio_downloads/1766583410.json', '/tmp/minio_downloads/1766583425.json', '/tmp/minio_downloads/1766583438.json', '/tmp/minio_downloads/1766583451.json', '/tmp/minio_downloads/1766583463.json', '/tmp/minio_downloads/1766583476.json', '/tmp/minio_downloads/1766583489.json', '/tmp/minio_downloads/1766583502.json', '/tmp/minio_downloads/1766583515.json', '/tmp/minio_downloads/1766583528.json', '/tmp/minio_downloads/1766583542.json', '/tmp/minio_downloads/1766583555.json', '/tmp/minio_downloads/1766583568.json', '/tmp/minio_downloads/1766583583.json', '/tmp/minio_downloads/1766583597.json', '/tmp/minio_downloads/1766583611.json', '/tmp/minio_downloads/1766583625.json', '/tmp/minio_downloads/1766583638.json', '/tmp/minio_downloads/1766583652.json', '/tmp/minio_downloads/1766583664.json', '/tmp/minio_downloads/1766583678.json', '/tmp/minio_downloads/1766583692.json', '/tmp/minio_downloads/1766583705.json', '/tmp/minio_downloads/1766583718.json', '/tmp/minio_downloads/1766583732.json', '/tmp/minio_downloads/1766583745.json', '/tmp/minio_downloads/1766583759.json', '/tmp/minio_downloads/1766583773.json', '/tmp/minio_downloads/1766583787.json', '/tmp/minio_downloads/1766583800.json', '/tmp/minio_downloads/1766583814.json', '/tmp/minio_downloads/1766583828.json', '/tmp/minio_downloads/1766583841.json', '/tmp/minio_downloads/1766583855.json', '/tmp/minio_downloads/1766583867.json', '/tmp/minio_downloads/1766583880.json', '/tmp/minio_downloads/1766583892.json', '/tmp/minio_downloads/1766583904.json', '/tmp/minio_downloads/1766583918.json', '/tmp/minio_downloads/1766583932.json', '/tmp/minio_downloads/1766583945.json', '/tmp/minio_downloads/1766583958.json', '/tmp/minio_downloads/1766583972.json', '/tmp/minio_downloads/1766583986.json', '/tmp/minio_downloads/1766583998.json', '/tmp/minio_downloads/1766584011.json', '/tmp/minio_downloads/1766584025.json', '/tmp/minio_downloads/1766584039.json', '/tmp/minio_downloads/1766584053.json', '/tmp/minio_downloads/1766584066.json', '/tmp/minio_downloads/1766584079.json', '/tmp/minio_downloads/1766584093.json', '/tmp/minio_downloads/1766584105.json', '/tmp/minio_downloads/1766584120.json', '/tmp/minio_downloads/1766584133.json', '/tmp/minio_downloads/1766584146.json', '/tmp/minio_downloads/1766584159.json', '/tmp/minio_downloads/1766584172.json', '/tmp/minio_downloads/1766584187.json', '/tmp/minio_downloads/1766584201.json', '/tmp/minio_downloads/1766584214.json', '/tmp/minio_downloads/1766584228.json', '/tmp/minio_downloads/1766584241.json', '/tmp/minio_downloads/1766584254.json', '/tmp/minio_downloads/1766584266.json', '/tmp/minio_downloads/1766584280.json', '/tmp/minio_downloads/1766584294.json', '/tmp/minio_downloads/1766584307.json', '/tmp/minio_downloads/1766584321.json', '/tmp/minio_downloads/1766584335.json', '/tmp/minio_downloads/1766584350.json', '/tmp/minio_downloads/1766584364.json', '/tmp/minio_downloads/1766584378.json', '/tmp/minio_downloads/1766584391.json', '/tmp/minio_downloads/1766584404.json', '/tmp/minio_downloads/1766584417.json', '/tmp/minio_downloads/1766584430.json', '/tmp/minio_downloads/1766584443.json', '/tmp/minio_downloads/1766584457.json', '/tmp/minio_downloads/1766584469.json', '/tmp/minio_downloads/1766584483.json', '/tmp/minio_downloads/1766583260.json', '/tmp/minio_downloads/1766583275.json', '/tmp/minio_downloads/1766583288.json', '/tmp/minio_downloads/1766583301.json', '/tmp/minio_downloads/1766583314.json', '/tmp/minio_downloads/1766583327.json', '/tmp/minio_downloads/1766583341.json', '/tmp/minio_downloads/1766583354.json', '/tmp/minio_downloads/1766583366.json', '/tmp/minio_downloads/1766583380.json', '/tmp/minio_downloads/1766583393.json', '/tmp/minio_downloads/1766583407.json', '/tmp/minio_downloads/1766583420.json', '/tmp/minio_downloads/1766583436.json', '/tmp/minio_downloads/1766583448.json', '/tmp/minio_downloads/1766583461.json', '/tmp/minio_downloads/1766583473.json', '/tmp/minio_downloads/1766583487.json', '/tmp/minio_downloads/1766583499.json', '/tmp/minio_downloads/1766583513.json', '/tmp/minio_downloads/1766583525.json', '/tmp/minio_downloads/1766583539.json', '/tmp/minio_downloads/1766583552.json', '/tmp/minio_downloads/1766583565.json', '/tmp/minio_downloads/1766583579.json', '/tmp/minio_downloads/1766583593.json', '/tmp/minio_downloads/1766583608.json', '/tmp/minio_downloads/1766583622.json', '/tmp/minio_downloads/1766583635.json', '/tmp/minio_downloads/1766583649.json', '/tmp/minio_downloads/1766583662.json', '/tmp/minio_downloads/1766583675.json', '/tmp/minio_downloads/1766583689.json', '/tmp/minio_downloads/1766583703.json', '/tmp/minio_downloads/1766583715.json', '/tmp/minio_downloads/1766583729.json', '/tmp/minio_downloads/1766583743.json', '/tmp/minio_downloads/1766583756.json', '/tmp/minio_downloads/1766583770.json', '/tmp/minio_downloads/1766583784.json', '/tmp/minio_downloads/1766583797.json', '/tmp/minio_downloads/1766583810.json', '/tmp/minio_downloads/1766583824.json', '/tmp/minio_downloads/1766583838.json', '/tmp/minio_downloads/1766583852.json', '/tmp/minio_downloads/1766583864.json', '/tmp/minio_downloads/1766583877.json', '/tmp/minio_downloads/1766583890.json', '/tmp/minio_downloads/1766583902.json', '/tmp/minio_downloads/1766583915.json', '/tmp/minio_downloads/1766583929.json', '/tmp/minio_downloads/1766583942.json', '/tmp/minio_downloads/1766583955.json', '/tmp/minio_downloads/1766583969.json', '/tmp/minio_downloads/1766583983.json', '/tmp/minio_downloads/1766583995.json', '/tmp/minio_downloads/1766584008.json', '/tmp/minio_downloads/1766584022.json', '/tmp/minio_downloads/1766584036.json', '/tmp/minio_downloads/1766584049.json', '/tmp/minio_downloads/1766584063.json', '/tmp/minio_downloads/1766584077.json', '/tmp/minio_downloads/1766584090.json', '/tmp/minio_downloads/1766584103.json', '/tmp/minio_downloads/1766584116.json', '/tmp/minio_downloads/1766584130.json', '/tmp/minio_downloads/1766584143.json', '/tmp/minio_downloads/1766584156.json', '/tmp/minio_downloads/1766584169.json', '/tmp/minio_downloads/1766584183.json', '/tmp/minio_downloads/1766584197.json', '/tmp/minio_downloads/1766584211.json', '/tmp/minio_downloads/1766584225.json', '/tmp/minio_downloads/1766584238.json', '/tmp/minio_downloads/1766584251.json', '/tmp/minio_downloads/1766584264.json', '/tmp/minio_downloads/1766584277.json', '/tmp/minio_downloads/1766584291.json', '/tmp/minio_downloads/1766584304.json', '/tmp/minio_downloads/1766584318.json', '/tmp/minio_downloads/1766584332.json', '/tmp/minio_downloads/1766584346.json', '/tmp/minio_downloads/1766584361.json', '/tmp/minio_downloads/1766584375.json', '/tmp/minio_downloads/1766584389.json', '/tmp/minio_downloads/1766584401.json', '/tmp/minio_downloads/1766584414.json', '/tmp/minio_downloads/1766584427.json', '/tmp/minio_downloads/1766584441.json', '/tmp/minio_downloads/1766584454.json', '/tmp/minio_downloads/1766584467.json', '/tmp/minio_downloads/1766584480.json', '/tmp/minio_downloads/1766583262.json', '/tmp/minio_downloads/1766583276.json', '/tmp/minio_downloads/1766583289.json', '/tmp/minio_downloads/1766583302.json', '/tmp/minio_downloads/1766583315.json', '/tmp/minio_downloads/1766583329.json', '/tmp/minio_downloads/1766583342.json', '/tmp/minio_downloads/1766583355.json', '/tmp/minio_downloads/1766583368.json', '/tmp/minio_downloads/1766583381.json', '/tmp/minio_downloads/1766583394.json', '/tmp/minio_downloads/1766583408.json', '/tmp/minio_downloads/1766583422.json', '/tmp/minio_downloads/1766583437.json', '/tmp/minio_downloads/1766583449.json', '/tmp/minio_downloads/1766583462.json', '/tmp/minio_downloads/1766583474.json', '/tmp/minio_downloads/1766583488.json', '/tmp/minio_downloads/1766583501.json', '/tmp/minio_downloads/1766583514.json', '/tmp/minio_downloads/1766583527.json', '/tmp/minio_downloads/1766583541.json', '/tmp/minio_downloads/1766583553.json', '/tmp/minio_downloads/1766583567.json', '/tmp/minio_downloads/1766583582.json', '/tmp/minio_downloads/1766583595.json', '/tmp/minio_downloads/1766583609.json', '/tmp/minio_downloads/1766583623.json', '/tmp/minio_downloads/1766583637.json', '/tmp/minio_downloads/1766583650.json', '/tmp/minio_downloads/1766583663.json', '/tmp/minio_downloads/1766583677.json', '/tmp/minio_downloads/1766583690.json', '/tmp/minio_downloads/1766583704.json', '/tmp/minio_downloads/1766583717.json', '/tmp/minio_downloads/1766583730.json', '/tmp/minio_downloads/1766583744.json', '/tmp/minio_downloads/1766583758.json', '/tmp/minio_downloads/1766583771.json', '/tmp/minio_downloads/1766583785.json', '/tmp/minio_downloads/1766583798.json', '/tmp/minio_downloads/1766583812.json', '/tmp/minio_downloads/1766583826.json', '/tmp/minio_downloads/1766583840.json', '/tmp/minio_downloads/1766583853.json', '/tmp/minio_downloads/1766583866.json', '/tmp/minio_downloads/1766583879.json', '/tmp/minio_downloads/1766583891.json', '/tmp/minio_downloads/1766583903.json', '/tmp/minio_downloads/1766583917.json', '/tmp/minio_downloads/1766583930.json', '/tmp/minio_downloads/1766583943.json', '/tmp/minio_downloads/1766583957.json', '/tmp/minio_downloads/1766583970.json', '/tmp/minio_downloads/1766583984.json', '/tmp/minio_downloads/1766583997.json', '/tmp/minio_downloads/1766584009.json', '/tmp/minio_downloads/1766584024.json', '/tmp/minio_downloads/1766584037.json', '/tmp/minio_downloads/1766584051.json', '/tmp/minio_downloads/1766584064.json', '/tmp/minio_downloads/1766584078.json', '/tmp/minio_downloads/1766584091.json', '/tmp/minio_downloads/1766584104.json', '/tmp/minio_downloads/1766584118.json', '/tmp/minio_downloads/1766584132.json', '/tmp/minio_downloads/1766584144.json', '/tmp/minio_downloads/1766584158.json', '/tmp/minio_downloads/1766584171.json', '/tmp/minio_downloads/1766584185.json', '/tmp/minio_downloads/1766584199.json', '/tmp/minio_downloads/1766584213.json', '/tmp/minio_downloads/1766584226.json', '/tmp/minio_downloads/1766584240.json', '/tmp/minio_downloads/1766584252.json', '/tmp/minio_downloads/1766584265.json', '/tmp/minio_downloads/1766584279.json', '/tmp/minio_downloads/1766584292.json', '/tmp/minio_downloads/1766584306.json', '/tmp/minio_downloads/1766584320.json', '/tmp/minio_downloads/1766584334.json', '/tmp/minio_downloads/1766584348.json', '/tmp/minio_downloads/1766584363.json', '/tmp/minio_downloads/1766584377.json', '/tmp/minio_downloads/1766584390.json', '/tmp/minio_downloads/1766584403.json', '/tmp/minio_downloads/1766584416.json', '/tmp/minio_downloads/1766584429.json', '/tmp/minio_downloads/1766584442.json', '/tmp/minio_downloads/1766584455.json', '/tmp/minio_downloads/1766584468.json', '/tmp/minio_downloads/1766584481.json']
[2025-12-24T13:54:55.201+0000] {taskinstance.py:441} INFO - ::group::Post task execution logs
[2025-12-24T13:54:55.270+0000] {taskinstance.py:1206} INFO - Marking task as SUCCESS. dag_id=minio_to_snowflake, task_id=download_minio, run_id=scheduled__2025-12-24T13:53:00+00:00, execution_date=20251224T135300, start_date=20251224T135442, end_date=20251224T135455
[2025-12-24T13:54:55.378+0000] {local_task_job_runner.py:243} INFO - Task exited with return code 0
[2025-12-24T13:54:55.446+0000] {taskinstance.py:3503} INFO - 1 downstream tasks scheduled from follow-on schedule check
[2025-12-24T13:54:55.453+0000] {local_task_job_runner.py:222} INFO - ::endgroup::
