[2025-12-26T09:58:09.310+0000] {local_task_job_runner.py:120} INFO - ::group::Pre task execution logs
[2025-12-26T09:58:09.385+0000] {taskinstance.py:2076} INFO - Dependencies all met for dep_context=non-requeueable deps ti=<TaskInstance: minio_to_snowflake.load_snowflake scheduled__2025-12-26T09:33:00+00:00 [None]>
[2025-12-26T09:58:09.404+0000] {taskinstance.py:2076} INFO - Dependencies all met for dep_context=requeueable deps ti=<TaskInstance: minio_to_snowflake.load_snowflake scheduled__2025-12-26T09:33:00+00:00 [None]>
[2025-12-26T09:58:09.406+0000] {taskinstance.py:2306} INFO - Starting attempt 1 of 2
[2025-12-26T09:58:09.437+0000] {taskinstance.py:2330} INFO - Executing <Task(PythonOperator): load_snowflake> on 2025-12-26 09:33:00+00:00
[2025-12-26T09:58:09.471+0000] {standard_task_runner.py:90} INFO - Running: ['***', 'tasks', 'run', 'minio_to_snowflake', 'load_snowflake', 'scheduled__2025-12-26T09:33:00+00:00', '--job-id', '115', '--raw', '--subdir', 'DAGS_FOLDER/minio_to_snowflake.py', '--cfg-path', '/tmp/tmp08i6wvav']
[2025-12-26T09:58:09.480+0000] {logging_mixin.py:188} WARNING - /home/***/.local/lib/python3.12/site-packages/***/task/task_runner/standard_task_runner.py:62 DeprecationWarning: This process (pid=8167) is multi-threaded, use of fork() may lead to deadlocks in the child.
[2025-12-26T09:58:09.481+0000] {standard_task_runner.py:91} INFO - Job 115: Subtask load_snowflake
[2025-12-26T09:58:09.482+0000] {standard_task_runner.py:64} INFO - Started process 8184 to run task
[2025-12-26T09:58:09.659+0000] {task_command.py:426} INFO - Running <TaskInstance: minio_to_snowflake.load_snowflake scheduled__2025-12-26T09:33:00+00:00 [running]> on host a29b2270dc41
[2025-12-26T09:58:09.909+0000] {taskinstance.py:2648} INFO - Exporting env vars: AIRFLOW_CTX_DAG_OWNER='***' AIRFLOW_CTX_DAG_ID='minio_to_snowflake' AIRFLOW_CTX_TASK_ID='load_snowflake' AIRFLOW_CTX_EXECUTION_DATE='2025-12-26T09:33:00+00:00' AIRFLOW_CTX_TRY_NUMBER='1' AIRFLOW_CTX_DAG_RUN_ID='scheduled__2025-12-26T09:33:00+00:00'
[2025-12-26T09:58:09.912+0000] {taskinstance.py:430} INFO - ::endgroup::
[2025-12-26T09:58:10.129+0000] {connection.py:610} INFO - Snowflake Connector for Python Version: 4.1.1, Python Version: 3.12.4, Platform: Linux-6.6.87.2-microsoft-standard-WSL2-x86_64-with-glibc2.36
[2025-12-26T09:58:10.132+0000] {connection.py:1693} INFO - Connecting to GLOBAL Snowflake domain
[2025-12-26T09:58:14.242+0000] {logging_mixin.py:188} INFO - Uploaded /tmp/minio_downloads/1766728889.json to Snowflake stage
[2025-12-26T09:58:14.600+0000] {logging_mixin.py:188} INFO - Uploaded /tmp/minio_downloads/1766728900.json to Snowflake stage
[2025-12-26T09:58:15.053+0000] {logging_mixin.py:188} INFO - Uploaded /tmp/minio_downloads/1766728911.json to Snowflake stage
[2025-12-26T09:58:15.462+0000] {logging_mixin.py:188} INFO - Uploaded /tmp/minio_downloads/1766728923.json to Snowflake stage
[2025-12-26T09:58:15.769+0000] {logging_mixin.py:188} INFO - Uploaded /tmp/minio_downloads/1766728935.json to Snowflake stage
[2025-12-26T09:58:16.167+0000] {logging_mixin.py:188} INFO - Uploaded /tmp/minio_downloads/1766728947.json to Snowflake stage
[2025-12-26T09:58:16.578+0000] {logging_mixin.py:188} INFO - Uploaded /tmp/minio_downloads/1766728960.json to Snowflake stage
[2025-12-26T09:58:16.989+0000] {logging_mixin.py:188} INFO - Uploaded /tmp/minio_downloads/1766728972.json to Snowflake stage
[2025-12-26T09:58:17.398+0000] {logging_mixin.py:188} INFO - Uploaded /tmp/minio_downloads/1766728984.json to Snowflake stage
[2025-12-26T09:58:17.807+0000] {logging_mixin.py:188} INFO - Uploaded /tmp/minio_downloads/1766728995.json to Snowflake stage
[2025-12-26T09:58:18.223+0000] {logging_mixin.py:188} INFO - Uploaded /tmp/minio_downloads/1766729007.json to Snowflake stage
[2025-12-26T09:58:18.759+0000] {logging_mixin.py:188} INFO - Uploaded /tmp/minio_downloads/1766729020.json to Snowflake stage
[2025-12-26T09:58:19.140+0000] {logging_mixin.py:188} INFO - Uploaded /tmp/minio_downloads/1766729032.json to Snowflake stage
[2025-12-26T09:58:19.548+0000] {logging_mixin.py:188} INFO - Uploaded /tmp/minio_downloads/1766729044.json to Snowflake stage
[2025-12-26T09:58:19.958+0000] {logging_mixin.py:188} INFO - Uploaded /tmp/minio_downloads/1766729057.json to Snowflake stage
[2025-12-26T09:58:20.369+0000] {logging_mixin.py:188} INFO - Uploaded /tmp/minio_downloads/1766729070.json to Snowflake stage
[2025-12-26T09:58:20.777+0000] {logging_mixin.py:188} INFO - Uploaded /tmp/minio_downloads/1766729083.json to Snowflake stage
[2025-12-26T09:58:21.187+0000] {logging_mixin.py:188} INFO - Uploaded /tmp/minio_downloads/1766729095.json to Snowflake stage
[2025-12-26T09:58:21.598+0000] {logging_mixin.py:188} INFO - Uploaded /tmp/minio_downloads/1766729109.json to Snowflake stage
[2025-12-26T09:58:22.007+0000] {logging_mixin.py:188} INFO - Uploaded /tmp/minio_downloads/1766729122.json to Snowflake stage
[2025-12-26T09:58:22.418+0000] {logging_mixin.py:188} INFO - Uploaded /tmp/minio_downloads/1766729135.json to Snowflake stage
[2025-12-26T09:58:22.827+0000] {logging_mixin.py:188} INFO - Uploaded /tmp/minio_downloads/1766729147.json to Snowflake stage
[2025-12-26T09:58:23.236+0000] {logging_mixin.py:188} INFO - Uploaded /tmp/minio_downloads/1766729160.json to Snowflake stage
[2025-12-26T09:58:23.562+0000] {logging_mixin.py:188} INFO - Uploaded /tmp/minio_downloads/1766729172.json to Snowflake stage
[2025-12-26T09:58:23.954+0000] {logging_mixin.py:188} INFO - Uploaded /tmp/minio_downloads/1766729185.json to Snowflake stage
[2025-12-26T09:58:24.363+0000] {logging_mixin.py:188} INFO - Uploaded /tmp/minio_downloads/1766729199.json to Snowflake stage
[2025-12-26T09:58:24.775+0000] {logging_mixin.py:188} INFO - Uploaded /tmp/minio_downloads/1766729212.json to Snowflake stage
[2025-12-26T09:58:25.184+0000] {logging_mixin.py:188} INFO - Uploaded /tmp/minio_downloads/1766729225.json to Snowflake stage
[2025-12-26T09:58:25.593+0000] {logging_mixin.py:188} INFO - Uploaded /tmp/minio_downloads/1766729238.json to Snowflake stage
[2025-12-26T09:58:26.003+0000] {logging_mixin.py:188} INFO - Uploaded /tmp/minio_downloads/1766729250.json to Snowflake stage
[2025-12-26T09:58:26.413+0000] {logging_mixin.py:188} INFO - Uploaded /tmp/minio_downloads/1766729263.json to Snowflake stage
[2025-12-26T09:58:26.821+0000] {logging_mixin.py:188} INFO - Uploaded /tmp/minio_downloads/1766729277.json to Snowflake stage
[2025-12-26T09:58:27.232+0000] {logging_mixin.py:188} INFO - Uploaded /tmp/minio_downloads/1766729289.json to Snowflake stage
[2025-12-26T09:58:27.642+0000] {logging_mixin.py:188} INFO - Uploaded /tmp/minio_downloads/1766729301.json to Snowflake stage
[2025-12-26T09:58:28.051+0000] {logging_mixin.py:188} INFO - Uploaded /tmp/minio_downloads/1766729313.json to Snowflake stage
[2025-12-26T09:58:28.462+0000] {logging_mixin.py:188} INFO - Uploaded /tmp/minio_downloads/1766729326.json to Snowflake stage
[2025-12-26T09:58:28.872+0000] {logging_mixin.py:188} INFO - Uploaded /tmp/minio_downloads/1766729338.json to Snowflake stage
[2025-12-26T09:58:29.280+0000] {logging_mixin.py:188} INFO - Uploaded /tmp/minio_downloads/1766729351.json to Snowflake stage
[2025-12-26T09:58:29.692+0000] {logging_mixin.py:188} INFO - Uploaded /tmp/minio_downloads/1766729363.json to Snowflake stage
[2025-12-26T09:58:30.204+0000] {logging_mixin.py:188} INFO - Uploaded /tmp/minio_downloads/1766729376.json to Snowflake stage
[2025-12-26T09:58:30.612+0000] {logging_mixin.py:188} INFO - Uploaded /tmp/minio_downloads/1766729388.json to Snowflake stage
[2025-12-26T09:58:31.022+0000] {logging_mixin.py:188} INFO - Uploaded /tmp/minio_downloads/1766729401.json to Snowflake stage
[2025-12-26T09:58:31.413+0000] {logging_mixin.py:188} INFO - Uploaded /tmp/minio_downloads/1766729413.json to Snowflake stage
[2025-12-26T09:58:31.842+0000] {logging_mixin.py:188} INFO - Uploaded /tmp/minio_downloads/1766729425.json to Snowflake stage
[2025-12-26T09:58:32.251+0000] {logging_mixin.py:188} INFO - Uploaded /tmp/minio_downloads/1766729438.json to Snowflake stage
[2025-12-26T09:58:32.661+0000] {logging_mixin.py:188} INFO - Uploaded /tmp/minio_downloads/1766729450.json to Snowflake stage
[2025-12-26T09:58:32.968+0000] {logging_mixin.py:188} INFO - Uploaded /tmp/minio_downloads/1766729463.json to Snowflake stage
[2025-12-26T09:58:33.482+0000] {logging_mixin.py:188} INFO - Uploaded /tmp/minio_downloads/1766729476.json to Snowflake stage
[2025-12-26T09:58:33.839+0000] {logging_mixin.py:188} INFO - Uploaded /tmp/minio_downloads/1766729489.json to Snowflake stage
[2025-12-26T09:58:34.205+0000] {logging_mixin.py:188} INFO - Uploaded /tmp/minio_downloads/1766729502.json to Snowflake stage
[2025-12-26T09:58:34.811+0000] {logging_mixin.py:188} INFO - Uploaded /tmp/minio_downloads/1766729514.json to Snowflake stage
[2025-12-26T09:58:35.223+0000] {logging_mixin.py:188} INFO - Uploaded /tmp/minio_downloads/1766729526.json to Snowflake stage
[2025-12-26T09:58:35.632+0000] {logging_mixin.py:188} INFO - Uploaded /tmp/minio_downloads/1766729538.json to Snowflake stage
[2025-12-26T09:58:36.059+0000] {logging_mixin.py:188} INFO - Uploaded /tmp/minio_downloads/1766729550.json to Snowflake stage
[2025-12-26T09:58:36.347+0000] {logging_mixin.py:188} INFO - Uploaded /tmp/minio_downloads/1766729563.json to Snowflake stage
[2025-12-26T09:58:36.697+0000] {logging_mixin.py:188} INFO - Uploaded /tmp/minio_downloads/1766729575.json to Snowflake stage
[2025-12-26T09:58:37.065+0000] {logging_mixin.py:188} INFO - Uploaded /tmp/minio_downloads/1766729588.json to Snowflake stage
[2025-12-26T09:58:37.476+0000] {logging_mixin.py:188} INFO - Uploaded /tmp/minio_downloads/1766729600.json to Snowflake stage
[2025-12-26T09:58:37.885+0000] {logging_mixin.py:188} INFO - Uploaded /tmp/minio_downloads/1766729613.json to Snowflake stage
[2025-12-26T09:58:38.294+0000] {logging_mixin.py:188} INFO - Uploaded /tmp/minio_downloads/1766729626.json to Snowflake stage
[2025-12-26T09:58:38.706+0000] {logging_mixin.py:188} INFO - Uploaded /tmp/minio_downloads/1766729638.json to Snowflake stage
[2025-12-26T09:58:39.115+0000] {logging_mixin.py:188} INFO - Uploaded /tmp/minio_downloads/1766729649.json to Snowflake stage
[2025-12-26T09:58:39.940+0000] {logging_mixin.py:188} INFO - Uploaded /tmp/minio_downloads/1766729661.json to Snowflake stage
[2025-12-26T09:58:40.344+0000] {logging_mixin.py:188} INFO - Uploaded /tmp/minio_downloads/1766729673.json to Snowflake stage
[2025-12-26T09:58:40.800+0000] {logging_mixin.py:188} INFO - Uploaded /tmp/minio_downloads/1766729685.json to Snowflake stage
[2025-12-26T09:58:41.164+0000] {logging_mixin.py:188} INFO - Uploaded /tmp/minio_downloads/1766729697.json to Snowflake stage
[2025-12-26T09:58:41.569+0000] {logging_mixin.py:188} INFO - Uploaded /tmp/minio_downloads/1766729709.json to Snowflake stage
[2025-12-26T09:58:41.902+0000] {logging_mixin.py:188} INFO - Uploaded /tmp/minio_downloads/1766729721.json to Snowflake stage
[2025-12-26T09:58:42.290+0000] {logging_mixin.py:188} INFO - Uploaded /tmp/minio_downloads/1766729734.json to Snowflake stage
[2025-12-26T09:58:42.701+0000] {logging_mixin.py:188} INFO - Uploaded /tmp/minio_downloads/1766729746.json to Snowflake stage
[2025-12-26T09:58:43.128+0000] {logging_mixin.py:188} INFO - Uploaded /tmp/minio_downloads/1766729759.json to Snowflake stage
[2025-12-26T09:58:43.519+0000] {logging_mixin.py:188} INFO - Uploaded /tmp/minio_downloads/1766729772.json to Snowflake stage
[2025-12-26T09:58:43.930+0000] {logging_mixin.py:188} INFO - Uploaded /tmp/minio_downloads/1766729785.json to Snowflake stage
[2025-12-26T09:58:44.339+0000] {logging_mixin.py:188} INFO - Uploaded /tmp/minio_downloads/1766729801.json to Snowflake stage
[2025-12-26T09:58:44.757+0000] {logging_mixin.py:188} INFO - Uploaded /tmp/minio_downloads/1766729813.json to Snowflake stage
[2025-12-26T09:58:44.984+0000] {local_task_job_runner.py:313} WARNING - State of this instance has been externally set to success. Terminating instance.
[2025-12-26T09:58:44.988+0000] {local_task_job_runner.py:222} INFO - ::endgroup::
[2025-12-26T09:58:44.992+0000] {process_utils.py:132} INFO - Sending 15 to group 8184. PIDs of all processes in the group: [8184]
[2025-12-26T09:58:44.993+0000] {process_utils.py:87} INFO - Sending the signal 15 to group 8184
[2025-12-26T09:58:44.994+0000] {taskinstance.py:2611} ERROR - Received SIGTERM. Terminating subprocesses.
[2025-12-26T09:58:44.995+0000] {taskinstance.py:441} INFO - ::group::Post task execution logs
[2025-12-26T09:58:45.128+0000] {process_utils.py:80} INFO - Process psutil.Process(pid=8184, status='terminated', exitcode=0, started='09:58:09') (8184) terminated with exit code 0
