[2025-12-26T06:39:55.954+0000] {local_task_job_runner.py:120} INFO - ::group::Pre task execution logs
[2025-12-26T06:39:56.046+0000] {taskinstance.py:2076} INFO - Dependencies all met for dep_context=non-requeueable deps ti=<TaskInstance: minio_to_snowflake.load_snowflake scheduled__2025-12-26T06:33:00+00:00 [queued]>
[2025-12-26T06:39:56.083+0000] {taskinstance.py:2076} INFO - Dependencies all met for dep_context=requeueable deps ti=<TaskInstance: minio_to_snowflake.load_snowflake scheduled__2025-12-26T06:33:00+00:00 [queued]>
[2025-12-26T06:39:56.085+0000] {taskinstance.py:2306} INFO - Starting attempt 1 of 2
[2025-12-26T06:39:56.117+0000] {taskinstance.py:2330} INFO - Executing <Task(PythonOperator): load_snowflake> on 2025-12-26 06:33:00+00:00
[2025-12-26T06:39:56.234+0000] {standard_task_runner.py:90} INFO - Running: ['***', 'tasks', 'run', 'minio_to_snowflake', 'load_snowflake', 'scheduled__2025-12-26T06:33:00+00:00', '--job-id', '20', '--raw', '--subdir', 'DAGS_FOLDER/minio_to_snowflake.py', '--cfg-path', '/tmp/tmp37i2286k']
[2025-12-26T06:39:56.267+0000] {logging_mixin.py:188} WARNING - /home/***/.local/lib/python3.12/site-packages/***/task/task_runner/standard_task_runner.py:62 DeprecationWarning: This process (pid=8651) is multi-threaded, use of fork() may lead to deadlocks in the child.
[2025-12-26T06:39:56.310+0000] {standard_task_runner.py:91} INFO - Job 20: Subtask load_snowflake
[2025-12-26T06:39:56.310+0000] {standard_task_runner.py:64} INFO - Started process 8668 to run task
[2025-12-26T06:39:57.022+0000] {task_command.py:426} INFO - Running <TaskInstance: minio_to_snowflake.load_snowflake scheduled__2025-12-26T06:33:00+00:00 [running]> on host 3fb2a1a27553
[2025-12-26T06:39:57.414+0000] {taskinstance.py:2648} INFO - Exporting env vars: AIRFLOW_CTX_DAG_OWNER='***' AIRFLOW_CTX_DAG_ID='minio_to_snowflake' AIRFLOW_CTX_TASK_ID='load_snowflake' AIRFLOW_CTX_EXECUTION_DATE='2025-12-26T06:33:00+00:00' AIRFLOW_CTX_TRY_NUMBER='1' AIRFLOW_CTX_DAG_RUN_ID='scheduled__2025-12-26T06:33:00+00:00'
[2025-12-26T06:39:57.421+0000] {taskinstance.py:430} INFO - ::endgroup::
[2025-12-26T06:39:57.529+0000] {connection.py:610} INFO - Snowflake Connector for Python Version: 4.1.1, Python Version: 3.12.4, Platform: Linux-6.6.87.2-microsoft-standard-WSL2-x86_64-with-glibc2.36
[2025-12-26T06:39:57.532+0000] {connection.py:1693} INFO - Connecting to GLOBAL Snowflake domain
[2025-12-26T06:40:03.278+0000] {logging_mixin.py:188} INFO - Uploaded /tmp/minio_downloads/1766728889.json to Snowflake stage
[2025-12-26T06:40:03.774+0000] {logging_mixin.py:188} INFO - Uploaded /tmp/minio_downloads/1766728900.json to Snowflake stage
[2025-12-26T06:40:04.304+0000] {logging_mixin.py:188} INFO - Uploaded /tmp/minio_downloads/1766728911.json to Snowflake stage
[2025-12-26T06:40:05.291+0000] {logging_mixin.py:188} INFO - Uploaded /tmp/minio_downloads/1766728923.json to Snowflake stage
[2025-12-26T06:40:05.822+0000] {logging_mixin.py:188} INFO - Uploaded /tmp/minio_downloads/1766728935.json to Snowflake stage
[2025-12-26T06:40:06.352+0000] {logging_mixin.py:188} INFO - Uploaded /tmp/minio_downloads/1766728947.json to Snowflake stage
[2025-12-26T06:40:06.950+0000] {logging_mixin.py:188} INFO - Uploaded /tmp/minio_downloads/1766728960.json to Snowflake stage
[2025-12-26T06:40:07.393+0000] {logging_mixin.py:188} INFO - Uploaded /tmp/minio_downloads/1766728972.json to Snowflake stage
[2025-12-26T06:40:07.928+0000] {logging_mixin.py:188} INFO - Uploaded /tmp/minio_downloads/1766728984.json to Snowflake stage
[2025-12-26T06:40:08.406+0000] {logging_mixin.py:188} INFO - Uploaded /tmp/minio_downloads/1766728995.json to Snowflake stage
[2025-12-26T06:40:08.898+0000] {logging_mixin.py:188} INFO - Uploaded /tmp/minio_downloads/1766729007.json to Snowflake stage
[2025-12-26T06:40:09.331+0000] {logging_mixin.py:188} INFO - Uploaded /tmp/minio_downloads/1766729020.json to Snowflake stage
[2025-12-26T06:40:09.730+0000] {logging_mixin.py:188} INFO - Uploaded /tmp/minio_downloads/1766729032.json to Snowflake stage
[2025-12-26T06:40:10.231+0000] {logging_mixin.py:188} INFO - Uploaded /tmp/minio_downloads/1766729044.json to Snowflake stage
[2025-12-26T06:40:10.743+0000] {logging_mixin.py:188} INFO - Uploaded /tmp/minio_downloads/1766729057.json to Snowflake stage
[2025-12-26T06:40:11.257+0000] {logging_mixin.py:188} INFO - Uploaded /tmp/minio_downloads/1766729070.json to Snowflake stage
[2025-12-26T06:40:11.871+0000] {logging_mixin.py:188} INFO - Uploaded /tmp/minio_downloads/1766729083.json to Snowflake stage
[2025-12-26T06:40:12.297+0000] {logging_mixin.py:188} INFO - Uploaded /tmp/minio_downloads/1766729095.json to Snowflake stage
[2025-12-26T06:40:12.894+0000] {logging_mixin.py:188} INFO - Uploaded /tmp/minio_downloads/1766729109.json to Snowflake stage
[2025-12-26T06:40:13.305+0000] {logging_mixin.py:188} INFO - Uploaded /tmp/minio_downloads/1766729122.json to Snowflake stage
[2025-12-26T06:40:13.752+0000] {logging_mixin.py:188} INFO - Uploaded /tmp/minio_downloads/1766729135.json to Snowflake stage
[2025-12-26T06:40:14.330+0000] {logging_mixin.py:188} INFO - Uploaded /tmp/minio_downloads/1766729147.json to Snowflake stage
[2025-12-26T06:40:14.822+0000] {logging_mixin.py:188} INFO - Uploaded /tmp/minio_downloads/1766729160.json to Snowflake stage
[2025-12-26T06:40:15.358+0000] {logging_mixin.py:188} INFO - Uploaded /tmp/minio_downloads/1766729172.json to Snowflake stage
[2025-12-26T06:40:15.823+0000] {logging_mixin.py:188} INFO - Uploaded /tmp/minio_downloads/1766729185.json to Snowflake stage
[2025-12-26T06:40:16.348+0000] {logging_mixin.py:188} INFO - Uploaded /tmp/minio_downloads/1766729199.json to Snowflake stage
[2025-12-26T06:40:16.757+0000] {logging_mixin.py:188} INFO - Uploaded /tmp/minio_downloads/1766729212.json to Snowflake stage
[2025-12-26T06:40:17.184+0000] {logging_mixin.py:188} INFO - Uploaded /tmp/minio_downloads/1766729225.json to Snowflake stage
[2025-12-26T06:40:17.683+0000] {logging_mixin.py:188} INFO - Uploaded /tmp/minio_downloads/1766729238.json to Snowflake stage
[2025-12-26T06:40:18.090+0000] {logging_mixin.py:188} INFO - Uploaded /tmp/minio_downloads/1766729250.json to Snowflake stage
[2025-12-26T06:40:18.602+0000] {logging_mixin.py:188} INFO - Uploaded /tmp/minio_downloads/1766729263.json to Snowflake stage
[2025-12-26T06:40:19.114+0000] {logging_mixin.py:188} INFO - Uploaded /tmp/minio_downloads/1766729277.json to Snowflake stage
[2025-12-26T06:40:19.583+0000] {logging_mixin.py:188} INFO - Uploaded /tmp/minio_downloads/1766729289.json to Snowflake stage
[2025-12-26T06:40:20.038+0000] {logging_mixin.py:188} INFO - Uploaded /tmp/minio_downloads/1766729301.json to Snowflake stage
[2025-12-26T06:40:20.486+0000] {logging_mixin.py:188} INFO - Uploaded /tmp/minio_downloads/1766729313.json to Snowflake stage
[2025-12-26T06:40:20.960+0000] {logging_mixin.py:188} INFO - Uploaded /tmp/minio_downloads/1766729326.json to Snowflake stage
[2025-12-26T06:40:21.478+0000] {logging_mixin.py:188} INFO - Uploaded /tmp/minio_downloads/1766729338.json to Snowflake stage
[2025-12-26T06:40:22.009+0000] {logging_mixin.py:188} INFO - Uploaded /tmp/minio_downloads/1766729351.json to Snowflake stage
[2025-12-26T06:40:22.508+0000] {logging_mixin.py:188} INFO - Uploaded /tmp/minio_downloads/1766729363.json to Snowflake stage
[2025-12-26T06:40:23.009+0000] {logging_mixin.py:188} INFO - Uploaded /tmp/minio_downloads/1766729376.json to Snowflake stage
[2025-12-26T06:40:23.421+0000] {logging_mixin.py:188} INFO - Uploaded /tmp/minio_downloads/1766729388.json to Snowflake stage
[2025-12-26T06:40:24.038+0000] {logging_mixin.py:188} INFO - Uploaded /tmp/minio_downloads/1766729401.json to Snowflake stage
[2025-12-26T06:40:24.650+0000] {logging_mixin.py:188} INFO - Uploaded /tmp/minio_downloads/1766729413.json to Snowflake stage
[2025-12-26T06:40:25.062+0000] {logging_mixin.py:188} INFO - Uploaded /tmp/minio_downloads/1766729425.json to Snowflake stage
[2025-12-26T06:40:25.469+0000] {logging_mixin.py:188} INFO - Uploaded /tmp/minio_downloads/1766729438.json to Snowflake stage
[2025-12-26T06:40:25.983+0000] {logging_mixin.py:188} INFO - Uploaded /tmp/minio_downloads/1766729450.json to Snowflake stage
[2025-12-26T06:40:26.495+0000] {logging_mixin.py:188} INFO - Uploaded /tmp/minio_downloads/1766729463.json to Snowflake stage
[2025-12-26T06:40:26.924+0000] {logging_mixin.py:188} INFO - Uploaded /tmp/minio_downloads/1766729476.json to Snowflake stage
[2025-12-26T06:40:27.337+0000] {logging_mixin.py:188} INFO - Uploaded /tmp/minio_downloads/1766729489.json to Snowflake stage
[2025-12-26T06:40:27.827+0000] {logging_mixin.py:188} INFO - Uploaded /tmp/minio_downloads/1766729502.json to Snowflake stage
[2025-12-26T06:40:28.238+0000] {logging_mixin.py:188} INFO - Uploaded /tmp/minio_downloads/1766729514.json to Snowflake stage
[2025-12-26T06:40:28.955+0000] {logging_mixin.py:188} INFO - Uploaded /tmp/minio_downloads/1766729526.json to Snowflake stage
[2025-12-26T06:40:29.570+0000] {logging_mixin.py:188} INFO - Uploaded /tmp/minio_downloads/1766729538.json to Snowflake stage
[2025-12-26T06:40:30.083+0000] {logging_mixin.py:188} INFO - Uploaded /tmp/minio_downloads/1766729550.json to Snowflake stage
[2025-12-26T06:40:30.493+0000] {logging_mixin.py:188} INFO - Uploaded /tmp/minio_downloads/1766729563.json to Snowflake stage
[2025-12-26T06:40:31.005+0000] {logging_mixin.py:188} INFO - Uploaded /tmp/minio_downloads/1766729575.json to Snowflake stage
[2025-12-26T06:40:31.519+0000] {logging_mixin.py:188} INFO - Uploaded /tmp/minio_downloads/1766729588.json to Snowflake stage
[2025-12-26T06:40:31.929+0000] {logging_mixin.py:188} INFO - Uploaded /tmp/minio_downloads/1766729600.json to Snowflake stage
[2025-12-26T06:40:32.338+0000] {logging_mixin.py:188} INFO - Uploaded /tmp/minio_downloads/1766729613.json to Snowflake stage
[2025-12-26T06:40:32.851+0000] {logging_mixin.py:188} INFO - Uploaded /tmp/minio_downloads/1766729626.json to Snowflake stage
[2025-12-26T06:40:33.260+0000] {logging_mixin.py:188} INFO - Uploaded /tmp/minio_downloads/1766729638.json to Snowflake stage
[2025-12-26T06:40:33.671+0000] {logging_mixin.py:188} INFO - Uploaded /tmp/minio_downloads/1766729649.json to Snowflake stage
[2025-12-26T06:40:34.295+0000] {logging_mixin.py:188} INFO - Uploaded /tmp/minio_downloads/1766729661.json to Snowflake stage
[2025-12-26T06:40:34.712+0000] {logging_mixin.py:188} INFO - Uploaded /tmp/minio_downloads/1766729673.json to Snowflake stage
[2025-12-26T06:40:35.208+0000] {logging_mixin.py:188} INFO - Uploaded /tmp/minio_downloads/1766729685.json to Snowflake stage
[2025-12-26T06:40:35.720+0000] {logging_mixin.py:188} INFO - Uploaded /tmp/minio_downloads/1766729697.json to Snowflake stage
[2025-12-26T06:40:36.132+0000] {logging_mixin.py:188} INFO - Uploaded /tmp/minio_downloads/1766729709.json to Snowflake stage
[2025-12-26T06:40:36.660+0000] {logging_mixin.py:188} INFO - Uploaded /tmp/minio_downloads/1766729721.json to Snowflake stage
[2025-12-26T06:40:37.257+0000] {logging_mixin.py:188} INFO - Uploaded /tmp/minio_downloads/1766729734.json to Snowflake stage
[2025-12-26T06:40:37.785+0000] {logging_mixin.py:188} INFO - Uploaded /tmp/minio_downloads/1766729746.json to Snowflake stage
[2025-12-26T06:40:38.187+0000] {logging_mixin.py:188} INFO - Uploaded /tmp/minio_downloads/1766729759.json to Snowflake stage
[2025-12-26T06:40:38.700+0000] {logging_mixin.py:188} INFO - Uploaded /tmp/minio_downloads/1766729772.json to Snowflake stage
[2025-12-26T06:40:39.112+0000] {logging_mixin.py:188} INFO - Uploaded /tmp/minio_downloads/1766729785.json to Snowflake stage
[2025-12-26T06:40:39.632+0000] {logging_mixin.py:188} INFO - Uploaded /tmp/minio_downloads/1766729801.json to Snowflake stage
[2025-12-26T06:40:40.157+0000] {logging_mixin.py:188} INFO - Uploaded /tmp/minio_downloads/1766729813.json to Snowflake stage
[2025-12-26T06:40:40.665+0000] {logging_mixin.py:188} INFO - Uploaded /tmp/minio_downloads/1766729827.json to Snowflake stage
[2025-12-26T06:40:41.153+0000] {logging_mixin.py:188} INFO - Uploaded /tmp/minio_downloads/1766729839.json to Snowflake stage
[2025-12-26T06:40:41.666+0000] {logging_mixin.py:188} INFO - Uploaded /tmp/minio_downloads/1766729854.json to Snowflake stage
[2025-12-26T06:40:42.190+0000] {logging_mixin.py:188} INFO - Uploaded /tmp/minio_downloads/1766729865.json to Snowflake stage
[2025-12-26T06:40:42.691+0000] {logging_mixin.py:188} INFO - Uploaded /tmp/minio_downloads/1766729879.json to Snowflake stage
[2025-12-26T06:40:43.103+0000] {logging_mixin.py:188} INFO - Uploaded /tmp/minio_downloads/1766729891.json to Snowflake stage
[2025-12-26T06:40:43.716+0000] {logging_mixin.py:188} INFO - Uploaded /tmp/minio_downloads/1766729904.json to Snowflake stage
[2025-12-26T06:40:44.330+0000] {logging_mixin.py:188} INFO - Uploaded /tmp/minio_downloads/1766729916.json to Snowflake stage
[2025-12-26T06:40:44.714+0000] {logging_mixin.py:188} INFO - Uploaded /tmp/minio_downloads/1766729928.json to Snowflake stage
[2025-12-26T06:40:45.326+0000] {logging_mixin.py:188} INFO - Uploaded /tmp/minio_downloads/1766729939.json to Snowflake stage
[2025-12-26T06:40:45.840+0000] {logging_mixin.py:188} INFO - Uploaded /tmp/minio_downloads/1766729952.json to Snowflake stage
[2025-12-26T06:40:46.351+0000] {logging_mixin.py:188} INFO - Uploaded /tmp/minio_downloads/1766729964.json to Snowflake stage
[2025-12-26T06:40:46.966+0000] {logging_mixin.py:188} INFO - Uploaded /tmp/minio_downloads/1766729975.json to Snowflake stage
[2025-12-26T06:40:47.375+0000] {logging_mixin.py:188} INFO - Uploaded /tmp/minio_downloads/1766729987.json to Snowflake stage
[2025-12-26T06:40:47.899+0000] {logging_mixin.py:188} INFO - Uploaded /tmp/minio_downloads/1766729998.json to Snowflake stage
[2025-12-26T06:40:48.428+0000] {logging_mixin.py:188} INFO - Uploaded /tmp/minio_downloads/1766730010.json to Snowflake stage
[2025-12-26T06:40:49.075+0000] {logging_mixin.py:188} INFO - Uploaded /tmp/minio_downloads/1766730023.json to Snowflake stage
[2025-12-26T06:40:49.538+0000] {logging_mixin.py:188} INFO - Uploaded /tmp/minio_downloads/1766730035.json to Snowflake stage
[2025-12-26T06:40:50.041+0000] {logging_mixin.py:188} INFO - Uploaded /tmp/minio_downloads/1766730046.json to Snowflake stage
[2025-12-26T06:40:50.477+0000] {logging_mixin.py:188} INFO - Uploaded /tmp/minio_downloads/1766730058.json to Snowflake stage
[2025-12-26T06:40:50.992+0000] {logging_mixin.py:188} INFO - Uploaded /tmp/minio_downloads/1766730070.json to Snowflake stage
[2025-12-26T06:40:51.564+0000] {logging_mixin.py:188} INFO - Uploaded /tmp/minio_downloads/1766730082.json to Snowflake stage
[2025-12-26T06:40:51.915+0000] {logging_mixin.py:188} INFO - Uploaded /tmp/minio_downloads/1766730094.json to Snowflake stage
[2025-12-26T06:40:52.340+0000] {logging_mixin.py:188} INFO - Uploaded /tmp/minio_downloads/1766730105.json to Snowflake stage
[2025-12-26T06:40:52.773+0000] {logging_mixin.py:188} INFO - Uploaded /tmp/minio_downloads/1766730117.json to Snowflake stage
[2025-12-26T06:40:54.598+0000] {logging_mixin.py:188} INFO - Uploaded /tmp/minio_downloads/1766730128.json to Snowflake stage
[2025-12-26T06:40:55.029+0000] {logging_mixin.py:188} INFO - Uploaded /tmp/minio_downloads/1766730140.json to Snowflake stage
[2025-12-26T06:40:56.017+0000] {logging_mixin.py:188} INFO - Uploaded /tmp/minio_downloads/1766730152.json to Snowflake stage
[2025-12-26T06:40:56.430+0000] {logging_mixin.py:188} INFO - Uploaded /tmp/minio_downloads/1766730163.json to Snowflake stage
[2025-12-26T06:40:56.856+0000] {logging_mixin.py:188} INFO - Uploaded /tmp/minio_downloads/1766730175.json to Snowflake stage
[2025-12-26T06:40:57.296+0000] {logging_mixin.py:188} INFO - Uploaded /tmp/minio_downloads/1766730187.json to Snowflake stage
[2025-12-26T06:40:57.718+0000] {logging_mixin.py:188} INFO - Uploaded /tmp/minio_downloads/1766730198.json to Snowflake stage
[2025-12-26T06:40:58.153+0000] {logging_mixin.py:188} INFO - Uploaded /tmp/minio_downloads/1766730210.json to Snowflake stage
[2025-12-26T06:40:58.524+0000] {logging_mixin.py:188} INFO - Uploaded /tmp/minio_downloads/1766730223.json to Snowflake stage
[2025-12-26T06:40:58.942+0000] {logging_mixin.py:188} INFO - Uploaded /tmp/minio_downloads/1766730234.json to Snowflake stage
[2025-12-26T06:40:59.416+0000] {logging_mixin.py:188} INFO - Uploaded /tmp/minio_downloads/1766730246.json to Snowflake stage
[2025-12-26T06:40:59.971+0000] {logging_mixin.py:188} INFO - Uploaded /tmp/minio_downloads/1766730257.json to Snowflake stage
[2025-12-26T06:41:00.662+0000] {logging_mixin.py:188} INFO - Uploaded /tmp/minio_downloads/1766730268.json to Snowflake stage
[2025-12-26T06:41:01.239+0000] {logging_mixin.py:188} INFO - Uploaded /tmp/minio_downloads/1766730280.json to Snowflake stage
[2025-12-26T06:41:01.980+0000] {logging_mixin.py:188} INFO - Uploaded /tmp/minio_downloads/1766730291.json to Snowflake stage
[2025-12-26T06:41:02.856+0000] {logging_mixin.py:188} INFO - Uploaded /tmp/minio_downloads/1766730304.json to Snowflake stage
[2025-12-26T06:41:03.731+0000] {logging_mixin.py:188} INFO - Uploaded /tmp/minio_downloads/1766730316.json to Snowflake stage
[2025-12-26T06:41:04.396+0000] {logging_mixin.py:188} INFO - Uploaded /tmp/minio_downloads/1766730327.json to Snowflake stage
[2025-12-26T06:41:04.891+0000] {logging_mixin.py:188} INFO - Uploaded /tmp/minio_downloads/1766730339.json to Snowflake stage
[2025-12-26T06:41:05.320+0000] {logging_mixin.py:188} INFO - Uploaded /tmp/minio_downloads/1766730351.json to Snowflake stage
[2025-12-26T06:41:05.738+0000] {logging_mixin.py:188} INFO - Uploaded /tmp/minio_downloads/1766730362.json to Snowflake stage
[2025-12-26T06:41:06.135+0000] {logging_mixin.py:188} INFO - Uploaded /tmp/minio_downloads/1766730374.json to Snowflake stage
[2025-12-26T06:41:06.557+0000] {logging_mixin.py:188} INFO - Uploaded /tmp/minio_downloads/1766730386.json to Snowflake stage
[2025-12-26T06:41:06.992+0000] {logging_mixin.py:188} INFO - Uploaded /tmp/minio_downloads/1766730398.json to Snowflake stage
[2025-12-26T06:41:07.412+0000] {logging_mixin.py:188} INFO - Uploaded /tmp/minio_downloads/1766730410.json to Snowflake stage
[2025-12-26T06:41:07.824+0000] {logging_mixin.py:188} INFO - Uploaded /tmp/minio_downloads/1766730421.json to Snowflake stage
[2025-12-26T06:41:08.224+0000] {logging_mixin.py:188} INFO - Uploaded /tmp/minio_downloads/1766730432.json to Snowflake stage
[2025-12-26T06:41:08.631+0000] {logging_mixin.py:188} INFO - Uploaded /tmp/minio_downloads/1766730444.json to Snowflake stage
[2025-12-26T06:41:09.146+0000] {logging_mixin.py:188} INFO - Uploaded /tmp/minio_downloads/1766730455.json to Snowflake stage
[2025-12-26T06:41:09.568+0000] {logging_mixin.py:188} INFO - Uploaded /tmp/minio_downloads/1766730466.json to Snowflake stage
[2025-12-26T06:41:09.997+0000] {logging_mixin.py:188} INFO - Uploaded /tmp/minio_downloads/1766730478.json to Snowflake stage
[2025-12-26T06:41:10.387+0000] {logging_mixin.py:188} INFO - Uploaded /tmp/minio_downloads/1766730490.json to Snowflake stage
[2025-12-26T06:41:10.819+0000] {logging_mixin.py:188} INFO - Uploaded /tmp/minio_downloads/1766730502.json to Snowflake stage
[2025-12-26T06:41:11.257+0000] {logging_mixin.py:188} INFO - Uploaded /tmp/minio_downloads/1766730513.json to Snowflake stage
[2025-12-26T06:41:11.669+0000] {logging_mixin.py:188} INFO - Uploaded /tmp/minio_downloads/1766730525.json to Snowflake stage
[2025-12-26T06:41:12.089+0000] {logging_mixin.py:188} INFO - Uploaded /tmp/minio_downloads/1766730537.json to Snowflake stage
[2025-12-26T06:41:12.494+0000] {logging_mixin.py:188} INFO - Uploaded /tmp/minio_downloads/1766730550.json to Snowflake stage
[2025-12-26T06:41:12.905+0000] {logging_mixin.py:188} INFO - Uploaded /tmp/minio_downloads/1766730561.json to Snowflake stage
[2025-12-26T06:41:13.286+0000] {logging_mixin.py:188} INFO - Uploaded /tmp/minio_downloads/1766730573.json to Snowflake stage
[2025-12-26T06:41:13.692+0000] {logging_mixin.py:188} INFO - Uploaded /tmp/minio_downloads/1766730584.json to Snowflake stage
[2025-12-26T06:41:14.090+0000] {logging_mixin.py:188} INFO - Uploaded /tmp/minio_downloads/1766730596.json to Snowflake stage
[2025-12-26T06:41:14.493+0000] {logging_mixin.py:188} INFO - Uploaded /tmp/minio_downloads/1766730608.json to Snowflake stage
[2025-12-26T06:41:14.881+0000] {logging_mixin.py:188} INFO - Uploaded /tmp/minio_downloads/1766730620.json to Snowflake stage
[2025-12-26T06:41:15.296+0000] {logging_mixin.py:188} INFO - Uploaded /tmp/minio_downloads/1766730632.json to Snowflake stage
[2025-12-26T06:41:15.713+0000] {logging_mixin.py:188} INFO - Uploaded /tmp/minio_downloads/1766730644.json to Snowflake stage
[2025-12-26T06:41:16.120+0000] {logging_mixin.py:188} INFO - Uploaded /tmp/minio_downloads/1766730656.json to Snowflake stage
[2025-12-26T06:41:16.540+0000] {logging_mixin.py:188} INFO - Uploaded /tmp/minio_downloads/1766730669.json to Snowflake stage
[2025-12-26T06:41:17.168+0000] {logging_mixin.py:188} INFO - Uploaded /tmp/minio_downloads/1766730683.json to Snowflake stage
[2025-12-26T06:41:17.798+0000] {logging_mixin.py:188} INFO - Uploaded /tmp/minio_downloads/1766730695.json to Snowflake stage
[2025-12-26T06:41:18.391+0000] {logging_mixin.py:188} INFO - Uploaded /tmp/minio_downloads/1766730707.json to Snowflake stage
[2025-12-26T06:41:18.996+0000] {logging_mixin.py:188} INFO - Uploaded /tmp/minio_downloads/1766730719.json to Snowflake stage
[2025-12-26T06:41:19.619+0000] {logging_mixin.py:188} INFO - Uploaded /tmp/minio_downloads/1766730733.json to Snowflake stage
[2025-12-26T06:41:20.220+0000] {logging_mixin.py:188} INFO - Uploaded /tmp/minio_downloads/1766730746.json to Snowflake stage
[2025-12-26T06:41:20.786+0000] {logging_mixin.py:188} INFO - Uploaded /tmp/minio_downloads/1766730759.json to Snowflake stage
[2025-12-26T06:41:21.366+0000] {logging_mixin.py:188} INFO - Uploaded /tmp/minio_downloads/1766730771.json to Snowflake stage
[2025-12-26T06:41:21.934+0000] {logging_mixin.py:188} INFO - Uploaded /tmp/minio_downloads/1766730784.json to Snowflake stage
[2025-12-26T06:41:22.507+0000] {logging_mixin.py:188} INFO - Uploaded /tmp/minio_downloads/1766730796.json to Snowflake stage
[2025-12-26T06:41:23.082+0000] {logging_mixin.py:188} INFO - Uploaded /tmp/minio_downloads/1766730808.json to Snowflake stage
[2025-12-26T06:41:23.644+0000] {logging_mixin.py:188} INFO - Uploaded /tmp/minio_downloads/1766730820.json to Snowflake stage
[2025-12-26T06:41:24.245+0000] {logging_mixin.py:188} INFO - Uploaded /tmp/minio_downloads/1766730833.json to Snowflake stage
[2025-12-26T06:41:24.834+0000] {logging_mixin.py:188} INFO - Uploaded /tmp/minio_downloads/1766730845.json to Snowflake stage
[2025-12-26T06:41:25.409+0000] {logging_mixin.py:188} INFO - Uploaded /tmp/minio_downloads/1766730857.json to Snowflake stage
[2025-12-26T06:41:25.985+0000] {logging_mixin.py:188} INFO - Uploaded /tmp/minio_downloads/1766730870.json to Snowflake stage
[2025-12-26T06:41:26.592+0000] {logging_mixin.py:188} INFO - Uploaded /tmp/minio_downloads/1766730882.json to Snowflake stage
[2025-12-26T06:41:27.160+0000] {logging_mixin.py:188} INFO - Uploaded /tmp/minio_downloads/1766730894.json to Snowflake stage
[2025-12-26T06:41:27.603+0000] {logging_mixin.py:188} INFO - Uploaded /tmp/minio_downloads/1766728893.json to Snowflake stage
[2025-12-26T06:41:28.002+0000] {logging_mixin.py:188} INFO - Uploaded /tmp/minio_downloads/1766728904.json to Snowflake stage
[2025-12-26T06:41:28.393+0000] {logging_mixin.py:188} INFO - Uploaded /tmp/minio_downloads/1766728916.json to Snowflake stage
[2025-12-26T06:41:28.849+0000] {logging_mixin.py:188} INFO - Uploaded /tmp/minio_downloads/1766728928.json to Snowflake stage
[2025-12-26T06:41:29.228+0000] {logging_mixin.py:188} INFO - Uploaded /tmp/minio_downloads/1766728940.json to Snowflake stage
[2025-12-26T06:41:29.619+0000] {logging_mixin.py:188} INFO - Uploaded /tmp/minio_downloads/1766728953.json to Snowflake stage
[2025-12-26T06:41:30.047+0000] {logging_mixin.py:188} INFO - Uploaded /tmp/minio_downloads/1766728965.json to Snowflake stage
[2025-12-26T06:41:30.472+0000] {logging_mixin.py:188} INFO - Uploaded /tmp/minio_downloads/1766728976.json to Snowflake stage
[2025-12-26T06:41:30.852+0000] {logging_mixin.py:188} INFO - Uploaded /tmp/minio_downloads/1766728988.json to Snowflake stage
[2025-12-26T06:41:31.239+0000] {logging_mixin.py:188} INFO - Uploaded /tmp/minio_downloads/1766729000.json to Snowflake stage
[2025-12-26T06:41:31.620+0000] {logging_mixin.py:188} INFO - Uploaded /tmp/minio_downloads/1766729013.json to Snowflake stage
[2025-12-26T06:41:32.045+0000] {logging_mixin.py:188} INFO - Uploaded /tmp/minio_downloads/1766729025.json to Snowflake stage
[2025-12-26T06:41:32.485+0000] {logging_mixin.py:188} INFO - Uploaded /tmp/minio_downloads/1766729037.json to Snowflake stage
[2025-12-26T06:41:32.891+0000] {logging_mixin.py:188} INFO - Uploaded /tmp/minio_downloads/1766729050.json to Snowflake stage
[2025-12-26T06:41:33.278+0000] {logging_mixin.py:188} INFO - Uploaded /tmp/minio_downloads/1766729063.json to Snowflake stage
[2025-12-26T06:41:33.715+0000] {logging_mixin.py:188} INFO - Uploaded /tmp/minio_downloads/1766729075.json to Snowflake stage
[2025-12-26T06:41:34.567+0000] {logging_mixin.py:188} INFO - Uploaded /tmp/minio_downloads/1766729088.json to Snowflake stage
[2025-12-26T06:41:42.009+0000] {logging_mixin.py:188} INFO - Uploaded /tmp/minio_downloads/1766729101.json to Snowflake stage
[2025-12-26T06:41:42.576+0000] {logging_mixin.py:188} INFO - Uploaded /tmp/minio_downloads/1766729115.json to Snowflake stage
[2025-12-26T06:41:42.970+0000] {logging_mixin.py:188} INFO - Uploaded /tmp/minio_downloads/1766729128.json to Snowflake stage
[2025-12-26T06:41:43.391+0000] {logging_mixin.py:188} INFO - Uploaded /tmp/minio_downloads/1766729140.json to Snowflake stage
[2025-12-26T06:41:43.792+0000] {logging_mixin.py:188} INFO - Uploaded /tmp/minio_downloads/1766729152.json to Snowflake stage
[2025-12-26T06:41:44.242+0000] {logging_mixin.py:188} INFO - Uploaded /tmp/minio_downloads/1766729165.json to Snowflake stage
[2025-12-26T06:41:44.850+0000] {logging_mixin.py:188} INFO - Uploaded /tmp/minio_downloads/1766729177.json to Snowflake stage
[2025-12-26T06:41:45.297+0000] {logging_mixin.py:188} INFO - Uploaded /tmp/minio_downloads/1766729191.json to Snowflake stage
[2025-12-26T06:41:46.280+0000] {logging_mixin.py:188} INFO - Uploaded /tmp/minio_downloads/1766729204.json to Snowflake stage
[2025-12-26T06:41:47.350+0000] {logging_mixin.py:188} INFO - Uploaded /tmp/minio_downloads/1766729217.json to Snowflake stage
[2025-12-26T06:41:47.776+0000] {logging_mixin.py:188} INFO - Uploaded /tmp/minio_downloads/1766729231.json to Snowflake stage
[2025-12-26T06:41:48.234+0000] {logging_mixin.py:188} INFO - Uploaded /tmp/minio_downloads/1766729243.json to Snowflake stage
[2025-12-26T06:41:48.662+0000] {logging_mixin.py:188} INFO - Uploaded /tmp/minio_downloads/1766729256.json to Snowflake stage
[2025-12-26T06:41:49.105+0000] {logging_mixin.py:188} INFO - Uploaded /tmp/minio_downloads/1766729270.json to Snowflake stage
[2025-12-26T06:41:49.729+0000] {logging_mixin.py:188} INFO - Uploaded /tmp/minio_downloads/1766729282.json to Snowflake stage
[2025-12-26T06:41:50.181+0000] {logging_mixin.py:188} INFO - Uploaded /tmp/minio_downloads/1766729294.json to Snowflake stage
[2025-12-26T06:41:51.316+0000] {logging_mixin.py:188} INFO - Uploaded /tmp/minio_downloads/1766729306.json to Snowflake stage
[2025-12-26T06:41:51.915+0000] {logging_mixin.py:188} INFO - Uploaded /tmp/minio_downloads/1766729318.json to Snowflake stage
[2025-12-26T06:41:52.376+0000] {logging_mixin.py:188} INFO - Uploaded /tmp/minio_downloads/1766729331.json to Snowflake stage
[2025-12-26T06:41:52.819+0000] {logging_mixin.py:188} INFO - Uploaded /tmp/minio_downloads/1766729344.json to Snowflake stage
[2025-12-26T06:41:53.278+0000] {logging_mixin.py:188} INFO - Uploaded /tmp/minio_downloads/1766729356.json to Snowflake stage
[2025-12-26T06:41:53.689+0000] {logging_mixin.py:188} INFO - Uploaded /tmp/minio_downloads/1766729368.json to Snowflake stage
[2025-12-26T06:41:54.558+0000] {logging_mixin.py:188} INFO - Uploaded /tmp/minio_downloads/1766729381.json to Snowflake stage
[2025-12-26T06:41:55.349+0000] {logging_mixin.py:188} INFO - Uploaded /tmp/minio_downloads/1766729394.json to Snowflake stage
[2025-12-26T06:41:56.001+0000] {logging_mixin.py:188} INFO - Uploaded /tmp/minio_downloads/1766729406.json to Snowflake stage
[2025-12-26T06:41:56.501+0000] {logging_mixin.py:188} INFO - Uploaded /tmp/minio_downloads/1766729418.json to Snowflake stage
[2025-12-26T06:41:57.033+0000] {logging_mixin.py:188} INFO - Uploaded /tmp/minio_downloads/1766729430.json to Snowflake stage
[2025-12-26T06:41:57.477+0000] {logging_mixin.py:188} INFO - Uploaded /tmp/minio_downloads/1766729443.json to Snowflake stage
[2025-12-26T06:41:58.310+0000] {logging_mixin.py:188} INFO - Uploaded /tmp/minio_downloads/1766729455.json to Snowflake stage
[2025-12-26T06:41:58.712+0000] {logging_mixin.py:188} INFO - Uploaded /tmp/minio_downloads/1766729468.json to Snowflake stage
[2025-12-26T06:41:59.144+0000] {logging_mixin.py:188} INFO - Uploaded /tmp/minio_downloads/1766729481.json to Snowflake stage
[2025-12-26T06:41:59.545+0000] {logging_mixin.py:188} INFO - Uploaded /tmp/minio_downloads/1766729494.json to Snowflake stage
[2025-12-26T06:41:59.941+0000] {logging_mixin.py:188} INFO - Uploaded /tmp/minio_downloads/1766729507.json to Snowflake stage
[2025-12-26T06:42:00.356+0000] {logging_mixin.py:188} INFO - Uploaded /tmp/minio_downloads/1766729519.json to Snowflake stage
[2025-12-26T06:42:00.789+0000] {logging_mixin.py:188} INFO - Uploaded /tmp/minio_downloads/1766729531.json to Snowflake stage
[2025-12-26T06:42:01.195+0000] {logging_mixin.py:188} INFO - Uploaded /tmp/minio_downloads/1766729543.json to Snowflake stage
[2025-12-26T06:42:01.719+0000] {logging_mixin.py:188} INFO - Uploaded /tmp/minio_downloads/1766729556.json to Snowflake stage
[2025-12-26T06:42:02.505+0000] {logging_mixin.py:188} INFO - Uploaded /tmp/minio_downloads/1766729568.json to Snowflake stage
[2025-12-26T06:42:03.735+0000] {logging_mixin.py:188} INFO - Uploaded /tmp/minio_downloads/1766729580.json to Snowflake stage
[2025-12-26T06:42:04.193+0000] {logging_mixin.py:188} INFO - Uploaded /tmp/minio_downloads/1766729592.json to Snowflake stage
[2025-12-26T06:42:04.593+0000] {logging_mixin.py:188} INFO - Uploaded /tmp/minio_downloads/1766729606.json to Snowflake stage
[2025-12-26T06:42:05.069+0000] {logging_mixin.py:188} INFO - Uploaded /tmp/minio_downloads/1766729618.json to Snowflake stage
[2025-12-26T06:42:06.713+0000] {logging_mixin.py:188} INFO - Uploaded /tmp/minio_downloads/1766729631.json to Snowflake stage
[2025-12-26T06:42:07.207+0000] {logging_mixin.py:188} INFO - Uploaded /tmp/minio_downloads/1766729642.json to Snowflake stage
[2025-12-26T06:42:07.596+0000] {logging_mixin.py:188} INFO - Uploaded /tmp/minio_downloads/1766729653.json to Snowflake stage
[2025-12-26T06:42:08.189+0000] {logging_mixin.py:188} INFO - Uploaded /tmp/minio_downloads/1766729665.json to Snowflake stage
[2025-12-26T06:42:10.212+0000] {logging_mixin.py:188} INFO - Uploaded /tmp/minio_downloads/1766729678.json to Snowflake stage
[2025-12-26T06:42:10.794+0000] {logging_mixin.py:188} INFO - Uploaded /tmp/minio_downloads/1766729690.json to Snowflake stage
[2025-12-26T06:42:11.408+0000] {logging_mixin.py:188} INFO - Uploaded /tmp/minio_downloads/1766729702.json to Snowflake stage
[2025-12-26T06:42:11.980+0000] {logging_mixin.py:188} INFO - Uploaded /tmp/minio_downloads/1766729714.json to Snowflake stage
[2025-12-26T06:42:12.587+0000] {logging_mixin.py:188} INFO - Uploaded /tmp/minio_downloads/1766729726.json to Snowflake stage
[2025-12-26T06:42:13.565+0000] {logging_mixin.py:188} INFO - Uploaded /tmp/minio_downloads/1766729739.json to Snowflake stage
[2025-12-26T06:42:14.183+0000] {logging_mixin.py:188} INFO - Uploaded /tmp/minio_downloads/1766729752.json to Snowflake stage
[2025-12-26T06:42:14.802+0000] {logging_mixin.py:188} INFO - Uploaded /tmp/minio_downloads/1766729765.json to Snowflake stage
[2025-12-26T06:42:15.459+0000] {logging_mixin.py:188} INFO - Uploaded /tmp/minio_downloads/1766729777.json to Snowflake stage
[2025-12-26T06:42:16.063+0000] {logging_mixin.py:188} INFO - Uploaded /tmp/minio_downloads/1766729789.json to Snowflake stage
[2025-12-26T06:42:16.654+0000] {logging_mixin.py:188} INFO - Uploaded /tmp/minio_downloads/1766729806.json to Snowflake stage
[2025-12-26T06:42:17.230+0000] {logging_mixin.py:188} INFO - Uploaded /tmp/minio_downloads/1766729820.json to Snowflake stage
[2025-12-26T06:42:17.849+0000] {logging_mixin.py:188} INFO - Uploaded /tmp/minio_downloads/1766729832.json to Snowflake stage
[2025-12-26T06:42:18.518+0000] {logging_mixin.py:188} INFO - Uploaded /tmp/minio_downloads/1766729846.json to Snowflake stage
[2025-12-26T06:42:19.124+0000] {logging_mixin.py:188} INFO - Uploaded /tmp/minio_downloads/1766729858.json to Snowflake stage
[2025-12-26T06:42:19.723+0000] {logging_mixin.py:188} INFO - Uploaded /tmp/minio_downloads/1766729872.json to Snowflake stage
[2025-12-26T06:42:20.400+0000] {logging_mixin.py:188} INFO - Uploaded /tmp/minio_downloads/1766729884.json to Snowflake stage
[2025-12-26T06:42:20.987+0000] {logging_mixin.py:188} INFO - Uploaded /tmp/minio_downloads/1766729896.json to Snowflake stage
[2025-12-26T06:42:21.839+0000] {logging_mixin.py:188} INFO - Uploaded /tmp/minio_downloads/1766729909.json to Snowflake stage
[2025-12-26T06:42:22.442+0000] {logging_mixin.py:188} INFO - Uploaded /tmp/minio_downloads/1766729920.json to Snowflake stage
[2025-12-26T06:42:23.040+0000] {logging_mixin.py:188} INFO - Uploaded /tmp/minio_downloads/1766729932.json to Snowflake stage
[2025-12-26T06:42:23.645+0000] {logging_mixin.py:188} INFO - Uploaded /tmp/minio_downloads/1766729944.json to Snowflake stage
[2025-12-26T06:42:24.245+0000] {logging_mixin.py:188} INFO - Uploaded /tmp/minio_downloads/1766729957.json to Snowflake stage
[2025-12-26T06:42:24.835+0000] {logging_mixin.py:188} INFO - Uploaded /tmp/minio_downloads/1766729968.json to Snowflake stage
[2025-12-26T06:42:25.476+0000] {logging_mixin.py:188} INFO - Uploaded /tmp/minio_downloads/1766729979.json to Snowflake stage
[2025-12-26T06:42:26.092+0000] {logging_mixin.py:188} INFO - Uploaded /tmp/minio_downloads/1766729991.json to Snowflake stage
[2025-12-26T06:42:27.396+0000] {logging_mixin.py:188} INFO - Uploaded /tmp/minio_downloads/1766730003.json to Snowflake stage
[2025-12-26T06:42:28.006+0000] {logging_mixin.py:188} INFO - Uploaded /tmp/minio_downloads/1766730016.json to Snowflake stage
[2025-12-26T06:42:28.646+0000] {logging_mixin.py:188} INFO - Uploaded /tmp/minio_downloads/1766730027.json to Snowflake stage
[2025-12-26T06:42:29.242+0000] {logging_mixin.py:188} INFO - Uploaded /tmp/minio_downloads/1766730039.json to Snowflake stage
[2025-12-26T06:42:29.816+0000] {logging_mixin.py:188} INFO - Uploaded /tmp/minio_downloads/1766730051.json to Snowflake stage
[2025-12-26T06:42:30.375+0000] {logging_mixin.py:188} INFO - Uploaded /tmp/minio_downloads/1766730063.json to Snowflake stage
[2025-12-26T06:42:30.980+0000] {logging_mixin.py:188} INFO - Uploaded /tmp/minio_downloads/1766730075.json to Snowflake stage
[2025-12-26T06:42:31.555+0000] {logging_mixin.py:188} INFO - Uploaded /tmp/minio_downloads/1766730087.json to Snowflake stage
[2025-12-26T06:42:32.345+0000] {logging_mixin.py:188} INFO - Uploaded /tmp/minio_downloads/1766730098.json to Snowflake stage
[2025-12-26T06:42:33.300+0000] {logging_mixin.py:188} INFO - Uploaded /tmp/minio_downloads/1766730110.json to Snowflake stage
[2025-12-26T06:42:33.878+0000] {logging_mixin.py:188} INFO - Uploaded /tmp/minio_downloads/1766730121.json to Snowflake stage
[2025-12-26T06:42:34.547+0000] {logging_mixin.py:188} INFO - Uploaded /tmp/minio_downloads/1766730133.json to Snowflake stage
[2025-12-26T06:42:35.310+0000] {logging_mixin.py:188} INFO - Uploaded /tmp/minio_downloads/1766730145.json to Snowflake stage
[2025-12-26T06:42:35.934+0000] {logging_mixin.py:188} INFO - Uploaded /tmp/minio_downloads/1766730156.json to Snowflake stage
[2025-12-26T06:42:36.556+0000] {logging_mixin.py:188} INFO - Uploaded /tmp/minio_downloads/1766730168.json to Snowflake stage
[2025-12-26T06:42:37.160+0000] {logging_mixin.py:188} INFO - Uploaded /tmp/minio_downloads/1766730180.json to Snowflake stage
[2025-12-26T06:42:37.755+0000] {logging_mixin.py:188} INFO - Uploaded /tmp/minio_downloads/1766730191.json to Snowflake stage
[2025-12-26T06:42:38.368+0000] {logging_mixin.py:188} INFO - Uploaded /tmp/minio_downloads/1766730203.json to Snowflake stage
[2025-12-26T06:42:38.995+0000] {logging_mixin.py:188} INFO - Uploaded /tmp/minio_downloads/1766730216.json to Snowflake stage
[2025-12-26T06:42:39.709+0000] {logging_mixin.py:188} INFO - Uploaded /tmp/minio_downloads/1766730227.json to Snowflake stage
[2025-12-26T06:42:40.313+0000] {logging_mixin.py:188} INFO - Uploaded /tmp/minio_downloads/1766730238.json to Snowflake stage
[2025-12-26T06:42:40.900+0000] {logging_mixin.py:188} INFO - Uploaded /tmp/minio_downloads/1766730250.json to Snowflake stage
[2025-12-26T06:42:41.586+0000] {logging_mixin.py:188} INFO - Uploaded /tmp/minio_downloads/1766730261.json to Snowflake stage
[2025-12-26T06:42:42.166+0000] {logging_mixin.py:188} INFO - Uploaded /tmp/minio_downloads/1766730273.json to Snowflake stage
[2025-12-26T06:42:42.735+0000] {logging_mixin.py:188} INFO - Uploaded /tmp/minio_downloads/1766730284.json to Snowflake stage
[2025-12-26T06:42:43.310+0000] {logging_mixin.py:188} INFO - Uploaded /tmp/minio_downloads/1766730297.json to Snowflake stage
[2025-12-26T06:42:43.868+0000] {logging_mixin.py:188} INFO - Uploaded /tmp/minio_downloads/1766730309.json to Snowflake stage
[2025-12-26T06:42:44.424+0000] {logging_mixin.py:188} INFO - Uploaded /tmp/minio_downloads/1766730320.json to Snowflake stage
[2025-12-26T06:42:44.944+0000] {logging_mixin.py:188} INFO - Uploaded /tmp/minio_downloads/1766730331.json to Snowflake stage
[2025-12-26T06:42:45.520+0000] {logging_mixin.py:188} INFO - Uploaded /tmp/minio_downloads/1766730344.json to Snowflake stage
[2025-12-26T06:42:46.100+0000] {logging_mixin.py:188} INFO - Uploaded /tmp/minio_downloads/1766730355.json to Snowflake stage
[2025-12-26T06:42:46.674+0000] {logging_mixin.py:188} INFO - Uploaded /tmp/minio_downloads/1766730367.json to Snowflake stage
[2025-12-26T06:42:47.283+0000] {logging_mixin.py:188} INFO - Uploaded /tmp/minio_downloads/1766730379.json to Snowflake stage
[2025-12-26T06:42:47.898+0000] {logging_mixin.py:188} INFO - Uploaded /tmp/minio_downloads/1766730391.json to Snowflake stage
[2025-12-26T06:42:48.598+0000] {logging_mixin.py:188} INFO - Uploaded /tmp/minio_downloads/1766730403.json to Snowflake stage
[2025-12-26T06:42:49.254+0000] {logging_mixin.py:188} INFO - Uploaded /tmp/minio_downloads/1766730414.json to Snowflake stage
[2025-12-26T06:42:49.903+0000] {logging_mixin.py:188} INFO - Uploaded /tmp/minio_downloads/1766730425.json to Snowflake stage
[2025-12-26T06:42:50.557+0000] {logging_mixin.py:188} INFO - Uploaded /tmp/minio_downloads/1766730437.json to Snowflake stage
[2025-12-26T06:42:51.195+0000] {logging_mixin.py:188} INFO - Uploaded /tmp/minio_downloads/1766730448.json to Snowflake stage
[2025-12-26T06:42:51.853+0000] {logging_mixin.py:188} INFO - Uploaded /tmp/minio_downloads/1766730459.json to Snowflake stage
[2025-12-26T06:42:52.436+0000] {logging_mixin.py:188} INFO - Uploaded /tmp/minio_downloads/1766730471.json to Snowflake stage
[2025-12-26T06:42:53.047+0000] {logging_mixin.py:188} INFO - Uploaded /tmp/minio_downloads/1766730483.json to Snowflake stage
[2025-12-26T06:42:53.695+0000] {logging_mixin.py:188} INFO - Uploaded /tmp/minio_downloads/1766730495.json to Snowflake stage
[2025-12-26T06:42:54.307+0000] {logging_mixin.py:188} INFO - Uploaded /tmp/minio_downloads/1766730506.json to Snowflake stage
[2025-12-26T06:42:54.926+0000] {logging_mixin.py:188} INFO - Uploaded /tmp/minio_downloads/1766730517.json to Snowflake stage
[2025-12-26T06:42:55.546+0000] {logging_mixin.py:188} INFO - Uploaded /tmp/minio_downloads/1766730530.json to Snowflake stage
[2025-12-26T06:42:56.337+0000] {logging_mixin.py:188} INFO - Uploaded /tmp/minio_downloads/1766730542.json to Snowflake stage
[2025-12-26T06:42:57.237+0000] {logging_mixin.py:188} INFO - Uploaded /tmp/minio_downloads/1766730554.json to Snowflake stage
[2025-12-26T06:42:58.414+0000] {logging_mixin.py:188} INFO - Uploaded /tmp/minio_downloads/1766730565.json to Snowflake stage
[2025-12-26T06:42:59.724+0000] {logging_mixin.py:188} INFO - Uploaded /tmp/minio_downloads/1766730577.json to Snowflake stage
[2025-12-26T06:43:01.215+0000] {logging_mixin.py:188} INFO - Uploaded /tmp/minio_downloads/1766730588.json to Snowflake stage
[2025-12-26T06:43:01.837+0000] {logging_mixin.py:188} INFO - Uploaded /tmp/minio_downloads/1766730600.json to Snowflake stage
[2025-12-26T06:43:03.105+0000] {logging_mixin.py:188} INFO - Uploaded /tmp/minio_downloads/1766730612.json to Snowflake stage
[2025-12-26T06:43:03.711+0000] {logging_mixin.py:188} INFO - Uploaded /tmp/minio_downloads/1766730625.json to Snowflake stage
[2025-12-26T06:43:04.300+0000] {logging_mixin.py:188} INFO - Uploaded /tmp/minio_downloads/1766730637.json to Snowflake stage
[2025-12-26T06:43:04.897+0000] {logging_mixin.py:188} INFO - Uploaded /tmp/minio_downloads/1766730649.json to Snowflake stage
[2025-12-26T06:43:05.533+0000] {logging_mixin.py:188} INFO - Uploaded /tmp/minio_downloads/1766730662.json to Snowflake stage
[2025-12-26T06:43:06.164+0000] {logging_mixin.py:188} INFO - Uploaded /tmp/minio_downloads/1766730675.json to Snowflake stage
[2025-12-26T06:43:06.751+0000] {logging_mixin.py:188} INFO - Uploaded /tmp/minio_downloads/1766730688.json to Snowflake stage
[2025-12-26T06:43:07.317+0000] {logging_mixin.py:188} INFO - Uploaded /tmp/minio_downloads/1766730699.json to Snowflake stage
[2025-12-26T06:43:07.878+0000] {logging_mixin.py:188} INFO - Uploaded /tmp/minio_downloads/1766730712.json to Snowflake stage
[2025-12-26T06:43:08.464+0000] {logging_mixin.py:188} INFO - Uploaded /tmp/minio_downloads/1766730725.json to Snowflake stage
[2025-12-26T06:43:09.081+0000] {logging_mixin.py:188} INFO - Uploaded /tmp/minio_downloads/1766730738.json to Snowflake stage
[2025-12-26T06:43:09.667+0000] {logging_mixin.py:188} INFO - Uploaded /tmp/minio_downloads/1766730752.json to Snowflake stage
[2025-12-26T06:43:10.280+0000] {logging_mixin.py:188} INFO - Uploaded /tmp/minio_downloads/1766730764.json to Snowflake stage
[2025-12-26T06:43:10.856+0000] {logging_mixin.py:188} INFO - Uploaded /tmp/minio_downloads/1766730776.json to Snowflake stage
[2025-12-26T06:43:11.452+0000] {logging_mixin.py:188} INFO - Uploaded /tmp/minio_downloads/1766730789.json to Snowflake stage
[2025-12-26T06:43:12.023+0000] {logging_mixin.py:188} INFO - Uploaded /tmp/minio_downloads/1766730801.json to Snowflake stage
[2025-12-26T06:43:12.599+0000] {logging_mixin.py:188} INFO - Uploaded /tmp/minio_downloads/1766730813.json to Snowflake stage
[2025-12-26T06:43:13.182+0000] {logging_mixin.py:188} INFO - Uploaded /tmp/minio_downloads/1766730825.json to Snowflake stage
[2025-12-26T06:43:13.783+0000] {logging_mixin.py:188} INFO - Uploaded /tmp/minio_downloads/1766730838.json to Snowflake stage
[2025-12-26T06:43:14.382+0000] {logging_mixin.py:188} INFO - Uploaded /tmp/minio_downloads/1766730850.json to Snowflake stage
[2025-12-26T06:43:14.957+0000] {logging_mixin.py:188} INFO - Uploaded /tmp/minio_downloads/1766730862.json to Snowflake stage
[2025-12-26T06:43:15.568+0000] {logging_mixin.py:188} INFO - Uploaded /tmp/minio_downloads/1766730874.json to Snowflake stage
[2025-12-26T06:43:16.160+0000] {logging_mixin.py:188} INFO - Uploaded /tmp/minio_downloads/1766730887.json to Snowflake stage
[2025-12-26T06:43:16.745+0000] {logging_mixin.py:188} INFO - Uploaded /tmp/minio_downloads/1766730901.json to Snowflake stage
[2025-12-26T06:43:17.202+0000] {logging_mixin.py:188} INFO - Uploaded /tmp/minio_downloads/1766728892.json to Snowflake stage
[2025-12-26T06:43:17.602+0000] {logging_mixin.py:188} INFO - Uploaded /tmp/minio_downloads/1766728903.json to Snowflake stage
[2025-12-26T06:43:18.006+0000] {logging_mixin.py:188} INFO - Uploaded /tmp/minio_downloads/1766728915.json to Snowflake stage
[2025-12-26T06:43:18.383+0000] {logging_mixin.py:188} INFO - Uploaded /tmp/minio_downloads/1766728927.json to Snowflake stage
[2025-12-26T06:43:18.763+0000] {logging_mixin.py:188} INFO - Uploaded /tmp/minio_downloads/1766728939.json to Snowflake stage
[2025-12-26T06:43:19.163+0000] {logging_mixin.py:188} INFO - Uploaded /tmp/minio_downloads/1766728951.json to Snowflake stage
[2025-12-26T06:43:19.616+0000] {logging_mixin.py:188} INFO - Uploaded /tmp/minio_downloads/1766728963.json to Snowflake stage
[2025-12-26T06:43:20.053+0000] {logging_mixin.py:188} INFO - Uploaded /tmp/minio_downloads/1766728975.json to Snowflake stage
[2025-12-26T06:43:20.569+0000] {logging_mixin.py:188} INFO - Uploaded /tmp/minio_downloads/1766728987.json to Snowflake stage
[2025-12-26T06:43:21.018+0000] {logging_mixin.py:188} INFO - Uploaded /tmp/minio_downloads/1766728999.json to Snowflake stage
[2025-12-26T06:43:21.466+0000] {logging_mixin.py:188} INFO - Uploaded /tmp/minio_downloads/1766729011.json to Snowflake stage
[2025-12-26T06:43:21.872+0000] {logging_mixin.py:188} INFO - Uploaded /tmp/minio_downloads/1766729023.json to Snowflake stage
[2025-12-26T06:43:22.272+0000] {logging_mixin.py:188} INFO - Uploaded /tmp/minio_downloads/1766729036.json to Snowflake stage
[2025-12-26T06:43:22.652+0000] {logging_mixin.py:188} INFO - Uploaded /tmp/minio_downloads/1766729048.json to Snowflake stage
[2025-12-26T06:43:23.036+0000] {logging_mixin.py:188} INFO - Uploaded /tmp/minio_downloads/1766729061.json to Snowflake stage
[2025-12-26T06:43:23.407+0000] {logging_mixin.py:188} INFO - Uploaded /tmp/minio_downloads/1766729074.json to Snowflake stage
[2025-12-26T06:43:23.834+0000] {logging_mixin.py:188} INFO - Uploaded /tmp/minio_downloads/1766729087.json to Snowflake stage
[2025-12-26T06:43:24.268+0000] {logging_mixin.py:188} INFO - Uploaded /tmp/minio_downloads/1766729100.json to Snowflake stage
[2025-12-26T06:43:24.647+0000] {logging_mixin.py:188} INFO - Uploaded /tmp/minio_downloads/1766729113.json to Snowflake stage
[2025-12-26T06:43:25.071+0000] {logging_mixin.py:188} INFO - Uploaded /tmp/minio_downloads/1766729126.json to Snowflake stage
[2025-12-26T06:43:25.489+0000] {logging_mixin.py:188} INFO - Uploaded /tmp/minio_downloads/1766729138.json to Snowflake stage
[2025-12-26T06:43:25.916+0000] {logging_mixin.py:188} INFO - Uploaded /tmp/minio_downloads/1766729151.json to Snowflake stage
[2025-12-26T06:43:26.308+0000] {logging_mixin.py:188} INFO - Uploaded /tmp/minio_downloads/1766729164.json to Snowflake stage
[2025-12-26T06:43:26.684+0000] {logging_mixin.py:188} INFO - Uploaded /tmp/minio_downloads/1766729176.json to Snowflake stage
[2025-12-26T06:43:27.066+0000] {logging_mixin.py:188} INFO - Uploaded /tmp/minio_downloads/1766729189.json to Snowflake stage
[2025-12-26T06:43:27.481+0000] {logging_mixin.py:188} INFO - Uploaded /tmp/minio_downloads/1766729202.json to Snowflake stage
[2025-12-26T06:43:27.871+0000] {logging_mixin.py:188} INFO - Uploaded /tmp/minio_downloads/1766729216.json to Snowflake stage
[2025-12-26T06:43:28.256+0000] {logging_mixin.py:188} INFO - Uploaded /tmp/minio_downloads/1766729229.json to Snowflake stage
[2025-12-26T06:43:28.647+0000] {logging_mixin.py:188} INFO - Uploaded /tmp/minio_downloads/1766729242.json to Snowflake stage
[2025-12-26T06:43:29.026+0000] {logging_mixin.py:188} INFO - Uploaded /tmp/minio_downloads/1766729254.json to Snowflake stage
[2025-12-26T06:43:29.373+0000] {logging_mixin.py:188} INFO - Uploaded /tmp/minio_downloads/1766729268.json to Snowflake stage
[2025-12-26T06:43:29.747+0000] {logging_mixin.py:188} INFO - Uploaded /tmp/minio_downloads/1766729280.json to Snowflake stage
[2025-12-26T06:43:30.128+0000] {logging_mixin.py:188} INFO - Uploaded /tmp/minio_downloads/1766729292.json to Snowflake stage
[2025-12-26T06:43:30.514+0000] {logging_mixin.py:188} INFO - Uploaded /tmp/minio_downloads/1766729305.json to Snowflake stage
[2025-12-26T06:43:30.890+0000] {logging_mixin.py:188} INFO - Uploaded /tmp/minio_downloads/1766729317.json to Snowflake stage
[2025-12-26T06:43:31.270+0000] {logging_mixin.py:188} INFO - Uploaded /tmp/minio_downloads/1766729329.json to Snowflake stage
[2025-12-26T06:43:31.690+0000] {logging_mixin.py:188} INFO - Uploaded /tmp/minio_downloads/1766729343.json to Snowflake stage
[2025-12-26T06:43:32.101+0000] {logging_mixin.py:188} INFO - Uploaded /tmp/minio_downloads/1766729354.json to Snowflake stage
[2025-12-26T06:43:32.524+0000] {logging_mixin.py:188} INFO - Uploaded /tmp/minio_downloads/1766729367.json to Snowflake stage
[2025-12-26T06:43:32.975+0000] {logging_mixin.py:188} INFO - Uploaded /tmp/minio_downloads/1766729379.json to Snowflake stage
[2025-12-26T06:43:33.411+0000] {logging_mixin.py:188} INFO - Uploaded /tmp/minio_downloads/1766729393.json to Snowflake stage
[2025-12-26T06:43:33.808+0000] {logging_mixin.py:188} INFO - Uploaded /tmp/minio_downloads/1766729405.json to Snowflake stage
[2025-12-26T06:43:34.299+0000] {logging_mixin.py:188} INFO - Uploaded /tmp/minio_downloads/1766729417.json to Snowflake stage
[2025-12-26T06:43:34.695+0000] {logging_mixin.py:188} INFO - Uploaded /tmp/minio_downloads/1766729429.json to Snowflake stage
[2025-12-26T06:43:35.126+0000] {logging_mixin.py:188} INFO - Uploaded /tmp/minio_downloads/1766729442.json to Snowflake stage
[2025-12-26T06:43:35.611+0000] {logging_mixin.py:188} INFO - Uploaded /tmp/minio_downloads/1766729454.json to Snowflake stage
[2025-12-26T06:43:36.021+0000] {logging_mixin.py:188} INFO - Uploaded /tmp/minio_downloads/1766729467.json to Snowflake stage
[2025-12-26T06:43:36.458+0000] {logging_mixin.py:188} INFO - Uploaded /tmp/minio_downloads/1766729480.json to Snowflake stage
[2025-12-26T06:43:36.895+0000] {logging_mixin.py:188} INFO - Uploaded /tmp/minio_downloads/1766729493.json to Snowflake stage
[2025-12-26T06:43:43.507+0000] {logging_mixin.py:188} INFO - Uploaded /tmp/minio_downloads/1766729505.json to Snowflake stage
[2025-12-26T06:43:43.923+0000] {logging_mixin.py:188} INFO - Uploaded /tmp/minio_downloads/1766729518.json to Snowflake stage
[2025-12-26T06:43:44.327+0000] {logging_mixin.py:188} INFO - Uploaded /tmp/minio_downloads/1766729530.json to Snowflake stage
[2025-12-26T06:43:44.774+0000] {logging_mixin.py:188} INFO - Uploaded /tmp/minio_downloads/1766729541.json to Snowflake stage
[2025-12-26T06:43:45.149+0000] {logging_mixin.py:188} INFO - Uploaded /tmp/minio_downloads/1766729555.json to Snowflake stage
[2025-12-26T06:43:45.536+0000] {logging_mixin.py:188} INFO - Uploaded /tmp/minio_downloads/1766729566.json to Snowflake stage
[2025-12-26T06:43:45.917+0000] {logging_mixin.py:188} INFO - Uploaded /tmp/minio_downloads/1766729579.json to Snowflake stage
[2025-12-26T06:43:46.329+0000] {logging_mixin.py:188} INFO - Uploaded /tmp/minio_downloads/1766729591.json to Snowflake stage
[2025-12-26T06:43:46.734+0000] {logging_mixin.py:188} INFO - Uploaded /tmp/minio_downloads/1766729604.json to Snowflake stage
[2025-12-26T06:43:47.189+0000] {logging_mixin.py:188} INFO - Uploaded /tmp/minio_downloads/1766729617.json to Snowflake stage
[2025-12-26T06:43:47.584+0000] {logging_mixin.py:188} INFO - Uploaded /tmp/minio_downloads/1766729629.json to Snowflake stage
[2025-12-26T06:43:48.002+0000] {logging_mixin.py:188} INFO - Uploaded /tmp/minio_downloads/1766729641.json to Snowflake stage
[2025-12-26T06:43:48.421+0000] {logging_mixin.py:188} INFO - Uploaded /tmp/minio_downloads/1766729652.json to Snowflake stage
[2025-12-26T06:43:49.057+0000] {logging_mixin.py:188} INFO - Uploaded /tmp/minio_downloads/1766729664.json to Snowflake stage
[2025-12-26T06:43:49.670+0000] {logging_mixin.py:188} INFO - Uploaded /tmp/minio_downloads/1766729676.json to Snowflake stage
[2025-12-26T06:43:50.276+0000] {logging_mixin.py:188} INFO - Uploaded /tmp/minio_downloads/1766729689.json to Snowflake stage
[2025-12-26T06:43:51.179+0000] {logging_mixin.py:188} INFO - Uploaded /tmp/minio_downloads/1766729701.json to Snowflake stage
[2025-12-26T06:43:52.132+0000] {logging_mixin.py:188} INFO - Uploaded /tmp/minio_downloads/1766729713.json to Snowflake stage
[2025-12-26T06:43:53.369+0000] {logging_mixin.py:188} INFO - Uploaded /tmp/minio_downloads/1766729725.json to Snowflake stage
[2025-12-26T06:44:01.634+0000] {taskinstance.py:441} INFO - ::group::Post task execution logs
[2025-12-26T06:44:01.641+0000] {taskinstance.py:2905} ERROR - Task failed with exception
Traceback (most recent call last):
  File "/home/airflow/.local/lib/python3.12/site-packages/airflow/models/taskinstance.py", line 465, in _execute_task
    result = _execute_callable(context=context, **execute_callable_kwargs)
             ^^^^^^^^^^^^^^^^^^^^^^^^^^^^^^^^^^^^^^^^^^^^^^^^^^^^^^^^^^^^^
  File "/home/airflow/.local/lib/python3.12/site-packages/airflow/models/taskinstance.py", line 432, in _execute_callable
    return execute_callable(context=context, **execute_callable_kwargs)
           ^^^^^^^^^^^^^^^^^^^^^^^^^^^^^^^^^^^^^^^^^^^^^^^^^^^^^^^^^^^^
  File "/home/airflow/.local/lib/python3.12/site-packages/airflow/models/baseoperator.py", line 401, in wrapper
    return func(self, *args, **kwargs)
           ^^^^^^^^^^^^^^^^^^^^^^^^^^^
  File "/home/airflow/.local/lib/python3.12/site-packages/airflow/operators/python.py", line 235, in execute
    return_value = self.execute_callable()
                   ^^^^^^^^^^^^^^^^^^^^^^^
  File "/home/airflow/.local/lib/python3.12/site-packages/airflow/operators/python.py", line 252, in execute_callable
    return self.python_callable(*self.op_args, **self.op_kwargs)
           ^^^^^^^^^^^^^^^^^^^^^^^^^^^^^^^^^^^^^^^^^^^^^^^^^^^^^
  File "/opt/airflow/dags/minio_to_snowflake.py", line 61, in load_to_snowflake
    cur.execute(f"PUT file://{f} @%bronze_stock_quotes_raw")
  File "/home/airflow/.local/lib/python3.12/site-packages/snowflake/connector/cursor.py", line 1121, in execute
    Error.errorhandler_wrapper(self.connection, self, error_class, errvalue)
  File "/home/airflow/.local/lib/python3.12/site-packages/snowflake/connector/errors.py", line 286, in errorhandler_wrapper
    handed_over = Error.hand_to_other_handler(
                  ^^^^^^^^^^^^^^^^^^^^^^^^^^^^
  File "/home/airflow/.local/lib/python3.12/site-packages/snowflake/connector/errors.py", line 341, in hand_to_other_handler
    cursor.errorhandler(connection, cursor, error_class, error_value)
  File "/home/airflow/.local/lib/python3.12/site-packages/snowflake/connector/errors.py", line 217, in default_errorhandler
    raise error_class(
snowflake.connector.errors.ProgrammingError: 000612 (02000): None: Result not found
[2025-12-26T06:44:01.826+0000] {taskinstance.py:1206} INFO - Marking task as UP_FOR_RETRY. dag_id=minio_to_snowflake, task_id=load_snowflake, run_id=scheduled__2025-12-26T06:33:00+00:00, execution_date=20251226T063300, start_date=20251226T063956, end_date=20251226T064401
[2025-12-26T06:44:02.157+0000] {standard_task_runner.py:110} ERROR - Failed to execute job 20 for task load_snowflake (000612 (02000): None: Result not found; 8668)
[2025-12-26T06:44:03.041+0000] {local_task_job_runner.py:243} INFO - Task exited with return code 1
[2025-12-26T06:44:05.155+0000] {taskinstance.py:3503} INFO - 0 downstream tasks scheduled from follow-on schedule check
[2025-12-26T06:44:05.198+0000] {local_task_job_runner.py:222} INFO - ::endgroup::
