[2025-12-25T14:13:20.877+0000] {local_task_job_runner.py:120} INFO - ::group::Pre task execution logs
[2025-12-25T14:13:20.983+0000] {taskinstance.py:2076} INFO - Dependencies all met for dep_context=non-requeueable deps ti=<TaskInstance: minio_to_snowflake.dbt_transform scheduled__2025-12-25T09:20:00+00:00 [queued]>
[2025-12-25T14:13:21.001+0000] {taskinstance.py:2076} INFO - Dependencies all met for dep_context=requeueable deps ti=<TaskInstance: minio_to_snowflake.dbt_transform scheduled__2025-12-25T09:20:00+00:00 [queued]>
[2025-12-25T14:13:21.002+0000] {taskinstance.py:2306} INFO - Starting attempt 2 of 2
[2025-12-25T14:13:21.034+0000] {taskinstance.py:2330} INFO - Executing <Task(BashOperator): dbt_transform> on 2025-12-25 09:20:00+00:00
[2025-12-25T14:13:21.099+0000] {standard_task_runner.py:90} INFO - Running: ['***', 'tasks', 'run', 'minio_to_snowflake', 'dbt_transform', 'scheduled__2025-12-25T09:20:00+00:00', '--job-id', '202', '--raw', '--subdir', 'DAGS_FOLDER/minio_to_snowflake.py', '--cfg-path', '/tmp/tmpsu2eq65g']
[2025-12-25T14:13:21.107+0000] {standard_task_runner.py:91} INFO - Job 202: Subtask dbt_transform
[2025-12-25T14:13:21.107+0000] {logging_mixin.py:188} WARNING - /home/***/.local/lib/python3.12/site-packages/***/task/task_runner/standard_task_runner.py:62 DeprecationWarning: This process (pid=11233) is multi-threaded, use of fork() may lead to deadlocks in the child.
[2025-12-25T14:13:21.109+0000] {standard_task_runner.py:64} INFO - Started process 11250 to run task
[2025-12-25T14:13:21.239+0000] {task_command.py:426} INFO - Running <TaskInstance: minio_to_snowflake.dbt_transform scheduled__2025-12-25T09:20:00+00:00 [running]> on host 6d296ad04e70
[2025-12-25T14:13:21.543+0000] {taskinstance.py:2648} INFO - Exporting env vars: AIRFLOW_CTX_DAG_OWNER='***' AIRFLOW_CTX_DAG_ID='minio_to_snowflake' AIRFLOW_CTX_TASK_ID='dbt_transform' AIRFLOW_CTX_EXECUTION_DATE='2025-12-25T09:20:00+00:00' AIRFLOW_CTX_TRY_NUMBER='2' AIRFLOW_CTX_DAG_RUN_ID='scheduled__2025-12-25T09:20:00+00:00'
[2025-12-25T14:13:21.586+0000] {taskinstance.py:430} INFO - ::endgroup::
[2025-12-25T14:13:21.673+0000] {subprocess.py:63} INFO - Tmp dir root location: /tmp
[2025-12-25T14:13:21.678+0000] {subprocess.py:75} INFO - Running command: ['/usr/bin/bash', '-c', 'cd /opt/***/dbt_stocks && dbt run --profiles-dir .']
[2025-12-25T14:13:21.739+0000] {subprocess.py:86} INFO - Output:
[2025-12-25T14:13:21.799+0000] {subprocess.py:93} INFO - /usr/bin/bash: line 1: dbt: command not found
[2025-12-25T14:13:21.802+0000] {subprocess.py:97} INFO - Command exited with return code 127
[2025-12-25T14:13:21.804+0000] {taskinstance.py:441} INFO - ::group::Post task execution logs
[2025-12-25T14:13:21.858+0000] {taskinstance.py:2905} ERROR - Task failed with exception
Traceback (most recent call last):
  File "/home/airflow/.local/lib/python3.12/site-packages/airflow/models/taskinstance.py", line 465, in _execute_task
    result = _execute_callable(context=context, **execute_callable_kwargs)
             ^^^^^^^^^^^^^^^^^^^^^^^^^^^^^^^^^^^^^^^^^^^^^^^^^^^^^^^^^^^^^
  File "/home/airflow/.local/lib/python3.12/site-packages/airflow/models/taskinstance.py", line 432, in _execute_callable
    return execute_callable(context=context, **execute_callable_kwargs)
           ^^^^^^^^^^^^^^^^^^^^^^^^^^^^^^^^^^^^^^^^^^^^^^^^^^^^^^^^^^^^
  File "/home/airflow/.local/lib/python3.12/site-packages/airflow/models/baseoperator.py", line 401, in wrapper
    return func(self, *args, **kwargs)
           ^^^^^^^^^^^^^^^^^^^^^^^^^^^
  File "/home/airflow/.local/lib/python3.12/site-packages/airflow/operators/bash.py", line 243, in execute
    raise AirflowException(
airflow.exceptions.AirflowException: Bash command failed. The command returned a non-zero exit code 127.
[2025-12-25T14:13:21.880+0000] {taskinstance.py:1206} INFO - Marking task as FAILED. dag_id=minio_to_snowflake, task_id=dbt_transform, run_id=scheduled__2025-12-25T09:20:00+00:00, execution_date=20251225T092000, start_date=20251225T141320, end_date=20251225T141321
[2025-12-25T14:13:21.928+0000] {standard_task_runner.py:110} ERROR - Failed to execute job 202 for task dbt_transform (Bash command failed. The command returned a non-zero exit code 127.; 11250)
[2025-12-25T14:13:21.971+0000] {local_task_job_runner.py:243} INFO - Task exited with return code 1
[2025-12-25T14:13:22.011+0000] {taskinstance.py:3503} INFO - 0 downstream tasks scheduled from follow-on schedule check
[2025-12-25T14:13:22.017+0000] {local_task_job_runner.py:222} INFO - ::endgroup::
