[2025-12-23T11:20:22.641+0000] {local_task_job_runner.py:120} INFO - ::group::Pre task execution logs
[2025-12-23T11:20:22.745+0000] {taskinstance.py:2076} INFO - Dependencies all met for dep_context=non-requeueable deps ti=<TaskInstance: minio_to_snowflake.download_minio scheduled__2025-12-23T11:17:00+00:00 [queued]>
[2025-12-23T11:20:22.760+0000] {taskinstance.py:2076} INFO - Dependencies all met for dep_context=requeueable deps ti=<TaskInstance: minio_to_snowflake.download_minio scheduled__2025-12-23T11:17:00+00:00 [queued]>
[2025-12-23T11:20:22.762+0000] {taskinstance.py:2306} INFO - Starting attempt 1 of 2
[2025-12-23T11:20:22.791+0000] {taskinstance.py:2330} INFO - Executing <Task(PythonOperator): download_minio> on 2025-12-23 11:17:00+00:00
[2025-12-23T11:20:22.839+0000] {logging_mixin.py:188} WARNING - /home/***/.local/lib/python3.12/site-packages/***/task/task_runner/standard_task_runner.py:62 DeprecationWarning: This process (pid=233) is multi-threaded, use of fork() may lead to deadlocks in the child.
[2025-12-23T11:20:22.825+0000] {standard_task_runner.py:90} INFO - Running: ['***', 'tasks', 'run', 'minio_to_snowflake', 'download_minio', 'scheduled__2025-12-23T11:17:00+00:00', '--job-id', '51', '--raw', '--subdir', 'DAGS_FOLDER/minio_to_snowflake.py', '--cfg-path', '/tmp/tmpc4eze1w4']
[2025-12-23T11:20:22.843+0000] {standard_task_runner.py:64} INFO - Started process 247 to run task
[2025-12-23T11:20:22.844+0000] {standard_task_runner.py:91} INFO - Job 51: Subtask download_minio
[2025-12-23T11:20:23.203+0000] {task_command.py:426} INFO - Running <TaskInstance: minio_to_snowflake.download_minio scheduled__2025-12-23T11:17:00+00:00 [running]> on host 5b5bed255d0d
[2025-12-23T11:20:23.808+0000] {taskinstance.py:2648} INFO - Exporting env vars: AIRFLOW_CTX_DAG_OWNER='***' AIRFLOW_CTX_DAG_ID='minio_to_snowflake' AIRFLOW_CTX_TASK_ID='download_minio' AIRFLOW_CTX_EXECUTION_DATE='2025-12-23T11:17:00+00:00' AIRFLOW_CTX_TRY_NUMBER='1' AIRFLOW_CTX_DAG_RUN_ID='scheduled__2025-12-23T11:17:00+00:00'
[2025-12-23T11:20:23.812+0000] {taskinstance.py:430} INFO - ::endgroup::
[2025-12-23T11:20:36.558+0000] {logging_mixin.py:188} INFO - Downloaded AAPL/1766488206.json -> /tmp/minio_downloads/1766488206.json
[2025-12-23T11:20:36.599+0000] {logging_mixin.py:188} INFO - Downloaded AAPL/1766488217.json -> /tmp/minio_downloads/1766488217.json
[2025-12-23T11:20:36.672+0000] {logging_mixin.py:188} INFO - Downloaded AAPL/1766488228.json -> /tmp/minio_downloads/1766488228.json
[2025-12-23T11:20:36.723+0000] {logging_mixin.py:188} INFO - Downloaded AAPL/1766488241.json -> /tmp/minio_downloads/1766488241.json
[2025-12-23T11:20:36.765+0000] {logging_mixin.py:188} INFO - Downloaded AAPL/1766488252.json -> /tmp/minio_downloads/1766488252.json
[2025-12-23T11:20:36.802+0000] {logging_mixin.py:188} INFO - Downloaded AAPL/1766488263.json -> /tmp/minio_downloads/1766488263.json
[2025-12-23T11:20:36.835+0000] {logging_mixin.py:188} INFO - Downloaded AAPL/1766488274.json -> /tmp/minio_downloads/1766488274.json
[2025-12-23T11:20:36.871+0000] {logging_mixin.py:188} INFO - Downloaded AAPL/1766488286.json -> /tmp/minio_downloads/1766488286.json
[2025-12-23T11:20:36.911+0000] {logging_mixin.py:188} INFO - Downloaded AAPL/1766488297.json -> /tmp/minio_downloads/1766488297.json
[2025-12-23T11:20:36.952+0000] {logging_mixin.py:188} INFO - Downloaded AAPL/1766488308.json -> /tmp/minio_downloads/1766488308.json
[2025-12-23T11:20:36.984+0000] {logging_mixin.py:188} INFO - Downloaded AAPL/1766488319.json -> /tmp/minio_downloads/1766488319.json
[2025-12-23T11:20:37.023+0000] {logging_mixin.py:188} INFO - Downloaded AAPL/1766488331.json -> /tmp/minio_downloads/1766488331.json
[2025-12-23T11:20:37.063+0000] {logging_mixin.py:188} INFO - Downloaded AAPL/1766488343.json -> /tmp/minio_downloads/1766488343.json
[2025-12-23T11:20:37.209+0000] {logging_mixin.py:188} INFO - Downloaded AAPL/1766488355.json -> /tmp/minio_downloads/1766488355.json
[2025-12-23T11:20:37.254+0000] {logging_mixin.py:188} INFO - Downloaded AAPL/1766488367.json -> /tmp/minio_downloads/1766488367.json
[2025-12-23T11:20:37.313+0000] {logging_mixin.py:188} INFO - Downloaded AAPL/1766488378.json -> /tmp/minio_downloads/1766488378.json
[2025-12-23T11:20:37.366+0000] {logging_mixin.py:188} INFO - Downloaded AAPL/1766488389.json -> /tmp/minio_downloads/1766488389.json
[2025-12-23T11:20:37.419+0000] {logging_mixin.py:188} INFO - Downloaded AAPL/1766488401.json -> /tmp/minio_downloads/1766488401.json
[2025-12-23T11:20:37.478+0000] {logging_mixin.py:188} INFO - Downloaded AAPL/1766488412.json -> /tmp/minio_downloads/1766488412.json
[2025-12-23T11:20:37.524+0000] {logging_mixin.py:188} INFO - Downloaded AAPL/1766488424.json -> /tmp/minio_downloads/1766488424.json
[2025-12-23T11:20:37.583+0000] {logging_mixin.py:188} INFO - Downloaded AAPL/1766488435.json -> /tmp/minio_downloads/1766488435.json
[2025-12-23T11:20:37.607+0000] {logging_mixin.py:188} INFO - Downloaded AAPL/1766488446.json -> /tmp/minio_downloads/1766488446.json
[2025-12-23T11:20:37.631+0000] {logging_mixin.py:188} INFO - Downloaded AAPL/1766488457.json -> /tmp/minio_downloads/1766488457.json
[2025-12-23T11:20:37.660+0000] {logging_mixin.py:188} INFO - Downloaded AAPL/1766488468.json -> /tmp/minio_downloads/1766488468.json
[2025-12-23T11:20:37.704+0000] {logging_mixin.py:188} INFO - Downloaded AAPL/1766488480.json -> /tmp/minio_downloads/1766488480.json
[2025-12-23T11:20:37.735+0000] {logging_mixin.py:188} INFO - Downloaded AAPL/1766488491.json -> /tmp/minio_downloads/1766488491.json
[2025-12-23T11:20:37.772+0000] {logging_mixin.py:188} INFO - Downloaded AAPL/1766488502.json -> /tmp/minio_downloads/1766488502.json
[2025-12-23T11:20:37.842+0000] {logging_mixin.py:188} INFO - Downloaded AAPL/1766488514.json -> /tmp/minio_downloads/1766488514.json
[2025-12-23T11:20:37.865+0000] {logging_mixin.py:188} INFO - Downloaded AAPL/1766488527.json -> /tmp/minio_downloads/1766488527.json
[2025-12-23T11:20:37.892+0000] {logging_mixin.py:188} INFO - Downloaded AAPL/1766488539.json -> /tmp/minio_downloads/1766488539.json
[2025-12-23T11:20:37.923+0000] {logging_mixin.py:188} INFO - Downloaded AAPL/1766488550.json -> /tmp/minio_downloads/1766488550.json
[2025-12-23T11:20:37.950+0000] {logging_mixin.py:188} INFO - Downloaded AAPL/1766488561.json -> /tmp/minio_downloads/1766488561.json
[2025-12-23T11:20:37.980+0000] {logging_mixin.py:188} INFO - Downloaded AAPL/1766488572.json -> /tmp/minio_downloads/1766488572.json
[2025-12-23T11:20:38.010+0000] {logging_mixin.py:188} INFO - Downloaded AAPL/1766488584.json -> /tmp/minio_downloads/1766488584.json
[2025-12-23T11:20:38.033+0000] {logging_mixin.py:188} INFO - Downloaded AAPL/1766488596.json -> /tmp/minio_downloads/1766488596.json
[2025-12-23T11:20:38.060+0000] {logging_mixin.py:188} INFO - Downloaded AAPL/1766488607.json -> /tmp/minio_downloads/1766488607.json
[2025-12-23T11:20:38.100+0000] {logging_mixin.py:188} INFO - Downloaded AAPL/1766488618.json -> /tmp/minio_downloads/1766488618.json
[2025-12-23T11:20:38.133+0000] {logging_mixin.py:188} INFO - Downloaded AAPL/1766488631.json -> /tmp/minio_downloads/1766488631.json
[2025-12-23T11:20:38.174+0000] {logging_mixin.py:188} INFO - Downloaded AAPL/1766488642.json -> /tmp/minio_downloads/1766488642.json
[2025-12-23T11:20:38.210+0000] {logging_mixin.py:188} INFO - Downloaded AAPL/1766488654.json -> /tmp/minio_downloads/1766488654.json
[2025-12-23T11:20:38.245+0000] {logging_mixin.py:188} INFO - Downloaded AAPL/1766488665.json -> /tmp/minio_downloads/1766488665.json
[2025-12-23T11:20:38.298+0000] {logging_mixin.py:188} INFO - Downloaded AAPL/1766488676.json -> /tmp/minio_downloads/1766488676.json
[2025-12-23T11:20:38.351+0000] {logging_mixin.py:188} INFO - Downloaded AAPL/1766488687.json -> /tmp/minio_downloads/1766488687.json
[2025-12-23T11:20:38.389+0000] {logging_mixin.py:188} INFO - Downloaded AAPL/1766488699.json -> /tmp/minio_downloads/1766488699.json
[2025-12-23T11:20:38.466+0000] {logging_mixin.py:188} INFO - Downloaded AAPL/1766488710.json -> /tmp/minio_downloads/1766488710.json
[2025-12-23T11:20:38.502+0000] {logging_mixin.py:188} INFO - Downloaded AAPL/1766488722.json -> /tmp/minio_downloads/1766488722.json
[2025-12-23T11:20:38.560+0000] {logging_mixin.py:188} INFO - Downloaded AAPL/1766488736.json -> /tmp/minio_downloads/1766488736.json
[2025-12-23T11:20:38.648+0000] {logging_mixin.py:188} INFO - Downloaded AAPL/1766488750.json -> /tmp/minio_downloads/1766488750.json
[2025-12-23T11:20:38.678+0000] {logging_mixin.py:188} INFO - Downloaded AAPL/1766488761.json -> /tmp/minio_downloads/1766488761.json
[2025-12-23T11:20:38.707+0000] {logging_mixin.py:188} INFO - Downloaded AAPL/1766488773.json -> /tmp/minio_downloads/1766488773.json
[2025-12-23T11:20:38.755+0000] {logging_mixin.py:188} INFO - Downloaded AAPL/1766488786.json -> /tmp/minio_downloads/1766488786.json
[2025-12-23T11:20:38.840+0000] {logging_mixin.py:188} INFO - Downloaded AAPL/1766488798.json -> /tmp/minio_downloads/1766488798.json
[2025-12-23T11:20:38.973+0000] {logging_mixin.py:188} INFO - Downloaded AAPL/1766488810.json -> /tmp/minio_downloads/1766488810.json
[2025-12-23T11:20:39.000+0000] {logging_mixin.py:188} INFO - Downloaded AAPL/1766488823.json -> /tmp/minio_downloads/1766488823.json
[2025-12-23T11:20:39.025+0000] {logging_mixin.py:188} INFO - Downloaded AMZN/1766488210.json -> /tmp/minio_downloads/1766488210.json
[2025-12-23T11:20:39.058+0000] {logging_mixin.py:188} INFO - Downloaded AMZN/1766488221.json -> /tmp/minio_downloads/1766488221.json
[2025-12-23T11:20:39.110+0000] {logging_mixin.py:188} INFO - Downloaded AMZN/1766488233.json -> /tmp/minio_downloads/1766488233.json
[2025-12-23T11:20:39.137+0000] {logging_mixin.py:188} INFO - Downloaded AMZN/1766488245.json -> /tmp/minio_downloads/1766488245.json
[2025-12-23T11:20:39.160+0000] {logging_mixin.py:188} INFO - Downloaded AMZN/1766488256.json -> /tmp/minio_downloads/1766488256.json
[2025-12-23T11:20:39.190+0000] {logging_mixin.py:188} INFO - Downloaded AMZN/1766488267.json -> /tmp/minio_downloads/1766488267.json
[2025-12-23T11:20:39.222+0000] {logging_mixin.py:188} INFO - Downloaded AMZN/1766488278.json -> /tmp/minio_downloads/1766488278.json
[2025-12-23T11:20:39.261+0000] {logging_mixin.py:188} INFO - Downloaded AMZN/1766488290.json -> /tmp/minio_downloads/1766488290.json
[2025-12-23T11:20:39.299+0000] {logging_mixin.py:188} INFO - Downloaded AMZN/1766488301.json -> /tmp/minio_downloads/1766488301.json
[2025-12-23T11:20:39.333+0000] {logging_mixin.py:188} INFO - Downloaded AMZN/1766488312.json -> /tmp/minio_downloads/1766488312.json
[2025-12-23T11:20:39.354+0000] {logging_mixin.py:188} INFO - Downloaded AMZN/1766488324.json -> /tmp/minio_downloads/1766488324.json
[2025-12-23T11:20:39.375+0000] {logging_mixin.py:188} INFO - Downloaded AMZN/1766488335.json -> /tmp/minio_downloads/1766488335.json
[2025-12-23T11:20:39.396+0000] {logging_mixin.py:188} INFO - Downloaded AMZN/1766488347.json -> /tmp/minio_downloads/1766488347.json
[2025-12-23T11:20:39.414+0000] {logging_mixin.py:188} INFO - Downloaded AMZN/1766488360.json -> /tmp/minio_downloads/1766488360.json
[2025-12-23T11:20:39.431+0000] {logging_mixin.py:188} INFO - Downloaded AMZN/1766488371.json -> /tmp/minio_downloads/1766488371.json
[2025-12-23T11:20:39.453+0000] {logging_mixin.py:188} INFO - Downloaded AMZN/1766488382.json -> /tmp/minio_downloads/1766488382.json
[2025-12-23T11:20:39.498+0000] {logging_mixin.py:188} INFO - Downloaded AMZN/1766488393.json -> /tmp/minio_downloads/1766488393.json
[2025-12-23T11:20:39.524+0000] {logging_mixin.py:188} INFO - Downloaded AMZN/1766488405.json -> /tmp/minio_downloads/1766488405.json
[2025-12-23T11:20:39.553+0000] {logging_mixin.py:188} INFO - Downloaded AMZN/1766488416.json -> /tmp/minio_downloads/1766488416.json
[2025-12-23T11:20:39.585+0000] {logging_mixin.py:188} INFO - Downloaded AMZN/1766488428.json -> /tmp/minio_downloads/1766488428.json
[2025-12-23T11:20:39.614+0000] {logging_mixin.py:188} INFO - Downloaded AMZN/1766488439.json -> /tmp/minio_downloads/1766488439.json
[2025-12-23T11:20:39.654+0000] {logging_mixin.py:188} INFO - Downloaded AMZN/1766488450.json -> /tmp/minio_downloads/1766488450.json
[2025-12-23T11:20:39.705+0000] {logging_mixin.py:188} INFO - Downloaded AMZN/1766488461.json -> /tmp/minio_downloads/1766488461.json
[2025-12-23T11:20:39.744+0000] {logging_mixin.py:188} INFO - Downloaded AMZN/1766488473.json -> /tmp/minio_downloads/1766488473.json
[2025-12-23T11:20:39.771+0000] {logging_mixin.py:188} INFO - Downloaded AMZN/1766488484.json -> /tmp/minio_downloads/1766488484.json
[2025-12-23T11:20:39.798+0000] {logging_mixin.py:188} INFO - Downloaded AMZN/1766488495.json -> /tmp/minio_downloads/1766488495.json
[2025-12-23T11:20:39.833+0000] {logging_mixin.py:188} INFO - Downloaded AMZN/1766488507.json -> /tmp/minio_downloads/1766488507.json
[2025-12-23T11:20:39.865+0000] {logging_mixin.py:188} INFO - Downloaded AMZN/1766488520.json -> /tmp/minio_downloads/1766488520.json
[2025-12-23T11:20:39.914+0000] {logging_mixin.py:188} INFO - Downloaded AMZN/1766488532.json -> /tmp/minio_downloads/1766488532.json
[2025-12-23T11:20:39.936+0000] {logging_mixin.py:188} INFO - Downloaded AMZN/1766488543.json -> /tmp/minio_downloads/1766488543.json
[2025-12-23T11:20:39.982+0000] {logging_mixin.py:188} INFO - Downloaded AMZN/1766488554.json -> /tmp/minio_downloads/1766488554.json
[2025-12-23T11:20:40.063+0000] {logging_mixin.py:188} INFO - Downloaded AMZN/1766488565.json -> /tmp/minio_downloads/1766488565.json
[2025-12-23T11:20:40.087+0000] {logging_mixin.py:188} INFO - Downloaded AMZN/1766488577.json -> /tmp/minio_downloads/1766488577.json
[2025-12-23T11:20:40.114+0000] {logging_mixin.py:188} INFO - Downloaded AMZN/1766488588.json -> /tmp/minio_downloads/1766488588.json
[2025-12-23T11:20:40.136+0000] {logging_mixin.py:188} INFO - Downloaded AMZN/1766488600.json -> /tmp/minio_downloads/1766488600.json
[2025-12-23T11:20:40.170+0000] {logging_mixin.py:188} INFO - Downloaded AMZN/1766488611.json -> /tmp/minio_downloads/1766488611.json
[2025-12-23T11:20:40.195+0000] {logging_mixin.py:188} INFO - Downloaded AMZN/1766488624.json -> /tmp/minio_downloads/1766488624.json
[2025-12-23T11:20:40.329+0000] {logging_mixin.py:188} INFO - Downloaded AMZN/1766488635.json -> /tmp/minio_downloads/1766488635.json
[2025-12-23T11:20:40.356+0000] {logging_mixin.py:188} INFO - Downloaded AMZN/1766488647.json -> /tmp/minio_downloads/1766488647.json
[2025-12-23T11:20:40.386+0000] {logging_mixin.py:188} INFO - Downloaded AMZN/1766488658.json -> /tmp/minio_downloads/1766488658.json
[2025-12-23T11:20:40.407+0000] {logging_mixin.py:188} INFO - Downloaded AMZN/1766488669.json -> /tmp/minio_downloads/1766488669.json
[2025-12-23T11:20:40.442+0000] {logging_mixin.py:188} INFO - Downloaded AMZN/1766488680.json -> /tmp/minio_downloads/1766488680.json
[2025-12-23T11:20:40.519+0000] {logging_mixin.py:188} INFO - Downloaded AMZN/1766488692.json -> /tmp/minio_downloads/1766488692.json
[2025-12-23T11:20:40.630+0000] {logging_mixin.py:188} INFO - Downloaded AMZN/1766488703.json -> /tmp/minio_downloads/1766488703.json
[2025-12-23T11:20:40.754+0000] {logging_mixin.py:188} INFO - Downloaded AMZN/1766488715.json -> /tmp/minio_downloads/1766488715.json
[2025-12-23T11:20:40.813+0000] {logging_mixin.py:188} INFO - Downloaded AMZN/1766488728.json -> /tmp/minio_downloads/1766488728.json
[2025-12-23T11:20:40.839+0000] {logging_mixin.py:188} INFO - Downloaded AMZN/1766488742.json -> /tmp/minio_downloads/1766488742.json
[2025-12-23T11:20:40.868+0000] {logging_mixin.py:188} INFO - Downloaded AMZN/1766488754.json -> /tmp/minio_downloads/1766488754.json
[2025-12-23T11:20:40.914+0000] {logging_mixin.py:188} INFO - Downloaded AMZN/1766488766.json -> /tmp/minio_downloads/1766488766.json
[2025-12-23T11:20:40.952+0000] {logging_mixin.py:188} INFO - Downloaded AMZN/1766488778.json -> /tmp/minio_downloads/1766488778.json
[2025-12-23T11:20:40.983+0000] {logging_mixin.py:188} INFO - Downloaded AMZN/1766488791.json -> /tmp/minio_downloads/1766488791.json
[2025-12-23T11:20:41.019+0000] {logging_mixin.py:188} INFO - Downloaded AMZN/1766488803.json -> /tmp/minio_downloads/1766488803.json
[2025-12-23T11:20:41.061+0000] {logging_mixin.py:188} INFO - Downloaded AMZN/1766488815.json -> /tmp/minio_downloads/1766488815.json
[2025-12-23T11:20:41.083+0000] {logging_mixin.py:188} INFO - Downloaded GOOGL/1766488209.json -> /tmp/minio_downloads/1766488209.json
[2025-12-23T11:20:41.104+0000] {logging_mixin.py:188} INFO - Downloaded GOOGL/1766488220.json -> /tmp/minio_downloads/1766488220.json
[2025-12-23T11:20:41.131+0000] {logging_mixin.py:188} INFO - Downloaded GOOGL/1766488232.json -> /tmp/minio_downloads/1766488232.json
[2025-12-23T11:20:41.162+0000] {logging_mixin.py:188} INFO - Downloaded GOOGL/1766488244.json -> /tmp/minio_downloads/1766488244.json
[2025-12-23T11:20:41.189+0000] {logging_mixin.py:188} INFO - Downloaded GOOGL/1766488255.json -> /tmp/minio_downloads/1766488255.json
[2025-12-23T11:20:41.209+0000] {logging_mixin.py:188} INFO - Downloaded GOOGL/1766488266.json -> /tmp/minio_downloads/1766488266.json
[2025-12-23T11:20:41.226+0000] {logging_mixin.py:188} INFO - Downloaded GOOGL/1766488277.json -> /tmp/minio_downloads/1766488277.json
[2025-12-23T11:20:41.244+0000] {logging_mixin.py:188} INFO - Downloaded GOOGL/1766488289.json -> /tmp/minio_downloads/1766488289.json
[2025-12-23T11:20:41.263+0000] {logging_mixin.py:188} INFO - Downloaded GOOGL/1766488300.json -> /tmp/minio_downloads/1766488300.json
[2025-12-23T11:20:41.280+0000] {logging_mixin.py:188} INFO - Downloaded GOOGL/1766488311.json -> /tmp/minio_downloads/1766488311.json
[2025-12-23T11:20:41.297+0000] {logging_mixin.py:188} INFO - Downloaded GOOGL/1766488322.json -> /tmp/minio_downloads/1766488322.json
[2025-12-23T11:20:41.327+0000] {logging_mixin.py:188} INFO - Downloaded GOOGL/1766488334.json -> /tmp/minio_downloads/1766488334.json
[2025-12-23T11:20:41.344+0000] {logging_mixin.py:188} INFO - Downloaded GOOGL/1766488346.json -> /tmp/minio_downloads/1766488346.json
[2025-12-23T11:20:41.361+0000] {logging_mixin.py:188} INFO - Downloaded GOOGL/1766488358.json -> /tmp/minio_downloads/1766488358.json
[2025-12-23T11:20:41.377+0000] {logging_mixin.py:188} INFO - Downloaded GOOGL/1766488370.json -> /tmp/minio_downloads/1766488370.json
[2025-12-23T11:20:41.394+0000] {logging_mixin.py:188} INFO - Downloaded GOOGL/1766488381.json -> /tmp/minio_downloads/1766488381.json
[2025-12-23T11:20:41.411+0000] {logging_mixin.py:188} INFO - Downloaded GOOGL/1766488392.json -> /tmp/minio_downloads/1766488392.json
[2025-12-23T11:20:41.434+0000] {logging_mixin.py:188} INFO - Downloaded GOOGL/1766488404.json -> /tmp/minio_downloads/1766488404.json
[2025-12-23T11:20:41.455+0000] {logging_mixin.py:188} INFO - Downloaded GOOGL/1766488415.json -> /tmp/minio_downloads/1766488415.json
[2025-12-23T11:20:41.475+0000] {logging_mixin.py:188} INFO - Downloaded GOOGL/1766488427.json -> /tmp/minio_downloads/1766488427.json
[2025-12-23T11:20:41.498+0000] {logging_mixin.py:188} INFO - Downloaded GOOGL/1766488438.json -> /tmp/minio_downloads/1766488438.json
[2025-12-23T11:20:41.519+0000] {logging_mixin.py:188} INFO - Downloaded GOOGL/1766488449.json -> /tmp/minio_downloads/1766488449.json
[2025-12-23T11:20:41.580+0000] {logging_mixin.py:188} INFO - Downloaded GOOGL/1766488460.json -> /tmp/minio_downloads/1766488460.json
[2025-12-23T11:20:41.602+0000] {logging_mixin.py:188} INFO - Downloaded GOOGL/1766488471.json -> /tmp/minio_downloads/1766488471.json
[2025-12-23T11:20:41.624+0000] {logging_mixin.py:188} INFO - Downloaded GOOGL/1766488483.json -> /tmp/minio_downloads/1766488483.json
[2025-12-23T11:20:41.644+0000] {logging_mixin.py:188} INFO - Downloaded GOOGL/1766488494.json -> /tmp/minio_downloads/1766488494.json
[2025-12-23T11:20:41.670+0000] {logging_mixin.py:188} INFO - Downloaded GOOGL/1766488505.json -> /tmp/minio_downloads/1766488505.json
[2025-12-23T11:20:41.692+0000] {logging_mixin.py:188} INFO - Downloaded GOOGL/1766488519.json -> /tmp/minio_downloads/1766488519.json
[2025-12-23T11:20:41.758+0000] {logging_mixin.py:188} INFO - Downloaded GOOGL/1766488531.json -> /tmp/minio_downloads/1766488531.json
[2025-12-23T11:20:41.829+0000] {logging_mixin.py:188} INFO - Downloaded GOOGL/1766488542.json -> /tmp/minio_downloads/1766488542.json
[2025-12-23T11:20:41.847+0000] {logging_mixin.py:188} INFO - Downloaded GOOGL/1766488553.json -> /tmp/minio_downloads/1766488553.json
[2025-12-23T11:20:41.868+0000] {logging_mixin.py:188} INFO - Downloaded GOOGL/1766488564.json -> /tmp/minio_downloads/1766488564.json
[2025-12-23T11:20:41.905+0000] {logging_mixin.py:188} INFO - Downloaded GOOGL/1766488575.json -> /tmp/minio_downloads/1766488575.json
[2025-12-23T11:20:41.929+0000] {logging_mixin.py:188} INFO - Downloaded GOOGL/1766488587.json -> /tmp/minio_downloads/1766488587.json
[2025-12-23T11:20:41.956+0000] {logging_mixin.py:188} INFO - Downloaded GOOGL/1766488599.json -> /tmp/minio_downloads/1766488599.json
[2025-12-23T11:20:41.984+0000] {logging_mixin.py:188} INFO - Downloaded GOOGL/1766488610.json -> /tmp/minio_downloads/1766488610.json
[2025-12-23T11:20:42.014+0000] {logging_mixin.py:188} INFO - Downloaded GOOGL/1766488622.json -> /tmp/minio_downloads/1766488622.json
[2025-12-23T11:20:42.050+0000] {logging_mixin.py:188} INFO - Downloaded GOOGL/1766488634.json -> /tmp/minio_downloads/1766488634.json
[2025-12-23T11:20:42.084+0000] {logging_mixin.py:188} INFO - Downloaded GOOGL/1766488646.json -> /tmp/minio_downloads/1766488646.json
[2025-12-23T11:20:42.111+0000] {logging_mixin.py:188} INFO - Downloaded GOOGL/1766488657.json -> /tmp/minio_downloads/1766488657.json
[2025-12-23T11:20:42.132+0000] {logging_mixin.py:188} INFO - Downloaded GOOGL/1766488668.json -> /tmp/minio_downloads/1766488668.json
[2025-12-23T11:20:42.160+0000] {logging_mixin.py:188} INFO - Downloaded GOOGL/1766488679.json -> /tmp/minio_downloads/1766488679.json
[2025-12-23T11:20:42.184+0000] {logging_mixin.py:188} INFO - Downloaded GOOGL/1766488691.json -> /tmp/minio_downloads/1766488691.json
[2025-12-23T11:20:42.202+0000] {logging_mixin.py:188} INFO - Downloaded GOOGL/1766488702.json -> /tmp/minio_downloads/1766488702.json
[2025-12-23T11:20:42.247+0000] {logging_mixin.py:188} INFO - Downloaded GOOGL/1766488714.json -> /tmp/minio_downloads/1766488714.json
[2025-12-23T11:20:42.268+0000] {logging_mixin.py:188} INFO - Downloaded GOOGL/1766488727.json -> /tmp/minio_downloads/1766488727.json
[2025-12-23T11:20:42.295+0000] {logging_mixin.py:188} INFO - Downloaded GOOGL/1766488741.json -> /tmp/minio_downloads/1766488741.json
[2025-12-23T11:20:42.316+0000] {logging_mixin.py:188} INFO - Downloaded GOOGL/1766488753.json -> /tmp/minio_downloads/1766488753.json
[2025-12-23T11:20:42.335+0000] {logging_mixin.py:188} INFO - Downloaded GOOGL/1766488765.json -> /tmp/minio_downloads/1766488765.json
[2025-12-23T11:20:42.364+0000] {logging_mixin.py:188} INFO - Downloaded GOOGL/1766488776.json -> /tmp/minio_downloads/1766488776.json
[2025-12-23T11:20:42.415+0000] {logging_mixin.py:188} INFO - Downloaded GOOGL/1766488790.json -> /tmp/minio_downloads/1766488790.json
[2025-12-23T11:20:42.449+0000] {logging_mixin.py:188} INFO - Downloaded GOOGL/1766488802.json -> /tmp/minio_downloads/1766488802.json
[2025-12-23T11:20:42.498+0000] {logging_mixin.py:188} INFO - Downloaded GOOGL/1766488814.json -> /tmp/minio_downloads/1766488814.json
[2025-12-23T11:20:42.587+0000] {logging_mixin.py:188} INFO - Downloaded GOOGL/1766488827.json -> /tmp/minio_downloads/1766488827.json
[2025-12-23T11:20:42.606+0000] {logging_mixin.py:188} INFO - Downloaded MSFT/1766488207.json -> /tmp/minio_downloads/1766488207.json
[2025-12-23T11:20:42.623+0000] {logging_mixin.py:188} INFO - Downloaded MSFT/1766488218.json -> /tmp/minio_downloads/1766488218.json
[2025-12-23T11:20:42.643+0000] {logging_mixin.py:188} INFO - Downloaded MSFT/1766488229.json -> /tmp/minio_downloads/1766488229.json
[2025-12-23T11:20:42.721+0000] {logging_mixin.py:188} INFO - Downloaded MSFT/1766488242.json -> /tmp/minio_downloads/1766488242.json
[2025-12-23T11:20:42.800+0000] {logging_mixin.py:188} INFO - Downloaded MSFT/1766488253.json -> /tmp/minio_downloads/1766488253.json
[2025-12-23T11:20:42.872+0000] {logging_mixin.py:188} INFO - Downloaded MSFT/1766488264.json -> /tmp/minio_downloads/1766488264.json
[2025-12-23T11:20:42.984+0000] {logging_mixin.py:188} INFO - Downloaded MSFT/1766488275.json -> /tmp/minio_downloads/1766488275.json
[2025-12-23T11:20:43.031+0000] {logging_mixin.py:188} INFO - Downloaded MSFT/1766488287.json -> /tmp/minio_downloads/1766488287.json
[2025-12-23T11:20:43.144+0000] {logging_mixin.py:188} INFO - Downloaded MSFT/1766488298.json -> /tmp/minio_downloads/1766488298.json
[2025-12-23T11:20:43.202+0000] {logging_mixin.py:188} INFO - Downloaded MSFT/1766488309.json -> /tmp/minio_downloads/1766488309.json
[2025-12-23T11:20:43.238+0000] {logging_mixin.py:188} INFO - Downloaded MSFT/1766488320.json -> /tmp/minio_downloads/1766488320.json
[2025-12-23T11:20:43.286+0000] {logging_mixin.py:188} INFO - Downloaded MSFT/1766488332.json -> /tmp/minio_downloads/1766488332.json
[2025-12-23T11:20:43.309+0000] {logging_mixin.py:188} INFO - Downloaded MSFT/1766488344.json -> /tmp/minio_downloads/1766488344.json
[2025-12-23T11:20:43.347+0000] {logging_mixin.py:188} INFO - Downloaded MSFT/1766488356.json -> /tmp/minio_downloads/1766488356.json
[2025-12-23T11:20:43.368+0000] {logging_mixin.py:188} INFO - Downloaded MSFT/1766488368.json -> /tmp/minio_downloads/1766488368.json
[2025-12-23T11:20:43.388+0000] {logging_mixin.py:188} INFO - Downloaded MSFT/1766488379.json -> /tmp/minio_downloads/1766488379.json
[2025-12-23T11:20:43.416+0000] {logging_mixin.py:188} INFO - Downloaded MSFT/1766488390.json -> /tmp/minio_downloads/1766488390.json
[2025-12-23T11:20:43.441+0000] {logging_mixin.py:188} INFO - Downloaded MSFT/1766488402.json -> /tmp/minio_downloads/1766488402.json
[2025-12-23T11:20:43.464+0000] {logging_mixin.py:188} INFO - Downloaded MSFT/1766488413.json -> /tmp/minio_downloads/1766488413.json
[2025-12-23T11:20:43.482+0000] {logging_mixin.py:188} INFO - Downloaded MSFT/1766488425.json -> /tmp/minio_downloads/1766488425.json
[2025-12-23T11:20:43.498+0000] {logging_mixin.py:188} INFO - Downloaded MSFT/1766488436.json -> /tmp/minio_downloads/1766488436.json
[2025-12-23T11:20:43.517+0000] {logging_mixin.py:188} INFO - Downloaded MSFT/1766488447.json -> /tmp/minio_downloads/1766488447.json
[2025-12-23T11:20:43.534+0000] {logging_mixin.py:188} INFO - Downloaded MSFT/1766488458.json -> /tmp/minio_downloads/1766488458.json
[2025-12-23T11:20:43.549+0000] {logging_mixin.py:188} INFO - Downloaded MSFT/1766488469.json -> /tmp/minio_downloads/1766488469.json
[2025-12-23T11:20:43.568+0000] {logging_mixin.py:188} INFO - Downloaded MSFT/1766488480.json -> /tmp/minio_downloads/1766488480.json
[2025-12-23T11:20:43.590+0000] {logging_mixin.py:188} INFO - Downloaded MSFT/1766488492.json -> /tmp/minio_downloads/1766488492.json
[2025-12-23T11:20:43.604+0000] {logging_mixin.py:188} INFO - Downloaded MSFT/1766488503.json -> /tmp/minio_downloads/1766488503.json
[2025-12-23T11:20:43.621+0000] {logging_mixin.py:188} INFO - Downloaded MSFT/1766488516.json -> /tmp/minio_downloads/1766488516.json
[2025-12-23T11:20:43.635+0000] {logging_mixin.py:188} INFO - Downloaded MSFT/1766488529.json -> /tmp/minio_downloads/1766488529.json
[2025-12-23T11:20:43.653+0000] {logging_mixin.py:188} INFO - Downloaded MSFT/1766488540.json -> /tmp/minio_downloads/1766488540.json
[2025-12-23T11:20:43.672+0000] {logging_mixin.py:188} INFO - Downloaded MSFT/1766488551.json -> /tmp/minio_downloads/1766488551.json
[2025-12-23T11:20:43.687+0000] {logging_mixin.py:188} INFO - Downloaded MSFT/1766488562.json -> /tmp/minio_downloads/1766488562.json
[2025-12-23T11:20:43.704+0000] {logging_mixin.py:188} INFO - Downloaded MSFT/1766488573.json -> /tmp/minio_downloads/1766488573.json
[2025-12-23T11:20:43.720+0000] {logging_mixin.py:188} INFO - Downloaded MSFT/1766488585.json -> /tmp/minio_downloads/1766488585.json
[2025-12-23T11:20:43.735+0000] {logging_mixin.py:188} INFO - Downloaded MSFT/1766488597.json -> /tmp/minio_downloads/1766488597.json
[2025-12-23T11:20:43.754+0000] {logging_mixin.py:188} INFO - Downloaded MSFT/1766488608.json -> /tmp/minio_downloads/1766488608.json
[2025-12-23T11:20:43.772+0000] {logging_mixin.py:188} INFO - Downloaded MSFT/1766488620.json -> /tmp/minio_downloads/1766488620.json
[2025-12-23T11:20:43.789+0000] {logging_mixin.py:188} INFO - Downloaded MSFT/1766488632.json -> /tmp/minio_downloads/1766488632.json
[2025-12-23T11:20:43.807+0000] {logging_mixin.py:188} INFO - Downloaded MSFT/1766488643.json -> /tmp/minio_downloads/1766488643.json
[2025-12-23T11:20:43.825+0000] {logging_mixin.py:188} INFO - Downloaded MSFT/1766488655.json -> /tmp/minio_downloads/1766488655.json
[2025-12-23T11:20:43.841+0000] {logging_mixin.py:188} INFO - Downloaded MSFT/1766488666.json -> /tmp/minio_downloads/1766488666.json
[2025-12-23T11:20:43.858+0000] {logging_mixin.py:188} INFO - Downloaded MSFT/1766488677.json -> /tmp/minio_downloads/1766488677.json
[2025-12-23T11:20:43.874+0000] {logging_mixin.py:188} INFO - Downloaded MSFT/1766488688.json -> /tmp/minio_downloads/1766488688.json
[2025-12-23T11:20:43.889+0000] {logging_mixin.py:188} INFO - Downloaded MSFT/1766488700.json -> /tmp/minio_downloads/1766488700.json
[2025-12-23T11:20:43.913+0000] {logging_mixin.py:188} INFO - Downloaded MSFT/1766488712.json -> /tmp/minio_downloads/1766488712.json
[2025-12-23T11:20:43.931+0000] {logging_mixin.py:188} INFO - Downloaded MSFT/1766488724.json -> /tmp/minio_downloads/1766488724.json
[2025-12-23T11:20:43.951+0000] {logging_mixin.py:188} INFO - Downloaded MSFT/1766488737.json -> /tmp/minio_downloads/1766488737.json
[2025-12-23T11:20:43.968+0000] {logging_mixin.py:188} INFO - Downloaded MSFT/1766488751.json -> /tmp/minio_downloads/1766488751.json
[2025-12-23T11:20:43.992+0000] {logging_mixin.py:188} INFO - Downloaded MSFT/1766488762.json -> /tmp/minio_downloads/1766488762.json
[2025-12-23T11:20:44.016+0000] {logging_mixin.py:188} INFO - Downloaded MSFT/1766488774.json -> /tmp/minio_downloads/1766488774.json
[2025-12-23T11:20:44.037+0000] {logging_mixin.py:188} INFO - Downloaded MSFT/1766488787.json -> /tmp/minio_downloads/1766488787.json
[2025-12-23T11:20:44.061+0000] {logging_mixin.py:188} INFO - Downloaded MSFT/1766488799.json -> /tmp/minio_downloads/1766488799.json
[2025-12-23T11:20:44.078+0000] {logging_mixin.py:188} INFO - Downloaded MSFT/1766488812.json -> /tmp/minio_downloads/1766488812.json
[2025-12-23T11:20:44.099+0000] {logging_mixin.py:188} INFO - Downloaded MSFT/1766488824.json -> /tmp/minio_downloads/1766488824.json
[2025-12-23T11:20:44.122+0000] {logging_mixin.py:188} INFO - Downloaded TSLA/1766488208.json -> /tmp/minio_downloads/1766488208.json
[2025-12-23T11:20:44.140+0000] {logging_mixin.py:188} INFO - Downloaded TSLA/1766488219.json -> /tmp/minio_downloads/1766488219.json
[2025-12-23T11:20:44.171+0000] {logging_mixin.py:188} INFO - Downloaded TSLA/1766488231.json -> /tmp/minio_downloads/1766488231.json
[2025-12-23T11:20:44.196+0000] {logging_mixin.py:188} INFO - Downloaded TSLA/1766488243.json -> /tmp/minio_downloads/1766488243.json
[2025-12-23T11:20:44.219+0000] {logging_mixin.py:188} INFO - Downloaded TSLA/1766488254.json -> /tmp/minio_downloads/1766488254.json
[2025-12-23T11:20:44.244+0000] {logging_mixin.py:188} INFO - Downloaded TSLA/1766488265.json -> /tmp/minio_downloads/1766488265.json
[2025-12-23T11:20:44.271+0000] {logging_mixin.py:188} INFO - Downloaded TSLA/1766488276.json -> /tmp/minio_downloads/1766488276.json
[2025-12-23T11:20:44.318+0000] {logging_mixin.py:188} INFO - Downloaded TSLA/1766488288.json -> /tmp/minio_downloads/1766488288.json
[2025-12-23T11:20:44.479+0000] {logging_mixin.py:188} INFO - Downloaded TSLA/1766488299.json -> /tmp/minio_downloads/1766488299.json
[2025-12-23T11:20:44.524+0000] {logging_mixin.py:188} INFO - Downloaded TSLA/1766488310.json -> /tmp/minio_downloads/1766488310.json
[2025-12-23T11:20:44.563+0000] {logging_mixin.py:188} INFO - Downloaded TSLA/1766488321.json -> /tmp/minio_downloads/1766488321.json
[2025-12-23T11:20:44.591+0000] {logging_mixin.py:188} INFO - Downloaded TSLA/1766488333.json -> /tmp/minio_downloads/1766488333.json
[2025-12-23T11:20:44.613+0000] {logging_mixin.py:188} INFO - Downloaded TSLA/1766488345.json -> /tmp/minio_downloads/1766488345.json
[2025-12-23T11:20:44.640+0000] {logging_mixin.py:188} INFO - Downloaded TSLA/1766488357.json -> /tmp/minio_downloads/1766488357.json
[2025-12-23T11:20:44.667+0000] {logging_mixin.py:188} INFO - Downloaded TSLA/1766488369.json -> /tmp/minio_downloads/1766488369.json
[2025-12-23T11:20:44.706+0000] {logging_mixin.py:188} INFO - Downloaded TSLA/1766488380.json -> /tmp/minio_downloads/1766488380.json
[2025-12-23T11:20:44.728+0000] {logging_mixin.py:188} INFO - Downloaded TSLA/1766488391.json -> /tmp/minio_downloads/1766488391.json
[2025-12-23T11:20:44.748+0000] {logging_mixin.py:188} INFO - Downloaded TSLA/1766488403.json -> /tmp/minio_downloads/1766488403.json
[2025-12-23T11:20:44.771+0000] {logging_mixin.py:188} INFO - Downloaded TSLA/1766488414.json -> /tmp/minio_downloads/1766488414.json
[2025-12-23T11:20:44.794+0000] {logging_mixin.py:188} INFO - Downloaded TSLA/1766488426.json -> /tmp/minio_downloads/1766488426.json
[2025-12-23T11:20:44.815+0000] {logging_mixin.py:188} INFO - Downloaded TSLA/1766488437.json -> /tmp/minio_downloads/1766488437.json
[2025-12-23T11:20:44.834+0000] {logging_mixin.py:188} INFO - Downloaded TSLA/1766488448.json -> /tmp/minio_downloads/1766488448.json
[2025-12-23T11:20:44.853+0000] {logging_mixin.py:188} INFO - Downloaded TSLA/1766488459.json -> /tmp/minio_downloads/1766488459.json
[2025-12-23T11:20:44.872+0000] {logging_mixin.py:188} INFO - Downloaded TSLA/1766488470.json -> /tmp/minio_downloads/1766488470.json
[2025-12-23T11:20:44.884+0000] {logging_mixin.py:188} INFO - Downloaded TSLA/1766488481.json -> /tmp/minio_downloads/1766488481.json
[2025-12-23T11:20:44.901+0000] {logging_mixin.py:188} INFO - Downloaded TSLA/1766488493.json -> /tmp/minio_downloads/1766488493.json
[2025-12-23T11:20:44.919+0000] {logging_mixin.py:188} INFO - Downloaded TSLA/1766488504.json -> /tmp/minio_downloads/1766488504.json
[2025-12-23T11:20:44.935+0000] {logging_mixin.py:188} INFO - Downloaded TSLA/1766488517.json -> /tmp/minio_downloads/1766488517.json
[2025-12-23T11:20:44.949+0000] {logging_mixin.py:188} INFO - Downloaded TSLA/1766488530.json -> /tmp/minio_downloads/1766488530.json
[2025-12-23T11:20:44.966+0000] {logging_mixin.py:188} INFO - Downloaded TSLA/1766488541.json -> /tmp/minio_downloads/1766488541.json
[2025-12-23T11:20:44.982+0000] {logging_mixin.py:188} INFO - Downloaded TSLA/1766488552.json -> /tmp/minio_downloads/1766488552.json
[2025-12-23T11:20:45.005+0000] {logging_mixin.py:188} INFO - Downloaded TSLA/1766488563.json -> /tmp/minio_downloads/1766488563.json
[2025-12-23T11:20:45.020+0000] {logging_mixin.py:188} INFO - Downloaded TSLA/1766488574.json -> /tmp/minio_downloads/1766488574.json
[2025-12-23T11:20:45.049+0000] {logging_mixin.py:188} INFO - Downloaded TSLA/1766488586.json -> /tmp/minio_downloads/1766488586.json
[2025-12-23T11:20:45.062+0000] {logging_mixin.py:188} INFO - Downloaded TSLA/1766488598.json -> /tmp/minio_downloads/1766488598.json
[2025-12-23T11:20:45.074+0000] {logging_mixin.py:188} INFO - Downloaded TSLA/1766488609.json -> /tmp/minio_downloads/1766488609.json
[2025-12-23T11:20:45.090+0000] {logging_mixin.py:188} INFO - Downloaded TSLA/1766488621.json -> /tmp/minio_downloads/1766488621.json
[2025-12-23T11:20:45.108+0000] {logging_mixin.py:188} INFO - Downloaded TSLA/1766488633.json -> /tmp/minio_downloads/1766488633.json
[2025-12-23T11:20:45.121+0000] {logging_mixin.py:188} INFO - Downloaded TSLA/1766488645.json -> /tmp/minio_downloads/1766488645.json
[2025-12-23T11:20:45.138+0000] {logging_mixin.py:188} INFO - Downloaded TSLA/1766488656.json -> /tmp/minio_downloads/1766488656.json
[2025-12-23T11:20:45.182+0000] {logging_mixin.py:188} INFO - Downloaded TSLA/1766488667.json -> /tmp/minio_downloads/1766488667.json
[2025-12-23T11:20:45.198+0000] {logging_mixin.py:188} INFO - Downloaded TSLA/1766488678.json -> /tmp/minio_downloads/1766488678.json
[2025-12-23T11:20:45.216+0000] {logging_mixin.py:188} INFO - Downloaded TSLA/1766488689.json -> /tmp/minio_downloads/1766488689.json
[2025-12-23T11:20:45.232+0000] {logging_mixin.py:188} INFO - Downloaded TSLA/1766488701.json -> /tmp/minio_downloads/1766488701.json
[2025-12-23T11:20:45.255+0000] {logging_mixin.py:188} INFO - Downloaded TSLA/1766488713.json -> /tmp/minio_downloads/1766488713.json
[2025-12-23T11:20:45.270+0000] {logging_mixin.py:188} INFO - Downloaded TSLA/1766488725.json -> /tmp/minio_downloads/1766488725.json
[2025-12-23T11:20:45.297+0000] {logging_mixin.py:188} INFO - Downloaded TSLA/1766488739.json -> /tmp/minio_downloads/1766488739.json
[2025-12-23T11:20:45.313+0000] {logging_mixin.py:188} INFO - Downloaded TSLA/1766488752.json -> /tmp/minio_downloads/1766488752.json
[2025-12-23T11:20:45.330+0000] {logging_mixin.py:188} INFO - Downloaded TSLA/1766488764.json -> /tmp/minio_downloads/1766488764.json
[2025-12-23T11:20:45.343+0000] {logging_mixin.py:188} INFO - Downloaded TSLA/1766488775.json -> /tmp/minio_downloads/1766488775.json
[2025-12-23T11:20:45.356+0000] {logging_mixin.py:188} INFO - Downloaded TSLA/1766488789.json -> /tmp/minio_downloads/1766488789.json
[2025-12-23T11:20:45.370+0000] {logging_mixin.py:188} INFO - Downloaded TSLA/1766488800.json -> /tmp/minio_downloads/1766488800.json
[2025-12-23T11:20:45.382+0000] {logging_mixin.py:188} INFO - Downloaded TSLA/1766488813.json -> /tmp/minio_downloads/1766488813.json
[2025-12-23T11:20:45.397+0000] {logging_mixin.py:188} INFO - Downloaded TSLA/1766488825.json -> /tmp/minio_downloads/1766488825.json
[2025-12-23T11:20:45.401+0000] {python.py:237} INFO - Done. Returned value was: ['/tmp/minio_downloads/1766488206.json', '/tmp/minio_downloads/1766488217.json', '/tmp/minio_downloads/1766488228.json', '/tmp/minio_downloads/1766488241.json', '/tmp/minio_downloads/1766488252.json', '/tmp/minio_downloads/1766488263.json', '/tmp/minio_downloads/1766488274.json', '/tmp/minio_downloads/1766488286.json', '/tmp/minio_downloads/1766488297.json', '/tmp/minio_downloads/1766488308.json', '/tmp/minio_downloads/1766488319.json', '/tmp/minio_downloads/1766488331.json', '/tmp/minio_downloads/1766488343.json', '/tmp/minio_downloads/1766488355.json', '/tmp/minio_downloads/1766488367.json', '/tmp/minio_downloads/1766488378.json', '/tmp/minio_downloads/1766488389.json', '/tmp/minio_downloads/1766488401.json', '/tmp/minio_downloads/1766488412.json', '/tmp/minio_downloads/1766488424.json', '/tmp/minio_downloads/1766488435.json', '/tmp/minio_downloads/1766488446.json', '/tmp/minio_downloads/1766488457.json', '/tmp/minio_downloads/1766488468.json', '/tmp/minio_downloads/1766488480.json', '/tmp/minio_downloads/1766488491.json', '/tmp/minio_downloads/1766488502.json', '/tmp/minio_downloads/1766488514.json', '/tmp/minio_downloads/1766488527.json', '/tmp/minio_downloads/1766488539.json', '/tmp/minio_downloads/1766488550.json', '/tmp/minio_downloads/1766488561.json', '/tmp/minio_downloads/1766488572.json', '/tmp/minio_downloads/1766488584.json', '/tmp/minio_downloads/1766488596.json', '/tmp/minio_downloads/1766488607.json', '/tmp/minio_downloads/1766488618.json', '/tmp/minio_downloads/1766488631.json', '/tmp/minio_downloads/1766488642.json', '/tmp/minio_downloads/1766488654.json', '/tmp/minio_downloads/1766488665.json', '/tmp/minio_downloads/1766488676.json', '/tmp/minio_downloads/1766488687.json', '/tmp/minio_downloads/1766488699.json', '/tmp/minio_downloads/1766488710.json', '/tmp/minio_downloads/1766488722.json', '/tmp/minio_downloads/1766488736.json', '/tmp/minio_downloads/1766488750.json', '/tmp/minio_downloads/1766488761.json', '/tmp/minio_downloads/1766488773.json', '/tmp/minio_downloads/1766488786.json', '/tmp/minio_downloads/1766488798.json', '/tmp/minio_downloads/1766488810.json', '/tmp/minio_downloads/1766488823.json', '/tmp/minio_downloads/1766488210.json', '/tmp/minio_downloads/1766488221.json', '/tmp/minio_downloads/1766488233.json', '/tmp/minio_downloads/1766488245.json', '/tmp/minio_downloads/1766488256.json', '/tmp/minio_downloads/1766488267.json', '/tmp/minio_downloads/1766488278.json', '/tmp/minio_downloads/1766488290.json', '/tmp/minio_downloads/1766488301.json', '/tmp/minio_downloads/1766488312.json', '/tmp/minio_downloads/1766488324.json', '/tmp/minio_downloads/1766488335.json', '/tmp/minio_downloads/1766488347.json', '/tmp/minio_downloads/1766488360.json', '/tmp/minio_downloads/1766488371.json', '/tmp/minio_downloads/1766488382.json', '/tmp/minio_downloads/1766488393.json', '/tmp/minio_downloads/1766488405.json', '/tmp/minio_downloads/1766488416.json', '/tmp/minio_downloads/1766488428.json', '/tmp/minio_downloads/1766488439.json', '/tmp/minio_downloads/1766488450.json', '/tmp/minio_downloads/1766488461.json', '/tmp/minio_downloads/1766488473.json', '/tmp/minio_downloads/1766488484.json', '/tmp/minio_downloads/1766488495.json', '/tmp/minio_downloads/1766488507.json', '/tmp/minio_downloads/1766488520.json', '/tmp/minio_downloads/1766488532.json', '/tmp/minio_downloads/1766488543.json', '/tmp/minio_downloads/1766488554.json', '/tmp/minio_downloads/1766488565.json', '/tmp/minio_downloads/1766488577.json', '/tmp/minio_downloads/1766488588.json', '/tmp/minio_downloads/1766488600.json', '/tmp/minio_downloads/1766488611.json', '/tmp/minio_downloads/1766488624.json', '/tmp/minio_downloads/1766488635.json', '/tmp/minio_downloads/1766488647.json', '/tmp/minio_downloads/1766488658.json', '/tmp/minio_downloads/1766488669.json', '/tmp/minio_downloads/1766488680.json', '/tmp/minio_downloads/1766488692.json', '/tmp/minio_downloads/1766488703.json', '/tmp/minio_downloads/1766488715.json', '/tmp/minio_downloads/1766488728.json', '/tmp/minio_downloads/1766488742.json', '/tmp/minio_downloads/1766488754.json', '/tmp/minio_downloads/1766488766.json', '/tmp/minio_downloads/1766488778.json', '/tmp/minio_downloads/1766488791.json', '/tmp/minio_downloads/1766488803.json', '/tmp/minio_downloads/1766488815.json', '/tmp/minio_downloads/1766488209.json', '/tmp/minio_downloads/1766488220.json', '/tmp/minio_downloads/1766488232.json', '/tmp/minio_downloads/1766488244.json', '/tmp/minio_downloads/1766488255.json', '/tmp/minio_downloads/1766488266.json', '/tmp/minio_downloads/1766488277.json', '/tmp/minio_downloads/1766488289.json', '/tmp/minio_downloads/1766488300.json', '/tmp/minio_downloads/1766488311.json', '/tmp/minio_downloads/1766488322.json', '/tmp/minio_downloads/1766488334.json', '/tmp/minio_downloads/1766488346.json', '/tmp/minio_downloads/1766488358.json', '/tmp/minio_downloads/1766488370.json', '/tmp/minio_downloads/1766488381.json', '/tmp/minio_downloads/1766488392.json', '/tmp/minio_downloads/1766488404.json', '/tmp/minio_downloads/1766488415.json', '/tmp/minio_downloads/1766488427.json', '/tmp/minio_downloads/1766488438.json', '/tmp/minio_downloads/1766488449.json', '/tmp/minio_downloads/1766488460.json', '/tmp/minio_downloads/1766488471.json', '/tmp/minio_downloads/1766488483.json', '/tmp/minio_downloads/1766488494.json', '/tmp/minio_downloads/1766488505.json', '/tmp/minio_downloads/1766488519.json', '/tmp/minio_downloads/1766488531.json', '/tmp/minio_downloads/1766488542.json', '/tmp/minio_downloads/1766488553.json', '/tmp/minio_downloads/1766488564.json', '/tmp/minio_downloads/1766488575.json', '/tmp/minio_downloads/1766488587.json', '/tmp/minio_downloads/1766488599.json', '/tmp/minio_downloads/1766488610.json', '/tmp/minio_downloads/1766488622.json', '/tmp/minio_downloads/1766488634.json', '/tmp/minio_downloads/1766488646.json', '/tmp/minio_downloads/1766488657.json', '/tmp/minio_downloads/1766488668.json', '/tmp/minio_downloads/1766488679.json', '/tmp/minio_downloads/1766488691.json', '/tmp/minio_downloads/1766488702.json', '/tmp/minio_downloads/1766488714.json', '/tmp/minio_downloads/1766488727.json', '/tmp/minio_downloads/1766488741.json', '/tmp/minio_downloads/1766488753.json', '/tmp/minio_downloads/1766488765.json', '/tmp/minio_downloads/1766488776.json', '/tmp/minio_downloads/1766488790.json', '/tmp/minio_downloads/1766488802.json', '/tmp/minio_downloads/1766488814.json', '/tmp/minio_downloads/1766488827.json', '/tmp/minio_downloads/1766488207.json', '/tmp/minio_downloads/1766488218.json', '/tmp/minio_downloads/1766488229.json', '/tmp/minio_downloads/1766488242.json', '/tmp/minio_downloads/1766488253.json', '/tmp/minio_downloads/1766488264.json', '/tmp/minio_downloads/1766488275.json', '/tmp/minio_downloads/1766488287.json', '/tmp/minio_downloads/1766488298.json', '/tmp/minio_downloads/1766488309.json', '/tmp/minio_downloads/1766488320.json', '/tmp/minio_downloads/1766488332.json', '/tmp/minio_downloads/1766488344.json', '/tmp/minio_downloads/1766488356.json', '/tmp/minio_downloads/1766488368.json', '/tmp/minio_downloads/1766488379.json', '/tmp/minio_downloads/1766488390.json', '/tmp/minio_downloads/1766488402.json', '/tmp/minio_downloads/1766488413.json', '/tmp/minio_downloads/1766488425.json', '/tmp/minio_downloads/1766488436.json', '/tmp/minio_downloads/1766488447.json', '/tmp/minio_downloads/1766488458.json', '/tmp/minio_downloads/1766488469.json', '/tmp/minio_downloads/1766488480.json', '/tmp/minio_downloads/1766488492.json', '/tmp/minio_downloads/1766488503.json', '/tmp/minio_downloads/1766488516.json', '/tmp/minio_downloads/1766488529.json', '/tmp/minio_downloads/1766488540.json', '/tmp/minio_downloads/1766488551.json', '/tmp/minio_downloads/1766488562.json', '/tmp/minio_downloads/1766488573.json', '/tmp/minio_downloads/1766488585.json', '/tmp/minio_downloads/1766488597.json', '/tmp/minio_downloads/1766488608.json', '/tmp/minio_downloads/1766488620.json', '/tmp/minio_downloads/1766488632.json', '/tmp/minio_downloads/1766488643.json', '/tmp/minio_downloads/1766488655.json', '/tmp/minio_downloads/1766488666.json', '/tmp/minio_downloads/1766488677.json', '/tmp/minio_downloads/1766488688.json', '/tmp/minio_downloads/1766488700.json', '/tmp/minio_downloads/1766488712.json', '/tmp/minio_downloads/1766488724.json', '/tmp/minio_downloads/1766488737.json', '/tmp/minio_downloads/1766488751.json', '/tmp/minio_downloads/1766488762.json', '/tmp/minio_downloads/1766488774.json', '/tmp/minio_downloads/1766488787.json', '/tmp/minio_downloads/1766488799.json', '/tmp/minio_downloads/1766488812.json', '/tmp/minio_downloads/1766488824.json', '/tmp/minio_downloads/1766488208.json', '/tmp/minio_downloads/1766488219.json', '/tmp/minio_downloads/1766488231.json', '/tmp/minio_downloads/1766488243.json', '/tmp/minio_downloads/1766488254.json', '/tmp/minio_downloads/1766488265.json', '/tmp/minio_downloads/1766488276.json', '/tmp/minio_downloads/1766488288.json', '/tmp/minio_downloads/1766488299.json', '/tmp/minio_downloads/1766488310.json', '/tmp/minio_downloads/1766488321.json', '/tmp/minio_downloads/1766488333.json', '/tmp/minio_downloads/1766488345.json', '/tmp/minio_downloads/1766488357.json', '/tmp/minio_downloads/1766488369.json', '/tmp/minio_downloads/1766488380.json', '/tmp/minio_downloads/1766488391.json', '/tmp/minio_downloads/1766488403.json', '/tmp/minio_downloads/1766488414.json', '/tmp/minio_downloads/1766488426.json', '/tmp/minio_downloads/1766488437.json', '/tmp/minio_downloads/1766488448.json', '/tmp/minio_downloads/1766488459.json', '/tmp/minio_downloads/1766488470.json', '/tmp/minio_downloads/1766488481.json', '/tmp/minio_downloads/1766488493.json', '/tmp/minio_downloads/1766488504.json', '/tmp/minio_downloads/1766488517.json', '/tmp/minio_downloads/1766488530.json', '/tmp/minio_downloads/1766488541.json', '/tmp/minio_downloads/1766488552.json', '/tmp/minio_downloads/1766488563.json', '/tmp/minio_downloads/1766488574.json', '/tmp/minio_downloads/1766488586.json', '/tmp/minio_downloads/1766488598.json', '/tmp/minio_downloads/1766488609.json', '/tmp/minio_downloads/1766488621.json', '/tmp/minio_downloads/1766488633.json', '/tmp/minio_downloads/1766488645.json', '/tmp/minio_downloads/1766488656.json', '/tmp/minio_downloads/1766488667.json', '/tmp/minio_downloads/1766488678.json', '/tmp/minio_downloads/1766488689.json', '/tmp/minio_downloads/1766488701.json', '/tmp/minio_downloads/1766488713.json', '/tmp/minio_downloads/1766488725.json', '/tmp/minio_downloads/1766488739.json', '/tmp/minio_downloads/1766488752.json', '/tmp/minio_downloads/1766488764.json', '/tmp/minio_downloads/1766488775.json', '/tmp/minio_downloads/1766488789.json', '/tmp/minio_downloads/1766488800.json', '/tmp/minio_downloads/1766488813.json', '/tmp/minio_downloads/1766488825.json']
[2025-12-23T11:20:45.404+0000] {taskinstance.py:441} INFO - ::group::Post task execution logs
[2025-12-23T11:20:45.488+0000] {taskinstance.py:1206} INFO - Marking task as SUCCESS. dag_id=minio_to_snowflake, task_id=download_minio, run_id=scheduled__2025-12-23T11:17:00+00:00, execution_date=20251223T111700, start_date=20251223T112022, end_date=20251223T112045
[2025-12-23T11:20:45.580+0000] {local_task_job_runner.py:243} INFO - Task exited with return code 0
[2025-12-23T11:20:45.632+0000] {taskinstance.py:3503} INFO - 1 downstream tasks scheduled from follow-on schedule check
[2025-12-23T11:20:45.637+0000] {local_task_job_runner.py:222} INFO - ::endgroup::
