[2025-12-25T08:59:59.954+0000] {local_task_job_runner.py:120} INFO - ::group::Pre task execution logs
[2025-12-25T09:00:00.072+0000] {taskinstance.py:2076} INFO - Dependencies all met for dep_context=non-requeueable deps ti=<TaskInstance: minio_to_snowflake.download_minio scheduled__2025-12-25T08:52:00+00:00 [queued]>
[2025-12-25T09:00:00.100+0000] {taskinstance.py:2076} INFO - Dependencies all met for dep_context=requeueable deps ti=<TaskInstance: minio_to_snowflake.download_minio scheduled__2025-12-25T08:52:00+00:00 [queued]>
[2025-12-25T09:00:00.108+0000] {taskinstance.py:2306} INFO - Starting attempt 1 of 2
[2025-12-25T09:00:00.171+0000] {taskinstance.py:2330} INFO - Executing <Task(PythonOperator): download_minio> on 2025-12-25 08:52:00+00:00
[2025-12-25T09:00:00.231+0000] {standard_task_runner.py:90} INFO - Running: ['***', 'tasks', 'run', 'minio_to_snowflake', 'download_minio', 'scheduled__2025-12-25T08:52:00+00:00', '--job-id', '170', '--raw', '--subdir', 'DAGS_FOLDER/minio_to_snowflake.py', '--cfg-path', '/tmp/tmpmflzzfmw']
[2025-12-25T09:00:00.243+0000] {standard_task_runner.py:91} INFO - Job 170: Subtask download_minio
[2025-12-25T09:00:00.247+0000] {logging_mixin.py:188} WARNING - /home/***/.local/lib/python3.12/site-packages/***/task/task_runner/standard_task_runner.py:62 DeprecationWarning: This process (pid=3128) is multi-threaded, use of fork() may lead to deadlocks in the child.
[2025-12-25T09:00:00.253+0000] {standard_task_runner.py:64} INFO - Started process 3145 to run task
[2025-12-25T09:00:00.422+0000] {task_command.py:426} INFO - Running <TaskInstance: minio_to_snowflake.download_minio scheduled__2025-12-25T08:52:00+00:00 [running]> on host f2efb562a677
[2025-12-25T09:00:00.645+0000] {taskinstance.py:2648} INFO - Exporting env vars: AIRFLOW_CTX_DAG_OWNER='***' AIRFLOW_CTX_DAG_ID='minio_to_snowflake' AIRFLOW_CTX_TASK_ID='download_minio' AIRFLOW_CTX_EXECUTION_DATE='2025-12-25T08:52:00+00:00' AIRFLOW_CTX_TRY_NUMBER='1' AIRFLOW_CTX_DAG_RUN_ID='scheduled__2025-12-25T08:52:00+00:00'
[2025-12-25T09:00:00.648+0000] {taskinstance.py:430} INFO - ::endgroup::
[2025-12-25T09:00:04.692+0000] {logging_mixin.py:188} INFO - Downloaded AAPL/1766651912.json -> /tmp/minio_downloads/1766651912.json
[2025-12-25T09:00:04.733+0000] {logging_mixin.py:188} INFO - Downloaded AAPL/1766651923.json -> /tmp/minio_downloads/1766651923.json
[2025-12-25T09:00:04.829+0000] {logging_mixin.py:188} INFO - Downloaded AAPL/1766651935.json -> /tmp/minio_downloads/1766651935.json
[2025-12-25T09:00:04.863+0000] {logging_mixin.py:188} INFO - Downloaded AAPL/1766651947.json -> /tmp/minio_downloads/1766651947.json
[2025-12-25T09:00:04.894+0000] {logging_mixin.py:188} INFO - Downloaded AAPL/1766651959.json -> /tmp/minio_downloads/1766651959.json
[2025-12-25T09:00:04.921+0000] {logging_mixin.py:188} INFO - Downloaded AAPL/1766651972.json -> /tmp/minio_downloads/1766651972.json
[2025-12-25T09:00:04.948+0000] {logging_mixin.py:188} INFO - Downloaded AAPL/1766651985.json -> /tmp/minio_downloads/1766651985.json
[2025-12-25T09:00:04.976+0000] {logging_mixin.py:188} INFO - Downloaded AAPL/1766651996.json -> /tmp/minio_downloads/1766651996.json
[2025-12-25T09:00:05.007+0000] {logging_mixin.py:188} INFO - Downloaded AAPL/1766652008.json -> /tmp/minio_downloads/1766652008.json
[2025-12-25T09:00:05.043+0000] {logging_mixin.py:188} INFO - Downloaded AAPL/1766652020.json -> /tmp/minio_downloads/1766652020.json
[2025-12-25T09:00:05.072+0000] {logging_mixin.py:188} INFO - Downloaded AAPL/1766652032.json -> /tmp/minio_downloads/1766652032.json
[2025-12-25T09:00:05.098+0000] {logging_mixin.py:188} INFO - Downloaded AAPL/1766652044.json -> /tmp/minio_downloads/1766652044.json
[2025-12-25T09:00:05.121+0000] {logging_mixin.py:188} INFO - Downloaded AAPL/1766652056.json -> /tmp/minio_downloads/1766652056.json
[2025-12-25T09:00:05.141+0000] {logging_mixin.py:188} INFO - Downloaded AAPL/1766652067.json -> /tmp/minio_downloads/1766652067.json
[2025-12-25T09:00:05.161+0000] {logging_mixin.py:188} INFO - Downloaded AAPL/1766652079.json -> /tmp/minio_downloads/1766652079.json
[2025-12-25T09:00:05.193+0000] {logging_mixin.py:188} INFO - Downloaded AAPL/1766652091.json -> /tmp/minio_downloads/1766652091.json
[2025-12-25T09:00:05.221+0000] {logging_mixin.py:188} INFO - Downloaded AAPL/1766652104.json -> /tmp/minio_downloads/1766652104.json
[2025-12-25T09:00:05.251+0000] {logging_mixin.py:188} INFO - Downloaded AAPL/1766652116.json -> /tmp/minio_downloads/1766652116.json
[2025-12-25T09:00:05.286+0000] {logging_mixin.py:188} INFO - Downloaded AAPL/1766652128.json -> /tmp/minio_downloads/1766652128.json
[2025-12-25T09:00:05.319+0000] {logging_mixin.py:188} INFO - Downloaded AAPL/1766652140.json -> /tmp/minio_downloads/1766652140.json
[2025-12-25T09:00:05.369+0000] {logging_mixin.py:188} INFO - Downloaded AAPL/1766652153.json -> /tmp/minio_downloads/1766652153.json
[2025-12-25T09:00:05.416+0000] {logging_mixin.py:188} INFO - Downloaded AAPL/1766652164.json -> /tmp/minio_downloads/1766652164.json
[2025-12-25T09:00:05.466+0000] {logging_mixin.py:188} INFO - Downloaded AAPL/1766652176.json -> /tmp/minio_downloads/1766652176.json
[2025-12-25T09:00:05.499+0000] {logging_mixin.py:188} INFO - Downloaded AAPL/1766652188.json -> /tmp/minio_downloads/1766652188.json
[2025-12-25T09:00:05.557+0000] {logging_mixin.py:188} INFO - Downloaded AAPL/1766652200.json -> /tmp/minio_downloads/1766652200.json
[2025-12-25T09:00:05.591+0000] {logging_mixin.py:188} INFO - Downloaded AAPL/1766652213.json -> /tmp/minio_downloads/1766652213.json
[2025-12-25T09:00:05.622+0000] {logging_mixin.py:188} INFO - Downloaded AAPL/1766652224.json -> /tmp/minio_downloads/1766652224.json
[2025-12-25T09:00:05.648+0000] {logging_mixin.py:188} INFO - Downloaded AAPL/1766652236.json -> /tmp/minio_downloads/1766652236.json
[2025-12-25T09:00:05.665+0000] {logging_mixin.py:188} INFO - Downloaded AAPL/1766652248.json -> /tmp/minio_downloads/1766652248.json
[2025-12-25T09:00:05.689+0000] {logging_mixin.py:188} INFO - Downloaded AAPL/1766652260.json -> /tmp/minio_downloads/1766652260.json
[2025-12-25T09:00:05.709+0000] {logging_mixin.py:188} INFO - Downloaded AAPL/1766652272.json -> /tmp/minio_downloads/1766652272.json
[2025-12-25T09:00:05.730+0000] {logging_mixin.py:188} INFO - Downloaded AAPL/1766652284.json -> /tmp/minio_downloads/1766652284.json
[2025-12-25T09:00:05.751+0000] {logging_mixin.py:188} INFO - Downloaded AAPL/1766652296.json -> /tmp/minio_downloads/1766652296.json
[2025-12-25T09:00:05.769+0000] {logging_mixin.py:188} INFO - Downloaded AAPL/1766652308.json -> /tmp/minio_downloads/1766652308.json
[2025-12-25T09:00:05.789+0000] {logging_mixin.py:188} INFO - Downloaded AAPL/1766652319.json -> /tmp/minio_downloads/1766652319.json
[2025-12-25T09:00:05.817+0000] {logging_mixin.py:188} INFO - Downloaded AAPL/1766652332.json -> /tmp/minio_downloads/1766652332.json
[2025-12-25T09:00:05.834+0000] {logging_mixin.py:188} INFO - Downloaded AAPL/1766652345.json -> /tmp/minio_downloads/1766652345.json
[2025-12-25T09:00:05.854+0000] {logging_mixin.py:188} INFO - Downloaded AAPL/1766652356.json -> /tmp/minio_downloads/1766652356.json
[2025-12-25T09:00:05.872+0000] {logging_mixin.py:188} INFO - Downloaded AAPL/1766652369.json -> /tmp/minio_downloads/1766652369.json
[2025-12-25T09:00:05.892+0000] {logging_mixin.py:188} INFO - Downloaded AAPL/1766652381.json -> /tmp/minio_downloads/1766652381.json
[2025-12-25T09:00:05.910+0000] {logging_mixin.py:188} INFO - Downloaded AAPL/1766652397.json -> /tmp/minio_downloads/1766652397.json
[2025-12-25T09:00:05.927+0000] {logging_mixin.py:188} INFO - Downloaded AAPL/1766652409.json -> /tmp/minio_downloads/1766652409.json
[2025-12-25T09:00:05.945+0000] {logging_mixin.py:188} INFO - Downloaded AAPL/1766652421.json -> /tmp/minio_downloads/1766652421.json
[2025-12-25T09:00:05.960+0000] {logging_mixin.py:188} INFO - Downloaded AAPL/1766652434.json -> /tmp/minio_downloads/1766652434.json
[2025-12-25T09:00:05.978+0000] {logging_mixin.py:188} INFO - Downloaded AAPL/1766652447.json -> /tmp/minio_downloads/1766652447.json
[2025-12-25T09:00:05.996+0000] {logging_mixin.py:188} INFO - Downloaded AAPL/1766652459.json -> /tmp/minio_downloads/1766652459.json
[2025-12-25T09:00:06.014+0000] {logging_mixin.py:188} INFO - Downloaded AAPL/1766652471.json -> /tmp/minio_downloads/1766652471.json
[2025-12-25T09:00:06.030+0000] {logging_mixin.py:188} INFO - Downloaded AAPL/1766652485.json -> /tmp/minio_downloads/1766652485.json
[2025-12-25T09:00:06.048+0000] {logging_mixin.py:188} INFO - Downloaded AAPL/1766652498.json -> /tmp/minio_downloads/1766652498.json
[2025-12-25T09:00:06.067+0000] {logging_mixin.py:188} INFO - Downloaded AAPL/1766652511.json -> /tmp/minio_downloads/1766652511.json
[2025-12-25T09:00:06.084+0000] {logging_mixin.py:188} INFO - Downloaded AAPL/1766652524.json -> /tmp/minio_downloads/1766652524.json
[2025-12-25T09:00:06.102+0000] {logging_mixin.py:188} INFO - Downloaded AAPL/1766652538.json -> /tmp/minio_downloads/1766652538.json
[2025-12-25T09:00:06.116+0000] {logging_mixin.py:188} INFO - Downloaded AAPL/1766652552.json -> /tmp/minio_downloads/1766652552.json
[2025-12-25T09:00:06.132+0000] {logging_mixin.py:188} INFO - Downloaded AAPL/1766652565.json -> /tmp/minio_downloads/1766652565.json
[2025-12-25T09:00:06.148+0000] {logging_mixin.py:188} INFO - Downloaded AAPL/1766652578.json -> /tmp/minio_downloads/1766652578.json
[2025-12-25T09:00:06.162+0000] {logging_mixin.py:188} INFO - Downloaded AAPL/1766652592.json -> /tmp/minio_downloads/1766652592.json
[2025-12-25T09:00:06.177+0000] {logging_mixin.py:188} INFO - Downloaded AAPL/1766652605.json -> /tmp/minio_downloads/1766652605.json
[2025-12-25T09:00:06.192+0000] {logging_mixin.py:188} INFO - Downloaded AAPL/1766652619.json -> /tmp/minio_downloads/1766652619.json
[2025-12-25T09:00:06.208+0000] {logging_mixin.py:188} INFO - Downloaded AAPL/1766652633.json -> /tmp/minio_downloads/1766652633.json
[2025-12-25T09:00:06.223+0000] {logging_mixin.py:188} INFO - Downloaded AAPL/1766652648.json -> /tmp/minio_downloads/1766652648.json
[2025-12-25T09:00:06.238+0000] {logging_mixin.py:188} INFO - Downloaded AAPL/1766652660.json -> /tmp/minio_downloads/1766652660.json
[2025-12-25T09:00:06.253+0000] {logging_mixin.py:188} INFO - Downloaded AAPL/1766652672.json -> /tmp/minio_downloads/1766652672.json
[2025-12-25T09:00:06.270+0000] {logging_mixin.py:188} INFO - Downloaded AAPL/1766652685.json -> /tmp/minio_downloads/1766652685.json
[2025-12-25T09:00:06.285+0000] {logging_mixin.py:188} INFO - Downloaded AAPL/1766652698.json -> /tmp/minio_downloads/1766652698.json
[2025-12-25T09:00:06.303+0000] {logging_mixin.py:188} INFO - Downloaded AAPL/1766652711.json -> /tmp/minio_downloads/1766652711.json
[2025-12-25T09:00:06.321+0000] {logging_mixin.py:188} INFO - Downloaded AAPL/1766652722.json -> /tmp/minio_downloads/1766652722.json
[2025-12-25T09:00:06.343+0000] {logging_mixin.py:188} INFO - Downloaded AAPL/1766652734.json -> /tmp/minio_downloads/1766652734.json
[2025-12-25T09:00:06.363+0000] {logging_mixin.py:188} INFO - Downloaded AAPL/1766652747.json -> /tmp/minio_downloads/1766652747.json
[2025-12-25T09:00:06.379+0000] {logging_mixin.py:188} INFO - Downloaded AAPL/1766652759.json -> /tmp/minio_downloads/1766652759.json
[2025-12-25T09:00:06.396+0000] {logging_mixin.py:188} INFO - Downloaded AAPL/1766652771.json -> /tmp/minio_downloads/1766652771.json
[2025-12-25T09:00:06.418+0000] {logging_mixin.py:188} INFO - Downloaded AAPL/1766652784.json -> /tmp/minio_downloads/1766652784.json
[2025-12-25T09:00:06.441+0000] {logging_mixin.py:188} INFO - Downloaded AAPL/1766652797.json -> /tmp/minio_downloads/1766652797.json
[2025-12-25T09:00:06.465+0000] {logging_mixin.py:188} INFO - Downloaded AAPL/1766652811.json -> /tmp/minio_downloads/1766652811.json
[2025-12-25T09:00:06.483+0000] {logging_mixin.py:188} INFO - Downloaded AAPL/1766652823.json -> /tmp/minio_downloads/1766652823.json
[2025-12-25T09:00:06.507+0000] {logging_mixin.py:188} INFO - Downloaded AAPL/1766652835.json -> /tmp/minio_downloads/1766652835.json
[2025-12-25T09:00:06.524+0000] {logging_mixin.py:188} INFO - Downloaded AAPL/1766652849.json -> /tmp/minio_downloads/1766652849.json
[2025-12-25T09:00:06.543+0000] {logging_mixin.py:188} INFO - Downloaded AAPL/1766652861.json -> /tmp/minio_downloads/1766652861.json
[2025-12-25T09:00:06.568+0000] {logging_mixin.py:188} INFO - Downloaded AAPL/1766652873.json -> /tmp/minio_downloads/1766652873.json
[2025-12-25T09:00:06.594+0000] {logging_mixin.py:188} INFO - Downloaded AAPL/1766652885.json -> /tmp/minio_downloads/1766652885.json
[2025-12-25T09:00:06.626+0000] {logging_mixin.py:188} INFO - Downloaded AAPL/1766652897.json -> /tmp/minio_downloads/1766652897.json
[2025-12-25T09:00:06.646+0000] {logging_mixin.py:188} INFO - Downloaded AAPL/1766652914.json -> /tmp/minio_downloads/1766652914.json
[2025-12-25T09:00:06.663+0000] {logging_mixin.py:188} INFO - Downloaded AAPL/1766652926.json -> /tmp/minio_downloads/1766652926.json
[2025-12-25T09:00:06.684+0000] {logging_mixin.py:188} INFO - Downloaded AAPL/1766652938.json -> /tmp/minio_downloads/1766652938.json
[2025-12-25T09:00:06.705+0000] {logging_mixin.py:188} INFO - Downloaded AAPL/1766652951.json -> /tmp/minio_downloads/1766652951.json
[2025-12-25T09:00:06.720+0000] {logging_mixin.py:188} INFO - Downloaded AAPL/1766652965.json -> /tmp/minio_downloads/1766652965.json
[2025-12-25T09:00:06.741+0000] {logging_mixin.py:188} INFO - Downloaded AAPL/1766652976.json -> /tmp/minio_downloads/1766652976.json
[2025-12-25T09:00:06.754+0000] {logging_mixin.py:188} INFO - Downloaded AAPL/1766652987.json -> /tmp/minio_downloads/1766652987.json
[2025-12-25T09:00:06.781+0000] {logging_mixin.py:188} INFO - Downloaded AAPL/1766653001.json -> /tmp/minio_downloads/1766653001.json
[2025-12-25T09:00:06.794+0000] {logging_mixin.py:188} INFO - Downloaded AAPL/1766653014.json -> /tmp/minio_downloads/1766653014.json
[2025-12-25T09:00:06.813+0000] {logging_mixin.py:188} INFO - Downloaded AAPL/1766653027.json -> /tmp/minio_downloads/1766653027.json
[2025-12-25T09:00:06.830+0000] {logging_mixin.py:188} INFO - Downloaded AAPL/1766653039.json -> /tmp/minio_downloads/1766653039.json
[2025-12-25T09:00:06.847+0000] {logging_mixin.py:188} INFO - Downloaded AAPL/1766653053.json -> /tmp/minio_downloads/1766653053.json
[2025-12-25T09:00:06.868+0000] {logging_mixin.py:188} INFO - Downloaded AAPL/1766653067.json -> /tmp/minio_downloads/1766653067.json
[2025-12-25T09:00:06.887+0000] {logging_mixin.py:188} INFO - Downloaded AAPL/1766653080.json -> /tmp/minio_downloads/1766653080.json
[2025-12-25T09:00:06.916+0000] {logging_mixin.py:188} INFO - Downloaded AAPL/1766653092.json -> /tmp/minio_downloads/1766653092.json
[2025-12-25T09:00:06.938+0000] {logging_mixin.py:188} INFO - Downloaded AAPL/1766653104.json -> /tmp/minio_downloads/1766653104.json
[2025-12-25T09:00:06.957+0000] {logging_mixin.py:188} INFO - Downloaded AAPL/1766653117.json -> /tmp/minio_downloads/1766653117.json
[2025-12-25T09:00:06.973+0000] {logging_mixin.py:188} INFO - Downloaded AAPL/1766653132.json -> /tmp/minio_downloads/1766653132.json
[2025-12-25T09:00:06.993+0000] {logging_mixin.py:188} INFO - Downloaded AAPL/1766653145.json -> /tmp/minio_downloads/1766653145.json
[2025-12-25T09:00:07.006+0000] {logging_mixin.py:188} INFO - Downloaded AAPL/1766653157.json -> /tmp/minio_downloads/1766653157.json
[2025-12-25T09:00:07.026+0000] {logging_mixin.py:188} INFO - Downloaded AAPL/1766653169.json -> /tmp/minio_downloads/1766653169.json
[2025-12-25T09:00:07.039+0000] {logging_mixin.py:188} INFO - Downloaded AAPL/1766653185.json -> /tmp/minio_downloads/1766653185.json
[2025-12-25T09:00:07.060+0000] {logging_mixin.py:188} INFO - Downloaded AAPL/1766653199.json -> /tmp/minio_downloads/1766653199.json
[2025-12-25T09:00:07.082+0000] {logging_mixin.py:188} INFO - Downloaded AMZN/1766651916.json -> /tmp/minio_downloads/1766651916.json
[2025-12-25T09:00:07.094+0000] {logging_mixin.py:188} INFO - Downloaded AMZN/1766651928.json -> /tmp/minio_downloads/1766651928.json
[2025-12-25T09:00:07.110+0000] {logging_mixin.py:188} INFO - Downloaded AMZN/1766651940.json -> /tmp/minio_downloads/1766651940.json
[2025-12-25T09:00:07.125+0000] {logging_mixin.py:188} INFO - Downloaded AMZN/1766651952.json -> /tmp/minio_downloads/1766651952.json
[2025-12-25T09:00:07.141+0000] {logging_mixin.py:188} INFO - Downloaded AMZN/1766651964.json -> /tmp/minio_downloads/1766651964.json
[2025-12-25T09:00:07.155+0000] {logging_mixin.py:188} INFO - Downloaded AMZN/1766651978.json -> /tmp/minio_downloads/1766651978.json
[2025-12-25T09:00:07.169+0000] {logging_mixin.py:188} INFO - Downloaded AMZN/1766651989.json -> /tmp/minio_downloads/1766651989.json
[2025-12-25T09:00:07.187+0000] {logging_mixin.py:188} INFO - Downloaded AMZN/1766652001.json -> /tmp/minio_downloads/1766652001.json
[2025-12-25T09:00:07.207+0000] {logging_mixin.py:188} INFO - Downloaded AMZN/1766652013.json -> /tmp/minio_downloads/1766652013.json
[2025-12-25T09:00:07.227+0000] {logging_mixin.py:188} INFO - Downloaded AMZN/1766652025.json -> /tmp/minio_downloads/1766652025.json
[2025-12-25T09:00:07.253+0000] {logging_mixin.py:188} INFO - Downloaded AMZN/1766652036.json -> /tmp/minio_downloads/1766652036.json
[2025-12-25T09:00:07.273+0000] {logging_mixin.py:188} INFO - Downloaded AMZN/1766652048.json -> /tmp/minio_downloads/1766652048.json
[2025-12-25T09:00:07.293+0000] {logging_mixin.py:188} INFO - Downloaded AMZN/1766652060.json -> /tmp/minio_downloads/1766652060.json
[2025-12-25T09:00:07.312+0000] {logging_mixin.py:188} INFO - Downloaded AMZN/1766652072.json -> /tmp/minio_downloads/1766652072.json
[2025-12-25T09:00:07.332+0000] {logging_mixin.py:188} INFO - Downloaded AMZN/1766652084.json -> /tmp/minio_downloads/1766652084.json
[2025-12-25T09:00:07.349+0000] {logging_mixin.py:188} INFO - Downloaded AMZN/1766652097.json -> /tmp/minio_downloads/1766652097.json
[2025-12-25T09:00:07.366+0000] {logging_mixin.py:188} INFO - Downloaded AMZN/1766652109.json -> /tmp/minio_downloads/1766652109.json
[2025-12-25T09:00:07.383+0000] {logging_mixin.py:188} INFO - Downloaded AMZN/1766652121.json -> /tmp/minio_downloads/1766652121.json
[2025-12-25T09:00:07.400+0000] {logging_mixin.py:188} INFO - Downloaded AMZN/1766652133.json -> /tmp/minio_downloads/1766652133.json
[2025-12-25T09:00:07.415+0000] {logging_mixin.py:188} INFO - Downloaded AMZN/1766652145.json -> /tmp/minio_downloads/1766652145.json
[2025-12-25T09:00:07.430+0000] {logging_mixin.py:188} INFO - Downloaded AMZN/1766652157.json -> /tmp/minio_downloads/1766652157.json
[2025-12-25T09:00:07.457+0000] {logging_mixin.py:188} INFO - Downloaded AMZN/1766652169.json -> /tmp/minio_downloads/1766652169.json
[2025-12-25T09:00:07.484+0000] {logging_mixin.py:188} INFO - Downloaded AMZN/1766652181.json -> /tmp/minio_downloads/1766652181.json
[2025-12-25T09:00:07.511+0000] {logging_mixin.py:188} INFO - Downloaded AMZN/1766652193.json -> /tmp/minio_downloads/1766652193.json
[2025-12-25T09:00:07.530+0000] {logging_mixin.py:188} INFO - Downloaded AMZN/1766652206.json -> /tmp/minio_downloads/1766652206.json
[2025-12-25T09:00:07.551+0000] {logging_mixin.py:188} INFO - Downloaded AMZN/1766652217.json -> /tmp/minio_downloads/1766652217.json
[2025-12-25T09:00:07.567+0000] {logging_mixin.py:188} INFO - Downloaded AMZN/1766652229.json -> /tmp/minio_downloads/1766652229.json
[2025-12-25T09:00:07.585+0000] {logging_mixin.py:188} INFO - Downloaded AMZN/1766652241.json -> /tmp/minio_downloads/1766652241.json
[2025-12-25T09:00:07.605+0000] {logging_mixin.py:188} INFO - Downloaded AMZN/1766652253.json -> /tmp/minio_downloads/1766652253.json
[2025-12-25T09:00:07.622+0000] {logging_mixin.py:188} INFO - Downloaded AMZN/1766652264.json -> /tmp/minio_downloads/1766652264.json
[2025-12-25T09:00:07.641+0000] {logging_mixin.py:188} INFO - Downloaded AMZN/1766652277.json -> /tmp/minio_downloads/1766652277.json
[2025-12-25T09:00:07.657+0000] {logging_mixin.py:188} INFO - Downloaded AMZN/1766652289.json -> /tmp/minio_downloads/1766652289.json
[2025-12-25T09:00:07.673+0000] {logging_mixin.py:188} INFO - Downloaded AMZN/1766652301.json -> /tmp/minio_downloads/1766652301.json
[2025-12-25T09:00:07.691+0000] {logging_mixin.py:188} INFO - Downloaded AMZN/1766652312.json -> /tmp/minio_downloads/1766652312.json
[2025-12-25T09:00:07.706+0000] {logging_mixin.py:188} INFO - Downloaded AMZN/1766652325.json -> /tmp/minio_downloads/1766652325.json
[2025-12-25T09:00:07.722+0000] {logging_mixin.py:188} INFO - Downloaded AMZN/1766652338.json -> /tmp/minio_downloads/1766652338.json
[2025-12-25T09:00:07.740+0000] {logging_mixin.py:188} INFO - Downloaded AMZN/1766652349.json -> /tmp/minio_downloads/1766652349.json
[2025-12-25T09:00:07.757+0000] {logging_mixin.py:188} INFO - Downloaded AMZN/1766652361.json -> /tmp/minio_downloads/1766652361.json
[2025-12-25T09:00:07.791+0000] {logging_mixin.py:188} INFO - Downloaded AMZN/1766652374.json -> /tmp/minio_downloads/1766652374.json
[2025-12-25T09:00:07.857+0000] {logging_mixin.py:188} INFO - Downloaded AMZN/1766652390.json -> /tmp/minio_downloads/1766652390.json
[2025-12-25T09:00:07.886+0000] {logging_mixin.py:188} INFO - Downloaded AMZN/1766652401.json -> /tmp/minio_downloads/1766652401.json
[2025-12-25T09:00:07.919+0000] {logging_mixin.py:188} INFO - Downloaded AMZN/1766652413.json -> /tmp/minio_downloads/1766652413.json
[2025-12-25T09:00:07.954+0000] {logging_mixin.py:188} INFO - Downloaded AMZN/1766652426.json -> /tmp/minio_downloads/1766652426.json
[2025-12-25T09:00:07.982+0000] {logging_mixin.py:188} INFO - Downloaded AMZN/1766652439.json -> /tmp/minio_downloads/1766652439.json
[2025-12-25T09:00:08.012+0000] {logging_mixin.py:188} INFO - Downloaded AMZN/1766652452.json -> /tmp/minio_downloads/1766652452.json
[2025-12-25T09:00:08.048+0000] {logging_mixin.py:188} INFO - Downloaded AMZN/1766652464.json -> /tmp/minio_downloads/1766652464.json
[2025-12-25T09:00:08.079+0000] {logging_mixin.py:188} INFO - Downloaded AMZN/1766652477.json -> /tmp/minio_downloads/1766652477.json
[2025-12-25T09:00:08.106+0000] {logging_mixin.py:188} INFO - Downloaded AMZN/1766652490.json -> /tmp/minio_downloads/1766652490.json
[2025-12-25T09:00:08.139+0000] {logging_mixin.py:188} INFO - Downloaded AMZN/1766652503.json -> /tmp/minio_downloads/1766652503.json
[2025-12-25T09:00:08.165+0000] {logging_mixin.py:188} INFO - Downloaded AMZN/1766652516.json -> /tmp/minio_downloads/1766652516.json
[2025-12-25T09:00:08.191+0000] {logging_mixin.py:188} INFO - Downloaded AMZN/1766652530.json -> /tmp/minio_downloads/1766652530.json
[2025-12-25T09:00:08.224+0000] {logging_mixin.py:188} INFO - Downloaded AMZN/1766652543.json -> /tmp/minio_downloads/1766652543.json
[2025-12-25T09:00:08.250+0000] {logging_mixin.py:188} INFO - Downloaded AMZN/1766652558.json -> /tmp/minio_downloads/1766652558.json
[2025-12-25T09:00:08.270+0000] {logging_mixin.py:188} INFO - Downloaded AMZN/1766652570.json -> /tmp/minio_downloads/1766652570.json
[2025-12-25T09:00:08.294+0000] {logging_mixin.py:188} INFO - Downloaded AMZN/1766652584.json -> /tmp/minio_downloads/1766652584.json
[2025-12-25T09:00:08.319+0000] {logging_mixin.py:188} INFO - Downloaded AMZN/1766652598.json -> /tmp/minio_downloads/1766652598.json
[2025-12-25T09:00:08.338+0000] {logging_mixin.py:188} INFO - Downloaded AMZN/1766652611.json -> /tmp/minio_downloads/1766652611.json
[2025-12-25T09:00:08.358+0000] {logging_mixin.py:188} INFO - Downloaded AMZN/1766652625.json -> /tmp/minio_downloads/1766652625.json
[2025-12-25T09:00:08.381+0000] {logging_mixin.py:188} INFO - Downloaded AMZN/1766652641.json -> /tmp/minio_downloads/1766652641.json
[2025-12-25T09:00:08.401+0000] {logging_mixin.py:188} INFO - Downloaded AMZN/1766652652.json -> /tmp/minio_downloads/1766652652.json
[2025-12-25T09:00:08.419+0000] {logging_mixin.py:188} INFO - Downloaded AMZN/1766652665.json -> /tmp/minio_downloads/1766652665.json
[2025-12-25T09:00:08.440+0000] {logging_mixin.py:188} INFO - Downloaded AMZN/1766652677.json -> /tmp/minio_downloads/1766652677.json
[2025-12-25T09:00:08.463+0000] {logging_mixin.py:188} INFO - Downloaded AMZN/1766652690.json -> /tmp/minio_downloads/1766652690.json
[2025-12-25T09:00:08.481+0000] {logging_mixin.py:188} INFO - Downloaded AMZN/1766652703.json -> /tmp/minio_downloads/1766652703.json
[2025-12-25T09:00:08.498+0000] {logging_mixin.py:188} INFO - Downloaded AMZN/1766652715.json -> /tmp/minio_downloads/1766652715.json
[2025-12-25T09:00:08.514+0000] {logging_mixin.py:188} INFO - Downloaded AMZN/1766652727.json -> /tmp/minio_downloads/1766652727.json
[2025-12-25T09:00:08.532+0000] {logging_mixin.py:188} INFO - Downloaded AMZN/1766652739.json -> /tmp/minio_downloads/1766652739.json
[2025-12-25T09:00:08.548+0000] {logging_mixin.py:188} INFO - Downloaded AMZN/1766652752.json -> /tmp/minio_downloads/1766652752.json
[2025-12-25T09:00:08.564+0000] {logging_mixin.py:188} INFO - Downloaded AMZN/1766652764.json -> /tmp/minio_downloads/1766652764.json
[2025-12-25T09:00:08.582+0000] {logging_mixin.py:188} INFO - Downloaded AMZN/1766652777.json -> /tmp/minio_downloads/1766652777.json
[2025-12-25T09:00:08.598+0000] {logging_mixin.py:188} INFO - Downloaded AMZN/1766652790.json -> /tmp/minio_downloads/1766652790.json
[2025-12-25T09:00:08.617+0000] {logging_mixin.py:188} INFO - Downloaded AMZN/1766652803.json -> /tmp/minio_downloads/1766652803.json
[2025-12-25T09:00:08.631+0000] {logging_mixin.py:188} INFO - Downloaded AMZN/1766652815.json -> /tmp/minio_downloads/1766652815.json
[2025-12-25T09:00:08.653+0000] {logging_mixin.py:188} INFO - Downloaded AMZN/1766652827.json -> /tmp/minio_downloads/1766652827.json
[2025-12-25T09:00:08.672+0000] {logging_mixin.py:188} INFO - Downloaded AMZN/1766652841.json -> /tmp/minio_downloads/1766652841.json
[2025-12-25T09:00:08.686+0000] {logging_mixin.py:188} INFO - Downloaded AMZN/1766652854.json -> /tmp/minio_downloads/1766652854.json
[2025-12-25T09:00:08.700+0000] {logging_mixin.py:188} INFO - Downloaded AMZN/1766652866.json -> /tmp/minio_downloads/1766652866.json
[2025-12-25T09:00:08.712+0000] {logging_mixin.py:188} INFO - Downloaded AMZN/1766652878.json -> /tmp/minio_downloads/1766652878.json
[2025-12-25T09:00:08.727+0000] {logging_mixin.py:188} INFO - Downloaded AMZN/1766652889.json -> /tmp/minio_downloads/1766652889.json
[2025-12-25T09:00:08.740+0000] {logging_mixin.py:188} INFO - Downloaded AMZN/1766652902.json -> /tmp/minio_downloads/1766652902.json
[2025-12-25T09:00:08.754+0000] {logging_mixin.py:188} INFO - Downloaded AMZN/1766652919.json -> /tmp/minio_downloads/1766652919.json
[2025-12-25T09:00:08.768+0000] {logging_mixin.py:188} INFO - Downloaded AMZN/1766652930.json -> /tmp/minio_downloads/1766652930.json
[2025-12-25T09:00:08.784+0000] {logging_mixin.py:188} INFO - Downloaded AMZN/1766652944.json -> /tmp/minio_downloads/1766652944.json
[2025-12-25T09:00:08.800+0000] {logging_mixin.py:188} INFO - Downloaded AMZN/1766652958.json -> /tmp/minio_downloads/1766652958.json
[2025-12-25T09:00:08.818+0000] {logging_mixin.py:188} INFO - Downloaded AMZN/1766652969.json -> /tmp/minio_downloads/1766652969.json
[2025-12-25T09:00:08.835+0000] {logging_mixin.py:188} INFO - Downloaded AMZN/1766652980.json -> /tmp/minio_downloads/1766652980.json
[2025-12-25T09:00:08.852+0000] {logging_mixin.py:188} INFO - Downloaded AMZN/1766652994.json -> /tmp/minio_downloads/1766652994.json
[2025-12-25T09:00:08.869+0000] {logging_mixin.py:188} INFO - Downloaded AMZN/1766653006.json -> /tmp/minio_downloads/1766653006.json
[2025-12-25T09:00:08.892+0000] {logging_mixin.py:188} INFO - Downloaded AMZN/1766653020.json -> /tmp/minio_downloads/1766653020.json
[2025-12-25T09:00:08.921+0000] {logging_mixin.py:188} INFO - Downloaded AMZN/1766653032.json -> /tmp/minio_downloads/1766653032.json
[2025-12-25T09:00:08.948+0000] {logging_mixin.py:188} INFO - Downloaded AMZN/1766653046.json -> /tmp/minio_downloads/1766653046.json
[2025-12-25T09:00:08.980+0000] {logging_mixin.py:188} INFO - Downloaded AMZN/1766653060.json -> /tmp/minio_downloads/1766653060.json
[2025-12-25T09:00:09.004+0000] {logging_mixin.py:188} INFO - Downloaded AMZN/1766653073.json -> /tmp/minio_downloads/1766653073.json
[2025-12-25T09:00:09.026+0000] {logging_mixin.py:188} INFO - Downloaded AMZN/1766653085.json -> /tmp/minio_downloads/1766653085.json
[2025-12-25T09:00:09.046+0000] {logging_mixin.py:188} INFO - Downloaded AMZN/1766653097.json -> /tmp/minio_downloads/1766653097.json
[2025-12-25T09:00:09.071+0000] {logging_mixin.py:188} INFO - Downloaded AMZN/1766653110.json -> /tmp/minio_downloads/1766653110.json
[2025-12-25T09:00:09.092+0000] {logging_mixin.py:188} INFO - Downloaded AMZN/1766653125.json -> /tmp/minio_downloads/1766653125.json
[2025-12-25T09:00:09.115+0000] {logging_mixin.py:188} INFO - Downloaded AMZN/1766653137.json -> /tmp/minio_downloads/1766653137.json
[2025-12-25T09:00:09.131+0000] {logging_mixin.py:188} INFO - Downloaded AMZN/1766653149.json -> /tmp/minio_downloads/1766653149.json
[2025-12-25T09:00:09.155+0000] {logging_mixin.py:188} INFO - Downloaded AMZN/1766653161.json -> /tmp/minio_downloads/1766653161.json
[2025-12-25T09:00:09.174+0000] {logging_mixin.py:188} INFO - Downloaded AMZN/1766653177.json -> /tmp/minio_downloads/1766653177.json
[2025-12-25T09:00:09.200+0000] {logging_mixin.py:188} INFO - Downloaded AMZN/1766653191.json -> /tmp/minio_downloads/1766653191.json
[2025-12-25T09:00:09.232+0000] {logging_mixin.py:188} INFO - Downloaded GOOGL/1766651915.json -> /tmp/minio_downloads/1766651915.json
[2025-12-25T09:00:09.253+0000] {logging_mixin.py:188} INFO - Downloaded GOOGL/1766651927.json -> /tmp/minio_downloads/1766651927.json
[2025-12-25T09:00:09.271+0000] {logging_mixin.py:188} INFO - Downloaded GOOGL/1766651939.json -> /tmp/minio_downloads/1766651939.json
[2025-12-25T09:00:09.292+0000] {logging_mixin.py:188} INFO - Downloaded GOOGL/1766651951.json -> /tmp/minio_downloads/1766651951.json
[2025-12-25T09:00:09.322+0000] {logging_mixin.py:188} INFO - Downloaded GOOGL/1766651963.json -> /tmp/minio_downloads/1766651963.json
[2025-12-25T09:00:09.352+0000] {logging_mixin.py:188} INFO - Downloaded GOOGL/1766651977.json -> /tmp/minio_downloads/1766651977.json
[2025-12-25T09:00:09.376+0000] {logging_mixin.py:188} INFO - Downloaded GOOGL/1766651988.json -> /tmp/minio_downloads/1766651988.json
[2025-12-25T09:00:09.395+0000] {logging_mixin.py:188} INFO - Downloaded GOOGL/1766652000.json -> /tmp/minio_downloads/1766652000.json
[2025-12-25T09:00:09.411+0000] {logging_mixin.py:188} INFO - Downloaded GOOGL/1766652012.json -> /tmp/minio_downloads/1766652012.json
[2025-12-25T09:00:09.460+0000] {logging_mixin.py:188} INFO - Downloaded GOOGL/1766652024.json -> /tmp/minio_downloads/1766652024.json
[2025-12-25T09:00:09.521+0000] {logging_mixin.py:188} INFO - Downloaded GOOGL/1766652035.json -> /tmp/minio_downloads/1766652035.json
[2025-12-25T09:00:09.545+0000] {logging_mixin.py:188} INFO - Downloaded GOOGL/1766652047.json -> /tmp/minio_downloads/1766652047.json
[2025-12-25T09:00:09.565+0000] {logging_mixin.py:188} INFO - Downloaded GOOGL/1766652059.json -> /tmp/minio_downloads/1766652059.json
[2025-12-25T09:00:09.587+0000] {logging_mixin.py:188} INFO - Downloaded GOOGL/1766652071.json -> /tmp/minio_downloads/1766652071.json
[2025-12-25T09:00:09.606+0000] {logging_mixin.py:188} INFO - Downloaded GOOGL/1766652083.json -> /tmp/minio_downloads/1766652083.json
[2025-12-25T09:00:09.623+0000] {logging_mixin.py:188} INFO - Downloaded GOOGL/1766652096.json -> /tmp/minio_downloads/1766652096.json
[2025-12-25T09:00:09.637+0000] {logging_mixin.py:188} INFO - Downloaded GOOGL/1766652107.json -> /tmp/minio_downloads/1766652107.json
[2025-12-25T09:00:09.652+0000] {logging_mixin.py:188} INFO - Downloaded GOOGL/1766652119.json -> /tmp/minio_downloads/1766652119.json
[2025-12-25T09:00:09.666+0000] {logging_mixin.py:188} INFO - Downloaded GOOGL/1766652131.json -> /tmp/minio_downloads/1766652131.json
[2025-12-25T09:00:09.679+0000] {logging_mixin.py:188} INFO - Downloaded GOOGL/1766652144.json -> /tmp/minio_downloads/1766652144.json
[2025-12-25T09:00:09.693+0000] {logging_mixin.py:188} INFO - Downloaded GOOGL/1766652156.json -> /tmp/minio_downloads/1766652156.json
[2025-12-25T09:00:09.708+0000] {logging_mixin.py:188} INFO - Downloaded GOOGL/1766652168.json -> /tmp/minio_downloads/1766652168.json
[2025-12-25T09:00:09.724+0000] {logging_mixin.py:188} INFO - Downloaded GOOGL/1766652180.json -> /tmp/minio_downloads/1766652180.json
[2025-12-25T09:00:09.738+0000] {logging_mixin.py:188} INFO - Downloaded GOOGL/1766652191.json -> /tmp/minio_downloads/1766652191.json
[2025-12-25T09:00:09.751+0000] {logging_mixin.py:188} INFO - Downloaded GOOGL/1766652205.json -> /tmp/minio_downloads/1766652205.json
[2025-12-25T09:00:09.764+0000] {logging_mixin.py:188} INFO - Downloaded GOOGL/1766652216.json -> /tmp/minio_downloads/1766652216.json
[2025-12-25T09:00:09.779+0000] {logging_mixin.py:188} INFO - Downloaded GOOGL/1766652228.json -> /tmp/minio_downloads/1766652228.json
[2025-12-25T09:00:09.794+0000] {logging_mixin.py:188} INFO - Downloaded GOOGL/1766652240.json -> /tmp/minio_downloads/1766652240.json
[2025-12-25T09:00:09.813+0000] {logging_mixin.py:188} INFO - Downloaded GOOGL/1766652251.json -> /tmp/minio_downloads/1766652251.json
[2025-12-25T09:00:09.838+0000] {logging_mixin.py:188} INFO - Downloaded GOOGL/1766652263.json -> /tmp/minio_downloads/1766652263.json
[2025-12-25T09:00:09.856+0000] {logging_mixin.py:188} INFO - Downloaded GOOGL/1766652276.json -> /tmp/minio_downloads/1766652276.json
[2025-12-25T09:00:09.870+0000] {logging_mixin.py:188} INFO - Downloaded GOOGL/1766652288.json -> /tmp/minio_downloads/1766652288.json
[2025-12-25T09:00:09.886+0000] {logging_mixin.py:188} INFO - Downloaded GOOGL/1766652300.json -> /tmp/minio_downloads/1766652300.json
[2025-12-25T09:00:09.901+0000] {logging_mixin.py:188} INFO - Downloaded GOOGL/1766652311.json -> /tmp/minio_downloads/1766652311.json
[2025-12-25T09:00:09.916+0000] {logging_mixin.py:188} INFO - Downloaded GOOGL/1766652323.json -> /tmp/minio_downloads/1766652323.json
[2025-12-25T09:00:09.932+0000] {logging_mixin.py:188} INFO - Downloaded GOOGL/1766652336.json -> /tmp/minio_downloads/1766652336.json
[2025-12-25T09:00:09.948+0000] {logging_mixin.py:188} INFO - Downloaded GOOGL/1766652348.json -> /tmp/minio_downloads/1766652348.json
[2025-12-25T09:00:09.964+0000] {logging_mixin.py:188} INFO - Downloaded GOOGL/1766652360.json -> /tmp/minio_downloads/1766652360.json
[2025-12-25T09:00:09.985+0000] {logging_mixin.py:188} INFO - Downloaded GOOGL/1766652372.json -> /tmp/minio_downloads/1766652372.json
[2025-12-25T09:00:10.004+0000] {logging_mixin.py:188} INFO - Downloaded GOOGL/1766652386.json -> /tmp/minio_downloads/1766652386.json
[2025-12-25T09:00:10.027+0000] {logging_mixin.py:188} INFO - Downloaded GOOGL/1766652400.json -> /tmp/minio_downloads/1766652400.json
[2025-12-25T09:00:10.049+0000] {logging_mixin.py:188} INFO - Downloaded GOOGL/1766652412.json -> /tmp/minio_downloads/1766652412.json
[2025-12-25T09:00:10.070+0000] {logging_mixin.py:188} INFO - Downloaded GOOGL/1766652425.json -> /tmp/minio_downloads/1766652425.json
[2025-12-25T09:00:10.094+0000] {logging_mixin.py:188} INFO - Downloaded GOOGL/1766652438.json -> /tmp/minio_downloads/1766652438.json
[2025-12-25T09:00:10.117+0000] {logging_mixin.py:188} INFO - Downloaded GOOGL/1766652451.json -> /tmp/minio_downloads/1766652451.json
[2025-12-25T09:00:10.140+0000] {logging_mixin.py:188} INFO - Downloaded GOOGL/1766652462.json -> /tmp/minio_downloads/1766652462.json
[2025-12-25T09:00:10.158+0000] {logging_mixin.py:188} INFO - Downloaded GOOGL/1766652476.json -> /tmp/minio_downloads/1766652476.json
[2025-12-25T09:00:10.177+0000] {logging_mixin.py:188} INFO - Downloaded GOOGL/1766652489.json -> /tmp/minio_downloads/1766652489.json
[2025-12-25T09:00:10.197+0000] {logging_mixin.py:188} INFO - Downloaded GOOGL/1766652502.json -> /tmp/minio_downloads/1766652502.json
[2025-12-25T09:00:10.217+0000] {logging_mixin.py:188} INFO - Downloaded GOOGL/1766652515.json -> /tmp/minio_downloads/1766652515.json
[2025-12-25T09:00:10.234+0000] {logging_mixin.py:188} INFO - Downloaded GOOGL/1766652529.json -> /tmp/minio_downloads/1766652529.json
[2025-12-25T09:00:10.249+0000] {logging_mixin.py:188} INFO - Downloaded GOOGL/1766652542.json -> /tmp/minio_downloads/1766652542.json
[2025-12-25T09:00:10.264+0000] {logging_mixin.py:188} INFO - Downloaded GOOGL/1766652556.json -> /tmp/minio_downloads/1766652556.json
[2025-12-25T09:00:10.278+0000] {logging_mixin.py:188} INFO - Downloaded GOOGL/1766652569.json -> /tmp/minio_downloads/1766652569.json
[2025-12-25T09:00:10.293+0000] {logging_mixin.py:188} INFO - Downloaded GOOGL/1766652582.json -> /tmp/minio_downloads/1766652582.json
[2025-12-25T09:00:10.307+0000] {logging_mixin.py:188} INFO - Downloaded GOOGL/1766652596.json -> /tmp/minio_downloads/1766652596.json
[2025-12-25T09:00:10.320+0000] {logging_mixin.py:188} INFO - Downloaded GOOGL/1766652610.json -> /tmp/minio_downloads/1766652610.json
[2025-12-25T09:00:10.333+0000] {logging_mixin.py:188} INFO - Downloaded GOOGL/1766652623.json -> /tmp/minio_downloads/1766652623.json
[2025-12-25T09:00:10.346+0000] {logging_mixin.py:188} INFO - Downloaded GOOGL/1766652640.json -> /tmp/minio_downloads/1766652640.json
[2025-12-25T09:00:10.358+0000] {logging_mixin.py:188} INFO - Downloaded GOOGL/1766652651.json -> /tmp/minio_downloads/1766652651.json
[2025-12-25T09:00:10.372+0000] {logging_mixin.py:188} INFO - Downloaded GOOGL/1766652664.json -> /tmp/minio_downloads/1766652664.json
[2025-12-25T09:00:10.385+0000] {logging_mixin.py:188} INFO - Downloaded GOOGL/1766652676.json -> /tmp/minio_downloads/1766652676.json
[2025-12-25T09:00:10.398+0000] {logging_mixin.py:188} INFO - Downloaded GOOGL/1766652689.json -> /tmp/minio_downloads/1766652689.json
[2025-12-25T09:00:10.411+0000] {logging_mixin.py:188} INFO - Downloaded GOOGL/1766652702.json -> /tmp/minio_downloads/1766652702.json
[2025-12-25T09:00:10.425+0000] {logging_mixin.py:188} INFO - Downloaded GOOGL/1766652714.json -> /tmp/minio_downloads/1766652714.json
[2025-12-25T09:00:10.438+0000] {logging_mixin.py:188} INFO - Downloaded GOOGL/1766652726.json -> /tmp/minio_downloads/1766652726.json
[2025-12-25T09:00:10.452+0000] {logging_mixin.py:188} INFO - Downloaded GOOGL/1766652738.json -> /tmp/minio_downloads/1766652738.json
[2025-12-25T09:00:10.466+0000] {logging_mixin.py:188} INFO - Downloaded GOOGL/1766652751.json -> /tmp/minio_downloads/1766652751.json
[2025-12-25T09:00:10.479+0000] {logging_mixin.py:188} INFO - Downloaded GOOGL/1766652763.json -> /tmp/minio_downloads/1766652763.json
[2025-12-25T09:00:10.495+0000] {logging_mixin.py:188} INFO - Downloaded GOOGL/1766652775.json -> /tmp/minio_downloads/1766652775.json
[2025-12-25T09:00:10.513+0000] {logging_mixin.py:188} INFO - Downloaded GOOGL/1766652789.json -> /tmp/minio_downloads/1766652789.json
[2025-12-25T09:00:10.527+0000] {logging_mixin.py:188} INFO - Downloaded GOOGL/1766652802.json -> /tmp/minio_downloads/1766652802.json
[2025-12-25T09:00:10.541+0000] {logging_mixin.py:188} INFO - Downloaded GOOGL/1766652814.json -> /tmp/minio_downloads/1766652814.json
[2025-12-25T09:00:10.554+0000] {logging_mixin.py:188} INFO - Downloaded GOOGL/1766652826.json -> /tmp/minio_downloads/1766652826.json
[2025-12-25T09:00:10.568+0000] {logging_mixin.py:188} INFO - Downloaded GOOGL/1766652839.json -> /tmp/minio_downloads/1766652839.json
[2025-12-25T09:00:10.579+0000] {logging_mixin.py:188} INFO - Downloaded GOOGL/1766652853.json -> /tmp/minio_downloads/1766652853.json
[2025-12-25T09:00:10.591+0000] {logging_mixin.py:188} INFO - Downloaded GOOGL/1766652865.json -> /tmp/minio_downloads/1766652865.json
[2025-12-25T09:00:10.602+0000] {logging_mixin.py:188} INFO - Downloaded GOOGL/1766652877.json -> /tmp/minio_downloads/1766652877.json
[2025-12-25T09:00:10.613+0000] {logging_mixin.py:188} INFO - Downloaded GOOGL/1766652888.json -> /tmp/minio_downloads/1766652888.json
[2025-12-25T09:00:10.624+0000] {logging_mixin.py:188} INFO - Downloaded GOOGL/1766652901.json -> /tmp/minio_downloads/1766652901.json
[2025-12-25T09:00:10.635+0000] {logging_mixin.py:188} INFO - Downloaded GOOGL/1766652918.json -> /tmp/minio_downloads/1766652918.json
[2025-12-25T09:00:10.649+0000] {logging_mixin.py:188} INFO - Downloaded GOOGL/1766652929.json -> /tmp/minio_downloads/1766652929.json
[2025-12-25T09:00:10.663+0000] {logging_mixin.py:188} INFO - Downloaded GOOGL/1766652942.json -> /tmp/minio_downloads/1766652942.json
[2025-12-25T09:00:10.675+0000] {logging_mixin.py:188} INFO - Downloaded GOOGL/1766652956.json -> /tmp/minio_downloads/1766652956.json
[2025-12-25T09:00:10.686+0000] {logging_mixin.py:188} INFO - Downloaded GOOGL/1766652968.json -> /tmp/minio_downloads/1766652968.json
[2025-12-25T09:00:10.701+0000] {logging_mixin.py:188} INFO - Downloaded GOOGL/1766652979.json -> /tmp/minio_downloads/1766652979.json
[2025-12-25T09:00:10.718+0000] {logging_mixin.py:188} INFO - Downloaded GOOGL/1766652992.json -> /tmp/minio_downloads/1766652992.json
[2025-12-25T09:00:10.732+0000] {logging_mixin.py:188} INFO - Downloaded GOOGL/1766653005.json -> /tmp/minio_downloads/1766653005.json
[2025-12-25T09:00:10.745+0000] {logging_mixin.py:188} INFO - Downloaded GOOGL/1766653018.json -> /tmp/minio_downloads/1766653018.json
[2025-12-25T09:00:10.759+0000] {logging_mixin.py:188} INFO - Downloaded GOOGL/1766653031.json -> /tmp/minio_downloads/1766653031.json
[2025-12-25T09:00:10.772+0000] {logging_mixin.py:188} INFO - Downloaded GOOGL/1766653045.json -> /tmp/minio_downloads/1766653045.json
[2025-12-25T09:00:10.785+0000] {logging_mixin.py:188} INFO - Downloaded GOOGL/1766653058.json -> /tmp/minio_downloads/1766653058.json
[2025-12-25T09:00:10.801+0000] {logging_mixin.py:188} INFO - Downloaded GOOGL/1766653071.json -> /tmp/minio_downloads/1766653071.json
[2025-12-25T09:00:10.819+0000] {logging_mixin.py:188} INFO - Downloaded GOOGL/1766653084.json -> /tmp/minio_downloads/1766653084.json
[2025-12-25T09:00:10.834+0000] {logging_mixin.py:188} INFO - Downloaded GOOGL/1766653096.json -> /tmp/minio_downloads/1766653096.json
[2025-12-25T09:00:10.848+0000] {logging_mixin.py:188} INFO - Downloaded GOOGL/1766653108.json -> /tmp/minio_downloads/1766653108.json
[2025-12-25T09:00:10.864+0000] {logging_mixin.py:188} INFO - Downloaded GOOGL/1766653123.json -> /tmp/minio_downloads/1766653123.json
[2025-12-25T09:00:10.876+0000] {logging_mixin.py:188} INFO - Downloaded GOOGL/1766653136.json -> /tmp/minio_downloads/1766653136.json
[2025-12-25T09:00:10.891+0000] {logging_mixin.py:188} INFO - Downloaded GOOGL/1766653148.json -> /tmp/minio_downloads/1766653148.json
[2025-12-25T09:00:10.910+0000] {logging_mixin.py:188} INFO - Downloaded GOOGL/1766653160.json -> /tmp/minio_downloads/1766653160.json
[2025-12-25T09:00:10.925+0000] {logging_mixin.py:188} INFO - Downloaded GOOGL/1766653175.json -> /tmp/minio_downloads/1766653175.json
[2025-12-25T09:00:10.940+0000] {logging_mixin.py:188} INFO - Downloaded GOOGL/1766653190.json -> /tmp/minio_downloads/1766653190.json
[2025-12-25T09:00:10.959+0000] {logging_mixin.py:188} INFO - Downloaded MSFT/1766651913.json -> /tmp/minio_downloads/1766651913.json
[2025-12-25T09:00:10.974+0000] {logging_mixin.py:188} INFO - Downloaded MSFT/1766651924.json -> /tmp/minio_downloads/1766651924.json
[2025-12-25T09:00:10.992+0000] {logging_mixin.py:188} INFO - Downloaded MSFT/1766651937.json -> /tmp/minio_downloads/1766651937.json
[2025-12-25T09:00:11.007+0000] {logging_mixin.py:188} INFO - Downloaded MSFT/1766651948.json -> /tmp/minio_downloads/1766651948.json
[2025-12-25T09:00:11.023+0000] {logging_mixin.py:188} INFO - Downloaded MSFT/1766651960.json -> /tmp/minio_downloads/1766651960.json
[2025-12-25T09:00:11.041+0000] {logging_mixin.py:188} INFO - Downloaded MSFT/1766651973.json -> /tmp/minio_downloads/1766651973.json
[2025-12-25T09:00:11.057+0000] {logging_mixin.py:188} INFO - Downloaded MSFT/1766651986.json -> /tmp/minio_downloads/1766651986.json
[2025-12-25T09:00:11.071+0000] {logging_mixin.py:188} INFO - Downloaded MSFT/1766651998.json -> /tmp/minio_downloads/1766651998.json
[2025-12-25T09:00:11.084+0000] {logging_mixin.py:188} INFO - Downloaded MSFT/1766652009.json -> /tmp/minio_downloads/1766652009.json
[2025-12-25T09:00:11.099+0000] {logging_mixin.py:188} INFO - Downloaded MSFT/1766652021.json -> /tmp/minio_downloads/1766652021.json
[2025-12-25T09:00:11.112+0000] {logging_mixin.py:188} INFO - Downloaded MSFT/1766652033.json -> /tmp/minio_downloads/1766652033.json
[2025-12-25T09:00:11.128+0000] {logging_mixin.py:188} INFO - Downloaded MSFT/1766652045.json -> /tmp/minio_downloads/1766652045.json
[2025-12-25T09:00:11.148+0000] {logging_mixin.py:188} INFO - Downloaded MSFT/1766652057.json -> /tmp/minio_downloads/1766652057.json
[2025-12-25T09:00:11.162+0000] {logging_mixin.py:188} INFO - Downloaded MSFT/1766652069.json -> /tmp/minio_downloads/1766652069.json
[2025-12-25T09:00:11.179+0000] {logging_mixin.py:188} INFO - Downloaded MSFT/1766652080.json -> /tmp/minio_downloads/1766652080.json
[2025-12-25T09:00:11.194+0000] {logging_mixin.py:188} INFO - Downloaded MSFT/1766652092.json -> /tmp/minio_downloads/1766652092.json
[2025-12-25T09:00:11.209+0000] {logging_mixin.py:188} INFO - Downloaded MSFT/1766652105.json -> /tmp/minio_downloads/1766652105.json
[2025-12-25T09:00:11.223+0000] {logging_mixin.py:188} INFO - Downloaded MSFT/1766652117.json -> /tmp/minio_downloads/1766652117.json
[2025-12-25T09:00:11.236+0000] {logging_mixin.py:188} INFO - Downloaded MSFT/1766652129.json -> /tmp/minio_downloads/1766652129.json
[2025-12-25T09:00:11.251+0000] {logging_mixin.py:188} INFO - Downloaded MSFT/1766652141.json -> /tmp/minio_downloads/1766652141.json
[2025-12-25T09:00:11.264+0000] {logging_mixin.py:188} INFO - Downloaded MSFT/1766652154.json -> /tmp/minio_downloads/1766652154.json
[2025-12-25T09:00:11.279+0000] {logging_mixin.py:188} INFO - Downloaded MSFT/1766652166.json -> /tmp/minio_downloads/1766652166.json
[2025-12-25T09:00:11.294+0000] {logging_mixin.py:188} INFO - Downloaded MSFT/1766652177.json -> /tmp/minio_downloads/1766652177.json
[2025-12-25T09:00:11.308+0000] {logging_mixin.py:188} INFO - Downloaded MSFT/1766652189.json -> /tmp/minio_downloads/1766652189.json
[2025-12-25T09:00:11.323+0000] {logging_mixin.py:188} INFO - Downloaded MSFT/1766652202.json -> /tmp/minio_downloads/1766652202.json
[2025-12-25T09:00:11.337+0000] {logging_mixin.py:188} INFO - Downloaded MSFT/1766652214.json -> /tmp/minio_downloads/1766652214.json
[2025-12-25T09:00:11.350+0000] {logging_mixin.py:188} INFO - Downloaded MSFT/1766652225.json -> /tmp/minio_downloads/1766652225.json
[2025-12-25T09:00:11.364+0000] {logging_mixin.py:188} INFO - Downloaded MSFT/1766652238.json -> /tmp/minio_downloads/1766652238.json
[2025-12-25T09:00:11.381+0000] {logging_mixin.py:188} INFO - Downloaded MSFT/1766652249.json -> /tmp/minio_downloads/1766652249.json
[2025-12-25T09:00:11.398+0000] {logging_mixin.py:188} INFO - Downloaded MSFT/1766652261.json -> /tmp/minio_downloads/1766652261.json
[2025-12-25T09:00:11.413+0000] {logging_mixin.py:188} INFO - Downloaded MSFT/1766652274.json -> /tmp/minio_downloads/1766652274.json
[2025-12-25T09:00:11.429+0000] {logging_mixin.py:188} INFO - Downloaded MSFT/1766652286.json -> /tmp/minio_downloads/1766652286.json
[2025-12-25T09:00:11.445+0000] {logging_mixin.py:188} INFO - Downloaded MSFT/1766652297.json -> /tmp/minio_downloads/1766652297.json
[2025-12-25T09:00:11.461+0000] {logging_mixin.py:188} INFO - Downloaded MSFT/1766652309.json -> /tmp/minio_downloads/1766652309.json
[2025-12-25T09:00:11.478+0000] {logging_mixin.py:188} INFO - Downloaded MSFT/1766652320.json -> /tmp/minio_downloads/1766652320.json
[2025-12-25T09:00:11.497+0000] {logging_mixin.py:188} INFO - Downloaded MSFT/1766652334.json -> /tmp/minio_downloads/1766652334.json
[2025-12-25T09:00:11.513+0000] {logging_mixin.py:188} INFO - Downloaded MSFT/1766652346.json -> /tmp/minio_downloads/1766652346.json
[2025-12-25T09:00:11.529+0000] {logging_mixin.py:188} INFO - Downloaded MSFT/1766652357.json -> /tmp/minio_downloads/1766652357.json
[2025-12-25T09:00:11.544+0000] {logging_mixin.py:188} INFO - Downloaded MSFT/1766652370.json -> /tmp/minio_downloads/1766652370.json
[2025-12-25T09:00:11.561+0000] {logging_mixin.py:188} INFO - Downloaded MSFT/1766652383.json -> /tmp/minio_downloads/1766652383.json
[2025-12-25T09:00:11.577+0000] {logging_mixin.py:188} INFO - Downloaded MSFT/1766652398.json -> /tmp/minio_downloads/1766652398.json
[2025-12-25T09:00:11.591+0000] {logging_mixin.py:188} INFO - Downloaded MSFT/1766652410.json -> /tmp/minio_downloads/1766652410.json
[2025-12-25T09:00:11.608+0000] {logging_mixin.py:188} INFO - Downloaded MSFT/1766652422.json -> /tmp/minio_downloads/1766652422.json
[2025-12-25T09:00:11.623+0000] {logging_mixin.py:188} INFO - Downloaded MSFT/1766652435.json -> /tmp/minio_downloads/1766652435.json
[2025-12-25T09:00:11.639+0000] {logging_mixin.py:188} INFO - Downloaded MSFT/1766652448.json -> /tmp/minio_downloads/1766652448.json
[2025-12-25T09:00:11.655+0000] {logging_mixin.py:188} INFO - Downloaded MSFT/1766652460.json -> /tmp/minio_downloads/1766652460.json
[2025-12-25T09:00:11.671+0000] {logging_mixin.py:188} INFO - Downloaded MSFT/1766652473.json -> /tmp/minio_downloads/1766652473.json
[2025-12-25T09:00:11.687+0000] {logging_mixin.py:188} INFO - Downloaded MSFT/1766652486.json -> /tmp/minio_downloads/1766652486.json
[2025-12-25T09:00:11.702+0000] {logging_mixin.py:188} INFO - Downloaded MSFT/1766652500.json -> /tmp/minio_downloads/1766652500.json
[2025-12-25T09:00:11.716+0000] {logging_mixin.py:188} INFO - Downloaded MSFT/1766652512.json -> /tmp/minio_downloads/1766652512.json
[2025-12-25T09:00:11.731+0000] {logging_mixin.py:188} INFO - Downloaded MSFT/1766652526.json -> /tmp/minio_downloads/1766652526.json
[2025-12-25T09:00:11.746+0000] {logging_mixin.py:188} INFO - Downloaded MSFT/1766652539.json -> /tmp/minio_downloads/1766652539.json
[2025-12-25T09:00:11.761+0000] {logging_mixin.py:188} INFO - Downloaded MSFT/1766652553.json -> /tmp/minio_downloads/1766652553.json
[2025-12-25T09:00:11.775+0000] {logging_mixin.py:188} INFO - Downloaded MSFT/1766652567.json -> /tmp/minio_downloads/1766652567.json
[2025-12-25T09:00:11.791+0000] {logging_mixin.py:188} INFO - Downloaded MSFT/1766652579.json -> /tmp/minio_downloads/1766652579.json
[2025-12-25T09:00:11.807+0000] {logging_mixin.py:188} INFO - Downloaded MSFT/1766652594.json -> /tmp/minio_downloads/1766652594.json
[2025-12-25T09:00:11.822+0000] {logging_mixin.py:188} INFO - Downloaded MSFT/1766652606.json -> /tmp/minio_downloads/1766652606.json
[2025-12-25T09:00:11.836+0000] {logging_mixin.py:188} INFO - Downloaded MSFT/1766652620.json -> /tmp/minio_downloads/1766652620.json
[2025-12-25T09:00:11.850+0000] {logging_mixin.py:188} INFO - Downloaded MSFT/1766652634.json -> /tmp/minio_downloads/1766652634.json
[2025-12-25T09:00:11.866+0000] {logging_mixin.py:188} INFO - Downloaded MSFT/1766652649.json -> /tmp/minio_downloads/1766652649.json
[2025-12-25T09:00:11.880+0000] {logging_mixin.py:188} INFO - Downloaded MSFT/1766652661.json -> /tmp/minio_downloads/1766652661.json
[2025-12-25T09:00:11.895+0000] {logging_mixin.py:188} INFO - Downloaded MSFT/1766652673.json -> /tmp/minio_downloads/1766652673.json
[2025-12-25T09:00:11.911+0000] {logging_mixin.py:188} INFO - Downloaded MSFT/1766652686.json -> /tmp/minio_downloads/1766652686.json
[2025-12-25T09:00:11.927+0000] {logging_mixin.py:188} INFO - Downloaded MSFT/1766652699.json -> /tmp/minio_downloads/1766652699.json
[2025-12-25T09:00:11.941+0000] {logging_mixin.py:188} INFO - Downloaded MSFT/1766652712.json -> /tmp/minio_downloads/1766652712.json
[2025-12-25T09:00:11.958+0000] {logging_mixin.py:188} INFO - Downloaded MSFT/1766652724.json -> /tmp/minio_downloads/1766652724.json
[2025-12-25T09:00:11.971+0000] {logging_mixin.py:188} INFO - Downloaded MSFT/1766652735.json -> /tmp/minio_downloads/1766652735.json
[2025-12-25T09:00:11.986+0000] {logging_mixin.py:188} INFO - Downloaded MSFT/1766652748.json -> /tmp/minio_downloads/1766652748.json
[2025-12-25T09:00:12.000+0000] {logging_mixin.py:188} INFO - Downloaded MSFT/1766652760.json -> /tmp/minio_downloads/1766652760.json
[2025-12-25T09:00:12.014+0000] {logging_mixin.py:188} INFO - Downloaded MSFT/1766652773.json -> /tmp/minio_downloads/1766652773.json
[2025-12-25T09:00:12.027+0000] {logging_mixin.py:188} INFO - Downloaded MSFT/1766652786.json -> /tmp/minio_downloads/1766652786.json
[2025-12-25T09:00:12.041+0000] {logging_mixin.py:188} INFO - Downloaded MSFT/1766652799.json -> /tmp/minio_downloads/1766652799.json
[2025-12-25T09:00:12.055+0000] {logging_mixin.py:188} INFO - Downloaded MSFT/1766652812.json -> /tmp/minio_downloads/1766652812.json
[2025-12-25T09:00:12.069+0000] {logging_mixin.py:188} INFO - Downloaded MSFT/1766652824.json -> /tmp/minio_downloads/1766652824.json
[2025-12-25T09:00:12.082+0000] {logging_mixin.py:188} INFO - Downloaded MSFT/1766652836.json -> /tmp/minio_downloads/1766652836.json
[2025-12-25T09:00:12.096+0000] {logging_mixin.py:188} INFO - Downloaded MSFT/1766652850.json -> /tmp/minio_downloads/1766652850.json
[2025-12-25T09:00:12.111+0000] {logging_mixin.py:188} INFO - Downloaded MSFT/1766652863.json -> /tmp/minio_downloads/1766652863.json
[2025-12-25T09:00:12.127+0000] {logging_mixin.py:188} INFO - Downloaded MSFT/1766652874.json -> /tmp/minio_downloads/1766652874.json
[2025-12-25T09:00:12.140+0000] {logging_mixin.py:188} INFO - Downloaded MSFT/1766652886.json -> /tmp/minio_downloads/1766652886.json
[2025-12-25T09:00:12.158+0000] {logging_mixin.py:188} INFO - Downloaded MSFT/1766652898.json -> /tmp/minio_downloads/1766652898.json
[2025-12-25T09:00:12.181+0000] {logging_mixin.py:188} INFO - Downloaded MSFT/1766652915.json -> /tmp/minio_downloads/1766652915.json
[2025-12-25T09:00:12.207+0000] {logging_mixin.py:188} INFO - Downloaded MSFT/1766652927.json -> /tmp/minio_downloads/1766652927.json
[2025-12-25T09:00:12.231+0000] {logging_mixin.py:188} INFO - Downloaded MSFT/1766652939.json -> /tmp/minio_downloads/1766652939.json
[2025-12-25T09:00:12.250+0000] {logging_mixin.py:188} INFO - Downloaded MSFT/1766652952.json -> /tmp/minio_downloads/1766652952.json
[2025-12-25T09:00:12.267+0000] {logging_mixin.py:188} INFO - Downloaded MSFT/1766652966.json -> /tmp/minio_downloads/1766652966.json
[2025-12-25T09:00:12.284+0000] {logging_mixin.py:188} INFO - Downloaded MSFT/1766652977.json -> /tmp/minio_downloads/1766652977.json
[2025-12-25T09:00:12.300+0000] {logging_mixin.py:188} INFO - Downloaded MSFT/1766652989.json -> /tmp/minio_downloads/1766652989.json
[2025-12-25T09:00:12.320+0000] {logging_mixin.py:188} INFO - Downloaded MSFT/1766653002.json -> /tmp/minio_downloads/1766653002.json
[2025-12-25T09:00:12.337+0000] {logging_mixin.py:188} INFO - Downloaded MSFT/1766653016.json -> /tmp/minio_downloads/1766653016.json
[2025-12-25T09:00:12.354+0000] {logging_mixin.py:188} INFO - Downloaded MSFT/1766653028.json -> /tmp/minio_downloads/1766653028.json
[2025-12-25T09:00:12.372+0000] {logging_mixin.py:188} INFO - Downloaded MSFT/1766653042.json -> /tmp/minio_downloads/1766653042.json
[2025-12-25T09:00:12.387+0000] {logging_mixin.py:188} INFO - Downloaded MSFT/1766653055.json -> /tmp/minio_downloads/1766653055.json
[2025-12-25T09:00:12.402+0000] {logging_mixin.py:188} INFO - Downloaded MSFT/1766653068.json -> /tmp/minio_downloads/1766653068.json
[2025-12-25T09:00:12.416+0000] {logging_mixin.py:188} INFO - Downloaded MSFT/1766653081.json -> /tmp/minio_downloads/1766653081.json
[2025-12-25T09:00:12.430+0000] {logging_mixin.py:188} INFO - Downloaded MSFT/1766653093.json -> /tmp/minio_downloads/1766653093.json
[2025-12-25T09:00:12.445+0000] {logging_mixin.py:188} INFO - Downloaded MSFT/1766653105.json -> /tmp/minio_downloads/1766653105.json
[2025-12-25T09:00:12.460+0000] {logging_mixin.py:188} INFO - Downloaded MSFT/1766653118.json -> /tmp/minio_downloads/1766653118.json
[2025-12-25T09:00:12.476+0000] {logging_mixin.py:188} INFO - Downloaded MSFT/1766653133.json -> /tmp/minio_downloads/1766653133.json
[2025-12-25T09:00:12.491+0000] {logging_mixin.py:188} INFO - Downloaded MSFT/1766653146.json -> /tmp/minio_downloads/1766653146.json
[2025-12-25T09:00:12.507+0000] {logging_mixin.py:188} INFO - Downloaded MSFT/1766653158.json -> /tmp/minio_downloads/1766653158.json
[2025-12-25T09:00:12.522+0000] {logging_mixin.py:188} INFO - Downloaded MSFT/1766653170.json -> /tmp/minio_downloads/1766653170.json
[2025-12-25T09:00:12.537+0000] {logging_mixin.py:188} INFO - Downloaded MSFT/1766653187.json -> /tmp/minio_downloads/1766653187.json
[2025-12-25T09:00:12.552+0000] {logging_mixin.py:188} INFO - Downloaded MSFT/1766653200.json -> /tmp/minio_downloads/1766653200.json
[2025-12-25T09:00:12.568+0000] {logging_mixin.py:188} INFO - Downloaded TSLA/1766651914.json -> /tmp/minio_downloads/1766651914.json
[2025-12-25T09:00:12.582+0000] {logging_mixin.py:188} INFO - Downloaded TSLA/1766651926.json -> /tmp/minio_downloads/1766651926.json
[2025-12-25T09:00:12.599+0000] {logging_mixin.py:188} INFO - Downloaded TSLA/1766651938.json -> /tmp/minio_downloads/1766651938.json
[2025-12-25T09:00:12.621+0000] {logging_mixin.py:188} INFO - Downloaded TSLA/1766651949.json -> /tmp/minio_downloads/1766651949.json
[2025-12-25T09:00:12.638+0000] {logging_mixin.py:188} INFO - Downloaded TSLA/1766651961.json -> /tmp/minio_downloads/1766651961.json
[2025-12-25T09:00:12.653+0000] {logging_mixin.py:188} INFO - Downloaded TSLA/1766651975.json -> /tmp/minio_downloads/1766651975.json
[2025-12-25T09:00:12.668+0000] {logging_mixin.py:188} INFO - Downloaded TSLA/1766651987.json -> /tmp/minio_downloads/1766651987.json
[2025-12-25T09:00:12.686+0000] {logging_mixin.py:188} INFO - Downloaded TSLA/1766651999.json -> /tmp/minio_downloads/1766651999.json
[2025-12-25T09:00:12.708+0000] {logging_mixin.py:188} INFO - Downloaded TSLA/1766652011.json -> /tmp/minio_downloads/1766652011.json
[2025-12-25T09:00:12.723+0000] {logging_mixin.py:188} INFO - Downloaded TSLA/1766652022.json -> /tmp/minio_downloads/1766652022.json
[2025-12-25T09:00:12.738+0000] {logging_mixin.py:188} INFO - Downloaded TSLA/1766652034.json -> /tmp/minio_downloads/1766652034.json
[2025-12-25T09:00:12.758+0000] {logging_mixin.py:188} INFO - Downloaded TSLA/1766652046.json -> /tmp/minio_downloads/1766652046.json
[2025-12-25T09:00:12.773+0000] {logging_mixin.py:188} INFO - Downloaded TSLA/1766652058.json -> /tmp/minio_downloads/1766652058.json
[2025-12-25T09:00:12.788+0000] {logging_mixin.py:188} INFO - Downloaded TSLA/1766652070.json -> /tmp/minio_downloads/1766652070.json
[2025-12-25T09:00:12.804+0000] {logging_mixin.py:188} INFO - Downloaded TSLA/1766652081.json -> /tmp/minio_downloads/1766652081.json
[2025-12-25T09:00:12.818+0000] {logging_mixin.py:188} INFO - Downloaded TSLA/1766652094.json -> /tmp/minio_downloads/1766652094.json
[2025-12-25T09:00:12.835+0000] {logging_mixin.py:188} INFO - Downloaded TSLA/1766652106.json -> /tmp/minio_downloads/1766652106.json
[2025-12-25T09:00:12.850+0000] {logging_mixin.py:188} INFO - Downloaded TSLA/1766652118.json -> /tmp/minio_downloads/1766652118.json
[2025-12-25T09:00:12.865+0000] {logging_mixin.py:188} INFO - Downloaded TSLA/1766652130.json -> /tmp/minio_downloads/1766652130.json
[2025-12-25T09:00:12.880+0000] {logging_mixin.py:188} INFO - Downloaded TSLA/1766652142.json -> /tmp/minio_downloads/1766652142.json
[2025-12-25T09:00:12.896+0000] {logging_mixin.py:188} INFO - Downloaded TSLA/1766652155.json -> /tmp/minio_downloads/1766652155.json
[2025-12-25T09:00:12.912+0000] {logging_mixin.py:188} INFO - Downloaded TSLA/1766652167.json -> /tmp/minio_downloads/1766652167.json
[2025-12-25T09:00:12.927+0000] {logging_mixin.py:188} INFO - Downloaded TSLA/1766652178.json -> /tmp/minio_downloads/1766652178.json
[2025-12-25T09:00:12.943+0000] {logging_mixin.py:188} INFO - Downloaded TSLA/1766652190.json -> /tmp/minio_downloads/1766652190.json
[2025-12-25T09:00:12.959+0000] {logging_mixin.py:188} INFO - Downloaded TSLA/1766652204.json -> /tmp/minio_downloads/1766652204.json
[2025-12-25T09:00:12.977+0000] {logging_mixin.py:188} INFO - Downloaded TSLA/1766652215.json -> /tmp/minio_downloads/1766652215.json
[2025-12-25T09:00:12.993+0000] {logging_mixin.py:188} INFO - Downloaded TSLA/1766652227.json -> /tmp/minio_downloads/1766652227.json
[2025-12-25T09:00:13.011+0000] {logging_mixin.py:188} INFO - Downloaded TSLA/1766652239.json -> /tmp/minio_downloads/1766652239.json
[2025-12-25T09:00:13.029+0000] {logging_mixin.py:188} INFO - Downloaded TSLA/1766652250.json -> /tmp/minio_downloads/1766652250.json
[2025-12-25T09:00:13.047+0000] {logging_mixin.py:188} INFO - Downloaded TSLA/1766652262.json -> /tmp/minio_downloads/1766652262.json
[2025-12-25T09:00:13.064+0000] {logging_mixin.py:188} INFO - Downloaded TSLA/1766652275.json -> /tmp/minio_downloads/1766652275.json
[2025-12-25T09:00:13.081+0000] {logging_mixin.py:188} INFO - Downloaded TSLA/1766652287.json -> /tmp/minio_downloads/1766652287.json
[2025-12-25T09:00:13.098+0000] {logging_mixin.py:188} INFO - Downloaded TSLA/1766652298.json -> /tmp/minio_downloads/1766652298.json
[2025-12-25T09:00:13.118+0000] {logging_mixin.py:188} INFO - Downloaded TSLA/1766652310.json -> /tmp/minio_downloads/1766652310.json
[2025-12-25T09:00:13.134+0000] {logging_mixin.py:188} INFO - Downloaded TSLA/1766652322.json -> /tmp/minio_downloads/1766652322.json
[2025-12-25T09:00:13.151+0000] {logging_mixin.py:188} INFO - Downloaded TSLA/1766652335.json -> /tmp/minio_downloads/1766652335.json
[2025-12-25T09:00:13.168+0000] {logging_mixin.py:188} INFO - Downloaded TSLA/1766652347.json -> /tmp/minio_downloads/1766652347.json
[2025-12-25T09:00:13.185+0000] {logging_mixin.py:188} INFO - Downloaded TSLA/1766652358.json -> /tmp/minio_downloads/1766652358.json
[2025-12-25T09:00:13.202+0000] {logging_mixin.py:188} INFO - Downloaded TSLA/1766652371.json -> /tmp/minio_downloads/1766652371.json
[2025-12-25T09:00:13.218+0000] {logging_mixin.py:188} INFO - Downloaded TSLA/1766652384.json -> /tmp/minio_downloads/1766652384.json
[2025-12-25T09:00:13.231+0000] {logging_mixin.py:188} INFO - Downloaded TSLA/1766652399.json -> /tmp/minio_downloads/1766652399.json
[2025-12-25T09:00:13.243+0000] {logging_mixin.py:188} INFO - Downloaded TSLA/1766652411.json -> /tmp/minio_downloads/1766652411.json
[2025-12-25T09:00:13.257+0000] {logging_mixin.py:188} INFO - Downloaded TSLA/1766652423.json -> /tmp/minio_downloads/1766652423.json
[2025-12-25T09:00:13.270+0000] {logging_mixin.py:188} INFO - Downloaded TSLA/1766652437.json -> /tmp/minio_downloads/1766652437.json
[2025-12-25T09:00:13.283+0000] {logging_mixin.py:188} INFO - Downloaded TSLA/1766652450.json -> /tmp/minio_downloads/1766652450.json
[2025-12-25T09:00:13.296+0000] {logging_mixin.py:188} INFO - Downloaded TSLA/1766652461.json -> /tmp/minio_downloads/1766652461.json
[2025-12-25T09:00:13.310+0000] {logging_mixin.py:188} INFO - Downloaded TSLA/1766652475.json -> /tmp/minio_downloads/1766652475.json
[2025-12-25T09:00:13.323+0000] {logging_mixin.py:188} INFO - Downloaded TSLA/1766652488.json -> /tmp/minio_downloads/1766652488.json
[2025-12-25T09:00:13.337+0000] {logging_mixin.py:188} INFO - Downloaded TSLA/1766652501.json -> /tmp/minio_downloads/1766652501.json
[2025-12-25T09:00:13.351+0000] {logging_mixin.py:188} INFO - Downloaded TSLA/1766652513.json -> /tmp/minio_downloads/1766652513.json
[2025-12-25T09:00:13.363+0000] {logging_mixin.py:188} INFO - Downloaded TSLA/1766652527.json -> /tmp/minio_downloads/1766652527.json
[2025-12-25T09:00:13.376+0000] {logging_mixin.py:188} INFO - Downloaded TSLA/1766652541.json -> /tmp/minio_downloads/1766652541.json
[2025-12-25T09:00:13.389+0000] {logging_mixin.py:188} INFO - Downloaded TSLA/1766652554.json -> /tmp/minio_downloads/1766652554.json
[2025-12-25T09:00:13.402+0000] {logging_mixin.py:188} INFO - Downloaded TSLA/1766652568.json -> /tmp/minio_downloads/1766652568.json
[2025-12-25T09:00:13.416+0000] {logging_mixin.py:188} INFO - Downloaded TSLA/1766652581.json -> /tmp/minio_downloads/1766652581.json
[2025-12-25T09:00:13.428+0000] {logging_mixin.py:188} INFO - Downloaded TSLA/1766652595.json -> /tmp/minio_downloads/1766652595.json
[2025-12-25T09:00:13.443+0000] {logging_mixin.py:188} INFO - Downloaded TSLA/1766652608.json -> /tmp/minio_downloads/1766652608.json
[2025-12-25T09:00:13.456+0000] {logging_mixin.py:188} INFO - Downloaded TSLA/1766652622.json -> /tmp/minio_downloads/1766652622.json
[2025-12-25T09:00:13.469+0000] {logging_mixin.py:188} INFO - Downloaded TSLA/1766652639.json -> /tmp/minio_downloads/1766652639.json
[2025-12-25T09:00:13.482+0000] {logging_mixin.py:188} INFO - Downloaded TSLA/1766652650.json -> /tmp/minio_downloads/1766652650.json
[2025-12-25T09:00:13.497+0000] {logging_mixin.py:188} INFO - Downloaded TSLA/1766652663.json -> /tmp/minio_downloads/1766652663.json
[2025-12-25T09:00:13.510+0000] {logging_mixin.py:188} INFO - Downloaded TSLA/1766652675.json -> /tmp/minio_downloads/1766652675.json
[2025-12-25T09:00:13.526+0000] {logging_mixin.py:188} INFO - Downloaded TSLA/1766652688.json -> /tmp/minio_downloads/1766652688.json
[2025-12-25T09:00:13.538+0000] {logging_mixin.py:188} INFO - Downloaded TSLA/1766652700.json -> /tmp/minio_downloads/1766652700.json
[2025-12-25T09:00:13.552+0000] {logging_mixin.py:188} INFO - Downloaded TSLA/1766652713.json -> /tmp/minio_downloads/1766652713.json
[2025-12-25T09:00:13.565+0000] {logging_mixin.py:188} INFO - Downloaded TSLA/1766652725.json -> /tmp/minio_downloads/1766652725.json
[2025-12-25T09:00:13.579+0000] {logging_mixin.py:188} INFO - Downloaded TSLA/1766652736.json -> /tmp/minio_downloads/1766652736.json
[2025-12-25T09:00:13.593+0000] {logging_mixin.py:188} INFO - Downloaded TSLA/1766652750.json -> /tmp/minio_downloads/1766652750.json
[2025-12-25T09:00:13.606+0000] {logging_mixin.py:188} INFO - Downloaded TSLA/1766652762.json -> /tmp/minio_downloads/1766652762.json
[2025-12-25T09:00:13.620+0000] {logging_mixin.py:188} INFO - Downloaded TSLA/1766652774.json -> /tmp/minio_downloads/1766652774.json
[2025-12-25T09:00:13.633+0000] {logging_mixin.py:188} INFO - Downloaded TSLA/1766652787.json -> /tmp/minio_downloads/1766652787.json
[2025-12-25T09:00:13.646+0000] {logging_mixin.py:188} INFO - Downloaded TSLA/1766652800.json -> /tmp/minio_downloads/1766652800.json
[2025-12-25T09:00:13.661+0000] {logging_mixin.py:188} INFO - Downloaded TSLA/1766652813.json -> /tmp/minio_downloads/1766652813.json
[2025-12-25T09:00:13.663+0000] {logging_mixin.py:188} INFO - Downloaded TSLA/1766652825.json -> /tmp/minio_downloads/1766652825.json
[2025-12-25T09:00:13.680+0000] {logging_mixin.py:188} INFO - Downloaded TSLA/1766652837.json -> /tmp/minio_downloads/1766652837.json
[2025-12-25T09:00:13.695+0000] {logging_mixin.py:188} INFO - Downloaded TSLA/1766652852.json -> /tmp/minio_downloads/1766652852.json
[2025-12-25T09:00:13.711+0000] {logging_mixin.py:188} INFO - Downloaded TSLA/1766652864.json -> /tmp/minio_downloads/1766652864.json
[2025-12-25T09:00:13.726+0000] {logging_mixin.py:188} INFO - Downloaded TSLA/1766652875.json -> /tmp/minio_downloads/1766652875.json
[2025-12-25T09:00:13.741+0000] {logging_mixin.py:188} INFO - Downloaded TSLA/1766652887.json -> /tmp/minio_downloads/1766652887.json
[2025-12-25T09:00:13.756+0000] {logging_mixin.py:188} INFO - Downloaded TSLA/1766652899.json -> /tmp/minio_downloads/1766652899.json
[2025-12-25T09:00:13.773+0000] {logging_mixin.py:188} INFO - Downloaded TSLA/1766652917.json -> /tmp/minio_downloads/1766652917.json
[2025-12-25T09:00:13.787+0000] {logging_mixin.py:188} INFO - Downloaded TSLA/1766652928.json -> /tmp/minio_downloads/1766652928.json
[2025-12-25T09:00:13.804+0000] {logging_mixin.py:188} INFO - Downloaded TSLA/1766652941.json -> /tmp/minio_downloads/1766652941.json
[2025-12-25T09:00:13.820+0000] {logging_mixin.py:188} INFO - Downloaded TSLA/1766652954.json -> /tmp/minio_downloads/1766652954.json
[2025-12-25T09:00:13.835+0000] {logging_mixin.py:188} INFO - Downloaded TSLA/1766652967.json -> /tmp/minio_downloads/1766652967.json
[2025-12-25T09:00:13.852+0000] {logging_mixin.py:188} INFO - Downloaded TSLA/1766652978.json -> /tmp/minio_downloads/1766652978.json
[2025-12-25T09:00:13.868+0000] {logging_mixin.py:188} INFO - Downloaded TSLA/1766652990.json -> /tmp/minio_downloads/1766652990.json
[2025-12-25T09:00:13.885+0000] {logging_mixin.py:188} INFO - Downloaded TSLA/1766653003.json -> /tmp/minio_downloads/1766653003.json
[2025-12-25T09:00:13.901+0000] {logging_mixin.py:188} INFO - Downloaded TSLA/1766653017.json -> /tmp/minio_downloads/1766653017.json
[2025-12-25T09:00:13.915+0000] {logging_mixin.py:188} INFO - Downloaded TSLA/1766653030.json -> /tmp/minio_downloads/1766653030.json
[2025-12-25T09:00:13.929+0000] {logging_mixin.py:188} INFO - Downloaded TSLA/1766653043.json -> /tmp/minio_downloads/1766653043.json
[2025-12-25T09:00:13.944+0000] {logging_mixin.py:188} INFO - Downloaded TSLA/1766653056.json -> /tmp/minio_downloads/1766653056.json
[2025-12-25T09:00:13.958+0000] {logging_mixin.py:188} INFO - Downloaded TSLA/1766653070.json -> /tmp/minio_downloads/1766653070.json
[2025-12-25T09:00:13.974+0000] {logging_mixin.py:188} INFO - Downloaded TSLA/1766653082.json -> /tmp/minio_downloads/1766653082.json
[2025-12-25T09:00:13.988+0000] {logging_mixin.py:188} INFO - Downloaded TSLA/1766653094.json -> /tmp/minio_downloads/1766653094.json
[2025-12-25T09:00:14.001+0000] {logging_mixin.py:188} INFO - Downloaded TSLA/1766653107.json -> /tmp/minio_downloads/1766653107.json
[2025-12-25T09:00:14.016+0000] {logging_mixin.py:188} INFO - Downloaded TSLA/1766653120.json -> /tmp/minio_downloads/1766653120.json
[2025-12-25T09:00:14.032+0000] {logging_mixin.py:188} INFO - Downloaded TSLA/1766653134.json -> /tmp/minio_downloads/1766653134.json
[2025-12-25T09:00:14.046+0000] {logging_mixin.py:188} INFO - Downloaded TSLA/1766653147.json -> /tmp/minio_downloads/1766653147.json
[2025-12-25T09:00:14.062+0000] {logging_mixin.py:188} INFO - Downloaded TSLA/1766653159.json -> /tmp/minio_downloads/1766653159.json
[2025-12-25T09:00:14.079+0000] {logging_mixin.py:188} INFO - Downloaded TSLA/1766653172.json -> /tmp/minio_downloads/1766653172.json
[2025-12-25T09:00:14.095+0000] {logging_mixin.py:188} INFO - Downloaded TSLA/1766653188.json -> /tmp/minio_downloads/1766653188.json
[2025-12-25T09:00:14.097+0000] {python.py:237} INFO - Done. Returned value was: ['/tmp/minio_downloads/1766651912.json', '/tmp/minio_downloads/1766651923.json', '/tmp/minio_downloads/1766651935.json', '/tmp/minio_downloads/1766651947.json', '/tmp/minio_downloads/1766651959.json', '/tmp/minio_downloads/1766651972.json', '/tmp/minio_downloads/1766651985.json', '/tmp/minio_downloads/1766651996.json', '/tmp/minio_downloads/1766652008.json', '/tmp/minio_downloads/1766652020.json', '/tmp/minio_downloads/1766652032.json', '/tmp/minio_downloads/1766652044.json', '/tmp/minio_downloads/1766652056.json', '/tmp/minio_downloads/1766652067.json', '/tmp/minio_downloads/1766652079.json', '/tmp/minio_downloads/1766652091.json', '/tmp/minio_downloads/1766652104.json', '/tmp/minio_downloads/1766652116.json', '/tmp/minio_downloads/1766652128.json', '/tmp/minio_downloads/1766652140.json', '/tmp/minio_downloads/1766652153.json', '/tmp/minio_downloads/1766652164.json', '/tmp/minio_downloads/1766652176.json', '/tmp/minio_downloads/1766652188.json', '/tmp/minio_downloads/1766652200.json', '/tmp/minio_downloads/1766652213.json', '/tmp/minio_downloads/1766652224.json', '/tmp/minio_downloads/1766652236.json', '/tmp/minio_downloads/1766652248.json', '/tmp/minio_downloads/1766652260.json', '/tmp/minio_downloads/1766652272.json', '/tmp/minio_downloads/1766652284.json', '/tmp/minio_downloads/1766652296.json', '/tmp/minio_downloads/1766652308.json', '/tmp/minio_downloads/1766652319.json', '/tmp/minio_downloads/1766652332.json', '/tmp/minio_downloads/1766652345.json', '/tmp/minio_downloads/1766652356.json', '/tmp/minio_downloads/1766652369.json', '/tmp/minio_downloads/1766652381.json', '/tmp/minio_downloads/1766652397.json', '/tmp/minio_downloads/1766652409.json', '/tmp/minio_downloads/1766652421.json', '/tmp/minio_downloads/1766652434.json', '/tmp/minio_downloads/1766652447.json', '/tmp/minio_downloads/1766652459.json', '/tmp/minio_downloads/1766652471.json', '/tmp/minio_downloads/1766652485.json', '/tmp/minio_downloads/1766652498.json', '/tmp/minio_downloads/1766652511.json', '/tmp/minio_downloads/1766652524.json', '/tmp/minio_downloads/1766652538.json', '/tmp/minio_downloads/1766652552.json', '/tmp/minio_downloads/1766652565.json', '/tmp/minio_downloads/1766652578.json', '/tmp/minio_downloads/1766652592.json', '/tmp/minio_downloads/1766652605.json', '/tmp/minio_downloads/1766652619.json', '/tmp/minio_downloads/1766652633.json', '/tmp/minio_downloads/1766652648.json', '/tmp/minio_downloads/1766652660.json', '/tmp/minio_downloads/1766652672.json', '/tmp/minio_downloads/1766652685.json', '/tmp/minio_downloads/1766652698.json', '/tmp/minio_downloads/1766652711.json', '/tmp/minio_downloads/1766652722.json', '/tmp/minio_downloads/1766652734.json', '/tmp/minio_downloads/1766652747.json', '/tmp/minio_downloads/1766652759.json', '/tmp/minio_downloads/1766652771.json', '/tmp/minio_downloads/1766652784.json', '/tmp/minio_downloads/1766652797.json', '/tmp/minio_downloads/1766652811.json', '/tmp/minio_downloads/1766652823.json', '/tmp/minio_downloads/1766652835.json', '/tmp/minio_downloads/1766652849.json', '/tmp/minio_downloads/1766652861.json', '/tmp/minio_downloads/1766652873.json', '/tmp/minio_downloads/1766652885.json', '/tmp/minio_downloads/1766652897.json', '/tmp/minio_downloads/1766652914.json', '/tmp/minio_downloads/1766652926.json', '/tmp/minio_downloads/1766652938.json', '/tmp/minio_downloads/1766652951.json', '/tmp/minio_downloads/1766652965.json', '/tmp/minio_downloads/1766652976.json', '/tmp/minio_downloads/1766652987.json', '/tmp/minio_downloads/1766653001.json', '/tmp/minio_downloads/1766653014.json', '/tmp/minio_downloads/1766653027.json', '/tmp/minio_downloads/1766653039.json', '/tmp/minio_downloads/1766653053.json', '/tmp/minio_downloads/1766653067.json', '/tmp/minio_downloads/1766653080.json', '/tmp/minio_downloads/1766653092.json', '/tmp/minio_downloads/1766653104.json', '/tmp/minio_downloads/1766653117.json', '/tmp/minio_downloads/1766653132.json', '/tmp/minio_downloads/1766653145.json', '/tmp/minio_downloads/1766653157.json', '/tmp/minio_downloads/1766653169.json', '/tmp/minio_downloads/1766653185.json', '/tmp/minio_downloads/1766653199.json', '/tmp/minio_downloads/1766651916.json', '/tmp/minio_downloads/1766651928.json', '/tmp/minio_downloads/1766651940.json', '/tmp/minio_downloads/1766651952.json', '/tmp/minio_downloads/1766651964.json', '/tmp/minio_downloads/1766651978.json', '/tmp/minio_downloads/1766651989.json', '/tmp/minio_downloads/1766652001.json', '/tmp/minio_downloads/1766652013.json', '/tmp/minio_downloads/1766652025.json', '/tmp/minio_downloads/1766652036.json', '/tmp/minio_downloads/1766652048.json', '/tmp/minio_downloads/1766652060.json', '/tmp/minio_downloads/1766652072.json', '/tmp/minio_downloads/1766652084.json', '/tmp/minio_downloads/1766652097.json', '/tmp/minio_downloads/1766652109.json', '/tmp/minio_downloads/1766652121.json', '/tmp/minio_downloads/1766652133.json', '/tmp/minio_downloads/1766652145.json', '/tmp/minio_downloads/1766652157.json', '/tmp/minio_downloads/1766652169.json', '/tmp/minio_downloads/1766652181.json', '/tmp/minio_downloads/1766652193.json', '/tmp/minio_downloads/1766652206.json', '/tmp/minio_downloads/1766652217.json', '/tmp/minio_downloads/1766652229.json', '/tmp/minio_downloads/1766652241.json', '/tmp/minio_downloads/1766652253.json', '/tmp/minio_downloads/1766652264.json', '/tmp/minio_downloads/1766652277.json', '/tmp/minio_downloads/1766652289.json', '/tmp/minio_downloads/1766652301.json', '/tmp/minio_downloads/1766652312.json', '/tmp/minio_downloads/1766652325.json', '/tmp/minio_downloads/1766652338.json', '/tmp/minio_downloads/1766652349.json', '/tmp/minio_downloads/1766652361.json', '/tmp/minio_downloads/1766652374.json', '/tmp/minio_downloads/1766652390.json', '/tmp/minio_downloads/1766652401.json', '/tmp/minio_downloads/1766652413.json', '/tmp/minio_downloads/1766652426.json', '/tmp/minio_downloads/1766652439.json', '/tmp/minio_downloads/1766652452.json', '/tmp/minio_downloads/1766652464.json', '/tmp/minio_downloads/1766652477.json', '/tmp/minio_downloads/1766652490.json', '/tmp/minio_downloads/1766652503.json', '/tmp/minio_downloads/1766652516.json', '/tmp/minio_downloads/1766652530.json', '/tmp/minio_downloads/1766652543.json', '/tmp/minio_downloads/1766652558.json', '/tmp/minio_downloads/1766652570.json', '/tmp/minio_downloads/1766652584.json', '/tmp/minio_downloads/1766652598.json', '/tmp/minio_downloads/1766652611.json', '/tmp/minio_downloads/1766652625.json', '/tmp/minio_downloads/1766652641.json', '/tmp/minio_downloads/1766652652.json', '/tmp/minio_downloads/1766652665.json', '/tmp/minio_downloads/1766652677.json', '/tmp/minio_downloads/1766652690.json', '/tmp/minio_downloads/1766652703.json', '/tmp/minio_downloads/1766652715.json', '/tmp/minio_downloads/1766652727.json', '/tmp/minio_downloads/1766652739.json', '/tmp/minio_downloads/1766652752.json', '/tmp/minio_downloads/1766652764.json', '/tmp/minio_downloads/1766652777.json', '/tmp/minio_downloads/1766652790.json', '/tmp/minio_downloads/1766652803.json', '/tmp/minio_downloads/1766652815.json', '/tmp/minio_downloads/1766652827.json', '/tmp/minio_downloads/1766652841.json', '/tmp/minio_downloads/1766652854.json', '/tmp/minio_downloads/1766652866.json', '/tmp/minio_downloads/1766652878.json', '/tmp/minio_downloads/1766652889.json', '/tmp/minio_downloads/1766652902.json', '/tmp/minio_downloads/1766652919.json', '/tmp/minio_downloads/1766652930.json', '/tmp/minio_downloads/1766652944.json', '/tmp/minio_downloads/1766652958.json', '/tmp/minio_downloads/1766652969.json', '/tmp/minio_downloads/1766652980.json', '/tmp/minio_downloads/1766652994.json', '/tmp/minio_downloads/1766653006.json', '/tmp/minio_downloads/1766653020.json', '/tmp/minio_downloads/1766653032.json', '/tmp/minio_downloads/1766653046.json', '/tmp/minio_downloads/1766653060.json', '/tmp/minio_downloads/1766653073.json', '/tmp/minio_downloads/1766653085.json', '/tmp/minio_downloads/1766653097.json', '/tmp/minio_downloads/1766653110.json', '/tmp/minio_downloads/1766653125.json', '/tmp/minio_downloads/1766653137.json', '/tmp/minio_downloads/1766653149.json', '/tmp/minio_downloads/1766653161.json', '/tmp/minio_downloads/1766653177.json', '/tmp/minio_downloads/1766653191.json', '/tmp/minio_downloads/1766651915.json', '/tmp/minio_downloads/1766651927.json', '/tmp/minio_downloads/1766651939.json', '/tmp/minio_downloads/1766651951.json', '/tmp/minio_downloads/1766651963.json', '/tmp/minio_downloads/1766651977.json', '/tmp/minio_downloads/1766651988.json', '/tmp/minio_downloads/1766652000.json', '/tmp/minio_downloads/1766652012.json', '/tmp/minio_downloads/1766652024.json', '/tmp/minio_downloads/1766652035.json', '/tmp/minio_downloads/1766652047.json', '/tmp/minio_downloads/1766652059.json', '/tmp/minio_downloads/1766652071.json', '/tmp/minio_downloads/1766652083.json', '/tmp/minio_downloads/1766652096.json', '/tmp/minio_downloads/1766652107.json', '/tmp/minio_downloads/1766652119.json', '/tmp/minio_downloads/1766652131.json', '/tmp/minio_downloads/1766652144.json', '/tmp/minio_downloads/1766652156.json', '/tmp/minio_downloads/1766652168.json', '/tmp/minio_downloads/1766652180.json', '/tmp/minio_downloads/1766652191.json', '/tmp/minio_downloads/1766652205.json', '/tmp/minio_downloads/1766652216.json', '/tmp/minio_downloads/1766652228.json', '/tmp/minio_downloads/1766652240.json', '/tmp/minio_downloads/1766652251.json', '/tmp/minio_downloads/1766652263.json', '/tmp/minio_downloads/1766652276.json', '/tmp/minio_downloads/1766652288.json', '/tmp/minio_downloads/1766652300.json', '/tmp/minio_downloads/1766652311.json', '/tmp/minio_downloads/1766652323.json', '/tmp/minio_downloads/1766652336.json', '/tmp/minio_downloads/1766652348.json', '/tmp/minio_downloads/1766652360.json', '/tmp/minio_downloads/1766652372.json', '/tmp/minio_downloads/1766652386.json', '/tmp/minio_downloads/1766652400.json', '/tmp/minio_downloads/1766652412.json', '/tmp/minio_downloads/1766652425.json', '/tmp/minio_downloads/1766652438.json', '/tmp/minio_downloads/1766652451.json', '/tmp/minio_downloads/1766652462.json', '/tmp/minio_downloads/1766652476.json', '/tmp/minio_downloads/1766652489.json', '/tmp/minio_downloads/1766652502.json', '/tmp/minio_downloads/1766652515.json', '/tmp/minio_downloads/1766652529.json', '/tmp/minio_downloads/1766652542.json', '/tmp/minio_downloads/1766652556.json', '/tmp/minio_downloads/1766652569.json', '/tmp/minio_downloads/1766652582.json', '/tmp/minio_downloads/1766652596.json', '/tmp/minio_downloads/1766652610.json', '/tmp/minio_downloads/1766652623.json', '/tmp/minio_downloads/1766652640.json', '/tmp/minio_downloads/1766652651.json', '/tmp/minio_downloads/1766652664.json', '/tmp/minio_downloads/1766652676.json', '/tmp/minio_downloads/1766652689.json', '/tmp/minio_downloads/1766652702.json', '/tmp/minio_downloads/1766652714.json', '/tmp/minio_downloads/1766652726.json', '/tmp/minio_downloads/1766652738.json', '/tmp/minio_downloads/1766652751.json', '/tmp/minio_downloads/1766652763.json', '/tmp/minio_downloads/1766652775.json', '/tmp/minio_downloads/1766652789.json', '/tmp/minio_downloads/1766652802.json', '/tmp/minio_downloads/1766652814.json', '/tmp/minio_downloads/1766652826.json', '/tmp/minio_downloads/1766652839.json', '/tmp/minio_downloads/1766652853.json', '/tmp/minio_downloads/1766652865.json', '/tmp/minio_downloads/1766652877.json', '/tmp/minio_downloads/1766652888.json', '/tmp/minio_downloads/1766652901.json', '/tmp/minio_downloads/1766652918.json', '/tmp/minio_downloads/1766652929.json', '/tmp/minio_downloads/1766652942.json', '/tmp/minio_downloads/1766652956.json', '/tmp/minio_downloads/1766652968.json', '/tmp/minio_downloads/1766652979.json', '/tmp/minio_downloads/1766652992.json', '/tmp/minio_downloads/1766653005.json', '/tmp/minio_downloads/1766653018.json', '/tmp/minio_downloads/1766653031.json', '/tmp/minio_downloads/1766653045.json', '/tmp/minio_downloads/1766653058.json', '/tmp/minio_downloads/1766653071.json', '/tmp/minio_downloads/1766653084.json', '/tmp/minio_downloads/1766653096.json', '/tmp/minio_downloads/1766653108.json', '/tmp/minio_downloads/1766653123.json', '/tmp/minio_downloads/1766653136.json', '/tmp/minio_downloads/1766653148.json', '/tmp/minio_downloads/1766653160.json', '/tmp/minio_downloads/1766653175.json', '/tmp/minio_downloads/1766653190.json', '/tmp/minio_downloads/1766651913.json', '/tmp/minio_downloads/1766651924.json', '/tmp/minio_downloads/1766651937.json', '/tmp/minio_downloads/1766651948.json', '/tmp/minio_downloads/1766651960.json', '/tmp/minio_downloads/1766651973.json', '/tmp/minio_downloads/1766651986.json', '/tmp/minio_downloads/1766651998.json', '/tmp/minio_downloads/1766652009.json', '/tmp/minio_downloads/1766652021.json', '/tmp/minio_downloads/1766652033.json', '/tmp/minio_downloads/1766652045.json', '/tmp/minio_downloads/1766652057.json', '/tmp/minio_downloads/1766652069.json', '/tmp/minio_downloads/1766652080.json', '/tmp/minio_downloads/1766652092.json', '/tmp/minio_downloads/1766652105.json', '/tmp/minio_downloads/1766652117.json', '/tmp/minio_downloads/1766652129.json', '/tmp/minio_downloads/1766652141.json', '/tmp/minio_downloads/1766652154.json', '/tmp/minio_downloads/1766652166.json', '/tmp/minio_downloads/1766652177.json', '/tmp/minio_downloads/1766652189.json', '/tmp/minio_downloads/1766652202.json', '/tmp/minio_downloads/1766652214.json', '/tmp/minio_downloads/1766652225.json', '/tmp/minio_downloads/1766652238.json', '/tmp/minio_downloads/1766652249.json', '/tmp/minio_downloads/1766652261.json', '/tmp/minio_downloads/1766652274.json', '/tmp/minio_downloads/1766652286.json', '/tmp/minio_downloads/1766652297.json', '/tmp/minio_downloads/1766652309.json', '/tmp/minio_downloads/1766652320.json', '/tmp/minio_downloads/1766652334.json', '/tmp/minio_downloads/1766652346.json', '/tmp/minio_downloads/1766652357.json', '/tmp/minio_downloads/1766652370.json', '/tmp/minio_downloads/1766652383.json', '/tmp/minio_downloads/1766652398.json', '/tmp/minio_downloads/1766652410.json', '/tmp/minio_downloads/1766652422.json', '/tmp/minio_downloads/1766652435.json', '/tmp/minio_downloads/1766652448.json', '/tmp/minio_downloads/1766652460.json', '/tmp/minio_downloads/1766652473.json', '/tmp/minio_downloads/1766652486.json', '/tmp/minio_downloads/1766652500.json', '/tmp/minio_downloads/1766652512.json', '/tmp/minio_downloads/1766652526.json', '/tmp/minio_downloads/1766652539.json', '/tmp/minio_downloads/1766652553.json', '/tmp/minio_downloads/1766652567.json', '/tmp/minio_downloads/1766652579.json', '/tmp/minio_downloads/1766652594.json', '/tmp/minio_downloads/1766652606.json', '/tmp/minio_downloads/1766652620.json', '/tmp/minio_downloads/1766652634.json', '/tmp/minio_downloads/1766652649.json', '/tmp/minio_downloads/1766652661.json', '/tmp/minio_downloads/1766652673.json', '/tmp/minio_downloads/1766652686.json', '/tmp/minio_downloads/1766652699.json', '/tmp/minio_downloads/1766652712.json', '/tmp/minio_downloads/1766652724.json', '/tmp/minio_downloads/1766652735.json', '/tmp/minio_downloads/1766652748.json', '/tmp/minio_downloads/1766652760.json', '/tmp/minio_downloads/1766652773.json', '/tmp/minio_downloads/1766652786.json', '/tmp/minio_downloads/1766652799.json', '/tmp/minio_downloads/1766652812.json', '/tmp/minio_downloads/1766652824.json', '/tmp/minio_downloads/1766652836.json', '/tmp/minio_downloads/1766652850.json', '/tmp/minio_downloads/1766652863.json', '/tmp/minio_downloads/1766652874.json', '/tmp/minio_downloads/1766652886.json', '/tmp/minio_downloads/1766652898.json', '/tmp/minio_downloads/1766652915.json', '/tmp/minio_downloads/1766652927.json', '/tmp/minio_downloads/1766652939.json', '/tmp/minio_downloads/1766652952.json', '/tmp/minio_downloads/1766652966.json', '/tmp/minio_downloads/1766652977.json', '/tmp/minio_downloads/1766652989.json', '/tmp/minio_downloads/1766653002.json', '/tmp/minio_downloads/1766653016.json', '/tmp/minio_downloads/1766653028.json', '/tmp/minio_downloads/1766653042.json', '/tmp/minio_downloads/1766653055.json', '/tmp/minio_downloads/1766653068.json', '/tmp/minio_downloads/1766653081.json', '/tmp/minio_downloads/1766653093.json', '/tmp/minio_downloads/1766653105.json', '/tmp/minio_downloads/1766653118.json', '/tmp/minio_downloads/1766653133.json', '/tmp/minio_downloads/1766653146.json', '/tmp/minio_downloads/1766653158.json', '/tmp/minio_downloads/1766653170.json', '/tmp/minio_downloads/1766653187.json', '/tmp/minio_downloads/1766653200.json', '/tmp/minio_downloads/1766651914.json', '/tmp/minio_downloads/1766651926.json', '/tmp/minio_downloads/1766651938.json', '/tmp/minio_downloads/1766651949.json', '/tmp/minio_downloads/1766651961.json', '/tmp/minio_downloads/1766651975.json', '/tmp/minio_downloads/1766651987.json', '/tmp/minio_downloads/1766651999.json', '/tmp/minio_downloads/1766652011.json', '/tmp/minio_downloads/1766652022.json', '/tmp/minio_downloads/1766652034.json', '/tmp/minio_downloads/1766652046.json', '/tmp/minio_downloads/1766652058.json', '/tmp/minio_downloads/1766652070.json', '/tmp/minio_downloads/1766652081.json', '/tmp/minio_downloads/1766652094.json', '/tmp/minio_downloads/1766652106.json', '/tmp/minio_downloads/1766652118.json', '/tmp/minio_downloads/1766652130.json', '/tmp/minio_downloads/1766652142.json', '/tmp/minio_downloads/1766652155.json', '/tmp/minio_downloads/1766652167.json', '/tmp/minio_downloads/1766652178.json', '/tmp/minio_downloads/1766652190.json', '/tmp/minio_downloads/1766652204.json', '/tmp/minio_downloads/1766652215.json', '/tmp/minio_downloads/1766652227.json', '/tmp/minio_downloads/1766652239.json', '/tmp/minio_downloads/1766652250.json', '/tmp/minio_downloads/1766652262.json', '/tmp/minio_downloads/1766652275.json', '/tmp/minio_downloads/1766652287.json', '/tmp/minio_downloads/1766652298.json', '/tmp/minio_downloads/1766652310.json', '/tmp/minio_downloads/1766652322.json', '/tmp/minio_downloads/1766652335.json', '/tmp/minio_downloads/1766652347.json', '/tmp/minio_downloads/1766652358.json', '/tmp/minio_downloads/1766652371.json', '/tmp/minio_downloads/1766652384.json', '/tmp/minio_downloads/1766652399.json', '/tmp/minio_downloads/1766652411.json', '/tmp/minio_downloads/1766652423.json', '/tmp/minio_downloads/1766652437.json', '/tmp/minio_downloads/1766652450.json', '/tmp/minio_downloads/1766652461.json', '/tmp/minio_downloads/1766652475.json', '/tmp/minio_downloads/1766652488.json', '/tmp/minio_downloads/1766652501.json', '/tmp/minio_downloads/1766652513.json', '/tmp/minio_downloads/1766652527.json', '/tmp/minio_downloads/1766652541.json', '/tmp/minio_downloads/1766652554.json', '/tmp/minio_downloads/1766652568.json', '/tmp/minio_downloads/1766652581.json', '/tmp/minio_downloads/1766652595.json', '/tmp/minio_downloads/1766652608.json', '/tmp/minio_downloads/1766652622.json', '/tmp/minio_downloads/1766652639.json', '/tmp/minio_downloads/1766652650.json', '/tmp/minio_downloads/1766652663.json', '/tmp/minio_downloads/1766652675.json', '/tmp/minio_downloads/1766652688.json', '/tmp/minio_downloads/1766652700.json', '/tmp/minio_downloads/1766652713.json', '/tmp/minio_downloads/1766652725.json', '/tmp/minio_downloads/1766652736.json', '/tmp/minio_downloads/1766652750.json', '/tmp/minio_downloads/1766652762.json', '/tmp/minio_downloads/1766652774.json', '/tmp/minio_downloads/1766652787.json', '/tmp/minio_downloads/1766652800.json', '/tmp/minio_downloads/1766652813.json', '/tmp/minio_downloads/1766652825.json', '/tmp/minio_downloads/1766652837.json', '/tmp/minio_downloads/1766652852.json', '/tmp/minio_downloads/1766652864.json', '/tmp/minio_downloads/1766652875.json', '/tmp/minio_downloads/1766652887.json', '/tmp/minio_downloads/1766652899.json', '/tmp/minio_downloads/1766652917.json', '/tmp/minio_downloads/1766652928.json', '/tmp/minio_downloads/1766652941.json', '/tmp/minio_downloads/1766652954.json', '/tmp/minio_downloads/1766652967.json', '/tmp/minio_downloads/1766652978.json', '/tmp/minio_downloads/1766652990.json', '/tmp/minio_downloads/1766653003.json', '/tmp/minio_downloads/1766653017.json', '/tmp/minio_downloads/1766653030.json', '/tmp/minio_downloads/1766653043.json', '/tmp/minio_downloads/1766653056.json', '/tmp/minio_downloads/1766653070.json', '/tmp/minio_downloads/1766653082.json', '/tmp/minio_downloads/1766653094.json', '/tmp/minio_downloads/1766653107.json', '/tmp/minio_downloads/1766653120.json', '/tmp/minio_downloads/1766653134.json', '/tmp/minio_downloads/1766653147.json', '/tmp/minio_downloads/1766653159.json', '/tmp/minio_downloads/1766653172.json', '/tmp/minio_downloads/1766653188.json']
[2025-12-25T09:00:14.101+0000] {taskinstance.py:441} INFO - ::group::Post task execution logs
[2025-12-25T09:00:14.207+0000] {taskinstance.py:1206} INFO - Marking task as SUCCESS. dag_id=minio_to_snowflake, task_id=download_minio, run_id=scheduled__2025-12-25T08:52:00+00:00, execution_date=20251225T085200, start_date=20251225T090000, end_date=20251225T090014
[2025-12-25T09:00:14.284+0000] {local_task_job_runner.py:243} INFO - Task exited with return code 0
[2025-12-25T09:00:14.333+0000] {taskinstance.py:3503} INFO - 1 downstream tasks scheduled from follow-on schedule check
[2025-12-25T09:00:14.338+0000] {local_task_job_runner.py:222} INFO - ::endgroup::
