[2025-12-24T13:39:45.233+0000] {local_task_job_runner.py:120} INFO - ::group::Pre task execution logs
[2025-12-24T13:39:45.308+0000] {taskinstance.py:2076} INFO - Dependencies all met for dep_context=non-requeueable deps ti=<TaskInstance: minio_to_snowflake.download_minio scheduled__2025-12-24T13:31:00+00:00 [queued]>
[2025-12-24T13:39:45.325+0000] {taskinstance.py:2076} INFO - Dependencies all met for dep_context=requeueable deps ti=<TaskInstance: minio_to_snowflake.download_minio scheduled__2025-12-24T13:31:00+00:00 [queued]>
[2025-12-24T13:39:45.328+0000] {taskinstance.py:2306} INFO - Starting attempt 2 of 2
[2025-12-24T13:39:45.355+0000] {taskinstance.py:2330} INFO - Executing <Task(PythonOperator): download_minio> on 2025-12-24 13:31:00+00:00
[2025-12-24T13:39:45.379+0000] {standard_task_runner.py:90} INFO - Running: ['***', 'tasks', 'run', 'minio_to_snowflake', 'download_minio', 'scheduled__2025-12-24T13:31:00+00:00', '--job-id', '139', '--raw', '--subdir', 'DAGS_FOLDER/minio_to_snowflake.py', '--cfg-path', '/tmp/tmpnw3yhwus']
[2025-12-24T13:39:45.386+0000] {standard_task_runner.py:91} INFO - Job 139: Subtask download_minio
[2025-12-24T13:39:45.387+0000] {logging_mixin.py:188} WARNING - /home/***/.local/lib/python3.12/site-packages/***/task/task_runner/standard_task_runner.py:62 DeprecationWarning: This process (pid=921) is multi-threaded, use of fork() may lead to deadlocks in the child.
[2025-12-24T13:39:45.388+0000] {standard_task_runner.py:64} INFO - Started process 938 to run task
[2025-12-24T13:39:45.516+0000] {task_command.py:426} INFO - Running <TaskInstance: minio_to_snowflake.download_minio scheduled__2025-12-24T13:31:00+00:00 [running]> on host 31fa77be4c89
[2025-12-24T13:39:45.741+0000] {taskinstance.py:2648} INFO - Exporting env vars: AIRFLOW_CTX_DAG_OWNER='***' AIRFLOW_CTX_DAG_ID='minio_to_snowflake' AIRFLOW_CTX_TASK_ID='download_minio' AIRFLOW_CTX_EXECUTION_DATE='2025-12-24T13:31:00+00:00' AIRFLOW_CTX_TRY_NUMBER='2' AIRFLOW_CTX_DAG_RUN_ID='scheduled__2025-12-24T13:31:00+00:00'
[2025-12-24T13:39:45.743+0000] {taskinstance.py:430} INFO - ::endgroup::
[2025-12-24T13:39:46.796+0000] {logging_mixin.py:188} INFO - Downloaded AAPL/1766583258.json -> /tmp/minio_downloads/1766583258.json
[2025-12-24T13:39:46.813+0000] {logging_mixin.py:188} INFO - Downloaded AAPL/1766583273.json -> /tmp/minio_downloads/1766583273.json
[2025-12-24T13:39:46.829+0000] {logging_mixin.py:188} INFO - Downloaded AAPL/1766583286.json -> /tmp/minio_downloads/1766583286.json
[2025-12-24T13:39:46.846+0000] {logging_mixin.py:188} INFO - Downloaded AAPL/1766583299.json -> /tmp/minio_downloads/1766583299.json
[2025-12-24T13:39:46.862+0000] {logging_mixin.py:188} INFO - Downloaded AAPL/1766583313.json -> /tmp/minio_downloads/1766583313.json
[2025-12-24T13:39:46.878+0000] {logging_mixin.py:188} INFO - Downloaded AAPL/1766583326.json -> /tmp/minio_downloads/1766583326.json
[2025-12-24T13:39:46.895+0000] {logging_mixin.py:188} INFO - Downloaded AAPL/1766583339.json -> /tmp/minio_downloads/1766583339.json
[2025-12-24T13:39:46.912+0000] {logging_mixin.py:188} INFO - Downloaded AAPL/1766583352.json -> /tmp/minio_downloads/1766583352.json
[2025-12-24T13:39:46.929+0000] {logging_mixin.py:188} INFO - Downloaded AAPL/1766583365.json -> /tmp/minio_downloads/1766583365.json
[2025-12-24T13:39:46.947+0000] {logging_mixin.py:188} INFO - Downloaded AAPL/1766583378.json -> /tmp/minio_downloads/1766583378.json
[2025-12-24T13:39:46.963+0000] {logging_mixin.py:188} INFO - Downloaded AAPL/1766583391.json -> /tmp/minio_downloads/1766583391.json
[2025-12-24T13:39:46.981+0000] {logging_mixin.py:188} INFO - Downloaded AAPL/1766583405.json -> /tmp/minio_downloads/1766583405.json
[2025-12-24T13:39:46.997+0000] {logging_mixin.py:188} INFO - Downloaded AAPL/1766583419.json -> /tmp/minio_downloads/1766583419.json
[2025-12-24T13:39:47.013+0000] {logging_mixin.py:188} INFO - Downloaded AAPL/1766583434.json -> /tmp/minio_downloads/1766583434.json
[2025-12-24T13:39:47.030+0000] {logging_mixin.py:188} INFO - Downloaded AAPL/1766583447.json -> /tmp/minio_downloads/1766583447.json
[2025-12-24T13:39:47.047+0000] {logging_mixin.py:188} INFO - Downloaded AAPL/1766583459.json -> /tmp/minio_downloads/1766583459.json
[2025-12-24T13:39:47.063+0000] {logging_mixin.py:188} INFO - Downloaded AAPL/1766583472.json -> /tmp/minio_downloads/1766583472.json
[2025-12-24T13:39:47.079+0000] {logging_mixin.py:188} INFO - Downloaded AAPL/1766583485.json -> /tmp/minio_downloads/1766583485.json
[2025-12-24T13:39:47.095+0000] {logging_mixin.py:188} INFO - Downloaded AAPL/1766583498.json -> /tmp/minio_downloads/1766583498.json
[2025-12-24T13:39:47.111+0000] {logging_mixin.py:188} INFO - Downloaded AAPL/1766583511.json -> /tmp/minio_downloads/1766583511.json
[2025-12-24T13:39:47.127+0000] {logging_mixin.py:188} INFO - Downloaded AAPL/1766583524.json -> /tmp/minio_downloads/1766583524.json
[2025-12-24T13:39:47.144+0000] {logging_mixin.py:188} INFO - Downloaded AAPL/1766583538.json -> /tmp/minio_downloads/1766583538.json
[2025-12-24T13:39:47.161+0000] {logging_mixin.py:188} INFO - Downloaded AAPL/1766583551.json -> /tmp/minio_downloads/1766583551.json
[2025-12-24T13:39:47.176+0000] {logging_mixin.py:188} INFO - Downloaded AAPL/1766583564.json -> /tmp/minio_downloads/1766583564.json
[2025-12-24T13:39:47.190+0000] {logging_mixin.py:188} INFO - Downloaded AAPL/1766583577.json -> /tmp/minio_downloads/1766583577.json
[2025-12-24T13:39:47.205+0000] {logging_mixin.py:188} INFO - Downloaded AMZN/1766583266.json -> /tmp/minio_downloads/1766583266.json
[2025-12-24T13:39:47.221+0000] {logging_mixin.py:188} INFO - Downloaded AMZN/1766583278.json -> /tmp/minio_downloads/1766583278.json
[2025-12-24T13:39:47.240+0000] {logging_mixin.py:188} INFO - Downloaded AMZN/1766583292.json -> /tmp/minio_downloads/1766583292.json
[2025-12-24T13:39:47.255+0000] {logging_mixin.py:188} INFO - Downloaded AMZN/1766583305.json -> /tmp/minio_downloads/1766583305.json
[2025-12-24T13:39:47.272+0000] {logging_mixin.py:188} INFO - Downloaded AMZN/1766583318.json -> /tmp/minio_downloads/1766583318.json
[2025-12-24T13:39:47.289+0000] {logging_mixin.py:188} INFO - Downloaded AMZN/1766583332.json -> /tmp/minio_downloads/1766583332.json
[2025-12-24T13:39:47.307+0000] {logging_mixin.py:188} INFO - Downloaded AMZN/1766583345.json -> /tmp/minio_downloads/1766583345.json
[2025-12-24T13:39:47.324+0000] {logging_mixin.py:188} INFO - Downloaded AMZN/1766583358.json -> /tmp/minio_downloads/1766583358.json
[2025-12-24T13:39:47.342+0000] {logging_mixin.py:188} INFO - Downloaded AMZN/1766583371.json -> /tmp/minio_downloads/1766583371.json
[2025-12-24T13:39:47.358+0000] {logging_mixin.py:188} INFO - Downloaded AMZN/1766583384.json -> /tmp/minio_downloads/1766583384.json
[2025-12-24T13:39:47.374+0000] {logging_mixin.py:188} INFO - Downloaded AMZN/1766583398.json -> /tmp/minio_downloads/1766583398.json
[2025-12-24T13:39:47.389+0000] {logging_mixin.py:188} INFO - Downloaded AMZN/1766583411.json -> /tmp/minio_downloads/1766583411.json
[2025-12-24T13:39:47.404+0000] {logging_mixin.py:188} INFO - Downloaded AMZN/1766583426.json -> /tmp/minio_downloads/1766583426.json
[2025-12-24T13:39:47.419+0000] {logging_mixin.py:188} INFO - Downloaded AMZN/1766583439.json -> /tmp/minio_downloads/1766583439.json
[2025-12-24T13:39:47.434+0000] {logging_mixin.py:188} INFO - Downloaded AMZN/1766583452.json -> /tmp/minio_downloads/1766583452.json
[2025-12-24T13:39:47.450+0000] {logging_mixin.py:188} INFO - Downloaded AMZN/1766583464.json -> /tmp/minio_downloads/1766583464.json
[2025-12-24T13:39:47.466+0000] {logging_mixin.py:188} INFO - Downloaded AMZN/1766583477.json -> /tmp/minio_downloads/1766583477.json
[2025-12-24T13:39:47.483+0000] {logging_mixin.py:188} INFO - Downloaded AMZN/1766583491.json -> /tmp/minio_downloads/1766583491.json
[2025-12-24T13:39:47.499+0000] {logging_mixin.py:188} INFO - Downloaded AMZN/1766583503.json -> /tmp/minio_downloads/1766583503.json
[2025-12-24T13:39:47.513+0000] {logging_mixin.py:188} INFO - Downloaded AMZN/1766583517.json -> /tmp/minio_downloads/1766583517.json
[2025-12-24T13:39:47.530+0000] {logging_mixin.py:188} INFO - Downloaded AMZN/1766583530.json -> /tmp/minio_downloads/1766583530.json
[2025-12-24T13:39:47.548+0000] {logging_mixin.py:188} INFO - Downloaded AMZN/1766583543.json -> /tmp/minio_downloads/1766583543.json
[2025-12-24T13:39:47.563+0000] {logging_mixin.py:188} INFO - Downloaded AMZN/1766583556.json -> /tmp/minio_downloads/1766583556.json
[2025-12-24T13:39:47.578+0000] {logging_mixin.py:188} INFO - Downloaded AMZN/1766583570.json -> /tmp/minio_downloads/1766583570.json
[2025-12-24T13:39:47.596+0000] {logging_mixin.py:188} INFO - Downloaded AMZN/1766583584.json -> /tmp/minio_downloads/1766583584.json
[2025-12-24T13:39:47.620+0000] {logging_mixin.py:188} INFO - Downloaded GOOGL/1766583264.json -> /tmp/minio_downloads/1766583264.json
[2025-12-24T13:39:47.639+0000] {logging_mixin.py:188} INFO - Downloaded GOOGL/1766583277.json -> /tmp/minio_downloads/1766583277.json
[2025-12-24T13:39:47.655+0000] {logging_mixin.py:188} INFO - Downloaded GOOGL/1766583291.json -> /tmp/minio_downloads/1766583291.json
[2025-12-24T13:39:47.672+0000] {logging_mixin.py:188} INFO - Downloaded GOOGL/1766583304.json -> /tmp/minio_downloads/1766583304.json
[2025-12-24T13:39:47.693+0000] {logging_mixin.py:188} INFO - Downloaded GOOGL/1766583316.json -> /tmp/minio_downloads/1766583316.json
[2025-12-24T13:39:47.709+0000] {logging_mixin.py:188} INFO - Downloaded GOOGL/1766583330.json -> /tmp/minio_downloads/1766583330.json
[2025-12-24T13:39:47.733+0000] {logging_mixin.py:188} INFO - Downloaded GOOGL/1766583343.json -> /tmp/minio_downloads/1766583343.json
[2025-12-24T13:39:47.748+0000] {logging_mixin.py:188} INFO - Downloaded GOOGL/1766583356.json -> /tmp/minio_downloads/1766583356.json
[2025-12-24T13:39:47.782+0000] {logging_mixin.py:188} INFO - Downloaded GOOGL/1766583370.json -> /tmp/minio_downloads/1766583370.json
[2025-12-24T13:39:47.803+0000] {logging_mixin.py:188} INFO - Downloaded GOOGL/1766583383.json -> /tmp/minio_downloads/1766583383.json
[2025-12-24T13:39:47.831+0000] {logging_mixin.py:188} INFO - Downloaded GOOGL/1766583396.json -> /tmp/minio_downloads/1766583396.json
[2025-12-24T13:39:47.854+0000] {logging_mixin.py:188} INFO - Downloaded GOOGL/1766583410.json -> /tmp/minio_downloads/1766583410.json
[2025-12-24T13:39:47.873+0000] {logging_mixin.py:188} INFO - Downloaded GOOGL/1766583425.json -> /tmp/minio_downloads/1766583425.json
[2025-12-24T13:39:47.889+0000] {logging_mixin.py:188} INFO - Downloaded GOOGL/1766583438.json -> /tmp/minio_downloads/1766583438.json
[2025-12-24T13:39:47.904+0000] {logging_mixin.py:188} INFO - Downloaded GOOGL/1766583451.json -> /tmp/minio_downloads/1766583451.json
[2025-12-24T13:39:47.921+0000] {logging_mixin.py:188} INFO - Downloaded GOOGL/1766583463.json -> /tmp/minio_downloads/1766583463.json
[2025-12-24T13:39:47.937+0000] {logging_mixin.py:188} INFO - Downloaded GOOGL/1766583476.json -> /tmp/minio_downloads/1766583476.json
[2025-12-24T13:39:47.954+0000] {logging_mixin.py:188} INFO - Downloaded GOOGL/1766583489.json -> /tmp/minio_downloads/1766583489.json
[2025-12-24T13:39:47.972+0000] {logging_mixin.py:188} INFO - Downloaded GOOGL/1766583502.json -> /tmp/minio_downloads/1766583502.json
[2025-12-24T13:39:47.989+0000] {logging_mixin.py:188} INFO - Downloaded GOOGL/1766583515.json -> /tmp/minio_downloads/1766583515.json
[2025-12-24T13:39:48.007+0000] {logging_mixin.py:188} INFO - Downloaded GOOGL/1766583528.json -> /tmp/minio_downloads/1766583528.json
[2025-12-24T13:39:48.023+0000] {logging_mixin.py:188} INFO - Downloaded GOOGL/1766583542.json -> /tmp/minio_downloads/1766583542.json
[2025-12-24T13:39:48.039+0000] {logging_mixin.py:188} INFO - Downloaded GOOGL/1766583555.json -> /tmp/minio_downloads/1766583555.json
[2025-12-24T13:39:48.056+0000] {logging_mixin.py:188} INFO - Downloaded GOOGL/1766583568.json -> /tmp/minio_downloads/1766583568.json
[2025-12-24T13:39:48.073+0000] {logging_mixin.py:188} INFO - Downloaded GOOGL/1766583583.json -> /tmp/minio_downloads/1766583583.json
[2025-12-24T13:39:48.090+0000] {logging_mixin.py:188} INFO - Downloaded MSFT/1766583260.json -> /tmp/minio_downloads/1766583260.json
[2025-12-24T13:39:48.109+0000] {logging_mixin.py:188} INFO - Downloaded MSFT/1766583275.json -> /tmp/minio_downloads/1766583275.json
[2025-12-24T13:39:48.127+0000] {logging_mixin.py:188} INFO - Downloaded MSFT/1766583288.json -> /tmp/minio_downloads/1766583288.json
[2025-12-24T13:39:48.144+0000] {logging_mixin.py:188} INFO - Downloaded MSFT/1766583301.json -> /tmp/minio_downloads/1766583301.json
[2025-12-24T13:39:48.160+0000] {logging_mixin.py:188} INFO - Downloaded MSFT/1766583314.json -> /tmp/minio_downloads/1766583314.json
[2025-12-24T13:39:48.177+0000] {logging_mixin.py:188} INFO - Downloaded MSFT/1766583327.json -> /tmp/minio_downloads/1766583327.json
[2025-12-24T13:39:48.196+0000] {logging_mixin.py:188} INFO - Downloaded MSFT/1766583341.json -> /tmp/minio_downloads/1766583341.json
[2025-12-24T13:39:48.213+0000] {logging_mixin.py:188} INFO - Downloaded MSFT/1766583354.json -> /tmp/minio_downloads/1766583354.json
[2025-12-24T13:39:48.230+0000] {logging_mixin.py:188} INFO - Downloaded MSFT/1766583366.json -> /tmp/minio_downloads/1766583366.json
[2025-12-24T13:39:48.248+0000] {logging_mixin.py:188} INFO - Downloaded MSFT/1766583380.json -> /tmp/minio_downloads/1766583380.json
[2025-12-24T13:39:48.265+0000] {logging_mixin.py:188} INFO - Downloaded MSFT/1766583393.json -> /tmp/minio_downloads/1766583393.json
[2025-12-24T13:39:48.281+0000] {logging_mixin.py:188} INFO - Downloaded MSFT/1766583407.json -> /tmp/minio_downloads/1766583407.json
[2025-12-24T13:39:48.298+0000] {logging_mixin.py:188} INFO - Downloaded MSFT/1766583420.json -> /tmp/minio_downloads/1766583420.json
[2025-12-24T13:39:48.313+0000] {logging_mixin.py:188} INFO - Downloaded MSFT/1766583436.json -> /tmp/minio_downloads/1766583436.json
[2025-12-24T13:39:48.329+0000] {logging_mixin.py:188} INFO - Downloaded MSFT/1766583448.json -> /tmp/minio_downloads/1766583448.json
[2025-12-24T13:39:48.345+0000] {logging_mixin.py:188} INFO - Downloaded MSFT/1766583461.json -> /tmp/minio_downloads/1766583461.json
[2025-12-24T13:39:48.361+0000] {logging_mixin.py:188} INFO - Downloaded MSFT/1766583473.json -> /tmp/minio_downloads/1766583473.json
[2025-12-24T13:39:48.376+0000] {logging_mixin.py:188} INFO - Downloaded MSFT/1766583487.json -> /tmp/minio_downloads/1766583487.json
[2025-12-24T13:39:48.392+0000] {logging_mixin.py:188} INFO - Downloaded MSFT/1766583499.json -> /tmp/minio_downloads/1766583499.json
[2025-12-24T13:39:48.415+0000] {logging_mixin.py:188} INFO - Downloaded MSFT/1766583513.json -> /tmp/minio_downloads/1766583513.json
[2025-12-24T13:39:48.431+0000] {logging_mixin.py:188} INFO - Downloaded MSFT/1766583525.json -> /tmp/minio_downloads/1766583525.json
[2025-12-24T13:39:48.446+0000] {logging_mixin.py:188} INFO - Downloaded MSFT/1766583539.json -> /tmp/minio_downloads/1766583539.json
[2025-12-24T13:39:48.462+0000] {logging_mixin.py:188} INFO - Downloaded MSFT/1766583552.json -> /tmp/minio_downloads/1766583552.json
[2025-12-24T13:39:48.477+0000] {logging_mixin.py:188} INFO - Downloaded MSFT/1766583565.json -> /tmp/minio_downloads/1766583565.json
[2025-12-24T13:39:48.493+0000] {logging_mixin.py:188} INFO - Downloaded MSFT/1766583579.json -> /tmp/minio_downloads/1766583579.json
[2025-12-24T13:39:48.513+0000] {logging_mixin.py:188} INFO - Downloaded TSLA/1766583262.json -> /tmp/minio_downloads/1766583262.json
[2025-12-24T13:39:48.532+0000] {logging_mixin.py:188} INFO - Downloaded TSLA/1766583276.json -> /tmp/minio_downloads/1766583276.json
[2025-12-24T13:39:48.552+0000] {logging_mixin.py:188} INFO - Downloaded TSLA/1766583289.json -> /tmp/minio_downloads/1766583289.json
[2025-12-24T13:39:48.571+0000] {logging_mixin.py:188} INFO - Downloaded TSLA/1766583302.json -> /tmp/minio_downloads/1766583302.json
[2025-12-24T13:39:48.594+0000] {logging_mixin.py:188} INFO - Downloaded TSLA/1766583315.json -> /tmp/minio_downloads/1766583315.json
[2025-12-24T13:39:48.613+0000] {logging_mixin.py:188} INFO - Downloaded TSLA/1766583329.json -> /tmp/minio_downloads/1766583329.json
[2025-12-24T13:39:48.632+0000] {logging_mixin.py:188} INFO - Downloaded TSLA/1766583342.json -> /tmp/minio_downloads/1766583342.json
[2025-12-24T13:39:48.649+0000] {logging_mixin.py:188} INFO - Downloaded TSLA/1766583355.json -> /tmp/minio_downloads/1766583355.json
[2025-12-24T13:39:48.662+0000] {logging_mixin.py:188} INFO - Downloaded TSLA/1766583368.json -> /tmp/minio_downloads/1766583368.json
[2025-12-24T13:39:48.678+0000] {logging_mixin.py:188} INFO - Downloaded TSLA/1766583381.json -> /tmp/minio_downloads/1766583381.json
[2025-12-24T13:39:48.692+0000] {logging_mixin.py:188} INFO - Downloaded TSLA/1766583394.json -> /tmp/minio_downloads/1766583394.json
[2025-12-24T13:39:48.708+0000] {logging_mixin.py:188} INFO - Downloaded TSLA/1766583408.json -> /tmp/minio_downloads/1766583408.json
[2025-12-24T13:39:48.724+0000] {logging_mixin.py:188} INFO - Downloaded TSLA/1766583422.json -> /tmp/minio_downloads/1766583422.json
[2025-12-24T13:39:48.741+0000] {logging_mixin.py:188} INFO - Downloaded TSLA/1766583437.json -> /tmp/minio_downloads/1766583437.json
[2025-12-24T13:39:48.758+0000] {logging_mixin.py:188} INFO - Downloaded TSLA/1766583449.json -> /tmp/minio_downloads/1766583449.json
[2025-12-24T13:39:48.775+0000] {logging_mixin.py:188} INFO - Downloaded TSLA/1766583462.json -> /tmp/minio_downloads/1766583462.json
[2025-12-24T13:39:48.792+0000] {logging_mixin.py:188} INFO - Downloaded TSLA/1766583474.json -> /tmp/minio_downloads/1766583474.json
[2025-12-24T13:39:48.808+0000] {logging_mixin.py:188} INFO - Downloaded TSLA/1766583488.json -> /tmp/minio_downloads/1766583488.json
[2025-12-24T13:39:48.825+0000] {logging_mixin.py:188} INFO - Downloaded TSLA/1766583501.json -> /tmp/minio_downloads/1766583501.json
[2025-12-24T13:39:48.841+0000] {logging_mixin.py:188} INFO - Downloaded TSLA/1766583514.json -> /tmp/minio_downloads/1766583514.json
[2025-12-24T13:39:48.857+0000] {logging_mixin.py:188} INFO - Downloaded TSLA/1766583527.json -> /tmp/minio_downloads/1766583527.json
[2025-12-24T13:39:48.877+0000] {logging_mixin.py:188} INFO - Downloaded TSLA/1766583541.json -> /tmp/minio_downloads/1766583541.json
[2025-12-24T13:39:48.893+0000] {logging_mixin.py:188} INFO - Downloaded TSLA/1766583553.json -> /tmp/minio_downloads/1766583553.json
[2025-12-24T13:39:48.910+0000] {logging_mixin.py:188} INFO - Downloaded TSLA/1766583567.json -> /tmp/minio_downloads/1766583567.json
[2025-12-24T13:39:48.925+0000] {logging_mixin.py:188} INFO - Downloaded TSLA/1766583582.json -> /tmp/minio_downloads/1766583582.json
[2025-12-24T13:39:48.927+0000] {python.py:237} INFO - Done. Returned value was: ['/tmp/minio_downloads/1766583258.json', '/tmp/minio_downloads/1766583273.json', '/tmp/minio_downloads/1766583286.json', '/tmp/minio_downloads/1766583299.json', '/tmp/minio_downloads/1766583313.json', '/tmp/minio_downloads/1766583326.json', '/tmp/minio_downloads/1766583339.json', '/tmp/minio_downloads/1766583352.json', '/tmp/minio_downloads/1766583365.json', '/tmp/minio_downloads/1766583378.json', '/tmp/minio_downloads/1766583391.json', '/tmp/minio_downloads/1766583405.json', '/tmp/minio_downloads/1766583419.json', '/tmp/minio_downloads/1766583434.json', '/tmp/minio_downloads/1766583447.json', '/tmp/minio_downloads/1766583459.json', '/tmp/minio_downloads/1766583472.json', '/tmp/minio_downloads/1766583485.json', '/tmp/minio_downloads/1766583498.json', '/tmp/minio_downloads/1766583511.json', '/tmp/minio_downloads/1766583524.json', '/tmp/minio_downloads/1766583538.json', '/tmp/minio_downloads/1766583551.json', '/tmp/minio_downloads/1766583564.json', '/tmp/minio_downloads/1766583577.json', '/tmp/minio_downloads/1766583266.json', '/tmp/minio_downloads/1766583278.json', '/tmp/minio_downloads/1766583292.json', '/tmp/minio_downloads/1766583305.json', '/tmp/minio_downloads/1766583318.json', '/tmp/minio_downloads/1766583332.json', '/tmp/minio_downloads/1766583345.json', '/tmp/minio_downloads/1766583358.json', '/tmp/minio_downloads/1766583371.json', '/tmp/minio_downloads/1766583384.json', '/tmp/minio_downloads/1766583398.json', '/tmp/minio_downloads/1766583411.json', '/tmp/minio_downloads/1766583426.json', '/tmp/minio_downloads/1766583439.json', '/tmp/minio_downloads/1766583452.json', '/tmp/minio_downloads/1766583464.json', '/tmp/minio_downloads/1766583477.json', '/tmp/minio_downloads/1766583491.json', '/tmp/minio_downloads/1766583503.json', '/tmp/minio_downloads/1766583517.json', '/tmp/minio_downloads/1766583530.json', '/tmp/minio_downloads/1766583543.json', '/tmp/minio_downloads/1766583556.json', '/tmp/minio_downloads/1766583570.json', '/tmp/minio_downloads/1766583584.json', '/tmp/minio_downloads/1766583264.json', '/tmp/minio_downloads/1766583277.json', '/tmp/minio_downloads/1766583291.json', '/tmp/minio_downloads/1766583304.json', '/tmp/minio_downloads/1766583316.json', '/tmp/minio_downloads/1766583330.json', '/tmp/minio_downloads/1766583343.json', '/tmp/minio_downloads/1766583356.json', '/tmp/minio_downloads/1766583370.json', '/tmp/minio_downloads/1766583383.json', '/tmp/minio_downloads/1766583396.json', '/tmp/minio_downloads/1766583410.json', '/tmp/minio_downloads/1766583425.json', '/tmp/minio_downloads/1766583438.json', '/tmp/minio_downloads/1766583451.json', '/tmp/minio_downloads/1766583463.json', '/tmp/minio_downloads/1766583476.json', '/tmp/minio_downloads/1766583489.json', '/tmp/minio_downloads/1766583502.json', '/tmp/minio_downloads/1766583515.json', '/tmp/minio_downloads/1766583528.json', '/tmp/minio_downloads/1766583542.json', '/tmp/minio_downloads/1766583555.json', '/tmp/minio_downloads/1766583568.json', '/tmp/minio_downloads/1766583583.json', '/tmp/minio_downloads/1766583260.json', '/tmp/minio_downloads/1766583275.json', '/tmp/minio_downloads/1766583288.json', '/tmp/minio_downloads/1766583301.json', '/tmp/minio_downloads/1766583314.json', '/tmp/minio_downloads/1766583327.json', '/tmp/minio_downloads/1766583341.json', '/tmp/minio_downloads/1766583354.json', '/tmp/minio_downloads/1766583366.json', '/tmp/minio_downloads/1766583380.json', '/tmp/minio_downloads/1766583393.json', '/tmp/minio_downloads/1766583407.json', '/tmp/minio_downloads/1766583420.json', '/tmp/minio_downloads/1766583436.json', '/tmp/minio_downloads/1766583448.json', '/tmp/minio_downloads/1766583461.json', '/tmp/minio_downloads/1766583473.json', '/tmp/minio_downloads/1766583487.json', '/tmp/minio_downloads/1766583499.json', '/tmp/minio_downloads/1766583513.json', '/tmp/minio_downloads/1766583525.json', '/tmp/minio_downloads/1766583539.json', '/tmp/minio_downloads/1766583552.json', '/tmp/minio_downloads/1766583565.json', '/tmp/minio_downloads/1766583579.json', '/tmp/minio_downloads/1766583262.json', '/tmp/minio_downloads/1766583276.json', '/tmp/minio_downloads/1766583289.json', '/tmp/minio_downloads/1766583302.json', '/tmp/minio_downloads/1766583315.json', '/tmp/minio_downloads/1766583329.json', '/tmp/minio_downloads/1766583342.json', '/tmp/minio_downloads/1766583355.json', '/tmp/minio_downloads/1766583368.json', '/tmp/minio_downloads/1766583381.json', '/tmp/minio_downloads/1766583394.json', '/tmp/minio_downloads/1766583408.json', '/tmp/minio_downloads/1766583422.json', '/tmp/minio_downloads/1766583437.json', '/tmp/minio_downloads/1766583449.json', '/tmp/minio_downloads/1766583462.json', '/tmp/minio_downloads/1766583474.json', '/tmp/minio_downloads/1766583488.json', '/tmp/minio_downloads/1766583501.json', '/tmp/minio_downloads/1766583514.json', '/tmp/minio_downloads/1766583527.json', '/tmp/minio_downloads/1766583541.json', '/tmp/minio_downloads/1766583553.json', '/tmp/minio_downloads/1766583567.json', '/tmp/minio_downloads/1766583582.json']
[2025-12-24T13:39:48.929+0000] {taskinstance.py:441} INFO - ::group::Post task execution logs
[2025-12-24T13:39:49.032+0000] {taskinstance.py:1206} INFO - Marking task as SUCCESS. dag_id=minio_to_snowflake, task_id=download_minio, run_id=scheduled__2025-12-24T13:31:00+00:00, execution_date=20251224T133100, start_date=20251224T133945, end_date=20251224T133949
[2025-12-24T13:39:49.102+0000] {local_task_job_runner.py:243} INFO - Task exited with return code 0
[2025-12-24T13:39:49.148+0000] {taskinstance.py:3503} INFO - 1 downstream tasks scheduled from follow-on schedule check
[2025-12-24T13:39:49.156+0000] {local_task_job_runner.py:222} INFO - ::endgroup::
