[2025-12-25T14:47:14.116+0000] {local_task_job_runner.py:120} INFO - ::group::Pre task execution logs
[2025-12-25T14:47:14.202+0000] {taskinstance.py:2076} INFO - Dependencies all met for dep_context=non-requeueable deps ti=<TaskInstance: minio_to_snowflake.download_minio scheduled__2025-12-25T14:45:00+00:00 [queued]>
[2025-12-25T14:47:14.217+0000] {taskinstance.py:2076} INFO - Dependencies all met for dep_context=requeueable deps ti=<TaskInstance: minio_to_snowflake.download_minio scheduled__2025-12-25T14:45:00+00:00 [queued]>
[2025-12-25T14:47:14.219+0000] {taskinstance.py:2306} INFO - Starting attempt 1 of 2
[2025-12-25T14:47:14.243+0000] {taskinstance.py:2330} INFO - Executing <Task(PythonOperator): download_minio> on 2025-12-25 14:45:00+00:00
[2025-12-25T14:47:14.271+0000] {standard_task_runner.py:90} INFO - Running: ['***', 'tasks', 'run', 'minio_to_snowflake', 'download_minio', 'scheduled__2025-12-25T14:45:00+00:00', '--job-id', '5', '--raw', '--subdir', 'DAGS_FOLDER/minio_to_snowflake.py', '--cfg-path', '/tmp/tmp5unfkxof']
[2025-12-25T14:47:14.277+0000] {logging_mixin.py:188} WARNING - /home/***/.local/lib/python3.12/site-packages/***/task/task_runner/standard_task_runner.py:62 DeprecationWarning: This process (pid=440) is multi-threaded, use of fork() may lead to deadlocks in the child.
[2025-12-25T14:47:14.278+0000] {standard_task_runner.py:91} INFO - Job 5: Subtask download_minio
[2025-12-25T14:47:14.278+0000] {standard_task_runner.py:64} INFO - Started process 457 to run task
[2025-12-25T14:47:14.392+0000] {task_command.py:426} INFO - Running <TaskInstance: minio_to_snowflake.download_minio scheduled__2025-12-25T14:45:00+00:00 [running]> on host 0da94edd9430
[2025-12-25T14:47:14.568+0000] {taskinstance.py:2648} INFO - Exporting env vars: AIRFLOW_CTX_DAG_OWNER='***' AIRFLOW_CTX_DAG_ID='minio_to_snowflake' AIRFLOW_CTX_TASK_ID='download_minio' AIRFLOW_CTX_EXECUTION_DATE='2025-12-25T14:45:00+00:00' AIRFLOW_CTX_TRY_NUMBER='1' AIRFLOW_CTX_DAG_RUN_ID='scheduled__2025-12-25T14:45:00+00:00'
[2025-12-25T14:47:14.571+0000] {taskinstance.py:430} INFO - ::endgroup::
[2025-12-25T14:47:16.185+0000] {logging_mixin.py:188} INFO - Downloaded AAPL/1766673812.json -> /tmp/minio_downloads/1766673812.json
[2025-12-25T14:47:16.217+0000] {logging_mixin.py:188} INFO - Downloaded AAPL/1766673824.json -> /tmp/minio_downloads/1766673824.json
[2025-12-25T14:47:16.245+0000] {logging_mixin.py:188} INFO - Downloaded AAPL/1766673836.json -> /tmp/minio_downloads/1766673836.json
[2025-12-25T14:47:16.269+0000] {logging_mixin.py:188} INFO - Downloaded AAPL/1766673847.json -> /tmp/minio_downloads/1766673847.json
[2025-12-25T14:47:16.295+0000] {logging_mixin.py:188} INFO - Downloaded AAPL/1766673860.json -> /tmp/minio_downloads/1766673860.json
[2025-12-25T14:47:16.321+0000] {logging_mixin.py:188} INFO - Downloaded AAPL/1766673872.json -> /tmp/minio_downloads/1766673872.json
[2025-12-25T14:47:16.344+0000] {logging_mixin.py:188} INFO - Downloaded AAPL/1766673884.json -> /tmp/minio_downloads/1766673884.json
[2025-12-25T14:47:16.368+0000] {logging_mixin.py:188} INFO - Downloaded AAPL/1766673898.json -> /tmp/minio_downloads/1766673898.json
[2025-12-25T14:47:16.396+0000] {logging_mixin.py:188} INFO - Downloaded AAPL/1766673911.json -> /tmp/minio_downloads/1766673911.json
[2025-12-25T14:47:16.417+0000] {logging_mixin.py:188} INFO - Downloaded AAPL/1766673924.json -> /tmp/minio_downloads/1766673924.json
[2025-12-25T14:47:16.464+0000] {logging_mixin.py:188} INFO - Downloaded AAPL/1766673936.json -> /tmp/minio_downloads/1766673936.json
[2025-12-25T14:47:16.492+0000] {logging_mixin.py:188} INFO - Downloaded AAPL/1766673949.json -> /tmp/minio_downloads/1766673949.json
[2025-12-25T14:47:16.516+0000] {logging_mixin.py:188} INFO - Downloaded AAPL/1766673962.json -> /tmp/minio_downloads/1766673962.json
[2025-12-25T14:47:16.542+0000] {logging_mixin.py:188} INFO - Downloaded AAPL/1766673975.json -> /tmp/minio_downloads/1766673975.json
[2025-12-25T14:47:16.588+0000] {logging_mixin.py:188} INFO - Downloaded AAPL/1766673988.json -> /tmp/minio_downloads/1766673988.json
[2025-12-25T14:47:16.619+0000] {logging_mixin.py:188} INFO - Downloaded AAPL/1766674000.json -> /tmp/minio_downloads/1766674000.json
[2025-12-25T14:47:16.664+0000] {logging_mixin.py:188} INFO - Downloaded AAPL/1766674012.json -> /tmp/minio_downloads/1766674012.json
[2025-12-25T14:47:16.692+0000] {logging_mixin.py:188} INFO - Downloaded AAPL/1766674025.json -> /tmp/minio_downloads/1766674025.json
[2025-12-25T14:47:16.739+0000] {logging_mixin.py:188} INFO - Downloaded AMZN/1766673817.json -> /tmp/minio_downloads/1766673817.json
[2025-12-25T14:47:16.768+0000] {logging_mixin.py:188} INFO - Downloaded AMZN/1766673829.json -> /tmp/minio_downloads/1766673829.json
[2025-12-25T14:47:16.808+0000] {logging_mixin.py:188} INFO - Downloaded AMZN/1766673840.json -> /tmp/minio_downloads/1766673840.json
[2025-12-25T14:47:16.826+0000] {logging_mixin.py:188} INFO - Downloaded AMZN/1766673853.json -> /tmp/minio_downloads/1766673853.json
[2025-12-25T14:47:16.857+0000] {logging_mixin.py:188} INFO - Downloaded AMZN/1766673865.json -> /tmp/minio_downloads/1766673865.json
[2025-12-25T14:47:16.890+0000] {logging_mixin.py:188} INFO - Downloaded AMZN/1766673877.json -> /tmp/minio_downloads/1766673877.json
[2025-12-25T14:47:16.928+0000] {logging_mixin.py:188} INFO - Downloaded AMZN/1766673891.json -> /tmp/minio_downloads/1766673891.json
[2025-12-25T14:47:16.992+0000] {logging_mixin.py:188} INFO - Downloaded AMZN/1766673904.json -> /tmp/minio_downloads/1766673904.json
[2025-12-25T14:47:17.028+0000] {logging_mixin.py:188} INFO - Downloaded AMZN/1766673917.json -> /tmp/minio_downloads/1766673917.json
[2025-12-25T14:47:17.050+0000] {logging_mixin.py:188} INFO - Downloaded AMZN/1766673929.json -> /tmp/minio_downloads/1766673929.json
[2025-12-25T14:47:17.079+0000] {logging_mixin.py:188} INFO - Downloaded AMZN/1766673941.json -> /tmp/minio_downloads/1766673941.json
[2025-12-25T14:47:17.107+0000] {logging_mixin.py:188} INFO - Downloaded AMZN/1766673954.json -> /tmp/minio_downloads/1766673954.json
[2025-12-25T14:47:17.131+0000] {logging_mixin.py:188} INFO - Downloaded AMZN/1766673968.json -> /tmp/minio_downloads/1766673968.json
[2025-12-25T14:47:17.151+0000] {logging_mixin.py:188} INFO - Downloaded AMZN/1766673981.json -> /tmp/minio_downloads/1766673981.json
[2025-12-25T14:47:17.174+0000] {logging_mixin.py:188} INFO - Downloaded AMZN/1766673992.json -> /tmp/minio_downloads/1766673992.json
[2025-12-25T14:47:17.198+0000] {logging_mixin.py:188} INFO - Downloaded AMZN/1766674005.json -> /tmp/minio_downloads/1766674005.json
[2025-12-25T14:47:17.216+0000] {logging_mixin.py:188} INFO - Downloaded AMZN/1766674018.json -> /tmp/minio_downloads/1766674018.json
[2025-12-25T14:47:17.238+0000] {logging_mixin.py:188} INFO - Downloaded AMZN/1766674030.json -> /tmp/minio_downloads/1766674030.json
[2025-12-25T14:47:17.261+0000] {logging_mixin.py:188} INFO - Downloaded GOOGL/1766673815.json -> /tmp/minio_downloads/1766673815.json
[2025-12-25T14:47:17.317+0000] {logging_mixin.py:188} INFO - Downloaded GOOGL/1766673827.json -> /tmp/minio_downloads/1766673827.json
[2025-12-25T14:47:17.358+0000] {logging_mixin.py:188} INFO - Downloaded GOOGL/1766673839.json -> /tmp/minio_downloads/1766673839.json
[2025-12-25T14:47:17.389+0000] {logging_mixin.py:188} INFO - Downloaded GOOGL/1766673851.json -> /tmp/minio_downloads/1766673851.json
[2025-12-25T14:47:17.416+0000] {logging_mixin.py:188} INFO - Downloaded GOOGL/1766673864.json -> /tmp/minio_downloads/1766673864.json
[2025-12-25T14:47:17.452+0000] {logging_mixin.py:188} INFO - Downloaded GOOGL/1766673876.json -> /tmp/minio_downloads/1766673876.json
[2025-12-25T14:47:17.556+0000] {logging_mixin.py:188} INFO - Downloaded GOOGL/1766673890.json -> /tmp/minio_downloads/1766673890.json
[2025-12-25T14:47:17.645+0000] {logging_mixin.py:188} INFO - Downloaded GOOGL/1766673902.json -> /tmp/minio_downloads/1766673902.json
[2025-12-25T14:47:17.735+0000] {logging_mixin.py:188} INFO - Downloaded GOOGL/1766673915.json -> /tmp/minio_downloads/1766673915.json
[2025-12-25T14:47:17.773+0000] {logging_mixin.py:188} INFO - Downloaded GOOGL/1766673928.json -> /tmp/minio_downloads/1766673928.json
[2025-12-25T14:47:17.804+0000] {logging_mixin.py:188} INFO - Downloaded GOOGL/1766673940.json -> /tmp/minio_downloads/1766673940.json
[2025-12-25T14:47:17.835+0000] {logging_mixin.py:188} INFO - Downloaded GOOGL/1766673953.json -> /tmp/minio_downloads/1766673953.json
[2025-12-25T14:47:17.860+0000] {logging_mixin.py:188} INFO - Downloaded GOOGL/1766673967.json -> /tmp/minio_downloads/1766673967.json
[2025-12-25T14:47:17.885+0000] {logging_mixin.py:188} INFO - Downloaded GOOGL/1766673979.json -> /tmp/minio_downloads/1766673979.json
[2025-12-25T14:47:17.908+0000] {logging_mixin.py:188} INFO - Downloaded GOOGL/1766673991.json -> /tmp/minio_downloads/1766673991.json
[2025-12-25T14:47:17.927+0000] {logging_mixin.py:188} INFO - Downloaded GOOGL/1766674003.json -> /tmp/minio_downloads/1766674003.json
[2025-12-25T14:47:17.947+0000] {logging_mixin.py:188} INFO - Downloaded GOOGL/1766674016.json -> /tmp/minio_downloads/1766674016.json
[2025-12-25T14:47:17.967+0000] {logging_mixin.py:188} INFO - Downloaded GOOGL/1766674029.json -> /tmp/minio_downloads/1766674029.json
[2025-12-25T14:47:17.988+0000] {logging_mixin.py:188} INFO - Downloaded MSFT/1766673813.json -> /tmp/minio_downloads/1766673813.json
[2025-12-25T14:47:18.012+0000] {logging_mixin.py:188} INFO - Downloaded MSFT/1766673825.json -> /tmp/minio_downloads/1766673825.json
[2025-12-25T14:47:18.038+0000] {logging_mixin.py:188} INFO - Downloaded MSFT/1766673837.json -> /tmp/minio_downloads/1766673837.json
[2025-12-25T14:47:18.056+0000] {logging_mixin.py:188} INFO - Downloaded MSFT/1766673849.json -> /tmp/minio_downloads/1766673849.json
[2025-12-25T14:47:18.077+0000] {logging_mixin.py:188} INFO - Downloaded MSFT/1766673861.json -> /tmp/minio_downloads/1766673861.json
[2025-12-25T14:47:18.096+0000] {logging_mixin.py:188} INFO - Downloaded MSFT/1766673874.json -> /tmp/minio_downloads/1766673874.json
[2025-12-25T14:47:18.116+0000] {logging_mixin.py:188} INFO - Downloaded MSFT/1766673887.json -> /tmp/minio_downloads/1766673887.json
[2025-12-25T14:47:18.137+0000] {logging_mixin.py:188} INFO - Downloaded MSFT/1766673899.json -> /tmp/minio_downloads/1766673899.json
[2025-12-25T14:47:18.162+0000] {logging_mixin.py:188} INFO - Downloaded MSFT/1766673913.json -> /tmp/minio_downloads/1766673913.json
[2025-12-25T14:47:18.181+0000] {logging_mixin.py:188} INFO - Downloaded MSFT/1766673925.json -> /tmp/minio_downloads/1766673925.json
[2025-12-25T14:47:18.199+0000] {logging_mixin.py:188} INFO - Downloaded MSFT/1766673937.json -> /tmp/minio_downloads/1766673937.json
[2025-12-25T14:47:18.218+0000] {logging_mixin.py:188} INFO - Downloaded MSFT/1766673951.json -> /tmp/minio_downloads/1766673951.json
[2025-12-25T14:47:18.239+0000] {logging_mixin.py:188} INFO - Downloaded MSFT/1766673963.json -> /tmp/minio_downloads/1766673963.json
[2025-12-25T14:47:18.260+0000] {logging_mixin.py:188} INFO - Downloaded MSFT/1766673976.json -> /tmp/minio_downloads/1766673976.json
[2025-12-25T14:47:18.294+0000] {logging_mixin.py:188} INFO - Downloaded MSFT/1766673989.json -> /tmp/minio_downloads/1766673989.json
[2025-12-25T14:47:18.316+0000] {logging_mixin.py:188} INFO - Downloaded MSFT/1766674001.json -> /tmp/minio_downloads/1766674001.json
[2025-12-25T14:47:18.339+0000] {logging_mixin.py:188} INFO - Downloaded MSFT/1766674013.json -> /tmp/minio_downloads/1766674013.json
[2025-12-25T14:47:18.359+0000] {logging_mixin.py:188} INFO - Downloaded MSFT/1766674026.json -> /tmp/minio_downloads/1766674026.json
[2025-12-25T14:47:18.379+0000] {logging_mixin.py:188} INFO - Downloaded TSLA/1766673814.json -> /tmp/minio_downloads/1766673814.json
[2025-12-25T14:47:18.395+0000] {logging_mixin.py:188} INFO - Downloaded TSLA/1766673826.json -> /tmp/minio_downloads/1766673826.json
[2025-12-25T14:47:18.412+0000] {logging_mixin.py:188} INFO - Downloaded TSLA/1766673838.json -> /tmp/minio_downloads/1766673838.json
[2025-12-25T14:47:18.429+0000] {logging_mixin.py:188} INFO - Downloaded TSLA/1766673850.json -> /tmp/minio_downloads/1766673850.json
[2025-12-25T14:47:18.449+0000] {logging_mixin.py:188} INFO - Downloaded TSLA/1766673863.json -> /tmp/minio_downloads/1766673863.json
[2025-12-25T14:47:18.470+0000] {logging_mixin.py:188} INFO - Downloaded TSLA/1766673875.json -> /tmp/minio_downloads/1766673875.json
[2025-12-25T14:47:18.490+0000] {logging_mixin.py:188} INFO - Downloaded TSLA/1766673888.json -> /tmp/minio_downloads/1766673888.json
[2025-12-25T14:47:18.516+0000] {logging_mixin.py:188} INFO - Downloaded TSLA/1766673901.json -> /tmp/minio_downloads/1766673901.json
[2025-12-25T14:47:18.542+0000] {logging_mixin.py:188} INFO - Downloaded TSLA/1766673914.json -> /tmp/minio_downloads/1766673914.json
[2025-12-25T14:47:18.564+0000] {logging_mixin.py:188} INFO - Downloaded TSLA/1766673926.json -> /tmp/minio_downloads/1766673926.json
[2025-12-25T14:47:18.585+0000] {logging_mixin.py:188} INFO - Downloaded TSLA/1766673939.json -> /tmp/minio_downloads/1766673939.json
[2025-12-25T14:47:18.611+0000] {logging_mixin.py:188} INFO - Downloaded TSLA/1766673952.json -> /tmp/minio_downloads/1766673952.json
[2025-12-25T14:47:18.638+0000] {logging_mixin.py:188} INFO - Downloaded TSLA/1766673965.json -> /tmp/minio_downloads/1766673965.json
[2025-12-25T14:47:18.663+0000] {logging_mixin.py:188} INFO - Downloaded TSLA/1766673978.json -> /tmp/minio_downloads/1766673978.json
[2025-12-25T14:47:18.686+0000] {logging_mixin.py:188} INFO - Downloaded TSLA/1766673990.json -> /tmp/minio_downloads/1766673990.json
[2025-12-25T14:47:18.710+0000] {logging_mixin.py:188} INFO - Downloaded TSLA/1766674002.json -> /tmp/minio_downloads/1766674002.json
[2025-12-25T14:47:18.737+0000] {logging_mixin.py:188} INFO - Downloaded TSLA/1766674015.json -> /tmp/minio_downloads/1766674015.json
[2025-12-25T14:47:18.764+0000] {logging_mixin.py:188} INFO - Downloaded TSLA/1766674028.json -> /tmp/minio_downloads/1766674028.json
[2025-12-25T14:47:18.772+0000] {python.py:237} INFO - Done. Returned value was: ['/tmp/minio_downloads/1766673812.json', '/tmp/minio_downloads/1766673824.json', '/tmp/minio_downloads/1766673836.json', '/tmp/minio_downloads/1766673847.json', '/tmp/minio_downloads/1766673860.json', '/tmp/minio_downloads/1766673872.json', '/tmp/minio_downloads/1766673884.json', '/tmp/minio_downloads/1766673898.json', '/tmp/minio_downloads/1766673911.json', '/tmp/minio_downloads/1766673924.json', '/tmp/minio_downloads/1766673936.json', '/tmp/minio_downloads/1766673949.json', '/tmp/minio_downloads/1766673962.json', '/tmp/minio_downloads/1766673975.json', '/tmp/minio_downloads/1766673988.json', '/tmp/minio_downloads/1766674000.json', '/tmp/minio_downloads/1766674012.json', '/tmp/minio_downloads/1766674025.json', '/tmp/minio_downloads/1766673817.json', '/tmp/minio_downloads/1766673829.json', '/tmp/minio_downloads/1766673840.json', '/tmp/minio_downloads/1766673853.json', '/tmp/minio_downloads/1766673865.json', '/tmp/minio_downloads/1766673877.json', '/tmp/minio_downloads/1766673891.json', '/tmp/minio_downloads/1766673904.json', '/tmp/minio_downloads/1766673917.json', '/tmp/minio_downloads/1766673929.json', '/tmp/minio_downloads/1766673941.json', '/tmp/minio_downloads/1766673954.json', '/tmp/minio_downloads/1766673968.json', '/tmp/minio_downloads/1766673981.json', '/tmp/minio_downloads/1766673992.json', '/tmp/minio_downloads/1766674005.json', '/tmp/minio_downloads/1766674018.json', '/tmp/minio_downloads/1766674030.json', '/tmp/minio_downloads/1766673815.json', '/tmp/minio_downloads/1766673827.json', '/tmp/minio_downloads/1766673839.json', '/tmp/minio_downloads/1766673851.json', '/tmp/minio_downloads/1766673864.json', '/tmp/minio_downloads/1766673876.json', '/tmp/minio_downloads/1766673890.json', '/tmp/minio_downloads/1766673902.json', '/tmp/minio_downloads/1766673915.json', '/tmp/minio_downloads/1766673928.json', '/tmp/minio_downloads/1766673940.json', '/tmp/minio_downloads/1766673953.json', '/tmp/minio_downloads/1766673967.json', '/tmp/minio_downloads/1766673979.json', '/tmp/minio_downloads/1766673991.json', '/tmp/minio_downloads/1766674003.json', '/tmp/minio_downloads/1766674016.json', '/tmp/minio_downloads/1766674029.json', '/tmp/minio_downloads/1766673813.json', '/tmp/minio_downloads/1766673825.json', '/tmp/minio_downloads/1766673837.json', '/tmp/minio_downloads/1766673849.json', '/tmp/minio_downloads/1766673861.json', '/tmp/minio_downloads/1766673874.json', '/tmp/minio_downloads/1766673887.json', '/tmp/minio_downloads/1766673899.json', '/tmp/minio_downloads/1766673913.json', '/tmp/minio_downloads/1766673925.json', '/tmp/minio_downloads/1766673937.json', '/tmp/minio_downloads/1766673951.json', '/tmp/minio_downloads/1766673963.json', '/tmp/minio_downloads/1766673976.json', '/tmp/minio_downloads/1766673989.json', '/tmp/minio_downloads/1766674001.json', '/tmp/minio_downloads/1766674013.json', '/tmp/minio_downloads/1766674026.json', '/tmp/minio_downloads/1766673814.json', '/tmp/minio_downloads/1766673826.json', '/tmp/minio_downloads/1766673838.json', '/tmp/minio_downloads/1766673850.json', '/tmp/minio_downloads/1766673863.json', '/tmp/minio_downloads/1766673875.json', '/tmp/minio_downloads/1766673888.json', '/tmp/minio_downloads/1766673901.json', '/tmp/minio_downloads/1766673914.json', '/tmp/minio_downloads/1766673926.json', '/tmp/minio_downloads/1766673939.json', '/tmp/minio_downloads/1766673952.json', '/tmp/minio_downloads/1766673965.json', '/tmp/minio_downloads/1766673978.json', '/tmp/minio_downloads/1766673990.json', '/tmp/minio_downloads/1766674002.json', '/tmp/minio_downloads/1766674015.json', '/tmp/minio_downloads/1766674028.json']
[2025-12-25T14:47:18.776+0000] {taskinstance.py:441} INFO - ::group::Post task execution logs
[2025-12-25T14:47:19.187+0000] {taskinstance.py:1206} INFO - Marking task as SUCCESS. dag_id=minio_to_snowflake, task_id=download_minio, run_id=scheduled__2025-12-25T14:45:00+00:00, execution_date=20251225T144500, start_date=20251225T144714, end_date=20251225T144719
[2025-12-25T14:47:19.627+0000] {local_task_job_runner.py:243} INFO - Task exited with return code 0
[2025-12-25T14:47:19.777+0000] {taskinstance.py:3503} INFO - 1 downstream tasks scheduled from follow-on schedule check
[2025-12-25T14:47:19.788+0000] {local_task_job_runner.py:222} INFO - ::endgroup::
