[0m11:26:13.682747 [debug] [MainThread]: Sending event: {'category': 'dbt', 'action': 'invocation', 'label': 'start', 'context': [<snowplow_tracker.self_describing_json.SelfDescribingJson object at 0x0000019B6A4A35C0>, <snowplow_tracker.self_describing_json.SelfDescribingJson object at 0x0000019B6AA46BA0>, <snowplow_tracker.self_describing_json.SelfDescribingJson object at 0x0000019B6895F230>]}


============================== 11:26:13.700984 | b9dfa621-43a1-42b2-80df-bd0d86445472 ==============================
[0m11:26:13.700984 [info ] [MainThread]: Running with dbt=1.10.17
[0m11:26:13.702564 [debug] [MainThread]: running dbt with arguments {'version_check': 'True', 'no_print': 'None', 'static_parser': 'True', 'target_path': 'None', 'warn_error_options': 'WarnErrorOptionsV2(error=[], warn=[], silence=[])', 'printer_width': '80', 'write_json': 'True', 'empty': 'None', 'log_cache_events': 'False', 'introspect': 'True', 'cache_selected_only': 'False', 'log_format': 'default', 'debug': 'False', 'fail_fast': 'False', 'partial_parse': 'True', 'send_anonymous_usage_stats': 'True', 'quiet': 'False', 'warn_error': 'None', 'profiles_dir': 'C:\\Users\\HP\\.dbt', 'invocation_command': 'dbt init dbt_stocks', 'indirect_selection': 'eager', 'use_colors': 'True', 'use_experimental_parser': 'False', 'log_path': 'logs'}
[0m11:26:13.772808 [debug] [MainThread]: Starter project path: C:\Users\HP\PycharmProjects\Real_Time_Stock_MDS\.venv\Lib\site-packages\dbt\include\starter_project
[0m11:26:13.812061 [info ] [MainThread]: 
Your new dbt project "dbt_stocks" was created!

For more information on how to configure the profiles.yml file,
please consult the dbt documentation here:

  https://docs.getdbt.com/docs/configure-your-profile

One more thing:

Need help? Don't hesitate to reach out to us via GitHub issues or on Slack:

  https://community.getdbt.com/

Happy modeling!

[0m11:26:13.818738 [info ] [MainThread]: Setting up your profile.
[0m11:26:36.556090 [debug] [MainThread]: Snowflake adapter: Setting snowflake.connector to ERROR (file logging only)
[0m11:26:36.557918 [debug] [MainThread]: Snowflake adapter: Setting botocore to ERROR (file logging only)
[0m11:26:36.561918 [debug] [MainThread]: Snowflake adapter: Setting boto3 to ERROR (file logging only)
[0m11:29:10.369273 [info ] [MainThread]: Profile dbt_stocks written to C:\Users\HP\.dbt\profiles.yml using target's profile_template.yml and your supplied values. Run 'dbt debug' to validate the connection.
[0m11:29:10.667593 [debug] [MainThread]: Command `dbt init` succeeded at 11:29:10.651767 after 177.32 seconds
[0m11:29:10.712391 [debug] [MainThread]: Sending event: {'category': 'dbt', 'action': 'invocation', 'label': 'end', 'context': [<snowplow_tracker.self_describing_json.SelfDescribingJson object at 0x0000019B6B3259A0>, <snowplow_tracker.self_describing_json.SelfDescribingJson object at 0x0000019B6CAFE9F0>, <snowplow_tracker.self_describing_json.SelfDescribingJson object at 0x0000019B6895F230>]}
[0m11:29:10.731066 [debug] [MainThread]: Flushing usage events
[0m11:29:12.739139 [debug] [MainThread]: An error was encountered while trying to flush usage events
