[2025-12-25T14:45:46.808+0000] {local_task_job_runner.py:120} INFO - ::group::Pre task execution logs
[2025-12-25T14:45:46.870+0000] {taskinstance.py:2076} INFO - Dependencies all met for dep_context=non-requeueable deps ti=<TaskInstance: minio_to_snowflake.load_snowflake scheduled__2025-12-25T14:43:00+00:00 [queued]>
[2025-12-25T14:45:46.885+0000] {taskinstance.py:2076} INFO - Dependencies all met for dep_context=requeueable deps ti=<TaskInstance: minio_to_snowflake.load_snowflake scheduled__2025-12-25T14:43:00+00:00 [queued]>
[2025-12-25T14:45:46.886+0000] {taskinstance.py:2306} INFO - Starting attempt 1 of 2
[2025-12-25T14:45:46.908+0000] {taskinstance.py:2330} INFO - Executing <Task(PythonOperator): load_snowflake> on 2025-12-25 14:43:00+00:00
[2025-12-25T14:45:46.932+0000] {standard_task_runner.py:90} INFO - Running: ['***', 'tasks', 'run', 'minio_to_snowflake', 'load_snowflake', 'scheduled__2025-12-25T14:43:00+00:00', '--job-id', '4', '--raw', '--subdir', 'DAGS_FOLDER/minio_to_snowflake.py', '--cfg-path', '/tmp/tmpk1u5jwvv']
[2025-12-25T14:45:46.938+0000] {standard_task_runner.py:91} INFO - Job 4: Subtask load_snowflake
[2025-12-25T14:45:46.940+0000] {logging_mixin.py:188} WARNING - /home/***/.local/lib/python3.12/site-packages/***/task/task_runner/standard_task_runner.py:62 DeprecationWarning: This process (pid=325) is multi-threaded, use of fork() may lead to deadlocks in the child.
[2025-12-25T14:45:46.942+0000] {standard_task_runner.py:64} INFO - Started process 342 to run task
[2025-12-25T14:45:47.069+0000] {task_command.py:426} INFO - Running <TaskInstance: minio_to_snowflake.load_snowflake scheduled__2025-12-25T14:43:00+00:00 [running]> on host 0da94edd9430
[2025-12-25T14:45:47.247+0000] {taskinstance.py:2648} INFO - Exporting env vars: AIRFLOW_CTX_DAG_OWNER='***' AIRFLOW_CTX_DAG_ID='minio_to_snowflake' AIRFLOW_CTX_TASK_ID='load_snowflake' AIRFLOW_CTX_EXECUTION_DATE='2025-12-25T14:43:00+00:00' AIRFLOW_CTX_TRY_NUMBER='1' AIRFLOW_CTX_DAG_RUN_ID='scheduled__2025-12-25T14:43:00+00:00'
[2025-12-25T14:45:47.250+0000] {taskinstance.py:430} INFO - ::endgroup::
[2025-12-25T14:45:47.297+0000] {connection.py:610} INFO - Snowflake Connector for Python Version: 4.1.1, Python Version: 3.12.4, Platform: Linux-6.6.87.2-microsoft-standard-WSL2-x86_64-with-glibc2.36
[2025-12-25T14:45:47.300+0000] {connection.py:1693} INFO - Connecting to GLOBAL Snowflake domain
[2025-12-25T14:46:01.395+0000] {logging_mixin.py:188} INFO - Uploaded /tmp/minio_downloads/1766673812.json to Snowflake stage
[2025-12-25T14:46:01.789+0000] {logging_mixin.py:188} INFO - Uploaded /tmp/minio_downloads/1766673824.json to Snowflake stage
[2025-12-25T14:46:02.190+0000] {logging_mixin.py:188} INFO - Uploaded /tmp/minio_downloads/1766673836.json to Snowflake stage
[2025-12-25T14:46:02.597+0000] {logging_mixin.py:188} INFO - Uploaded /tmp/minio_downloads/1766673847.json to Snowflake stage
[2025-12-25T14:46:03.851+0000] {logging_mixin.py:188} INFO - Uploaded /tmp/minio_downloads/1766673860.json to Snowflake stage
[2025-12-25T14:46:04.327+0000] {logging_mixin.py:188} INFO - Uploaded /tmp/minio_downloads/1766673872.json to Snowflake stage
[2025-12-25T14:46:04.812+0000] {logging_mixin.py:188} INFO - Uploaded /tmp/minio_downloads/1766673884.json to Snowflake stage
[2025-12-25T14:46:05.258+0000] {logging_mixin.py:188} INFO - Uploaded /tmp/minio_downloads/1766673898.json to Snowflake stage
[2025-12-25T14:46:05.765+0000] {logging_mixin.py:188} INFO - Uploaded /tmp/minio_downloads/1766673911.json to Snowflake stage
[2025-12-25T14:46:06.267+0000] {logging_mixin.py:188} INFO - Uploaded /tmp/minio_downloads/1766673817.json to Snowflake stage
[2025-12-25T14:46:06.761+0000] {logging_mixin.py:188} INFO - Uploaded /tmp/minio_downloads/1766673829.json to Snowflake stage
[2025-12-25T14:46:07.244+0000] {logging_mixin.py:188} INFO - Uploaded /tmp/minio_downloads/1766673840.json to Snowflake stage
[2025-12-25T14:46:07.720+0000] {logging_mixin.py:188} INFO - Uploaded /tmp/minio_downloads/1766673853.json to Snowflake stage
[2025-12-25T14:46:08.176+0000] {logging_mixin.py:188} INFO - Uploaded /tmp/minio_downloads/1766673865.json to Snowflake stage
[2025-12-25T14:46:08.579+0000] {logging_mixin.py:188} INFO - Uploaded /tmp/minio_downloads/1766673877.json to Snowflake stage
[2025-12-25T14:46:08.970+0000] {logging_mixin.py:188} INFO - Uploaded /tmp/minio_downloads/1766673891.json to Snowflake stage
[2025-12-25T14:46:09.519+0000] {logging_mixin.py:188} INFO - Uploaded /tmp/minio_downloads/1766673904.json to Snowflake stage
[2025-12-25T14:46:09.930+0000] {logging_mixin.py:188} INFO - Uploaded /tmp/minio_downloads/1766673815.json to Snowflake stage
[2025-12-25T14:46:10.381+0000] {logging_mixin.py:188} INFO - Uploaded /tmp/minio_downloads/1766673827.json to Snowflake stage
[2025-12-25T14:46:10.777+0000] {logging_mixin.py:188} INFO - Uploaded /tmp/minio_downloads/1766673839.json to Snowflake stage
[2025-12-25T14:46:11.252+0000] {logging_mixin.py:188} INFO - Uploaded /tmp/minio_downloads/1766673851.json to Snowflake stage
[2025-12-25T14:46:12.271+0000] {logging_mixin.py:188} INFO - Uploaded /tmp/minio_downloads/1766673864.json to Snowflake stage
[2025-12-25T14:46:12.704+0000] {logging_mixin.py:188} INFO - Uploaded /tmp/minio_downloads/1766673876.json to Snowflake stage
[2025-12-25T14:46:13.081+0000] {logging_mixin.py:188} INFO - Uploaded /tmp/minio_downloads/1766673890.json to Snowflake stage
[2025-12-25T14:46:13.697+0000] {logging_mixin.py:188} INFO - Uploaded /tmp/minio_downloads/1766673902.json to Snowflake stage
[2025-12-25T14:46:14.196+0000] {logging_mixin.py:188} INFO - Uploaded /tmp/minio_downloads/1766673915.json to Snowflake stage
[2025-12-25T14:46:14.678+0000] {logging_mixin.py:188} INFO - Uploaded /tmp/minio_downloads/1766673813.json to Snowflake stage
[2025-12-25T14:46:15.359+0000] {logging_mixin.py:188} INFO - Uploaded /tmp/minio_downloads/1766673825.json to Snowflake stage
[2025-12-25T14:46:15.760+0000] {logging_mixin.py:188} INFO - Uploaded /tmp/minio_downloads/1766673837.json to Snowflake stage
[2025-12-25T14:46:16.199+0000] {logging_mixin.py:188} INFO - Uploaded /tmp/minio_downloads/1766673849.json to Snowflake stage
[2025-12-25T14:46:16.663+0000] {logging_mixin.py:188} INFO - Uploaded /tmp/minio_downloads/1766673861.json to Snowflake stage
[2025-12-25T14:46:17.046+0000] {logging_mixin.py:188} INFO - Uploaded /tmp/minio_downloads/1766673874.json to Snowflake stage
[2025-12-25T14:46:17.451+0000] {logging_mixin.py:188} INFO - Uploaded /tmp/minio_downloads/1766673887.json to Snowflake stage
[2025-12-25T14:46:17.858+0000] {logging_mixin.py:188} INFO - Uploaded /tmp/minio_downloads/1766673899.json to Snowflake stage
[2025-12-25T14:46:18.250+0000] {logging_mixin.py:188} INFO - Uploaded /tmp/minio_downloads/1766673913.json to Snowflake stage
[2025-12-25T14:46:18.655+0000] {logging_mixin.py:188} INFO - Uploaded /tmp/minio_downloads/1766673814.json to Snowflake stage
[2025-12-25T14:46:19.079+0000] {logging_mixin.py:188} INFO - Uploaded /tmp/minio_downloads/1766673826.json to Snowflake stage
[2025-12-25T14:46:20.098+0000] {logging_mixin.py:188} INFO - Uploaded /tmp/minio_downloads/1766673838.json to Snowflake stage
[2025-12-25T14:46:20.481+0000] {logging_mixin.py:188} INFO - Uploaded /tmp/minio_downloads/1766673850.json to Snowflake stage
[2025-12-25T14:46:20.879+0000] {logging_mixin.py:188} INFO - Uploaded /tmp/minio_downloads/1766673863.json to Snowflake stage
[2025-12-25T14:46:21.311+0000] {logging_mixin.py:188} INFO - Uploaded /tmp/minio_downloads/1766673875.json to Snowflake stage
[2025-12-25T14:46:21.749+0000] {logging_mixin.py:188} INFO - Uploaded /tmp/minio_downloads/1766673888.json to Snowflake stage
[2025-12-25T14:46:22.213+0000] {logging_mixin.py:188} INFO - Uploaded /tmp/minio_downloads/1766673901.json to Snowflake stage
[2025-12-25T14:46:22.701+0000] {logging_mixin.py:188} INFO - Uploaded /tmp/minio_downloads/1766673914.json to Snowflake stage
[2025-12-25T14:46:50.175+0000] {logging_mixin.py:188} INFO - COPY INTO executed
[2025-12-25T14:46:50.602+0000] {python.py:237} INFO - Done. Returned value was: None
[2025-12-25T14:46:50.606+0000] {taskinstance.py:441} INFO - ::group::Post task execution logs
[2025-12-25T14:46:50.781+0000] {taskinstance.py:1206} INFO - Marking task as SUCCESS. dag_id=minio_to_snowflake, task_id=load_snowflake, run_id=scheduled__2025-12-25T14:43:00+00:00, execution_date=20251225T144300, start_date=20251225T144546, end_date=20251225T144650
[2025-12-25T14:46:50.998+0000] {local_task_job_runner.py:243} INFO - Task exited with return code 0
[2025-12-25T14:46:51.335+0000] {taskinstance.py:3503} INFO - 1 downstream tasks scheduled from follow-on schedule check
[2025-12-25T14:46:51.346+0000] {local_task_job_runner.py:222} INFO - ::endgroup::
