[2025-12-25T08:52:18.783+0000] {local_task_job_runner.py:120} INFO - ::group::Pre task execution logs
[2025-12-25T08:52:18.862+0000] {taskinstance.py:2076} INFO - Dependencies all met for dep_context=non-requeueable deps ti=<TaskInstance: minio_to_snowflake.download_minio scheduled__2025-12-25T08:48:00+00:00 [queued]>
[2025-12-25T08:52:18.876+0000] {taskinstance.py:2076} INFO - Dependencies all met for dep_context=requeueable deps ti=<TaskInstance: minio_to_snowflake.download_minio scheduled__2025-12-25T08:48:00+00:00 [queued]>
[2025-12-25T08:52:18.877+0000] {taskinstance.py:2306} INFO - Starting attempt 1 of 2
[2025-12-25T08:52:18.901+0000] {taskinstance.py:2330} INFO - Executing <Task(PythonOperator): download_minio> on 2025-12-25 08:48:00+00:00
[2025-12-25T08:52:18.927+0000] {standard_task_runner.py:90} INFO - Running: ['***', 'tasks', 'run', 'minio_to_snowflake', 'download_minio', 'scheduled__2025-12-25T08:48:00+00:00', '--job-id', '164', '--raw', '--subdir', 'DAGS_FOLDER/minio_to_snowflake.py', '--cfg-path', '/tmp/tmpzvmwh6pu']
[2025-12-25T08:52:18.935+0000] {standard_task_runner.py:91} INFO - Job 164: Subtask download_minio
[2025-12-25T08:52:18.937+0000] {logging_mixin.py:188} WARNING - /home/***/.local/lib/python3.12/site-packages/***/task/task_runner/standard_task_runner.py:62 DeprecationWarning: This process (pid=1648) is multi-threaded, use of fork() may lead to deadlocks in the child.
[2025-12-25T08:52:18.939+0000] {standard_task_runner.py:64} INFO - Started process 1662 to run task
[2025-12-25T08:52:19.066+0000] {task_command.py:426} INFO - Running <TaskInstance: minio_to_snowflake.download_minio scheduled__2025-12-25T08:48:00+00:00 [running]> on host f2efb562a677
[2025-12-25T08:52:19.273+0000] {taskinstance.py:2648} INFO - Exporting env vars: AIRFLOW_CTX_DAG_OWNER='***' AIRFLOW_CTX_DAG_ID='minio_to_snowflake' AIRFLOW_CTX_TASK_ID='download_minio' AIRFLOW_CTX_EXECUTION_DATE='2025-12-25T08:48:00+00:00' AIRFLOW_CTX_TRY_NUMBER='1' AIRFLOW_CTX_DAG_RUN_ID='scheduled__2025-12-25T08:48:00+00:00'
[2025-12-25T08:52:19.276+0000] {taskinstance.py:430} INFO - ::endgroup::
[2025-12-25T08:52:22.069+0000] {logging_mixin.py:188} INFO - Downloaded AAPL/1766651912.json -> /tmp/minio_downloads/1766651912.json
[2025-12-25T08:52:22.094+0000] {logging_mixin.py:188} INFO - Downloaded AAPL/1766651923.json -> /tmp/minio_downloads/1766651923.json
[2025-12-25T08:52:22.117+0000] {logging_mixin.py:188} INFO - Downloaded AAPL/1766651935.json -> /tmp/minio_downloads/1766651935.json
[2025-12-25T08:52:22.146+0000] {logging_mixin.py:188} INFO - Downloaded AAPL/1766651947.json -> /tmp/minio_downloads/1766651947.json
[2025-12-25T08:52:22.234+0000] {logging_mixin.py:188} INFO - Downloaded AAPL/1766651959.json -> /tmp/minio_downloads/1766651959.json
[2025-12-25T08:52:22.259+0000] {logging_mixin.py:188} INFO - Downloaded AAPL/1766651972.json -> /tmp/minio_downloads/1766651972.json
[2025-12-25T08:52:22.282+0000] {logging_mixin.py:188} INFO - Downloaded AAPL/1766651985.json -> /tmp/minio_downloads/1766651985.json
[2025-12-25T08:52:22.311+0000] {logging_mixin.py:188} INFO - Downloaded AAPL/1766651996.json -> /tmp/minio_downloads/1766651996.json
[2025-12-25T08:52:22.336+0000] {logging_mixin.py:188} INFO - Downloaded AAPL/1766652008.json -> /tmp/minio_downloads/1766652008.json
[2025-12-25T08:52:22.365+0000] {logging_mixin.py:188} INFO - Downloaded AAPL/1766652020.json -> /tmp/minio_downloads/1766652020.json
[2025-12-25T08:52:22.391+0000] {logging_mixin.py:188} INFO - Downloaded AAPL/1766652032.json -> /tmp/minio_downloads/1766652032.json
[2025-12-25T08:52:22.414+0000] {logging_mixin.py:188} INFO - Downloaded AAPL/1766652044.json -> /tmp/minio_downloads/1766652044.json
[2025-12-25T08:52:22.432+0000] {logging_mixin.py:188} INFO - Downloaded AAPL/1766652056.json -> /tmp/minio_downloads/1766652056.json
[2025-12-25T08:52:22.448+0000] {logging_mixin.py:188} INFO - Downloaded AAPL/1766652067.json -> /tmp/minio_downloads/1766652067.json
[2025-12-25T08:52:22.464+0000] {logging_mixin.py:188} INFO - Downloaded AAPL/1766652079.json -> /tmp/minio_downloads/1766652079.json
[2025-12-25T08:52:22.480+0000] {logging_mixin.py:188} INFO - Downloaded AAPL/1766652091.json -> /tmp/minio_downloads/1766652091.json
[2025-12-25T08:52:22.496+0000] {logging_mixin.py:188} INFO - Downloaded AAPL/1766652104.json -> /tmp/minio_downloads/1766652104.json
[2025-12-25T08:52:22.513+0000] {logging_mixin.py:188} INFO - Downloaded AAPL/1766652116.json -> /tmp/minio_downloads/1766652116.json
[2025-12-25T08:52:22.529+0000] {logging_mixin.py:188} INFO - Downloaded AAPL/1766652128.json -> /tmp/minio_downloads/1766652128.json
[2025-12-25T08:52:22.544+0000] {logging_mixin.py:188} INFO - Downloaded AAPL/1766652140.json -> /tmp/minio_downloads/1766652140.json
[2025-12-25T08:52:22.560+0000] {logging_mixin.py:188} INFO - Downloaded AAPL/1766652153.json -> /tmp/minio_downloads/1766652153.json
[2025-12-25T08:52:22.577+0000] {logging_mixin.py:188} INFO - Downloaded AAPL/1766652164.json -> /tmp/minio_downloads/1766652164.json
[2025-12-25T08:52:22.594+0000] {logging_mixin.py:188} INFO - Downloaded AAPL/1766652176.json -> /tmp/minio_downloads/1766652176.json
[2025-12-25T08:52:22.611+0000] {logging_mixin.py:188} INFO - Downloaded AAPL/1766652188.json -> /tmp/minio_downloads/1766652188.json
[2025-12-25T08:52:22.628+0000] {logging_mixin.py:188} INFO - Downloaded AAPL/1766652200.json -> /tmp/minio_downloads/1766652200.json
[2025-12-25T08:52:22.644+0000] {logging_mixin.py:188} INFO - Downloaded AAPL/1766652213.json -> /tmp/minio_downloads/1766652213.json
[2025-12-25T08:52:22.661+0000] {logging_mixin.py:188} INFO - Downloaded AAPL/1766652224.json -> /tmp/minio_downloads/1766652224.json
[2025-12-25T08:52:22.677+0000] {logging_mixin.py:188} INFO - Downloaded AAPL/1766652236.json -> /tmp/minio_downloads/1766652236.json
[2025-12-25T08:52:22.694+0000] {logging_mixin.py:188} INFO - Downloaded AAPL/1766652248.json -> /tmp/minio_downloads/1766652248.json
[2025-12-25T08:52:22.715+0000] {logging_mixin.py:188} INFO - Downloaded AAPL/1766652260.json -> /tmp/minio_downloads/1766652260.json
[2025-12-25T08:52:22.737+0000] {logging_mixin.py:188} INFO - Downloaded AAPL/1766652272.json -> /tmp/minio_downloads/1766652272.json
[2025-12-25T08:52:22.759+0000] {logging_mixin.py:188} INFO - Downloaded AAPL/1766652284.json -> /tmp/minio_downloads/1766652284.json
[2025-12-25T08:52:22.780+0000] {logging_mixin.py:188} INFO - Downloaded AAPL/1766652296.json -> /tmp/minio_downloads/1766652296.json
[2025-12-25T08:52:22.796+0000] {logging_mixin.py:188} INFO - Downloaded AAPL/1766652308.json -> /tmp/minio_downloads/1766652308.json
[2025-12-25T08:52:22.814+0000] {logging_mixin.py:188} INFO - Downloaded AAPL/1766652319.json -> /tmp/minio_downloads/1766652319.json
[2025-12-25T08:52:22.839+0000] {logging_mixin.py:188} INFO - Downloaded AAPL/1766652332.json -> /tmp/minio_downloads/1766652332.json
[2025-12-25T08:52:22.858+0000] {logging_mixin.py:188} INFO - Downloaded AAPL/1766652345.json -> /tmp/minio_downloads/1766652345.json
[2025-12-25T08:52:22.877+0000] {logging_mixin.py:188} INFO - Downloaded AAPL/1766652356.json -> /tmp/minio_downloads/1766652356.json
[2025-12-25T08:52:22.896+0000] {logging_mixin.py:188} INFO - Downloaded AAPL/1766652369.json -> /tmp/minio_downloads/1766652369.json
[2025-12-25T08:52:22.910+0000] {logging_mixin.py:188} INFO - Downloaded AAPL/1766652381.json -> /tmp/minio_downloads/1766652381.json
[2025-12-25T08:52:22.926+0000] {logging_mixin.py:188} INFO - Downloaded AAPL/1766652397.json -> /tmp/minio_downloads/1766652397.json
[2025-12-25T08:52:22.947+0000] {logging_mixin.py:188} INFO - Downloaded AAPL/1766652409.json -> /tmp/minio_downloads/1766652409.json
[2025-12-25T08:52:22.966+0000] {logging_mixin.py:188} INFO - Downloaded AAPL/1766652421.json -> /tmp/minio_downloads/1766652421.json
[2025-12-25T08:52:23.005+0000] {logging_mixin.py:188} INFO - Downloaded AAPL/1766652434.json -> /tmp/minio_downloads/1766652434.json
[2025-12-25T08:52:23.023+0000] {logging_mixin.py:188} INFO - Downloaded AAPL/1766652447.json -> /tmp/minio_downloads/1766652447.json
[2025-12-25T08:52:23.039+0000] {logging_mixin.py:188} INFO - Downloaded AAPL/1766652459.json -> /tmp/minio_downloads/1766652459.json
[2025-12-25T08:52:23.059+0000] {logging_mixin.py:188} INFO - Downloaded AAPL/1766652471.json -> /tmp/minio_downloads/1766652471.json
[2025-12-25T08:52:23.077+0000] {logging_mixin.py:188} INFO - Downloaded AAPL/1766652485.json -> /tmp/minio_downloads/1766652485.json
[2025-12-25T08:52:23.115+0000] {logging_mixin.py:188} INFO - Downloaded AAPL/1766652498.json -> /tmp/minio_downloads/1766652498.json
[2025-12-25T08:52:23.142+0000] {logging_mixin.py:188} INFO - Downloaded AAPL/1766652511.json -> /tmp/minio_downloads/1766652511.json
[2025-12-25T08:52:23.167+0000] {logging_mixin.py:188} INFO - Downloaded AAPL/1766652524.json -> /tmp/minio_downloads/1766652524.json
[2025-12-25T08:52:23.195+0000] {logging_mixin.py:188} INFO - Downloaded AAPL/1766652538.json -> /tmp/minio_downloads/1766652538.json
[2025-12-25T08:52:23.222+0000] {logging_mixin.py:188} INFO - Downloaded AAPL/1766652552.json -> /tmp/minio_downloads/1766652552.json
[2025-12-25T08:52:23.243+0000] {logging_mixin.py:188} INFO - Downloaded AAPL/1766652565.json -> /tmp/minio_downloads/1766652565.json
[2025-12-25T08:52:23.277+0000] {logging_mixin.py:188} INFO - Downloaded AAPL/1766652578.json -> /tmp/minio_downloads/1766652578.json
[2025-12-25T08:52:23.316+0000] {logging_mixin.py:188} INFO - Downloaded AAPL/1766652592.json -> /tmp/minio_downloads/1766652592.json
[2025-12-25T08:52:23.339+0000] {logging_mixin.py:188} INFO - Downloaded AAPL/1766652605.json -> /tmp/minio_downloads/1766652605.json
[2025-12-25T08:52:23.367+0000] {logging_mixin.py:188} INFO - Downloaded AAPL/1766652619.json -> /tmp/minio_downloads/1766652619.json
[2025-12-25T08:52:23.393+0000] {logging_mixin.py:188} INFO - Downloaded AAPL/1766652633.json -> /tmp/minio_downloads/1766652633.json
[2025-12-25T08:52:23.425+0000] {logging_mixin.py:188} INFO - Downloaded AAPL/1766652648.json -> /tmp/minio_downloads/1766652648.json
[2025-12-25T08:52:23.448+0000] {logging_mixin.py:188} INFO - Downloaded AAPL/1766652660.json -> /tmp/minio_downloads/1766652660.json
[2025-12-25T08:52:23.473+0000] {logging_mixin.py:188} INFO - Downloaded AAPL/1766652672.json -> /tmp/minio_downloads/1766652672.json
[2025-12-25T08:52:23.499+0000] {logging_mixin.py:188} INFO - Downloaded AAPL/1766652685.json -> /tmp/minio_downloads/1766652685.json
[2025-12-25T08:52:23.529+0000] {logging_mixin.py:188} INFO - Downloaded AAPL/1766652698.json -> /tmp/minio_downloads/1766652698.json
[2025-12-25T08:52:23.579+0000] {logging_mixin.py:188} INFO - Downloaded AAPL/1766652711.json -> /tmp/minio_downloads/1766652711.json
[2025-12-25T08:52:23.611+0000] {logging_mixin.py:188} INFO - Downloaded AAPL/1766652722.json -> /tmp/minio_downloads/1766652722.json
[2025-12-25T08:52:23.632+0000] {logging_mixin.py:188} INFO - Downloaded AAPL/1766652734.json -> /tmp/minio_downloads/1766652734.json
[2025-12-25T08:52:23.653+0000] {logging_mixin.py:188} INFO - Downloaded AMZN/1766651916.json -> /tmp/minio_downloads/1766651916.json
[2025-12-25T08:52:23.682+0000] {logging_mixin.py:188} INFO - Downloaded AMZN/1766651928.json -> /tmp/minio_downloads/1766651928.json
[2025-12-25T08:52:23.708+0000] {logging_mixin.py:188} INFO - Downloaded AMZN/1766651940.json -> /tmp/minio_downloads/1766651940.json
[2025-12-25T08:52:23.736+0000] {logging_mixin.py:188} INFO - Downloaded AMZN/1766651952.json -> /tmp/minio_downloads/1766651952.json
[2025-12-25T08:52:23.770+0000] {logging_mixin.py:188} INFO - Downloaded AMZN/1766651964.json -> /tmp/minio_downloads/1766651964.json
[2025-12-25T08:52:23.811+0000] {logging_mixin.py:188} INFO - Downloaded AMZN/1766651978.json -> /tmp/minio_downloads/1766651978.json
[2025-12-25T08:52:23.845+0000] {logging_mixin.py:188} INFO - Downloaded AMZN/1766651989.json -> /tmp/minio_downloads/1766651989.json
[2025-12-25T08:52:23.880+0000] {logging_mixin.py:188} INFO - Downloaded AMZN/1766652001.json -> /tmp/minio_downloads/1766652001.json
[2025-12-25T08:52:23.915+0000] {logging_mixin.py:188} INFO - Downloaded AMZN/1766652013.json -> /tmp/minio_downloads/1766652013.json
[2025-12-25T08:52:23.934+0000] {logging_mixin.py:188} INFO - Downloaded AMZN/1766652025.json -> /tmp/minio_downloads/1766652025.json
[2025-12-25T08:52:23.965+0000] {logging_mixin.py:188} INFO - Downloaded AMZN/1766652036.json -> /tmp/minio_downloads/1766652036.json
[2025-12-25T08:52:23.998+0000] {logging_mixin.py:188} INFO - Downloaded AMZN/1766652048.json -> /tmp/minio_downloads/1766652048.json
[2025-12-25T08:52:24.035+0000] {logging_mixin.py:188} INFO - Downloaded AMZN/1766652060.json -> /tmp/minio_downloads/1766652060.json
[2025-12-25T08:52:24.061+0000] {logging_mixin.py:188} INFO - Downloaded AMZN/1766652072.json -> /tmp/minio_downloads/1766652072.json
[2025-12-25T08:52:24.076+0000] {logging_mixin.py:188} INFO - Downloaded AMZN/1766652084.json -> /tmp/minio_downloads/1766652084.json
[2025-12-25T08:52:24.094+0000] {logging_mixin.py:188} INFO - Downloaded AMZN/1766652097.json -> /tmp/minio_downloads/1766652097.json
[2025-12-25T08:52:24.113+0000] {logging_mixin.py:188} INFO - Downloaded AMZN/1766652109.json -> /tmp/minio_downloads/1766652109.json
[2025-12-25T08:52:24.132+0000] {logging_mixin.py:188} INFO - Downloaded AMZN/1766652121.json -> /tmp/minio_downloads/1766652121.json
[2025-12-25T08:52:24.154+0000] {logging_mixin.py:188} INFO - Downloaded AMZN/1766652133.json -> /tmp/minio_downloads/1766652133.json
[2025-12-25T08:52:24.178+0000] {logging_mixin.py:188} INFO - Downloaded AMZN/1766652145.json -> /tmp/minio_downloads/1766652145.json
[2025-12-25T08:52:24.204+0000] {logging_mixin.py:188} INFO - Downloaded AMZN/1766652157.json -> /tmp/minio_downloads/1766652157.json
[2025-12-25T08:52:24.231+0000] {logging_mixin.py:188} INFO - Downloaded AMZN/1766652169.json -> /tmp/minio_downloads/1766652169.json
[2025-12-25T08:52:24.254+0000] {logging_mixin.py:188} INFO - Downloaded AMZN/1766652181.json -> /tmp/minio_downloads/1766652181.json
[2025-12-25T08:52:24.274+0000] {logging_mixin.py:188} INFO - Downloaded AMZN/1766652193.json -> /tmp/minio_downloads/1766652193.json
[2025-12-25T08:52:24.312+0000] {logging_mixin.py:188} INFO - Downloaded AMZN/1766652206.json -> /tmp/minio_downloads/1766652206.json
[2025-12-25T08:52:24.340+0000] {logging_mixin.py:188} INFO - Downloaded AMZN/1766652217.json -> /tmp/minio_downloads/1766652217.json
[2025-12-25T08:52:24.363+0000] {logging_mixin.py:188} INFO - Downloaded AMZN/1766652229.json -> /tmp/minio_downloads/1766652229.json
[2025-12-25T08:52:24.401+0000] {logging_mixin.py:188} INFO - Downloaded AMZN/1766652241.json -> /tmp/minio_downloads/1766652241.json
[2025-12-25T08:52:24.425+0000] {logging_mixin.py:188} INFO - Downloaded AMZN/1766652253.json -> /tmp/minio_downloads/1766652253.json
[2025-12-25T08:52:24.466+0000] {logging_mixin.py:188} INFO - Downloaded AMZN/1766652264.json -> /tmp/minio_downloads/1766652264.json
[2025-12-25T08:52:24.490+0000] {logging_mixin.py:188} INFO - Downloaded AMZN/1766652277.json -> /tmp/minio_downloads/1766652277.json
[2025-12-25T08:52:24.513+0000] {logging_mixin.py:188} INFO - Downloaded AMZN/1766652289.json -> /tmp/minio_downloads/1766652289.json
[2025-12-25T08:52:24.529+0000] {logging_mixin.py:188} INFO - Downloaded AMZN/1766652301.json -> /tmp/minio_downloads/1766652301.json
[2025-12-25T08:52:24.546+0000] {logging_mixin.py:188} INFO - Downloaded AMZN/1766652312.json -> /tmp/minio_downloads/1766652312.json
[2025-12-25T08:52:24.563+0000] {logging_mixin.py:188} INFO - Downloaded AMZN/1766652325.json -> /tmp/minio_downloads/1766652325.json
[2025-12-25T08:52:24.580+0000] {logging_mixin.py:188} INFO - Downloaded AMZN/1766652338.json -> /tmp/minio_downloads/1766652338.json
[2025-12-25T08:52:24.600+0000] {logging_mixin.py:188} INFO - Downloaded AMZN/1766652349.json -> /tmp/minio_downloads/1766652349.json
[2025-12-25T08:52:24.620+0000] {logging_mixin.py:188} INFO - Downloaded AMZN/1766652361.json -> /tmp/minio_downloads/1766652361.json
[2025-12-25T08:52:24.637+0000] {logging_mixin.py:188} INFO - Downloaded AMZN/1766652374.json -> /tmp/minio_downloads/1766652374.json
[2025-12-25T08:52:24.656+0000] {logging_mixin.py:188} INFO - Downloaded AMZN/1766652390.json -> /tmp/minio_downloads/1766652390.json
[2025-12-25T08:52:24.678+0000] {logging_mixin.py:188} INFO - Downloaded AMZN/1766652401.json -> /tmp/minio_downloads/1766652401.json
[2025-12-25T08:52:24.700+0000] {logging_mixin.py:188} INFO - Downloaded AMZN/1766652413.json -> /tmp/minio_downloads/1766652413.json
[2025-12-25T08:52:24.722+0000] {logging_mixin.py:188} INFO - Downloaded AMZN/1766652426.json -> /tmp/minio_downloads/1766652426.json
[2025-12-25T08:52:24.741+0000] {logging_mixin.py:188} INFO - Downloaded AMZN/1766652439.json -> /tmp/minio_downloads/1766652439.json
[2025-12-25T08:52:24.759+0000] {logging_mixin.py:188} INFO - Downloaded AMZN/1766652452.json -> /tmp/minio_downloads/1766652452.json
[2025-12-25T08:52:24.776+0000] {logging_mixin.py:188} INFO - Downloaded AMZN/1766652464.json -> /tmp/minio_downloads/1766652464.json
[2025-12-25T08:52:24.792+0000] {logging_mixin.py:188} INFO - Downloaded AMZN/1766652477.json -> /tmp/minio_downloads/1766652477.json
[2025-12-25T08:52:24.808+0000] {logging_mixin.py:188} INFO - Downloaded AMZN/1766652490.json -> /tmp/minio_downloads/1766652490.json
[2025-12-25T08:52:24.825+0000] {logging_mixin.py:188} INFO - Downloaded AMZN/1766652503.json -> /tmp/minio_downloads/1766652503.json
[2025-12-25T08:52:24.840+0000] {logging_mixin.py:188} INFO - Downloaded AMZN/1766652516.json -> /tmp/minio_downloads/1766652516.json
[2025-12-25T08:52:24.856+0000] {logging_mixin.py:188} INFO - Downloaded AMZN/1766652530.json -> /tmp/minio_downloads/1766652530.json
[2025-12-25T08:52:24.872+0000] {logging_mixin.py:188} INFO - Downloaded AMZN/1766652543.json -> /tmp/minio_downloads/1766652543.json
[2025-12-25T08:52:24.891+0000] {logging_mixin.py:188} INFO - Downloaded AMZN/1766652558.json -> /tmp/minio_downloads/1766652558.json
[2025-12-25T08:52:24.907+0000] {logging_mixin.py:188} INFO - Downloaded AMZN/1766652570.json -> /tmp/minio_downloads/1766652570.json
[2025-12-25T08:52:24.922+0000] {logging_mixin.py:188} INFO - Downloaded AMZN/1766652584.json -> /tmp/minio_downloads/1766652584.json
[2025-12-25T08:52:24.938+0000] {logging_mixin.py:188} INFO - Downloaded AMZN/1766652598.json -> /tmp/minio_downloads/1766652598.json
[2025-12-25T08:52:24.951+0000] {logging_mixin.py:188} INFO - Downloaded AMZN/1766652611.json -> /tmp/minio_downloads/1766652611.json
[2025-12-25T08:52:24.966+0000] {logging_mixin.py:188} INFO - Downloaded AMZN/1766652625.json -> /tmp/minio_downloads/1766652625.json
[2025-12-25T08:52:24.980+0000] {logging_mixin.py:188} INFO - Downloaded AMZN/1766652641.json -> /tmp/minio_downloads/1766652641.json
[2025-12-25T08:52:24.994+0000] {logging_mixin.py:188} INFO - Downloaded AMZN/1766652652.json -> /tmp/minio_downloads/1766652652.json
[2025-12-25T08:52:25.007+0000] {logging_mixin.py:188} INFO - Downloaded AMZN/1766652665.json -> /tmp/minio_downloads/1766652665.json
[2025-12-25T08:52:25.024+0000] {logging_mixin.py:188} INFO - Downloaded AMZN/1766652677.json -> /tmp/minio_downloads/1766652677.json
[2025-12-25T08:52:25.038+0000] {logging_mixin.py:188} INFO - Downloaded AMZN/1766652690.json -> /tmp/minio_downloads/1766652690.json
[2025-12-25T08:52:25.051+0000] {logging_mixin.py:188} INFO - Downloaded AMZN/1766652703.json -> /tmp/minio_downloads/1766652703.json
[2025-12-25T08:52:25.066+0000] {logging_mixin.py:188} INFO - Downloaded AMZN/1766652715.json -> /tmp/minio_downloads/1766652715.json
[2025-12-25T08:52:25.078+0000] {logging_mixin.py:188} INFO - Downloaded AMZN/1766652727.json -> /tmp/minio_downloads/1766652727.json
[2025-12-25T08:52:25.093+0000] {logging_mixin.py:188} INFO - Downloaded AMZN/1766652739.json -> /tmp/minio_downloads/1766652739.json
[2025-12-25T08:52:25.105+0000] {logging_mixin.py:188} INFO - Downloaded GOOGL/1766651915.json -> /tmp/minio_downloads/1766651915.json
[2025-12-25T08:52:25.119+0000] {logging_mixin.py:188} INFO - Downloaded GOOGL/1766651927.json -> /tmp/minio_downloads/1766651927.json
[2025-12-25T08:52:25.133+0000] {logging_mixin.py:188} INFO - Downloaded GOOGL/1766651939.json -> /tmp/minio_downloads/1766651939.json
[2025-12-25T08:52:25.149+0000] {logging_mixin.py:188} INFO - Downloaded GOOGL/1766651951.json -> /tmp/minio_downloads/1766651951.json
[2025-12-25T08:52:25.165+0000] {logging_mixin.py:188} INFO - Downloaded GOOGL/1766651963.json -> /tmp/minio_downloads/1766651963.json
[2025-12-25T08:52:25.181+0000] {logging_mixin.py:188} INFO - Downloaded GOOGL/1766651977.json -> /tmp/minio_downloads/1766651977.json
[2025-12-25T08:52:25.195+0000] {logging_mixin.py:188} INFO - Downloaded GOOGL/1766651988.json -> /tmp/minio_downloads/1766651988.json
[2025-12-25T08:52:25.208+0000] {logging_mixin.py:188} INFO - Downloaded GOOGL/1766652000.json -> /tmp/minio_downloads/1766652000.json
[2025-12-25T08:52:25.223+0000] {logging_mixin.py:188} INFO - Downloaded GOOGL/1766652012.json -> /tmp/minio_downloads/1766652012.json
[2025-12-25T08:52:25.237+0000] {logging_mixin.py:188} INFO - Downloaded GOOGL/1766652024.json -> /tmp/minio_downloads/1766652024.json
[2025-12-25T08:52:25.253+0000] {logging_mixin.py:188} INFO - Downloaded GOOGL/1766652035.json -> /tmp/minio_downloads/1766652035.json
[2025-12-25T08:52:25.268+0000] {logging_mixin.py:188} INFO - Downloaded GOOGL/1766652047.json -> /tmp/minio_downloads/1766652047.json
[2025-12-25T08:52:25.284+0000] {logging_mixin.py:188} INFO - Downloaded GOOGL/1766652059.json -> /tmp/minio_downloads/1766652059.json
[2025-12-25T08:52:25.299+0000] {logging_mixin.py:188} INFO - Downloaded GOOGL/1766652071.json -> /tmp/minio_downloads/1766652071.json
[2025-12-25T08:52:25.314+0000] {logging_mixin.py:188} INFO - Downloaded GOOGL/1766652083.json -> /tmp/minio_downloads/1766652083.json
[2025-12-25T08:52:25.331+0000] {logging_mixin.py:188} INFO - Downloaded GOOGL/1766652096.json -> /tmp/minio_downloads/1766652096.json
[2025-12-25T08:52:25.348+0000] {logging_mixin.py:188} INFO - Downloaded GOOGL/1766652107.json -> /tmp/minio_downloads/1766652107.json
[2025-12-25T08:52:25.366+0000] {logging_mixin.py:188} INFO - Downloaded GOOGL/1766652119.json -> /tmp/minio_downloads/1766652119.json
[2025-12-25T08:52:25.383+0000] {logging_mixin.py:188} INFO - Downloaded GOOGL/1766652131.json -> /tmp/minio_downloads/1766652131.json
[2025-12-25T08:52:25.401+0000] {logging_mixin.py:188} INFO - Downloaded GOOGL/1766652144.json -> /tmp/minio_downloads/1766652144.json
[2025-12-25T08:52:25.418+0000] {logging_mixin.py:188} INFO - Downloaded GOOGL/1766652156.json -> /tmp/minio_downloads/1766652156.json
[2025-12-25T08:52:25.434+0000] {logging_mixin.py:188} INFO - Downloaded GOOGL/1766652168.json -> /tmp/minio_downloads/1766652168.json
[2025-12-25T08:52:25.453+0000] {logging_mixin.py:188} INFO - Downloaded GOOGL/1766652180.json -> /tmp/minio_downloads/1766652180.json
[2025-12-25T08:52:25.477+0000] {logging_mixin.py:188} INFO - Downloaded GOOGL/1766652191.json -> /tmp/minio_downloads/1766652191.json
[2025-12-25T08:52:25.505+0000] {logging_mixin.py:188} INFO - Downloaded GOOGL/1766652205.json -> /tmp/minio_downloads/1766652205.json
[2025-12-25T08:52:25.529+0000] {logging_mixin.py:188} INFO - Downloaded GOOGL/1766652216.json -> /tmp/minio_downloads/1766652216.json
[2025-12-25T08:52:25.558+0000] {logging_mixin.py:188} INFO - Downloaded GOOGL/1766652228.json -> /tmp/minio_downloads/1766652228.json
[2025-12-25T08:52:25.574+0000] {logging_mixin.py:188} INFO - Downloaded GOOGL/1766652240.json -> /tmp/minio_downloads/1766652240.json
[2025-12-25T08:52:25.601+0000] {logging_mixin.py:188} INFO - Downloaded GOOGL/1766652251.json -> /tmp/minio_downloads/1766652251.json
[2025-12-25T08:52:25.618+0000] {logging_mixin.py:188} INFO - Downloaded GOOGL/1766652263.json -> /tmp/minio_downloads/1766652263.json
[2025-12-25T08:52:25.640+0000] {logging_mixin.py:188} INFO - Downloaded GOOGL/1766652276.json -> /tmp/minio_downloads/1766652276.json
[2025-12-25T08:52:25.658+0000] {logging_mixin.py:188} INFO - Downloaded GOOGL/1766652288.json -> /tmp/minio_downloads/1766652288.json
[2025-12-25T08:52:25.687+0000] {logging_mixin.py:188} INFO - Downloaded GOOGL/1766652300.json -> /tmp/minio_downloads/1766652300.json
[2025-12-25T08:52:25.709+0000] {logging_mixin.py:188} INFO - Downloaded GOOGL/1766652311.json -> /tmp/minio_downloads/1766652311.json
[2025-12-25T08:52:25.728+0000] {logging_mixin.py:188} INFO - Downloaded GOOGL/1766652323.json -> /tmp/minio_downloads/1766652323.json
[2025-12-25T08:52:25.761+0000] {logging_mixin.py:188} INFO - Downloaded GOOGL/1766652336.json -> /tmp/minio_downloads/1766652336.json
[2025-12-25T08:52:25.792+0000] {logging_mixin.py:188} INFO - Downloaded GOOGL/1766652348.json -> /tmp/minio_downloads/1766652348.json
[2025-12-25T08:52:25.815+0000] {logging_mixin.py:188} INFO - Downloaded GOOGL/1766652360.json -> /tmp/minio_downloads/1766652360.json
[2025-12-25T08:52:25.839+0000] {logging_mixin.py:188} INFO - Downloaded GOOGL/1766652372.json -> /tmp/minio_downloads/1766652372.json
[2025-12-25T08:52:25.862+0000] {logging_mixin.py:188} INFO - Downloaded GOOGL/1766652386.json -> /tmp/minio_downloads/1766652386.json
[2025-12-25T08:52:25.883+0000] {logging_mixin.py:188} INFO - Downloaded GOOGL/1766652400.json -> /tmp/minio_downloads/1766652400.json
[2025-12-25T08:52:25.904+0000] {logging_mixin.py:188} INFO - Downloaded GOOGL/1766652412.json -> /tmp/minio_downloads/1766652412.json
[2025-12-25T08:52:25.971+0000] {logging_mixin.py:188} INFO - Downloaded GOOGL/1766652425.json -> /tmp/minio_downloads/1766652425.json
[2025-12-25T08:52:26.193+0000] {logging_mixin.py:188} INFO - Downloaded GOOGL/1766652438.json -> /tmp/minio_downloads/1766652438.json
[2025-12-25T08:52:26.409+0000] {logging_mixin.py:188} INFO - Downloaded GOOGL/1766652451.json -> /tmp/minio_downloads/1766652451.json
[2025-12-25T08:52:26.639+0000] {logging_mixin.py:188} INFO - Downloaded GOOGL/1766652462.json -> /tmp/minio_downloads/1766652462.json
[2025-12-25T08:52:26.766+0000] {logging_mixin.py:188} INFO - Downloaded GOOGL/1766652476.json -> /tmp/minio_downloads/1766652476.json
[2025-12-25T08:52:26.903+0000] {logging_mixin.py:188} INFO - Downloaded GOOGL/1766652489.json -> /tmp/minio_downloads/1766652489.json
[2025-12-25T08:52:27.051+0000] {logging_mixin.py:188} INFO - Downloaded GOOGL/1766652502.json -> /tmp/minio_downloads/1766652502.json
[2025-12-25T08:52:27.090+0000] {logging_mixin.py:188} INFO - Downloaded GOOGL/1766652515.json -> /tmp/minio_downloads/1766652515.json
[2025-12-25T08:52:27.151+0000] {logging_mixin.py:188} INFO - Downloaded GOOGL/1766652529.json -> /tmp/minio_downloads/1766652529.json
[2025-12-25T08:52:27.218+0000] {logging_mixin.py:188} INFO - Downloaded GOOGL/1766652542.json -> /tmp/minio_downloads/1766652542.json
[2025-12-25T08:52:27.261+0000] {logging_mixin.py:188} INFO - Downloaded GOOGL/1766652556.json -> /tmp/minio_downloads/1766652556.json
[2025-12-25T08:52:27.366+0000] {logging_mixin.py:188} INFO - Downloaded GOOGL/1766652569.json -> /tmp/minio_downloads/1766652569.json
[2025-12-25T08:52:27.454+0000] {logging_mixin.py:188} INFO - Downloaded GOOGL/1766652582.json -> /tmp/minio_downloads/1766652582.json
[2025-12-25T08:52:27.576+0000] {logging_mixin.py:188} INFO - Downloaded GOOGL/1766652596.json -> /tmp/minio_downloads/1766652596.json
[2025-12-25T08:52:28.095+0000] {logging_mixin.py:188} INFO - Downloaded GOOGL/1766652610.json -> /tmp/minio_downloads/1766652610.json
[2025-12-25T08:52:28.386+0000] {logging_mixin.py:188} INFO - Downloaded GOOGL/1766652623.json -> /tmp/minio_downloads/1766652623.json
[2025-12-25T08:52:28.463+0000] {logging_mixin.py:188} INFO - Downloaded GOOGL/1766652640.json -> /tmp/minio_downloads/1766652640.json
[2025-12-25T08:52:28.730+0000] {logging_mixin.py:188} INFO - Downloaded GOOGL/1766652651.json -> /tmp/minio_downloads/1766652651.json
[2025-12-25T08:52:28.881+0000] {logging_mixin.py:188} INFO - Downloaded GOOGL/1766652664.json -> /tmp/minio_downloads/1766652664.json
[2025-12-25T08:52:28.914+0000] {logging_mixin.py:188} INFO - Downloaded GOOGL/1766652676.json -> /tmp/minio_downloads/1766652676.json
[2025-12-25T08:52:28.938+0000] {logging_mixin.py:188} INFO - Downloaded GOOGL/1766652689.json -> /tmp/minio_downloads/1766652689.json
[2025-12-25T08:52:28.968+0000] {logging_mixin.py:188} INFO - Downloaded GOOGL/1766652702.json -> /tmp/minio_downloads/1766652702.json
[2025-12-25T08:52:28.999+0000] {logging_mixin.py:188} INFO - Downloaded GOOGL/1766652714.json -> /tmp/minio_downloads/1766652714.json
[2025-12-25T08:52:29.019+0000] {logging_mixin.py:188} INFO - Downloaded GOOGL/1766652726.json -> /tmp/minio_downloads/1766652726.json
[2025-12-25T08:52:29.043+0000] {logging_mixin.py:188} INFO - Downloaded GOOGL/1766652738.json -> /tmp/minio_downloads/1766652738.json
[2025-12-25T08:52:29.061+0000] {logging_mixin.py:188} INFO - Downloaded MSFT/1766651913.json -> /tmp/minio_downloads/1766651913.json
[2025-12-25T08:52:29.081+0000] {logging_mixin.py:188} INFO - Downloaded MSFT/1766651924.json -> /tmp/minio_downloads/1766651924.json
[2025-12-25T08:52:29.100+0000] {logging_mixin.py:188} INFO - Downloaded MSFT/1766651937.json -> /tmp/minio_downloads/1766651937.json
[2025-12-25T08:52:29.117+0000] {logging_mixin.py:188} INFO - Downloaded MSFT/1766651948.json -> /tmp/minio_downloads/1766651948.json
[2025-12-25T08:52:29.153+0000] {logging_mixin.py:188} INFO - Downloaded MSFT/1766651960.json -> /tmp/minio_downloads/1766651960.json
[2025-12-25T08:52:29.167+0000] {logging_mixin.py:188} INFO - Downloaded MSFT/1766651973.json -> /tmp/minio_downloads/1766651973.json
[2025-12-25T08:52:29.187+0000] {logging_mixin.py:188} INFO - Downloaded MSFT/1766651986.json -> /tmp/minio_downloads/1766651986.json
[2025-12-25T08:52:29.202+0000] {logging_mixin.py:188} INFO - Downloaded MSFT/1766651998.json -> /tmp/minio_downloads/1766651998.json
[2025-12-25T08:52:29.216+0000] {logging_mixin.py:188} INFO - Downloaded MSFT/1766652009.json -> /tmp/minio_downloads/1766652009.json
[2025-12-25T08:52:29.230+0000] {logging_mixin.py:188} INFO - Downloaded MSFT/1766652021.json -> /tmp/minio_downloads/1766652021.json
[2025-12-25T08:52:29.244+0000] {logging_mixin.py:188} INFO - Downloaded MSFT/1766652033.json -> /tmp/minio_downloads/1766652033.json
[2025-12-25T08:52:29.260+0000] {logging_mixin.py:188} INFO - Downloaded MSFT/1766652045.json -> /tmp/minio_downloads/1766652045.json
[2025-12-25T08:52:29.276+0000] {logging_mixin.py:188} INFO - Downloaded MSFT/1766652057.json -> /tmp/minio_downloads/1766652057.json
[2025-12-25T08:52:29.296+0000] {logging_mixin.py:188} INFO - Downloaded MSFT/1766652069.json -> /tmp/minio_downloads/1766652069.json
[2025-12-25T08:52:29.315+0000] {logging_mixin.py:188} INFO - Downloaded MSFT/1766652080.json -> /tmp/minio_downloads/1766652080.json
[2025-12-25T08:52:29.332+0000] {logging_mixin.py:188} INFO - Downloaded MSFT/1766652092.json -> /tmp/minio_downloads/1766652092.json
[2025-12-25T08:52:29.358+0000] {logging_mixin.py:188} INFO - Downloaded MSFT/1766652105.json -> /tmp/minio_downloads/1766652105.json
[2025-12-25T08:52:29.383+0000] {logging_mixin.py:188} INFO - Downloaded MSFT/1766652117.json -> /tmp/minio_downloads/1766652117.json
[2025-12-25T08:52:29.405+0000] {logging_mixin.py:188} INFO - Downloaded MSFT/1766652129.json -> /tmp/minio_downloads/1766652129.json
[2025-12-25T08:52:29.423+0000] {logging_mixin.py:188} INFO - Downloaded MSFT/1766652141.json -> /tmp/minio_downloads/1766652141.json
[2025-12-25T08:52:29.449+0000] {logging_mixin.py:188} INFO - Downloaded MSFT/1766652154.json -> /tmp/minio_downloads/1766652154.json
[2025-12-25T08:52:29.477+0000] {logging_mixin.py:188} INFO - Downloaded MSFT/1766652166.json -> /tmp/minio_downloads/1766652166.json
[2025-12-25T08:52:29.502+0000] {logging_mixin.py:188} INFO - Downloaded MSFT/1766652177.json -> /tmp/minio_downloads/1766652177.json
[2025-12-25T08:52:29.525+0000] {logging_mixin.py:188} INFO - Downloaded MSFT/1766652189.json -> /tmp/minio_downloads/1766652189.json
[2025-12-25T08:52:29.542+0000] {logging_mixin.py:188} INFO - Downloaded MSFT/1766652202.json -> /tmp/minio_downloads/1766652202.json
[2025-12-25T08:52:29.563+0000] {logging_mixin.py:188} INFO - Downloaded MSFT/1766652214.json -> /tmp/minio_downloads/1766652214.json
[2025-12-25T08:52:29.593+0000] {logging_mixin.py:188} INFO - Downloaded MSFT/1766652225.json -> /tmp/minio_downloads/1766652225.json
[2025-12-25T08:52:29.616+0000] {logging_mixin.py:188} INFO - Downloaded MSFT/1766652238.json -> /tmp/minio_downloads/1766652238.json
[2025-12-25T08:52:29.643+0000] {logging_mixin.py:188} INFO - Downloaded MSFT/1766652249.json -> /tmp/minio_downloads/1766652249.json
[2025-12-25T08:52:29.667+0000] {logging_mixin.py:188} INFO - Downloaded MSFT/1766652261.json -> /tmp/minio_downloads/1766652261.json
[2025-12-25T08:52:29.685+0000] {logging_mixin.py:188} INFO - Downloaded MSFT/1766652274.json -> /tmp/minio_downloads/1766652274.json
[2025-12-25T08:52:29.702+0000] {logging_mixin.py:188} INFO - Downloaded MSFT/1766652286.json -> /tmp/minio_downloads/1766652286.json
[2025-12-25T08:52:29.720+0000] {logging_mixin.py:188} INFO - Downloaded MSFT/1766652297.json -> /tmp/minio_downloads/1766652297.json
[2025-12-25T08:52:29.743+0000] {logging_mixin.py:188} INFO - Downloaded MSFT/1766652309.json -> /tmp/minio_downloads/1766652309.json
[2025-12-25T08:52:29.764+0000] {logging_mixin.py:188} INFO - Downloaded MSFT/1766652320.json -> /tmp/minio_downloads/1766652320.json
[2025-12-25T08:52:29.784+0000] {logging_mixin.py:188} INFO - Downloaded MSFT/1766652334.json -> /tmp/minio_downloads/1766652334.json
[2025-12-25T08:52:29.805+0000] {logging_mixin.py:188} INFO - Downloaded MSFT/1766652346.json -> /tmp/minio_downloads/1766652346.json
[2025-12-25T08:52:29.831+0000] {logging_mixin.py:188} INFO - Downloaded MSFT/1766652357.json -> /tmp/minio_downloads/1766652357.json
[2025-12-25T08:52:29.862+0000] {logging_mixin.py:188} INFO - Downloaded MSFT/1766652370.json -> /tmp/minio_downloads/1766652370.json
[2025-12-25T08:52:29.882+0000] {logging_mixin.py:188} INFO - Downloaded MSFT/1766652383.json -> /tmp/minio_downloads/1766652383.json
[2025-12-25T08:52:29.907+0000] {logging_mixin.py:188} INFO - Downloaded MSFT/1766652398.json -> /tmp/minio_downloads/1766652398.json
[2025-12-25T08:52:29.942+0000] {logging_mixin.py:188} INFO - Downloaded MSFT/1766652410.json -> /tmp/minio_downloads/1766652410.json
[2025-12-25T08:52:29.971+0000] {logging_mixin.py:188} INFO - Downloaded MSFT/1766652422.json -> /tmp/minio_downloads/1766652422.json
[2025-12-25T08:52:30.001+0000] {logging_mixin.py:188} INFO - Downloaded MSFT/1766652435.json -> /tmp/minio_downloads/1766652435.json
[2025-12-25T08:52:30.029+0000] {logging_mixin.py:188} INFO - Downloaded MSFT/1766652448.json -> /tmp/minio_downloads/1766652448.json
[2025-12-25T08:52:30.079+0000] {logging_mixin.py:188} INFO - Downloaded MSFT/1766652460.json -> /tmp/minio_downloads/1766652460.json
[2025-12-25T08:52:30.111+0000] {logging_mixin.py:188} INFO - Downloaded MSFT/1766652473.json -> /tmp/minio_downloads/1766652473.json
[2025-12-25T08:52:30.203+0000] {logging_mixin.py:188} INFO - Downloaded MSFT/1766652486.json -> /tmp/minio_downloads/1766652486.json
[2025-12-25T08:52:30.300+0000] {logging_mixin.py:188} INFO - Downloaded MSFT/1766652500.json -> /tmp/minio_downloads/1766652500.json
[2025-12-25T08:52:30.314+0000] {logging_mixin.py:188} INFO - Downloaded MSFT/1766652512.json -> /tmp/minio_downloads/1766652512.json
[2025-12-25T08:52:30.352+0000] {logging_mixin.py:188} INFO - Downloaded MSFT/1766652526.json -> /tmp/minio_downloads/1766652526.json
[2025-12-25T08:52:30.409+0000] {logging_mixin.py:188} INFO - Downloaded MSFT/1766652539.json -> /tmp/minio_downloads/1766652539.json
[2025-12-25T08:52:30.496+0000] {logging_mixin.py:188} INFO - Downloaded MSFT/1766652553.json -> /tmp/minio_downloads/1766652553.json
[2025-12-25T08:52:30.524+0000] {logging_mixin.py:188} INFO - Downloaded MSFT/1766652567.json -> /tmp/minio_downloads/1766652567.json
[2025-12-25T08:52:30.563+0000] {logging_mixin.py:188} INFO - Downloaded MSFT/1766652579.json -> /tmp/minio_downloads/1766652579.json
[2025-12-25T08:52:30.594+0000] {logging_mixin.py:188} INFO - Downloaded MSFT/1766652594.json -> /tmp/minio_downloads/1766652594.json
[2025-12-25T08:52:30.614+0000] {logging_mixin.py:188} INFO - Downloaded MSFT/1766652606.json -> /tmp/minio_downloads/1766652606.json
[2025-12-25T08:52:30.638+0000] {logging_mixin.py:188} INFO - Downloaded MSFT/1766652620.json -> /tmp/minio_downloads/1766652620.json
[2025-12-25T08:52:30.691+0000] {logging_mixin.py:188} INFO - Downloaded MSFT/1766652634.json -> /tmp/minio_downloads/1766652634.json
[2025-12-25T08:52:30.723+0000] {logging_mixin.py:188} INFO - Downloaded MSFT/1766652649.json -> /tmp/minio_downloads/1766652649.json
[2025-12-25T08:52:30.770+0000] {logging_mixin.py:188} INFO - Downloaded MSFT/1766652661.json -> /tmp/minio_downloads/1766652661.json
[2025-12-25T08:52:30.801+0000] {logging_mixin.py:188} INFO - Downloaded MSFT/1766652673.json -> /tmp/minio_downloads/1766652673.json
[2025-12-25T08:52:30.857+0000] {logging_mixin.py:188} INFO - Downloaded MSFT/1766652686.json -> /tmp/minio_downloads/1766652686.json
[2025-12-25T08:52:30.899+0000] {logging_mixin.py:188} INFO - Downloaded MSFT/1766652699.json -> /tmp/minio_downloads/1766652699.json
[2025-12-25T08:52:30.964+0000] {logging_mixin.py:188} INFO - Downloaded MSFT/1766652712.json -> /tmp/minio_downloads/1766652712.json
[2025-12-25T08:52:30.989+0000] {logging_mixin.py:188} INFO - Downloaded MSFT/1766652724.json -> /tmp/minio_downloads/1766652724.json
[2025-12-25T08:52:31.021+0000] {logging_mixin.py:188} INFO - Downloaded MSFT/1766652735.json -> /tmp/minio_downloads/1766652735.json
[2025-12-25T08:52:31.042+0000] {logging_mixin.py:188} INFO - Downloaded TSLA/1766651914.json -> /tmp/minio_downloads/1766651914.json
[2025-12-25T08:52:31.070+0000] {logging_mixin.py:188} INFO - Downloaded TSLA/1766651926.json -> /tmp/minio_downloads/1766651926.json
[2025-12-25T08:52:31.095+0000] {logging_mixin.py:188} INFO - Downloaded TSLA/1766651938.json -> /tmp/minio_downloads/1766651938.json
[2025-12-25T08:52:31.121+0000] {logging_mixin.py:188} INFO - Downloaded TSLA/1766651949.json -> /tmp/minio_downloads/1766651949.json
[2025-12-25T08:52:31.141+0000] {logging_mixin.py:188} INFO - Downloaded TSLA/1766651961.json -> /tmp/minio_downloads/1766651961.json
[2025-12-25T08:52:31.170+0000] {logging_mixin.py:188} INFO - Downloaded TSLA/1766651975.json -> /tmp/minio_downloads/1766651975.json
[2025-12-25T08:52:31.197+0000] {logging_mixin.py:188} INFO - Downloaded TSLA/1766651987.json -> /tmp/minio_downloads/1766651987.json
[2025-12-25T08:52:31.228+0000] {logging_mixin.py:188} INFO - Downloaded TSLA/1766651999.json -> /tmp/minio_downloads/1766651999.json
[2025-12-25T08:52:31.248+0000] {logging_mixin.py:188} INFO - Downloaded TSLA/1766652011.json -> /tmp/minio_downloads/1766652011.json
[2025-12-25T08:52:31.271+0000] {logging_mixin.py:188} INFO - Downloaded TSLA/1766652022.json -> /tmp/minio_downloads/1766652022.json
[2025-12-25T08:52:31.292+0000] {logging_mixin.py:188} INFO - Downloaded TSLA/1766652034.json -> /tmp/minio_downloads/1766652034.json
[2025-12-25T08:52:31.367+0000] {logging_mixin.py:188} INFO - Downloaded TSLA/1766652046.json -> /tmp/minio_downloads/1766652046.json
[2025-12-25T08:52:31.383+0000] {logging_mixin.py:188} INFO - Downloaded TSLA/1766652058.json -> /tmp/minio_downloads/1766652058.json
[2025-12-25T08:52:31.397+0000] {logging_mixin.py:188} INFO - Downloaded TSLA/1766652070.json -> /tmp/minio_downloads/1766652070.json
[2025-12-25T08:52:31.415+0000] {logging_mixin.py:188} INFO - Downloaded TSLA/1766652081.json -> /tmp/minio_downloads/1766652081.json
[2025-12-25T08:52:31.431+0000] {logging_mixin.py:188} INFO - Downloaded TSLA/1766652094.json -> /tmp/minio_downloads/1766652094.json
[2025-12-25T08:52:31.447+0000] {logging_mixin.py:188} INFO - Downloaded TSLA/1766652106.json -> /tmp/minio_downloads/1766652106.json
[2025-12-25T08:52:31.465+0000] {logging_mixin.py:188} INFO - Downloaded TSLA/1766652118.json -> /tmp/minio_downloads/1766652118.json
[2025-12-25T08:52:31.488+0000] {logging_mixin.py:188} INFO - Downloaded TSLA/1766652130.json -> /tmp/minio_downloads/1766652130.json
[2025-12-25T08:52:31.503+0000] {logging_mixin.py:188} INFO - Downloaded TSLA/1766652142.json -> /tmp/minio_downloads/1766652142.json
[2025-12-25T08:52:31.523+0000] {logging_mixin.py:188} INFO - Downloaded TSLA/1766652155.json -> /tmp/minio_downloads/1766652155.json
[2025-12-25T08:52:31.609+0000] {logging_mixin.py:188} INFO - Downloaded TSLA/1766652167.json -> /tmp/minio_downloads/1766652167.json
[2025-12-25T08:52:31.630+0000] {logging_mixin.py:188} INFO - Downloaded TSLA/1766652178.json -> /tmp/minio_downloads/1766652178.json
[2025-12-25T08:52:31.647+0000] {logging_mixin.py:188} INFO - Downloaded TSLA/1766652190.json -> /tmp/minio_downloads/1766652190.json
[2025-12-25T08:52:31.662+0000] {logging_mixin.py:188} INFO - Downloaded TSLA/1766652204.json -> /tmp/minio_downloads/1766652204.json
[2025-12-25T08:52:31.682+0000] {logging_mixin.py:188} INFO - Downloaded TSLA/1766652215.json -> /tmp/minio_downloads/1766652215.json
[2025-12-25T08:52:31.699+0000] {logging_mixin.py:188} INFO - Downloaded TSLA/1766652227.json -> /tmp/minio_downloads/1766652227.json
[2025-12-25T08:52:31.719+0000] {logging_mixin.py:188} INFO - Downloaded TSLA/1766652239.json -> /tmp/minio_downloads/1766652239.json
[2025-12-25T08:52:31.734+0000] {logging_mixin.py:188} INFO - Downloaded TSLA/1766652250.json -> /tmp/minio_downloads/1766652250.json
[2025-12-25T08:52:31.757+0000] {logging_mixin.py:188} INFO - Downloaded TSLA/1766652262.json -> /tmp/minio_downloads/1766652262.json
[2025-12-25T08:52:31.772+0000] {logging_mixin.py:188} INFO - Downloaded TSLA/1766652275.json -> /tmp/minio_downloads/1766652275.json
[2025-12-25T08:52:31.787+0000] {logging_mixin.py:188} INFO - Downloaded TSLA/1766652287.json -> /tmp/minio_downloads/1766652287.json
[2025-12-25T08:52:31.806+0000] {logging_mixin.py:188} INFO - Downloaded TSLA/1766652298.json -> /tmp/minio_downloads/1766652298.json
[2025-12-25T08:52:31.824+0000] {logging_mixin.py:188} INFO - Downloaded TSLA/1766652310.json -> /tmp/minio_downloads/1766652310.json
[2025-12-25T08:52:31.842+0000] {logging_mixin.py:188} INFO - Downloaded TSLA/1766652322.json -> /tmp/minio_downloads/1766652322.json
[2025-12-25T08:52:31.862+0000] {logging_mixin.py:188} INFO - Downloaded TSLA/1766652335.json -> /tmp/minio_downloads/1766652335.json
[2025-12-25T08:52:31.889+0000] {logging_mixin.py:188} INFO - Downloaded TSLA/1766652347.json -> /tmp/minio_downloads/1766652347.json
[2025-12-25T08:52:31.906+0000] {logging_mixin.py:188} INFO - Downloaded TSLA/1766652358.json -> /tmp/minio_downloads/1766652358.json
[2025-12-25T08:52:31.927+0000] {logging_mixin.py:188} INFO - Downloaded TSLA/1766652371.json -> /tmp/minio_downloads/1766652371.json
[2025-12-25T08:52:31.948+0000] {logging_mixin.py:188} INFO - Downloaded TSLA/1766652384.json -> /tmp/minio_downloads/1766652384.json
[2025-12-25T08:52:31.965+0000] {logging_mixin.py:188} INFO - Downloaded TSLA/1766652399.json -> /tmp/minio_downloads/1766652399.json
[2025-12-25T08:52:31.980+0000] {logging_mixin.py:188} INFO - Downloaded TSLA/1766652411.json -> /tmp/minio_downloads/1766652411.json
[2025-12-25T08:52:31.996+0000] {logging_mixin.py:188} INFO - Downloaded TSLA/1766652423.json -> /tmp/minio_downloads/1766652423.json
[2025-12-25T08:52:32.014+0000] {logging_mixin.py:188} INFO - Downloaded TSLA/1766652437.json -> /tmp/minio_downloads/1766652437.json
[2025-12-25T08:52:32.036+0000] {logging_mixin.py:188} INFO - Downloaded TSLA/1766652450.json -> /tmp/minio_downloads/1766652450.json
[2025-12-25T08:52:32.054+0000] {logging_mixin.py:188} INFO - Downloaded TSLA/1766652461.json -> /tmp/minio_downloads/1766652461.json
[2025-12-25T08:52:32.073+0000] {logging_mixin.py:188} INFO - Downloaded TSLA/1766652475.json -> /tmp/minio_downloads/1766652475.json
[2025-12-25T08:52:32.093+0000] {logging_mixin.py:188} INFO - Downloaded TSLA/1766652488.json -> /tmp/minio_downloads/1766652488.json
[2025-12-25T08:52:32.115+0000] {logging_mixin.py:188} INFO - Downloaded TSLA/1766652501.json -> /tmp/minio_downloads/1766652501.json
[2025-12-25T08:52:32.134+0000] {logging_mixin.py:188} INFO - Downloaded TSLA/1766652513.json -> /tmp/minio_downloads/1766652513.json
[2025-12-25T08:52:32.154+0000] {logging_mixin.py:188} INFO - Downloaded TSLA/1766652527.json -> /tmp/minio_downloads/1766652527.json
[2025-12-25T08:52:32.182+0000] {logging_mixin.py:188} INFO - Downloaded TSLA/1766652541.json -> /tmp/minio_downloads/1766652541.json
[2025-12-25T08:52:32.204+0000] {logging_mixin.py:188} INFO - Downloaded TSLA/1766652554.json -> /tmp/minio_downloads/1766652554.json
[2025-12-25T08:52:32.229+0000] {logging_mixin.py:188} INFO - Downloaded TSLA/1766652568.json -> /tmp/minio_downloads/1766652568.json
[2025-12-25T08:52:32.251+0000] {logging_mixin.py:188} INFO - Downloaded TSLA/1766652581.json -> /tmp/minio_downloads/1766652581.json
[2025-12-25T08:52:32.271+0000] {logging_mixin.py:188} INFO - Downloaded TSLA/1766652595.json -> /tmp/minio_downloads/1766652595.json
[2025-12-25T08:52:32.298+0000] {logging_mixin.py:188} INFO - Downloaded TSLA/1766652608.json -> /tmp/minio_downloads/1766652608.json
[2025-12-25T08:52:32.322+0000] {logging_mixin.py:188} INFO - Downloaded TSLA/1766652622.json -> /tmp/minio_downloads/1766652622.json
[2025-12-25T08:52:32.347+0000] {logging_mixin.py:188} INFO - Downloaded TSLA/1766652639.json -> /tmp/minio_downloads/1766652639.json
[2025-12-25T08:52:32.367+0000] {logging_mixin.py:188} INFO - Downloaded TSLA/1766652650.json -> /tmp/minio_downloads/1766652650.json
[2025-12-25T08:52:32.383+0000] {logging_mixin.py:188} INFO - Downloaded TSLA/1766652663.json -> /tmp/minio_downloads/1766652663.json
[2025-12-25T08:52:32.399+0000] {logging_mixin.py:188} INFO - Downloaded TSLA/1766652675.json -> /tmp/minio_downloads/1766652675.json
[2025-12-25T08:52:32.416+0000] {logging_mixin.py:188} INFO - Downloaded TSLA/1766652688.json -> /tmp/minio_downloads/1766652688.json
[2025-12-25T08:52:32.433+0000] {logging_mixin.py:188} INFO - Downloaded TSLA/1766652700.json -> /tmp/minio_downloads/1766652700.json
[2025-12-25T08:52:32.450+0000] {logging_mixin.py:188} INFO - Downloaded TSLA/1766652713.json -> /tmp/minio_downloads/1766652713.json
[2025-12-25T08:52:32.466+0000] {logging_mixin.py:188} INFO - Downloaded TSLA/1766652725.json -> /tmp/minio_downloads/1766652725.json
[2025-12-25T08:52:32.482+0000] {logging_mixin.py:188} INFO - Downloaded TSLA/1766652736.json -> /tmp/minio_downloads/1766652736.json
[2025-12-25T08:52:32.486+0000] {python.py:237} INFO - Done. Returned value was: ['/tmp/minio_downloads/1766651912.json', '/tmp/minio_downloads/1766651923.json', '/tmp/minio_downloads/1766651935.json', '/tmp/minio_downloads/1766651947.json', '/tmp/minio_downloads/1766651959.json', '/tmp/minio_downloads/1766651972.json', '/tmp/minio_downloads/1766651985.json', '/tmp/minio_downloads/1766651996.json', '/tmp/minio_downloads/1766652008.json', '/tmp/minio_downloads/1766652020.json', '/tmp/minio_downloads/1766652032.json', '/tmp/minio_downloads/1766652044.json', '/tmp/minio_downloads/1766652056.json', '/tmp/minio_downloads/1766652067.json', '/tmp/minio_downloads/1766652079.json', '/tmp/minio_downloads/1766652091.json', '/tmp/minio_downloads/1766652104.json', '/tmp/minio_downloads/1766652116.json', '/tmp/minio_downloads/1766652128.json', '/tmp/minio_downloads/1766652140.json', '/tmp/minio_downloads/1766652153.json', '/tmp/minio_downloads/1766652164.json', '/tmp/minio_downloads/1766652176.json', '/tmp/minio_downloads/1766652188.json', '/tmp/minio_downloads/1766652200.json', '/tmp/minio_downloads/1766652213.json', '/tmp/minio_downloads/1766652224.json', '/tmp/minio_downloads/1766652236.json', '/tmp/minio_downloads/1766652248.json', '/tmp/minio_downloads/1766652260.json', '/tmp/minio_downloads/1766652272.json', '/tmp/minio_downloads/1766652284.json', '/tmp/minio_downloads/1766652296.json', '/tmp/minio_downloads/1766652308.json', '/tmp/minio_downloads/1766652319.json', '/tmp/minio_downloads/1766652332.json', '/tmp/minio_downloads/1766652345.json', '/tmp/minio_downloads/1766652356.json', '/tmp/minio_downloads/1766652369.json', '/tmp/minio_downloads/1766652381.json', '/tmp/minio_downloads/1766652397.json', '/tmp/minio_downloads/1766652409.json', '/tmp/minio_downloads/1766652421.json', '/tmp/minio_downloads/1766652434.json', '/tmp/minio_downloads/1766652447.json', '/tmp/minio_downloads/1766652459.json', '/tmp/minio_downloads/1766652471.json', '/tmp/minio_downloads/1766652485.json', '/tmp/minio_downloads/1766652498.json', '/tmp/minio_downloads/1766652511.json', '/tmp/minio_downloads/1766652524.json', '/tmp/minio_downloads/1766652538.json', '/tmp/minio_downloads/1766652552.json', '/tmp/minio_downloads/1766652565.json', '/tmp/minio_downloads/1766652578.json', '/tmp/minio_downloads/1766652592.json', '/tmp/minio_downloads/1766652605.json', '/tmp/minio_downloads/1766652619.json', '/tmp/minio_downloads/1766652633.json', '/tmp/minio_downloads/1766652648.json', '/tmp/minio_downloads/1766652660.json', '/tmp/minio_downloads/1766652672.json', '/tmp/minio_downloads/1766652685.json', '/tmp/minio_downloads/1766652698.json', '/tmp/minio_downloads/1766652711.json', '/tmp/minio_downloads/1766652722.json', '/tmp/minio_downloads/1766652734.json', '/tmp/minio_downloads/1766651916.json', '/tmp/minio_downloads/1766651928.json', '/tmp/minio_downloads/1766651940.json', '/tmp/minio_downloads/1766651952.json', '/tmp/minio_downloads/1766651964.json', '/tmp/minio_downloads/1766651978.json', '/tmp/minio_downloads/1766651989.json', '/tmp/minio_downloads/1766652001.json', '/tmp/minio_downloads/1766652013.json', '/tmp/minio_downloads/1766652025.json', '/tmp/minio_downloads/1766652036.json', '/tmp/minio_downloads/1766652048.json', '/tmp/minio_downloads/1766652060.json', '/tmp/minio_downloads/1766652072.json', '/tmp/minio_downloads/1766652084.json', '/tmp/minio_downloads/1766652097.json', '/tmp/minio_downloads/1766652109.json', '/tmp/minio_downloads/1766652121.json', '/tmp/minio_downloads/1766652133.json', '/tmp/minio_downloads/1766652145.json', '/tmp/minio_downloads/1766652157.json', '/tmp/minio_downloads/1766652169.json', '/tmp/minio_downloads/1766652181.json', '/tmp/minio_downloads/1766652193.json', '/tmp/minio_downloads/1766652206.json', '/tmp/minio_downloads/1766652217.json', '/tmp/minio_downloads/1766652229.json', '/tmp/minio_downloads/1766652241.json', '/tmp/minio_downloads/1766652253.json', '/tmp/minio_downloads/1766652264.json', '/tmp/minio_downloads/1766652277.json', '/tmp/minio_downloads/1766652289.json', '/tmp/minio_downloads/1766652301.json', '/tmp/minio_downloads/1766652312.json', '/tmp/minio_downloads/1766652325.json', '/tmp/minio_downloads/1766652338.json', '/tmp/minio_downloads/1766652349.json', '/tmp/minio_downloads/1766652361.json', '/tmp/minio_downloads/1766652374.json', '/tmp/minio_downloads/1766652390.json', '/tmp/minio_downloads/1766652401.json', '/tmp/minio_downloads/1766652413.json', '/tmp/minio_downloads/1766652426.json', '/tmp/minio_downloads/1766652439.json', '/tmp/minio_downloads/1766652452.json', '/tmp/minio_downloads/1766652464.json', '/tmp/minio_downloads/1766652477.json', '/tmp/minio_downloads/1766652490.json', '/tmp/minio_downloads/1766652503.json', '/tmp/minio_downloads/1766652516.json', '/tmp/minio_downloads/1766652530.json', '/tmp/minio_downloads/1766652543.json', '/tmp/minio_downloads/1766652558.json', '/tmp/minio_downloads/1766652570.json', '/tmp/minio_downloads/1766652584.json', '/tmp/minio_downloads/1766652598.json', '/tmp/minio_downloads/1766652611.json', '/tmp/minio_downloads/1766652625.json', '/tmp/minio_downloads/1766652641.json', '/tmp/minio_downloads/1766652652.json', '/tmp/minio_downloads/1766652665.json', '/tmp/minio_downloads/1766652677.json', '/tmp/minio_downloads/1766652690.json', '/tmp/minio_downloads/1766652703.json', '/tmp/minio_downloads/1766652715.json', '/tmp/minio_downloads/1766652727.json', '/tmp/minio_downloads/1766652739.json', '/tmp/minio_downloads/1766651915.json', '/tmp/minio_downloads/1766651927.json', '/tmp/minio_downloads/1766651939.json', '/tmp/minio_downloads/1766651951.json', '/tmp/minio_downloads/1766651963.json', '/tmp/minio_downloads/1766651977.json', '/tmp/minio_downloads/1766651988.json', '/tmp/minio_downloads/1766652000.json', '/tmp/minio_downloads/1766652012.json', '/tmp/minio_downloads/1766652024.json', '/tmp/minio_downloads/1766652035.json', '/tmp/minio_downloads/1766652047.json', '/tmp/minio_downloads/1766652059.json', '/tmp/minio_downloads/1766652071.json', '/tmp/minio_downloads/1766652083.json', '/tmp/minio_downloads/1766652096.json', '/tmp/minio_downloads/1766652107.json', '/tmp/minio_downloads/1766652119.json', '/tmp/minio_downloads/1766652131.json', '/tmp/minio_downloads/1766652144.json', '/tmp/minio_downloads/1766652156.json', '/tmp/minio_downloads/1766652168.json', '/tmp/minio_downloads/1766652180.json', '/tmp/minio_downloads/1766652191.json', '/tmp/minio_downloads/1766652205.json', '/tmp/minio_downloads/1766652216.json', '/tmp/minio_downloads/1766652228.json', '/tmp/minio_downloads/1766652240.json', '/tmp/minio_downloads/1766652251.json', '/tmp/minio_downloads/1766652263.json', '/tmp/minio_downloads/1766652276.json', '/tmp/minio_downloads/1766652288.json', '/tmp/minio_downloads/1766652300.json', '/tmp/minio_downloads/1766652311.json', '/tmp/minio_downloads/1766652323.json', '/tmp/minio_downloads/1766652336.json', '/tmp/minio_downloads/1766652348.json', '/tmp/minio_downloads/1766652360.json', '/tmp/minio_downloads/1766652372.json', '/tmp/minio_downloads/1766652386.json', '/tmp/minio_downloads/1766652400.json', '/tmp/minio_downloads/1766652412.json', '/tmp/minio_downloads/1766652425.json', '/tmp/minio_downloads/1766652438.json', '/tmp/minio_downloads/1766652451.json', '/tmp/minio_downloads/1766652462.json', '/tmp/minio_downloads/1766652476.json', '/tmp/minio_downloads/1766652489.json', '/tmp/minio_downloads/1766652502.json', '/tmp/minio_downloads/1766652515.json', '/tmp/minio_downloads/1766652529.json', '/tmp/minio_downloads/1766652542.json', '/tmp/minio_downloads/1766652556.json', '/tmp/minio_downloads/1766652569.json', '/tmp/minio_downloads/1766652582.json', '/tmp/minio_downloads/1766652596.json', '/tmp/minio_downloads/1766652610.json', '/tmp/minio_downloads/1766652623.json', '/tmp/minio_downloads/1766652640.json', '/tmp/minio_downloads/1766652651.json', '/tmp/minio_downloads/1766652664.json', '/tmp/minio_downloads/1766652676.json', '/tmp/minio_downloads/1766652689.json', '/tmp/minio_downloads/1766652702.json', '/tmp/minio_downloads/1766652714.json', '/tmp/minio_downloads/1766652726.json', '/tmp/minio_downloads/1766652738.json', '/tmp/minio_downloads/1766651913.json', '/tmp/minio_downloads/1766651924.json', '/tmp/minio_downloads/1766651937.json', '/tmp/minio_downloads/1766651948.json', '/tmp/minio_downloads/1766651960.json', '/tmp/minio_downloads/1766651973.json', '/tmp/minio_downloads/1766651986.json', '/tmp/minio_downloads/1766651998.json', '/tmp/minio_downloads/1766652009.json', '/tmp/minio_downloads/1766652021.json', '/tmp/minio_downloads/1766652033.json', '/tmp/minio_downloads/1766652045.json', '/tmp/minio_downloads/1766652057.json', '/tmp/minio_downloads/1766652069.json', '/tmp/minio_downloads/1766652080.json', '/tmp/minio_downloads/1766652092.json', '/tmp/minio_downloads/1766652105.json', '/tmp/minio_downloads/1766652117.json', '/tmp/minio_downloads/1766652129.json', '/tmp/minio_downloads/1766652141.json', '/tmp/minio_downloads/1766652154.json', '/tmp/minio_downloads/1766652166.json', '/tmp/minio_downloads/1766652177.json', '/tmp/minio_downloads/1766652189.json', '/tmp/minio_downloads/1766652202.json', '/tmp/minio_downloads/1766652214.json', '/tmp/minio_downloads/1766652225.json', '/tmp/minio_downloads/1766652238.json', '/tmp/minio_downloads/1766652249.json', '/tmp/minio_downloads/1766652261.json', '/tmp/minio_downloads/1766652274.json', '/tmp/minio_downloads/1766652286.json', '/tmp/minio_downloads/1766652297.json', '/tmp/minio_downloads/1766652309.json', '/tmp/minio_downloads/1766652320.json', '/tmp/minio_downloads/1766652334.json', '/tmp/minio_downloads/1766652346.json', '/tmp/minio_downloads/1766652357.json', '/tmp/minio_downloads/1766652370.json', '/tmp/minio_downloads/1766652383.json', '/tmp/minio_downloads/1766652398.json', '/tmp/minio_downloads/1766652410.json', '/tmp/minio_downloads/1766652422.json', '/tmp/minio_downloads/1766652435.json', '/tmp/minio_downloads/1766652448.json', '/tmp/minio_downloads/1766652460.json', '/tmp/minio_downloads/1766652473.json', '/tmp/minio_downloads/1766652486.json', '/tmp/minio_downloads/1766652500.json', '/tmp/minio_downloads/1766652512.json', '/tmp/minio_downloads/1766652526.json', '/tmp/minio_downloads/1766652539.json', '/tmp/minio_downloads/1766652553.json', '/tmp/minio_downloads/1766652567.json', '/tmp/minio_downloads/1766652579.json', '/tmp/minio_downloads/1766652594.json', '/tmp/minio_downloads/1766652606.json', '/tmp/minio_downloads/1766652620.json', '/tmp/minio_downloads/1766652634.json', '/tmp/minio_downloads/1766652649.json', '/tmp/minio_downloads/1766652661.json', '/tmp/minio_downloads/1766652673.json', '/tmp/minio_downloads/1766652686.json', '/tmp/minio_downloads/1766652699.json', '/tmp/minio_downloads/1766652712.json', '/tmp/minio_downloads/1766652724.json', '/tmp/minio_downloads/1766652735.json', '/tmp/minio_downloads/1766651914.json', '/tmp/minio_downloads/1766651926.json', '/tmp/minio_downloads/1766651938.json', '/tmp/minio_downloads/1766651949.json', '/tmp/minio_downloads/1766651961.json', '/tmp/minio_downloads/1766651975.json', '/tmp/minio_downloads/1766651987.json', '/tmp/minio_downloads/1766651999.json', '/tmp/minio_downloads/1766652011.json', '/tmp/minio_downloads/1766652022.json', '/tmp/minio_downloads/1766652034.json', '/tmp/minio_downloads/1766652046.json', '/tmp/minio_downloads/1766652058.json', '/tmp/minio_downloads/1766652070.json', '/tmp/minio_downloads/1766652081.json', '/tmp/minio_downloads/1766652094.json', '/tmp/minio_downloads/1766652106.json', '/tmp/minio_downloads/1766652118.json', '/tmp/minio_downloads/1766652130.json', '/tmp/minio_downloads/1766652142.json', '/tmp/minio_downloads/1766652155.json', '/tmp/minio_downloads/1766652167.json', '/tmp/minio_downloads/1766652178.json', '/tmp/minio_downloads/1766652190.json', '/tmp/minio_downloads/1766652204.json', '/tmp/minio_downloads/1766652215.json', '/tmp/minio_downloads/1766652227.json', '/tmp/minio_downloads/1766652239.json', '/tmp/minio_downloads/1766652250.json', '/tmp/minio_downloads/1766652262.json', '/tmp/minio_downloads/1766652275.json', '/tmp/minio_downloads/1766652287.json', '/tmp/minio_downloads/1766652298.json', '/tmp/minio_downloads/1766652310.json', '/tmp/minio_downloads/1766652322.json', '/tmp/minio_downloads/1766652335.json', '/tmp/minio_downloads/1766652347.json', '/tmp/minio_downloads/1766652358.json', '/tmp/minio_downloads/1766652371.json', '/tmp/minio_downloads/1766652384.json', '/tmp/minio_downloads/1766652399.json', '/tmp/minio_downloads/1766652411.json', '/tmp/minio_downloads/1766652423.json', '/tmp/minio_downloads/1766652437.json', '/tmp/minio_downloads/1766652450.json', '/tmp/minio_downloads/1766652461.json', '/tmp/minio_downloads/1766652475.json', '/tmp/minio_downloads/1766652488.json', '/tmp/minio_downloads/1766652501.json', '/tmp/minio_downloads/1766652513.json', '/tmp/minio_downloads/1766652527.json', '/tmp/minio_downloads/1766652541.json', '/tmp/minio_downloads/1766652554.json', '/tmp/minio_downloads/1766652568.json', '/tmp/minio_downloads/1766652581.json', '/tmp/minio_downloads/1766652595.json', '/tmp/minio_downloads/1766652608.json', '/tmp/minio_downloads/1766652622.json', '/tmp/minio_downloads/1766652639.json', '/tmp/minio_downloads/1766652650.json', '/tmp/minio_downloads/1766652663.json', '/tmp/minio_downloads/1766652675.json', '/tmp/minio_downloads/1766652688.json', '/tmp/minio_downloads/1766652700.json', '/tmp/minio_downloads/1766652713.json', '/tmp/minio_downloads/1766652725.json', '/tmp/minio_downloads/1766652736.json']
[2025-12-25T08:52:32.490+0000] {taskinstance.py:441} INFO - ::group::Post task execution logs
[2025-12-25T08:52:32.602+0000] {taskinstance.py:1206} INFO - Marking task as SUCCESS. dag_id=minio_to_snowflake, task_id=download_minio, run_id=scheduled__2025-12-25T08:48:00+00:00, execution_date=20251225T084800, start_date=20251225T085218, end_date=20251225T085232
[2025-12-25T08:52:32.701+0000] {local_task_job_runner.py:243} INFO - Task exited with return code 0
[2025-12-25T08:52:32.763+0000] {taskinstance.py:3503} INFO - 1 downstream tasks scheduled from follow-on schedule check
[2025-12-25T08:52:32.769+0000] {local_task_job_runner.py:222} INFO - ::endgroup::
