[2025-12-24T13:51:33.047+0000] {local_task_job_runner.py:120} INFO - ::group::Pre task execution logs
[2025-12-24T13:51:33.142+0000] {taskinstance.py:2076} INFO - Dependencies all met for dep_context=non-requeueable deps ti=<TaskInstance: minio_to_snowflake.download_minio scheduled__2025-12-24T13:49:00+00:00 [queued]>
[2025-12-24T13:51:33.167+0000] {taskinstance.py:2076} INFO - Dependencies all met for dep_context=requeueable deps ti=<TaskInstance: minio_to_snowflake.download_minio scheduled__2025-12-24T13:49:00+00:00 [queued]>
[2025-12-24T13:51:33.168+0000] {taskinstance.py:2306} INFO - Starting attempt 1 of 2
[2025-12-24T13:51:33.203+0000] {taskinstance.py:2330} INFO - Executing <Task(PythonOperator): download_minio> on 2025-12-24 13:49:00+00:00
[2025-12-24T13:51:33.232+0000] {standard_task_runner.py:90} INFO - Running: ['***', 'tasks', 'run', 'minio_to_snowflake', 'download_minio', 'scheduled__2025-12-24T13:49:00+00:00', '--job-id', '153', '--raw', '--subdir', 'DAGS_FOLDER/minio_to_snowflake.py', '--cfg-path', '/tmp/tmp7gxtvk68']
[2025-12-24T13:51:33.239+0000] {standard_task_runner.py:91} INFO - Job 153: Subtask download_minio
[2025-12-24T13:51:33.241+0000] {logging_mixin.py:188} WARNING - /home/***/.local/lib/python3.12/site-packages/***/task/task_runner/standard_task_runner.py:62 DeprecationWarning: This process (pid=4510) is multi-threaded, use of fork() may lead to deadlocks in the child.
[2025-12-24T13:51:33.243+0000] {standard_task_runner.py:64} INFO - Started process 4524 to run task
[2025-12-24T13:51:33.383+0000] {task_command.py:426} INFO - Running <TaskInstance: minio_to_snowflake.download_minio scheduled__2025-12-24T13:49:00+00:00 [running]> on host 31fa77be4c89
[2025-12-24T13:51:33.627+0000] {taskinstance.py:2648} INFO - Exporting env vars: AIRFLOW_CTX_DAG_OWNER='***' AIRFLOW_CTX_DAG_ID='minio_to_snowflake' AIRFLOW_CTX_TASK_ID='download_minio' AIRFLOW_CTX_EXECUTION_DATE='2025-12-24T13:49:00+00:00' AIRFLOW_CTX_TRY_NUMBER='1' AIRFLOW_CTX_DAG_RUN_ID='scheduled__2025-12-24T13:49:00+00:00'
[2025-12-24T13:51:33.631+0000] {taskinstance.py:430} INFO - ::endgroup::
[2025-12-24T13:51:35.482+0000] {logging_mixin.py:188} INFO - Downloaded AAPL/1766583258.json -> /tmp/minio_downloads/1766583258.json
[2025-12-24T13:51:35.506+0000] {logging_mixin.py:188} INFO - Downloaded AAPL/1766583273.json -> /tmp/minio_downloads/1766583273.json
[2025-12-24T13:51:35.533+0000] {logging_mixin.py:188} INFO - Downloaded AAPL/1766583286.json -> /tmp/minio_downloads/1766583286.json
[2025-12-24T13:51:35.552+0000] {logging_mixin.py:188} INFO - Downloaded AAPL/1766583299.json -> /tmp/minio_downloads/1766583299.json
[2025-12-24T13:51:35.573+0000] {logging_mixin.py:188} INFO - Downloaded AAPL/1766583313.json -> /tmp/minio_downloads/1766583313.json
[2025-12-24T13:51:35.593+0000] {logging_mixin.py:188} INFO - Downloaded AAPL/1766583326.json -> /tmp/minio_downloads/1766583326.json
[2025-12-24T13:51:35.619+0000] {logging_mixin.py:188} INFO - Downloaded AAPL/1766583339.json -> /tmp/minio_downloads/1766583339.json
[2025-12-24T13:51:35.640+0000] {logging_mixin.py:188} INFO - Downloaded AAPL/1766583352.json -> /tmp/minio_downloads/1766583352.json
[2025-12-24T13:51:35.662+0000] {logging_mixin.py:188} INFO - Downloaded AAPL/1766583365.json -> /tmp/minio_downloads/1766583365.json
[2025-12-24T13:51:35.682+0000] {logging_mixin.py:188} INFO - Downloaded AAPL/1766583378.json -> /tmp/minio_downloads/1766583378.json
[2025-12-24T13:51:35.702+0000] {logging_mixin.py:188} INFO - Downloaded AAPL/1766583391.json -> /tmp/minio_downloads/1766583391.json
[2025-12-24T13:51:35.722+0000] {logging_mixin.py:188} INFO - Downloaded AAPL/1766583405.json -> /tmp/minio_downloads/1766583405.json
[2025-12-24T13:51:35.741+0000] {logging_mixin.py:188} INFO - Downloaded AAPL/1766583419.json -> /tmp/minio_downloads/1766583419.json
[2025-12-24T13:51:35.759+0000] {logging_mixin.py:188} INFO - Downloaded AAPL/1766583434.json -> /tmp/minio_downloads/1766583434.json
[2025-12-24T13:51:35.779+0000] {logging_mixin.py:188} INFO - Downloaded AAPL/1766583447.json -> /tmp/minio_downloads/1766583447.json
[2025-12-24T13:51:35.801+0000] {logging_mixin.py:188} INFO - Downloaded AAPL/1766583459.json -> /tmp/minio_downloads/1766583459.json
[2025-12-24T13:51:35.822+0000] {logging_mixin.py:188} INFO - Downloaded AAPL/1766583472.json -> /tmp/minio_downloads/1766583472.json
[2025-12-24T13:51:35.841+0000] {logging_mixin.py:188} INFO - Downloaded AAPL/1766583485.json -> /tmp/minio_downloads/1766583485.json
[2025-12-24T13:51:35.860+0000] {logging_mixin.py:188} INFO - Downloaded AAPL/1766583498.json -> /tmp/minio_downloads/1766583498.json
[2025-12-24T13:51:35.878+0000] {logging_mixin.py:188} INFO - Downloaded AAPL/1766583511.json -> /tmp/minio_downloads/1766583511.json
[2025-12-24T13:51:35.898+0000] {logging_mixin.py:188} INFO - Downloaded AAPL/1766583524.json -> /tmp/minio_downloads/1766583524.json
[2025-12-24T13:51:35.917+0000] {logging_mixin.py:188} INFO - Downloaded AAPL/1766583538.json -> /tmp/minio_downloads/1766583538.json
[2025-12-24T13:51:35.936+0000] {logging_mixin.py:188} INFO - Downloaded AAPL/1766583551.json -> /tmp/minio_downloads/1766583551.json
[2025-12-24T13:51:35.955+0000] {logging_mixin.py:188} INFO - Downloaded AAPL/1766583564.json -> /tmp/minio_downloads/1766583564.json
[2025-12-24T13:51:35.975+0000] {logging_mixin.py:188} INFO - Downloaded AAPL/1766583577.json -> /tmp/minio_downloads/1766583577.json
[2025-12-24T13:51:36.002+0000] {logging_mixin.py:188} INFO - Downloaded AAPL/1766583592.json -> /tmp/minio_downloads/1766583592.json
[2025-12-24T13:51:36.029+0000] {logging_mixin.py:188} INFO - Downloaded AAPL/1766583607.json -> /tmp/minio_downloads/1766583607.json
[2025-12-24T13:51:36.054+0000] {logging_mixin.py:188} INFO - Downloaded AAPL/1766583621.json -> /tmp/minio_downloads/1766583621.json
[2025-12-24T13:51:36.076+0000] {logging_mixin.py:188} INFO - Downloaded AAPL/1766583634.json -> /tmp/minio_downloads/1766583634.json
[2025-12-24T13:51:36.098+0000] {logging_mixin.py:188} INFO - Downloaded AAPL/1766583648.json -> /tmp/minio_downloads/1766583648.json
[2025-12-24T13:51:36.119+0000] {logging_mixin.py:188} INFO - Downloaded AAPL/1766583660.json -> /tmp/minio_downloads/1766583660.json
[2025-12-24T13:51:36.142+0000] {logging_mixin.py:188} INFO - Downloaded AAPL/1766583674.json -> /tmp/minio_downloads/1766583674.json
[2025-12-24T13:51:36.168+0000] {logging_mixin.py:188} INFO - Downloaded AAPL/1766583687.json -> /tmp/minio_downloads/1766583687.json
[2025-12-24T13:51:36.196+0000] {logging_mixin.py:188} INFO - Downloaded AAPL/1766583701.json -> /tmp/minio_downloads/1766583701.json
[2025-12-24T13:51:36.221+0000] {logging_mixin.py:188} INFO - Downloaded AAPL/1766583714.json -> /tmp/minio_downloads/1766583714.json
[2025-12-24T13:51:36.242+0000] {logging_mixin.py:188} INFO - Downloaded AAPL/1766583727.json -> /tmp/minio_downloads/1766583727.json
[2025-12-24T13:51:36.263+0000] {logging_mixin.py:188} INFO - Downloaded AAPL/1766583741.json -> /tmp/minio_downloads/1766583741.json
[2025-12-24T13:51:36.285+0000] {logging_mixin.py:188} INFO - Downloaded AAPL/1766583755.json -> /tmp/minio_downloads/1766583755.json
[2025-12-24T13:51:36.306+0000] {logging_mixin.py:188} INFO - Downloaded AAPL/1766583768.json -> /tmp/minio_downloads/1766583768.json
[2025-12-24T13:51:36.328+0000] {logging_mixin.py:188} INFO - Downloaded AAPL/1766583782.json -> /tmp/minio_downloads/1766583782.json
[2025-12-24T13:51:36.350+0000] {logging_mixin.py:188} INFO - Downloaded AAPL/1766583795.json -> /tmp/minio_downloads/1766583795.json
[2025-12-24T13:51:36.372+0000] {logging_mixin.py:188} INFO - Downloaded AAPL/1766583809.json -> /tmp/minio_downloads/1766583809.json
[2025-12-24T13:51:36.395+0000] {logging_mixin.py:188} INFO - Downloaded AAPL/1766583822.json -> /tmp/minio_downloads/1766583822.json
[2025-12-24T13:51:36.418+0000] {logging_mixin.py:188} INFO - Downloaded AAPL/1766583837.json -> /tmp/minio_downloads/1766583837.json
[2025-12-24T13:51:36.439+0000] {logging_mixin.py:188} INFO - Downloaded AAPL/1766583850.json -> /tmp/minio_downloads/1766583850.json
[2025-12-24T13:51:36.465+0000] {logging_mixin.py:188} INFO - Downloaded AAPL/1766583863.json -> /tmp/minio_downloads/1766583863.json
[2025-12-24T13:51:36.485+0000] {logging_mixin.py:188} INFO - Downloaded AAPL/1766583876.json -> /tmp/minio_downloads/1766583876.json
[2025-12-24T13:51:36.515+0000] {logging_mixin.py:188} INFO - Downloaded AAPL/1766583888.json -> /tmp/minio_downloads/1766583888.json
[2025-12-24T13:51:36.539+0000] {logging_mixin.py:188} INFO - Downloaded AAPL/1766583901.json -> /tmp/minio_downloads/1766583901.json
[2025-12-24T13:51:36.564+0000] {logging_mixin.py:188} INFO - Downloaded AAPL/1766583914.json -> /tmp/minio_downloads/1766583914.json
[2025-12-24T13:51:36.590+0000] {logging_mixin.py:188} INFO - Downloaded AAPL/1766583927.json -> /tmp/minio_downloads/1766583927.json
[2025-12-24T13:51:36.613+0000] {logging_mixin.py:188} INFO - Downloaded AAPL/1766583940.json -> /tmp/minio_downloads/1766583940.json
[2025-12-24T13:51:36.635+0000] {logging_mixin.py:188} INFO - Downloaded AAPL/1766583954.json -> /tmp/minio_downloads/1766583954.json
[2025-12-24T13:51:36.657+0000] {logging_mixin.py:188} INFO - Downloaded AAPL/1766583967.json -> /tmp/minio_downloads/1766583967.json
[2025-12-24T13:51:36.675+0000] {logging_mixin.py:188} INFO - Downloaded AAPL/1766583981.json -> /tmp/minio_downloads/1766583981.json
[2025-12-24T13:51:36.696+0000] {logging_mixin.py:188} INFO - Downloaded AAPL/1766583994.json -> /tmp/minio_downloads/1766583994.json
[2025-12-24T13:51:36.718+0000] {logging_mixin.py:188} INFO - Downloaded AAPL/1766584007.json -> /tmp/minio_downloads/1766584007.json
[2025-12-24T13:51:36.738+0000] {logging_mixin.py:188} INFO - Downloaded AAPL/1766584020.json -> /tmp/minio_downloads/1766584020.json
[2025-12-24T13:51:36.758+0000] {logging_mixin.py:188} INFO - Downloaded AAPL/1766584034.json -> /tmp/minio_downloads/1766584034.json
[2025-12-24T13:51:36.780+0000] {logging_mixin.py:188} INFO - Downloaded AAPL/1766584048.json -> /tmp/minio_downloads/1766584048.json
[2025-12-24T13:51:36.800+0000] {logging_mixin.py:188} INFO - Downloaded AAPL/1766584062.json -> /tmp/minio_downloads/1766584062.json
[2025-12-24T13:51:36.819+0000] {logging_mixin.py:188} INFO - Downloaded AAPL/1766584075.json -> /tmp/minio_downloads/1766584075.json
[2025-12-24T13:51:36.839+0000] {logging_mixin.py:188} INFO - Downloaded AAPL/1766584088.json -> /tmp/minio_downloads/1766584088.json
[2025-12-24T13:51:36.862+0000] {logging_mixin.py:188} INFO - Downloaded AAPL/1766584101.json -> /tmp/minio_downloads/1766584101.json
[2025-12-24T13:51:36.881+0000] {logging_mixin.py:188} INFO - Downloaded AAPL/1766584114.json -> /tmp/minio_downloads/1766584114.json
[2025-12-24T13:51:36.901+0000] {logging_mixin.py:188} INFO - Downloaded AAPL/1766584129.json -> /tmp/minio_downloads/1766584129.json
[2025-12-24T13:51:36.925+0000] {logging_mixin.py:188} INFO - Downloaded AAPL/1766584141.json -> /tmp/minio_downloads/1766584141.json
[2025-12-24T13:51:36.942+0000] {logging_mixin.py:188} INFO - Downloaded AAPL/1766584155.json -> /tmp/minio_downloads/1766584155.json
[2025-12-24T13:51:36.962+0000] {logging_mixin.py:188} INFO - Downloaded AAPL/1766584168.json -> /tmp/minio_downloads/1766584168.json
[2025-12-24T13:51:36.979+0000] {logging_mixin.py:188} INFO - Downloaded AAPL/1766584181.json -> /tmp/minio_downloads/1766584181.json
[2025-12-24T13:51:36.999+0000] {logging_mixin.py:188} INFO - Downloaded AAPL/1766584196.json -> /tmp/minio_downloads/1766584196.json
[2025-12-24T13:51:37.018+0000] {logging_mixin.py:188} INFO - Downloaded AAPL/1766584210.json -> /tmp/minio_downloads/1766584210.json
[2025-12-24T13:51:37.037+0000] {logging_mixin.py:188} INFO - Downloaded AAPL/1766584223.json -> /tmp/minio_downloads/1766584223.json
[2025-12-24T13:51:37.056+0000] {logging_mixin.py:188} INFO - Downloaded AAPL/1766584237.json -> /tmp/minio_downloads/1766584237.json
[2025-12-24T13:51:37.077+0000] {logging_mixin.py:188} INFO - Downloaded AAPL/1766584250.json -> /tmp/minio_downloads/1766584250.json
[2025-12-24T13:51:37.099+0000] {logging_mixin.py:188} INFO - Downloaded AAPL/1766584262.json -> /tmp/minio_downloads/1766584262.json
[2025-12-24T13:51:37.121+0000] {logging_mixin.py:188} INFO - Downloaded AAPL/1766584276.json -> /tmp/minio_downloads/1766584276.json
[2025-12-24T13:51:37.139+0000] {logging_mixin.py:188} INFO - Downloaded AAPL/1766584289.json -> /tmp/minio_downloads/1766584289.json
[2025-12-24T13:51:37.158+0000] {logging_mixin.py:188} INFO - Downloaded AMZN/1766583266.json -> /tmp/minio_downloads/1766583266.json
[2025-12-24T13:51:37.178+0000] {logging_mixin.py:188} INFO - Downloaded AMZN/1766583278.json -> /tmp/minio_downloads/1766583278.json
[2025-12-24T13:51:37.198+0000] {logging_mixin.py:188} INFO - Downloaded AMZN/1766583292.json -> /tmp/minio_downloads/1766583292.json
[2025-12-24T13:51:37.220+0000] {logging_mixin.py:188} INFO - Downloaded AMZN/1766583305.json -> /tmp/minio_downloads/1766583305.json
[2025-12-24T13:51:37.242+0000] {logging_mixin.py:188} INFO - Downloaded AMZN/1766583318.json -> /tmp/minio_downloads/1766583318.json
[2025-12-24T13:51:37.262+0000] {logging_mixin.py:188} INFO - Downloaded AMZN/1766583332.json -> /tmp/minio_downloads/1766583332.json
[2025-12-24T13:51:37.288+0000] {logging_mixin.py:188} INFO - Downloaded AMZN/1766583345.json -> /tmp/minio_downloads/1766583345.json
[2025-12-24T13:51:37.323+0000] {logging_mixin.py:188} INFO - Downloaded AMZN/1766583358.json -> /tmp/minio_downloads/1766583358.json
[2025-12-24T13:51:37.344+0000] {logging_mixin.py:188} INFO - Downloaded AMZN/1766583371.json -> /tmp/minio_downloads/1766583371.json
[2025-12-24T13:51:37.360+0000] {logging_mixin.py:188} INFO - Downloaded AMZN/1766583384.json -> /tmp/minio_downloads/1766583384.json
[2025-12-24T13:51:37.382+0000] {logging_mixin.py:188} INFO - Downloaded AMZN/1766583398.json -> /tmp/minio_downloads/1766583398.json
[2025-12-24T13:51:37.407+0000] {logging_mixin.py:188} INFO - Downloaded AMZN/1766583411.json -> /tmp/minio_downloads/1766583411.json
[2025-12-24T13:51:37.428+0000] {logging_mixin.py:188} INFO - Downloaded AMZN/1766583426.json -> /tmp/minio_downloads/1766583426.json
[2025-12-24T13:51:37.451+0000] {logging_mixin.py:188} INFO - Downloaded AMZN/1766583439.json -> /tmp/minio_downloads/1766583439.json
[2025-12-24T13:51:37.472+0000] {logging_mixin.py:188} INFO - Downloaded AMZN/1766583452.json -> /tmp/minio_downloads/1766583452.json
[2025-12-24T13:51:37.493+0000] {logging_mixin.py:188} INFO - Downloaded AMZN/1766583464.json -> /tmp/minio_downloads/1766583464.json
[2025-12-24T13:51:37.517+0000] {logging_mixin.py:188} INFO - Downloaded AMZN/1766583477.json -> /tmp/minio_downloads/1766583477.json
[2025-12-24T13:51:37.542+0000] {logging_mixin.py:188} INFO - Downloaded AMZN/1766583491.json -> /tmp/minio_downloads/1766583491.json
[2025-12-24T13:51:37.567+0000] {logging_mixin.py:188} INFO - Downloaded AMZN/1766583503.json -> /tmp/minio_downloads/1766583503.json
[2025-12-24T13:51:37.589+0000] {logging_mixin.py:188} INFO - Downloaded AMZN/1766583517.json -> /tmp/minio_downloads/1766583517.json
[2025-12-24T13:51:37.613+0000] {logging_mixin.py:188} INFO - Downloaded AMZN/1766583530.json -> /tmp/minio_downloads/1766583530.json
[2025-12-24T13:51:37.636+0000] {logging_mixin.py:188} INFO - Downloaded AMZN/1766583543.json -> /tmp/minio_downloads/1766583543.json
[2025-12-24T13:51:37.659+0000] {logging_mixin.py:188} INFO - Downloaded AMZN/1766583556.json -> /tmp/minio_downloads/1766583556.json
[2025-12-24T13:51:37.677+0000] {logging_mixin.py:188} INFO - Downloaded AMZN/1766583570.json -> /tmp/minio_downloads/1766583570.json
[2025-12-24T13:51:37.701+0000] {logging_mixin.py:188} INFO - Downloaded AMZN/1766583584.json -> /tmp/minio_downloads/1766583584.json
[2025-12-24T13:51:37.723+0000] {logging_mixin.py:188} INFO - Downloaded AMZN/1766583599.json -> /tmp/minio_downloads/1766583599.json
[2025-12-24T13:51:37.744+0000] {logging_mixin.py:188} INFO - Downloaded AMZN/1766583613.json -> /tmp/minio_downloads/1766583613.json
[2025-12-24T13:51:37.766+0000] {logging_mixin.py:188} INFO - Downloaded AMZN/1766583626.json -> /tmp/minio_downloads/1766583626.json
[2025-12-24T13:51:37.786+0000] {logging_mixin.py:188} INFO - Downloaded AMZN/1766583640.json -> /tmp/minio_downloads/1766583640.json
[2025-12-24T13:51:37.813+0000] {logging_mixin.py:188} INFO - Downloaded AMZN/1766583653.json -> /tmp/minio_downloads/1766583653.json
[2025-12-24T13:51:37.834+0000] {logging_mixin.py:188} INFO - Downloaded AMZN/1766583666.json -> /tmp/minio_downloads/1766583666.json
[2025-12-24T13:51:37.854+0000] {logging_mixin.py:188} INFO - Downloaded AMZN/1766583680.json -> /tmp/minio_downloads/1766583680.json
[2025-12-24T13:51:37.878+0000] {logging_mixin.py:188} INFO - Downloaded AMZN/1766583694.json -> /tmp/minio_downloads/1766583694.json
[2025-12-24T13:51:37.900+0000] {logging_mixin.py:188} INFO - Downloaded AMZN/1766583707.json -> /tmp/minio_downloads/1766583707.json
[2025-12-24T13:51:37.923+0000] {logging_mixin.py:188} INFO - Downloaded AMZN/1766583720.json -> /tmp/minio_downloads/1766583720.json
[2025-12-24T13:51:37.946+0000] {logging_mixin.py:188} INFO - Downloaded AMZN/1766583734.json -> /tmp/minio_downloads/1766583734.json
[2025-12-24T13:51:37.965+0000] {logging_mixin.py:188} INFO - Downloaded AMZN/1766583747.json -> /tmp/minio_downloads/1766583747.json
[2025-12-24T13:51:37.990+0000] {logging_mixin.py:188} INFO - Downloaded AMZN/1766583761.json -> /tmp/minio_downloads/1766583761.json
[2025-12-24T13:51:38.012+0000] {logging_mixin.py:188} INFO - Downloaded AMZN/1766583774.json -> /tmp/minio_downloads/1766583774.json
[2025-12-24T13:51:38.037+0000] {logging_mixin.py:188} INFO - Downloaded AMZN/1766583788.json -> /tmp/minio_downloads/1766583788.json
[2025-12-24T13:51:38.058+0000] {logging_mixin.py:188} INFO - Downloaded AMZN/1766583801.json -> /tmp/minio_downloads/1766583801.json
[2025-12-24T13:51:38.080+0000] {logging_mixin.py:188} INFO - Downloaded AMZN/1766583815.json -> /tmp/minio_downloads/1766583815.json
[2025-12-24T13:51:38.101+0000] {logging_mixin.py:188} INFO - Downloaded AMZN/1766583829.json -> /tmp/minio_downloads/1766583829.json
[2025-12-24T13:51:38.125+0000] {logging_mixin.py:188} INFO - Downloaded AMZN/1766583843.json -> /tmp/minio_downloads/1766583843.json
[2025-12-24T13:51:38.167+0000] {logging_mixin.py:188} INFO - Downloaded AMZN/1766583856.json -> /tmp/minio_downloads/1766583856.json
[2025-12-24T13:51:38.195+0000] {logging_mixin.py:188} INFO - Downloaded AMZN/1766583868.json -> /tmp/minio_downloads/1766583868.json
[2025-12-24T13:51:38.223+0000] {logging_mixin.py:188} INFO - Downloaded AMZN/1766583881.json -> /tmp/minio_downloads/1766583881.json
[2025-12-24T13:51:38.249+0000] {logging_mixin.py:188} INFO - Downloaded AMZN/1766583893.json -> /tmp/minio_downloads/1766583893.json
[2025-12-24T13:51:38.273+0000] {logging_mixin.py:188} INFO - Downloaded AMZN/1766583906.json -> /tmp/minio_downloads/1766583906.json
[2025-12-24T13:51:38.295+0000] {logging_mixin.py:188} INFO - Downloaded AMZN/1766583920.json -> /tmp/minio_downloads/1766583920.json
[2025-12-24T13:51:38.324+0000] {logging_mixin.py:188} INFO - Downloaded AMZN/1766583933.json -> /tmp/minio_downloads/1766583933.json
[2025-12-24T13:51:38.362+0000] {logging_mixin.py:188} INFO - Downloaded AMZN/1766583947.json -> /tmp/minio_downloads/1766583947.json
[2025-12-24T13:51:38.429+0000] {logging_mixin.py:188} INFO - Downloaded AMZN/1766583960.json -> /tmp/minio_downloads/1766583960.json
[2025-12-24T13:51:38.455+0000] {logging_mixin.py:188} INFO - Downloaded AMZN/1766583974.json -> /tmp/minio_downloads/1766583974.json
[2025-12-24T13:51:38.483+0000] {logging_mixin.py:188} INFO - Downloaded AMZN/1766583987.json -> /tmp/minio_downloads/1766583987.json
[2025-12-24T13:51:38.509+0000] {logging_mixin.py:188} INFO - Downloaded AMZN/1766583999.json -> /tmp/minio_downloads/1766583999.json
[2025-12-24T13:51:38.795+0000] {logging_mixin.py:188} INFO - Downloaded AMZN/1766584012.json -> /tmp/minio_downloads/1766584012.json
[2025-12-24T13:51:38.843+0000] {logging_mixin.py:188} INFO - Downloaded AMZN/1766584027.json -> /tmp/minio_downloads/1766584027.json
[2025-12-24T13:51:38.876+0000] {logging_mixin.py:188} INFO - Downloaded AMZN/1766584040.json -> /tmp/minio_downloads/1766584040.json
[2025-12-24T13:51:38.906+0000] {logging_mixin.py:188} INFO - Downloaded AMZN/1766584054.json -> /tmp/minio_downloads/1766584054.json
[2025-12-24T13:51:38.942+0000] {logging_mixin.py:188} INFO - Downloaded AMZN/1766584067.json -> /tmp/minio_downloads/1766584067.json
[2025-12-24T13:51:38.977+0000] {logging_mixin.py:188} INFO - Downloaded AMZN/1766584081.json -> /tmp/minio_downloads/1766584081.json
[2025-12-24T13:51:39.017+0000] {logging_mixin.py:188} INFO - Downloaded AMZN/1766584094.json -> /tmp/minio_downloads/1766584094.json
[2025-12-24T13:51:39.079+0000] {logging_mixin.py:188} INFO - Downloaded AMZN/1766584107.json -> /tmp/minio_downloads/1766584107.json
[2025-12-24T13:51:39.129+0000] {logging_mixin.py:188} INFO - Downloaded AMZN/1766584121.json -> /tmp/minio_downloads/1766584121.json
[2025-12-24T13:51:39.163+0000] {logging_mixin.py:188} INFO - Downloaded AMZN/1766584134.json -> /tmp/minio_downloads/1766584134.json
[2025-12-24T13:51:39.195+0000] {logging_mixin.py:188} INFO - Downloaded AMZN/1766584148.json -> /tmp/minio_downloads/1766584148.json
[2025-12-24T13:51:39.230+0000] {logging_mixin.py:188} INFO - Downloaded AMZN/1766584161.json -> /tmp/minio_downloads/1766584161.json
[2025-12-24T13:51:39.267+0000] {logging_mixin.py:188} INFO - Downloaded AMZN/1766584173.json -> /tmp/minio_downloads/1766584173.json
[2025-12-24T13:51:39.298+0000] {logging_mixin.py:188} INFO - Downloaded AMZN/1766584188.json -> /tmp/minio_downloads/1766584188.json
[2025-12-24T13:51:39.329+0000] {logging_mixin.py:188} INFO - Downloaded AMZN/1766584202.json -> /tmp/minio_downloads/1766584202.json
[2025-12-24T13:51:39.362+0000] {logging_mixin.py:188} INFO - Downloaded AMZN/1766584215.json -> /tmp/minio_downloads/1766584215.json
[2025-12-24T13:51:39.395+0000] {logging_mixin.py:188} INFO - Downloaded AMZN/1766584229.json -> /tmp/minio_downloads/1766584229.json
[2025-12-24T13:51:39.440+0000] {logging_mixin.py:188} INFO - Downloaded AMZN/1766584242.json -> /tmp/minio_downloads/1766584242.json
[2025-12-24T13:51:39.475+0000] {logging_mixin.py:188} INFO - Downloaded AMZN/1766584255.json -> /tmp/minio_downloads/1766584255.json
[2025-12-24T13:51:39.511+0000] {logging_mixin.py:188} INFO - Downloaded AMZN/1766584268.json -> /tmp/minio_downloads/1766584268.json
[2025-12-24T13:51:39.551+0000] {logging_mixin.py:188} INFO - Downloaded AMZN/1766584282.json -> /tmp/minio_downloads/1766584282.json
[2025-12-24T13:51:39.587+0000] {logging_mixin.py:188} INFO - Downloaded GOOGL/1766583264.json -> /tmp/minio_downloads/1766583264.json
[2025-12-24T13:51:39.627+0000] {logging_mixin.py:188} INFO - Downloaded GOOGL/1766583277.json -> /tmp/minio_downloads/1766583277.json
[2025-12-24T13:51:39.661+0000] {logging_mixin.py:188} INFO - Downloaded GOOGL/1766583291.json -> /tmp/minio_downloads/1766583291.json
[2025-12-24T13:51:39.694+0000] {logging_mixin.py:188} INFO - Downloaded GOOGL/1766583304.json -> /tmp/minio_downloads/1766583304.json
[2025-12-24T13:51:39.722+0000] {logging_mixin.py:188} INFO - Downloaded GOOGL/1766583316.json -> /tmp/minio_downloads/1766583316.json
[2025-12-24T13:51:39.750+0000] {logging_mixin.py:188} INFO - Downloaded GOOGL/1766583330.json -> /tmp/minio_downloads/1766583330.json
[2025-12-24T13:51:39.775+0000] {logging_mixin.py:188} INFO - Downloaded GOOGL/1766583343.json -> /tmp/minio_downloads/1766583343.json
[2025-12-24T13:51:39.821+0000] {logging_mixin.py:188} INFO - Downloaded GOOGL/1766583356.json -> /tmp/minio_downloads/1766583356.json
[2025-12-24T13:51:39.857+0000] {logging_mixin.py:188} INFO - Downloaded GOOGL/1766583370.json -> /tmp/minio_downloads/1766583370.json
[2025-12-24T13:51:39.890+0000] {logging_mixin.py:188} INFO - Downloaded GOOGL/1766583383.json -> /tmp/minio_downloads/1766583383.json
[2025-12-24T13:51:39.918+0000] {logging_mixin.py:188} INFO - Downloaded GOOGL/1766583396.json -> /tmp/minio_downloads/1766583396.json
[2025-12-24T13:51:39.945+0000] {logging_mixin.py:188} INFO - Downloaded GOOGL/1766583410.json -> /tmp/minio_downloads/1766583410.json
[2025-12-24T13:51:39.972+0000] {logging_mixin.py:188} INFO - Downloaded GOOGL/1766583425.json -> /tmp/minio_downloads/1766583425.json
[2025-12-24T13:51:40.004+0000] {logging_mixin.py:188} INFO - Downloaded GOOGL/1766583438.json -> /tmp/minio_downloads/1766583438.json
[2025-12-24T13:51:40.026+0000] {logging_mixin.py:188} INFO - Downloaded GOOGL/1766583451.json -> /tmp/minio_downloads/1766583451.json
[2025-12-24T13:51:40.054+0000] {logging_mixin.py:188} INFO - Downloaded GOOGL/1766583463.json -> /tmp/minio_downloads/1766583463.json
[2025-12-24T13:51:40.078+0000] {logging_mixin.py:188} INFO - Downloaded GOOGL/1766583476.json -> /tmp/minio_downloads/1766583476.json
[2025-12-24T13:51:40.103+0000] {logging_mixin.py:188} INFO - Downloaded GOOGL/1766583489.json -> /tmp/minio_downloads/1766583489.json
[2025-12-24T13:51:40.125+0000] {logging_mixin.py:188} INFO - Downloaded GOOGL/1766583502.json -> /tmp/minio_downloads/1766583502.json
[2025-12-24T13:51:40.147+0000] {logging_mixin.py:188} INFO - Downloaded GOOGL/1766583515.json -> /tmp/minio_downloads/1766583515.json
[2025-12-24T13:51:40.169+0000] {logging_mixin.py:188} INFO - Downloaded GOOGL/1766583528.json -> /tmp/minio_downloads/1766583528.json
[2025-12-24T13:51:40.196+0000] {logging_mixin.py:188} INFO - Downloaded GOOGL/1766583542.json -> /tmp/minio_downloads/1766583542.json
[2025-12-24T13:51:40.220+0000] {logging_mixin.py:188} INFO - Downloaded GOOGL/1766583555.json -> /tmp/minio_downloads/1766583555.json
[2025-12-24T13:51:40.243+0000] {logging_mixin.py:188} INFO - Downloaded GOOGL/1766583568.json -> /tmp/minio_downloads/1766583568.json
[2025-12-24T13:51:40.268+0000] {logging_mixin.py:188} INFO - Downloaded GOOGL/1766583583.json -> /tmp/minio_downloads/1766583583.json
[2025-12-24T13:51:40.298+0000] {logging_mixin.py:188} INFO - Downloaded GOOGL/1766583597.json -> /tmp/minio_downloads/1766583597.json
[2025-12-24T13:51:40.327+0000] {logging_mixin.py:188} INFO - Downloaded GOOGL/1766583611.json -> /tmp/minio_downloads/1766583611.json
[2025-12-24T13:51:40.359+0000] {logging_mixin.py:188} INFO - Downloaded GOOGL/1766583625.json -> /tmp/minio_downloads/1766583625.json
[2025-12-24T13:51:40.387+0000] {logging_mixin.py:188} INFO - Downloaded GOOGL/1766583638.json -> /tmp/minio_downloads/1766583638.json
[2025-12-24T13:51:40.416+0000] {logging_mixin.py:188} INFO - Downloaded GOOGL/1766583652.json -> /tmp/minio_downloads/1766583652.json
[2025-12-24T13:51:40.438+0000] {logging_mixin.py:188} INFO - Downloaded GOOGL/1766583664.json -> /tmp/minio_downloads/1766583664.json
[2025-12-24T13:51:40.468+0000] {logging_mixin.py:188} INFO - Downloaded GOOGL/1766583678.json -> /tmp/minio_downloads/1766583678.json
[2025-12-24T13:51:40.490+0000] {logging_mixin.py:188} INFO - Downloaded GOOGL/1766583692.json -> /tmp/minio_downloads/1766583692.json
[2025-12-24T13:51:40.509+0000] {logging_mixin.py:188} INFO - Downloaded GOOGL/1766583705.json -> /tmp/minio_downloads/1766583705.json
[2025-12-24T13:51:40.529+0000] {logging_mixin.py:188} INFO - Downloaded GOOGL/1766583718.json -> /tmp/minio_downloads/1766583718.json
[2025-12-24T13:51:40.546+0000] {logging_mixin.py:188} INFO - Downloaded GOOGL/1766583732.json -> /tmp/minio_downloads/1766583732.json
[2025-12-24T13:51:40.567+0000] {logging_mixin.py:188} INFO - Downloaded GOOGL/1766583745.json -> /tmp/minio_downloads/1766583745.json
[2025-12-24T13:51:40.586+0000] {logging_mixin.py:188} INFO - Downloaded GOOGL/1766583759.json -> /tmp/minio_downloads/1766583759.json
[2025-12-24T13:51:40.605+0000] {logging_mixin.py:188} INFO - Downloaded GOOGL/1766583773.json -> /tmp/minio_downloads/1766583773.json
[2025-12-24T13:51:40.626+0000] {logging_mixin.py:188} INFO - Downloaded GOOGL/1766583787.json -> /tmp/minio_downloads/1766583787.json
[2025-12-24T13:51:40.657+0000] {logging_mixin.py:188} INFO - Downloaded GOOGL/1766583800.json -> /tmp/minio_downloads/1766583800.json
[2025-12-24T13:51:40.679+0000] {logging_mixin.py:188} INFO - Downloaded GOOGL/1766583814.json -> /tmp/minio_downloads/1766583814.json
[2025-12-24T13:51:40.699+0000] {logging_mixin.py:188} INFO - Downloaded GOOGL/1766583828.json -> /tmp/minio_downloads/1766583828.json
[2025-12-24T13:51:40.721+0000] {logging_mixin.py:188} INFO - Downloaded GOOGL/1766583841.json -> /tmp/minio_downloads/1766583841.json
[2025-12-24T13:51:40.741+0000] {logging_mixin.py:188} INFO - Downloaded GOOGL/1766583855.json -> /tmp/minio_downloads/1766583855.json
[2025-12-24T13:51:40.762+0000] {logging_mixin.py:188} INFO - Downloaded GOOGL/1766583867.json -> /tmp/minio_downloads/1766583867.json
[2025-12-24T13:51:40.782+0000] {logging_mixin.py:188} INFO - Downloaded GOOGL/1766583880.json -> /tmp/minio_downloads/1766583880.json
[2025-12-24T13:51:40.805+0000] {logging_mixin.py:188} INFO - Downloaded GOOGL/1766583892.json -> /tmp/minio_downloads/1766583892.json
[2025-12-24T13:51:40.826+0000] {logging_mixin.py:188} INFO - Downloaded GOOGL/1766583904.json -> /tmp/minio_downloads/1766583904.json
[2025-12-24T13:51:40.848+0000] {logging_mixin.py:188} INFO - Downloaded GOOGL/1766583918.json -> /tmp/minio_downloads/1766583918.json
[2025-12-24T13:51:40.871+0000] {logging_mixin.py:188} INFO - Downloaded GOOGL/1766583932.json -> /tmp/minio_downloads/1766583932.json
[2025-12-24T13:51:40.893+0000] {logging_mixin.py:188} INFO - Downloaded GOOGL/1766583945.json -> /tmp/minio_downloads/1766583945.json
[2025-12-24T13:51:40.915+0000] {logging_mixin.py:188} INFO - Downloaded GOOGL/1766583958.json -> /tmp/minio_downloads/1766583958.json
[2025-12-24T13:51:40.936+0000] {logging_mixin.py:188} INFO - Downloaded GOOGL/1766583972.json -> /tmp/minio_downloads/1766583972.json
[2025-12-24T13:51:40.954+0000] {logging_mixin.py:188} INFO - Downloaded GOOGL/1766583986.json -> /tmp/minio_downloads/1766583986.json
[2025-12-24T13:51:40.974+0000] {logging_mixin.py:188} INFO - Downloaded GOOGL/1766583998.json -> /tmp/minio_downloads/1766583998.json
[2025-12-24T13:51:40.993+0000] {logging_mixin.py:188} INFO - Downloaded GOOGL/1766584011.json -> /tmp/minio_downloads/1766584011.json
[2025-12-24T13:51:41.012+0000] {logging_mixin.py:188} INFO - Downloaded GOOGL/1766584025.json -> /tmp/minio_downloads/1766584025.json
[2025-12-24T13:51:41.030+0000] {logging_mixin.py:188} INFO - Downloaded GOOGL/1766584039.json -> /tmp/minio_downloads/1766584039.json
[2025-12-24T13:51:41.047+0000] {logging_mixin.py:188} INFO - Downloaded GOOGL/1766584053.json -> /tmp/minio_downloads/1766584053.json
[2025-12-24T13:51:41.089+0000] {logging_mixin.py:188} INFO - Downloaded GOOGL/1766584066.json -> /tmp/minio_downloads/1766584066.json
[2025-12-24T13:51:41.146+0000] {logging_mixin.py:188} INFO - Downloaded GOOGL/1766584079.json -> /tmp/minio_downloads/1766584079.json
[2025-12-24T13:51:41.166+0000] {logging_mixin.py:188} INFO - Downloaded GOOGL/1766584093.json -> /tmp/minio_downloads/1766584093.json
[2025-12-24T13:51:41.187+0000] {logging_mixin.py:188} INFO - Downloaded GOOGL/1766584105.json -> /tmp/minio_downloads/1766584105.json
[2025-12-24T13:51:41.208+0000] {logging_mixin.py:188} INFO - Downloaded GOOGL/1766584120.json -> /tmp/minio_downloads/1766584120.json
[2025-12-24T13:51:41.227+0000] {logging_mixin.py:188} INFO - Downloaded GOOGL/1766584133.json -> /tmp/minio_downloads/1766584133.json
[2025-12-24T13:51:41.247+0000] {logging_mixin.py:188} INFO - Downloaded GOOGL/1766584146.json -> /tmp/minio_downloads/1766584146.json
[2025-12-24T13:51:41.266+0000] {logging_mixin.py:188} INFO - Downloaded GOOGL/1766584159.json -> /tmp/minio_downloads/1766584159.json
[2025-12-24T13:51:41.288+0000] {logging_mixin.py:188} INFO - Downloaded GOOGL/1766584172.json -> /tmp/minio_downloads/1766584172.json
[2025-12-24T13:51:41.304+0000] {logging_mixin.py:188} INFO - Downloaded GOOGL/1766584187.json -> /tmp/minio_downloads/1766584187.json
[2025-12-24T13:51:41.322+0000] {logging_mixin.py:188} INFO - Downloaded GOOGL/1766584201.json -> /tmp/minio_downloads/1766584201.json
[2025-12-24T13:51:41.344+0000] {logging_mixin.py:188} INFO - Downloaded GOOGL/1766584214.json -> /tmp/minio_downloads/1766584214.json
[2025-12-24T13:51:41.363+0000] {logging_mixin.py:188} INFO - Downloaded GOOGL/1766584228.json -> /tmp/minio_downloads/1766584228.json
[2025-12-24T13:51:41.382+0000] {logging_mixin.py:188} INFO - Downloaded GOOGL/1766584241.json -> /tmp/minio_downloads/1766584241.json
[2025-12-24T13:51:41.402+0000] {logging_mixin.py:188} INFO - Downloaded GOOGL/1766584254.json -> /tmp/minio_downloads/1766584254.json
[2025-12-24T13:51:41.421+0000] {logging_mixin.py:188} INFO - Downloaded GOOGL/1766584266.json -> /tmp/minio_downloads/1766584266.json
[2025-12-24T13:51:41.441+0000] {logging_mixin.py:188} INFO - Downloaded GOOGL/1766584280.json -> /tmp/minio_downloads/1766584280.json
[2025-12-24T13:51:41.463+0000] {logging_mixin.py:188} INFO - Downloaded MSFT/1766583260.json -> /tmp/minio_downloads/1766583260.json
[2025-12-24T13:51:41.484+0000] {logging_mixin.py:188} INFO - Downloaded MSFT/1766583275.json -> /tmp/minio_downloads/1766583275.json
[2025-12-24T13:51:41.505+0000] {logging_mixin.py:188} INFO - Downloaded MSFT/1766583288.json -> /tmp/minio_downloads/1766583288.json
[2025-12-24T13:51:41.523+0000] {logging_mixin.py:188} INFO - Downloaded MSFT/1766583301.json -> /tmp/minio_downloads/1766583301.json
[2025-12-24T13:51:41.541+0000] {logging_mixin.py:188} INFO - Downloaded MSFT/1766583314.json -> /tmp/minio_downloads/1766583314.json
[2025-12-24T13:51:41.562+0000] {logging_mixin.py:188} INFO - Downloaded MSFT/1766583327.json -> /tmp/minio_downloads/1766583327.json
[2025-12-24T13:51:41.583+0000] {logging_mixin.py:188} INFO - Downloaded MSFT/1766583341.json -> /tmp/minio_downloads/1766583341.json
[2025-12-24T13:51:41.607+0000] {logging_mixin.py:188} INFO - Downloaded MSFT/1766583354.json -> /tmp/minio_downloads/1766583354.json
[2025-12-24T13:51:41.631+0000] {logging_mixin.py:188} INFO - Downloaded MSFT/1766583366.json -> /tmp/minio_downloads/1766583366.json
[2025-12-24T13:51:41.652+0000] {logging_mixin.py:188} INFO - Downloaded MSFT/1766583380.json -> /tmp/minio_downloads/1766583380.json
[2025-12-24T13:51:41.679+0000] {logging_mixin.py:188} INFO - Downloaded MSFT/1766583393.json -> /tmp/minio_downloads/1766583393.json
[2025-12-24T13:51:41.703+0000] {logging_mixin.py:188} INFO - Downloaded MSFT/1766583407.json -> /tmp/minio_downloads/1766583407.json
[2025-12-24T13:51:41.725+0000] {logging_mixin.py:188} INFO - Downloaded MSFT/1766583420.json -> /tmp/minio_downloads/1766583420.json
[2025-12-24T13:51:41.747+0000] {logging_mixin.py:188} INFO - Downloaded MSFT/1766583436.json -> /tmp/minio_downloads/1766583436.json
[2025-12-24T13:51:41.767+0000] {logging_mixin.py:188} INFO - Downloaded MSFT/1766583448.json -> /tmp/minio_downloads/1766583448.json
[2025-12-24T13:51:41.793+0000] {logging_mixin.py:188} INFO - Downloaded MSFT/1766583461.json -> /tmp/minio_downloads/1766583461.json
[2025-12-24T13:51:41.817+0000] {logging_mixin.py:188} INFO - Downloaded MSFT/1766583473.json -> /tmp/minio_downloads/1766583473.json
[2025-12-24T13:51:41.838+0000] {logging_mixin.py:188} INFO - Downloaded MSFT/1766583487.json -> /tmp/minio_downloads/1766583487.json
[2025-12-24T13:51:41.864+0000] {logging_mixin.py:188} INFO - Downloaded MSFT/1766583499.json -> /tmp/minio_downloads/1766583499.json
[2025-12-24T13:51:41.891+0000] {logging_mixin.py:188} INFO - Downloaded MSFT/1766583513.json -> /tmp/minio_downloads/1766583513.json
[2025-12-24T13:51:41.910+0000] {logging_mixin.py:188} INFO - Downloaded MSFT/1766583525.json -> /tmp/minio_downloads/1766583525.json
[2025-12-24T13:51:41.936+0000] {logging_mixin.py:188} INFO - Downloaded MSFT/1766583539.json -> /tmp/minio_downloads/1766583539.json
[2025-12-24T13:51:41.956+0000] {logging_mixin.py:188} INFO - Downloaded MSFT/1766583552.json -> /tmp/minio_downloads/1766583552.json
[2025-12-24T13:51:41.981+0000] {logging_mixin.py:188} INFO - Downloaded MSFT/1766583565.json -> /tmp/minio_downloads/1766583565.json
[2025-12-24T13:51:42.004+0000] {logging_mixin.py:188} INFO - Downloaded MSFT/1766583579.json -> /tmp/minio_downloads/1766583579.json
[2025-12-24T13:51:42.031+0000] {logging_mixin.py:188} INFO - Downloaded MSFT/1766583593.json -> /tmp/minio_downloads/1766583593.json
[2025-12-24T13:51:42.059+0000] {logging_mixin.py:188} INFO - Downloaded MSFT/1766583608.json -> /tmp/minio_downloads/1766583608.json
[2025-12-24T13:51:42.089+0000] {logging_mixin.py:188} INFO - Downloaded MSFT/1766583622.json -> /tmp/minio_downloads/1766583622.json
[2025-12-24T13:51:42.113+0000] {logging_mixin.py:188} INFO - Downloaded MSFT/1766583635.json -> /tmp/minio_downloads/1766583635.json
[2025-12-24T13:51:42.141+0000] {logging_mixin.py:188} INFO - Downloaded MSFT/1766583649.json -> /tmp/minio_downloads/1766583649.json
[2025-12-24T13:51:42.160+0000] {logging_mixin.py:188} INFO - Downloaded MSFT/1766583662.json -> /tmp/minio_downloads/1766583662.json
[2025-12-24T13:51:42.184+0000] {logging_mixin.py:188} INFO - Downloaded MSFT/1766583675.json -> /tmp/minio_downloads/1766583675.json
[2025-12-24T13:51:42.207+0000] {logging_mixin.py:188} INFO - Downloaded MSFT/1766583689.json -> /tmp/minio_downloads/1766583689.json
[2025-12-24T13:51:42.228+0000] {logging_mixin.py:188} INFO - Downloaded MSFT/1766583703.json -> /tmp/minio_downloads/1766583703.json
[2025-12-24T13:51:42.247+0000] {logging_mixin.py:188} INFO - Downloaded MSFT/1766583715.json -> /tmp/minio_downloads/1766583715.json
[2025-12-24T13:51:42.268+0000] {logging_mixin.py:188} INFO - Downloaded MSFT/1766583729.json -> /tmp/minio_downloads/1766583729.json
[2025-12-24T13:51:42.290+0000] {logging_mixin.py:188} INFO - Downloaded MSFT/1766583743.json -> /tmp/minio_downloads/1766583743.json
[2025-12-24T13:51:42.310+0000] {logging_mixin.py:188} INFO - Downloaded MSFT/1766583756.json -> /tmp/minio_downloads/1766583756.json
[2025-12-24T13:51:42.329+0000] {logging_mixin.py:188} INFO - Downloaded MSFT/1766583770.json -> /tmp/minio_downloads/1766583770.json
[2025-12-24T13:51:42.346+0000] {logging_mixin.py:188} INFO - Downloaded MSFT/1766583784.json -> /tmp/minio_downloads/1766583784.json
[2025-12-24T13:51:42.367+0000] {logging_mixin.py:188} INFO - Downloaded MSFT/1766583797.json -> /tmp/minio_downloads/1766583797.json
[2025-12-24T13:51:42.385+0000] {logging_mixin.py:188} INFO - Downloaded MSFT/1766583810.json -> /tmp/minio_downloads/1766583810.json
[2025-12-24T13:51:42.415+0000] {logging_mixin.py:188} INFO - Downloaded MSFT/1766583824.json -> /tmp/minio_downloads/1766583824.json
[2025-12-24T13:51:42.434+0000] {logging_mixin.py:188} INFO - Downloaded MSFT/1766583838.json -> /tmp/minio_downloads/1766583838.json
[2025-12-24T13:51:42.455+0000] {logging_mixin.py:188} INFO - Downloaded MSFT/1766583852.json -> /tmp/minio_downloads/1766583852.json
[2025-12-24T13:51:42.475+0000] {logging_mixin.py:188} INFO - Downloaded MSFT/1766583864.json -> /tmp/minio_downloads/1766583864.json
[2025-12-24T13:51:42.498+0000] {logging_mixin.py:188} INFO - Downloaded MSFT/1766583877.json -> /tmp/minio_downloads/1766583877.json
[2025-12-24T13:51:42.520+0000] {logging_mixin.py:188} INFO - Downloaded MSFT/1766583890.json -> /tmp/minio_downloads/1766583890.json
[2025-12-24T13:51:42.539+0000] {logging_mixin.py:188} INFO - Downloaded MSFT/1766583902.json -> /tmp/minio_downloads/1766583902.json
[2025-12-24T13:51:42.563+0000] {logging_mixin.py:188} INFO - Downloaded MSFT/1766583915.json -> /tmp/minio_downloads/1766583915.json
[2025-12-24T13:51:42.584+0000] {logging_mixin.py:188} INFO - Downloaded MSFT/1766583929.json -> /tmp/minio_downloads/1766583929.json
[2025-12-24T13:51:42.604+0000] {logging_mixin.py:188} INFO - Downloaded MSFT/1766583942.json -> /tmp/minio_downloads/1766583942.json
[2025-12-24T13:51:42.623+0000] {logging_mixin.py:188} INFO - Downloaded MSFT/1766583955.json -> /tmp/minio_downloads/1766583955.json
[2025-12-24T13:51:42.643+0000] {logging_mixin.py:188} INFO - Downloaded MSFT/1766583969.json -> /tmp/minio_downloads/1766583969.json
[2025-12-24T13:51:42.667+0000] {logging_mixin.py:188} INFO - Downloaded MSFT/1766583983.json -> /tmp/minio_downloads/1766583983.json
[2025-12-24T13:51:42.689+0000] {logging_mixin.py:188} INFO - Downloaded MSFT/1766583995.json -> /tmp/minio_downloads/1766583995.json
[2025-12-24T13:51:42.710+0000] {logging_mixin.py:188} INFO - Downloaded MSFT/1766584008.json -> /tmp/minio_downloads/1766584008.json
[2025-12-24T13:51:42.727+0000] {logging_mixin.py:188} INFO - Downloaded MSFT/1766584022.json -> /tmp/minio_downloads/1766584022.json
[2025-12-24T13:51:42.746+0000] {logging_mixin.py:188} INFO - Downloaded MSFT/1766584036.json -> /tmp/minio_downloads/1766584036.json
[2025-12-24T13:51:42.769+0000] {logging_mixin.py:188} INFO - Downloaded MSFT/1766584049.json -> /tmp/minio_downloads/1766584049.json
[2025-12-24T13:51:42.789+0000] {logging_mixin.py:188} INFO - Downloaded MSFT/1766584063.json -> /tmp/minio_downloads/1766584063.json
[2025-12-24T13:51:42.812+0000] {logging_mixin.py:188} INFO - Downloaded MSFT/1766584077.json -> /tmp/minio_downloads/1766584077.json
[2025-12-24T13:51:42.829+0000] {logging_mixin.py:188} INFO - Downloaded MSFT/1766584090.json -> /tmp/minio_downloads/1766584090.json
[2025-12-24T13:51:42.853+0000] {logging_mixin.py:188} INFO - Downloaded MSFT/1766584103.json -> /tmp/minio_downloads/1766584103.json
[2025-12-24T13:51:42.870+0000] {logging_mixin.py:188} INFO - Downloaded MSFT/1766584116.json -> /tmp/minio_downloads/1766584116.json
[2025-12-24T13:51:42.896+0000] {logging_mixin.py:188} INFO - Downloaded MSFT/1766584130.json -> /tmp/minio_downloads/1766584130.json
[2025-12-24T13:51:42.914+0000] {logging_mixin.py:188} INFO - Downloaded MSFT/1766584143.json -> /tmp/minio_downloads/1766584143.json
[2025-12-24T13:51:42.932+0000] {logging_mixin.py:188} INFO - Downloaded MSFT/1766584156.json -> /tmp/minio_downloads/1766584156.json
[2025-12-24T13:51:42.952+0000] {logging_mixin.py:188} INFO - Downloaded MSFT/1766584169.json -> /tmp/minio_downloads/1766584169.json
[2025-12-24T13:51:42.973+0000] {logging_mixin.py:188} INFO - Downloaded MSFT/1766584183.json -> /tmp/minio_downloads/1766584183.json
[2025-12-24T13:51:42.994+0000] {logging_mixin.py:188} INFO - Downloaded MSFT/1766584197.json -> /tmp/minio_downloads/1766584197.json
[2025-12-24T13:51:43.014+0000] {logging_mixin.py:188} INFO - Downloaded MSFT/1766584211.json -> /tmp/minio_downloads/1766584211.json
[2025-12-24T13:51:43.037+0000] {logging_mixin.py:188} INFO - Downloaded MSFT/1766584225.json -> /tmp/minio_downloads/1766584225.json
[2025-12-24T13:51:43.057+0000] {logging_mixin.py:188} INFO - Downloaded MSFT/1766584238.json -> /tmp/minio_downloads/1766584238.json
[2025-12-24T13:51:43.078+0000] {logging_mixin.py:188} INFO - Downloaded MSFT/1766584251.json -> /tmp/minio_downloads/1766584251.json
[2025-12-24T13:51:43.099+0000] {logging_mixin.py:188} INFO - Downloaded MSFT/1766584264.json -> /tmp/minio_downloads/1766584264.json
[2025-12-24T13:51:43.121+0000] {logging_mixin.py:188} INFO - Downloaded MSFT/1766584277.json -> /tmp/minio_downloads/1766584277.json
[2025-12-24T13:51:43.142+0000] {logging_mixin.py:188} INFO - Downloaded MSFT/1766584291.json -> /tmp/minio_downloads/1766584291.json
[2025-12-24T13:51:43.167+0000] {logging_mixin.py:188} INFO - Downloaded TSLA/1766583262.json -> /tmp/minio_downloads/1766583262.json
[2025-12-24T13:51:43.188+0000] {logging_mixin.py:188} INFO - Downloaded TSLA/1766583276.json -> /tmp/minio_downloads/1766583276.json
[2025-12-24T13:51:43.212+0000] {logging_mixin.py:188} INFO - Downloaded TSLA/1766583289.json -> /tmp/minio_downloads/1766583289.json
[2025-12-24T13:51:43.237+0000] {logging_mixin.py:188} INFO - Downloaded TSLA/1766583302.json -> /tmp/minio_downloads/1766583302.json
[2025-12-24T13:51:43.258+0000] {logging_mixin.py:188} INFO - Downloaded TSLA/1766583315.json -> /tmp/minio_downloads/1766583315.json
[2025-12-24T13:51:43.278+0000] {logging_mixin.py:188} INFO - Downloaded TSLA/1766583329.json -> /tmp/minio_downloads/1766583329.json
[2025-12-24T13:51:43.297+0000] {logging_mixin.py:188} INFO - Downloaded TSLA/1766583342.json -> /tmp/minio_downloads/1766583342.json
[2025-12-24T13:51:43.320+0000] {logging_mixin.py:188} INFO - Downloaded TSLA/1766583355.json -> /tmp/minio_downloads/1766583355.json
[2025-12-24T13:51:43.341+0000] {logging_mixin.py:188} INFO - Downloaded TSLA/1766583368.json -> /tmp/minio_downloads/1766583368.json
[2025-12-24T13:51:43.361+0000] {logging_mixin.py:188} INFO - Downloaded TSLA/1766583381.json -> /tmp/minio_downloads/1766583381.json
[2025-12-24T13:51:43.385+0000] {logging_mixin.py:188} INFO - Downloaded TSLA/1766583394.json -> /tmp/minio_downloads/1766583394.json
[2025-12-24T13:51:43.408+0000] {logging_mixin.py:188} INFO - Downloaded TSLA/1766583408.json -> /tmp/minio_downloads/1766583408.json
[2025-12-24T13:51:43.432+0000] {logging_mixin.py:188} INFO - Downloaded TSLA/1766583422.json -> /tmp/minio_downloads/1766583422.json
[2025-12-24T13:51:43.459+0000] {logging_mixin.py:188} INFO - Downloaded TSLA/1766583437.json -> /tmp/minio_downloads/1766583437.json
[2025-12-24T13:51:43.484+0000] {logging_mixin.py:188} INFO - Downloaded TSLA/1766583449.json -> /tmp/minio_downloads/1766583449.json
[2025-12-24T13:51:43.512+0000] {logging_mixin.py:188} INFO - Downloaded TSLA/1766583462.json -> /tmp/minio_downloads/1766583462.json
[2025-12-24T13:51:43.535+0000] {logging_mixin.py:188} INFO - Downloaded TSLA/1766583474.json -> /tmp/minio_downloads/1766583474.json
[2025-12-24T13:51:43.557+0000] {logging_mixin.py:188} INFO - Downloaded TSLA/1766583488.json -> /tmp/minio_downloads/1766583488.json
[2025-12-24T13:51:43.579+0000] {logging_mixin.py:188} INFO - Downloaded TSLA/1766583501.json -> /tmp/minio_downloads/1766583501.json
[2025-12-24T13:51:43.597+0000] {logging_mixin.py:188} INFO - Downloaded TSLA/1766583514.json -> /tmp/minio_downloads/1766583514.json
[2025-12-24T13:51:43.619+0000] {logging_mixin.py:188} INFO - Downloaded TSLA/1766583527.json -> /tmp/minio_downloads/1766583527.json
[2025-12-24T13:51:43.636+0000] {logging_mixin.py:188} INFO - Downloaded TSLA/1766583541.json -> /tmp/minio_downloads/1766583541.json
[2025-12-24T13:51:43.656+0000] {logging_mixin.py:188} INFO - Downloaded TSLA/1766583553.json -> /tmp/minio_downloads/1766583553.json
[2025-12-24T13:51:43.674+0000] {logging_mixin.py:188} INFO - Downloaded TSLA/1766583567.json -> /tmp/minio_downloads/1766583567.json
[2025-12-24T13:51:43.692+0000] {logging_mixin.py:188} INFO - Downloaded TSLA/1766583582.json -> /tmp/minio_downloads/1766583582.json
[2025-12-24T13:51:43.709+0000] {logging_mixin.py:188} INFO - Downloaded TSLA/1766583595.json -> /tmp/minio_downloads/1766583595.json
[2025-12-24T13:51:43.727+0000] {logging_mixin.py:188} INFO - Downloaded TSLA/1766583609.json -> /tmp/minio_downloads/1766583609.json
[2025-12-24T13:51:43.744+0000] {logging_mixin.py:188} INFO - Downloaded TSLA/1766583623.json -> /tmp/minio_downloads/1766583623.json
[2025-12-24T13:51:43.762+0000] {logging_mixin.py:188} INFO - Downloaded TSLA/1766583637.json -> /tmp/minio_downloads/1766583637.json
[2025-12-24T13:51:43.781+0000] {logging_mixin.py:188} INFO - Downloaded TSLA/1766583650.json -> /tmp/minio_downloads/1766583650.json
[2025-12-24T13:51:43.801+0000] {logging_mixin.py:188} INFO - Downloaded TSLA/1766583663.json -> /tmp/minio_downloads/1766583663.json
[2025-12-24T13:51:43.820+0000] {logging_mixin.py:188} INFO - Downloaded TSLA/1766583677.json -> /tmp/minio_downloads/1766583677.json
[2025-12-24T13:51:43.839+0000] {logging_mixin.py:188} INFO - Downloaded TSLA/1766583690.json -> /tmp/minio_downloads/1766583690.json
[2025-12-24T13:51:43.858+0000] {logging_mixin.py:188} INFO - Downloaded TSLA/1766583704.json -> /tmp/minio_downloads/1766583704.json
[2025-12-24T13:51:43.878+0000] {logging_mixin.py:188} INFO - Downloaded TSLA/1766583717.json -> /tmp/minio_downloads/1766583717.json
[2025-12-24T13:51:43.898+0000] {logging_mixin.py:188} INFO - Downloaded TSLA/1766583730.json -> /tmp/minio_downloads/1766583730.json
[2025-12-24T13:51:43.917+0000] {logging_mixin.py:188} INFO - Downloaded TSLA/1766583744.json -> /tmp/minio_downloads/1766583744.json
[2025-12-24T13:51:43.937+0000] {logging_mixin.py:188} INFO - Downloaded TSLA/1766583758.json -> /tmp/minio_downloads/1766583758.json
[2025-12-24T13:51:43.957+0000] {logging_mixin.py:188} INFO - Downloaded TSLA/1766583771.json -> /tmp/minio_downloads/1766583771.json
[2025-12-24T13:51:43.977+0000] {logging_mixin.py:188} INFO - Downloaded TSLA/1766583785.json -> /tmp/minio_downloads/1766583785.json
[2025-12-24T13:51:43.997+0000] {logging_mixin.py:188} INFO - Downloaded TSLA/1766583798.json -> /tmp/minio_downloads/1766583798.json
[2025-12-24T13:51:44.019+0000] {logging_mixin.py:188} INFO - Downloaded TSLA/1766583812.json -> /tmp/minio_downloads/1766583812.json
[2025-12-24T13:51:44.039+0000] {logging_mixin.py:188} INFO - Downloaded TSLA/1766583826.json -> /tmp/minio_downloads/1766583826.json
[2025-12-24T13:51:44.057+0000] {logging_mixin.py:188} INFO - Downloaded TSLA/1766583840.json -> /tmp/minio_downloads/1766583840.json
[2025-12-24T13:51:44.077+0000] {logging_mixin.py:188} INFO - Downloaded TSLA/1766583853.json -> /tmp/minio_downloads/1766583853.json
[2025-12-24T13:51:44.095+0000] {logging_mixin.py:188} INFO - Downloaded TSLA/1766583866.json -> /tmp/minio_downloads/1766583866.json
[2025-12-24T13:51:44.112+0000] {logging_mixin.py:188} INFO - Downloaded TSLA/1766583879.json -> /tmp/minio_downloads/1766583879.json
[2025-12-24T13:51:44.130+0000] {logging_mixin.py:188} INFO - Downloaded TSLA/1766583891.json -> /tmp/minio_downloads/1766583891.json
[2025-12-24T13:51:44.152+0000] {logging_mixin.py:188} INFO - Downloaded TSLA/1766583903.json -> /tmp/minio_downloads/1766583903.json
[2025-12-24T13:51:44.171+0000] {logging_mixin.py:188} INFO - Downloaded TSLA/1766583917.json -> /tmp/minio_downloads/1766583917.json
[2025-12-24T13:51:44.193+0000] {logging_mixin.py:188} INFO - Downloaded TSLA/1766583930.json -> /tmp/minio_downloads/1766583930.json
[2025-12-24T13:51:44.213+0000] {logging_mixin.py:188} INFO - Downloaded TSLA/1766583943.json -> /tmp/minio_downloads/1766583943.json
[2025-12-24T13:51:44.239+0000] {logging_mixin.py:188} INFO - Downloaded TSLA/1766583957.json -> /tmp/minio_downloads/1766583957.json
[2025-12-24T13:51:44.263+0000] {logging_mixin.py:188} INFO - Downloaded TSLA/1766583970.json -> /tmp/minio_downloads/1766583970.json
[2025-12-24T13:51:44.287+0000] {logging_mixin.py:188} INFO - Downloaded TSLA/1766583984.json -> /tmp/minio_downloads/1766583984.json
[2025-12-24T13:51:44.307+0000] {logging_mixin.py:188} INFO - Downloaded TSLA/1766583997.json -> /tmp/minio_downloads/1766583997.json
[2025-12-24T13:51:44.327+0000] {logging_mixin.py:188} INFO - Downloaded TSLA/1766584009.json -> /tmp/minio_downloads/1766584009.json
[2025-12-24T13:51:44.345+0000] {logging_mixin.py:188} INFO - Downloaded TSLA/1766584024.json -> /tmp/minio_downloads/1766584024.json
[2025-12-24T13:51:44.366+0000] {logging_mixin.py:188} INFO - Downloaded TSLA/1766584037.json -> /tmp/minio_downloads/1766584037.json
[2025-12-24T13:51:44.386+0000] {logging_mixin.py:188} INFO - Downloaded TSLA/1766584051.json -> /tmp/minio_downloads/1766584051.json
[2025-12-24T13:51:44.405+0000] {logging_mixin.py:188} INFO - Downloaded TSLA/1766584064.json -> /tmp/minio_downloads/1766584064.json
[2025-12-24T13:51:44.425+0000] {logging_mixin.py:188} INFO - Downloaded TSLA/1766584078.json -> /tmp/minio_downloads/1766584078.json
[2025-12-24T13:51:44.447+0000] {logging_mixin.py:188} INFO - Downloaded TSLA/1766584091.json -> /tmp/minio_downloads/1766584091.json
[2025-12-24T13:51:44.468+0000] {logging_mixin.py:188} INFO - Downloaded TSLA/1766584104.json -> /tmp/minio_downloads/1766584104.json
[2025-12-24T13:51:44.491+0000] {logging_mixin.py:188} INFO - Downloaded TSLA/1766584118.json -> /tmp/minio_downloads/1766584118.json
[2025-12-24T13:51:44.512+0000] {logging_mixin.py:188} INFO - Downloaded TSLA/1766584132.json -> /tmp/minio_downloads/1766584132.json
[2025-12-24T13:51:44.533+0000] {logging_mixin.py:188} INFO - Downloaded TSLA/1766584144.json -> /tmp/minio_downloads/1766584144.json
[2025-12-24T13:51:44.553+0000] {logging_mixin.py:188} INFO - Downloaded TSLA/1766584158.json -> /tmp/minio_downloads/1766584158.json
[2025-12-24T13:51:44.574+0000] {logging_mixin.py:188} INFO - Downloaded TSLA/1766584171.json -> /tmp/minio_downloads/1766584171.json
[2025-12-24T13:51:44.594+0000] {logging_mixin.py:188} INFO - Downloaded TSLA/1766584185.json -> /tmp/minio_downloads/1766584185.json
[2025-12-24T13:51:44.614+0000] {logging_mixin.py:188} INFO - Downloaded TSLA/1766584199.json -> /tmp/minio_downloads/1766584199.json
[2025-12-24T13:51:44.634+0000] {logging_mixin.py:188} INFO - Downloaded TSLA/1766584213.json -> /tmp/minio_downloads/1766584213.json
[2025-12-24T13:51:44.652+0000] {logging_mixin.py:188} INFO - Downloaded TSLA/1766584226.json -> /tmp/minio_downloads/1766584226.json
[2025-12-24T13:51:44.672+0000] {logging_mixin.py:188} INFO - Downloaded TSLA/1766584240.json -> /tmp/minio_downloads/1766584240.json
[2025-12-24T13:51:44.692+0000] {logging_mixin.py:188} INFO - Downloaded TSLA/1766584252.json -> /tmp/minio_downloads/1766584252.json
[2025-12-24T13:51:44.711+0000] {logging_mixin.py:188} INFO - Downloaded TSLA/1766584265.json -> /tmp/minio_downloads/1766584265.json
[2025-12-24T13:51:44.733+0000] {logging_mixin.py:188} INFO - Downloaded TSLA/1766584279.json -> /tmp/minio_downloads/1766584279.json
[2025-12-24T13:51:44.752+0000] {logging_mixin.py:188} INFO - Downloaded TSLA/1766584292.json -> /tmp/minio_downloads/1766584292.json
[2025-12-24T13:51:44.755+0000] {python.py:237} INFO - Done. Returned value was: ['/tmp/minio_downloads/1766583258.json', '/tmp/minio_downloads/1766583273.json', '/tmp/minio_downloads/1766583286.json', '/tmp/minio_downloads/1766583299.json', '/tmp/minio_downloads/1766583313.json', '/tmp/minio_downloads/1766583326.json', '/tmp/minio_downloads/1766583339.json', '/tmp/minio_downloads/1766583352.json', '/tmp/minio_downloads/1766583365.json', '/tmp/minio_downloads/1766583378.json', '/tmp/minio_downloads/1766583391.json', '/tmp/minio_downloads/1766583405.json', '/tmp/minio_downloads/1766583419.json', '/tmp/minio_downloads/1766583434.json', '/tmp/minio_downloads/1766583447.json', '/tmp/minio_downloads/1766583459.json', '/tmp/minio_downloads/1766583472.json', '/tmp/minio_downloads/1766583485.json', '/tmp/minio_downloads/1766583498.json', '/tmp/minio_downloads/1766583511.json', '/tmp/minio_downloads/1766583524.json', '/tmp/minio_downloads/1766583538.json', '/tmp/minio_downloads/1766583551.json', '/tmp/minio_downloads/1766583564.json', '/tmp/minio_downloads/1766583577.json', '/tmp/minio_downloads/1766583592.json', '/tmp/minio_downloads/1766583607.json', '/tmp/minio_downloads/1766583621.json', '/tmp/minio_downloads/1766583634.json', '/tmp/minio_downloads/1766583648.json', '/tmp/minio_downloads/1766583660.json', '/tmp/minio_downloads/1766583674.json', '/tmp/minio_downloads/1766583687.json', '/tmp/minio_downloads/1766583701.json', '/tmp/minio_downloads/1766583714.json', '/tmp/minio_downloads/1766583727.json', '/tmp/minio_downloads/1766583741.json', '/tmp/minio_downloads/1766583755.json', '/tmp/minio_downloads/1766583768.json', '/tmp/minio_downloads/1766583782.json', '/tmp/minio_downloads/1766583795.json', '/tmp/minio_downloads/1766583809.json', '/tmp/minio_downloads/1766583822.json', '/tmp/minio_downloads/1766583837.json', '/tmp/minio_downloads/1766583850.json', '/tmp/minio_downloads/1766583863.json', '/tmp/minio_downloads/1766583876.json', '/tmp/minio_downloads/1766583888.json', '/tmp/minio_downloads/1766583901.json', '/tmp/minio_downloads/1766583914.json', '/tmp/minio_downloads/1766583927.json', '/tmp/minio_downloads/1766583940.json', '/tmp/minio_downloads/1766583954.json', '/tmp/minio_downloads/1766583967.json', '/tmp/minio_downloads/1766583981.json', '/tmp/minio_downloads/1766583994.json', '/tmp/minio_downloads/1766584007.json', '/tmp/minio_downloads/1766584020.json', '/tmp/minio_downloads/1766584034.json', '/tmp/minio_downloads/1766584048.json', '/tmp/minio_downloads/1766584062.json', '/tmp/minio_downloads/1766584075.json', '/tmp/minio_downloads/1766584088.json', '/tmp/minio_downloads/1766584101.json', '/tmp/minio_downloads/1766584114.json', '/tmp/minio_downloads/1766584129.json', '/tmp/minio_downloads/1766584141.json', '/tmp/minio_downloads/1766584155.json', '/tmp/minio_downloads/1766584168.json', '/tmp/minio_downloads/1766584181.json', '/tmp/minio_downloads/1766584196.json', '/tmp/minio_downloads/1766584210.json', '/tmp/minio_downloads/1766584223.json', '/tmp/minio_downloads/1766584237.json', '/tmp/minio_downloads/1766584250.json', '/tmp/minio_downloads/1766584262.json', '/tmp/minio_downloads/1766584276.json', '/tmp/minio_downloads/1766584289.json', '/tmp/minio_downloads/1766583266.json', '/tmp/minio_downloads/1766583278.json', '/tmp/minio_downloads/1766583292.json', '/tmp/minio_downloads/1766583305.json', '/tmp/minio_downloads/1766583318.json', '/tmp/minio_downloads/1766583332.json', '/tmp/minio_downloads/1766583345.json', '/tmp/minio_downloads/1766583358.json', '/tmp/minio_downloads/1766583371.json', '/tmp/minio_downloads/1766583384.json', '/tmp/minio_downloads/1766583398.json', '/tmp/minio_downloads/1766583411.json', '/tmp/minio_downloads/1766583426.json', '/tmp/minio_downloads/1766583439.json', '/tmp/minio_downloads/1766583452.json', '/tmp/minio_downloads/1766583464.json', '/tmp/minio_downloads/1766583477.json', '/tmp/minio_downloads/1766583491.json', '/tmp/minio_downloads/1766583503.json', '/tmp/minio_downloads/1766583517.json', '/tmp/minio_downloads/1766583530.json', '/tmp/minio_downloads/1766583543.json', '/tmp/minio_downloads/1766583556.json', '/tmp/minio_downloads/1766583570.json', '/tmp/minio_downloads/1766583584.json', '/tmp/minio_downloads/1766583599.json', '/tmp/minio_downloads/1766583613.json', '/tmp/minio_downloads/1766583626.json', '/tmp/minio_downloads/1766583640.json', '/tmp/minio_downloads/1766583653.json', '/tmp/minio_downloads/1766583666.json', '/tmp/minio_downloads/1766583680.json', '/tmp/minio_downloads/1766583694.json', '/tmp/minio_downloads/1766583707.json', '/tmp/minio_downloads/1766583720.json', '/tmp/minio_downloads/1766583734.json', '/tmp/minio_downloads/1766583747.json', '/tmp/minio_downloads/1766583761.json', '/tmp/minio_downloads/1766583774.json', '/tmp/minio_downloads/1766583788.json', '/tmp/minio_downloads/1766583801.json', '/tmp/minio_downloads/1766583815.json', '/tmp/minio_downloads/1766583829.json', '/tmp/minio_downloads/1766583843.json', '/tmp/minio_downloads/1766583856.json', '/tmp/minio_downloads/1766583868.json', '/tmp/minio_downloads/1766583881.json', '/tmp/minio_downloads/1766583893.json', '/tmp/minio_downloads/1766583906.json', '/tmp/minio_downloads/1766583920.json', '/tmp/minio_downloads/1766583933.json', '/tmp/minio_downloads/1766583947.json', '/tmp/minio_downloads/1766583960.json', '/tmp/minio_downloads/1766583974.json', '/tmp/minio_downloads/1766583987.json', '/tmp/minio_downloads/1766583999.json', '/tmp/minio_downloads/1766584012.json', '/tmp/minio_downloads/1766584027.json', '/tmp/minio_downloads/1766584040.json', '/tmp/minio_downloads/1766584054.json', '/tmp/minio_downloads/1766584067.json', '/tmp/minio_downloads/1766584081.json', '/tmp/minio_downloads/1766584094.json', '/tmp/minio_downloads/1766584107.json', '/tmp/minio_downloads/1766584121.json', '/tmp/minio_downloads/1766584134.json', '/tmp/minio_downloads/1766584148.json', '/tmp/minio_downloads/1766584161.json', '/tmp/minio_downloads/1766584173.json', '/tmp/minio_downloads/1766584188.json', '/tmp/minio_downloads/1766584202.json', '/tmp/minio_downloads/1766584215.json', '/tmp/minio_downloads/1766584229.json', '/tmp/minio_downloads/1766584242.json', '/tmp/minio_downloads/1766584255.json', '/tmp/minio_downloads/1766584268.json', '/tmp/minio_downloads/1766584282.json', '/tmp/minio_downloads/1766583264.json', '/tmp/minio_downloads/1766583277.json', '/tmp/minio_downloads/1766583291.json', '/tmp/minio_downloads/1766583304.json', '/tmp/minio_downloads/1766583316.json', '/tmp/minio_downloads/1766583330.json', '/tmp/minio_downloads/1766583343.json', '/tmp/minio_downloads/1766583356.json', '/tmp/minio_downloads/1766583370.json', '/tmp/minio_downloads/1766583383.json', '/tmp/minio_downloads/1766583396.json', '/tmp/minio_downloads/1766583410.json', '/tmp/minio_downloads/1766583425.json', '/tmp/minio_downloads/1766583438.json', '/tmp/minio_downloads/1766583451.json', '/tmp/minio_downloads/1766583463.json', '/tmp/minio_downloads/1766583476.json', '/tmp/minio_downloads/1766583489.json', '/tmp/minio_downloads/1766583502.json', '/tmp/minio_downloads/1766583515.json', '/tmp/minio_downloads/1766583528.json', '/tmp/minio_downloads/1766583542.json', '/tmp/minio_downloads/1766583555.json', '/tmp/minio_downloads/1766583568.json', '/tmp/minio_downloads/1766583583.json', '/tmp/minio_downloads/1766583597.json', '/tmp/minio_downloads/1766583611.json', '/tmp/minio_downloads/1766583625.json', '/tmp/minio_downloads/1766583638.json', '/tmp/minio_downloads/1766583652.json', '/tmp/minio_downloads/1766583664.json', '/tmp/minio_downloads/1766583678.json', '/tmp/minio_downloads/1766583692.json', '/tmp/minio_downloads/1766583705.json', '/tmp/minio_downloads/1766583718.json', '/tmp/minio_downloads/1766583732.json', '/tmp/minio_downloads/1766583745.json', '/tmp/minio_downloads/1766583759.json', '/tmp/minio_downloads/1766583773.json', '/tmp/minio_downloads/1766583787.json', '/tmp/minio_downloads/1766583800.json', '/tmp/minio_downloads/1766583814.json', '/tmp/minio_downloads/1766583828.json', '/tmp/minio_downloads/1766583841.json', '/tmp/minio_downloads/1766583855.json', '/tmp/minio_downloads/1766583867.json', '/tmp/minio_downloads/1766583880.json', '/tmp/minio_downloads/1766583892.json', '/tmp/minio_downloads/1766583904.json', '/tmp/minio_downloads/1766583918.json', '/tmp/minio_downloads/1766583932.json', '/tmp/minio_downloads/1766583945.json', '/tmp/minio_downloads/1766583958.json', '/tmp/minio_downloads/1766583972.json', '/tmp/minio_downloads/1766583986.json', '/tmp/minio_downloads/1766583998.json', '/tmp/minio_downloads/1766584011.json', '/tmp/minio_downloads/1766584025.json', '/tmp/minio_downloads/1766584039.json', '/tmp/minio_downloads/1766584053.json', '/tmp/minio_downloads/1766584066.json', '/tmp/minio_downloads/1766584079.json', '/tmp/minio_downloads/1766584093.json', '/tmp/minio_downloads/1766584105.json', '/tmp/minio_downloads/1766584120.json', '/tmp/minio_downloads/1766584133.json', '/tmp/minio_downloads/1766584146.json', '/tmp/minio_downloads/1766584159.json', '/tmp/minio_downloads/1766584172.json', '/tmp/minio_downloads/1766584187.json', '/tmp/minio_downloads/1766584201.json', '/tmp/minio_downloads/1766584214.json', '/tmp/minio_downloads/1766584228.json', '/tmp/minio_downloads/1766584241.json', '/tmp/minio_downloads/1766584254.json', '/tmp/minio_downloads/1766584266.json', '/tmp/minio_downloads/1766584280.json', '/tmp/minio_downloads/1766583260.json', '/tmp/minio_downloads/1766583275.json', '/tmp/minio_downloads/1766583288.json', '/tmp/minio_downloads/1766583301.json', '/tmp/minio_downloads/1766583314.json', '/tmp/minio_downloads/1766583327.json', '/tmp/minio_downloads/1766583341.json', '/tmp/minio_downloads/1766583354.json', '/tmp/minio_downloads/1766583366.json', '/tmp/minio_downloads/1766583380.json', '/tmp/minio_downloads/1766583393.json', '/tmp/minio_downloads/1766583407.json', '/tmp/minio_downloads/1766583420.json', '/tmp/minio_downloads/1766583436.json', '/tmp/minio_downloads/1766583448.json', '/tmp/minio_downloads/1766583461.json', '/tmp/minio_downloads/1766583473.json', '/tmp/minio_downloads/1766583487.json', '/tmp/minio_downloads/1766583499.json', '/tmp/minio_downloads/1766583513.json', '/tmp/minio_downloads/1766583525.json', '/tmp/minio_downloads/1766583539.json', '/tmp/minio_downloads/1766583552.json', '/tmp/minio_downloads/1766583565.json', '/tmp/minio_downloads/1766583579.json', '/tmp/minio_downloads/1766583593.json', '/tmp/minio_downloads/1766583608.json', '/tmp/minio_downloads/1766583622.json', '/tmp/minio_downloads/1766583635.json', '/tmp/minio_downloads/1766583649.json', '/tmp/minio_downloads/1766583662.json', '/tmp/minio_downloads/1766583675.json', '/tmp/minio_downloads/1766583689.json', '/tmp/minio_downloads/1766583703.json', '/tmp/minio_downloads/1766583715.json', '/tmp/minio_downloads/1766583729.json', '/tmp/minio_downloads/1766583743.json', '/tmp/minio_downloads/1766583756.json', '/tmp/minio_downloads/1766583770.json', '/tmp/minio_downloads/1766583784.json', '/tmp/minio_downloads/1766583797.json', '/tmp/minio_downloads/1766583810.json', '/tmp/minio_downloads/1766583824.json', '/tmp/minio_downloads/1766583838.json', '/tmp/minio_downloads/1766583852.json', '/tmp/minio_downloads/1766583864.json', '/tmp/minio_downloads/1766583877.json', '/tmp/minio_downloads/1766583890.json', '/tmp/minio_downloads/1766583902.json', '/tmp/minio_downloads/1766583915.json', '/tmp/minio_downloads/1766583929.json', '/tmp/minio_downloads/1766583942.json', '/tmp/minio_downloads/1766583955.json', '/tmp/minio_downloads/1766583969.json', '/tmp/minio_downloads/1766583983.json', '/tmp/minio_downloads/1766583995.json', '/tmp/minio_downloads/1766584008.json', '/tmp/minio_downloads/1766584022.json', '/tmp/minio_downloads/1766584036.json', '/tmp/minio_downloads/1766584049.json', '/tmp/minio_downloads/1766584063.json', '/tmp/minio_downloads/1766584077.json', '/tmp/minio_downloads/1766584090.json', '/tmp/minio_downloads/1766584103.json', '/tmp/minio_downloads/1766584116.json', '/tmp/minio_downloads/1766584130.json', '/tmp/minio_downloads/1766584143.json', '/tmp/minio_downloads/1766584156.json', '/tmp/minio_downloads/1766584169.json', '/tmp/minio_downloads/1766584183.json', '/tmp/minio_downloads/1766584197.json', '/tmp/minio_downloads/1766584211.json', '/tmp/minio_downloads/1766584225.json', '/tmp/minio_downloads/1766584238.json', '/tmp/minio_downloads/1766584251.json', '/tmp/minio_downloads/1766584264.json', '/tmp/minio_downloads/1766584277.json', '/tmp/minio_downloads/1766584291.json', '/tmp/minio_downloads/1766583262.json', '/tmp/minio_downloads/1766583276.json', '/tmp/minio_downloads/1766583289.json', '/tmp/minio_downloads/1766583302.json', '/tmp/minio_downloads/1766583315.json', '/tmp/minio_downloads/1766583329.json', '/tmp/minio_downloads/1766583342.json', '/tmp/minio_downloads/1766583355.json', '/tmp/minio_downloads/1766583368.json', '/tmp/minio_downloads/1766583381.json', '/tmp/minio_downloads/1766583394.json', '/tmp/minio_downloads/1766583408.json', '/tmp/minio_downloads/1766583422.json', '/tmp/minio_downloads/1766583437.json', '/tmp/minio_downloads/1766583449.json', '/tmp/minio_downloads/1766583462.json', '/tmp/minio_downloads/1766583474.json', '/tmp/minio_downloads/1766583488.json', '/tmp/minio_downloads/1766583501.json', '/tmp/minio_downloads/1766583514.json', '/tmp/minio_downloads/1766583527.json', '/tmp/minio_downloads/1766583541.json', '/tmp/minio_downloads/1766583553.json', '/tmp/minio_downloads/1766583567.json', '/tmp/minio_downloads/1766583582.json', '/tmp/minio_downloads/1766583595.json', '/tmp/minio_downloads/1766583609.json', '/tmp/minio_downloads/1766583623.json', '/tmp/minio_downloads/1766583637.json', '/tmp/minio_downloads/1766583650.json', '/tmp/minio_downloads/1766583663.json', '/tmp/minio_downloads/1766583677.json', '/tmp/minio_downloads/1766583690.json', '/tmp/minio_downloads/1766583704.json', '/tmp/minio_downloads/1766583717.json', '/tmp/minio_downloads/1766583730.json', '/tmp/minio_downloads/1766583744.json', '/tmp/minio_downloads/1766583758.json', '/tmp/minio_downloads/1766583771.json', '/tmp/minio_downloads/1766583785.json', '/tmp/minio_downloads/1766583798.json', '/tmp/minio_downloads/1766583812.json', '/tmp/minio_downloads/1766583826.json', '/tmp/minio_downloads/1766583840.json', '/tmp/minio_downloads/1766583853.json', '/tmp/minio_downloads/1766583866.json', '/tmp/minio_downloads/1766583879.json', '/tmp/minio_downloads/1766583891.json', '/tmp/minio_downloads/1766583903.json', '/tmp/minio_downloads/1766583917.json', '/tmp/minio_downloads/1766583930.json', '/tmp/minio_downloads/1766583943.json', '/tmp/minio_downloads/1766583957.json', '/tmp/minio_downloads/1766583970.json', '/tmp/minio_downloads/1766583984.json', '/tmp/minio_downloads/1766583997.json', '/tmp/minio_downloads/1766584009.json', '/tmp/minio_downloads/1766584024.json', '/tmp/minio_downloads/1766584037.json', '/tmp/minio_downloads/1766584051.json', '/tmp/minio_downloads/1766584064.json', '/tmp/minio_downloads/1766584078.json', '/tmp/minio_downloads/1766584091.json', '/tmp/minio_downloads/1766584104.json', '/tmp/minio_downloads/1766584118.json', '/tmp/minio_downloads/1766584132.json', '/tmp/minio_downloads/1766584144.json', '/tmp/minio_downloads/1766584158.json', '/tmp/minio_downloads/1766584171.json', '/tmp/minio_downloads/1766584185.json', '/tmp/minio_downloads/1766584199.json', '/tmp/minio_downloads/1766584213.json', '/tmp/minio_downloads/1766584226.json', '/tmp/minio_downloads/1766584240.json', '/tmp/minio_downloads/1766584252.json', '/tmp/minio_downloads/1766584265.json', '/tmp/minio_downloads/1766584279.json', '/tmp/minio_downloads/1766584292.json']
[2025-12-24T13:51:44.759+0000] {taskinstance.py:441} INFO - ::group::Post task execution logs
[2025-12-24T13:51:44.850+0000] {taskinstance.py:1206} INFO - Marking task as SUCCESS. dag_id=minio_to_snowflake, task_id=download_minio, run_id=scheduled__2025-12-24T13:49:00+00:00, execution_date=20251224T134900, start_date=20251224T135133, end_date=20251224T135144
[2025-12-24T13:51:44.942+0000] {local_task_job_runner.py:243} INFO - Task exited with return code 0
[2025-12-24T13:51:44.991+0000] {taskinstance.py:3503} INFO - 1 downstream tasks scheduled from follow-on schedule check
[2025-12-24T13:51:44.997+0000] {local_task_job_runner.py:222} INFO - ::endgroup::
