[2025-12-26T06:35:36.389+0000] {local_task_job_runner.py:120} INFO - ::group::Pre task execution logs
[2025-12-26T06:35:36.458+0000] {taskinstance.py:2076} INFO - Dependencies all met for dep_context=non-requeueable deps ti=<TaskInstance: minio_to_snowflake.load_snowflake scheduled__2025-12-26T06:29:00+00:00 [queued]>
[2025-12-26T06:35:36.474+0000] {taskinstance.py:2076} INFO - Dependencies all met for dep_context=requeueable deps ti=<TaskInstance: minio_to_snowflake.load_snowflake scheduled__2025-12-26T06:29:00+00:00 [queued]>
[2025-12-26T06:35:36.475+0000] {taskinstance.py:2306} INFO - Starting attempt 1 of 2
[2025-12-26T06:35:36.499+0000] {taskinstance.py:2330} INFO - Executing <Task(PythonOperator): load_snowflake> on 2025-12-26 06:29:00+00:00
[2025-12-26T06:35:36.536+0000] {logging_mixin.py:188} WARNING - /home/***/.local/lib/python3.12/site-packages/***/task/task_runner/standard_task_runner.py:62 DeprecationWarning: This process (pid=6554) is multi-threaded, use of fork() may lead to deadlocks in the child.
[2025-12-26T06:35:36.525+0000] {standard_task_runner.py:90} INFO - Running: ['***', 'tasks', 'run', 'minio_to_snowflake', 'load_snowflake', 'scheduled__2025-12-26T06:29:00+00:00', '--job-id', '17', '--raw', '--subdir', 'DAGS_FOLDER/minio_to_snowflake.py', '--cfg-path', '/tmp/tmp2nwykllw']
[2025-12-26T06:35:36.538+0000] {standard_task_runner.py:64} INFO - Started process 6568 to run task
[2025-12-26T06:35:36.538+0000] {standard_task_runner.py:91} INFO - Job 17: Subtask load_snowflake
[2025-12-26T06:35:36.675+0000] {task_command.py:426} INFO - Running <TaskInstance: minio_to_snowflake.load_snowflake scheduled__2025-12-26T06:29:00+00:00 [running]> on host 3fb2a1a27553
[2025-12-26T06:35:36.879+0000] {taskinstance.py:2648} INFO - Exporting env vars: AIRFLOW_CTX_DAG_OWNER='***' AIRFLOW_CTX_DAG_ID='minio_to_snowflake' AIRFLOW_CTX_TASK_ID='load_snowflake' AIRFLOW_CTX_EXECUTION_DATE='2025-12-26T06:29:00+00:00' AIRFLOW_CTX_TRY_NUMBER='1' AIRFLOW_CTX_DAG_RUN_ID='scheduled__2025-12-26T06:29:00+00:00'
[2025-12-26T06:35:36.882+0000] {taskinstance.py:430} INFO - ::endgroup::
[2025-12-26T06:35:36.941+0000] {connection.py:610} INFO - Snowflake Connector for Python Version: 4.1.1, Python Version: 3.12.4, Platform: Linux-6.6.87.2-microsoft-standard-WSL2-x86_64-with-glibc2.36
[2025-12-26T06:35:36.944+0000] {connection.py:1693} INFO - Connecting to GLOBAL Snowflake domain
[2025-12-26T06:35:40.619+0000] {logging_mixin.py:188} INFO - Uploaded /tmp/minio_downloads/1766728889.json to Snowflake stage
[2025-12-26T06:35:40.883+0000] {logging_mixin.py:188} INFO - Uploaded /tmp/minio_downloads/1766728900.json to Snowflake stage
[2025-12-26T06:35:41.155+0000] {logging_mixin.py:188} INFO - Uploaded /tmp/minio_downloads/1766728911.json to Snowflake stage
[2025-12-26T06:35:41.415+0000] {logging_mixin.py:188} INFO - Uploaded /tmp/minio_downloads/1766728923.json to Snowflake stage
[2025-12-26T06:35:41.687+0000] {logging_mixin.py:188} INFO - Uploaded /tmp/minio_downloads/1766728935.json to Snowflake stage
[2025-12-26T06:35:41.967+0000] {logging_mixin.py:188} INFO - Uploaded /tmp/minio_downloads/1766728947.json to Snowflake stage
[2025-12-26T06:35:42.241+0000] {logging_mixin.py:188} INFO - Uploaded /tmp/minio_downloads/1766728960.json to Snowflake stage
[2025-12-26T06:35:42.531+0000] {logging_mixin.py:188} INFO - Uploaded /tmp/minio_downloads/1766728972.json to Snowflake stage
[2025-12-26T06:35:42.798+0000] {logging_mixin.py:188} INFO - Uploaded /tmp/minio_downloads/1766728984.json to Snowflake stage
[2025-12-26T06:35:43.186+0000] {logging_mixin.py:188} INFO - Uploaded /tmp/minio_downloads/1766728995.json to Snowflake stage
[2025-12-26T06:35:43.527+0000] {logging_mixin.py:188} INFO - Uploaded /tmp/minio_downloads/1766729007.json to Snowflake stage
[2025-12-26T06:35:43.788+0000] {logging_mixin.py:188} INFO - Uploaded /tmp/minio_downloads/1766729020.json to Snowflake stage
[2025-12-26T06:35:44.063+0000] {logging_mixin.py:188} INFO - Uploaded /tmp/minio_downloads/1766729032.json to Snowflake stage
[2025-12-26T06:35:44.326+0000] {logging_mixin.py:188} INFO - Uploaded /tmp/minio_downloads/1766729044.json to Snowflake stage
[2025-12-26T06:35:44.660+0000] {logging_mixin.py:188} INFO - Uploaded /tmp/minio_downloads/1766729057.json to Snowflake stage
[2025-12-26T06:35:44.920+0000] {logging_mixin.py:188} INFO - Uploaded /tmp/minio_downloads/1766729070.json to Snowflake stage
[2025-12-26T06:35:45.898+0000] {logging_mixin.py:188} INFO - Uploaded /tmp/minio_downloads/1766729083.json to Snowflake stage
[2025-12-26T06:35:46.181+0000] {logging_mixin.py:188} INFO - Uploaded /tmp/minio_downloads/1766729095.json to Snowflake stage
[2025-12-26T06:35:46.446+0000] {logging_mixin.py:188} INFO - Uploaded /tmp/minio_downloads/1766729109.json to Snowflake stage
[2025-12-26T06:35:46.742+0000] {logging_mixin.py:188} INFO - Uploaded /tmp/minio_downloads/1766729122.json to Snowflake stage
[2025-12-26T06:35:47.036+0000] {logging_mixin.py:188} INFO - Uploaded /tmp/minio_downloads/1766729135.json to Snowflake stage
[2025-12-26T06:35:47.318+0000] {logging_mixin.py:188} INFO - Uploaded /tmp/minio_downloads/1766729147.json to Snowflake stage
[2025-12-26T06:35:47.626+0000] {logging_mixin.py:188} INFO - Uploaded /tmp/minio_downloads/1766729160.json to Snowflake stage
[2025-12-26T06:35:47.902+0000] {logging_mixin.py:188} INFO - Uploaded /tmp/minio_downloads/1766729172.json to Snowflake stage
[2025-12-26T06:35:48.248+0000] {logging_mixin.py:188} INFO - Uploaded /tmp/minio_downloads/1766729185.json to Snowflake stage
[2025-12-26T06:35:48.558+0000] {logging_mixin.py:188} INFO - Uploaded /tmp/minio_downloads/1766729199.json to Snowflake stage
[2025-12-26T06:35:48.830+0000] {logging_mixin.py:188} INFO - Uploaded /tmp/minio_downloads/1766729212.json to Snowflake stage
[2025-12-26T06:35:49.093+0000] {logging_mixin.py:188} INFO - Uploaded /tmp/minio_downloads/1766729225.json to Snowflake stage
[2025-12-26T06:35:49.351+0000] {logging_mixin.py:188} INFO - Uploaded /tmp/minio_downloads/1766729238.json to Snowflake stage
[2025-12-26T06:35:49.607+0000] {logging_mixin.py:188} INFO - Uploaded /tmp/minio_downloads/1766729250.json to Snowflake stage
[2025-12-26T06:35:49.886+0000] {logging_mixin.py:188} INFO - Uploaded /tmp/minio_downloads/1766729263.json to Snowflake stage
[2025-12-26T06:35:50.145+0000] {logging_mixin.py:188} INFO - Uploaded /tmp/minio_downloads/1766729277.json to Snowflake stage
[2025-12-26T06:35:50.408+0000] {logging_mixin.py:188} INFO - Uploaded /tmp/minio_downloads/1766729289.json to Snowflake stage
[2025-12-26T06:35:50.678+0000] {logging_mixin.py:188} INFO - Uploaded /tmp/minio_downloads/1766729301.json to Snowflake stage
[2025-12-26T06:35:50.944+0000] {logging_mixin.py:188} INFO - Uploaded /tmp/minio_downloads/1766729313.json to Snowflake stage
[2025-12-26T06:35:51.209+0000] {logging_mixin.py:188} INFO - Uploaded /tmp/minio_downloads/1766729326.json to Snowflake stage
[2025-12-26T06:35:51.476+0000] {logging_mixin.py:188} INFO - Uploaded /tmp/minio_downloads/1766729338.json to Snowflake stage
[2025-12-26T06:35:51.740+0000] {logging_mixin.py:188} INFO - Uploaded /tmp/minio_downloads/1766729351.json to Snowflake stage
[2025-12-26T06:35:52.035+0000] {logging_mixin.py:188} INFO - Uploaded /tmp/minio_downloads/1766729363.json to Snowflake stage
[2025-12-26T06:35:52.316+0000] {logging_mixin.py:188} INFO - Uploaded /tmp/minio_downloads/1766729376.json to Snowflake stage
[2025-12-26T06:35:52.575+0000] {logging_mixin.py:188} INFO - Uploaded /tmp/minio_downloads/1766729388.json to Snowflake stage
[2025-12-26T06:35:52.837+0000] {logging_mixin.py:188} INFO - Uploaded /tmp/minio_downloads/1766729401.json to Snowflake stage
[2025-12-26T06:35:53.092+0000] {logging_mixin.py:188} INFO - Uploaded /tmp/minio_downloads/1766729413.json to Snowflake stage
[2025-12-26T06:35:53.359+0000] {logging_mixin.py:188} INFO - Uploaded /tmp/minio_downloads/1766729425.json to Snowflake stage
[2025-12-26T06:35:53.626+0000] {logging_mixin.py:188} INFO - Uploaded /tmp/minio_downloads/1766729438.json to Snowflake stage
[2025-12-26T06:35:53.935+0000] {logging_mixin.py:188} INFO - Uploaded /tmp/minio_downloads/1766729450.json to Snowflake stage
[2025-12-26T06:35:54.208+0000] {logging_mixin.py:188} INFO - Uploaded /tmp/minio_downloads/1766729463.json to Snowflake stage
[2025-12-26T06:35:54.490+0000] {logging_mixin.py:188} INFO - Uploaded /tmp/minio_downloads/1766729476.json to Snowflake stage
[2025-12-26T06:35:54.757+0000] {logging_mixin.py:188} INFO - Uploaded /tmp/minio_downloads/1766729489.json to Snowflake stage
[2025-12-26T06:35:55.024+0000] {logging_mixin.py:188} INFO - Uploaded /tmp/minio_downloads/1766729502.json to Snowflake stage
[2025-12-26T06:35:55.306+0000] {logging_mixin.py:188} INFO - Uploaded /tmp/minio_downloads/1766729514.json to Snowflake stage
[2025-12-26T06:35:55.647+0000] {logging_mixin.py:188} INFO - Uploaded /tmp/minio_downloads/1766729526.json to Snowflake stage
[2025-12-26T06:35:55.917+0000] {logging_mixin.py:188} INFO - Uploaded /tmp/minio_downloads/1766729538.json to Snowflake stage
[2025-12-26T06:35:56.229+0000] {logging_mixin.py:188} INFO - Uploaded /tmp/minio_downloads/1766729550.json to Snowflake stage
[2025-12-26T06:35:56.517+0000] {logging_mixin.py:188} INFO - Uploaded /tmp/minio_downloads/1766729563.json to Snowflake stage
[2025-12-26T06:35:56.792+0000] {logging_mixin.py:188} INFO - Uploaded /tmp/minio_downloads/1766729575.json to Snowflake stage
[2025-12-26T06:35:57.110+0000] {logging_mixin.py:188} INFO - Uploaded /tmp/minio_downloads/1766729588.json to Snowflake stage
[2025-12-26T06:35:57.382+0000] {logging_mixin.py:188} INFO - Uploaded /tmp/minio_downloads/1766729600.json to Snowflake stage
[2025-12-26T06:35:57.660+0000] {logging_mixin.py:188} INFO - Uploaded /tmp/minio_downloads/1766729613.json to Snowflake stage
[2025-12-26T06:35:58.026+0000] {logging_mixin.py:188} INFO - Uploaded /tmp/minio_downloads/1766729626.json to Snowflake stage
[2025-12-26T06:35:58.366+0000] {logging_mixin.py:188} INFO - Uploaded /tmp/minio_downloads/1766729638.json to Snowflake stage
[2025-12-26T06:35:58.680+0000] {logging_mixin.py:188} INFO - Uploaded /tmp/minio_downloads/1766729649.json to Snowflake stage
[2025-12-26T06:35:58.967+0000] {logging_mixin.py:188} INFO - Uploaded /tmp/minio_downloads/1766729661.json to Snowflake stage
[2025-12-26T06:35:59.426+0000] {logging_mixin.py:188} INFO - Uploaded /tmp/minio_downloads/1766729673.json to Snowflake stage
[2025-12-26T06:35:59.831+0000] {logging_mixin.py:188} INFO - Uploaded /tmp/minio_downloads/1766729685.json to Snowflake stage
[2025-12-26T06:36:00.217+0000] {logging_mixin.py:188} INFO - Uploaded /tmp/minio_downloads/1766729697.json to Snowflake stage
[2025-12-26T06:36:00.613+0000] {logging_mixin.py:188} INFO - Uploaded /tmp/minio_downloads/1766729709.json to Snowflake stage
[2025-12-26T06:36:01.034+0000] {logging_mixin.py:188} INFO - Uploaded /tmp/minio_downloads/1766729721.json to Snowflake stage
[2025-12-26T06:36:01.427+0000] {logging_mixin.py:188} INFO - Uploaded /tmp/minio_downloads/1766729734.json to Snowflake stage
[2025-12-26T06:36:01.814+0000] {logging_mixin.py:188} INFO - Uploaded /tmp/minio_downloads/1766729746.json to Snowflake stage
[2025-12-26T06:36:02.200+0000] {logging_mixin.py:188} INFO - Uploaded /tmp/minio_downloads/1766729759.json to Snowflake stage
[2025-12-26T06:36:02.600+0000] {logging_mixin.py:188} INFO - Uploaded /tmp/minio_downloads/1766729772.json to Snowflake stage
[2025-12-26T06:36:02.980+0000] {logging_mixin.py:188} INFO - Uploaded /tmp/minio_downloads/1766729785.json to Snowflake stage
[2025-12-26T06:36:03.372+0000] {logging_mixin.py:188} INFO - Uploaded /tmp/minio_downloads/1766729801.json to Snowflake stage
[2025-12-26T06:36:03.753+0000] {logging_mixin.py:188} INFO - Uploaded /tmp/minio_downloads/1766729813.json to Snowflake stage
[2025-12-26T06:36:04.141+0000] {logging_mixin.py:188} INFO - Uploaded /tmp/minio_downloads/1766729827.json to Snowflake stage
[2025-12-26T06:36:04.525+0000] {logging_mixin.py:188} INFO - Uploaded /tmp/minio_downloads/1766729839.json to Snowflake stage
[2025-12-26T06:36:04.910+0000] {logging_mixin.py:188} INFO - Uploaded /tmp/minio_downloads/1766729854.json to Snowflake stage
[2025-12-26T06:36:05.292+0000] {logging_mixin.py:188} INFO - Uploaded /tmp/minio_downloads/1766729865.json to Snowflake stage
[2025-12-26T06:36:05.676+0000] {logging_mixin.py:188} INFO - Uploaded /tmp/minio_downloads/1766729879.json to Snowflake stage
[2025-12-26T06:36:06.091+0000] {logging_mixin.py:188} INFO - Uploaded /tmp/minio_downloads/1766729891.json to Snowflake stage
[2025-12-26T06:36:06.862+0000] {logging_mixin.py:188} INFO - Uploaded /tmp/minio_downloads/1766729904.json to Snowflake stage
[2025-12-26T06:36:07.257+0000] {logging_mixin.py:188} INFO - Uploaded /tmp/minio_downloads/1766729916.json to Snowflake stage
[2025-12-26T06:36:07.647+0000] {logging_mixin.py:188} INFO - Uploaded /tmp/minio_downloads/1766729928.json to Snowflake stage
[2025-12-26T06:36:08.103+0000] {logging_mixin.py:188} INFO - Uploaded /tmp/minio_downloads/1766729939.json to Snowflake stage
[2025-12-26T06:36:08.531+0000] {logging_mixin.py:188} INFO - Uploaded /tmp/minio_downloads/1766729952.json to Snowflake stage
[2025-12-26T06:36:08.923+0000] {logging_mixin.py:188} INFO - Uploaded /tmp/minio_downloads/1766729964.json to Snowflake stage
[2025-12-26T06:36:09.303+0000] {logging_mixin.py:188} INFO - Uploaded /tmp/minio_downloads/1766729975.json to Snowflake stage
[2025-12-26T06:36:09.684+0000] {logging_mixin.py:188} INFO - Uploaded /tmp/minio_downloads/1766729987.json to Snowflake stage
[2025-12-26T06:36:10.066+0000] {logging_mixin.py:188} INFO - Uploaded /tmp/minio_downloads/1766729998.json to Snowflake stage
[2025-12-26T06:36:10.454+0000] {logging_mixin.py:188} INFO - Uploaded /tmp/minio_downloads/1766730010.json to Snowflake stage
[2025-12-26T06:36:10.850+0000] {logging_mixin.py:188} INFO - Uploaded /tmp/minio_downloads/1766730023.json to Snowflake stage
[2025-12-26T06:36:11.237+0000] {logging_mixin.py:188} INFO - Uploaded /tmp/minio_downloads/1766730035.json to Snowflake stage
[2025-12-26T06:36:11.624+0000] {logging_mixin.py:188} INFO - Uploaded /tmp/minio_downloads/1766730046.json to Snowflake stage
[2025-12-26T06:36:12.070+0000] {logging_mixin.py:188} INFO - Uploaded /tmp/minio_downloads/1766730058.json to Snowflake stage
[2025-12-26T06:36:12.465+0000] {logging_mixin.py:188} INFO - Uploaded /tmp/minio_downloads/1766730070.json to Snowflake stage
[2025-12-26T06:36:12.850+0000] {logging_mixin.py:188} INFO - Uploaded /tmp/minio_downloads/1766730082.json to Snowflake stage
[2025-12-26T06:36:13.368+0000] {logging_mixin.py:188} INFO - Uploaded /tmp/minio_downloads/1766730094.json to Snowflake stage
[2025-12-26T06:36:13.753+0000] {logging_mixin.py:188} INFO - Uploaded /tmp/minio_downloads/1766730105.json to Snowflake stage
[2025-12-26T06:36:14.106+0000] {logging_mixin.py:188} INFO - Uploaded /tmp/minio_downloads/1766730117.json to Snowflake stage
[2025-12-26T06:36:14.491+0000] {logging_mixin.py:188} INFO - Uploaded /tmp/minio_downloads/1766730128.json to Snowflake stage
[2025-12-26T06:36:14.879+0000] {logging_mixin.py:188} INFO - Uploaded /tmp/minio_downloads/1766730140.json to Snowflake stage
[2025-12-26T06:36:15.263+0000] {logging_mixin.py:188} INFO - Uploaded /tmp/minio_downloads/1766730152.json to Snowflake stage
[2025-12-26T06:36:15.650+0000] {logging_mixin.py:188} INFO - Uploaded /tmp/minio_downloads/1766730163.json to Snowflake stage
[2025-12-26T06:36:16.037+0000] {logging_mixin.py:188} INFO - Uploaded /tmp/minio_downloads/1766730175.json to Snowflake stage
[2025-12-26T06:36:16.425+0000] {logging_mixin.py:188} INFO - Uploaded /tmp/minio_downloads/1766730187.json to Snowflake stage
[2025-12-26T06:36:16.811+0000] {logging_mixin.py:188} INFO - Uploaded /tmp/minio_downloads/1766730198.json to Snowflake stage
[2025-12-26T06:36:17.195+0000] {logging_mixin.py:188} INFO - Uploaded /tmp/minio_downloads/1766730210.json to Snowflake stage
[2025-12-26T06:36:17.581+0000] {logging_mixin.py:188} INFO - Uploaded /tmp/minio_downloads/1766730223.json to Snowflake stage
[2025-12-26T06:36:17.978+0000] {logging_mixin.py:188} INFO - Uploaded /tmp/minio_downloads/1766730234.json to Snowflake stage
[2025-12-26T06:36:18.365+0000] {logging_mixin.py:188} INFO - Uploaded /tmp/minio_downloads/1766730246.json to Snowflake stage
[2025-12-26T06:36:18.757+0000] {logging_mixin.py:188} INFO - Uploaded /tmp/minio_downloads/1766730257.json to Snowflake stage
[2025-12-26T06:36:19.305+0000] {logging_mixin.py:188} INFO - Uploaded /tmp/minio_downloads/1766730268.json to Snowflake stage
[2025-12-26T06:36:19.695+0000] {logging_mixin.py:188} INFO - Uploaded /tmp/minio_downloads/1766730280.json to Snowflake stage
[2025-12-26T06:36:20.081+0000] {logging_mixin.py:188} INFO - Uploaded /tmp/minio_downloads/1766730291.json to Snowflake stage
[2025-12-26T06:36:20.465+0000] {logging_mixin.py:188} INFO - Uploaded /tmp/minio_downloads/1766730304.json to Snowflake stage
[2025-12-26T06:36:20.855+0000] {logging_mixin.py:188} INFO - Uploaded /tmp/minio_downloads/1766730316.json to Snowflake stage
[2025-12-26T06:36:21.263+0000] {logging_mixin.py:188} INFO - Uploaded /tmp/minio_downloads/1766730327.json to Snowflake stage
[2025-12-26T06:36:21.650+0000] {logging_mixin.py:188} INFO - Uploaded /tmp/minio_downloads/1766730339.json to Snowflake stage
[2025-12-26T06:36:22.061+0000] {logging_mixin.py:188} INFO - Uploaded /tmp/minio_downloads/1766730351.json to Snowflake stage
[2025-12-26T06:36:22.457+0000] {logging_mixin.py:188} INFO - Uploaded /tmp/minio_downloads/1766730362.json to Snowflake stage
[2025-12-26T06:36:22.847+0000] {logging_mixin.py:188} INFO - Uploaded /tmp/minio_downloads/1766730374.json to Snowflake stage
[2025-12-26T06:36:23.237+0000] {logging_mixin.py:188} INFO - Uploaded /tmp/minio_downloads/1766730386.json to Snowflake stage
[2025-12-26T06:36:23.633+0000] {logging_mixin.py:188} INFO - Uploaded /tmp/minio_downloads/1766730398.json to Snowflake stage
[2025-12-26T06:36:24.021+0000] {logging_mixin.py:188} INFO - Uploaded /tmp/minio_downloads/1766730410.json to Snowflake stage
[2025-12-26T06:36:24.416+0000] {logging_mixin.py:188} INFO - Uploaded /tmp/minio_downloads/1766730421.json to Snowflake stage
[2025-12-26T06:36:24.801+0000] {logging_mixin.py:188} INFO - Uploaded /tmp/minio_downloads/1766730432.json to Snowflake stage
[2025-12-26T06:36:25.184+0000] {logging_mixin.py:188} INFO - Uploaded /tmp/minio_downloads/1766730444.json to Snowflake stage
[2025-12-26T06:36:25.574+0000] {logging_mixin.py:188} INFO - Uploaded /tmp/minio_downloads/1766730455.json to Snowflake stage
[2025-12-26T06:36:25.957+0000] {logging_mixin.py:188} INFO - Uploaded /tmp/minio_downloads/1766730466.json to Snowflake stage
[2025-12-26T06:36:26.350+0000] {logging_mixin.py:188} INFO - Uploaded /tmp/minio_downloads/1766730478.json to Snowflake stage
[2025-12-26T06:36:27.030+0000] {logging_mixin.py:188} INFO - Uploaded /tmp/minio_downloads/1766730490.json to Snowflake stage
[2025-12-26T06:36:27.427+0000] {logging_mixin.py:188} INFO - Uploaded /tmp/minio_downloads/1766730502.json to Snowflake stage
[2025-12-26T06:36:27.819+0000] {logging_mixin.py:188} INFO - Uploaded /tmp/minio_downloads/1766730513.json to Snowflake stage
[2025-12-26T06:36:28.330+0000] {logging_mixin.py:188} INFO - Uploaded /tmp/minio_downloads/1766730525.json to Snowflake stage
[2025-12-26T06:36:28.821+0000] {logging_mixin.py:188} INFO - Uploaded /tmp/minio_downloads/1766730537.json to Snowflake stage
[2025-12-26T06:36:29.228+0000] {logging_mixin.py:188} INFO - Uploaded /tmp/minio_downloads/1766730550.json to Snowflake stage
[2025-12-26T06:36:29.660+0000] {logging_mixin.py:188} INFO - Uploaded /tmp/minio_downloads/1766730561.json to Snowflake stage
[2025-12-26T06:36:30.057+0000] {logging_mixin.py:188} INFO - Uploaded /tmp/minio_downloads/1766730573.json to Snowflake stage
[2025-12-26T06:36:30.459+0000] {logging_mixin.py:188} INFO - Uploaded /tmp/minio_downloads/1766730584.json to Snowflake stage
[2025-12-26T06:36:30.899+0000] {logging_mixin.py:188} INFO - Uploaded /tmp/minio_downloads/1766730596.json to Snowflake stage
[2025-12-26T06:36:31.304+0000] {logging_mixin.py:188} INFO - Uploaded /tmp/minio_downloads/1766730608.json to Snowflake stage
[2025-12-26T06:36:31.701+0000] {logging_mixin.py:188} INFO - Uploaded /tmp/minio_downloads/1766730620.json to Snowflake stage
[2025-12-26T06:36:32.114+0000] {logging_mixin.py:188} INFO - Uploaded /tmp/minio_downloads/1766730632.json to Snowflake stage
[2025-12-26T06:36:32.511+0000] {logging_mixin.py:188} INFO - Uploaded /tmp/minio_downloads/1766730644.json to Snowflake stage
[2025-12-26T06:36:32.908+0000] {logging_mixin.py:188} INFO - Uploaded /tmp/minio_downloads/1766730656.json to Snowflake stage
[2025-12-26T06:36:33.296+0000] {logging_mixin.py:188} INFO - Uploaded /tmp/minio_downloads/1766730669.json to Snowflake stage
[2025-12-26T06:36:33.598+0000] {logging_mixin.py:188} INFO - Uploaded /tmp/minio_downloads/1766728893.json to Snowflake stage
[2025-12-26T06:36:33.860+0000] {logging_mixin.py:188} INFO - Uploaded /tmp/minio_downloads/1766728904.json to Snowflake stage
[2025-12-26T06:36:34.123+0000] {logging_mixin.py:188} INFO - Uploaded /tmp/minio_downloads/1766728916.json to Snowflake stage
[2025-12-26T06:36:34.383+0000] {logging_mixin.py:188} INFO - Uploaded /tmp/minio_downloads/1766728928.json to Snowflake stage
[2025-12-26T06:36:34.688+0000] {logging_mixin.py:188} INFO - Uploaded /tmp/minio_downloads/1766728940.json to Snowflake stage
[2025-12-26T06:36:34.950+0000] {logging_mixin.py:188} INFO - Uploaded /tmp/minio_downloads/1766728953.json to Snowflake stage
[2025-12-26T06:36:35.211+0000] {logging_mixin.py:188} INFO - Uploaded /tmp/minio_downloads/1766728965.json to Snowflake stage
[2025-12-26T06:36:35.477+0000] {logging_mixin.py:188} INFO - Uploaded /tmp/minio_downloads/1766728976.json to Snowflake stage
[2025-12-26T06:36:35.747+0000] {logging_mixin.py:188} INFO - Uploaded /tmp/minio_downloads/1766728988.json to Snowflake stage
[2025-12-26T06:36:36.012+0000] {logging_mixin.py:188} INFO - Uploaded /tmp/minio_downloads/1766729000.json to Snowflake stage
[2025-12-26T06:36:36.292+0000] {logging_mixin.py:188} INFO - Uploaded /tmp/minio_downloads/1766729013.json to Snowflake stage
[2025-12-26T06:36:36.550+0000] {logging_mixin.py:188} INFO - Uploaded /tmp/minio_downloads/1766729025.json to Snowflake stage
[2025-12-26T06:36:36.837+0000] {logging_mixin.py:188} INFO - Uploaded /tmp/minio_downloads/1766729037.json to Snowflake stage
[2025-12-26T06:36:37.095+0000] {logging_mixin.py:188} INFO - Uploaded /tmp/minio_downloads/1766729050.json to Snowflake stage
[2025-12-26T06:36:37.359+0000] {logging_mixin.py:188} INFO - Uploaded /tmp/minio_downloads/1766729063.json to Snowflake stage
[2025-12-26T06:36:37.626+0000] {logging_mixin.py:188} INFO - Uploaded /tmp/minio_downloads/1766729075.json to Snowflake stage
[2025-12-26T06:36:37.888+0000] {logging_mixin.py:188} INFO - Uploaded /tmp/minio_downloads/1766729088.json to Snowflake stage
[2025-12-26T06:36:38.158+0000] {logging_mixin.py:188} INFO - Uploaded /tmp/minio_downloads/1766729101.json to Snowflake stage
[2025-12-26T06:36:38.428+0000] {logging_mixin.py:188} INFO - Uploaded /tmp/minio_downloads/1766729115.json to Snowflake stage
[2025-12-26T06:36:38.687+0000] {logging_mixin.py:188} INFO - Uploaded /tmp/minio_downloads/1766729128.json to Snowflake stage
[2025-12-26T06:36:38.949+0000] {logging_mixin.py:188} INFO - Uploaded /tmp/minio_downloads/1766729140.json to Snowflake stage
[2025-12-26T06:36:39.210+0000] {logging_mixin.py:188} INFO - Uploaded /tmp/minio_downloads/1766729152.json to Snowflake stage
[2025-12-26T06:36:39.471+0000] {logging_mixin.py:188} INFO - Uploaded /tmp/minio_downloads/1766729165.json to Snowflake stage
[2025-12-26T06:36:39.729+0000] {logging_mixin.py:188} INFO - Uploaded /tmp/minio_downloads/1766729177.json to Snowflake stage
[2025-12-26T06:36:39.987+0000] {logging_mixin.py:188} INFO - Uploaded /tmp/minio_downloads/1766729191.json to Snowflake stage
[2025-12-26T06:36:40.269+0000] {logging_mixin.py:188} INFO - Uploaded /tmp/minio_downloads/1766729204.json to Snowflake stage
[2025-12-26T06:36:40.568+0000] {logging_mixin.py:188} INFO - Uploaded /tmp/minio_downloads/1766729217.json to Snowflake stage
[2025-12-26T06:36:40.833+0000] {logging_mixin.py:188} INFO - Uploaded /tmp/minio_downloads/1766729231.json to Snowflake stage
[2025-12-26T06:37:01.237+0000] {connectionpool.py:868} WARNING - Retrying (Retry(total=0, connect=None, read=None, redirect=None, status=None)) after connection broken by 'NameResolutionError("<snowflake.connector.vendored.urllib3.connection.HTTPSConnection object at 0x79d1ac64d430>: Failed to resolve 'kp07060.ap-southeast-3.aws.snowflakecomputing.com' ([Errno -2] Name or service not known)")': /queries/v1/query-request?requestId=29054194-0f51-4f07-ac1e-9dcfd1d57fe8&clientStartTime=1766731000835&retryCount=1&retryReason=0&request_guid=43a4b42f-449a-47ff-b69e-c1e9b2b09a12
[2025-12-26T06:37:03.285+0000] {connectionpool.py:868} WARNING - Retrying (Retry(total=0, connect=None, read=None, redirect=None, status=None)) after connection broken by 'NameResolutionError("<snowflake.connector.vendored.urllib3.connection.HTTPSConnection object at 0x79d1ac7e4c50>: Failed to resolve 'kp07060.ap-southeast-3.aws.snowflakecomputing.com' ([Errno -2] Name or service not known)")': /queries/v1/query-request?requestId=29054194-0f51-4f07-ac1e-9dcfd1d57fe8&clientStartTime=1766731000835&retryCount=2&retryReason=0&request_guid=d0a36a06-368a-4a0f-99ee-07e0abf088a6
[2025-12-26T06:37:07.351+0000] {connectionpool.py:868} WARNING - Retrying (Retry(total=0, connect=None, read=None, redirect=None, status=None)) after connection broken by 'NameResolutionError("<snowflake.connector.vendored.urllib3.connection.HTTPSConnection object at 0x79d1ac7e4c80>: Failed to resolve 'kp07060.ap-southeast-3.aws.snowflakecomputing.com' ([Errno -2] Name or service not known)")': /queries/v1/query-request?requestId=29054194-0f51-4f07-ac1e-9dcfd1d57fe8&clientStartTime=1766731000835&retryCount=3&retryReason=0&request_guid=4082cb35-f508-490d-ad71-503ef0176193
[2025-12-26T06:37:15.377+0000] {connectionpool.py:868} WARNING - Retrying (Retry(total=0, connect=None, read=None, redirect=None, status=None)) after connection broken by 'NameResolutionError("<snowflake.connector.vendored.urllib3.connection.HTTPSConnection object at 0x79d1ac7e7ce0>: Failed to resolve 'kp07060.ap-southeast-3.aws.snowflakecomputing.com' ([Errno -2] Name or service not known)")': /queries/v1/query-request?requestId=29054194-0f51-4f07-ac1e-9dcfd1d57fe8&clientStartTime=1766731000835&retryCount=4&retryReason=0&request_guid=581acff6-31bb-4562-8b3e-0d7579ba2bde
[2025-12-26T06:37:16.411+0000] {connectionpool.py:868} WARNING - Retrying (Retry(total=0, connect=None, read=None, redirect=None, status=None)) after connection broken by 'NameResolutionError("<snowflake.connector.vendored.urllib3.connection.HTTPSConnection object at 0x79d1ac780380>: Failed to resolve 'kp07060.ap-southeast-3.aws.snowflakecomputing.com' ([Errno -2] Name or service not known)")': /queries/v1/query-request?requestId=29054194-0f51-4f07-ac1e-9dcfd1d57fe8&clientStartTime=1766731000835&retryCount=5&retryReason=0&request_guid=6f94bf00-56fd-4d38-bf34-962cb6fc05be
[2025-12-26T06:37:17.489+0000] {connectionpool.py:868} WARNING - Retrying (Retry(total=0, connect=None, read=None, redirect=None, status=None)) after connection broken by 'NameResolutionError("<snowflake.connector.vendored.urllib3.connection.HTTPSConnection object at 0x79d1ac845310>: Failed to resolve 'kp07060.ap-southeast-3.aws.snowflakecomputing.com' ([Errno -2] Name or service not known)")': /queries/v1/query-request?requestId=29054194-0f51-4f07-ac1e-9dcfd1d57fe8&clientStartTime=1766731000835&retryCount=6&retryReason=0&request_guid=e3e978d1-dedb-4132-84c8-cc6da269e619
[2025-12-26T06:37:21.520+0000] {connectionpool.py:868} WARNING - Retrying (Retry(total=0, connect=None, read=None, redirect=None, status=None)) after connection broken by 'NameResolutionError("<snowflake.connector.vendored.urllib3.connection.HTTPSConnection object at 0x79d1ac7e5220>: Failed to resolve 'kp07060.ap-southeast-3.aws.snowflakecomputing.com' ([Errno -2] Name or service not known)")': /queries/v1/query-request?requestId=29054194-0f51-4f07-ac1e-9dcfd1d57fe8&clientStartTime=1766731000835&retryCount=7&retryReason=0&request_guid=e40b6a64-e32e-49db-8605-a72d449a03d2
[2025-12-26T06:37:23.549+0000] {connectionpool.py:868} WARNING - Retrying (Retry(total=0, connect=None, read=None, redirect=None, status=None)) after connection broken by 'NameResolutionError("<snowflake.connector.vendored.urllib3.connection.HTTPSConnection object at 0x79d1ac7e4aa0>: Failed to resolve 'kp07060.ap-southeast-3.aws.snowflakecomputing.com' ([Errno -2] Name or service not known)")': /queries/v1/query-request?requestId=29054194-0f51-4f07-ac1e-9dcfd1d57fe8&clientStartTime=1766731000835&retryCount=8&retryReason=0&request_guid=6a34c5d9-bc7d-4f2e-8748-4638c49a6995
[2025-12-26T06:37:38.588+0000] {connectionpool.py:868} WARNING - Retrying (Retry(total=0, connect=None, read=None, redirect=None, status=None)) after connection broken by 'NameResolutionError("<snowflake.connector.vendored.urllib3.connection.HTTPSConnection object at 0x79d1ac7d7920>: Failed to resolve 'kp07060.ap-southeast-3.aws.snowflakecomputing.com' ([Errno -2] Name or service not known)")': /queries/v1/query-request?requestId=29054194-0f51-4f07-ac1e-9dcfd1d57fe8&clientStartTime=1766731000835&retryCount=9&retryReason=0&request_guid=a37c6d62-e038-4a2d-87de-378166d6ca45
[2025-12-26T06:37:48.614+0000] {connectionpool.py:868} WARNING - Retrying (Retry(total=0, connect=None, read=None, redirect=None, status=None)) after connection broken by 'NameResolutionError("<snowflake.connector.vendored.urllib3.connection.HTTPSConnection object at 0x79d1ac64c890>: Failed to resolve 'kp07060.ap-southeast-3.aws.snowflakecomputing.com' ([Errno -2] Name or service not known)")': /queries/v1/query-request?requestId=29054194-0f51-4f07-ac1e-9dcfd1d57fe8&clientStartTime=1766731000835&retryCount=10&retryReason=0&request_guid=d2a9cea7-42da-4bac-8d9e-5e7c7e5097c6
[2025-12-26T06:37:59.221+0000] {taskinstance.py:441} INFO - ::group::Post task execution logs
[2025-12-26T06:37:59.560+0000] {taskinstance.py:2905} ERROR - Task failed with exception
Traceback (most recent call last):
  File "/home/airflow/.local/lib/python3.12/site-packages/airflow/models/taskinstance.py", line 465, in _execute_task
    result = _execute_callable(context=context, **execute_callable_kwargs)
             ^^^^^^^^^^^^^^^^^^^^^^^^^^^^^^^^^^^^^^^^^^^^^^^^^^^^^^^^^^^^^
  File "/home/airflow/.local/lib/python3.12/site-packages/airflow/models/taskinstance.py", line 432, in _execute_callable
    return execute_callable(context=context, **execute_callable_kwargs)
           ^^^^^^^^^^^^^^^^^^^^^^^^^^^^^^^^^^^^^^^^^^^^^^^^^^^^^^^^^^^^
  File "/home/airflow/.local/lib/python3.12/site-packages/airflow/models/baseoperator.py", line 401, in wrapper
    return func(self, *args, **kwargs)
           ^^^^^^^^^^^^^^^^^^^^^^^^^^^
  File "/home/airflow/.local/lib/python3.12/site-packages/airflow/operators/python.py", line 235, in execute
    return_value = self.execute_callable()
                   ^^^^^^^^^^^^^^^^^^^^^^^
  File "/home/airflow/.local/lib/python3.12/site-packages/airflow/operators/python.py", line 252, in execute_callable
    return self.python_callable(*self.op_args, **self.op_kwargs)
           ^^^^^^^^^^^^^^^^^^^^^^^^^^^^^^^^^^^^^^^^^^^^^^^^^^^^^
  File "/opt/airflow/dags/minio_to_snowflake.py", line 61, in load_to_snowflake
    cur.execute(f"PUT file://{f} @%bronze_stock_quotes_raw")
  File "/home/airflow/.local/lib/python3.12/site-packages/snowflake/connector/cursor.py", line 1121, in execute
    Error.errorhandler_wrapper(self.connection, self, error_class, errvalue)
  File "/home/airflow/.local/lib/python3.12/site-packages/snowflake/connector/errors.py", line 286, in errorhandler_wrapper
    handed_over = Error.hand_to_other_handler(
                  ^^^^^^^^^^^^^^^^^^^^^^^^^^^^
  File "/home/airflow/.local/lib/python3.12/site-packages/snowflake/connector/errors.py", line 341, in hand_to_other_handler
    cursor.errorhandler(connection, cursor, error_class, error_value)
  File "/home/airflow/.local/lib/python3.12/site-packages/snowflake/connector/errors.py", line 217, in default_errorhandler
    raise error_class(
snowflake.connector.errors.ProgrammingError: 000612 (02000): None: Result not found
[2025-12-26T06:38:00.621+0000] {taskinstance.py:1206} INFO - Marking task as UP_FOR_RETRY. dag_id=minio_to_snowflake, task_id=load_snowflake, run_id=scheduled__2025-12-26T06:29:00+00:00, execution_date=20251226T062900, start_date=20251226T063536, end_date=20251226T063800
[2025-12-26T06:38:02.910+0000] {standard_task_runner.py:110} ERROR - Failed to execute job 17 for task load_snowflake (000612 (02000): None: Result not found; 6568)
[2025-12-26T06:38:04.112+0000] {local_task_job_runner.py:243} INFO - Task exited with return code 1
[2025-12-26T06:38:06.642+0000] {taskinstance.py:3503} INFO - 0 downstream tasks scheduled from follow-on schedule check
[2025-12-26T06:38:06.676+0000] {local_task_job_runner.py:222} INFO - ::endgroup::
