[2025-12-26T06:45:39.497+0000] {local_task_job_runner.py:120} INFO - ::group::Pre task execution logs
[2025-12-26T06:45:39.572+0000] {taskinstance.py:2076} INFO - Dependencies all met for dep_context=non-requeueable deps ti=<TaskInstance: minio_to_snowflake.load_snowflake scheduled__2025-12-26T06:29:00+00:00 [queued]>
[2025-12-26T06:45:39.589+0000] {taskinstance.py:2076} INFO - Dependencies all met for dep_context=requeueable deps ti=<TaskInstance: minio_to_snowflake.load_snowflake scheduled__2025-12-26T06:29:00+00:00 [queued]>
[2025-12-26T06:45:39.591+0000] {taskinstance.py:2306} INFO - Starting attempt 2 of 2
[2025-12-26T06:45:39.621+0000] {taskinstance.py:2330} INFO - Executing <Task(PythonOperator): load_snowflake> on 2025-12-26 06:29:00+00:00
[2025-12-26T06:45:39.646+0000] {standard_task_runner.py:90} INFO - Running: ['***', 'tasks', 'run', 'minio_to_snowflake', 'load_snowflake', 'scheduled__2025-12-26T06:29:00+00:00', '--job-id', '22', '--raw', '--subdir', 'DAGS_FOLDER/minio_to_snowflake.py', '--cfg-path', '/tmp/tmp4zldt1hy']
[2025-12-26T06:45:39.655+0000] {standard_task_runner.py:91} INFO - Job 22: Subtask load_snowflake
[2025-12-26T06:45:39.657+0000] {logging_mixin.py:188} WARNING - /home/***/.local/lib/python3.12/site-packages/***/task/task_runner/standard_task_runner.py:62 DeprecationWarning: This process (pid=11225) is multi-threaded, use of fork() may lead to deadlocks in the child.
[2025-12-26T06:45:39.659+0000] {standard_task_runner.py:64} INFO - Started process 11239 to run task
[2025-12-26T06:45:39.811+0000] {task_command.py:426} INFO - Running <TaskInstance: minio_to_snowflake.load_snowflake scheduled__2025-12-26T06:29:00+00:00 [running]> on host 3fb2a1a27553
[2025-12-26T06:45:40.273+0000] {taskinstance.py:2648} INFO - Exporting env vars: AIRFLOW_CTX_DAG_OWNER='***' AIRFLOW_CTX_DAG_ID='minio_to_snowflake' AIRFLOW_CTX_TASK_ID='load_snowflake' AIRFLOW_CTX_EXECUTION_DATE='2025-12-26T06:29:00+00:00' AIRFLOW_CTX_TRY_NUMBER='2' AIRFLOW_CTX_DAG_RUN_ID='scheduled__2025-12-26T06:29:00+00:00'
[2025-12-26T06:45:40.279+0000] {taskinstance.py:430} INFO - ::endgroup::
[2025-12-26T06:45:40.517+0000] {connection.py:610} INFO - Snowflake Connector for Python Version: 4.1.1, Python Version: 3.12.4, Platform: Linux-6.6.87.2-microsoft-standard-WSL2-x86_64-with-glibc2.36
[2025-12-26T06:45:40.553+0000] {connection.py:1693} INFO - Connecting to GLOBAL Snowflake domain
[2025-12-26T06:45:46.499+0000] {logging_mixin.py:188} INFO - Uploaded /tmp/minio_downloads/1766728889.json to Snowflake stage
[2025-12-26T06:45:46.762+0000] {logging_mixin.py:188} INFO - Uploaded /tmp/minio_downloads/1766728900.json to Snowflake stage
[2025-12-26T06:45:47.024+0000] {logging_mixin.py:188} INFO - Uploaded /tmp/minio_downloads/1766728911.json to Snowflake stage
[2025-12-26T06:45:47.278+0000] {logging_mixin.py:188} INFO - Uploaded /tmp/minio_downloads/1766728923.json to Snowflake stage
[2025-12-26T06:45:47.535+0000] {logging_mixin.py:188} INFO - Uploaded /tmp/minio_downloads/1766728935.json to Snowflake stage
[2025-12-26T06:45:47.802+0000] {logging_mixin.py:188} INFO - Uploaded /tmp/minio_downloads/1766728947.json to Snowflake stage
[2025-12-26T06:45:48.062+0000] {logging_mixin.py:188} INFO - Uploaded /tmp/minio_downloads/1766728960.json to Snowflake stage
[2025-12-26T06:45:48.316+0000] {logging_mixin.py:188} INFO - Uploaded /tmp/minio_downloads/1766728972.json to Snowflake stage
[2025-12-26T06:45:48.573+0000] {logging_mixin.py:188} INFO - Uploaded /tmp/minio_downloads/1766728984.json to Snowflake stage
[2025-12-26T06:45:48.867+0000] {logging_mixin.py:188} INFO - Uploaded /tmp/minio_downloads/1766728995.json to Snowflake stage
[2025-12-26T06:45:49.132+0000] {logging_mixin.py:188} INFO - Uploaded /tmp/minio_downloads/1766729007.json to Snowflake stage
[2025-12-26T06:45:49.389+0000] {logging_mixin.py:188} INFO - Uploaded /tmp/minio_downloads/1766729020.json to Snowflake stage
[2025-12-26T06:45:49.667+0000] {logging_mixin.py:188} INFO - Uploaded /tmp/minio_downloads/1766729032.json to Snowflake stage
[2025-12-26T06:45:49.930+0000] {logging_mixin.py:188} INFO - Uploaded /tmp/minio_downloads/1766729044.json to Snowflake stage
[2025-12-26T06:45:50.196+0000] {logging_mixin.py:188} INFO - Uploaded /tmp/minio_downloads/1766729057.json to Snowflake stage
[2025-12-26T06:45:50.455+0000] {logging_mixin.py:188} INFO - Uploaded /tmp/minio_downloads/1766729070.json to Snowflake stage
[2025-12-26T06:45:50.712+0000] {logging_mixin.py:188} INFO - Uploaded /tmp/minio_downloads/1766729083.json to Snowflake stage
[2025-12-26T06:45:50.996+0000] {logging_mixin.py:188} INFO - Uploaded /tmp/minio_downloads/1766729095.json to Snowflake stage
[2025-12-26T06:45:51.272+0000] {logging_mixin.py:188} INFO - Uploaded /tmp/minio_downloads/1766729109.json to Snowflake stage
[2025-12-26T06:45:51.541+0000] {logging_mixin.py:188} INFO - Uploaded /tmp/minio_downloads/1766729122.json to Snowflake stage
[2025-12-26T06:45:51.801+0000] {logging_mixin.py:188} INFO - Uploaded /tmp/minio_downloads/1766729135.json to Snowflake stage
[2025-12-26T06:45:52.086+0000] {logging_mixin.py:188} INFO - Uploaded /tmp/minio_downloads/1766729147.json to Snowflake stage
[2025-12-26T06:45:52.430+0000] {logging_mixin.py:188} INFO - Uploaded /tmp/minio_downloads/1766729160.json to Snowflake stage
[2025-12-26T06:45:52.751+0000] {logging_mixin.py:188} INFO - Uploaded /tmp/minio_downloads/1766729172.json to Snowflake stage
[2025-12-26T06:45:53.234+0000] {logging_mixin.py:188} INFO - Uploaded /tmp/minio_downloads/1766729185.json to Snowflake stage
[2025-12-26T06:45:53.553+0000] {logging_mixin.py:188} INFO - Uploaded /tmp/minio_downloads/1766729199.json to Snowflake stage
[2025-12-26T06:45:53.816+0000] {logging_mixin.py:188} INFO - Uploaded /tmp/minio_downloads/1766729212.json to Snowflake stage
[2025-12-26T06:45:54.079+0000] {logging_mixin.py:188} INFO - Uploaded /tmp/minio_downloads/1766729225.json to Snowflake stage
[2025-12-26T06:45:54.347+0000] {logging_mixin.py:188} INFO - Uploaded /tmp/minio_downloads/1766729238.json to Snowflake stage
[2025-12-26T06:45:54.610+0000] {logging_mixin.py:188} INFO - Uploaded /tmp/minio_downloads/1766729250.json to Snowflake stage
[2025-12-26T06:45:54.868+0000] {logging_mixin.py:188} INFO - Uploaded /tmp/minio_downloads/1766729263.json to Snowflake stage
[2025-12-26T06:45:55.206+0000] {logging_mixin.py:188} INFO - Uploaded /tmp/minio_downloads/1766729277.json to Snowflake stage
[2025-12-26T06:45:55.470+0000] {logging_mixin.py:188} INFO - Uploaded /tmp/minio_downloads/1766729289.json to Snowflake stage
[2025-12-26T06:45:55.735+0000] {logging_mixin.py:188} INFO - Uploaded /tmp/minio_downloads/1766729301.json to Snowflake stage
[2025-12-26T06:45:55.998+0000] {logging_mixin.py:188} INFO - Uploaded /tmp/minio_downloads/1766729313.json to Snowflake stage
[2025-12-26T06:45:56.266+0000] {logging_mixin.py:188} INFO - Uploaded /tmp/minio_downloads/1766729326.json to Snowflake stage
[2025-12-26T06:45:56.532+0000] {logging_mixin.py:188} INFO - Uploaded /tmp/minio_downloads/1766729338.json to Snowflake stage
[2025-12-26T06:45:56.812+0000] {logging_mixin.py:188} INFO - Uploaded /tmp/minio_downloads/1766729351.json to Snowflake stage
[2025-12-26T06:45:57.074+0000] {logging_mixin.py:188} INFO - Uploaded /tmp/minio_downloads/1766729363.json to Snowflake stage
[2025-12-26T06:45:57.332+0000] {logging_mixin.py:188} INFO - Uploaded /tmp/minio_downloads/1766729376.json to Snowflake stage
[2025-12-26T06:45:57.587+0000] {logging_mixin.py:188} INFO - Uploaded /tmp/minio_downloads/1766729388.json to Snowflake stage
[2025-12-26T06:45:57.869+0000] {logging_mixin.py:188} INFO - Uploaded /tmp/minio_downloads/1766729401.json to Snowflake stage
[2025-12-26T06:45:58.184+0000] {logging_mixin.py:188} INFO - Uploaded /tmp/minio_downloads/1766729413.json to Snowflake stage
[2025-12-26T06:45:58.731+0000] {logging_mixin.py:188} INFO - Uploaded /tmp/minio_downloads/1766729425.json to Snowflake stage
[2025-12-26T06:45:58.989+0000] {logging_mixin.py:188} INFO - Uploaded /tmp/minio_downloads/1766729438.json to Snowflake stage
[2025-12-26T06:45:59.250+0000] {logging_mixin.py:188} INFO - Uploaded /tmp/minio_downloads/1766729450.json to Snowflake stage
[2025-12-26T06:45:59.539+0000] {logging_mixin.py:188} INFO - Uploaded /tmp/minio_downloads/1766729463.json to Snowflake stage
[2025-12-26T06:45:59.799+0000] {logging_mixin.py:188} INFO - Uploaded /tmp/minio_downloads/1766729476.json to Snowflake stage
[2025-12-26T06:46:00.057+0000] {logging_mixin.py:188} INFO - Uploaded /tmp/minio_downloads/1766729489.json to Snowflake stage
[2025-12-26T06:46:00.318+0000] {logging_mixin.py:188} INFO - Uploaded /tmp/minio_downloads/1766729502.json to Snowflake stage
[2025-12-26T06:46:00.575+0000] {logging_mixin.py:188} INFO - Uploaded /tmp/minio_downloads/1766729514.json to Snowflake stage
[2025-12-26T06:46:00.831+0000] {logging_mixin.py:188} INFO - Uploaded /tmp/minio_downloads/1766729526.json to Snowflake stage
[2025-12-26T06:46:01.085+0000] {logging_mixin.py:188} INFO - Uploaded /tmp/minio_downloads/1766729538.json to Snowflake stage
[2025-12-26T06:46:01.345+0000] {logging_mixin.py:188} INFO - Uploaded /tmp/minio_downloads/1766729550.json to Snowflake stage
[2025-12-26T06:46:01.603+0000] {logging_mixin.py:188} INFO - Uploaded /tmp/minio_downloads/1766729563.json to Snowflake stage
[2025-12-26T06:46:01.922+0000] {logging_mixin.py:188} INFO - Uploaded /tmp/minio_downloads/1766729575.json to Snowflake stage
[2025-12-26T06:46:02.175+0000] {logging_mixin.py:188} INFO - Uploaded /tmp/minio_downloads/1766729588.json to Snowflake stage
[2025-12-26T06:46:02.436+0000] {logging_mixin.py:188} INFO - Uploaded /tmp/minio_downloads/1766729600.json to Snowflake stage
[2025-12-26T06:46:02.696+0000] {logging_mixin.py:188} INFO - Uploaded /tmp/minio_downloads/1766729613.json to Snowflake stage
[2025-12-26T06:46:02.961+0000] {logging_mixin.py:188} INFO - Uploaded /tmp/minio_downloads/1766729626.json to Snowflake stage
[2025-12-26T06:46:03.219+0000] {logging_mixin.py:188} INFO - Uploaded /tmp/minio_downloads/1766729638.json to Snowflake stage
[2025-12-26T06:46:03.528+0000] {logging_mixin.py:188} INFO - Uploaded /tmp/minio_downloads/1766729649.json to Snowflake stage
[2025-12-26T06:46:03.783+0000] {logging_mixin.py:188} INFO - Uploaded /tmp/minio_downloads/1766729661.json to Snowflake stage
[2025-12-26T06:46:04.044+0000] {logging_mixin.py:188} INFO - Uploaded /tmp/minio_downloads/1766729673.json to Snowflake stage
[2025-12-26T06:46:04.313+0000] {logging_mixin.py:188} INFO - Uploaded /tmp/minio_downloads/1766729685.json to Snowflake stage
[2025-12-26T06:46:04.569+0000] {logging_mixin.py:188} INFO - Uploaded /tmp/minio_downloads/1766729697.json to Snowflake stage
[2025-12-26T06:46:04.826+0000] {logging_mixin.py:188} INFO - Uploaded /tmp/minio_downloads/1766729709.json to Snowflake stage
[2025-12-26T06:46:05.081+0000] {logging_mixin.py:188} INFO - Uploaded /tmp/minio_downloads/1766729721.json to Snowflake stage
[2025-12-26T06:46:05.339+0000] {logging_mixin.py:188} INFO - Uploaded /tmp/minio_downloads/1766729734.json to Snowflake stage
[2025-12-26T06:46:05.603+0000] {logging_mixin.py:188} INFO - Uploaded /tmp/minio_downloads/1766729746.json to Snowflake stage
[2025-12-26T06:46:05.904+0000] {logging_mixin.py:188} INFO - Uploaded /tmp/minio_downloads/1766729759.json to Snowflake stage
[2025-12-26T06:46:06.161+0000] {logging_mixin.py:188} INFO - Uploaded /tmp/minio_downloads/1766729772.json to Snowflake stage
[2025-12-26T06:46:06.455+0000] {logging_mixin.py:188} INFO - Uploaded /tmp/minio_downloads/1766729785.json to Snowflake stage
[2025-12-26T06:46:06.709+0000] {logging_mixin.py:188} INFO - Uploaded /tmp/minio_downloads/1766729801.json to Snowflake stage
[2025-12-26T06:46:06.985+0000] {logging_mixin.py:188} INFO - Uploaded /tmp/minio_downloads/1766729813.json to Snowflake stage
[2025-12-26T06:46:07.242+0000] {logging_mixin.py:188} INFO - Uploaded /tmp/minio_downloads/1766729827.json to Snowflake stage
[2025-12-26T06:46:07.513+0000] {logging_mixin.py:188} INFO - Uploaded /tmp/minio_downloads/1766729839.json to Snowflake stage
[2025-12-26T06:46:07.774+0000] {logging_mixin.py:188} INFO - Uploaded /tmp/minio_downloads/1766729854.json to Snowflake stage
[2025-12-26T06:46:08.064+0000] {logging_mixin.py:188} INFO - Uploaded /tmp/minio_downloads/1766729865.json to Snowflake stage
[2025-12-26T06:46:08.317+0000] {logging_mixin.py:188} INFO - Uploaded /tmp/minio_downloads/1766729879.json to Snowflake stage
[2025-12-26T06:46:08.583+0000] {logging_mixin.py:188} INFO - Uploaded /tmp/minio_downloads/1766729891.json to Snowflake stage
[2025-12-26T06:46:08.848+0000] {logging_mixin.py:188} INFO - Uploaded /tmp/minio_downloads/1766729904.json to Snowflake stage
[2025-12-26T06:46:09.112+0000] {logging_mixin.py:188} INFO - Uploaded /tmp/minio_downloads/1766729916.json to Snowflake stage
[2025-12-26T06:46:09.381+0000] {logging_mixin.py:188} INFO - Uploaded /tmp/minio_downloads/1766729928.json to Snowflake stage
[2025-12-26T06:46:09.650+0000] {logging_mixin.py:188} INFO - Uploaded /tmp/minio_downloads/1766729939.json to Snowflake stage
[2025-12-26T06:46:09.947+0000] {logging_mixin.py:188} INFO - Uploaded /tmp/minio_downloads/1766729952.json to Snowflake stage
[2025-12-26T06:46:10.310+0000] {logging_mixin.py:188} INFO - Uploaded /tmp/minio_downloads/1766729964.json to Snowflake stage
[2025-12-26T06:46:10.571+0000] {logging_mixin.py:188} INFO - Uploaded /tmp/minio_downloads/1766729975.json to Snowflake stage
[2025-12-26T06:46:10.857+0000] {logging_mixin.py:188} INFO - Uploaded /tmp/minio_downloads/1766729987.json to Snowflake stage
[2025-12-26T06:46:11.158+0000] {logging_mixin.py:188} INFO - Uploaded /tmp/minio_downloads/1766729998.json to Snowflake stage
[2025-12-26T06:46:11.417+0000] {logging_mixin.py:188} INFO - Uploaded /tmp/minio_downloads/1766730010.json to Snowflake stage
[2025-12-26T06:46:11.680+0000] {logging_mixin.py:188} INFO - Uploaded /tmp/minio_downloads/1766730023.json to Snowflake stage
[2025-12-26T06:46:11.939+0000] {logging_mixin.py:188} INFO - Uploaded /tmp/minio_downloads/1766730035.json to Snowflake stage
[2025-12-26T06:46:12.217+0000] {logging_mixin.py:188} INFO - Uploaded /tmp/minio_downloads/1766730046.json to Snowflake stage
[2025-12-26T06:46:12.515+0000] {logging_mixin.py:188} INFO - Uploaded /tmp/minio_downloads/1766730058.json to Snowflake stage
[2025-12-26T06:46:12.777+0000] {logging_mixin.py:188} INFO - Uploaded /tmp/minio_downloads/1766730070.json to Snowflake stage
[2025-12-26T06:46:13.042+0000] {logging_mixin.py:188} INFO - Uploaded /tmp/minio_downloads/1766730082.json to Snowflake stage
[2025-12-26T06:46:13.316+0000] {logging_mixin.py:188} INFO - Uploaded /tmp/minio_downloads/1766730094.json to Snowflake stage
[2025-12-26T06:46:13.576+0000] {logging_mixin.py:188} INFO - Uploaded /tmp/minio_downloads/1766730105.json to Snowflake stage
[2025-12-26T06:46:13.860+0000] {logging_mixin.py:188} INFO - Uploaded /tmp/minio_downloads/1766730117.json to Snowflake stage
[2025-12-26T06:46:14.505+0000] {logging_mixin.py:188} INFO - Uploaded /tmp/minio_downloads/1766730128.json to Snowflake stage
[2025-12-26T06:46:14.765+0000] {logging_mixin.py:188} INFO - Uploaded /tmp/minio_downloads/1766730140.json to Snowflake stage
[2025-12-26T06:46:15.022+0000] {logging_mixin.py:188} INFO - Uploaded /tmp/minio_downloads/1766730152.json to Snowflake stage
[2025-12-26T06:46:15.310+0000] {logging_mixin.py:188} INFO - Uploaded /tmp/minio_downloads/1766730163.json to Snowflake stage
[2025-12-26T06:46:15.570+0000] {logging_mixin.py:188} INFO - Uploaded /tmp/minio_downloads/1766730175.json to Snowflake stage
[2025-12-26T06:46:15.834+0000] {logging_mixin.py:188} INFO - Uploaded /tmp/minio_downloads/1766730187.json to Snowflake stage
[2025-12-26T06:46:16.112+0000] {logging_mixin.py:188} INFO - Uploaded /tmp/minio_downloads/1766730198.json to Snowflake stage
[2025-12-26T06:46:16.393+0000] {logging_mixin.py:188} INFO - Uploaded /tmp/minio_downloads/1766730210.json to Snowflake stage
[2025-12-26T06:46:16.651+0000] {logging_mixin.py:188} INFO - Uploaded /tmp/minio_downloads/1766730223.json to Snowflake stage
[2025-12-26T06:46:16.891+0000] {logging_mixin.py:188} INFO - Uploaded /tmp/minio_downloads/1766730234.json to Snowflake stage
[2025-12-26T06:46:17.163+0000] {logging_mixin.py:188} INFO - Uploaded /tmp/minio_downloads/1766730246.json to Snowflake stage
[2025-12-26T06:46:17.419+0000] {logging_mixin.py:188} INFO - Uploaded /tmp/minio_downloads/1766730257.json to Snowflake stage
[2025-12-26T06:46:17.678+0000] {logging_mixin.py:188} INFO - Uploaded /tmp/minio_downloads/1766730268.json to Snowflake stage
[2025-12-26T06:46:17.938+0000] {logging_mixin.py:188} INFO - Uploaded /tmp/minio_downloads/1766730280.json to Snowflake stage
[2025-12-26T06:46:18.200+0000] {logging_mixin.py:188} INFO - Uploaded /tmp/minio_downloads/1766730291.json to Snowflake stage
[2025-12-26T06:46:18.476+0000] {logging_mixin.py:188} INFO - Uploaded /tmp/minio_downloads/1766730304.json to Snowflake stage
[2025-12-26T06:46:18.754+0000] {logging_mixin.py:188} INFO - Uploaded /tmp/minio_downloads/1766730316.json to Snowflake stage
[2025-12-26T06:46:19.022+0000] {logging_mixin.py:188} INFO - Uploaded /tmp/minio_downloads/1766730327.json to Snowflake stage
[2025-12-26T06:46:19.294+0000] {logging_mixin.py:188} INFO - Uploaded /tmp/minio_downloads/1766730339.json to Snowflake stage
[2025-12-26T06:46:19.555+0000] {logging_mixin.py:188} INFO - Uploaded /tmp/minio_downloads/1766730351.json to Snowflake stage
[2025-12-26T06:46:19.808+0000] {logging_mixin.py:188} INFO - Uploaded /tmp/minio_downloads/1766730362.json to Snowflake stage
[2025-12-26T06:46:20.101+0000] {logging_mixin.py:188} INFO - Uploaded /tmp/minio_downloads/1766730374.json to Snowflake stage
[2025-12-26T06:46:20.377+0000] {logging_mixin.py:188} INFO - Uploaded /tmp/minio_downloads/1766730386.json to Snowflake stage
[2025-12-26T06:46:20.635+0000] {logging_mixin.py:188} INFO - Uploaded /tmp/minio_downloads/1766730398.json to Snowflake stage
[2025-12-26T06:46:20.911+0000] {logging_mixin.py:188} INFO - Uploaded /tmp/minio_downloads/1766730410.json to Snowflake stage
[2025-12-26T06:46:21.165+0000] {logging_mixin.py:188} INFO - Uploaded /tmp/minio_downloads/1766730421.json to Snowflake stage
[2025-12-26T06:46:21.423+0000] {logging_mixin.py:188} INFO - Uploaded /tmp/minio_downloads/1766730432.json to Snowflake stage
[2025-12-26T06:46:21.679+0000] {logging_mixin.py:188} INFO - Uploaded /tmp/minio_downloads/1766730444.json to Snowflake stage
[2025-12-26T06:46:21.931+0000] {logging_mixin.py:188} INFO - Uploaded /tmp/minio_downloads/1766730455.json to Snowflake stage
[2025-12-26T06:46:22.189+0000] {logging_mixin.py:188} INFO - Uploaded /tmp/minio_downloads/1766730466.json to Snowflake stage
[2025-12-26T06:46:22.447+0000] {logging_mixin.py:188} INFO - Uploaded /tmp/minio_downloads/1766730478.json to Snowflake stage
[2025-12-26T06:46:22.708+0000] {logging_mixin.py:188} INFO - Uploaded /tmp/minio_downloads/1766730490.json to Snowflake stage
[2025-12-26T06:46:23.011+0000] {logging_mixin.py:188} INFO - Uploaded /tmp/minio_downloads/1766730502.json to Snowflake stage
[2025-12-26T06:46:23.273+0000] {logging_mixin.py:188} INFO - Uploaded /tmp/minio_downloads/1766730513.json to Snowflake stage
[2025-12-26T06:46:23.532+0000] {logging_mixin.py:188} INFO - Uploaded /tmp/minio_downloads/1766730525.json to Snowflake stage
[2025-12-26T06:46:23.799+0000] {logging_mixin.py:188} INFO - Uploaded /tmp/minio_downloads/1766730537.json to Snowflake stage
[2025-12-26T06:46:24.055+0000] {logging_mixin.py:188} INFO - Uploaded /tmp/minio_downloads/1766730550.json to Snowflake stage
[2025-12-26T06:46:24.558+0000] {logging_mixin.py:188} INFO - Uploaded /tmp/minio_downloads/1766730561.json to Snowflake stage
[2025-12-26T06:46:24.831+0000] {logging_mixin.py:188} INFO - Uploaded /tmp/minio_downloads/1766730573.json to Snowflake stage
[2025-12-26T06:46:25.267+0000] {logging_mixin.py:188} INFO - Uploaded /tmp/minio_downloads/1766730584.json to Snowflake stage
[2025-12-26T06:46:25.639+0000] {logging_mixin.py:188} INFO - Uploaded /tmp/minio_downloads/1766730596.json to Snowflake stage
[2025-12-26T06:46:25.900+0000] {logging_mixin.py:188} INFO - Uploaded /tmp/minio_downloads/1766730608.json to Snowflake stage
[2025-12-26T06:46:26.222+0000] {logging_mixin.py:188} INFO - Uploaded /tmp/minio_downloads/1766730620.json to Snowflake stage
[2025-12-26T06:46:26.498+0000] {logging_mixin.py:188} INFO - Uploaded /tmp/minio_downloads/1766730632.json to Snowflake stage
[2025-12-26T06:46:26.769+0000] {logging_mixin.py:188} INFO - Uploaded /tmp/minio_downloads/1766730644.json to Snowflake stage
[2025-12-26T06:46:27.034+0000] {logging_mixin.py:188} INFO - Uploaded /tmp/minio_downloads/1766730656.json to Snowflake stage
[2025-12-26T06:46:27.310+0000] {logging_mixin.py:188} INFO - Uploaded /tmp/minio_downloads/1766730669.json to Snowflake stage
[2025-12-26T06:46:27.581+0000] {logging_mixin.py:188} INFO - Uploaded /tmp/minio_downloads/1766728893.json to Snowflake stage
[2025-12-26T06:46:27.840+0000] {logging_mixin.py:188} INFO - Uploaded /tmp/minio_downloads/1766728904.json to Snowflake stage
[2025-12-26T06:46:28.145+0000] {logging_mixin.py:188} INFO - Uploaded /tmp/minio_downloads/1766728916.json to Snowflake stage
[2025-12-26T06:46:28.511+0000] {logging_mixin.py:188} INFO - Uploaded /tmp/minio_downloads/1766728928.json to Snowflake stage
[2025-12-26T06:46:28.826+0000] {logging_mixin.py:188} INFO - Uploaded /tmp/minio_downloads/1766728940.json to Snowflake stage
[2025-12-26T06:46:29.083+0000] {logging_mixin.py:188} INFO - Uploaded /tmp/minio_downloads/1766728953.json to Snowflake stage
[2025-12-26T06:46:29.339+0000] {logging_mixin.py:188} INFO - Uploaded /tmp/minio_downloads/1766728965.json to Snowflake stage
[2025-12-26T06:46:29.600+0000] {logging_mixin.py:188} INFO - Uploaded /tmp/minio_downloads/1766728976.json to Snowflake stage
[2025-12-26T06:46:29.860+0000] {logging_mixin.py:188} INFO - Uploaded /tmp/minio_downloads/1766728988.json to Snowflake stage
[2025-12-26T06:46:30.165+0000] {logging_mixin.py:188} INFO - Uploaded /tmp/minio_downloads/1766729000.json to Snowflake stage
[2025-12-26T06:46:30.424+0000] {logging_mixin.py:188} INFO - Uploaded /tmp/minio_downloads/1766729013.json to Snowflake stage
[2025-12-26T06:46:30.719+0000] {logging_mixin.py:188} INFO - Uploaded /tmp/minio_downloads/1766729025.json to Snowflake stage
[2025-12-26T06:46:31.010+0000] {logging_mixin.py:188} INFO - Uploaded /tmp/minio_downloads/1766729037.json to Snowflake stage
[2025-12-26T06:46:31.276+0000] {logging_mixin.py:188} INFO - Uploaded /tmp/minio_downloads/1766729050.json to Snowflake stage
[2025-12-26T06:46:31.538+0000] {logging_mixin.py:188} INFO - Uploaded /tmp/minio_downloads/1766729063.json to Snowflake stage
[2025-12-26T06:46:31.799+0000] {logging_mixin.py:188} INFO - Uploaded /tmp/minio_downloads/1766729075.json to Snowflake stage
[2025-12-26T06:46:32.054+0000] {logging_mixin.py:188} INFO - Uploaded /tmp/minio_downloads/1766729088.json to Snowflake stage
[2025-12-26T06:46:32.344+0000] {logging_mixin.py:188} INFO - Uploaded /tmp/minio_downloads/1766729101.json to Snowflake stage
[2025-12-26T06:46:32.622+0000] {logging_mixin.py:188} INFO - Uploaded /tmp/minio_downloads/1766729115.json to Snowflake stage
[2025-12-26T06:46:32.905+0000] {logging_mixin.py:188} INFO - Uploaded /tmp/minio_downloads/1766729128.json to Snowflake stage
[2025-12-26T06:46:33.207+0000] {logging_mixin.py:188} INFO - Uploaded /tmp/minio_downloads/1766729140.json to Snowflake stage
[2025-12-26T06:46:33.490+0000] {logging_mixin.py:188} INFO - Uploaded /tmp/minio_downloads/1766729152.json to Snowflake stage
[2025-12-26T06:46:33.766+0000] {logging_mixin.py:188} INFO - Uploaded /tmp/minio_downloads/1766729165.json to Snowflake stage
[2025-12-26T06:46:34.038+0000] {logging_mixin.py:188} INFO - Uploaded /tmp/minio_downloads/1766729177.json to Snowflake stage
[2025-12-26T06:46:34.321+0000] {logging_mixin.py:188} INFO - Uploaded /tmp/minio_downloads/1766729191.json to Snowflake stage
[2025-12-26T06:46:34.593+0000] {logging_mixin.py:188} INFO - Uploaded /tmp/minio_downloads/1766729204.json to Snowflake stage
[2025-12-26T06:46:34.875+0000] {logging_mixin.py:188} INFO - Uploaded /tmp/minio_downloads/1766729217.json to Snowflake stage
[2025-12-26T06:46:35.163+0000] {logging_mixin.py:188} INFO - Uploaded /tmp/minio_downloads/1766729231.json to Snowflake stage
[2025-12-26T06:46:35.434+0000] {logging_mixin.py:188} INFO - Uploaded /tmp/minio_downloads/1766729243.json to Snowflake stage
[2025-12-26T06:46:35.766+0000] {logging_mixin.py:188} INFO - Uploaded /tmp/minio_downloads/1766729256.json to Snowflake stage
[2025-12-26T06:46:36.048+0000] {logging_mixin.py:188} INFO - Uploaded /tmp/minio_downloads/1766729270.json to Snowflake stage
[2025-12-26T06:46:36.355+0000] {logging_mixin.py:188} INFO - Uploaded /tmp/minio_downloads/1766729282.json to Snowflake stage
[2025-12-26T06:46:36.639+0000] {logging_mixin.py:188} INFO - Uploaded /tmp/minio_downloads/1766729294.json to Snowflake stage
[2025-12-26T06:46:36.911+0000] {logging_mixin.py:188} INFO - Uploaded /tmp/minio_downloads/1766729306.json to Snowflake stage
[2025-12-26T06:46:37.202+0000] {logging_mixin.py:188} INFO - Uploaded /tmp/minio_downloads/1766729318.json to Snowflake stage
[2025-12-26T06:46:37.529+0000] {logging_mixin.py:188} INFO - Uploaded /tmp/minio_downloads/1766729331.json to Snowflake stage
[2025-12-26T06:46:37.831+0000] {logging_mixin.py:188} INFO - Uploaded /tmp/minio_downloads/1766729344.json to Snowflake stage
[2025-12-26T06:46:38.116+0000] {logging_mixin.py:188} INFO - Uploaded /tmp/minio_downloads/1766729356.json to Snowflake stage
[2025-12-26T06:46:38.391+0000] {logging_mixin.py:188} INFO - Uploaded /tmp/minio_downloads/1766729368.json to Snowflake stage
[2025-12-26T06:46:38.664+0000] {logging_mixin.py:188} INFO - Uploaded /tmp/minio_downloads/1766729381.json to Snowflake stage
[2025-12-26T06:46:38.956+0000] {logging_mixin.py:188} INFO - Uploaded /tmp/minio_downloads/1766729394.json to Snowflake stage
[2025-12-26T06:46:39.246+0000] {logging_mixin.py:188} INFO - Uploaded /tmp/minio_downloads/1766729406.json to Snowflake stage
[2025-12-26T06:46:39.534+0000] {logging_mixin.py:188} INFO - Uploaded /tmp/minio_downloads/1766729418.json to Snowflake stage
[2025-12-26T06:46:39.799+0000] {logging_mixin.py:188} INFO - Uploaded /tmp/minio_downloads/1766729430.json to Snowflake stage
[2025-12-26T06:46:40.059+0000] {logging_mixin.py:188} INFO - Uploaded /tmp/minio_downloads/1766729443.json to Snowflake stage
[2025-12-26T06:46:40.424+0000] {logging_mixin.py:188} INFO - Uploaded /tmp/minio_downloads/1766729455.json to Snowflake stage
[2025-12-26T06:46:40.736+0000] {logging_mixin.py:188} INFO - Uploaded /tmp/minio_downloads/1766729468.json to Snowflake stage
[2025-12-26T06:46:41.000+0000] {logging_mixin.py:188} INFO - Uploaded /tmp/minio_downloads/1766729481.json to Snowflake stage
[2025-12-26T06:46:41.266+0000] {logging_mixin.py:188} INFO - Uploaded /tmp/minio_downloads/1766729494.json to Snowflake stage
[2025-12-26T06:46:41.520+0000] {logging_mixin.py:188} INFO - Uploaded /tmp/minio_downloads/1766729507.json to Snowflake stage
[2025-12-26T06:46:41.779+0000] {logging_mixin.py:188} INFO - Uploaded /tmp/minio_downloads/1766729519.json to Snowflake stage
[2025-12-26T06:46:42.052+0000] {logging_mixin.py:188} INFO - Uploaded /tmp/minio_downloads/1766729531.json to Snowflake stage
[2025-12-26T06:46:42.330+0000] {logging_mixin.py:188} INFO - Uploaded /tmp/minio_downloads/1766729543.json to Snowflake stage
[2025-12-26T06:46:42.900+0000] {logging_mixin.py:188} INFO - Uploaded /tmp/minio_downloads/1766729556.json to Snowflake stage
[2025-12-26T06:46:43.157+0000] {logging_mixin.py:188} INFO - Uploaded /tmp/minio_downloads/1766729568.json to Snowflake stage
[2025-12-26T06:46:43.411+0000] {logging_mixin.py:188} INFO - Uploaded /tmp/minio_downloads/1766729580.json to Snowflake stage
[2025-12-26T06:46:43.668+0000] {logging_mixin.py:188} INFO - Uploaded /tmp/minio_downloads/1766729592.json to Snowflake stage
[2025-12-26T06:46:43.925+0000] {logging_mixin.py:188} INFO - Uploaded /tmp/minio_downloads/1766729606.json to Snowflake stage
[2025-12-26T06:46:44.177+0000] {logging_mixin.py:188} INFO - Uploaded /tmp/minio_downloads/1766729618.json to Snowflake stage
[2025-12-26T06:46:44.447+0000] {logging_mixin.py:188} INFO - Uploaded /tmp/minio_downloads/1766729631.json to Snowflake stage
[2025-12-26T06:46:44.698+0000] {logging_mixin.py:188} INFO - Uploaded /tmp/minio_downloads/1766729642.json to Snowflake stage
[2025-12-26T06:46:44.953+0000] {logging_mixin.py:188} INFO - Uploaded /tmp/minio_downloads/1766729653.json to Snowflake stage
[2025-12-26T06:46:45.235+0000] {logging_mixin.py:188} INFO - Uploaded /tmp/minio_downloads/1766729665.json to Snowflake stage
[2025-12-26T06:46:45.531+0000] {logging_mixin.py:188} INFO - Uploaded /tmp/minio_downloads/1766729678.json to Snowflake stage
[2025-12-26T06:46:45.801+0000] {logging_mixin.py:188} INFO - Uploaded /tmp/minio_downloads/1766729690.json to Snowflake stage
[2025-12-26T06:46:46.101+0000] {logging_mixin.py:188} INFO - Uploaded /tmp/minio_downloads/1766729702.json to Snowflake stage
[2025-12-26T06:46:46.397+0000] {logging_mixin.py:188} INFO - Uploaded /tmp/minio_downloads/1766729714.json to Snowflake stage
[2025-12-26T06:46:46.703+0000] {logging_mixin.py:188} INFO - Uploaded /tmp/minio_downloads/1766729726.json to Snowflake stage
[2025-12-26T06:46:46.966+0000] {logging_mixin.py:188} INFO - Uploaded /tmp/minio_downloads/1766729739.json to Snowflake stage
[2025-12-26T06:46:47.238+0000] {logging_mixin.py:188} INFO - Uploaded /tmp/minio_downloads/1766729752.json to Snowflake stage
[2025-12-26T06:46:47.532+0000] {logging_mixin.py:188} INFO - Uploaded /tmp/minio_downloads/1766729765.json to Snowflake stage
[2025-12-26T06:46:47.811+0000] {logging_mixin.py:188} INFO - Uploaded /tmp/minio_downloads/1766729777.json to Snowflake stage
[2025-12-26T06:46:48.090+0000] {logging_mixin.py:188} INFO - Uploaded /tmp/minio_downloads/1766729789.json to Snowflake stage
[2025-12-26T06:46:48.343+0000] {logging_mixin.py:188} INFO - Uploaded /tmp/minio_downloads/1766729806.json to Snowflake stage
[2025-12-26T06:46:48.629+0000] {logging_mixin.py:188} INFO - Uploaded /tmp/minio_downloads/1766729820.json to Snowflake stage
[2025-12-26T06:46:48.917+0000] {logging_mixin.py:188} INFO - Uploaded /tmp/minio_downloads/1766729832.json to Snowflake stage
[2025-12-26T06:46:49.196+0000] {logging_mixin.py:188} INFO - Uploaded /tmp/minio_downloads/1766729846.json to Snowflake stage
[2025-12-26T06:46:49.519+0000] {logging_mixin.py:188} INFO - Uploaded /tmp/minio_downloads/1766729858.json to Snowflake stage
[2025-12-26T06:46:49.801+0000] {logging_mixin.py:188} INFO - Uploaded /tmp/minio_downloads/1766729872.json to Snowflake stage
[2025-12-26T06:46:50.072+0000] {logging_mixin.py:188} INFO - Uploaded /tmp/minio_downloads/1766729884.json to Snowflake stage
[2025-12-26T06:46:50.358+0000] {logging_mixin.py:188} INFO - Uploaded /tmp/minio_downloads/1766729896.json to Snowflake stage
[2025-12-26T06:46:50.653+0000] {logging_mixin.py:188} INFO - Uploaded /tmp/minio_downloads/1766729909.json to Snowflake stage
[2025-12-26T06:46:50.937+0000] {logging_mixin.py:188} INFO - Uploaded /tmp/minio_downloads/1766729920.json to Snowflake stage
[2025-12-26T06:46:51.223+0000] {logging_mixin.py:188} INFO - Uploaded /tmp/minio_downloads/1766729932.json to Snowflake stage
[2025-12-26T06:46:51.488+0000] {logging_mixin.py:188} INFO - Uploaded /tmp/minio_downloads/1766729944.json to Snowflake stage
[2025-12-26T06:46:51.780+0000] {logging_mixin.py:188} INFO - Uploaded /tmp/minio_downloads/1766729957.json to Snowflake stage
[2025-12-26T06:46:52.059+0000] {logging_mixin.py:188} INFO - Uploaded /tmp/minio_downloads/1766729968.json to Snowflake stage
[2025-12-26T06:46:52.345+0000] {logging_mixin.py:188} INFO - Uploaded /tmp/minio_downloads/1766729979.json to Snowflake stage
[2025-12-26T06:46:52.630+0000] {logging_mixin.py:188} INFO - Uploaded /tmp/minio_downloads/1766729991.json to Snowflake stage
[2025-12-26T06:46:52.904+0000] {logging_mixin.py:188} INFO - Uploaded /tmp/minio_downloads/1766730003.json to Snowflake stage
[2025-12-26T06:46:53.202+0000] {logging_mixin.py:188} INFO - Uploaded /tmp/minio_downloads/1766730016.json to Snowflake stage
[2025-12-26T06:46:53.478+0000] {logging_mixin.py:188} INFO - Uploaded /tmp/minio_downloads/1766730027.json to Snowflake stage
[2025-12-26T06:46:53.745+0000] {logging_mixin.py:188} INFO - Uploaded /tmp/minio_downloads/1766730039.json to Snowflake stage
[2025-12-26T06:46:54.066+0000] {logging_mixin.py:188} INFO - Uploaded /tmp/minio_downloads/1766730051.json to Snowflake stage
[2025-12-26T06:46:54.367+0000] {logging_mixin.py:188} INFO - Uploaded /tmp/minio_downloads/1766730063.json to Snowflake stage
[2025-12-26T06:46:54.636+0000] {logging_mixin.py:188} INFO - Uploaded /tmp/minio_downloads/1766730075.json to Snowflake stage
[2025-12-26T06:46:54.907+0000] {logging_mixin.py:188} INFO - Uploaded /tmp/minio_downloads/1766730087.json to Snowflake stage
[2025-12-26T06:46:55.177+0000] {logging_mixin.py:188} INFO - Uploaded /tmp/minio_downloads/1766730098.json to Snowflake stage
[2025-12-26T06:46:55.537+0000] {logging_mixin.py:188} INFO - Uploaded /tmp/minio_downloads/1766730110.json to Snowflake stage
[2025-12-26T06:46:55.800+0000] {logging_mixin.py:188} INFO - Uploaded /tmp/minio_downloads/1766730121.json to Snowflake stage
[2025-12-26T06:46:56.141+0000] {logging_mixin.py:188} INFO - Uploaded /tmp/minio_downloads/1766730133.json to Snowflake stage
[2025-12-26T06:46:56.456+0000] {logging_mixin.py:188} INFO - Uploaded /tmp/minio_downloads/1766730145.json to Snowflake stage
[2025-12-26T06:46:56.720+0000] {logging_mixin.py:188} INFO - Uploaded /tmp/minio_downloads/1766730156.json to Snowflake stage
[2025-12-26T06:46:56.998+0000] {logging_mixin.py:188} INFO - Uploaded /tmp/minio_downloads/1766730168.json to Snowflake stage
[2025-12-26T06:46:57.291+0000] {logging_mixin.py:188} INFO - Uploaded /tmp/minio_downloads/1766730180.json to Snowflake stage
[2025-12-26T06:46:57.576+0000] {logging_mixin.py:188} INFO - Uploaded /tmp/minio_downloads/1766730191.json to Snowflake stage
[2025-12-26T06:46:57.875+0000] {logging_mixin.py:188} INFO - Uploaded /tmp/minio_downloads/1766730203.json to Snowflake stage
[2025-12-26T06:46:58.150+0000] {logging_mixin.py:188} INFO - Uploaded /tmp/minio_downloads/1766730216.json to Snowflake stage
[2025-12-26T06:46:58.459+0000] {logging_mixin.py:188} INFO - Uploaded /tmp/minio_downloads/1766730227.json to Snowflake stage
[2025-12-26T06:46:58.720+0000] {logging_mixin.py:188} INFO - Uploaded /tmp/minio_downloads/1766730238.json to Snowflake stage
[2025-12-26T06:46:58.992+0000] {logging_mixin.py:188} INFO - Uploaded /tmp/minio_downloads/1766730250.json to Snowflake stage
[2025-12-26T06:46:59.266+0000] {logging_mixin.py:188} INFO - Uploaded /tmp/minio_downloads/1766730261.json to Snowflake stage
[2025-12-26T06:46:59.554+0000] {logging_mixin.py:188} INFO - Uploaded /tmp/minio_downloads/1766730273.json to Snowflake stage
[2025-12-26T06:46:59.843+0000] {logging_mixin.py:188} INFO - Uploaded /tmp/minio_downloads/1766730284.json to Snowflake stage
[2025-12-26T06:47:00.117+0000] {logging_mixin.py:188} INFO - Uploaded /tmp/minio_downloads/1766730297.json to Snowflake stage
[2025-12-26T06:47:00.404+0000] {logging_mixin.py:188} INFO - Uploaded /tmp/minio_downloads/1766730309.json to Snowflake stage
[2025-12-26T06:47:00.686+0000] {logging_mixin.py:188} INFO - Uploaded /tmp/minio_downloads/1766730320.json to Snowflake stage
[2025-12-26T06:47:00.960+0000] {logging_mixin.py:188} INFO - Uploaded /tmp/minio_downloads/1766730331.json to Snowflake stage
[2025-12-26T06:47:01.246+0000] {logging_mixin.py:188} INFO - Uploaded /tmp/minio_downloads/1766730344.json to Snowflake stage
[2025-12-26T06:47:01.534+0000] {logging_mixin.py:188} INFO - Uploaded /tmp/minio_downloads/1766730355.json to Snowflake stage
[2025-12-26T06:47:01.800+0000] {logging_mixin.py:188} INFO - Uploaded /tmp/minio_downloads/1766730367.json to Snowflake stage
[2025-12-26T06:47:02.080+0000] {logging_mixin.py:188} INFO - Uploaded /tmp/minio_downloads/1766730379.json to Snowflake stage
[2025-12-26T06:47:02.418+0000] {logging_mixin.py:188} INFO - Uploaded /tmp/minio_downloads/1766730391.json to Snowflake stage
[2025-12-26T06:47:02.714+0000] {logging_mixin.py:188} INFO - Uploaded /tmp/minio_downloads/1766730403.json to Snowflake stage
[2025-12-26T06:47:02.984+0000] {logging_mixin.py:188} INFO - Uploaded /tmp/minio_downloads/1766730414.json to Snowflake stage
[2025-12-26T06:47:03.297+0000] {logging_mixin.py:188} INFO - Uploaded /tmp/minio_downloads/1766730425.json to Snowflake stage
[2025-12-26T06:47:03.574+0000] {logging_mixin.py:188} INFO - Uploaded /tmp/minio_downloads/1766730437.json to Snowflake stage
[2025-12-26T06:47:03.878+0000] {logging_mixin.py:188} INFO - Uploaded /tmp/minio_downloads/1766730448.json to Snowflake stage
[2025-12-26T06:47:04.165+0000] {logging_mixin.py:188} INFO - Uploaded /tmp/minio_downloads/1766730459.json to Snowflake stage
[2025-12-26T06:47:04.470+0000] {logging_mixin.py:188} INFO - Uploaded /tmp/minio_downloads/1766730471.json to Snowflake stage
[2025-12-26T06:47:04.754+0000] {logging_mixin.py:188} INFO - Uploaded /tmp/minio_downloads/1766730483.json to Snowflake stage
[2025-12-26T06:47:05.018+0000] {logging_mixin.py:188} INFO - Uploaded /tmp/minio_downloads/1766730495.json to Snowflake stage
[2025-12-26T06:47:05.283+0000] {logging_mixin.py:188} INFO - Uploaded /tmp/minio_downloads/1766730506.json to Snowflake stage
[2025-12-26T06:47:05.559+0000] {logging_mixin.py:188} INFO - Uploaded /tmp/minio_downloads/1766730517.json to Snowflake stage
[2025-12-26T06:47:05.841+0000] {logging_mixin.py:188} INFO - Uploaded /tmp/minio_downloads/1766730530.json to Snowflake stage
[2025-12-26T06:47:06.134+0000] {logging_mixin.py:188} INFO - Uploaded /tmp/minio_downloads/1766730542.json to Snowflake stage
[2025-12-26T06:47:06.414+0000] {logging_mixin.py:188} INFO - Uploaded /tmp/minio_downloads/1766730554.json to Snowflake stage
[2025-12-26T06:47:06.704+0000] {logging_mixin.py:188} INFO - Uploaded /tmp/minio_downloads/1766730565.json to Snowflake stage
[2025-12-26T06:47:07.000+0000] {logging_mixin.py:188} INFO - Uploaded /tmp/minio_downloads/1766730577.json to Snowflake stage
[2025-12-26T06:47:07.272+0000] {logging_mixin.py:188} INFO - Uploaded /tmp/minio_downloads/1766730588.json to Snowflake stage
[2025-12-26T06:47:07.538+0000] {logging_mixin.py:188} INFO - Uploaded /tmp/minio_downloads/1766730600.json to Snowflake stage
[2025-12-26T06:47:07.849+0000] {logging_mixin.py:188} INFO - Uploaded /tmp/minio_downloads/1766730612.json to Snowflake stage
[2025-12-26T06:47:08.149+0000] {logging_mixin.py:188} INFO - Uploaded /tmp/minio_downloads/1766730625.json to Snowflake stage
[2025-12-26T06:47:08.419+0000] {logging_mixin.py:188} INFO - Uploaded /tmp/minio_downloads/1766730637.json to Snowflake stage
[2025-12-26T06:47:08.704+0000] {logging_mixin.py:188} INFO - Uploaded /tmp/minio_downloads/1766730649.json to Snowflake stage
[2025-12-26T06:47:09.010+0000] {logging_mixin.py:188} INFO - Uploaded /tmp/minio_downloads/1766730662.json to Snowflake stage
[2025-12-26T06:47:09.294+0000] {logging_mixin.py:188} INFO - Uploaded /tmp/minio_downloads/1766728892.json to Snowflake stage
[2025-12-26T06:47:09.580+0000] {logging_mixin.py:188} INFO - Uploaded /tmp/minio_downloads/1766728903.json to Snowflake stage
[2025-12-26T06:47:09.879+0000] {logging_mixin.py:188} INFO - Uploaded /tmp/minio_downloads/1766728915.json to Snowflake stage
[2025-12-26T06:47:10.153+0000] {logging_mixin.py:188} INFO - Uploaded /tmp/minio_downloads/1766728927.json to Snowflake stage
[2025-12-26T06:47:10.542+0000] {logging_mixin.py:188} INFO - Uploaded /tmp/minio_downloads/1766728939.json to Snowflake stage
[2025-12-26T06:47:10.841+0000] {logging_mixin.py:188} INFO - Uploaded /tmp/minio_downloads/1766728951.json to Snowflake stage
[2025-12-26T06:47:11.146+0000] {logging_mixin.py:188} INFO - Uploaded /tmp/minio_downloads/1766728963.json to Snowflake stage
[2025-12-26T06:47:11.828+0000] {logging_mixin.py:188} INFO - Uploaded /tmp/minio_downloads/1766728975.json to Snowflake stage
[2025-12-26T06:47:12.143+0000] {logging_mixin.py:188} INFO - Uploaded /tmp/minio_downloads/1766728987.json to Snowflake stage
[2025-12-26T06:47:12.424+0000] {logging_mixin.py:188} INFO - Uploaded /tmp/minio_downloads/1766728999.json to Snowflake stage
[2025-12-26T06:47:12.717+0000] {logging_mixin.py:188} INFO - Uploaded /tmp/minio_downloads/1766729011.json to Snowflake stage
[2025-12-26T06:47:13.021+0000] {logging_mixin.py:188} INFO - Uploaded /tmp/minio_downloads/1766729023.json to Snowflake stage
[2025-12-26T06:47:13.313+0000] {logging_mixin.py:188} INFO - Uploaded /tmp/minio_downloads/1766729036.json to Snowflake stage
[2025-12-26T06:47:13.602+0000] {logging_mixin.py:188} INFO - Uploaded /tmp/minio_downloads/1766729048.json to Snowflake stage
[2025-12-26T06:47:13.936+0000] {logging_mixin.py:188} INFO - Uploaded /tmp/minio_downloads/1766729061.json to Snowflake stage
[2025-12-26T06:47:14.216+0000] {logging_mixin.py:188} INFO - Uploaded /tmp/minio_downloads/1766729074.json to Snowflake stage
[2025-12-26T06:47:14.499+0000] {logging_mixin.py:188} INFO - Uploaded /tmp/minio_downloads/1766729087.json to Snowflake stage
[2025-12-26T06:47:14.808+0000] {logging_mixin.py:188} INFO - Uploaded /tmp/minio_downloads/1766729100.json to Snowflake stage
[2025-12-26T06:47:15.071+0000] {logging_mixin.py:188} INFO - Uploaded /tmp/minio_downloads/1766729113.json to Snowflake stage
[2025-12-26T06:47:15.340+0000] {logging_mixin.py:188} INFO - Uploaded /tmp/minio_downloads/1766729126.json to Snowflake stage
[2025-12-26T06:47:15.648+0000] {logging_mixin.py:188} INFO - Uploaded /tmp/minio_downloads/1766729138.json to Snowflake stage
[2025-12-26T06:47:15.924+0000] {logging_mixin.py:188} INFO - Uploaded /tmp/minio_downloads/1766729151.json to Snowflake stage
[2025-12-26T06:47:16.202+0000] {logging_mixin.py:188} INFO - Uploaded /tmp/minio_downloads/1766729164.json to Snowflake stage
[2025-12-26T06:47:16.506+0000] {logging_mixin.py:188} INFO - Uploaded /tmp/minio_downloads/1766729176.json to Snowflake stage
[2025-12-26T06:47:16.776+0000] {logging_mixin.py:188} INFO - Uploaded /tmp/minio_downloads/1766729189.json to Snowflake stage
[2025-12-26T06:47:17.039+0000] {logging_mixin.py:188} INFO - Uploaded /tmp/minio_downloads/1766729202.json to Snowflake stage
[2025-12-26T06:47:17.319+0000] {logging_mixin.py:188} INFO - Uploaded /tmp/minio_downloads/1766729216.json to Snowflake stage
[2025-12-26T06:47:17.585+0000] {logging_mixin.py:188} INFO - Uploaded /tmp/minio_downloads/1766729229.json to Snowflake stage
[2025-12-26T06:47:17.854+0000] {logging_mixin.py:188} INFO - Uploaded /tmp/minio_downloads/1766729242.json to Snowflake stage
[2025-12-26T06:47:18.118+0000] {logging_mixin.py:188} INFO - Uploaded /tmp/minio_downloads/1766729254.json to Snowflake stage
[2025-12-26T06:47:18.393+0000] {logging_mixin.py:188} INFO - Uploaded /tmp/minio_downloads/1766729268.json to Snowflake stage
[2025-12-26T06:47:18.662+0000] {logging_mixin.py:188} INFO - Uploaded /tmp/minio_downloads/1766729280.json to Snowflake stage
[2025-12-26T06:47:18.935+0000] {logging_mixin.py:188} INFO - Uploaded /tmp/minio_downloads/1766729292.json to Snowflake stage
[2025-12-26T06:47:19.208+0000] {logging_mixin.py:188} INFO - Uploaded /tmp/minio_downloads/1766729305.json to Snowflake stage
[2025-12-26T06:47:19.481+0000] {logging_mixin.py:188} INFO - Uploaded /tmp/minio_downloads/1766729317.json to Snowflake stage
[2025-12-26T06:47:19.759+0000] {logging_mixin.py:188} INFO - Uploaded /tmp/minio_downloads/1766729329.json to Snowflake stage
[2025-12-26T06:47:20.043+0000] {logging_mixin.py:188} INFO - Uploaded /tmp/minio_downloads/1766729343.json to Snowflake stage
[2025-12-26T06:47:20.308+0000] {logging_mixin.py:188} INFO - Uploaded /tmp/minio_downloads/1766729354.json to Snowflake stage
[2025-12-26T06:47:20.610+0000] {logging_mixin.py:188} INFO - Uploaded /tmp/minio_downloads/1766729367.json to Snowflake stage
[2025-12-26T06:47:20.900+0000] {logging_mixin.py:188} INFO - Uploaded /tmp/minio_downloads/1766729379.json to Snowflake stage
[2025-12-26T06:47:21.208+0000] {logging_mixin.py:188} INFO - Uploaded /tmp/minio_downloads/1766729393.json to Snowflake stage
[2025-12-26T06:47:21.482+0000] {logging_mixin.py:188} INFO - Uploaded /tmp/minio_downloads/1766729405.json to Snowflake stage
[2025-12-26T06:47:21.745+0000] {logging_mixin.py:188} INFO - Uploaded /tmp/minio_downloads/1766729417.json to Snowflake stage
[2025-12-26T06:47:22.002+0000] {logging_mixin.py:188} INFO - Uploaded /tmp/minio_downloads/1766729429.json to Snowflake stage
[2025-12-26T06:47:22.261+0000] {logging_mixin.py:188} INFO - Uploaded /tmp/minio_downloads/1766729442.json to Snowflake stage
[2025-12-26T06:47:22.547+0000] {logging_mixin.py:188} INFO - Uploaded /tmp/minio_downloads/1766729454.json to Snowflake stage
[2025-12-26T06:47:22.802+0000] {logging_mixin.py:188} INFO - Uploaded /tmp/minio_downloads/1766729467.json to Snowflake stage
[2025-12-26T06:47:23.061+0000] {logging_mixin.py:188} INFO - Uploaded /tmp/minio_downloads/1766729480.json to Snowflake stage
[2025-12-26T06:47:23.321+0000] {logging_mixin.py:188} INFO - Uploaded /tmp/minio_downloads/1766729493.json to Snowflake stage
[2025-12-26T06:47:23.580+0000] {logging_mixin.py:188} INFO - Uploaded /tmp/minio_downloads/1766729505.json to Snowflake stage
[2025-12-26T06:47:23.834+0000] {logging_mixin.py:188} INFO - Uploaded /tmp/minio_downloads/1766729518.json to Snowflake stage
[2025-12-26T06:47:24.095+0000] {logging_mixin.py:188} INFO - Uploaded /tmp/minio_downloads/1766729530.json to Snowflake stage
[2025-12-26T06:47:24.393+0000] {logging_mixin.py:188} INFO - Uploaded /tmp/minio_downloads/1766729541.json to Snowflake stage
[2025-12-26T06:47:24.647+0000] {logging_mixin.py:188} INFO - Uploaded /tmp/minio_downloads/1766729555.json to Snowflake stage
[2025-12-26T06:47:24.905+0000] {logging_mixin.py:188} INFO - Uploaded /tmp/minio_downloads/1766729566.json to Snowflake stage
[2025-12-26T06:47:25.169+0000] {logging_mixin.py:188} INFO - Uploaded /tmp/minio_downloads/1766729579.json to Snowflake stage
[2025-12-26T06:47:25.580+0000] {logging_mixin.py:188} INFO - Uploaded /tmp/minio_downloads/1766729591.json to Snowflake stage
[2025-12-26T06:47:25.835+0000] {logging_mixin.py:188} INFO - Uploaded /tmp/minio_downloads/1766729604.json to Snowflake stage
[2025-12-26T06:47:26.101+0000] {logging_mixin.py:188} INFO - Uploaded /tmp/minio_downloads/1766729617.json to Snowflake stage
[2025-12-26T06:47:26.361+0000] {logging_mixin.py:188} INFO - Uploaded /tmp/minio_downloads/1766729629.json to Snowflake stage
[2025-12-26T06:47:26.641+0000] {logging_mixin.py:188} INFO - Uploaded /tmp/minio_downloads/1766729641.json to Snowflake stage
[2025-12-26T06:47:26.905+0000] {logging_mixin.py:188} INFO - Uploaded /tmp/minio_downloads/1766729652.json to Snowflake stage
[2025-12-26T06:47:27.201+0000] {logging_mixin.py:188} INFO - Uploaded /tmp/minio_downloads/1766729664.json to Snowflake stage
[2025-12-26T06:47:27.476+0000] {logging_mixin.py:188} INFO - Uploaded /tmp/minio_downloads/1766729676.json to Snowflake stage
[2025-12-26T06:47:27.751+0000] {logging_mixin.py:188} INFO - Uploaded /tmp/minio_downloads/1766729689.json to Snowflake stage
[2025-12-26T06:47:28.047+0000] {logging_mixin.py:188} INFO - Uploaded /tmp/minio_downloads/1766729701.json to Snowflake stage
[2025-12-26T06:47:28.314+0000] {logging_mixin.py:188} INFO - Uploaded /tmp/minio_downloads/1766729713.json to Snowflake stage
[2025-12-26T06:47:28.631+0000] {logging_mixin.py:188} INFO - Uploaded /tmp/minio_downloads/1766729725.json to Snowflake stage
[2025-12-26T06:47:29.015+0000] {logging_mixin.py:188} INFO - Uploaded /tmp/minio_downloads/1766729738.json to Snowflake stage
[2025-12-26T06:47:29.397+0000] {logging_mixin.py:188} INFO - Uploaded /tmp/minio_downloads/1766729750.json to Snowflake stage
[2025-12-26T06:47:29.775+0000] {logging_mixin.py:188} INFO - Uploaded /tmp/minio_downloads/1766729764.json to Snowflake stage
[2025-12-26T06:47:30.153+0000] {logging_mixin.py:188} INFO - Uploaded /tmp/minio_downloads/1766729776.json to Snowflake stage
[2025-12-26T06:47:30.533+0000] {logging_mixin.py:188} INFO - Uploaded /tmp/minio_downloads/1766729788.json to Snowflake stage
[2025-12-26T06:47:30.910+0000] {logging_mixin.py:188} INFO - Uploaded /tmp/minio_downloads/1766729805.json to Snowflake stage
[2025-12-26T06:47:31.296+0000] {logging_mixin.py:188} INFO - Uploaded /tmp/minio_downloads/1766729818.json to Snowflake stage
[2025-12-26T06:47:31.691+0000] {logging_mixin.py:188} INFO - Uploaded /tmp/minio_downloads/1766729831.json to Snowflake stage
[2025-12-26T06:47:32.117+0000] {logging_mixin.py:188} INFO - Uploaded /tmp/minio_downloads/1766729845.json to Snowflake stage
[2025-12-26T06:47:32.500+0000] {logging_mixin.py:188} INFO - Uploaded /tmp/minio_downloads/1766729857.json to Snowflake stage
[2025-12-26T06:47:32.878+0000] {logging_mixin.py:188} INFO - Uploaded /tmp/minio_downloads/1766729871.json to Snowflake stage
[2025-12-26T06:47:33.262+0000] {logging_mixin.py:188} INFO - Uploaded /tmp/minio_downloads/1766729883.json to Snowflake stage
[2025-12-26T06:47:33.635+0000] {logging_mixin.py:188} INFO - Uploaded /tmp/minio_downloads/1766729895.json to Snowflake stage
[2025-12-26T06:47:34.012+0000] {logging_mixin.py:188} INFO - Uploaded /tmp/minio_downloads/1766729907.json to Snowflake stage
[2025-12-26T06:47:34.395+0000] {logging_mixin.py:188} INFO - Uploaded /tmp/minio_downloads/1766729919.json to Snowflake stage
[2025-12-26T06:47:34.782+0000] {logging_mixin.py:188} INFO - Uploaded /tmp/minio_downloads/1766729931.json to Snowflake stage
[2025-12-26T06:47:35.174+0000] {logging_mixin.py:188} INFO - Uploaded /tmp/minio_downloads/1766729943.json to Snowflake stage
[2025-12-26T06:47:35.559+0000] {logging_mixin.py:188} INFO - Uploaded /tmp/minio_downloads/1766729955.json to Snowflake stage
[2025-12-26T06:47:37.982+0000] {logging_mixin.py:188} INFO - Uploaded /tmp/minio_downloads/1766729967.json to Snowflake stage
[2025-12-26T06:47:39.051+0000] {logging_mixin.py:188} INFO - Uploaded /tmp/minio_downloads/1766729978.json to Snowflake stage
[2025-12-26T06:47:39.436+0000] {logging_mixin.py:188} INFO - Uploaded /tmp/minio_downloads/1766729990.json to Snowflake stage
[2025-12-26T06:47:39.829+0000] {logging_mixin.py:188} INFO - Uploaded /tmp/minio_downloads/1766730002.json to Snowflake stage
[2025-12-26T06:47:40.214+0000] {logging_mixin.py:188} INFO - Uploaded /tmp/minio_downloads/1766730015.json to Snowflake stage
[2025-12-26T06:47:40.662+0000] {logging_mixin.py:188} INFO - Uploaded /tmp/minio_downloads/1766730026.json to Snowflake stage
[2025-12-26T06:47:41.051+0000] {logging_mixin.py:188} INFO - Uploaded /tmp/minio_downloads/1766730038.json to Snowflake stage
[2025-12-26T06:47:41.430+0000] {logging_mixin.py:188} INFO - Uploaded /tmp/minio_downloads/1766730050.json to Snowflake stage
[2025-12-26T06:47:41.816+0000] {logging_mixin.py:188} INFO - Uploaded /tmp/minio_downloads/1766730062.json to Snowflake stage
[2025-12-26T06:47:42.207+0000] {logging_mixin.py:188} INFO - Uploaded /tmp/minio_downloads/1766730074.json to Snowflake stage
[2025-12-26T06:47:42.599+0000] {logging_mixin.py:188} INFO - Uploaded /tmp/minio_downloads/1766730085.json to Snowflake stage
[2025-12-26T06:47:42.989+0000] {logging_mixin.py:188} INFO - Uploaded /tmp/minio_downloads/1766730097.json to Snowflake stage
[2025-12-26T06:47:43.379+0000] {logging_mixin.py:188} INFO - Uploaded /tmp/minio_downloads/1766730108.json to Snowflake stage
[2025-12-26T06:47:43.766+0000] {logging_mixin.py:188} INFO - Uploaded /tmp/minio_downloads/1766730120.json to Snowflake stage
[2025-12-26T06:47:44.262+0000] {logging_mixin.py:188} INFO - Uploaded /tmp/minio_downloads/1766730132.json to Snowflake stage
[2025-12-26T06:47:44.651+0000] {logging_mixin.py:188} INFO - Uploaded /tmp/minio_downloads/1766730144.json to Snowflake stage
[2025-12-26T06:47:45.034+0000] {logging_mixin.py:188} INFO - Uploaded /tmp/minio_downloads/1766730155.json to Snowflake stage
[2025-12-26T06:47:45.432+0000] {logging_mixin.py:188} INFO - Uploaded /tmp/minio_downloads/1766730167.json to Snowflake stage
[2025-12-26T06:47:45.813+0000] {logging_mixin.py:188} INFO - Uploaded /tmp/minio_downloads/1766730178.json to Snowflake stage
[2025-12-26T06:47:46.189+0000] {logging_mixin.py:188} INFO - Uploaded /tmp/minio_downloads/1766730190.json to Snowflake stage
[2025-12-26T06:47:46.578+0000] {logging_mixin.py:188} INFO - Uploaded /tmp/minio_downloads/1766730202.json to Snowflake stage
[2025-12-26T06:47:46.937+0000] {logging_mixin.py:188} INFO - Uploaded /tmp/minio_downloads/1766730215.json to Snowflake stage
[2025-12-26T06:47:47.332+0000] {logging_mixin.py:188} INFO - Uploaded /tmp/minio_downloads/1766730226.json to Snowflake stage
[2025-12-26T06:47:47.723+0000] {logging_mixin.py:188} INFO - Uploaded /tmp/minio_downloads/1766730237.json to Snowflake stage
[2025-12-26T06:47:48.113+0000] {logging_mixin.py:188} INFO - Uploaded /tmp/minio_downloads/1766730249.json to Snowflake stage
[2025-12-26T06:47:48.498+0000] {logging_mixin.py:188} INFO - Uploaded /tmp/minio_downloads/1766730260.json to Snowflake stage
[2025-12-26T06:47:48.876+0000] {logging_mixin.py:188} INFO - Uploaded /tmp/minio_downloads/1766730271.json to Snowflake stage
[2025-12-26T06:47:49.248+0000] {logging_mixin.py:188} INFO - Uploaded /tmp/minio_downloads/1766730283.json to Snowflake stage
[2025-12-26T06:47:49.638+0000] {logging_mixin.py:188} INFO - Uploaded /tmp/minio_downloads/1766730295.json to Snowflake stage
[2025-12-26T06:47:50.023+0000] {logging_mixin.py:188} INFO - Uploaded /tmp/minio_downloads/1766730307.json to Snowflake stage
[2025-12-26T06:47:50.402+0000] {logging_mixin.py:188} INFO - Uploaded /tmp/minio_downloads/1766730319.json to Snowflake stage
[2025-12-26T06:47:50.781+0000] {logging_mixin.py:188} INFO - Uploaded /tmp/minio_downloads/1766730330.json to Snowflake stage
[2025-12-26T06:47:51.174+0000] {logging_mixin.py:188} INFO - Uploaded /tmp/minio_downloads/1766730342.json to Snowflake stage
[2025-12-26T06:47:51.559+0000] {logging_mixin.py:188} INFO - Uploaded /tmp/minio_downloads/1766730354.json to Snowflake stage
[2025-12-26T06:47:51.937+0000] {logging_mixin.py:188} INFO - Uploaded /tmp/minio_downloads/1766730366.json to Snowflake stage
[2025-12-26T06:47:52.312+0000] {logging_mixin.py:188} INFO - Uploaded /tmp/minio_downloads/1766730378.json to Snowflake stage
[2025-12-26T06:47:52.688+0000] {logging_mixin.py:188} INFO - Uploaded /tmp/minio_downloads/1766730390.json to Snowflake stage
[2025-12-26T06:47:53.068+0000] {logging_mixin.py:188} INFO - Uploaded /tmp/minio_downloads/1766730401.json to Snowflake stage
[2025-12-26T06:47:53.450+0000] {logging_mixin.py:188} INFO - Uploaded /tmp/minio_downloads/1766730413.json to Snowflake stage
[2025-12-26T06:47:53.833+0000] {logging_mixin.py:188} INFO - Uploaded /tmp/minio_downloads/1766730424.json to Snowflake stage
[2025-12-26T06:47:54.214+0000] {logging_mixin.py:188} INFO - Uploaded /tmp/minio_downloads/1766730435.json to Snowflake stage
[2025-12-26T06:47:54.600+0000] {logging_mixin.py:188} INFO - Uploaded /tmp/minio_downloads/1766730447.json to Snowflake stage
[2025-12-26T06:47:54.973+0000] {logging_mixin.py:188} INFO - Uploaded /tmp/minio_downloads/1766730458.json to Snowflake stage
[2025-12-26T06:47:55.350+0000] {logging_mixin.py:188} INFO - Uploaded /tmp/minio_downloads/1766730470.json to Snowflake stage
[2025-12-26T06:47:55.779+0000] {logging_mixin.py:188} INFO - Uploaded /tmp/minio_downloads/1766730482.json to Snowflake stage
[2025-12-26T06:47:56.182+0000] {logging_mixin.py:188} INFO - Uploaded /tmp/minio_downloads/1766730493.json to Snowflake stage
[2025-12-26T06:47:56.572+0000] {logging_mixin.py:188} INFO - Uploaded /tmp/minio_downloads/1766730505.json to Snowflake stage
[2025-12-26T06:47:56.975+0000] {logging_mixin.py:188} INFO - Uploaded /tmp/minio_downloads/1766730516.json to Snowflake stage
[2025-12-26T06:47:57.367+0000] {logging_mixin.py:188} INFO - Uploaded /tmp/minio_downloads/1766730529.json to Snowflake stage
[2025-12-26T06:47:57.764+0000] {logging_mixin.py:188} INFO - Uploaded /tmp/minio_downloads/1766730540.json to Snowflake stage
[2025-12-26T06:47:58.150+0000] {logging_mixin.py:188} INFO - Uploaded /tmp/minio_downloads/1766730553.json to Snowflake stage
[2025-12-26T06:47:58.955+0000] {logging_mixin.py:188} INFO - Uploaded /tmp/minio_downloads/1766730564.json to Snowflake stage
[2025-12-26T06:47:59.333+0000] {logging_mixin.py:188} INFO - Uploaded /tmp/minio_downloads/1766730576.json to Snowflake stage
[2025-12-26T06:47:59.720+0000] {logging_mixin.py:188} INFO - Uploaded /tmp/minio_downloads/1766730587.json to Snowflake stage
[2025-12-26T06:48:00.106+0000] {logging_mixin.py:188} INFO - Uploaded /tmp/minio_downloads/1766730599.json to Snowflake stage
[2025-12-26T06:48:00.522+0000] {logging_mixin.py:188} INFO - Uploaded /tmp/minio_downloads/1766730611.json to Snowflake stage
[2025-12-26T06:48:00.909+0000] {logging_mixin.py:188} INFO - Uploaded /tmp/minio_downloads/1766730623.json to Snowflake stage
[2025-12-26T06:48:01.290+0000] {logging_mixin.py:188} INFO - Uploaded /tmp/minio_downloads/1766730636.json to Snowflake stage
[2025-12-26T06:48:01.724+0000] {logging_mixin.py:188} INFO - Uploaded /tmp/minio_downloads/1766730648.json to Snowflake stage
[2025-12-26T06:48:02.114+0000] {logging_mixin.py:188} INFO - Uploaded /tmp/minio_downloads/1766730661.json to Snowflake stage
[2025-12-26T06:48:02.393+0000] {logging_mixin.py:188} INFO - Uploaded /tmp/minio_downloads/1766728890.json to Snowflake stage
[2025-12-26T06:48:02.688+0000] {logging_mixin.py:188} INFO - Uploaded /tmp/minio_downloads/1766728901.json to Snowflake stage
[2025-12-26T06:48:02.982+0000] {logging_mixin.py:188} INFO - Uploaded /tmp/minio_downloads/1766728912.json to Snowflake stage
[2025-12-26T06:48:03.270+0000] {logging_mixin.py:188} INFO - Uploaded /tmp/minio_downloads/1766728925.json to Snowflake stage
[2025-12-26T06:48:03.543+0000] {logging_mixin.py:188} INFO - Uploaded /tmp/minio_downloads/1766728936.json to Snowflake stage
[2025-12-26T06:48:03.832+0000] {logging_mixin.py:188} INFO - Uploaded /tmp/minio_downloads/1766728948.json to Snowflake stage
[2025-12-26T06:48:04.112+0000] {logging_mixin.py:188} INFO - Uploaded /tmp/minio_downloads/1766728961.json to Snowflake stage
[2025-12-26T06:48:04.397+0000] {logging_mixin.py:188} INFO - Uploaded /tmp/minio_downloads/1766728973.json to Snowflake stage
[2025-12-26T06:48:04.683+0000] {logging_mixin.py:188} INFO - Uploaded /tmp/minio_downloads/1766728985.json to Snowflake stage
[2025-12-26T06:48:04.960+0000] {logging_mixin.py:188} INFO - Uploaded /tmp/minio_downloads/1766728996.json to Snowflake stage
[2025-12-26T06:48:05.235+0000] {logging_mixin.py:188} INFO - Uploaded /tmp/minio_downloads/1766729008.json to Snowflake stage
[2025-12-26T06:48:05.513+0000] {logging_mixin.py:188} INFO - Uploaded /tmp/minio_downloads/1766729021.json to Snowflake stage
[2025-12-26T06:48:05.783+0000] {logging_mixin.py:188} INFO - Uploaded /tmp/minio_downloads/1766729033.json to Snowflake stage
[2025-12-26T06:48:06.054+0000] {logging_mixin.py:188} INFO - Uploaded /tmp/minio_downloads/1766729045.json to Snowflake stage
[2025-12-26T06:48:06.379+0000] {logging_mixin.py:188} INFO - Uploaded /tmp/minio_downloads/1766729059.json to Snowflake stage
[2025-12-26T06:48:06.681+0000] {logging_mixin.py:188} INFO - Uploaded /tmp/minio_downloads/1766729072.json to Snowflake stage
[2025-12-26T06:48:06.975+0000] {logging_mixin.py:188} INFO - Uploaded /tmp/minio_downloads/1766729084.json to Snowflake stage
[2025-12-26T06:48:07.245+0000] {logging_mixin.py:188} INFO - Uploaded /tmp/minio_downloads/1766729097.json to Snowflake stage
[2025-12-26T06:48:07.535+0000] {logging_mixin.py:188} INFO - Uploaded /tmp/minio_downloads/1766729111.json to Snowflake stage
[2025-12-26T06:48:07.820+0000] {logging_mixin.py:188} INFO - Uploaded /tmp/minio_downloads/1766729124.json to Snowflake stage
[2025-12-26T06:48:08.102+0000] {logging_mixin.py:188} INFO - Uploaded /tmp/minio_downloads/1766729136.json to Snowflake stage
[2025-12-26T06:48:08.361+0000] {logging_mixin.py:188} INFO - Uploaded /tmp/minio_downloads/1766729149.json to Snowflake stage
[2025-12-26T06:48:08.653+0000] {logging_mixin.py:188} INFO - Uploaded /tmp/minio_downloads/1766729161.json to Snowflake stage
[2025-12-26T06:48:08.931+0000] {logging_mixin.py:188} INFO - Uploaded /tmp/minio_downloads/1766729173.json to Snowflake stage
[2025-12-26T06:48:09.224+0000] {logging_mixin.py:188} INFO - Uploaded /tmp/minio_downloads/1766729186.json to Snowflake stage
[2025-12-26T06:48:09.491+0000] {logging_mixin.py:188} INFO - Uploaded /tmp/minio_downloads/1766729200.json to Snowflake stage
[2025-12-26T06:48:09.758+0000] {logging_mixin.py:188} INFO - Uploaded /tmp/minio_downloads/1766729213.json to Snowflake stage
[2025-12-26T06:48:10.033+0000] {logging_mixin.py:188} INFO - Uploaded /tmp/minio_downloads/1766729227.json to Snowflake stage
[2025-12-26T06:48:10.379+0000] {logging_mixin.py:188} INFO - Uploaded /tmp/minio_downloads/1766729240.json to Snowflake stage
[2025-12-26T06:48:10.770+0000] {logging_mixin.py:188} INFO - Uploaded /tmp/minio_downloads/1766729252.json to Snowflake stage
[2025-12-26T06:48:11.054+0000] {logging_mixin.py:188} INFO - Uploaded /tmp/minio_downloads/1766729265.json to Snowflake stage
[2025-12-26T06:48:11.338+0000] {logging_mixin.py:188} INFO - Uploaded /tmp/minio_downloads/1766729278.json to Snowflake stage
[2025-12-26T06:48:11.603+0000] {logging_mixin.py:188} INFO - Uploaded /tmp/minio_downloads/1766729290.json to Snowflake stage
[2025-12-26T06:48:11.888+0000] {logging_mixin.py:188} INFO - Uploaded /tmp/minio_downloads/1766729302.json to Snowflake stage
[2025-12-26T06:48:12.182+0000] {logging_mixin.py:188} INFO - Uploaded /tmp/minio_downloads/1766729315.json to Snowflake stage
[2025-12-26T06:48:12.481+0000] {logging_mixin.py:188} INFO - Uploaded /tmp/minio_downloads/1766729327.json to Snowflake stage
[2025-12-26T06:48:12.802+0000] {logging_mixin.py:188} INFO - Uploaded /tmp/minio_downloads/1766729340.json to Snowflake stage
[2025-12-26T06:48:13.130+0000] {logging_mixin.py:188} INFO - Uploaded /tmp/minio_downloads/1766729352.json to Snowflake stage
[2025-12-26T06:48:13.451+0000] {logging_mixin.py:188} INFO - Uploaded /tmp/minio_downloads/1766729364.json to Snowflake stage
[2025-12-26T06:48:13.721+0000] {logging_mixin.py:188} INFO - Uploaded /tmp/minio_downloads/1766729377.json to Snowflake stage
[2025-12-26T06:48:14.006+0000] {logging_mixin.py:188} INFO - Uploaded /tmp/minio_downloads/1766729390.json to Snowflake stage
[2025-12-26T06:48:14.278+0000] {logging_mixin.py:188} INFO - Uploaded /tmp/minio_downloads/1766729402.json to Snowflake stage
[2025-12-26T06:48:14.569+0000] {logging_mixin.py:188} INFO - Uploaded /tmp/minio_downloads/1766729415.json to Snowflake stage
[2025-12-26T06:48:14.937+0000] {logging_mixin.py:188} INFO - Uploaded /tmp/minio_downloads/1766729427.json to Snowflake stage
[2025-12-26T06:48:15.230+0000] {logging_mixin.py:188} INFO - Uploaded /tmp/minio_downloads/1766729439.json to Snowflake stage
[2025-12-26T06:48:15.536+0000] {logging_mixin.py:188} INFO - Uploaded /tmp/minio_downloads/1766729452.json to Snowflake stage
[2025-12-26T06:48:15.847+0000] {logging_mixin.py:188} INFO - Uploaded /tmp/minio_downloads/1766729464.json to Snowflake stage
[2025-12-26T06:48:16.164+0000] {logging_mixin.py:188} INFO - Uploaded /tmp/minio_downloads/1766729478.json to Snowflake stage
[2025-12-26T06:48:16.457+0000] {logging_mixin.py:188} INFO - Uploaded /tmp/minio_downloads/1766729490.json to Snowflake stage
[2025-12-26T06:48:16.748+0000] {logging_mixin.py:188} INFO - Uploaded /tmp/minio_downloads/1766729503.json to Snowflake stage
[2025-12-26T06:48:17.017+0000] {logging_mixin.py:188} INFO - Uploaded /tmp/minio_downloads/1766729515.json to Snowflake stage
[2025-12-26T06:48:17.280+0000] {logging_mixin.py:188} INFO - Uploaded /tmp/minio_downloads/1766729527.json to Snowflake stage
[2025-12-26T06:48:17.555+0000] {logging_mixin.py:188} INFO - Uploaded /tmp/minio_downloads/1766729539.json to Snowflake stage
[2025-12-26T06:48:17.813+0000] {logging_mixin.py:188} INFO - Uploaded /tmp/minio_downloads/1766729551.json to Snowflake stage
[2025-12-26T06:48:18.080+0000] {logging_mixin.py:188} INFO - Uploaded /tmp/minio_downloads/1766729564.json to Snowflake stage
[2025-12-26T06:48:18.336+0000] {logging_mixin.py:188} INFO - Uploaded /tmp/minio_downloads/1766729576.json to Snowflake stage
[2025-12-26T06:48:18.603+0000] {logging_mixin.py:188} INFO - Uploaded /tmp/minio_downloads/1766729589.json to Snowflake stage
[2025-12-26T06:48:18.870+0000] {logging_mixin.py:188} INFO - Uploaded /tmp/minio_downloads/1766729602.json to Snowflake stage
[2025-12-26T06:48:19.159+0000] {logging_mixin.py:188} INFO - Uploaded /tmp/minio_downloads/1766729614.json to Snowflake stage
[2025-12-26T06:48:19.416+0000] {logging_mixin.py:188} INFO - Uploaded /tmp/minio_downloads/1766729627.json to Snowflake stage
[2025-12-26T06:48:19.714+0000] {logging_mixin.py:188} INFO - Uploaded /tmp/minio_downloads/1766729639.json to Snowflake stage
[2025-12-26T06:48:19.974+0000] {logging_mixin.py:188} INFO - Uploaded /tmp/minio_downloads/1766729650.json to Snowflake stage
[2025-12-26T06:48:20.392+0000] {logging_mixin.py:188} INFO - Uploaded /tmp/minio_downloads/1766729662.json to Snowflake stage
[2025-12-26T06:48:20.770+0000] {logging_mixin.py:188} INFO - Uploaded /tmp/minio_downloads/1766729674.json to Snowflake stage
[2025-12-26T06:48:21.157+0000] {logging_mixin.py:188} INFO - Uploaded /tmp/minio_downloads/1766729686.json to Snowflake stage
[2025-12-26T06:48:21.544+0000] {logging_mixin.py:188} INFO - Uploaded /tmp/minio_downloads/1766729699.json to Snowflake stage
[2025-12-26T06:48:21.922+0000] {logging_mixin.py:188} INFO - Uploaded /tmp/minio_downloads/1766729710.json to Snowflake stage
[2025-12-26T06:48:22.316+0000] {logging_mixin.py:188} INFO - Uploaded /tmp/minio_downloads/1766729723.json to Snowflake stage
[2025-12-26T06:48:22.706+0000] {logging_mixin.py:188} INFO - Uploaded /tmp/minio_downloads/1766729735.json to Snowflake stage
[2025-12-26T06:48:23.101+0000] {logging_mixin.py:188} INFO - Uploaded /tmp/minio_downloads/1766729747.json to Snowflake stage
[2025-12-26T06:48:23.494+0000] {logging_mixin.py:188} INFO - Uploaded /tmp/minio_downloads/1766729761.json to Snowflake stage
[2025-12-26T06:48:23.960+0000] {logging_mixin.py:188} INFO - Uploaded /tmp/minio_downloads/1766729773.json to Snowflake stage
[2025-12-26T06:48:25.059+0000] {logging_mixin.py:188} INFO - Uploaded /tmp/minio_downloads/1766729786.json to Snowflake stage
[2025-12-26T06:48:25.475+0000] {logging_mixin.py:188} INFO - Uploaded /tmp/minio_downloads/1766729802.json to Snowflake stage
[2025-12-26T06:48:25.900+0000] {logging_mixin.py:188} INFO - Uploaded /tmp/minio_downloads/1766729814.json to Snowflake stage
[2025-12-26T06:48:26.330+0000] {logging_mixin.py:188} INFO - Uploaded /tmp/minio_downloads/1766729828.json to Snowflake stage
[2025-12-26T06:48:26.912+0000] {logging_mixin.py:188} INFO - Uploaded /tmp/minio_downloads/1766729842.json to Snowflake stage
[2025-12-26T06:48:27.515+0000] {logging_mixin.py:188} INFO - Uploaded /tmp/minio_downloads/1766729855.json to Snowflake stage
[2025-12-26T06:48:27.922+0000] {logging_mixin.py:188} INFO - Uploaded /tmp/minio_downloads/1766729867.json to Snowflake stage
[2025-12-26T06:48:28.454+0000] {logging_mixin.py:188} INFO - Uploaded /tmp/minio_downloads/1766729880.json to Snowflake stage
[2025-12-26T06:48:28.847+0000] {logging_mixin.py:188} INFO - Uploaded /tmp/minio_downloads/1766729892.json to Snowflake stage
[2025-12-26T06:48:29.244+0000] {logging_mixin.py:188} INFO - Uploaded /tmp/minio_downloads/1766729905.json to Snowflake stage
[2025-12-26T06:48:29.755+0000] {logging_mixin.py:188} INFO - Uploaded /tmp/minio_downloads/1766729917.json to Snowflake stage
[2025-12-26T06:48:30.222+0000] {logging_mixin.py:188} INFO - Uploaded /tmp/minio_downloads/1766729929.json to Snowflake stage
[2025-12-26T06:48:30.707+0000] {logging_mixin.py:188} INFO - Uploaded /tmp/minio_downloads/1766729941.json to Snowflake stage
[2025-12-26T06:48:31.103+0000] {logging_mixin.py:188} INFO - Uploaded /tmp/minio_downloads/1766729953.json to Snowflake stage
[2025-12-26T06:48:31.497+0000] {logging_mixin.py:188} INFO - Uploaded /tmp/minio_downloads/1766729965.json to Snowflake stage
[2025-12-26T06:48:31.885+0000] {logging_mixin.py:188} INFO - Uploaded /tmp/minio_downloads/1766729976.json to Snowflake stage
[2025-12-26T06:48:32.285+0000] {logging_mixin.py:188} INFO - Uploaded /tmp/minio_downloads/1766729988.json to Snowflake stage
[2025-12-26T06:48:32.703+0000] {logging_mixin.py:188} INFO - Uploaded /tmp/minio_downloads/1766729999.json to Snowflake stage
[2025-12-26T06:48:33.084+0000] {logging_mixin.py:188} INFO - Uploaded /tmp/minio_downloads/1766730012.json to Snowflake stage
[2025-12-26T06:48:33.481+0000] {logging_mixin.py:188} INFO - Uploaded /tmp/minio_downloads/1766730024.json to Snowflake stage
[2025-12-26T06:48:33.963+0000] {logging_mixin.py:188} INFO - Uploaded /tmp/minio_downloads/1766730036.json to Snowflake stage
[2025-12-26T06:48:34.423+0000] {logging_mixin.py:188} INFO - Uploaded /tmp/minio_downloads/1766730047.json to Snowflake stage
[2025-12-26T06:48:34.811+0000] {logging_mixin.py:188} INFO - Uploaded /tmp/minio_downloads/1766730060.json to Snowflake stage
[2025-12-26T06:48:35.201+0000] {logging_mixin.py:188} INFO - Uploaded /tmp/minio_downloads/1766730071.json to Snowflake stage
[2025-12-26T06:48:35.583+0000] {logging_mixin.py:188} INFO - Uploaded /tmp/minio_downloads/1766730083.json to Snowflake stage
[2025-12-26T06:48:35.980+0000] {logging_mixin.py:188} INFO - Uploaded /tmp/minio_downloads/1766730095.json to Snowflake stage
[2025-12-26T06:48:36.364+0000] {logging_mixin.py:188} INFO - Uploaded /tmp/minio_downloads/1766730106.json to Snowflake stage
[2025-12-26T06:48:36.755+0000] {logging_mixin.py:188} INFO - Uploaded /tmp/minio_downloads/1766730118.json to Snowflake stage
[2025-12-26T06:48:37.138+0000] {logging_mixin.py:188} INFO - Uploaded /tmp/minio_downloads/1766730129.json to Snowflake stage
[2025-12-26T06:48:37.566+0000] {logging_mixin.py:188} INFO - Uploaded /tmp/minio_downloads/1766730141.json to Snowflake stage
[2025-12-26T06:48:37.950+0000] {logging_mixin.py:188} INFO - Uploaded /tmp/minio_downloads/1766730153.json to Snowflake stage
[2025-12-26T06:48:38.338+0000] {logging_mixin.py:188} INFO - Uploaded /tmp/minio_downloads/1766730164.json to Snowflake stage
[2025-12-26T06:48:38.726+0000] {logging_mixin.py:188} INFO - Uploaded /tmp/minio_downloads/1766730176.json to Snowflake stage
[2025-12-26T06:48:39.172+0000] {logging_mixin.py:188} INFO - Uploaded /tmp/minio_downloads/1766730188.json to Snowflake stage
[2025-12-26T06:48:39.561+0000] {logging_mixin.py:188} INFO - Uploaded /tmp/minio_downloads/1766730199.json to Snowflake stage
[2025-12-26T06:48:39.944+0000] {logging_mixin.py:188} INFO - Uploaded /tmp/minio_downloads/1766730212.json to Snowflake stage
[2025-12-26T06:48:40.325+0000] {logging_mixin.py:188} INFO - Uploaded /tmp/minio_downloads/1766730224.json to Snowflake stage
[2025-12-26T06:48:40.712+0000] {logging_mixin.py:188} INFO - Uploaded /tmp/minio_downloads/1766730235.json to Snowflake stage
[2025-12-26T06:48:41.177+0000] {logging_mixin.py:188} INFO - Uploaded /tmp/minio_downloads/1766730247.json to Snowflake stage
[2025-12-26T06:48:41.614+0000] {logging_mixin.py:188} INFO - Uploaded /tmp/minio_downloads/1766730258.json to Snowflake stage
[2025-12-26T06:48:42.010+0000] {logging_mixin.py:188} INFO - Uploaded /tmp/minio_downloads/1766730269.json to Snowflake stage
[2025-12-26T06:48:42.462+0000] {logging_mixin.py:188} INFO - Uploaded /tmp/minio_downloads/1766730281.json to Snowflake stage
[2025-12-26T06:48:42.860+0000] {logging_mixin.py:188} INFO - Uploaded /tmp/minio_downloads/1766730293.json to Snowflake stage
[2025-12-26T06:48:43.254+0000] {logging_mixin.py:188} INFO - Uploaded /tmp/minio_downloads/1766730305.json to Snowflake stage
[2025-12-26T06:48:43.645+0000] {logging_mixin.py:188} INFO - Uploaded /tmp/minio_downloads/1766730317.json to Snowflake stage
[2025-12-26T06:48:44.036+0000] {logging_mixin.py:188} INFO - Uploaded /tmp/minio_downloads/1766730328.json to Snowflake stage
[2025-12-26T06:48:44.845+0000] {logging_mixin.py:188} INFO - Uploaded /tmp/minio_downloads/1766730340.json to Snowflake stage
[2025-12-26T06:48:45.983+0000] {logging_mixin.py:188} INFO - Uploaded /tmp/minio_downloads/1766730352.json to Snowflake stage
[2025-12-26T06:48:46.369+0000] {logging_mixin.py:188} INFO - Uploaded /tmp/minio_downloads/1766730364.json to Snowflake stage
[2025-12-26T06:48:46.767+0000] {logging_mixin.py:188} INFO - Uploaded /tmp/minio_downloads/1766730375.json to Snowflake stage
[2025-12-26T06:48:47.497+0000] {logging_mixin.py:188} INFO - Uploaded /tmp/minio_downloads/1766730387.json to Snowflake stage
[2025-12-26T06:48:47.958+0000] {logging_mixin.py:188} INFO - Uploaded /tmp/minio_downloads/1766730399.json to Snowflake stage
[2025-12-26T06:48:48.337+0000] {logging_mixin.py:188} INFO - Uploaded /tmp/minio_downloads/1766730411.json to Snowflake stage
[2025-12-26T06:48:48.731+0000] {logging_mixin.py:188} INFO - Uploaded /tmp/minio_downloads/1766730422.json to Snowflake stage
[2025-12-26T06:48:49.121+0000] {logging_mixin.py:188} INFO - Uploaded /tmp/minio_downloads/1766730433.json to Snowflake stage
[2025-12-26T06:48:49.519+0000] {logging_mixin.py:188} INFO - Uploaded /tmp/minio_downloads/1766730445.json to Snowflake stage
[2025-12-26T06:48:49.998+0000] {logging_mixin.py:188} INFO - Uploaded /tmp/minio_downloads/1766730456.json to Snowflake stage
[2025-12-26T06:48:50.382+0000] {logging_mixin.py:188} INFO - Uploaded /tmp/minio_downloads/1766730468.json to Snowflake stage
[2025-12-26T06:48:50.773+0000] {logging_mixin.py:188} INFO - Uploaded /tmp/minio_downloads/1766730480.json to Snowflake stage
[2025-12-26T06:48:51.155+0000] {logging_mixin.py:188} INFO - Uploaded /tmp/minio_downloads/1766730491.json to Snowflake stage
[2025-12-26T06:48:51.543+0000] {logging_mixin.py:188} INFO - Uploaded /tmp/minio_downloads/1766730503.json to Snowflake stage
[2025-12-26T06:48:51.924+0000] {logging_mixin.py:188} INFO - Uploaded /tmp/minio_downloads/1766730514.json to Snowflake stage
[2025-12-26T06:48:52.314+0000] {logging_mixin.py:188} INFO - Uploaded /tmp/minio_downloads/1766730526.json to Snowflake stage
[2025-12-26T06:48:52.697+0000] {logging_mixin.py:188} INFO - Uploaded /tmp/minio_downloads/1766730538.json to Snowflake stage
[2025-12-26T06:48:53.081+0000] {logging_mixin.py:188} INFO - Uploaded /tmp/minio_downloads/1766730551.json to Snowflake stage
[2025-12-26T06:48:53.476+0000] {logging_mixin.py:188} INFO - Uploaded /tmp/minio_downloads/1766730562.json to Snowflake stage
[2025-12-26T06:48:53.857+0000] {logging_mixin.py:188} INFO - Uploaded /tmp/minio_downloads/1766730574.json to Snowflake stage
[2025-12-26T06:48:54.239+0000] {logging_mixin.py:188} INFO - Uploaded /tmp/minio_downloads/1766730585.json to Snowflake stage
[2025-12-26T06:48:54.642+0000] {logging_mixin.py:188} INFO - Uploaded /tmp/minio_downloads/1766730597.json to Snowflake stage
[2025-12-26T06:48:55.022+0000] {logging_mixin.py:188} INFO - Uploaded /tmp/minio_downloads/1766730609.json to Snowflake stage
[2025-12-26T06:48:55.417+0000] {logging_mixin.py:188} INFO - Uploaded /tmp/minio_downloads/1766730621.json to Snowflake stage
[2025-12-26T06:48:55.811+0000] {logging_mixin.py:188} INFO - Uploaded /tmp/minio_downloads/1766730633.json to Snowflake stage
[2025-12-26T06:48:56.223+0000] {logging_mixin.py:188} INFO - Uploaded /tmp/minio_downloads/1766730645.json to Snowflake stage
[2025-12-26T06:48:56.633+0000] {logging_mixin.py:188} INFO - Uploaded /tmp/minio_downloads/1766730658.json to Snowflake stage
[2025-12-26T06:48:57.197+0000] {logging_mixin.py:188} INFO - Uploaded /tmp/minio_downloads/1766730671.json to Snowflake stage
[2025-12-26T06:48:57.471+0000] {logging_mixin.py:188} INFO - Uploaded /tmp/minio_downloads/1766728891.json to Snowflake stage
[2025-12-26T06:48:57.779+0000] {logging_mixin.py:188} INFO - Uploaded /tmp/minio_downloads/1766728902.json to Snowflake stage
[2025-12-26T06:48:58.056+0000] {logging_mixin.py:188} INFO - Uploaded /tmp/minio_downloads/1766728913.json to Snowflake stage
[2025-12-26T06:48:58.685+0000] {logging_mixin.py:188} INFO - Uploaded /tmp/minio_downloads/1766728926.json to Snowflake stage
[2025-12-26T06:48:58.967+0000] {logging_mixin.py:188} INFO - Uploaded /tmp/minio_downloads/1766728937.json to Snowflake stage
[2025-12-26T06:48:59.241+0000] {logging_mixin.py:188} INFO - Uploaded /tmp/minio_downloads/1766728949.json to Snowflake stage
[2025-12-26T06:48:59.547+0000] {logging_mixin.py:188} INFO - Uploaded /tmp/minio_downloads/1766728962.json to Snowflake stage
[2025-12-26T06:48:59.819+0000] {logging_mixin.py:188} INFO - Uploaded /tmp/minio_downloads/1766728974.json to Snowflake stage
[2025-12-26T06:49:00.093+0000] {logging_mixin.py:188} INFO - Uploaded /tmp/minio_downloads/1766728986.json to Snowflake stage
[2025-12-26T06:49:00.391+0000] {logging_mixin.py:188} INFO - Uploaded /tmp/minio_downloads/1766728998.json to Snowflake stage
[2025-12-26T06:49:00.711+0000] {logging_mixin.py:188} INFO - Uploaded /tmp/minio_downloads/1766729010.json to Snowflake stage
[2025-12-26T06:49:00.989+0000] {logging_mixin.py:188} INFO - Uploaded /tmp/minio_downloads/1766729022.json to Snowflake stage
[2025-12-26T06:49:01.253+0000] {logging_mixin.py:188} INFO - Uploaded /tmp/minio_downloads/1766729035.json to Snowflake stage
[2025-12-26T06:49:01.546+0000] {logging_mixin.py:188} INFO - Uploaded /tmp/minio_downloads/1766729047.json to Snowflake stage
[2025-12-26T06:49:02.718+0000] {logging_mixin.py:188} INFO - Uploaded /tmp/minio_downloads/1766729060.json to Snowflake stage
[2025-12-26T06:49:03.010+0000] {logging_mixin.py:188} INFO - Uploaded /tmp/minio_downloads/1766729073.json to Snowflake stage
[2025-12-26T06:49:03.289+0000] {logging_mixin.py:188} INFO - Uploaded /tmp/minio_downloads/1766729085.json to Snowflake stage
[2025-12-26T06:49:03.557+0000] {logging_mixin.py:188} INFO - Uploaded /tmp/minio_downloads/1766729098.json to Snowflake stage
[2025-12-26T06:49:03.846+0000] {logging_mixin.py:188} INFO - Uploaded /tmp/minio_downloads/1766729112.json to Snowflake stage
[2025-12-26T06:49:04.135+0000] {logging_mixin.py:188} INFO - Uploaded /tmp/minio_downloads/1766729125.json to Snowflake stage
[2025-12-26T06:49:04.453+0000] {logging_mixin.py:188} INFO - Uploaded /tmp/minio_downloads/1766729137.json to Snowflake stage
[2025-12-26T06:49:04.769+0000] {logging_mixin.py:188} INFO - Uploaded /tmp/minio_downloads/1766729150.json to Snowflake stage
[2025-12-26T06:49:05.054+0000] {logging_mixin.py:188} INFO - Uploaded /tmp/minio_downloads/1766729162.json to Snowflake stage
[2025-12-26T06:49:05.333+0000] {logging_mixin.py:188} INFO - Uploaded /tmp/minio_downloads/1766729174.json to Snowflake stage
[2025-12-26T06:49:05.607+0000] {logging_mixin.py:188} INFO - Uploaded /tmp/minio_downloads/1766729188.json to Snowflake stage
[2025-12-26T06:49:05.880+0000] {logging_mixin.py:188} INFO - Uploaded /tmp/minio_downloads/1766729201.json to Snowflake stage
[2025-12-26T06:49:06.143+0000] {logging_mixin.py:188} INFO - Uploaded /tmp/minio_downloads/1766729215.json to Snowflake stage
[2025-12-26T06:49:06.418+0000] {logging_mixin.py:188} INFO - Uploaded /tmp/minio_downloads/1766729228.json to Snowflake stage
[2025-12-26T06:49:06.724+0000] {logging_mixin.py:188} INFO - Uploaded /tmp/minio_downloads/1766729241.json to Snowflake stage
[2025-12-26T06:49:06.998+0000] {logging_mixin.py:188} INFO - Uploaded /tmp/minio_downloads/1766729253.json to Snowflake stage
[2025-12-26T06:49:07.263+0000] {logging_mixin.py:188} INFO - Uploaded /tmp/minio_downloads/1766729267.json to Snowflake stage
[2025-12-26T06:49:07.537+0000] {logging_mixin.py:188} INFO - Uploaded /tmp/minio_downloads/1766729279.json to Snowflake stage
[2025-12-26T06:49:07.848+0000] {logging_mixin.py:188} INFO - Uploaded /tmp/minio_downloads/1766729291.json to Snowflake stage
[2025-12-26T06:49:08.127+0000] {logging_mixin.py:188} INFO - Uploaded /tmp/minio_downloads/1766729303.json to Snowflake stage
[2025-12-26T06:49:08.408+0000] {logging_mixin.py:188} INFO - Uploaded /tmp/minio_downloads/1766729316.json to Snowflake stage
[2025-12-26T06:49:08.683+0000] {logging_mixin.py:188} INFO - Uploaded /tmp/minio_downloads/1766729328.json to Snowflake stage
[2025-12-26T06:49:08.975+0000] {logging_mixin.py:188} INFO - Uploaded /tmp/minio_downloads/1766729341.json to Snowflake stage
[2025-12-26T06:49:09.250+0000] {logging_mixin.py:188} INFO - Uploaded /tmp/minio_downloads/1766729353.json to Snowflake stage
[2025-12-26T06:49:09.526+0000] {logging_mixin.py:188} INFO - Uploaded /tmp/minio_downloads/1766729365.json to Snowflake stage
[2025-12-26T06:49:09.835+0000] {logging_mixin.py:188} INFO - Uploaded /tmp/minio_downloads/1766729378.json to Snowflake stage
[2025-12-26T06:49:10.119+0000] {logging_mixin.py:188} INFO - Uploaded /tmp/minio_downloads/1766729391.json to Snowflake stage
[2025-12-26T06:49:10.399+0000] {logging_mixin.py:188} INFO - Uploaded /tmp/minio_downloads/1766729403.json to Snowflake stage
[2025-12-26T06:49:10.666+0000] {logging_mixin.py:188} INFO - Uploaded /tmp/minio_downloads/1766729416.json to Snowflake stage
[2025-12-26T06:49:10.981+0000] {logging_mixin.py:188} INFO - Uploaded /tmp/minio_downloads/1766729428.json to Snowflake stage
[2025-12-26T06:49:11.394+0000] {logging_mixin.py:188} INFO - Uploaded /tmp/minio_downloads/1766729441.json to Snowflake stage
[2025-12-26T06:49:11.663+0000] {logging_mixin.py:188} INFO - Uploaded /tmp/minio_downloads/1766729453.json to Snowflake stage
[2025-12-26T06:49:11.933+0000] {logging_mixin.py:188} INFO - Uploaded /tmp/minio_downloads/1766729466.json to Snowflake stage
[2025-12-26T06:49:12.217+0000] {logging_mixin.py:188} INFO - Uploaded /tmp/minio_downloads/1766729479.json to Snowflake stage
[2025-12-26T06:49:12.474+0000] {logging_mixin.py:188} INFO - Uploaded /tmp/minio_downloads/1766729491.json to Snowflake stage
[2025-12-26T06:49:12.735+0000] {logging_mixin.py:188} INFO - Uploaded /tmp/minio_downloads/1766729504.json to Snowflake stage
[2025-12-26T06:49:13.010+0000] {logging_mixin.py:188} INFO - Uploaded /tmp/minio_downloads/1766729516.json to Snowflake stage
[2025-12-26T06:49:13.617+0000] {logging_mixin.py:188} INFO - Uploaded /tmp/minio_downloads/1766729529.json to Snowflake stage
[2025-12-26T06:49:13.880+0000] {logging_mixin.py:188} INFO - Uploaded /tmp/minio_downloads/1766729540.json to Snowflake stage
[2025-12-26T06:49:14.140+0000] {logging_mixin.py:188} INFO - Uploaded /tmp/minio_downloads/1766729552.json to Snowflake stage
[2025-12-26T06:49:14.429+0000] {logging_mixin.py:188} INFO - Uploaded /tmp/minio_downloads/1766729565.json to Snowflake stage
[2025-12-26T06:49:14.710+0000] {logging_mixin.py:188} INFO - Uploaded /tmp/minio_downloads/1766729578.json to Snowflake stage
[2025-12-26T06:49:14.971+0000] {logging_mixin.py:188} INFO - Uploaded /tmp/minio_downloads/1766729590.json to Snowflake stage
[2025-12-26T06:49:15.231+0000] {logging_mixin.py:188} INFO - Uploaded /tmp/minio_downloads/1766729603.json to Snowflake stage
[2025-12-26T06:49:15.493+0000] {logging_mixin.py:188} INFO - Uploaded /tmp/minio_downloads/1766729616.json to Snowflake stage
[2025-12-26T06:49:15.804+0000] {logging_mixin.py:188} INFO - Uploaded /tmp/minio_downloads/1766729628.json to Snowflake stage
[2025-12-26T06:49:16.067+0000] {logging_mixin.py:188} INFO - Uploaded /tmp/minio_downloads/1766729640.json to Snowflake stage
[2025-12-26T06:49:16.330+0000] {logging_mixin.py:188} INFO - Uploaded /tmp/minio_downloads/1766729651.json to Snowflake stage
[2025-12-26T06:49:16.723+0000] {logging_mixin.py:188} INFO - Uploaded /tmp/minio_downloads/1766729663.json to Snowflake stage
[2025-12-26T06:49:17.095+0000] {logging_mixin.py:188} INFO - Uploaded /tmp/minio_downloads/1766729675.json to Snowflake stage
[2025-12-26T06:49:17.472+0000] {logging_mixin.py:188} INFO - Uploaded /tmp/minio_downloads/1766729688.json to Snowflake stage
[2025-12-26T06:49:17.856+0000] {logging_mixin.py:188} INFO - Uploaded /tmp/minio_downloads/1766729700.json to Snowflake stage
[2025-12-26T06:49:18.235+0000] {logging_mixin.py:188} INFO - Uploaded /tmp/minio_downloads/1766729712.json to Snowflake stage
[2025-12-26T06:49:18.611+0000] {logging_mixin.py:188} INFO - Uploaded /tmp/minio_downloads/1766729724.json to Snowflake stage
[2025-12-26T06:49:18.991+0000] {logging_mixin.py:188} INFO - Uploaded /tmp/minio_downloads/1766729736.json to Snowflake stage
[2025-12-26T06:49:19.374+0000] {logging_mixin.py:188} INFO - Uploaded /tmp/minio_downloads/1766729749.json to Snowflake stage
[2025-12-26T06:49:19.753+0000] {logging_mixin.py:188} INFO - Uploaded /tmp/minio_downloads/1766729762.json to Snowflake stage
[2025-12-26T06:49:20.135+0000] {logging_mixin.py:188} INFO - Uploaded /tmp/minio_downloads/1766729775.json to Snowflake stage
[2025-12-26T06:49:20.513+0000] {logging_mixin.py:188} INFO - Uploaded /tmp/minio_downloads/1766729787.json to Snowflake stage
[2025-12-26T06:49:20.895+0000] {logging_mixin.py:188} INFO - Uploaded /tmp/minio_downloads/1766729803.json to Snowflake stage
[2025-12-26T06:49:21.283+0000] {logging_mixin.py:188} INFO - Uploaded /tmp/minio_downloads/1766729815.json to Snowflake stage
[2025-12-26T06:49:21.676+0000] {logging_mixin.py:188} INFO - Uploaded /tmp/minio_downloads/1766729830.json to Snowflake stage
[2025-12-26T06:49:22.054+0000] {logging_mixin.py:188} INFO - Uploaded /tmp/minio_downloads/1766729843.json to Snowflake stage
[2025-12-26T06:49:22.436+0000] {logging_mixin.py:188} INFO - Uploaded /tmp/minio_downloads/1766729856.json to Snowflake stage
[2025-12-26T06:49:22.819+0000] {logging_mixin.py:188} INFO - Uploaded /tmp/minio_downloads/1766729868.json to Snowflake stage
[2025-12-26T06:49:23.231+0000] {logging_mixin.py:188} INFO - Uploaded /tmp/minio_downloads/1766729882.json to Snowflake stage
[2025-12-26T06:49:23.612+0000] {logging_mixin.py:188} INFO - Uploaded /tmp/minio_downloads/1766729894.json to Snowflake stage
[2025-12-26T06:49:23.999+0000] {logging_mixin.py:188} INFO - Uploaded /tmp/minio_downloads/1766729906.json to Snowflake stage
[2025-12-26T06:49:24.388+0000] {logging_mixin.py:188} INFO - Uploaded /tmp/minio_downloads/1766729918.json to Snowflake stage
[2025-12-26T06:49:24.777+0000] {logging_mixin.py:188} INFO - Uploaded /tmp/minio_downloads/1766729930.json to Snowflake stage
[2025-12-26T06:49:25.160+0000] {logging_mixin.py:188} INFO - Uploaded /tmp/minio_downloads/1766729942.json to Snowflake stage
[2025-12-26T06:49:25.551+0000] {logging_mixin.py:188} INFO - Uploaded /tmp/minio_downloads/1766729954.json to Snowflake stage
[2025-12-26T06:49:25.937+0000] {logging_mixin.py:188} INFO - Uploaded /tmp/minio_downloads/1766729966.json to Snowflake stage
[2025-12-26T06:49:26.552+0000] {logging_mixin.py:188} INFO - Uploaded /tmp/minio_downloads/1766729977.json to Snowflake stage
[2025-12-26T06:49:27.104+0000] {logging_mixin.py:188} INFO - Uploaded /tmp/minio_downloads/1766729989.json to Snowflake stage
[2025-12-26T06:49:27.503+0000] {logging_mixin.py:188} INFO - Uploaded /tmp/minio_downloads/1766730001.json to Snowflake stage
[2025-12-26T06:49:27.911+0000] {logging_mixin.py:188} INFO - Uploaded /tmp/minio_downloads/1766730013.json to Snowflake stage
[2025-12-26T06:49:28.330+0000] {logging_mixin.py:188} INFO - Uploaded /tmp/minio_downloads/1766730025.json to Snowflake stage
[2025-12-26T06:49:28.741+0000] {logging_mixin.py:188} INFO - Uploaded /tmp/minio_downloads/1766730037.json to Snowflake stage
[2025-12-26T06:49:29.145+0000] {logging_mixin.py:188} INFO - Uploaded /tmp/minio_downloads/1766730049.json to Snowflake stage
[2025-12-26T06:49:29.538+0000] {logging_mixin.py:188} INFO - Uploaded /tmp/minio_downloads/1766730061.json to Snowflake stage
[2025-12-26T06:49:29.927+0000] {logging_mixin.py:188} INFO - Uploaded /tmp/minio_downloads/1766730072.json to Snowflake stage
[2025-12-26T06:49:30.316+0000] {logging_mixin.py:188} INFO - Uploaded /tmp/minio_downloads/1766730084.json to Snowflake stage
[2025-12-26T06:49:30.705+0000] {logging_mixin.py:188} INFO - Uploaded /tmp/minio_downloads/1766730096.json to Snowflake stage
[2025-12-26T06:49:31.094+0000] {logging_mixin.py:188} INFO - Uploaded /tmp/minio_downloads/1766730107.json to Snowflake stage
[2025-12-26T06:49:31.526+0000] {logging_mixin.py:188} INFO - Uploaded /tmp/minio_downloads/1766730119.json to Snowflake stage
[2025-12-26T06:49:31.919+0000] {logging_mixin.py:188} INFO - Uploaded /tmp/minio_downloads/1766730130.json to Snowflake stage
[2025-12-26T06:49:32.334+0000] {logging_mixin.py:188} INFO - Uploaded /tmp/minio_downloads/1766730143.json to Snowflake stage
[2025-12-26T06:49:32.746+0000] {logging_mixin.py:188} INFO - Uploaded /tmp/minio_downloads/1766730154.json to Snowflake stage
[2025-12-26T06:49:33.139+0000] {logging_mixin.py:188} INFO - Uploaded /tmp/minio_downloads/1766730166.json to Snowflake stage
[2025-12-26T06:49:33.527+0000] {logging_mixin.py:188} INFO - Uploaded /tmp/minio_downloads/1766730177.json to Snowflake stage
[2025-12-26T06:49:33.918+0000] {logging_mixin.py:188} INFO - Uploaded /tmp/minio_downloads/1766730189.json to Snowflake stage
[2025-12-26T06:49:34.845+0000] {logging_mixin.py:188} INFO - Uploaded /tmp/minio_downloads/1766730200.json to Snowflake stage
[2025-12-26T06:49:35.233+0000] {logging_mixin.py:188} INFO - Uploaded /tmp/minio_downloads/1766730213.json to Snowflake stage
[2025-12-26T06:49:35.618+0000] {logging_mixin.py:188} INFO - Uploaded /tmp/minio_downloads/1766730225.json to Snowflake stage
[2025-12-26T06:49:36.003+0000] {logging_mixin.py:188} INFO - Uploaded /tmp/minio_downloads/1766730236.json to Snowflake stage
[2025-12-26T06:49:36.392+0000] {logging_mixin.py:188} INFO - Uploaded /tmp/minio_downloads/1766730248.json to Snowflake stage
[2025-12-26T06:49:36.774+0000] {logging_mixin.py:188} INFO - Uploaded /tmp/minio_downloads/1766730259.json to Snowflake stage
[2025-12-26T06:49:37.156+0000] {logging_mixin.py:188} INFO - Uploaded /tmp/minio_downloads/1766730270.json to Snowflake stage
[2025-12-26T06:49:37.542+0000] {logging_mixin.py:188} INFO - Uploaded /tmp/minio_downloads/1766730282.json to Snowflake stage
[2025-12-26T06:49:37.923+0000] {logging_mixin.py:188} INFO - Uploaded /tmp/minio_downloads/1766730294.json to Snowflake stage
[2025-12-26T06:49:38.312+0000] {logging_mixin.py:188} INFO - Uploaded /tmp/minio_downloads/1766730306.json to Snowflake stage
[2025-12-26T06:49:38.693+0000] {logging_mixin.py:188} INFO - Uploaded /tmp/minio_downloads/1766730318.json to Snowflake stage
[2025-12-26T06:49:39.071+0000] {logging_mixin.py:188} INFO - Uploaded /tmp/minio_downloads/1766730329.json to Snowflake stage
[2025-12-26T06:49:39.453+0000] {logging_mixin.py:188} INFO - Uploaded /tmp/minio_downloads/1766730341.json to Snowflake stage
[2025-12-26T06:49:39.832+0000] {logging_mixin.py:188} INFO - Uploaded /tmp/minio_downloads/1766730353.json to Snowflake stage
[2025-12-26T06:49:40.210+0000] {logging_mixin.py:188} INFO - Uploaded /tmp/minio_downloads/1766730365.json to Snowflake stage
[2025-12-26T06:49:40.590+0000] {logging_mixin.py:188} INFO - Uploaded /tmp/minio_downloads/1766730376.json to Snowflake stage
[2025-12-26T06:49:40.977+0000] {logging_mixin.py:188} INFO - Uploaded /tmp/minio_downloads/1766730388.json to Snowflake stage
[2025-12-26T06:49:41.393+0000] {logging_mixin.py:188} INFO - Uploaded /tmp/minio_downloads/1766730400.json to Snowflake stage
[2025-12-26T06:49:41.810+0000] {logging_mixin.py:188} INFO - Uploaded /tmp/minio_downloads/1766730412.json to Snowflake stage
[2025-12-26T06:49:42.214+0000] {logging_mixin.py:188} INFO - Uploaded /tmp/minio_downloads/1766730423.json to Snowflake stage
[2025-12-26T06:49:42.610+0000] {logging_mixin.py:188} INFO - Uploaded /tmp/minio_downloads/1766730434.json to Snowflake stage
[2025-12-26T06:49:42.997+0000] {logging_mixin.py:188} INFO - Uploaded /tmp/minio_downloads/1766730446.json to Snowflake stage
[2025-12-26T06:49:43.377+0000] {logging_mixin.py:188} INFO - Uploaded /tmp/minio_downloads/1766730457.json to Snowflake stage
[2025-12-26T06:49:43.762+0000] {logging_mixin.py:188} INFO - Uploaded /tmp/minio_downloads/1766730469.json to Snowflake stage
[2025-12-26T06:49:44.146+0000] {logging_mixin.py:188} INFO - Uploaded /tmp/minio_downloads/1766730481.json to Snowflake stage
[2025-12-26T06:49:44.550+0000] {logging_mixin.py:188} INFO - Uploaded /tmp/minio_downloads/1766730492.json to Snowflake stage
[2025-12-26T06:49:44.930+0000] {logging_mixin.py:188} INFO - Uploaded /tmp/minio_downloads/1766730504.json to Snowflake stage
[2025-12-26T06:49:45.318+0000] {logging_mixin.py:188} INFO - Uploaded /tmp/minio_downloads/1766730515.json to Snowflake stage
[2025-12-26T06:49:45.704+0000] {logging_mixin.py:188} INFO - Uploaded /tmp/minio_downloads/1766730527.json to Snowflake stage
[2025-12-26T06:49:46.085+0000] {logging_mixin.py:188} INFO - Uploaded /tmp/minio_downloads/1766730539.json to Snowflake stage
[2025-12-26T06:49:46.466+0000] {logging_mixin.py:188} INFO - Uploaded /tmp/minio_downloads/1766730552.json to Snowflake stage
[2025-12-26T06:49:46.859+0000] {logging_mixin.py:188} INFO - Uploaded /tmp/minio_downloads/1766730563.json to Snowflake stage
[2025-12-26T06:49:47.230+0000] {logging_mixin.py:188} INFO - Uploaded /tmp/minio_downloads/1766730575.json to Snowflake stage
[2025-12-26T06:49:47.619+0000] {logging_mixin.py:188} INFO - Uploaded /tmp/minio_downloads/1766730586.json to Snowflake stage
[2025-12-26T06:49:48.009+0000] {logging_mixin.py:188} INFO - Uploaded /tmp/minio_downloads/1766730598.json to Snowflake stage
[2025-12-26T06:49:48.397+0000] {logging_mixin.py:188} INFO - Uploaded /tmp/minio_downloads/1766730610.json to Snowflake stage
[2025-12-26T06:49:48.790+0000] {logging_mixin.py:188} INFO - Uploaded /tmp/minio_downloads/1766730622.json to Snowflake stage
[2025-12-26T06:49:49.171+0000] {logging_mixin.py:188} INFO - Uploaded /tmp/minio_downloads/1766730635.json to Snowflake stage
[2025-12-26T06:49:49.550+0000] {logging_mixin.py:188} INFO - Uploaded /tmp/minio_downloads/1766730647.json to Snowflake stage
[2025-12-26T06:49:49.929+0000] {logging_mixin.py:188} INFO - Uploaded /tmp/minio_downloads/1766730659.json to Snowflake stage
[2025-12-26T06:49:56.435+0000] {logging_mixin.py:188} INFO - COPY INTO executed
[2025-12-26T06:49:56.735+0000] {python.py:237} INFO - Done. Returned value was: None
[2025-12-26T06:49:56.741+0000] {taskinstance.py:441} INFO - ::group::Post task execution logs
[2025-12-26T06:49:56.901+0000] {taskinstance.py:1206} INFO - Marking task as SUCCESS. dag_id=minio_to_snowflake, task_id=load_snowflake, run_id=scheduled__2025-12-26T06:29:00+00:00, execution_date=20251226T062900, start_date=20251226T064539, end_date=20251226T064956
[2025-12-26T06:49:57.330+0000] {local_task_job_runner.py:243} INFO - Task exited with return code 0
[2025-12-26T06:49:58.016+0000] {taskinstance.py:3503} INFO - 1 downstream tasks scheduled from follow-on schedule check
[2025-12-26T06:49:58.027+0000] {local_task_job_runner.py:222} INFO - ::endgroup::
