[2025-12-26T09:57:49.059+0000] {local_task_job_runner.py:120} INFO - ::group::Pre task execution logs
[2025-12-26T09:57:49.172+0000] {taskinstance.py:2076} INFO - Dependencies all met for dep_context=non-requeueable deps ti=<TaskInstance: minio_to_snowflake.download_minio scheduled__2025-12-26T09:55:00+00:00 [queued]>
[2025-12-26T09:57:49.190+0000] {taskinstance.py:2076} INFO - Dependencies all met for dep_context=requeueable deps ti=<TaskInstance: minio_to_snowflake.download_minio scheduled__2025-12-26T09:55:00+00:00 [queued]>
[2025-12-26T09:57:49.192+0000] {taskinstance.py:2306} INFO - Starting attempt 1 of 2
[2025-12-26T09:57:49.220+0000] {taskinstance.py:2330} INFO - Executing <Task(PythonOperator): download_minio> on 2025-12-26 09:55:00+00:00
[2025-12-26T09:57:49.246+0000] {standard_task_runner.py:90} INFO - Running: ['***', 'tasks', 'run', 'minio_to_snowflake', 'download_minio', 'scheduled__2025-12-26T09:55:00+00:00', '--job-id', '114', '--raw', '--subdir', 'DAGS_FOLDER/minio_to_snowflake.py', '--cfg-path', '/tmp/tmpn_gke_zx']
[2025-12-26T09:57:49.252+0000] {standard_task_runner.py:91} INFO - Job 114: Subtask download_minio
[2025-12-26T09:57:49.254+0000] {logging_mixin.py:188} WARNING - /home/***/.local/lib/python3.12/site-packages/***/task/task_runner/standard_task_runner.py:62 DeprecationWarning: This process (pid=7220) is multi-threaded, use of fork() may lead to deadlocks in the child.
[2025-12-26T09:57:49.256+0000] {standard_task_runner.py:64} INFO - Started process 7234 to run task
[2025-12-26T09:57:49.384+0000] {task_command.py:426} INFO - Running <TaskInstance: minio_to_snowflake.download_minio scheduled__2025-12-26T09:55:00+00:00 [running]> on host a29b2270dc41
[2025-12-26T09:57:49.594+0000] {taskinstance.py:2648} INFO - Exporting env vars: AIRFLOW_CTX_DAG_OWNER='***' AIRFLOW_CTX_DAG_ID='minio_to_snowflake' AIRFLOW_CTX_TASK_ID='download_minio' AIRFLOW_CTX_EXECUTION_DATE='2025-12-26T09:55:00+00:00' AIRFLOW_CTX_TRY_NUMBER='1' AIRFLOW_CTX_DAG_RUN_ID='scheduled__2025-12-26T09:55:00+00:00'
[2025-12-26T09:57:49.597+0000] {taskinstance.py:430} INFO - ::endgroup::
[2025-12-26T09:57:51.326+0000] {logging_mixin.py:188} INFO - Downloaded AAPL/1766728889.json -> /tmp/minio_downloads/1766728889.json
[2025-12-26T09:57:51.347+0000] {logging_mixin.py:188} INFO - Downloaded AAPL/1766728900.json -> /tmp/minio_downloads/1766728900.json
[2025-12-26T09:57:51.367+0000] {logging_mixin.py:188} INFO - Downloaded AAPL/1766728911.json -> /tmp/minio_downloads/1766728911.json
[2025-12-26T09:57:51.387+0000] {logging_mixin.py:188} INFO - Downloaded AAPL/1766728923.json -> /tmp/minio_downloads/1766728923.json
[2025-12-26T09:57:51.407+0000] {logging_mixin.py:188} INFO - Downloaded AAPL/1766728935.json -> /tmp/minio_downloads/1766728935.json
[2025-12-26T09:57:51.424+0000] {logging_mixin.py:188} INFO - Downloaded AAPL/1766728947.json -> /tmp/minio_downloads/1766728947.json
[2025-12-26T09:57:51.443+0000] {logging_mixin.py:188} INFO - Downloaded AAPL/1766728960.json -> /tmp/minio_downloads/1766728960.json
[2025-12-26T09:57:51.461+0000] {logging_mixin.py:188} INFO - Downloaded AAPL/1766728972.json -> /tmp/minio_downloads/1766728972.json
[2025-12-26T09:57:51.479+0000] {logging_mixin.py:188} INFO - Downloaded AAPL/1766728984.json -> /tmp/minio_downloads/1766728984.json
[2025-12-26T09:57:51.497+0000] {logging_mixin.py:188} INFO - Downloaded AAPL/1766728995.json -> /tmp/minio_downloads/1766728995.json
[2025-12-26T09:57:51.514+0000] {logging_mixin.py:188} INFO - Downloaded AAPL/1766729007.json -> /tmp/minio_downloads/1766729007.json
[2025-12-26T09:57:51.533+0000] {logging_mixin.py:188} INFO - Downloaded AAPL/1766729020.json -> /tmp/minio_downloads/1766729020.json
[2025-12-26T09:57:51.551+0000] {logging_mixin.py:188} INFO - Downloaded AAPL/1766729032.json -> /tmp/minio_downloads/1766729032.json
[2025-12-26T09:57:51.569+0000] {logging_mixin.py:188} INFO - Downloaded AAPL/1766729044.json -> /tmp/minio_downloads/1766729044.json
[2025-12-26T09:57:51.591+0000] {logging_mixin.py:188} INFO - Downloaded AAPL/1766729057.json -> /tmp/minio_downloads/1766729057.json
[2025-12-26T09:57:51.609+0000] {logging_mixin.py:188} INFO - Downloaded AAPL/1766729070.json -> /tmp/minio_downloads/1766729070.json
[2025-12-26T09:57:51.625+0000] {logging_mixin.py:188} INFO - Downloaded AAPL/1766729083.json -> /tmp/minio_downloads/1766729083.json
[2025-12-26T09:57:51.643+0000] {logging_mixin.py:188} INFO - Downloaded AAPL/1766729095.json -> /tmp/minio_downloads/1766729095.json
[2025-12-26T09:57:51.662+0000] {logging_mixin.py:188} INFO - Downloaded AAPL/1766729109.json -> /tmp/minio_downloads/1766729109.json
[2025-12-26T09:57:51.679+0000] {logging_mixin.py:188} INFO - Downloaded AAPL/1766729122.json -> /tmp/minio_downloads/1766729122.json
[2025-12-26T09:57:51.696+0000] {logging_mixin.py:188} INFO - Downloaded AAPL/1766729135.json -> /tmp/minio_downloads/1766729135.json
[2025-12-26T09:57:51.715+0000] {logging_mixin.py:188} INFO - Downloaded AAPL/1766729147.json -> /tmp/minio_downloads/1766729147.json
[2025-12-26T09:57:51.731+0000] {logging_mixin.py:188} INFO - Downloaded AAPL/1766729160.json -> /tmp/minio_downloads/1766729160.json
[2025-12-26T09:57:51.748+0000] {logging_mixin.py:188} INFO - Downloaded AAPL/1766729172.json -> /tmp/minio_downloads/1766729172.json
[2025-12-26T09:57:51.767+0000] {logging_mixin.py:188} INFO - Downloaded AAPL/1766729185.json -> /tmp/minio_downloads/1766729185.json
[2025-12-26T09:57:51.784+0000] {logging_mixin.py:188} INFO - Downloaded AAPL/1766729199.json -> /tmp/minio_downloads/1766729199.json
[2025-12-26T09:57:51.803+0000] {logging_mixin.py:188} INFO - Downloaded AAPL/1766729212.json -> /tmp/minio_downloads/1766729212.json
[2025-12-26T09:57:51.822+0000] {logging_mixin.py:188} INFO - Downloaded AAPL/1766729225.json -> /tmp/minio_downloads/1766729225.json
[2025-12-26T09:57:51.841+0000] {logging_mixin.py:188} INFO - Downloaded AAPL/1766729238.json -> /tmp/minio_downloads/1766729238.json
[2025-12-26T09:57:51.859+0000] {logging_mixin.py:188} INFO - Downloaded AAPL/1766729250.json -> /tmp/minio_downloads/1766729250.json
[2025-12-26T09:57:51.877+0000] {logging_mixin.py:188} INFO - Downloaded AAPL/1766729263.json -> /tmp/minio_downloads/1766729263.json
[2025-12-26T09:57:51.896+0000] {logging_mixin.py:188} INFO - Downloaded AAPL/1766729277.json -> /tmp/minio_downloads/1766729277.json
[2025-12-26T09:57:51.915+0000] {logging_mixin.py:188} INFO - Downloaded AAPL/1766729289.json -> /tmp/minio_downloads/1766729289.json
[2025-12-26T09:57:51.933+0000] {logging_mixin.py:188} INFO - Downloaded AAPL/1766729301.json -> /tmp/minio_downloads/1766729301.json
[2025-12-26T09:57:51.950+0000] {logging_mixin.py:188} INFO - Downloaded AAPL/1766729313.json -> /tmp/minio_downloads/1766729313.json
[2025-12-26T09:57:51.969+0000] {logging_mixin.py:188} INFO - Downloaded AAPL/1766729326.json -> /tmp/minio_downloads/1766729326.json
[2025-12-26T09:57:51.987+0000] {logging_mixin.py:188} INFO - Downloaded AAPL/1766729338.json -> /tmp/minio_downloads/1766729338.json
[2025-12-26T09:57:52.005+0000] {logging_mixin.py:188} INFO - Downloaded AAPL/1766729351.json -> /tmp/minio_downloads/1766729351.json
[2025-12-26T09:57:52.022+0000] {logging_mixin.py:188} INFO - Downloaded AAPL/1766729363.json -> /tmp/minio_downloads/1766729363.json
[2025-12-26T09:57:52.040+0000] {logging_mixin.py:188} INFO - Downloaded AAPL/1766729376.json -> /tmp/minio_downloads/1766729376.json
[2025-12-26T09:57:52.058+0000] {logging_mixin.py:188} INFO - Downloaded AAPL/1766729388.json -> /tmp/minio_downloads/1766729388.json
[2025-12-26T09:57:52.076+0000] {logging_mixin.py:188} INFO - Downloaded AAPL/1766729401.json -> /tmp/minio_downloads/1766729401.json
[2025-12-26T09:57:52.094+0000] {logging_mixin.py:188} INFO - Downloaded AAPL/1766729413.json -> /tmp/minio_downloads/1766729413.json
[2025-12-26T09:57:52.112+0000] {logging_mixin.py:188} INFO - Downloaded AAPL/1766729425.json -> /tmp/minio_downloads/1766729425.json
[2025-12-26T09:57:52.133+0000] {logging_mixin.py:188} INFO - Downloaded AAPL/1766729438.json -> /tmp/minio_downloads/1766729438.json
[2025-12-26T09:57:52.151+0000] {logging_mixin.py:188} INFO - Downloaded AAPL/1766729450.json -> /tmp/minio_downloads/1766729450.json
[2025-12-26T09:57:52.171+0000] {logging_mixin.py:188} INFO - Downloaded AAPL/1766729463.json -> /tmp/minio_downloads/1766729463.json
[2025-12-26T09:57:52.192+0000] {logging_mixin.py:188} INFO - Downloaded AAPL/1766729476.json -> /tmp/minio_downloads/1766729476.json
[2025-12-26T09:57:52.210+0000] {logging_mixin.py:188} INFO - Downloaded AAPL/1766729489.json -> /tmp/minio_downloads/1766729489.json
[2025-12-26T09:57:52.229+0000] {logging_mixin.py:188} INFO - Downloaded AAPL/1766729502.json -> /tmp/minio_downloads/1766729502.json
[2025-12-26T09:57:52.247+0000] {logging_mixin.py:188} INFO - Downloaded AAPL/1766729514.json -> /tmp/minio_downloads/1766729514.json
[2025-12-26T09:57:52.265+0000] {logging_mixin.py:188} INFO - Downloaded AAPL/1766729526.json -> /tmp/minio_downloads/1766729526.json
[2025-12-26T09:57:52.284+0000] {logging_mixin.py:188} INFO - Downloaded AAPL/1766729538.json -> /tmp/minio_downloads/1766729538.json
[2025-12-26T09:57:52.301+0000] {logging_mixin.py:188} INFO - Downloaded AAPL/1766729550.json -> /tmp/minio_downloads/1766729550.json
[2025-12-26T09:57:52.320+0000] {logging_mixin.py:188} INFO - Downloaded AAPL/1766729563.json -> /tmp/minio_downloads/1766729563.json
[2025-12-26T09:57:52.340+0000] {logging_mixin.py:188} INFO - Downloaded AAPL/1766729575.json -> /tmp/minio_downloads/1766729575.json
[2025-12-26T09:57:52.358+0000] {logging_mixin.py:188} INFO - Downloaded AAPL/1766729588.json -> /tmp/minio_downloads/1766729588.json
[2025-12-26T09:57:52.377+0000] {logging_mixin.py:188} INFO - Downloaded AAPL/1766729600.json -> /tmp/minio_downloads/1766729600.json
[2025-12-26T09:57:52.397+0000] {logging_mixin.py:188} INFO - Downloaded AAPL/1766729613.json -> /tmp/minio_downloads/1766729613.json
[2025-12-26T09:57:52.414+0000] {logging_mixin.py:188} INFO - Downloaded AAPL/1766729626.json -> /tmp/minio_downloads/1766729626.json
[2025-12-26T09:57:52.432+0000] {logging_mixin.py:188} INFO - Downloaded AAPL/1766729638.json -> /tmp/minio_downloads/1766729638.json
[2025-12-26T09:57:52.450+0000] {logging_mixin.py:188} INFO - Downloaded AAPL/1766729649.json -> /tmp/minio_downloads/1766729649.json
[2025-12-26T09:57:52.467+0000] {logging_mixin.py:188} INFO - Downloaded AAPL/1766729661.json -> /tmp/minio_downloads/1766729661.json
[2025-12-26T09:57:52.486+0000] {logging_mixin.py:188} INFO - Downloaded AAPL/1766729673.json -> /tmp/minio_downloads/1766729673.json
[2025-12-26T09:57:52.504+0000] {logging_mixin.py:188} INFO - Downloaded AAPL/1766729685.json -> /tmp/minio_downloads/1766729685.json
[2025-12-26T09:57:52.522+0000] {logging_mixin.py:188} INFO - Downloaded AAPL/1766729697.json -> /tmp/minio_downloads/1766729697.json
[2025-12-26T09:57:52.540+0000] {logging_mixin.py:188} INFO - Downloaded AAPL/1766729709.json -> /tmp/minio_downloads/1766729709.json
[2025-12-26T09:57:52.559+0000] {logging_mixin.py:188} INFO - Downloaded AAPL/1766729721.json -> /tmp/minio_downloads/1766729721.json
[2025-12-26T09:57:52.580+0000] {logging_mixin.py:188} INFO - Downloaded AAPL/1766729734.json -> /tmp/minio_downloads/1766729734.json
[2025-12-26T09:57:52.597+0000] {logging_mixin.py:188} INFO - Downloaded AAPL/1766729746.json -> /tmp/minio_downloads/1766729746.json
[2025-12-26T09:57:52.616+0000] {logging_mixin.py:188} INFO - Downloaded AAPL/1766729759.json -> /tmp/minio_downloads/1766729759.json
[2025-12-26T09:57:52.636+0000] {logging_mixin.py:188} INFO - Downloaded AAPL/1766729772.json -> /tmp/minio_downloads/1766729772.json
[2025-12-26T09:57:52.655+0000] {logging_mixin.py:188} INFO - Downloaded AAPL/1766729785.json -> /tmp/minio_downloads/1766729785.json
[2025-12-26T09:57:52.673+0000] {logging_mixin.py:188} INFO - Downloaded AAPL/1766729801.json -> /tmp/minio_downloads/1766729801.json
[2025-12-26T09:57:52.692+0000] {logging_mixin.py:188} INFO - Downloaded AAPL/1766729813.json -> /tmp/minio_downloads/1766729813.json
[2025-12-26T09:57:52.709+0000] {logging_mixin.py:188} INFO - Downloaded AAPL/1766729827.json -> /tmp/minio_downloads/1766729827.json
[2025-12-26T09:57:52.728+0000] {logging_mixin.py:188} INFO - Downloaded AAPL/1766729839.json -> /tmp/minio_downloads/1766729839.json
[2025-12-26T09:57:52.745+0000] {logging_mixin.py:188} INFO - Downloaded AAPL/1766729854.json -> /tmp/minio_downloads/1766729854.json
[2025-12-26T09:57:52.763+0000] {logging_mixin.py:188} INFO - Downloaded AAPL/1766729865.json -> /tmp/minio_downloads/1766729865.json
[2025-12-26T09:57:52.779+0000] {logging_mixin.py:188} INFO - Downloaded AAPL/1766729879.json -> /tmp/minio_downloads/1766729879.json
[2025-12-26T09:57:52.796+0000] {logging_mixin.py:188} INFO - Downloaded AAPL/1766729891.json -> /tmp/minio_downloads/1766729891.json
[2025-12-26T09:57:52.812+0000] {logging_mixin.py:188} INFO - Downloaded AAPL/1766729904.json -> /tmp/minio_downloads/1766729904.json
[2025-12-26T09:57:52.832+0000] {logging_mixin.py:188} INFO - Downloaded AAPL/1766729916.json -> /tmp/minio_downloads/1766729916.json
[2025-12-26T09:57:52.847+0000] {logging_mixin.py:188} INFO - Downloaded AAPL/1766729928.json -> /tmp/minio_downloads/1766729928.json
[2025-12-26T09:57:52.863+0000] {logging_mixin.py:188} INFO - Downloaded AAPL/1766729939.json -> /tmp/minio_downloads/1766729939.json
[2025-12-26T09:57:52.879+0000] {logging_mixin.py:188} INFO - Downloaded AAPL/1766729952.json -> /tmp/minio_downloads/1766729952.json
[2025-12-26T09:57:52.897+0000] {logging_mixin.py:188} INFO - Downloaded AAPL/1766729964.json -> /tmp/minio_downloads/1766729964.json
[2025-12-26T09:57:52.914+0000] {logging_mixin.py:188} INFO - Downloaded AAPL/1766729975.json -> /tmp/minio_downloads/1766729975.json
[2025-12-26T09:57:52.930+0000] {logging_mixin.py:188} INFO - Downloaded AAPL/1766729987.json -> /tmp/minio_downloads/1766729987.json
[2025-12-26T09:57:52.948+0000] {logging_mixin.py:188} INFO - Downloaded AAPL/1766729998.json -> /tmp/minio_downloads/1766729998.json
[2025-12-26T09:57:52.964+0000] {logging_mixin.py:188} INFO - Downloaded AAPL/1766730010.json -> /tmp/minio_downloads/1766730010.json
[2025-12-26T09:57:52.980+0000] {logging_mixin.py:188} INFO - Downloaded AAPL/1766730023.json -> /tmp/minio_downloads/1766730023.json
[2025-12-26T09:57:52.996+0000] {logging_mixin.py:188} INFO - Downloaded AAPL/1766730035.json -> /tmp/minio_downloads/1766730035.json
[2025-12-26T09:57:53.013+0000] {logging_mixin.py:188} INFO - Downloaded AAPL/1766730046.json -> /tmp/minio_downloads/1766730046.json
[2025-12-26T09:57:53.030+0000] {logging_mixin.py:188} INFO - Downloaded AAPL/1766730058.json -> /tmp/minio_downloads/1766730058.json
[2025-12-26T09:57:53.048+0000] {logging_mixin.py:188} INFO - Downloaded AAPL/1766730070.json -> /tmp/minio_downloads/1766730070.json
[2025-12-26T09:57:53.064+0000] {logging_mixin.py:188} INFO - Downloaded AAPL/1766730082.json -> /tmp/minio_downloads/1766730082.json
[2025-12-26T09:57:53.081+0000] {logging_mixin.py:188} INFO - Downloaded AAPL/1766730094.json -> /tmp/minio_downloads/1766730094.json
[2025-12-26T09:57:53.098+0000] {logging_mixin.py:188} INFO - Downloaded AAPL/1766730105.json -> /tmp/minio_downloads/1766730105.json
[2025-12-26T09:57:53.113+0000] {logging_mixin.py:188} INFO - Downloaded AAPL/1766730117.json -> /tmp/minio_downloads/1766730117.json
[2025-12-26T09:57:53.137+0000] {logging_mixin.py:188} INFO - Downloaded AAPL/1766730128.json -> /tmp/minio_downloads/1766730128.json
[2025-12-26T09:57:53.213+0000] {logging_mixin.py:188} INFO - Downloaded AAPL/1766730140.json -> /tmp/minio_downloads/1766730140.json
[2025-12-26T09:57:53.230+0000] {logging_mixin.py:188} INFO - Downloaded AAPL/1766730152.json -> /tmp/minio_downloads/1766730152.json
[2025-12-26T09:57:53.248+0000] {logging_mixin.py:188} INFO - Downloaded AAPL/1766730163.json -> /tmp/minio_downloads/1766730163.json
[2025-12-26T09:57:53.266+0000] {logging_mixin.py:188} INFO - Downloaded AAPL/1766730175.json -> /tmp/minio_downloads/1766730175.json
[2025-12-26T09:57:53.283+0000] {logging_mixin.py:188} INFO - Downloaded AAPL/1766730187.json -> /tmp/minio_downloads/1766730187.json
[2025-12-26T09:57:53.336+0000] {logging_mixin.py:188} INFO - Downloaded AAPL/1766730198.json -> /tmp/minio_downloads/1766730198.json
[2025-12-26T09:57:53.355+0000] {logging_mixin.py:188} INFO - Downloaded AAPL/1766730210.json -> /tmp/minio_downloads/1766730210.json
[2025-12-26T09:57:53.373+0000] {logging_mixin.py:188} INFO - Downloaded AAPL/1766730223.json -> /tmp/minio_downloads/1766730223.json
[2025-12-26T09:57:53.390+0000] {logging_mixin.py:188} INFO - Downloaded AAPL/1766730234.json -> /tmp/minio_downloads/1766730234.json
[2025-12-26T09:57:53.406+0000] {logging_mixin.py:188} INFO - Downloaded AAPL/1766730246.json -> /tmp/minio_downloads/1766730246.json
[2025-12-26T09:57:53.422+0000] {logging_mixin.py:188} INFO - Downloaded AAPL/1766730257.json -> /tmp/minio_downloads/1766730257.json
[2025-12-26T09:57:53.440+0000] {logging_mixin.py:188} INFO - Downloaded AAPL/1766730268.json -> /tmp/minio_downloads/1766730268.json
[2025-12-26T09:57:53.456+0000] {logging_mixin.py:188} INFO - Downloaded AAPL/1766730280.json -> /tmp/minio_downloads/1766730280.json
[2025-12-26T09:57:53.472+0000] {logging_mixin.py:188} INFO - Downloaded AAPL/1766730291.json -> /tmp/minio_downloads/1766730291.json
[2025-12-26T09:57:53.488+0000] {logging_mixin.py:188} INFO - Downloaded AAPL/1766730304.json -> /tmp/minio_downloads/1766730304.json
[2025-12-26T09:57:53.505+0000] {logging_mixin.py:188} INFO - Downloaded AAPL/1766730316.json -> /tmp/minio_downloads/1766730316.json
[2025-12-26T09:57:53.525+0000] {logging_mixin.py:188} INFO - Downloaded AAPL/1766730327.json -> /tmp/minio_downloads/1766730327.json
[2025-12-26T09:57:53.541+0000] {logging_mixin.py:188} INFO - Downloaded AAPL/1766730339.json -> /tmp/minio_downloads/1766730339.json
[2025-12-26T09:57:53.557+0000] {logging_mixin.py:188} INFO - Downloaded AAPL/1766730351.json -> /tmp/minio_downloads/1766730351.json
[2025-12-26T09:57:53.573+0000] {logging_mixin.py:188} INFO - Downloaded AAPL/1766730362.json -> /tmp/minio_downloads/1766730362.json
[2025-12-26T09:57:53.590+0000] {logging_mixin.py:188} INFO - Downloaded AAPL/1766730374.json -> /tmp/minio_downloads/1766730374.json
[2025-12-26T09:57:53.608+0000] {logging_mixin.py:188} INFO - Downloaded AAPL/1766730386.json -> /tmp/minio_downloads/1766730386.json
[2025-12-26T09:57:53.626+0000] {logging_mixin.py:188} INFO - Downloaded AAPL/1766730398.json -> /tmp/minio_downloads/1766730398.json
[2025-12-26T09:57:53.643+0000] {logging_mixin.py:188} INFO - Downloaded AAPL/1766730410.json -> /tmp/minio_downloads/1766730410.json
[2025-12-26T09:57:53.662+0000] {logging_mixin.py:188} INFO - Downloaded AAPL/1766730421.json -> /tmp/minio_downloads/1766730421.json
[2025-12-26T09:57:53.679+0000] {logging_mixin.py:188} INFO - Downloaded AAPL/1766730432.json -> /tmp/minio_downloads/1766730432.json
[2025-12-26T09:57:53.698+0000] {logging_mixin.py:188} INFO - Downloaded AAPL/1766730444.json -> /tmp/minio_downloads/1766730444.json
[2025-12-26T09:57:53.716+0000] {logging_mixin.py:188} INFO - Downloaded AAPL/1766730455.json -> /tmp/minio_downloads/1766730455.json
[2025-12-26T09:57:53.736+0000] {logging_mixin.py:188} INFO - Downloaded AAPL/1766730466.json -> /tmp/minio_downloads/1766730466.json
[2025-12-26T09:57:53.758+0000] {logging_mixin.py:188} INFO - Downloaded AAPL/1766730478.json -> /tmp/minio_downloads/1766730478.json
[2025-12-26T09:57:53.777+0000] {logging_mixin.py:188} INFO - Downloaded AAPL/1766730490.json -> /tmp/minio_downloads/1766730490.json
[2025-12-26T09:57:53.798+0000] {logging_mixin.py:188} INFO - Downloaded AAPL/1766730502.json -> /tmp/minio_downloads/1766730502.json
[2025-12-26T09:57:53.819+0000] {logging_mixin.py:188} INFO - Downloaded AAPL/1766730513.json -> /tmp/minio_downloads/1766730513.json
[2025-12-26T09:57:53.840+0000] {logging_mixin.py:188} INFO - Downloaded AAPL/1766730525.json -> /tmp/minio_downloads/1766730525.json
[2025-12-26T09:57:53.860+0000] {logging_mixin.py:188} INFO - Downloaded AAPL/1766730537.json -> /tmp/minio_downloads/1766730537.json
[2025-12-26T09:57:53.878+0000] {logging_mixin.py:188} INFO - Downloaded AAPL/1766730550.json -> /tmp/minio_downloads/1766730550.json
[2025-12-26T09:57:53.896+0000] {logging_mixin.py:188} INFO - Downloaded AAPL/1766730561.json -> /tmp/minio_downloads/1766730561.json
[2025-12-26T09:57:53.916+0000] {logging_mixin.py:188} INFO - Downloaded AAPL/1766730573.json -> /tmp/minio_downloads/1766730573.json
[2025-12-26T09:57:53.934+0000] {logging_mixin.py:188} INFO - Downloaded AAPL/1766730584.json -> /tmp/minio_downloads/1766730584.json
[2025-12-26T09:57:53.953+0000] {logging_mixin.py:188} INFO - Downloaded AAPL/1766730596.json -> /tmp/minio_downloads/1766730596.json
[2025-12-26T09:57:53.972+0000] {logging_mixin.py:188} INFO - Downloaded AAPL/1766730608.json -> /tmp/minio_downloads/1766730608.json
[2025-12-26T09:57:53.992+0000] {logging_mixin.py:188} INFO - Downloaded AAPL/1766730620.json -> /tmp/minio_downloads/1766730620.json
[2025-12-26T09:57:54.012+0000] {logging_mixin.py:188} INFO - Downloaded AAPL/1766730632.json -> /tmp/minio_downloads/1766730632.json
[2025-12-26T09:57:54.032+0000] {logging_mixin.py:188} INFO - Downloaded AAPL/1766730644.json -> /tmp/minio_downloads/1766730644.json
[2025-12-26T09:57:54.054+0000] {logging_mixin.py:188} INFO - Downloaded AAPL/1766730656.json -> /tmp/minio_downloads/1766730656.json
[2025-12-26T09:57:54.075+0000] {logging_mixin.py:188} INFO - Downloaded AAPL/1766730669.json -> /tmp/minio_downloads/1766730669.json
[2025-12-26T09:57:54.096+0000] {logging_mixin.py:188} INFO - Downloaded AAPL/1766730683.json -> /tmp/minio_downloads/1766730683.json
[2025-12-26T09:57:54.119+0000] {logging_mixin.py:188} INFO - Downloaded AAPL/1766730695.json -> /tmp/minio_downloads/1766730695.json
[2025-12-26T09:57:54.143+0000] {logging_mixin.py:188} INFO - Downloaded AAPL/1766730707.json -> /tmp/minio_downloads/1766730707.json
[2025-12-26T09:57:54.165+0000] {logging_mixin.py:188} INFO - Downloaded AAPL/1766730719.json -> /tmp/minio_downloads/1766730719.json
[2025-12-26T09:57:54.190+0000] {logging_mixin.py:188} INFO - Downloaded AAPL/1766730733.json -> /tmp/minio_downloads/1766730733.json
[2025-12-26T09:57:54.213+0000] {logging_mixin.py:188} INFO - Downloaded AAPL/1766730746.json -> /tmp/minio_downloads/1766730746.json
[2025-12-26T09:57:54.233+0000] {logging_mixin.py:188} INFO - Downloaded AAPL/1766730759.json -> /tmp/minio_downloads/1766730759.json
[2025-12-26T09:57:54.254+0000] {logging_mixin.py:188} INFO - Downloaded AAPL/1766730771.json -> /tmp/minio_downloads/1766730771.json
[2025-12-26T09:57:54.274+0000] {logging_mixin.py:188} INFO - Downloaded AAPL/1766730784.json -> /tmp/minio_downloads/1766730784.json
[2025-12-26T09:57:54.292+0000] {logging_mixin.py:188} INFO - Downloaded AAPL/1766730796.json -> /tmp/minio_downloads/1766730796.json
[2025-12-26T09:57:54.308+0000] {logging_mixin.py:188} INFO - Downloaded AAPL/1766730808.json -> /tmp/minio_downloads/1766730808.json
[2025-12-26T09:57:54.324+0000] {logging_mixin.py:188} INFO - Downloaded AAPL/1766730820.json -> /tmp/minio_downloads/1766730820.json
[2025-12-26T09:57:54.341+0000] {logging_mixin.py:188} INFO - Downloaded AAPL/1766730833.json -> /tmp/minio_downloads/1766730833.json
[2025-12-26T09:57:54.357+0000] {logging_mixin.py:188} INFO - Downloaded AAPL/1766730845.json -> /tmp/minio_downloads/1766730845.json
[2025-12-26T09:57:54.375+0000] {logging_mixin.py:188} INFO - Downloaded AAPL/1766730857.json -> /tmp/minio_downloads/1766730857.json
[2025-12-26T09:57:54.393+0000] {logging_mixin.py:188} INFO - Downloaded AAPL/1766730870.json -> /tmp/minio_downloads/1766730870.json
[2025-12-26T09:57:54.410+0000] {logging_mixin.py:188} INFO - Downloaded AAPL/1766730882.json -> /tmp/minio_downloads/1766730882.json
[2025-12-26T09:57:54.428+0000] {logging_mixin.py:188} INFO - Downloaded AAPL/1766730894.json -> /tmp/minio_downloads/1766730894.json
[2025-12-26T09:57:54.445+0000] {logging_mixin.py:188} INFO - Downloaded AAPL/1766730908.json -> /tmp/minio_downloads/1766730908.json
[2025-12-26T09:57:54.464+0000] {logging_mixin.py:188} INFO - Downloaded AAPL/1766730921.json -> /tmp/minio_downloads/1766730921.json
[2025-12-26T09:57:54.484+0000] {logging_mixin.py:188} INFO - Downloaded AAPL/1766730933.json -> /tmp/minio_downloads/1766730933.json
[2025-12-26T09:57:54.504+0000] {logging_mixin.py:188} INFO - Downloaded AAPL/1766730945.json -> /tmp/minio_downloads/1766730945.json
[2025-12-26T09:57:54.524+0000] {logging_mixin.py:188} INFO - Downloaded AAPL/1766730957.json -> /tmp/minio_downloads/1766730957.json
[2025-12-26T09:57:54.542+0000] {logging_mixin.py:188} INFO - Downloaded AAPL/1766730969.json -> /tmp/minio_downloads/1766730969.json
[2025-12-26T09:57:54.560+0000] {logging_mixin.py:188} INFO - Downloaded AAPL/1766730982.json -> /tmp/minio_downloads/1766730982.json
[2025-12-26T09:57:54.578+0000] {logging_mixin.py:188} INFO - Downloaded AAPL/1766730994.json -> /tmp/minio_downloads/1766730994.json
[2025-12-26T09:57:54.596+0000] {logging_mixin.py:188} INFO - Downloaded AAPL/1766731102.json -> /tmp/minio_downloads/1766731102.json
[2025-12-26T09:57:54.613+0000] {logging_mixin.py:188} INFO - Downloaded AAPL/1766731121.json -> /tmp/minio_downloads/1766731121.json
[2025-12-26T09:57:54.631+0000] {logging_mixin.py:188} INFO - Downloaded AAPL/1766731139.json -> /tmp/minio_downloads/1766731139.json
[2025-12-26T09:57:54.650+0000] {logging_mixin.py:188} INFO - Downloaded AAPL/1766731157.json -> /tmp/minio_downloads/1766731157.json
[2025-12-26T09:57:54.667+0000] {logging_mixin.py:188} INFO - Downloaded AAPL/1766731176.json -> /tmp/minio_downloads/1766731176.json
[2025-12-26T09:57:54.684+0000] {logging_mixin.py:188} INFO - Downloaded AAPL/1766731193.json -> /tmp/minio_downloads/1766731193.json
[2025-12-26T09:57:54.702+0000] {logging_mixin.py:188} INFO - Downloaded AAPL/1766731210.json -> /tmp/minio_downloads/1766731210.json
[2025-12-26T09:57:54.718+0000] {logging_mixin.py:188} INFO - Downloaded AAPL/1766731226.json -> /tmp/minio_downloads/1766731226.json
[2025-12-26T09:57:54.736+0000] {logging_mixin.py:188} INFO - Downloaded AAPL/1766731243.json -> /tmp/minio_downloads/1766731243.json
[2025-12-26T09:57:54.753+0000] {logging_mixin.py:188} INFO - Downloaded AAPL/1766731259.json -> /tmp/minio_downloads/1766731259.json
[2025-12-26T09:57:54.770+0000] {logging_mixin.py:188} INFO - Downloaded AAPL/1766731275.json -> /tmp/minio_downloads/1766731275.json
[2025-12-26T09:57:54.787+0000] {logging_mixin.py:188} INFO - Downloaded AAPL/1766731290.json -> /tmp/minio_downloads/1766731290.json
[2025-12-26T09:57:54.804+0000] {logging_mixin.py:188} INFO - Downloaded AAPL/1766731307.json -> /tmp/minio_downloads/1766731307.json
[2025-12-26T09:57:54.822+0000] {logging_mixin.py:188} INFO - Downloaded AAPL/1766731324.json -> /tmp/minio_downloads/1766731324.json
[2025-12-26T09:57:54.839+0000] {logging_mixin.py:188} INFO - Downloaded AAPL/1766731342.json -> /tmp/minio_downloads/1766731342.json
[2025-12-26T09:57:54.857+0000] {logging_mixin.py:188} INFO - Downloaded AAPL/1766731357.json -> /tmp/minio_downloads/1766731357.json
[2025-12-26T09:57:54.876+0000] {logging_mixin.py:188} INFO - Downloaded AAPL/1766731371.json -> /tmp/minio_downloads/1766731371.json
[2025-12-26T09:57:54.899+0000] {logging_mixin.py:188} INFO - Downloaded AAPL/1766731388.json -> /tmp/minio_downloads/1766731388.json
[2025-12-26T09:57:54.918+0000] {logging_mixin.py:188} INFO - Downloaded AAPL/1766731402.json -> /tmp/minio_downloads/1766731402.json
[2025-12-26T09:57:54.937+0000] {logging_mixin.py:188} INFO - Downloaded AAPL/1766731418.json -> /tmp/minio_downloads/1766731418.json
[2025-12-26T09:57:54.953+0000] {logging_mixin.py:188} INFO - Downloaded AAPL/1766731451.json -> /tmp/minio_downloads/1766731451.json
[2025-12-26T09:57:54.969+0000] {logging_mixin.py:188} INFO - Downloaded AAPL/1766731463.json -> /tmp/minio_downloads/1766731463.json
[2025-12-26T09:57:54.985+0000] {logging_mixin.py:188} INFO - Downloaded AAPL/1766731476.json -> /tmp/minio_downloads/1766731476.json
[2025-12-26T09:57:55.002+0000] {logging_mixin.py:188} INFO - Downloaded AAPL/1766731489.json -> /tmp/minio_downloads/1766731489.json
[2025-12-26T09:57:55.018+0000] {logging_mixin.py:188} INFO - Downloaded AAPL/1766731501.json -> /tmp/minio_downloads/1766731501.json
[2025-12-26T09:57:55.035+0000] {logging_mixin.py:188} INFO - Downloaded AAPL/1766731514.json -> /tmp/minio_downloads/1766731514.json
[2025-12-26T09:57:55.054+0000] {logging_mixin.py:188} INFO - Downloaded AAPL/1766731527.json -> /tmp/minio_downloads/1766731527.json
[2025-12-26T09:57:55.070+0000] {logging_mixin.py:188} INFO - Downloaded AAPL/1766731539.json -> /tmp/minio_downloads/1766731539.json
[2025-12-26T09:57:55.088+0000] {logging_mixin.py:188} INFO - Downloaded AAPL/1766731551.json -> /tmp/minio_downloads/1766731551.json
[2025-12-26T09:57:55.112+0000] {logging_mixin.py:188} INFO - Downloaded AAPL/1766731563.json -> /tmp/minio_downloads/1766731563.json
[2025-12-26T09:57:55.131+0000] {logging_mixin.py:188} INFO - Downloaded AAPL/1766731576.json -> /tmp/minio_downloads/1766731576.json
[2025-12-26T09:57:55.149+0000] {logging_mixin.py:188} INFO - Downloaded AAPL/1766731588.json -> /tmp/minio_downloads/1766731588.json
[2025-12-26T09:57:55.165+0000] {logging_mixin.py:188} INFO - Downloaded AAPL/1766731600.json -> /tmp/minio_downloads/1766731600.json
[2025-12-26T09:57:55.184+0000] {logging_mixin.py:188} INFO - Downloaded AAPL/1766731613.json -> /tmp/minio_downloads/1766731613.json
[2025-12-26T09:57:55.201+0000] {logging_mixin.py:188} INFO - Downloaded AAPL/1766731625.json -> /tmp/minio_downloads/1766731625.json
[2025-12-26T09:57:55.217+0000] {logging_mixin.py:188} INFO - Downloaded AAPL/1766731637.json -> /tmp/minio_downloads/1766731637.json
[2025-12-26T09:57:55.235+0000] {logging_mixin.py:188} INFO - Downloaded AAPL/1766731649.json -> /tmp/minio_downloads/1766731649.json
[2025-12-26T09:57:55.254+0000] {logging_mixin.py:188} INFO - Downloaded AAPL/1766731662.json -> /tmp/minio_downloads/1766731662.json
[2025-12-26T09:57:55.271+0000] {logging_mixin.py:188} INFO - Downloaded AAPL/1766731673.json -> /tmp/minio_downloads/1766731673.json
[2025-12-26T09:57:55.288+0000] {logging_mixin.py:188} INFO - Downloaded AAPL/1766731687.json -> /tmp/minio_downloads/1766731687.json
[2025-12-26T09:57:55.304+0000] {logging_mixin.py:188} INFO - Downloaded AAPL/1766731699.json -> /tmp/minio_downloads/1766731699.json
[2025-12-26T09:57:55.321+0000] {logging_mixin.py:188} INFO - Downloaded AAPL/1766731711.json -> /tmp/minio_downloads/1766731711.json
[2025-12-26T09:57:55.338+0000] {logging_mixin.py:188} INFO - Downloaded AAPL/1766731723.json -> /tmp/minio_downloads/1766731723.json
[2025-12-26T09:57:55.355+0000] {logging_mixin.py:188} INFO - Downloaded AAPL/1766731736.json -> /tmp/minio_downloads/1766731736.json
[2025-12-26T09:57:55.370+0000] {logging_mixin.py:188} INFO - Downloaded AAPL/1766731748.json -> /tmp/minio_downloads/1766731748.json
[2025-12-26T09:57:55.386+0000] {logging_mixin.py:188} INFO - Downloaded AAPL/1766731761.json -> /tmp/minio_downloads/1766731761.json
[2025-12-26T09:57:55.402+0000] {logging_mixin.py:188} INFO - Downloaded AAPL/1766731773.json -> /tmp/minio_downloads/1766731773.json
[2025-12-26T09:57:55.420+0000] {logging_mixin.py:188} INFO - Downloaded AAPL/1766731785.json -> /tmp/minio_downloads/1766731785.json
[2025-12-26T09:57:55.439+0000] {logging_mixin.py:188} INFO - Downloaded AAPL/1766731797.json -> /tmp/minio_downloads/1766731797.json
[2025-12-26T09:57:55.457+0000] {logging_mixin.py:188} INFO - Downloaded AAPL/1766731809.json -> /tmp/minio_downloads/1766731809.json
[2025-12-26T09:57:55.474+0000] {logging_mixin.py:188} INFO - Downloaded AAPL/1766731822.json -> /tmp/minio_downloads/1766731822.json
[2025-12-26T09:57:55.491+0000] {logging_mixin.py:188} INFO - Downloaded AAPL/1766731834.json -> /tmp/minio_downloads/1766731834.json
[2025-12-26T09:57:55.508+0000] {logging_mixin.py:188} INFO - Downloaded AAPL/1766731847.json -> /tmp/minio_downloads/1766731847.json
[2025-12-26T09:57:55.524+0000] {logging_mixin.py:188} INFO - Downloaded AAPL/1766731859.json -> /tmp/minio_downloads/1766731859.json
[2025-12-26T09:57:55.539+0000] {logging_mixin.py:188} INFO - Downloaded AAPL/1766731872.json -> /tmp/minio_downloads/1766731872.json
[2025-12-26T09:57:55.557+0000] {logging_mixin.py:188} INFO - Downloaded AAPL/1766731884.json -> /tmp/minio_downloads/1766731884.json
[2025-12-26T09:57:55.575+0000] {logging_mixin.py:188} INFO - Downloaded AAPL/1766731896.json -> /tmp/minio_downloads/1766731896.json
[2025-12-26T09:57:55.593+0000] {logging_mixin.py:188} INFO - Downloaded AAPL/1766731907.json -> /tmp/minio_downloads/1766731907.json
[2025-12-26T09:57:55.610+0000] {logging_mixin.py:188} INFO - Downloaded AAPL/1766731919.json -> /tmp/minio_downloads/1766731919.json
[2025-12-26T09:57:55.626+0000] {logging_mixin.py:188} INFO - Downloaded AAPL/1766731931.json -> /tmp/minio_downloads/1766731931.json
[2025-12-26T09:57:55.648+0000] {logging_mixin.py:188} INFO - Downloaded AAPL/1766731944.json -> /tmp/minio_downloads/1766731944.json
[2025-12-26T09:57:55.664+0000] {logging_mixin.py:188} INFO - Downloaded AAPL/1766731956.json -> /tmp/minio_downloads/1766731956.json
[2025-12-26T09:57:55.681+0000] {logging_mixin.py:188} INFO - Downloaded AAPL/1766731968.json -> /tmp/minio_downloads/1766731968.json
[2025-12-26T09:57:55.696+0000] {logging_mixin.py:188} INFO - Downloaded AAPL/1766731980.json -> /tmp/minio_downloads/1766731980.json
[2025-12-26T09:57:55.711+0000] {logging_mixin.py:188} INFO - Downloaded AAPL/1766731992.json -> /tmp/minio_downloads/1766731992.json
[2025-12-26T09:57:55.727+0000] {logging_mixin.py:188} INFO - Downloaded AAPL/1766732004.json -> /tmp/minio_downloads/1766732004.json
[2025-12-26T09:57:55.743+0000] {logging_mixin.py:188} INFO - Downloaded AAPL/1766732016.json -> /tmp/minio_downloads/1766732016.json
[2025-12-26T09:57:55.758+0000] {logging_mixin.py:188} INFO - Downloaded AAPL/1766732029.json -> /tmp/minio_downloads/1766732029.json
[2025-12-26T09:57:55.774+0000] {logging_mixin.py:188} INFO - Downloaded AAPL/1766732041.json -> /tmp/minio_downloads/1766732041.json
[2025-12-26T09:57:55.790+0000] {logging_mixin.py:188} INFO - Downloaded AAPL/1766732052.json -> /tmp/minio_downloads/1766732052.json
[2025-12-26T09:57:55.805+0000] {logging_mixin.py:188} INFO - Downloaded AAPL/1766732064.json -> /tmp/minio_downloads/1766732064.json
[2025-12-26T09:57:55.821+0000] {logging_mixin.py:188} INFO - Downloaded AAPL/1766732076.json -> /tmp/minio_downloads/1766732076.json
[2025-12-26T09:57:55.837+0000] {logging_mixin.py:188} INFO - Downloaded AAPL/1766732089.json -> /tmp/minio_downloads/1766732089.json
[2025-12-26T09:57:55.854+0000] {logging_mixin.py:188} INFO - Downloaded AAPL/1766732101.json -> /tmp/minio_downloads/1766732101.json
[2025-12-26T09:57:55.879+0000] {logging_mixin.py:188} INFO - Downloaded AAPL/1766732113.json -> /tmp/minio_downloads/1766732113.json
[2025-12-26T09:57:55.894+0000] {logging_mixin.py:188} INFO - Downloaded AAPL/1766732126.json -> /tmp/minio_downloads/1766732126.json
[2025-12-26T09:57:55.910+0000] {logging_mixin.py:188} INFO - Downloaded AAPL/1766732137.json -> /tmp/minio_downloads/1766732137.json
[2025-12-26T09:57:55.947+0000] {logging_mixin.py:188} INFO - Downloaded AAPL/1766732150.json -> /tmp/minio_downloads/1766732150.json
[2025-12-26T09:57:55.973+0000] {logging_mixin.py:188} INFO - Downloaded AAPL/1766732163.json -> /tmp/minio_downloads/1766732163.json
[2025-12-26T09:57:55.999+0000] {logging_mixin.py:188} INFO - Downloaded AAPL/1766732175.json -> /tmp/minio_downloads/1766732175.json
[2025-12-26T09:57:56.018+0000] {logging_mixin.py:188} INFO - Downloaded AAPL/1766732187.json -> /tmp/minio_downloads/1766732187.json
[2025-12-26T09:57:56.033+0000] {logging_mixin.py:188} INFO - Downloaded AAPL/1766732201.json -> /tmp/minio_downloads/1766732201.json
[2025-12-26T09:57:56.048+0000] {logging_mixin.py:188} INFO - Downloaded AAPL/1766732215.json -> /tmp/minio_downloads/1766732215.json
[2025-12-26T09:57:56.065+0000] {logging_mixin.py:188} INFO - Downloaded AAPL/1766732228.json -> /tmp/minio_downloads/1766732228.json
[2025-12-26T09:57:56.082+0000] {logging_mixin.py:188} INFO - Downloaded AAPL/1766732241.json -> /tmp/minio_downloads/1766732241.json
[2025-12-26T09:57:56.103+0000] {logging_mixin.py:188} INFO - Downloaded AAPL/1766732253.json -> /tmp/minio_downloads/1766732253.json
[2025-12-26T09:57:56.120+0000] {logging_mixin.py:188} INFO - Downloaded AAPL/1766732264.json -> /tmp/minio_downloads/1766732264.json
[2025-12-26T09:57:56.137+0000] {logging_mixin.py:188} INFO - Downloaded AAPL/1766732276.json -> /tmp/minio_downloads/1766732276.json
[2025-12-26T09:57:56.156+0000] {logging_mixin.py:188} INFO - Downloaded AAPL/1766732289.json -> /tmp/minio_downloads/1766732289.json
[2025-12-26T09:57:56.173+0000] {logging_mixin.py:188} INFO - Downloaded AAPL/1766732302.json -> /tmp/minio_downloads/1766732302.json
[2025-12-26T09:57:56.190+0000] {logging_mixin.py:188} INFO - Downloaded AAPL/1766732313.json -> /tmp/minio_downloads/1766732313.json
[2025-12-26T09:57:56.205+0000] {logging_mixin.py:188} INFO - Downloaded AAPL/1766732325.json -> /tmp/minio_downloads/1766732325.json
[2025-12-26T09:57:56.222+0000] {logging_mixin.py:188} INFO - Downloaded AAPL/1766732337.json -> /tmp/minio_downloads/1766732337.json
[2025-12-26T09:57:56.238+0000] {logging_mixin.py:188} INFO - Downloaded AAPL/1766732350.json -> /tmp/minio_downloads/1766732350.json
[2025-12-26T09:57:56.254+0000] {logging_mixin.py:188} INFO - Downloaded AAPL/1766732362.json -> /tmp/minio_downloads/1766732362.json
[2025-12-26T09:57:56.272+0000] {logging_mixin.py:188} INFO - Downloaded AAPL/1766732374.json -> /tmp/minio_downloads/1766732374.json
[2025-12-26T09:57:56.288+0000] {logging_mixin.py:188} INFO - Downloaded AAPL/1766732386.json -> /tmp/minio_downloads/1766732386.json
[2025-12-26T09:57:56.306+0000] {logging_mixin.py:188} INFO - Downloaded AAPL/1766732399.json -> /tmp/minio_downloads/1766732399.json
[2025-12-26T09:57:56.322+0000] {logging_mixin.py:188} INFO - Downloaded AAPL/1766732411.json -> /tmp/minio_downloads/1766732411.json
[2025-12-26T09:57:56.339+0000] {logging_mixin.py:188} INFO - Downloaded AAPL/1766732423.json -> /tmp/minio_downloads/1766732423.json
[2025-12-26T09:57:56.355+0000] {logging_mixin.py:188} INFO - Downloaded AAPL/1766732434.json -> /tmp/minio_downloads/1766732434.json
[2025-12-26T09:57:56.372+0000] {logging_mixin.py:188} INFO - Downloaded AAPL/1766732447.json -> /tmp/minio_downloads/1766732447.json
[2025-12-26T09:57:56.390+0000] {logging_mixin.py:188} INFO - Downloaded AAPL/1766732459.json -> /tmp/minio_downloads/1766732459.json
[2025-12-26T09:57:56.409+0000] {logging_mixin.py:188} INFO - Downloaded AAPL/1766732471.json -> /tmp/minio_downloads/1766732471.json
[2025-12-26T09:57:56.427+0000] {logging_mixin.py:188} INFO - Downloaded AAPL/1766732484.json -> /tmp/minio_downloads/1766732484.json
[2025-12-26T09:57:56.447+0000] {logging_mixin.py:188} INFO - Downloaded AAPL/1766732495.json -> /tmp/minio_downloads/1766732495.json
[2025-12-26T09:57:56.465+0000] {logging_mixin.py:188} INFO - Downloaded AAPL/1766732509.json -> /tmp/minio_downloads/1766732509.json
[2025-12-26T09:57:56.482+0000] {logging_mixin.py:188} INFO - Downloaded AAPL/1766732522.json -> /tmp/minio_downloads/1766732522.json
[2025-12-26T09:57:56.499+0000] {logging_mixin.py:188} INFO - Downloaded AAPL/1766732534.json -> /tmp/minio_downloads/1766732534.json
[2025-12-26T09:57:56.517+0000] {logging_mixin.py:188} INFO - Downloaded AAPL/1766732546.json -> /tmp/minio_downloads/1766732546.json
[2025-12-26T09:57:56.535+0000] {logging_mixin.py:188} INFO - Downloaded AAPL/1766732558.json -> /tmp/minio_downloads/1766732558.json
[2025-12-26T09:57:56.553+0000] {logging_mixin.py:188} INFO - Downloaded AAPL/1766732571.json -> /tmp/minio_downloads/1766732571.json
[2025-12-26T09:57:56.569+0000] {logging_mixin.py:188} INFO - Downloaded AAPL/1766732583.json -> /tmp/minio_downloads/1766732583.json
[2025-12-26T09:57:56.586+0000] {logging_mixin.py:188} INFO - Downloaded AAPL/1766732595.json -> /tmp/minio_downloads/1766732595.json
[2025-12-26T09:57:56.603+0000] {logging_mixin.py:188} INFO - Downloaded AAPL/1766732607.json -> /tmp/minio_downloads/1766732607.json
[2025-12-26T09:57:56.618+0000] {logging_mixin.py:188} INFO - Downloaded AAPL/1766732621.json -> /tmp/minio_downloads/1766732621.json
[2025-12-26T09:57:56.637+0000] {logging_mixin.py:188} INFO - Downloaded AAPL/1766732634.json -> /tmp/minio_downloads/1766732634.json
[2025-12-26T09:57:56.655+0000] {logging_mixin.py:188} INFO - Downloaded AAPL/1766732646.json -> /tmp/minio_downloads/1766732646.json
[2025-12-26T09:57:56.675+0000] {logging_mixin.py:188} INFO - Downloaded AAPL/1766732659.json -> /tmp/minio_downloads/1766732659.json
[2025-12-26T09:57:56.696+0000] {logging_mixin.py:188} INFO - Downloaded AAPL/1766732671.json -> /tmp/minio_downloads/1766732671.json
[2025-12-26T09:57:56.714+0000] {logging_mixin.py:188} INFO - Downloaded AAPL/1766732684.json -> /tmp/minio_downloads/1766732684.json
[2025-12-26T09:57:56.732+0000] {logging_mixin.py:188} INFO - Downloaded AAPL/1766732696.json -> /tmp/minio_downloads/1766732696.json
[2025-12-26T09:57:56.750+0000] {logging_mixin.py:188} INFO - Downloaded AAPL/1766732709.json -> /tmp/minio_downloads/1766732709.json
[2025-12-26T09:57:56.766+0000] {logging_mixin.py:188} INFO - Downloaded AAPL/1766732721.json -> /tmp/minio_downloads/1766732721.json
[2025-12-26T09:57:56.784+0000] {logging_mixin.py:188} INFO - Downloaded AAPL/1766732734.json -> /tmp/minio_downloads/1766732734.json
[2025-12-26T09:57:56.801+0000] {logging_mixin.py:188} INFO - Downloaded AAPL/1766732746.json -> /tmp/minio_downloads/1766732746.json
[2025-12-26T09:57:56.818+0000] {logging_mixin.py:188} INFO - Downloaded AAPL/1766732758.json -> /tmp/minio_downloads/1766732758.json
[2025-12-26T09:57:56.834+0000] {logging_mixin.py:188} INFO - Downloaded AAPL/1766732770.json -> /tmp/minio_downloads/1766732770.json
[2025-12-26T09:57:56.852+0000] {logging_mixin.py:188} INFO - Downloaded AAPL/1766732781.json -> /tmp/minio_downloads/1766732781.json
[2025-12-26T09:57:56.870+0000] {logging_mixin.py:188} INFO - Downloaded AAPL/1766732794.json -> /tmp/minio_downloads/1766732794.json
[2025-12-26T09:57:56.888+0000] {logging_mixin.py:188} INFO - Downloaded AAPL/1766732805.json -> /tmp/minio_downloads/1766732805.json
[2025-12-26T09:57:56.905+0000] {logging_mixin.py:188} INFO - Downloaded AAPL/1766732818.json -> /tmp/minio_downloads/1766732818.json
[2025-12-26T09:57:56.921+0000] {logging_mixin.py:188} INFO - Downloaded AAPL/1766732831.json -> /tmp/minio_downloads/1766732831.json
[2025-12-26T09:57:56.938+0000] {logging_mixin.py:188} INFO - Downloaded AAPL/1766732847.json -> /tmp/minio_downloads/1766732847.json
[2025-12-26T09:57:56.953+0000] {logging_mixin.py:188} INFO - Downloaded AAPL/1766732859.json -> /tmp/minio_downloads/1766732859.json
[2025-12-26T09:57:56.968+0000] {logging_mixin.py:188} INFO - Downloaded AAPL/1766732872.json -> /tmp/minio_downloads/1766732872.json
[2025-12-26T09:57:56.999+0000] {logging_mixin.py:188} INFO - Downloaded AAPL/1766732884.json -> /tmp/minio_downloads/1766732884.json
[2025-12-26T09:57:57.015+0000] {logging_mixin.py:188} INFO - Downloaded AAPL/1766732895.json -> /tmp/minio_downloads/1766732895.json
[2025-12-26T09:57:57.030+0000] {logging_mixin.py:188} INFO - Downloaded AAPL/1766732908.json -> /tmp/minio_downloads/1766732908.json
[2025-12-26T09:57:57.045+0000] {logging_mixin.py:188} INFO - Downloaded AAPL/1766732920.json -> /tmp/minio_downloads/1766732920.json
[2025-12-26T09:57:57.059+0000] {logging_mixin.py:188} INFO - Downloaded AAPL/1766732933.json -> /tmp/minio_downloads/1766732933.json
[2025-12-26T09:57:57.080+0000] {logging_mixin.py:188} INFO - Downloaded AAPL/1766732948.json -> /tmp/minio_downloads/1766732948.json
[2025-12-26T09:57:57.116+0000] {logging_mixin.py:188} INFO - Downloaded AAPL/1766732963.json -> /tmp/minio_downloads/1766732963.json
[2025-12-26T09:57:57.133+0000] {logging_mixin.py:188} INFO - Downloaded AAPL/1766732975.json -> /tmp/minio_downloads/1766732975.json
[2025-12-26T09:57:57.149+0000] {logging_mixin.py:188} INFO - Downloaded AAPL/1766732988.json -> /tmp/minio_downloads/1766732988.json
[2025-12-26T09:57:57.167+0000] {logging_mixin.py:188} INFO - Downloaded AAPL/1766733001.json -> /tmp/minio_downloads/1766733001.json
[2025-12-26T09:57:57.186+0000] {logging_mixin.py:188} INFO - Downloaded AAPL/1766733012.json -> /tmp/minio_downloads/1766733012.json
[2025-12-26T09:57:57.200+0000] {logging_mixin.py:188} INFO - Downloaded AAPL/1766733024.json -> /tmp/minio_downloads/1766733024.json
[2025-12-26T09:57:57.216+0000] {logging_mixin.py:188} INFO - Downloaded AAPL/1766733036.json -> /tmp/minio_downloads/1766733036.json
[2025-12-26T09:57:57.230+0000] {logging_mixin.py:188} INFO - Downloaded AAPL/1766733048.json -> /tmp/minio_downloads/1766733048.json
[2025-12-26T09:57:57.245+0000] {logging_mixin.py:188} INFO - Downloaded AAPL/1766733060.json -> /tmp/minio_downloads/1766733060.json
[2025-12-26T09:57:57.265+0000] {logging_mixin.py:188} INFO - Downloaded AAPL/1766733072.json -> /tmp/minio_downloads/1766733072.json
[2025-12-26T09:57:57.286+0000] {logging_mixin.py:188} INFO - Downloaded AAPL/1766733085.json -> /tmp/minio_downloads/1766733085.json
[2025-12-26T09:57:57.302+0000] {logging_mixin.py:188} INFO - Downloaded AAPL/1766733096.json -> /tmp/minio_downloads/1766733096.json
[2025-12-26T09:57:57.318+0000] {logging_mixin.py:188} INFO - Downloaded AAPL/1766733109.json -> /tmp/minio_downloads/1766733109.json
[2025-12-26T09:57:57.334+0000] {logging_mixin.py:188} INFO - Downloaded AAPL/1766733121.json -> /tmp/minio_downloads/1766733121.json
[2025-12-26T09:57:57.348+0000] {logging_mixin.py:188} INFO - Downloaded AAPL/1766733134.json -> /tmp/minio_downloads/1766733134.json
[2025-12-26T09:57:57.363+0000] {logging_mixin.py:188} INFO - Downloaded AAPL/1766733145.json -> /tmp/minio_downloads/1766733145.json
[2025-12-26T09:57:57.377+0000] {logging_mixin.py:188} INFO - Downloaded AAPL/1766733158.json -> /tmp/minio_downloads/1766733158.json
[2025-12-26T09:57:57.393+0000] {logging_mixin.py:188} INFO - Downloaded AAPL/1766733170.json -> /tmp/minio_downloads/1766733170.json
[2025-12-26T09:57:57.408+0000] {logging_mixin.py:188} INFO - Downloaded AAPL/1766733182.json -> /tmp/minio_downloads/1766733182.json
[2025-12-26T09:57:57.424+0000] {logging_mixin.py:188} INFO - Downloaded AAPL/1766733194.json -> /tmp/minio_downloads/1766733194.json
[2025-12-26T09:57:57.439+0000] {logging_mixin.py:188} INFO - Downloaded AAPL/1766733205.json -> /tmp/minio_downloads/1766733205.json
[2025-12-26T09:57:57.454+0000] {logging_mixin.py:188} INFO - Downloaded AAPL/1766733217.json -> /tmp/minio_downloads/1766733217.json
[2025-12-26T09:57:57.470+0000] {logging_mixin.py:188} INFO - Downloaded AAPL/1766733230.json -> /tmp/minio_downloads/1766733230.json
[2025-12-26T09:57:57.485+0000] {logging_mixin.py:188} INFO - Downloaded AAPL/1766733243.json -> /tmp/minio_downloads/1766733243.json
[2025-12-26T09:57:57.500+0000] {logging_mixin.py:188} INFO - Downloaded AAPL/1766733255.json -> /tmp/minio_downloads/1766733255.json
[2025-12-26T09:57:57.515+0000] {logging_mixin.py:188} INFO - Downloaded AAPL/1766733267.json -> /tmp/minio_downloads/1766733267.json
[2025-12-26T09:57:57.530+0000] {logging_mixin.py:188} INFO - Downloaded AAPL/1766733281.json -> /tmp/minio_downloads/1766733281.json
[2025-12-26T09:57:57.545+0000] {logging_mixin.py:188} INFO - Downloaded AAPL/1766733295.json -> /tmp/minio_downloads/1766733295.json
[2025-12-26T09:57:57.560+0000] {logging_mixin.py:188} INFO - Downloaded AAPL/1766733308.json -> /tmp/minio_downloads/1766733308.json
[2025-12-26T09:57:57.574+0000] {logging_mixin.py:188} INFO - Downloaded AAPL/1766733321.json -> /tmp/minio_downloads/1766733321.json
[2025-12-26T09:57:57.590+0000] {logging_mixin.py:188} INFO - Downloaded AAPL/1766733334.json -> /tmp/minio_downloads/1766733334.json
[2025-12-26T09:57:57.605+0000] {logging_mixin.py:188} INFO - Downloaded AAPL/1766733347.json -> /tmp/minio_downloads/1766733347.json
[2025-12-26T09:57:57.619+0000] {logging_mixin.py:188} INFO - Downloaded AAPL/1766733361.json -> /tmp/minio_downloads/1766733361.json
[2025-12-26T09:57:57.633+0000] {logging_mixin.py:188} INFO - Downloaded AAPL/1766733375.json -> /tmp/minio_downloads/1766733375.json
[2025-12-26T09:57:57.648+0000] {logging_mixin.py:188} INFO - Downloaded AAPL/1766733387.json -> /tmp/minio_downloads/1766733387.json
[2025-12-26T09:57:57.664+0000] {logging_mixin.py:188} INFO - Downloaded AAPL/1766733402.json -> /tmp/minio_downloads/1766733402.json
[2025-12-26T09:57:57.678+0000] {logging_mixin.py:188} INFO - Downloaded AAPL/1766733415.json -> /tmp/minio_downloads/1766733415.json
[2025-12-26T09:57:57.693+0000] {logging_mixin.py:188} INFO - Downloaded AAPL/1766733428.json -> /tmp/minio_downloads/1766733428.json
[2025-12-26T09:57:57.708+0000] {logging_mixin.py:188} INFO - Downloaded AAPL/1766733440.json -> /tmp/minio_downloads/1766733440.json
[2025-12-26T09:57:57.724+0000] {logging_mixin.py:188} INFO - Downloaded AAPL/1766733453.json -> /tmp/minio_downloads/1766733453.json
[2025-12-26T09:57:57.738+0000] {logging_mixin.py:188} INFO - Downloaded AAPL/1766733466.json -> /tmp/minio_downloads/1766733466.json
[2025-12-26T09:57:57.753+0000] {logging_mixin.py:188} INFO - Downloaded AAPL/1766733478.json -> /tmp/minio_downloads/1766733478.json
[2025-12-26T09:57:57.769+0000] {logging_mixin.py:188} INFO - Downloaded AAPL/1766736951.json -> /tmp/minio_downloads/1766736951.json
[2025-12-26T09:57:57.784+0000] {logging_mixin.py:188} INFO - Downloaded AAPL/1766736963.json -> /tmp/minio_downloads/1766736963.json
[2025-12-26T09:57:57.798+0000] {logging_mixin.py:188} INFO - Downloaded AAPL/1766736974.json -> /tmp/minio_downloads/1766736974.json
[2025-12-26T09:57:57.812+0000] {logging_mixin.py:188} INFO - Downloaded AAPL/1766736987.json -> /tmp/minio_downloads/1766736987.json
[2025-12-26T09:57:57.827+0000] {logging_mixin.py:188} INFO - Downloaded AAPL/1766736999.json -> /tmp/minio_downloads/1766736999.json
[2025-12-26T09:57:57.841+0000] {logging_mixin.py:188} INFO - Downloaded AAPL/1766737011.json -> /tmp/minio_downloads/1766737011.json
[2025-12-26T09:57:57.857+0000] {logging_mixin.py:188} INFO - Downloaded AAPL/1766737023.json -> /tmp/minio_downloads/1766737023.json
[2025-12-26T09:57:57.872+0000] {logging_mixin.py:188} INFO - Downloaded AAPL/1766737035.json -> /tmp/minio_downloads/1766737035.json
[2025-12-26T09:57:57.886+0000] {logging_mixin.py:188} INFO - Downloaded AAPL/1766737046.json -> /tmp/minio_downloads/1766737046.json
[2025-12-26T09:57:57.901+0000] {logging_mixin.py:188} INFO - Downloaded AAPL/1766737058.json -> /tmp/minio_downloads/1766737058.json
[2025-12-26T09:57:57.919+0000] {logging_mixin.py:188} INFO - Downloaded AAPL/1766737070.json -> /tmp/minio_downloads/1766737070.json
[2025-12-26T09:57:57.934+0000] {logging_mixin.py:188} INFO - Downloaded AAPL/1766737082.json -> /tmp/minio_downloads/1766737082.json
[2025-12-26T09:57:57.950+0000] {logging_mixin.py:188} INFO - Downloaded AAPL/1766737093.json -> /tmp/minio_downloads/1766737093.json
[2025-12-26T09:57:57.965+0000] {logging_mixin.py:188} INFO - Downloaded AAPL/1766737105.json -> /tmp/minio_downloads/1766737105.json
[2025-12-26T09:57:57.979+0000] {logging_mixin.py:188} INFO - Downloaded AAPL/1766737117.json -> /tmp/minio_downloads/1766737117.json
[2025-12-26T09:57:57.994+0000] {logging_mixin.py:188} INFO - Downloaded AAPL/1766737129.json -> /tmp/minio_downloads/1766737129.json
[2025-12-26T09:57:58.009+0000] {logging_mixin.py:188} INFO - Downloaded AAPL/1766737140.json -> /tmp/minio_downloads/1766737140.json
[2025-12-26T09:57:58.024+0000] {logging_mixin.py:188} INFO - Downloaded AAPL/1766737152.json -> /tmp/minio_downloads/1766737152.json
[2025-12-26T09:57:58.039+0000] {logging_mixin.py:188} INFO - Downloaded AAPL/1766737165.json -> /tmp/minio_downloads/1766737165.json
[2025-12-26T09:57:58.054+0000] {logging_mixin.py:188} INFO - Downloaded AAPL/1766737176.json -> /tmp/minio_downloads/1766737176.json
[2025-12-26T09:57:58.068+0000] {logging_mixin.py:188} INFO - Downloaded AAPL/1766737188.json -> /tmp/minio_downloads/1766737188.json
[2025-12-26T09:57:58.082+0000] {logging_mixin.py:188} INFO - Downloaded AAPL/1766737200.json -> /tmp/minio_downloads/1766737200.json
[2025-12-26T09:57:58.098+0000] {logging_mixin.py:188} INFO - Downloaded AAPL/1766737212.json -> /tmp/minio_downloads/1766737212.json
[2025-12-26T09:57:58.113+0000] {logging_mixin.py:188} INFO - Downloaded AAPL/1766737223.json -> /tmp/minio_downloads/1766737223.json
[2025-12-26T09:57:58.128+0000] {logging_mixin.py:188} INFO - Downloaded AAPL/1766737234.json -> /tmp/minio_downloads/1766737234.json
[2025-12-26T09:57:58.143+0000] {logging_mixin.py:188} INFO - Downloaded AAPL/1766737246.json -> /tmp/minio_downloads/1766737246.json
[2025-12-26T09:57:58.157+0000] {logging_mixin.py:188} INFO - Downloaded AAPL/1766737258.json -> /tmp/minio_downloads/1766737258.json
[2025-12-26T09:57:58.171+0000] {logging_mixin.py:188} INFO - Downloaded AAPL/1766737270.json -> /tmp/minio_downloads/1766737270.json
[2025-12-26T09:57:58.185+0000] {logging_mixin.py:188} INFO - Downloaded AAPL/1766737281.json -> /tmp/minio_downloads/1766737281.json
[2025-12-26T09:57:58.201+0000] {logging_mixin.py:188} INFO - Downloaded AAPL/1766737293.json -> /tmp/minio_downloads/1766737293.json
[2025-12-26T09:57:58.216+0000] {logging_mixin.py:188} INFO - Downloaded AAPL/1766737304.json -> /tmp/minio_downloads/1766737304.json
[2025-12-26T09:57:58.231+0000] {logging_mixin.py:188} INFO - Downloaded AAPL/1766737316.json -> /tmp/minio_downloads/1766737316.json
[2025-12-26T09:57:58.246+0000] {logging_mixin.py:188} INFO - Downloaded AAPL/1766737328.json -> /tmp/minio_downloads/1766737328.json
[2025-12-26T09:57:58.261+0000] {logging_mixin.py:188} INFO - Downloaded AAPL/1766737340.json -> /tmp/minio_downloads/1766737340.json
[2025-12-26T09:57:58.276+0000] {logging_mixin.py:188} INFO - Downloaded AAPL/1766737352.json -> /tmp/minio_downloads/1766737352.json
[2025-12-26T09:57:58.293+0000] {logging_mixin.py:188} INFO - Downloaded AAPL/1766737364.json -> /tmp/minio_downloads/1766737364.json
[2025-12-26T09:57:58.308+0000] {logging_mixin.py:188} INFO - Downloaded AAPL/1766737375.json -> /tmp/minio_downloads/1766737375.json
[2025-12-26T09:57:58.323+0000] {logging_mixin.py:188} INFO - Downloaded AAPL/1766737387.json -> /tmp/minio_downloads/1766737387.json
[2025-12-26T09:57:58.338+0000] {logging_mixin.py:188} INFO - Downloaded AAPL/1766737399.json -> /tmp/minio_downloads/1766737399.json
[2025-12-26T09:57:58.353+0000] {logging_mixin.py:188} INFO - Downloaded AAPL/1766737411.json -> /tmp/minio_downloads/1766737411.json
[2025-12-26T09:57:58.367+0000] {logging_mixin.py:188} INFO - Downloaded AAPL/1766737422.json -> /tmp/minio_downloads/1766737422.json
[2025-12-26T09:57:58.382+0000] {logging_mixin.py:188} INFO - Downloaded AAPL/1766737434.json -> /tmp/minio_downloads/1766737434.json
[2025-12-26T09:57:58.404+0000] {logging_mixin.py:188} INFO - Downloaded AAPL/1766737446.json -> /tmp/minio_downloads/1766737446.json
[2025-12-26T09:57:58.420+0000] {logging_mixin.py:188} INFO - Downloaded AAPL/1766737464.json -> /tmp/minio_downloads/1766737464.json
[2025-12-26T09:57:58.434+0000] {logging_mixin.py:188} INFO - Downloaded AAPL/1766737480.json -> /tmp/minio_downloads/1766737480.json
[2025-12-26T09:57:58.448+0000] {logging_mixin.py:188} INFO - Downloaded AAPL/1766737500.json -> /tmp/minio_downloads/1766737500.json
[2025-12-26T09:57:58.463+0000] {logging_mixin.py:188} INFO - Downloaded AAPL/1766737513.json -> /tmp/minio_downloads/1766737513.json
[2025-12-26T09:57:58.477+0000] {logging_mixin.py:188} INFO - Downloaded AAPL/1766737526.json -> /tmp/minio_downloads/1766737526.json
[2025-12-26T09:57:58.491+0000] {logging_mixin.py:188} INFO - Downloaded AAPL/1766737538.json -> /tmp/minio_downloads/1766737538.json
[2025-12-26T09:57:58.506+0000] {logging_mixin.py:188} INFO - Downloaded AAPL/1766737552.json -> /tmp/minio_downloads/1766737552.json
[2025-12-26T09:57:58.521+0000] {logging_mixin.py:188} INFO - Downloaded AAPL/1766737564.json -> /tmp/minio_downloads/1766737564.json
[2025-12-26T09:57:58.535+0000] {logging_mixin.py:188} INFO - Downloaded AAPL/1766737577.json -> /tmp/minio_downloads/1766737577.json
[2025-12-26T09:57:58.549+0000] {logging_mixin.py:188} INFO - Downloaded AAPL/1766737589.json -> /tmp/minio_downloads/1766737589.json
[2025-12-26T09:57:58.564+0000] {logging_mixin.py:188} INFO - Downloaded AAPL/1766737603.json -> /tmp/minio_downloads/1766737603.json
[2025-12-26T09:57:58.580+0000] {logging_mixin.py:188} INFO - Downloaded AAPL/1766737616.json -> /tmp/minio_downloads/1766737616.json
[2025-12-26T09:57:58.595+0000] {logging_mixin.py:188} INFO - Downloaded AAPL/1766737629.json -> /tmp/minio_downloads/1766737629.json
[2025-12-26T09:57:58.612+0000] {logging_mixin.py:188} INFO - Downloaded AAPL/1766737642.json -> /tmp/minio_downloads/1766737642.json
[2025-12-26T09:57:58.627+0000] {logging_mixin.py:188} INFO - Downloaded AAPL/1766737655.json -> /tmp/minio_downloads/1766737655.json
[2025-12-26T09:57:58.643+0000] {logging_mixin.py:188} INFO - Downloaded AAPL/1766737669.json -> /tmp/minio_downloads/1766737669.json
[2025-12-26T09:57:58.657+0000] {logging_mixin.py:188} INFO - Downloaded AAPL/1766737681.json -> /tmp/minio_downloads/1766737681.json
[2025-12-26T09:57:58.673+0000] {logging_mixin.py:188} INFO - Downloaded AAPL/1766737694.json -> /tmp/minio_downloads/1766737694.json
[2025-12-26T09:57:58.688+0000] {logging_mixin.py:188} INFO - Downloaded AAPL/1766737707.json -> /tmp/minio_downloads/1766737707.json
[2025-12-26T09:57:58.704+0000] {logging_mixin.py:188} INFO - Downloaded AAPL/1766737720.json -> /tmp/minio_downloads/1766737720.json
[2025-12-26T09:57:58.720+0000] {logging_mixin.py:188} INFO - Downloaded AAPL/1766737733.json -> /tmp/minio_downloads/1766737733.json
[2025-12-26T09:57:58.735+0000] {logging_mixin.py:188} INFO - Downloaded AAPL/1766737745.json -> /tmp/minio_downloads/1766737745.json
[2025-12-26T09:57:58.751+0000] {logging_mixin.py:188} INFO - Downloaded AAPL/1766737758.json -> /tmp/minio_downloads/1766737758.json
[2025-12-26T09:57:58.767+0000] {logging_mixin.py:188} INFO - Downloaded AAPL/1766737771.json -> /tmp/minio_downloads/1766737771.json
[2025-12-26T09:57:58.782+0000] {logging_mixin.py:188} INFO - Downloaded AAPL/1766737783.json -> /tmp/minio_downloads/1766737783.json
[2025-12-26T09:57:58.797+0000] {logging_mixin.py:188} INFO - Downloaded AAPL/1766737797.json -> /tmp/minio_downloads/1766737797.json
[2025-12-26T09:57:58.814+0000] {logging_mixin.py:188} INFO - Downloaded AAPL/1766737810.json -> /tmp/minio_downloads/1766737810.json
[2025-12-26T09:57:58.830+0000] {logging_mixin.py:188} INFO - Downloaded AAPL/1766737823.json -> /tmp/minio_downloads/1766737823.json
[2025-12-26T09:57:58.850+0000] {logging_mixin.py:188} INFO - Downloaded AAPL/1766737836.json -> /tmp/minio_downloads/1766737836.json
[2025-12-26T09:57:58.865+0000] {logging_mixin.py:188} INFO - Downloaded AAPL/1766737849.json -> /tmp/minio_downloads/1766737849.json
[2025-12-26T09:57:58.882+0000] {logging_mixin.py:188} INFO - Downloaded AAPL/1766737862.json -> /tmp/minio_downloads/1766737862.json
[2025-12-26T09:57:58.897+0000] {logging_mixin.py:188} INFO - Downloaded AAPL/1766737874.json -> /tmp/minio_downloads/1766737874.json
[2025-12-26T09:57:58.913+0000] {logging_mixin.py:188} INFO - Downloaded AAPL/1766737887.json -> /tmp/minio_downloads/1766737887.json
[2025-12-26T09:57:58.930+0000] {logging_mixin.py:188} INFO - Downloaded AAPL/1766737899.json -> /tmp/minio_downloads/1766737899.json
[2025-12-26T09:57:58.947+0000] {logging_mixin.py:188} INFO - Downloaded AAPL/1766737911.json -> /tmp/minio_downloads/1766737911.json
[2025-12-26T09:57:58.963+0000] {logging_mixin.py:188} INFO - Downloaded AAPL/1766737924.json -> /tmp/minio_downloads/1766737924.json
[2025-12-26T09:57:58.980+0000] {logging_mixin.py:188} INFO - Downloaded AAPL/1766737939.json -> /tmp/minio_downloads/1766737939.json
[2025-12-26T09:57:58.994+0000] {logging_mixin.py:188} INFO - Downloaded AAPL/1766737952.json -> /tmp/minio_downloads/1766737952.json
[2025-12-26T09:57:59.010+0000] {logging_mixin.py:188} INFO - Downloaded AAPL/1766737965.json -> /tmp/minio_downloads/1766737965.json
[2025-12-26T09:57:59.025+0000] {logging_mixin.py:188} INFO - Downloaded AAPL/1766737978.json -> /tmp/minio_downloads/1766737978.json
[2025-12-26T09:57:59.042+0000] {logging_mixin.py:188} INFO - Downloaded AAPL/1766737991.json -> /tmp/minio_downloads/1766737991.json
[2025-12-26T09:57:59.058+0000] {logging_mixin.py:188} INFO - Downloaded AAPL/1766738004.json -> /tmp/minio_downloads/1766738004.json
[2025-12-26T09:57:59.073+0000] {logging_mixin.py:188} INFO - Downloaded AAPL/1766738017.json -> /tmp/minio_downloads/1766738017.json
[2025-12-26T09:57:59.087+0000] {logging_mixin.py:188} INFO - Downloaded AAPL/1766738030.json -> /tmp/minio_downloads/1766738030.json
[2025-12-26T09:57:59.104+0000] {logging_mixin.py:188} INFO - Downloaded AAPL/1766738044.json -> /tmp/minio_downloads/1766738044.json
[2025-12-26T09:57:59.120+0000] {logging_mixin.py:188} INFO - Downloaded AAPL/1766738056.json -> /tmp/minio_downloads/1766738056.json
[2025-12-26T09:57:59.135+0000] {logging_mixin.py:188} INFO - Downloaded AAPL/1766738069.json -> /tmp/minio_downloads/1766738069.json
[2025-12-26T09:57:59.149+0000] {logging_mixin.py:188} INFO - Downloaded AAPL/1766738082.json -> /tmp/minio_downloads/1766738082.json
[2025-12-26T09:57:59.163+0000] {logging_mixin.py:188} INFO - Downloaded AAPL/1766738095.json -> /tmp/minio_downloads/1766738095.json
[2025-12-26T09:57:59.178+0000] {logging_mixin.py:188} INFO - Downloaded AAPL/1766738108.json -> /tmp/minio_downloads/1766738108.json
[2025-12-26T09:57:59.195+0000] {logging_mixin.py:188} INFO - Downloaded AAPL/1766738120.json -> /tmp/minio_downloads/1766738120.json
[2025-12-26T09:57:59.210+0000] {logging_mixin.py:188} INFO - Downloaded AAPL/1766738132.json -> /tmp/minio_downloads/1766738132.json
[2025-12-26T09:57:59.225+0000] {logging_mixin.py:188} INFO - Downloaded AAPL/1766738145.json -> /tmp/minio_downloads/1766738145.json
[2025-12-26T09:57:59.243+0000] {logging_mixin.py:188} INFO - Downloaded AAPL/1766738157.json -> /tmp/minio_downloads/1766738157.json
[2025-12-26T09:57:59.260+0000] {logging_mixin.py:188} INFO - Downloaded AAPL/1766738171.json -> /tmp/minio_downloads/1766738171.json
[2025-12-26T09:57:59.276+0000] {logging_mixin.py:188} INFO - Downloaded AAPL/1766738184.json -> /tmp/minio_downloads/1766738184.json
[2025-12-26T09:57:59.294+0000] {logging_mixin.py:188} INFO - Downloaded AAPL/1766738197.json -> /tmp/minio_downloads/1766738197.json
[2025-12-26T09:57:59.310+0000] {logging_mixin.py:188} INFO - Downloaded AAPL/1766738210.json -> /tmp/minio_downloads/1766738210.json
[2025-12-26T09:57:59.326+0000] {logging_mixin.py:188} INFO - Downloaded AAPL/1766738223.json -> /tmp/minio_downloads/1766738223.json
[2025-12-26T09:57:59.342+0000] {logging_mixin.py:188} INFO - Downloaded AAPL/1766738236.json -> /tmp/minio_downloads/1766738236.json
[2025-12-26T09:57:59.359+0000] {logging_mixin.py:188} INFO - Downloaded AAPL/1766738248.json -> /tmp/minio_downloads/1766738248.json
[2025-12-26T09:57:59.375+0000] {logging_mixin.py:188} INFO - Downloaded AAPL/1766738261.json -> /tmp/minio_downloads/1766738261.json
[2025-12-26T09:57:59.392+0000] {logging_mixin.py:188} INFO - Downloaded AAPL/1766738275.json -> /tmp/minio_downloads/1766738275.json
[2025-12-26T09:57:59.408+0000] {logging_mixin.py:188} INFO - Downloaded AAPL/1766738288.json -> /tmp/minio_downloads/1766738288.json
[2025-12-26T09:57:59.431+0000] {logging_mixin.py:188} INFO - Downloaded AAPL/1766738302.json -> /tmp/minio_downloads/1766738302.json
[2025-12-26T09:57:59.431+0000] {local_task_job_runner.py:313} WARNING - State of this instance has been externally set to restarting. Terminating instance.
[2025-12-26T09:57:59.434+0000] {local_task_job_runner.py:222} INFO - ::endgroup::
[2025-12-26T09:57:59.440+0000] {process_utils.py:132} INFO - Sending 15 to group 7234. PIDs of all processes in the group: [7234]
[2025-12-26T09:57:59.442+0000] {process_utils.py:87} INFO - Sending the signal 15 to group 7234
[2025-12-26T09:57:59.444+0000] {taskinstance.py:2611} ERROR - Received SIGTERM. Terminating subprocesses.
[2025-12-26T09:57:59.447+0000] {taskinstance.py:441} INFO - ::group::Post task execution logs
[2025-12-26T09:57:59.473+0000] {taskinstance.py:2905} ERROR - Task failed with exception
Traceback (most recent call last):
  File "/home/airflow/.local/lib/python3.12/site-packages/airflow/models/taskinstance.py", line 465, in _execute_task
    result = _execute_callable(context=context, **execute_callable_kwargs)
             ^^^^^^^^^^^^^^^^^^^^^^^^^^^^^^^^^^^^^^^^^^^^^^^^^^^^^^^^^^^^^
  File "/home/airflow/.local/lib/python3.12/site-packages/airflow/models/taskinstance.py", line 432, in _execute_callable
    return execute_callable(context=context, **execute_callable_kwargs)
           ^^^^^^^^^^^^^^^^^^^^^^^^^^^^^^^^^^^^^^^^^^^^^^^^^^^^^^^^^^^^
  File "/home/airflow/.local/lib/python3.12/site-packages/airflow/models/baseoperator.py", line 401, in wrapper
    return func(self, *args, **kwargs)
           ^^^^^^^^^^^^^^^^^^^^^^^^^^^
  File "/home/airflow/.local/lib/python3.12/site-packages/airflow/operators/python.py", line 235, in execute
    return_value = self.execute_callable()
                   ^^^^^^^^^^^^^^^^^^^^^^^
  File "/home/airflow/.local/lib/python3.12/site-packages/airflow/operators/python.py", line 252, in execute_callable
    return self.python_callable(*self.op_args, **self.op_kwargs)
           ^^^^^^^^^^^^^^^^^^^^^^^^^^^^^^^^^^^^^^^^^^^^^^^^^^^^^
  File "/opt/airflow/dags/minio_to_snowflake.py", line 39, in download_from_minio
    s3.download_file(BUCKET, key, local_file)
  File "/home/airflow/.local/lib/python3.12/site-packages/boto3/s3/inject.py", line 192, in download_file
    return transfer.download_file(
           ^^^^^^^^^^^^^^^^^^^^^^^
  File "/home/airflow/.local/lib/python3.12/site-packages/boto3/s3/transfer.py", line 406, in download_file
    future.result()
  File "/home/airflow/.local/lib/python3.12/site-packages/s3transfer/futures.py", line 103, in result
    return self._coordinator.result()
           ^^^^^^^^^^^^^^^^^^^^^^^^^^
  File "/home/airflow/.local/lib/python3.12/site-packages/s3transfer/futures.py", line 261, in result
    self._done_event.wait(MAXINT)
  File "/usr/local/lib/python3.12/threading.py", line 655, in wait
    signaled = self._cond.wait(timeout)
               ^^^^^^^^^^^^^^^^^^^^^^^^
  File "/usr/local/lib/python3.12/threading.py", line 355, in wait
    waiter.acquire()
  File "/home/airflow/.local/lib/python3.12/site-packages/airflow/models/taskinstance.py", line 2613, in signal_handler
    raise AirflowTaskTerminated("Task received SIGTERM signal")
airflow.exceptions.AirflowTaskTerminated: Task received SIGTERM signal
[2025-12-26T09:57:59.507+0000] {taskinstance.py:1206} INFO - Marking task as UP_FOR_RETRY. dag_id=minio_to_snowflake, task_id=download_minio, run_id=scheduled__2025-12-26T09:55:00+00:00, execution_date=20251226T095500, start_date=20251226T095749, end_date=20251226T095759
[2025-12-26T09:57:59.617+0000] {process_utils.py:80} INFO - Process psutil.Process(pid=7234, status='terminated', exitcode=2, started='09:57:49') (7234) terminated with exit code 2
