[2025-12-26T09:51:47.205+0000] {local_task_job_runner.py:120} INFO - ::group::Pre task execution logs
[2025-12-26T09:51:47.280+0000] {taskinstance.py:2076} INFO - Dependencies all met for dep_context=non-requeueable deps ti=<TaskInstance: minio_to_snowflake.dbt_transform scheduled__2025-12-26T09:08:00+00:00 [queued]>
[2025-12-26T09:51:47.299+0000] {taskinstance.py:2076} INFO - Dependencies all met for dep_context=requeueable deps ti=<TaskInstance: minio_to_snowflake.dbt_transform scheduled__2025-12-26T09:08:00+00:00 [queued]>
[2025-12-26T09:51:47.301+0000] {taskinstance.py:2306} INFO - Starting attempt 2 of 2
[2025-12-26T09:51:47.327+0000] {taskinstance.py:2330} INFO - Executing <Task(BashOperator): dbt_transform> on 2025-12-26 09:08:00+00:00
[2025-12-26T09:51:47.354+0000] {standard_task_runner.py:90} INFO - Running: ['***', 'tasks', 'run', 'minio_to_snowflake', 'dbt_transform', 'scheduled__2025-12-26T09:08:00+00:00', '--job-id', '111', '--raw', '--subdir', 'DAGS_FOLDER/minio_to_snowflake.py', '--cfg-path', '/tmp/tmpv1ff6vss']
[2025-12-26T09:51:47.360+0000] {standard_task_runner.py:91} INFO - Job 111: Subtask dbt_transform
[2025-12-26T09:51:47.361+0000] {logging_mixin.py:188} WARNING - /home/***/.local/lib/python3.12/site-packages/***/task/task_runner/standard_task_runner.py:62 DeprecationWarning: This process (pid=5140) is multi-threaded, use of fork() may lead to deadlocks in the child.
[2025-12-26T09:51:47.363+0000] {standard_task_runner.py:64} INFO - Started process 5154 to run task
[2025-12-26T09:51:47.498+0000] {task_command.py:426} INFO - Running <TaskInstance: minio_to_snowflake.dbt_transform scheduled__2025-12-26T09:08:00+00:00 [running]> on host a29b2270dc41
[2025-12-26T09:51:47.701+0000] {taskinstance.py:2648} INFO - Exporting env vars: AIRFLOW_CTX_DAG_OWNER='***' AIRFLOW_CTX_DAG_ID='minio_to_snowflake' AIRFLOW_CTX_TASK_ID='dbt_transform' AIRFLOW_CTX_EXECUTION_DATE='2025-12-26T09:08:00+00:00' AIRFLOW_CTX_TRY_NUMBER='2' AIRFLOW_CTX_DAG_RUN_ID='scheduled__2025-12-26T09:08:00+00:00'
[2025-12-26T09:51:47.704+0000] {taskinstance.py:430} INFO - ::endgroup::
[2025-12-26T09:51:47.727+0000] {subprocess.py:63} INFO - Tmp dir root location: /tmp
[2025-12-26T09:51:47.731+0000] {subprocess.py:75} INFO - Running command: ['/usr/bin/bash', '-c', 'dbt run --project-dir /opt/***/dbt_stocks/dbt_stocks --profiles-dir /opt/***/dbt_stocks/dbt_stocks']
[2025-12-26T09:51:47.772+0000] {subprocess.py:86} INFO - Output:
[2025-12-26T09:51:53.483+0000] {subprocess.py:93} INFO - Usage: dbt run [OPTIONS]
[2025-12-26T09:51:53.485+0000] {subprocess.py:93} INFO - Try 'dbt run -h' for help.
[2025-12-26T09:51:53.486+0000] {subprocess.py:93} INFO - 
[2025-12-26T09:51:53.487+0000] {subprocess.py:93} INFO - Error: Invalid value for '--project-dir': Path '/opt/***/dbt_stocks/dbt_stocks' does not exist.
[2025-12-26T09:51:54.037+0000] {subprocess.py:97} INFO - Command exited with return code 2
[2025-12-26T09:51:54.039+0000] {taskinstance.py:441} INFO - ::group::Post task execution logs
[2025-12-26T09:51:54.124+0000] {taskinstance.py:2905} ERROR - Task failed with exception
Traceback (most recent call last):
  File "/home/airflow/.local/lib/python3.12/site-packages/airflow/models/taskinstance.py", line 465, in _execute_task
    result = _execute_callable(context=context, **execute_callable_kwargs)
             ^^^^^^^^^^^^^^^^^^^^^^^^^^^^^^^^^^^^^^^^^^^^^^^^^^^^^^^^^^^^^
  File "/home/airflow/.local/lib/python3.12/site-packages/airflow/models/taskinstance.py", line 432, in _execute_callable
    return execute_callable(context=context, **execute_callable_kwargs)
           ^^^^^^^^^^^^^^^^^^^^^^^^^^^^^^^^^^^^^^^^^^^^^^^^^^^^^^^^^^^^
  File "/home/airflow/.local/lib/python3.12/site-packages/airflow/models/baseoperator.py", line 401, in wrapper
    return func(self, *args, **kwargs)
           ^^^^^^^^^^^^^^^^^^^^^^^^^^^
  File "/home/airflow/.local/lib/python3.12/site-packages/airflow/operators/bash.py", line 243, in execute
    raise AirflowException(
airflow.exceptions.AirflowException: Bash command failed. The command returned a non-zero exit code 2.
[2025-12-26T09:51:54.134+0000] {taskinstance.py:1206} INFO - Marking task as FAILED. dag_id=minio_to_snowflake, task_id=dbt_transform, run_id=scheduled__2025-12-26T09:08:00+00:00, execution_date=20251226T090800, start_date=20251226T095147, end_date=20251226T095154
[2025-12-26T09:51:54.283+0000] {standard_task_runner.py:110} ERROR - Failed to execute job 111 for task dbt_transform (Bash command failed. The command returned a non-zero exit code 2.; 5154)
[2025-12-26T09:51:54.326+0000] {local_task_job_runner.py:243} INFO - Task exited with return code 1
[2025-12-26T09:51:54.499+0000] {taskinstance.py:3503} INFO - 0 downstream tasks scheduled from follow-on schedule check
[2025-12-26T09:51:54.585+0000] {local_task_job_runner.py:222} INFO - ::endgroup::
