[2025-12-24T13:39:29.613+0000] {local_task_job_runner.py:120} INFO - ::group::Pre task execution logs
[2025-12-24T13:39:29.685+0000] {taskinstance.py:2076} INFO - Dependencies all met for dep_context=non-requeueable deps ti=<TaskInstance: minio_to_snowflake.download_minio scheduled__2025-12-24T13:30:00+00:00 [queued]>
[2025-12-24T13:39:29.701+0000] {taskinstance.py:2076} INFO - Dependencies all met for dep_context=requeueable deps ti=<TaskInstance: minio_to_snowflake.download_minio scheduled__2025-12-24T13:30:00+00:00 [queued]>
[2025-12-24T13:39:29.703+0000] {taskinstance.py:2306} INFO - Starting attempt 2 of 2
[2025-12-24T13:39:29.730+0000] {taskinstance.py:2330} INFO - Executing <Task(PythonOperator): download_minio> on 2025-12-24 13:30:00+00:00
[2025-12-24T13:39:29.754+0000] {standard_task_runner.py:90} INFO - Running: ['***', 'tasks', 'run', 'minio_to_snowflake', 'download_minio', 'scheduled__2025-12-24T13:30:00+00:00', '--job-id', '138', '--raw', '--subdir', 'DAGS_FOLDER/minio_to_snowflake.py', '--cfg-path', '/tmp/tmpy2ke7le9']
[2025-12-24T13:39:29.760+0000] {standard_task_runner.py:91} INFO - Job 138: Subtask download_minio
[2025-12-24T13:39:29.763+0000] {logging_mixin.py:188} WARNING - /home/***/.local/lib/python3.12/site-packages/***/task/task_runner/standard_task_runner.py:62 DeprecationWarning: This process (pid=666) is multi-threaded, use of fork() may lead to deadlocks in the child.
[2025-12-24T13:39:29.765+0000] {standard_task_runner.py:64} INFO - Started process 680 to run task
[2025-12-24T13:39:29.877+0000] {task_command.py:426} INFO - Running <TaskInstance: minio_to_snowflake.download_minio scheduled__2025-12-24T13:30:00+00:00 [running]> on host 31fa77be4c89
[2025-12-24T13:39:30.074+0000] {taskinstance.py:2648} INFO - Exporting env vars: AIRFLOW_CTX_DAG_OWNER='***' AIRFLOW_CTX_DAG_ID='minio_to_snowflake' AIRFLOW_CTX_TASK_ID='download_minio' AIRFLOW_CTX_EXECUTION_DATE='2025-12-24T13:30:00+00:00' AIRFLOW_CTX_TRY_NUMBER='2' AIRFLOW_CTX_DAG_RUN_ID='scheduled__2025-12-24T13:30:00+00:00'
[2025-12-24T13:39:30.076+0000] {taskinstance.py:430} INFO - ::endgroup::
[2025-12-24T13:39:30.844+0000] {logging_mixin.py:188} INFO - Downloaded AAPL/1766583258.json -> /tmp/minio_downloads/1766583258.json
[2025-12-24T13:39:30.860+0000] {logging_mixin.py:188} INFO - Downloaded AAPL/1766583273.json -> /tmp/minio_downloads/1766583273.json
[2025-12-24T13:39:30.876+0000] {logging_mixin.py:188} INFO - Downloaded AAPL/1766583286.json -> /tmp/minio_downloads/1766583286.json
[2025-12-24T13:39:30.891+0000] {logging_mixin.py:188} INFO - Downloaded AAPL/1766583299.json -> /tmp/minio_downloads/1766583299.json
[2025-12-24T13:39:30.906+0000] {logging_mixin.py:188} INFO - Downloaded AAPL/1766583313.json -> /tmp/minio_downloads/1766583313.json
[2025-12-24T13:39:30.922+0000] {logging_mixin.py:188} INFO - Downloaded AAPL/1766583326.json -> /tmp/minio_downloads/1766583326.json
[2025-12-24T13:39:30.937+0000] {logging_mixin.py:188} INFO - Downloaded AAPL/1766583339.json -> /tmp/minio_downloads/1766583339.json
[2025-12-24T13:39:30.953+0000] {logging_mixin.py:188} INFO - Downloaded AAPL/1766583352.json -> /tmp/minio_downloads/1766583352.json
[2025-12-24T13:39:30.969+0000] {logging_mixin.py:188} INFO - Downloaded AAPL/1766583365.json -> /tmp/minio_downloads/1766583365.json
[2025-12-24T13:39:30.984+0000] {logging_mixin.py:188} INFO - Downloaded AAPL/1766583378.json -> /tmp/minio_downloads/1766583378.json
[2025-12-24T13:39:31.000+0000] {logging_mixin.py:188} INFO - Downloaded AAPL/1766583391.json -> /tmp/minio_downloads/1766583391.json
[2025-12-24T13:39:31.015+0000] {logging_mixin.py:188} INFO - Downloaded AAPL/1766583405.json -> /tmp/minio_downloads/1766583405.json
[2025-12-24T13:39:31.032+0000] {logging_mixin.py:188} INFO - Downloaded AAPL/1766583419.json -> /tmp/minio_downloads/1766583419.json
[2025-12-24T13:39:31.047+0000] {logging_mixin.py:188} INFO - Downloaded AAPL/1766583434.json -> /tmp/minio_downloads/1766583434.json
[2025-12-24T13:39:31.061+0000] {logging_mixin.py:188} INFO - Downloaded AAPL/1766583447.json -> /tmp/minio_downloads/1766583447.json
[2025-12-24T13:39:31.077+0000] {logging_mixin.py:188} INFO - Downloaded AAPL/1766583459.json -> /tmp/minio_downloads/1766583459.json
[2025-12-24T13:39:31.096+0000] {logging_mixin.py:188} INFO - Downloaded AAPL/1766583472.json -> /tmp/minio_downloads/1766583472.json
[2025-12-24T13:39:31.120+0000] {logging_mixin.py:188} INFO - Downloaded AAPL/1766583485.json -> /tmp/minio_downloads/1766583485.json
[2025-12-24T13:39:31.135+0000] {logging_mixin.py:188} INFO - Downloaded AAPL/1766583498.json -> /tmp/minio_downloads/1766583498.json
[2025-12-24T13:39:31.150+0000] {logging_mixin.py:188} INFO - Downloaded AAPL/1766583511.json -> /tmp/minio_downloads/1766583511.json
[2025-12-24T13:39:31.166+0000] {logging_mixin.py:188} INFO - Downloaded AAPL/1766583524.json -> /tmp/minio_downloads/1766583524.json
[2025-12-24T13:39:31.184+0000] {logging_mixin.py:188} INFO - Downloaded AAPL/1766583538.json -> /tmp/minio_downloads/1766583538.json
[2025-12-24T13:39:31.358+0000] {logging_mixin.py:188} INFO - Downloaded AAPL/1766583551.json -> /tmp/minio_downloads/1766583551.json
[2025-12-24T13:39:31.383+0000] {logging_mixin.py:188} INFO - Downloaded AAPL/1766583564.json -> /tmp/minio_downloads/1766583564.json
[2025-12-24T13:39:31.401+0000] {logging_mixin.py:188} INFO - Downloaded AMZN/1766583266.json -> /tmp/minio_downloads/1766583266.json
[2025-12-24T13:39:31.422+0000] {logging_mixin.py:188} INFO - Downloaded AMZN/1766583278.json -> /tmp/minio_downloads/1766583278.json
[2025-12-24T13:39:31.440+0000] {logging_mixin.py:188} INFO - Downloaded AMZN/1766583292.json -> /tmp/minio_downloads/1766583292.json
[2025-12-24T13:39:31.458+0000] {logging_mixin.py:188} INFO - Downloaded AMZN/1766583305.json -> /tmp/minio_downloads/1766583305.json
[2025-12-24T13:39:31.477+0000] {logging_mixin.py:188} INFO - Downloaded AMZN/1766583318.json -> /tmp/minio_downloads/1766583318.json
[2025-12-24T13:39:31.494+0000] {logging_mixin.py:188} INFO - Downloaded AMZN/1766583332.json -> /tmp/minio_downloads/1766583332.json
[2025-12-24T13:39:31.515+0000] {logging_mixin.py:188} INFO - Downloaded AMZN/1766583345.json -> /tmp/minio_downloads/1766583345.json
[2025-12-24T13:39:31.534+0000] {logging_mixin.py:188} INFO - Downloaded AMZN/1766583358.json -> /tmp/minio_downloads/1766583358.json
[2025-12-24T13:39:31.553+0000] {logging_mixin.py:188} INFO - Downloaded AMZN/1766583371.json -> /tmp/minio_downloads/1766583371.json
[2025-12-24T13:39:31.579+0000] {logging_mixin.py:188} INFO - Downloaded AMZN/1766583384.json -> /tmp/minio_downloads/1766583384.json
[2025-12-24T13:39:31.601+0000] {logging_mixin.py:188} INFO - Downloaded AMZN/1766583398.json -> /tmp/minio_downloads/1766583398.json
[2025-12-24T13:39:31.620+0000] {logging_mixin.py:188} INFO - Downloaded AMZN/1766583411.json -> /tmp/minio_downloads/1766583411.json
[2025-12-24T13:39:31.641+0000] {logging_mixin.py:188} INFO - Downloaded AMZN/1766583426.json -> /tmp/minio_downloads/1766583426.json
[2025-12-24T13:39:31.659+0000] {logging_mixin.py:188} INFO - Downloaded AMZN/1766583439.json -> /tmp/minio_downloads/1766583439.json
[2025-12-24T13:39:31.674+0000] {logging_mixin.py:188} INFO - Downloaded AMZN/1766583452.json -> /tmp/minio_downloads/1766583452.json
[2025-12-24T13:39:31.692+0000] {logging_mixin.py:188} INFO - Downloaded AMZN/1766583464.json -> /tmp/minio_downloads/1766583464.json
[2025-12-24T13:39:31.709+0000] {logging_mixin.py:188} INFO - Downloaded AMZN/1766583477.json -> /tmp/minio_downloads/1766583477.json
[2025-12-24T13:39:31.725+0000] {logging_mixin.py:188} INFO - Downloaded AMZN/1766583491.json -> /tmp/minio_downloads/1766583491.json
[2025-12-24T13:39:31.741+0000] {logging_mixin.py:188} INFO - Downloaded AMZN/1766583503.json -> /tmp/minio_downloads/1766583503.json
[2025-12-24T13:39:31.758+0000] {logging_mixin.py:188} INFO - Downloaded AMZN/1766583517.json -> /tmp/minio_downloads/1766583517.json
[2025-12-24T13:39:31.777+0000] {logging_mixin.py:188} INFO - Downloaded AMZN/1766583530.json -> /tmp/minio_downloads/1766583530.json
[2025-12-24T13:39:31.793+0000] {logging_mixin.py:188} INFO - Downloaded AMZN/1766583543.json -> /tmp/minio_downloads/1766583543.json
[2025-12-24T13:39:31.809+0000] {logging_mixin.py:188} INFO - Downloaded AMZN/1766583556.json -> /tmp/minio_downloads/1766583556.json
[2025-12-24T13:39:31.827+0000] {logging_mixin.py:188} INFO - Downloaded AMZN/1766583570.json -> /tmp/minio_downloads/1766583570.json
[2025-12-24T13:39:31.844+0000] {logging_mixin.py:188} INFO - Downloaded GOOGL/1766583264.json -> /tmp/minio_downloads/1766583264.json
[2025-12-24T13:39:31.860+0000] {logging_mixin.py:188} INFO - Downloaded GOOGL/1766583277.json -> /tmp/minio_downloads/1766583277.json
[2025-12-24T13:39:31.876+0000] {logging_mixin.py:188} INFO - Downloaded GOOGL/1766583291.json -> /tmp/minio_downloads/1766583291.json
[2025-12-24T13:39:31.892+0000] {logging_mixin.py:188} INFO - Downloaded GOOGL/1766583304.json -> /tmp/minio_downloads/1766583304.json
[2025-12-24T13:39:31.906+0000] {logging_mixin.py:188} INFO - Downloaded GOOGL/1766583316.json -> /tmp/minio_downloads/1766583316.json
[2025-12-24T13:39:31.924+0000] {logging_mixin.py:188} INFO - Downloaded GOOGL/1766583330.json -> /tmp/minio_downloads/1766583330.json
[2025-12-24T13:39:31.941+0000] {logging_mixin.py:188} INFO - Downloaded GOOGL/1766583343.json -> /tmp/minio_downloads/1766583343.json
[2025-12-24T13:39:31.957+0000] {logging_mixin.py:188} INFO - Downloaded GOOGL/1766583356.json -> /tmp/minio_downloads/1766583356.json
[2025-12-24T13:39:31.973+0000] {logging_mixin.py:188} INFO - Downloaded GOOGL/1766583370.json -> /tmp/minio_downloads/1766583370.json
[2025-12-24T13:39:31.990+0000] {logging_mixin.py:188} INFO - Downloaded GOOGL/1766583383.json -> /tmp/minio_downloads/1766583383.json
[2025-12-24T13:39:32.008+0000] {logging_mixin.py:188} INFO - Downloaded GOOGL/1766583396.json -> /tmp/minio_downloads/1766583396.json
[2025-12-24T13:39:32.025+0000] {logging_mixin.py:188} INFO - Downloaded GOOGL/1766583410.json -> /tmp/minio_downloads/1766583410.json
[2025-12-24T13:39:32.042+0000] {logging_mixin.py:188} INFO - Downloaded GOOGL/1766583425.json -> /tmp/minio_downloads/1766583425.json
[2025-12-24T13:39:32.059+0000] {logging_mixin.py:188} INFO - Downloaded GOOGL/1766583438.json -> /tmp/minio_downloads/1766583438.json
[2025-12-24T13:39:32.075+0000] {logging_mixin.py:188} INFO - Downloaded GOOGL/1766583451.json -> /tmp/minio_downloads/1766583451.json
[2025-12-24T13:39:32.092+0000] {logging_mixin.py:188} INFO - Downloaded GOOGL/1766583463.json -> /tmp/minio_downloads/1766583463.json
[2025-12-24T13:39:32.108+0000] {logging_mixin.py:188} INFO - Downloaded GOOGL/1766583476.json -> /tmp/minio_downloads/1766583476.json
[2025-12-24T13:39:32.125+0000] {logging_mixin.py:188} INFO - Downloaded GOOGL/1766583489.json -> /tmp/minio_downloads/1766583489.json
[2025-12-24T13:39:32.141+0000] {logging_mixin.py:188} INFO - Downloaded GOOGL/1766583502.json -> /tmp/minio_downloads/1766583502.json
[2025-12-24T13:39:32.158+0000] {logging_mixin.py:188} INFO - Downloaded GOOGL/1766583515.json -> /tmp/minio_downloads/1766583515.json
[2025-12-24T13:39:32.173+0000] {logging_mixin.py:188} INFO - Downloaded GOOGL/1766583528.json -> /tmp/minio_downloads/1766583528.json
[2025-12-24T13:39:32.190+0000] {logging_mixin.py:188} INFO - Downloaded GOOGL/1766583542.json -> /tmp/minio_downloads/1766583542.json
[2025-12-24T13:39:32.210+0000] {logging_mixin.py:188} INFO - Downloaded GOOGL/1766583555.json -> /tmp/minio_downloads/1766583555.json
[2025-12-24T13:39:32.226+0000] {logging_mixin.py:188} INFO - Downloaded GOOGL/1766583568.json -> /tmp/minio_downloads/1766583568.json
[2025-12-24T13:39:32.245+0000] {logging_mixin.py:188} INFO - Downloaded MSFT/1766583260.json -> /tmp/minio_downloads/1766583260.json
[2025-12-24T13:39:32.263+0000] {logging_mixin.py:188} INFO - Downloaded MSFT/1766583275.json -> /tmp/minio_downloads/1766583275.json
[2025-12-24T13:39:32.280+0000] {logging_mixin.py:188} INFO - Downloaded MSFT/1766583288.json -> /tmp/minio_downloads/1766583288.json
[2025-12-24T13:39:32.296+0000] {logging_mixin.py:188} INFO - Downloaded MSFT/1766583301.json -> /tmp/minio_downloads/1766583301.json
[2025-12-24T13:39:32.333+0000] {logging_mixin.py:188} INFO - Downloaded MSFT/1766583314.json -> /tmp/minio_downloads/1766583314.json
[2025-12-24T13:39:32.466+0000] {logging_mixin.py:188} INFO - Downloaded MSFT/1766583327.json -> /tmp/minio_downloads/1766583327.json
[2025-12-24T13:39:32.482+0000] {logging_mixin.py:188} INFO - Downloaded MSFT/1766583341.json -> /tmp/minio_downloads/1766583341.json
[2025-12-24T13:39:32.497+0000] {logging_mixin.py:188} INFO - Downloaded MSFT/1766583354.json -> /tmp/minio_downloads/1766583354.json
[2025-12-24T13:39:32.587+0000] {logging_mixin.py:188} INFO - Downloaded MSFT/1766583366.json -> /tmp/minio_downloads/1766583366.json
[2025-12-24T13:39:32.647+0000] {logging_mixin.py:188} INFO - Downloaded MSFT/1766583380.json -> /tmp/minio_downloads/1766583380.json
[2025-12-24T13:39:32.784+0000] {logging_mixin.py:188} INFO - Downloaded MSFT/1766583393.json -> /tmp/minio_downloads/1766583393.json
[2025-12-24T13:39:32.841+0000] {logging_mixin.py:188} INFO - Downloaded MSFT/1766583407.json -> /tmp/minio_downloads/1766583407.json
[2025-12-24T13:39:33.147+0000] {logging_mixin.py:188} INFO - Downloaded MSFT/1766583420.json -> /tmp/minio_downloads/1766583420.json
[2025-12-24T13:39:33.485+0000] {logging_mixin.py:188} INFO - Downloaded MSFT/1766583436.json -> /tmp/minio_downloads/1766583436.json
[2025-12-24T13:39:33.554+0000] {logging_mixin.py:188} INFO - Downloaded MSFT/1766583448.json -> /tmp/minio_downloads/1766583448.json
[2025-12-24T13:39:33.596+0000] {logging_mixin.py:188} INFO - Downloaded MSFT/1766583461.json -> /tmp/minio_downloads/1766583461.json
[2025-12-24T13:39:33.817+0000] {logging_mixin.py:188} INFO - Downloaded MSFT/1766583473.json -> /tmp/minio_downloads/1766583473.json
[2025-12-24T13:39:33.889+0000] {logging_mixin.py:188} INFO - Downloaded MSFT/1766583487.json -> /tmp/minio_downloads/1766583487.json
[2025-12-24T13:39:34.029+0000] {logging_mixin.py:188} INFO - Downloaded MSFT/1766583499.json -> /tmp/minio_downloads/1766583499.json
[2025-12-24T13:39:34.103+0000] {logging_mixin.py:188} INFO - Downloaded MSFT/1766583513.json -> /tmp/minio_downloads/1766583513.json
[2025-12-24T13:39:34.124+0000] {logging_mixin.py:188} INFO - Downloaded MSFT/1766583525.json -> /tmp/minio_downloads/1766583525.json
[2025-12-24T13:39:34.147+0000] {logging_mixin.py:188} INFO - Downloaded MSFT/1766583539.json -> /tmp/minio_downloads/1766583539.json
[2025-12-24T13:39:34.165+0000] {logging_mixin.py:188} INFO - Downloaded MSFT/1766583552.json -> /tmp/minio_downloads/1766583552.json
[2025-12-24T13:39:34.193+0000] {logging_mixin.py:188} INFO - Downloaded MSFT/1766583565.json -> /tmp/minio_downloads/1766583565.json
[2025-12-24T13:39:34.218+0000] {logging_mixin.py:188} INFO - Downloaded TSLA/1766583262.json -> /tmp/minio_downloads/1766583262.json
[2025-12-24T13:39:34.236+0000] {logging_mixin.py:188} INFO - Downloaded TSLA/1766583276.json -> /tmp/minio_downloads/1766583276.json
[2025-12-24T13:39:34.258+0000] {logging_mixin.py:188} INFO - Downloaded TSLA/1766583289.json -> /tmp/minio_downloads/1766583289.json
[2025-12-24T13:39:34.293+0000] {logging_mixin.py:188} INFO - Downloaded TSLA/1766583302.json -> /tmp/minio_downloads/1766583302.json
[2025-12-24T13:39:34.323+0000] {logging_mixin.py:188} INFO - Downloaded TSLA/1766583315.json -> /tmp/minio_downloads/1766583315.json
[2025-12-24T13:39:34.348+0000] {logging_mixin.py:188} INFO - Downloaded TSLA/1766583329.json -> /tmp/minio_downloads/1766583329.json
[2025-12-24T13:39:34.369+0000] {logging_mixin.py:188} INFO - Downloaded TSLA/1766583342.json -> /tmp/minio_downloads/1766583342.json
[2025-12-24T13:39:34.388+0000] {logging_mixin.py:188} INFO - Downloaded TSLA/1766583355.json -> /tmp/minio_downloads/1766583355.json
[2025-12-24T13:39:34.407+0000] {logging_mixin.py:188} INFO - Downloaded TSLA/1766583368.json -> /tmp/minio_downloads/1766583368.json
[2025-12-24T13:39:34.423+0000] {logging_mixin.py:188} INFO - Downloaded TSLA/1766583381.json -> /tmp/minio_downloads/1766583381.json
[2025-12-24T13:39:34.442+0000] {logging_mixin.py:188} INFO - Downloaded TSLA/1766583394.json -> /tmp/minio_downloads/1766583394.json
[2025-12-24T13:39:34.460+0000] {logging_mixin.py:188} INFO - Downloaded TSLA/1766583408.json -> /tmp/minio_downloads/1766583408.json
[2025-12-24T13:39:34.479+0000] {logging_mixin.py:188} INFO - Downloaded TSLA/1766583422.json -> /tmp/minio_downloads/1766583422.json
[2025-12-24T13:39:34.499+0000] {logging_mixin.py:188} INFO - Downloaded TSLA/1766583437.json -> /tmp/minio_downloads/1766583437.json
[2025-12-24T13:39:34.517+0000] {logging_mixin.py:188} INFO - Downloaded TSLA/1766583449.json -> /tmp/minio_downloads/1766583449.json
[2025-12-24T13:39:34.535+0000] {logging_mixin.py:188} INFO - Downloaded TSLA/1766583462.json -> /tmp/minio_downloads/1766583462.json
[2025-12-24T13:39:34.554+0000] {logging_mixin.py:188} INFO - Downloaded TSLA/1766583474.json -> /tmp/minio_downloads/1766583474.json
[2025-12-24T13:39:34.573+0000] {logging_mixin.py:188} INFO - Downloaded TSLA/1766583488.json -> /tmp/minio_downloads/1766583488.json
[2025-12-24T13:39:34.591+0000] {logging_mixin.py:188} INFO - Downloaded TSLA/1766583501.json -> /tmp/minio_downloads/1766583501.json
[2025-12-24T13:39:34.607+0000] {logging_mixin.py:188} INFO - Downloaded TSLA/1766583514.json -> /tmp/minio_downloads/1766583514.json
[2025-12-24T13:39:34.625+0000] {logging_mixin.py:188} INFO - Downloaded TSLA/1766583527.json -> /tmp/minio_downloads/1766583527.json
[2025-12-24T13:39:34.644+0000] {logging_mixin.py:188} INFO - Downloaded TSLA/1766583541.json -> /tmp/minio_downloads/1766583541.json
[2025-12-24T13:39:34.663+0000] {logging_mixin.py:188} INFO - Downloaded TSLA/1766583553.json -> /tmp/minio_downloads/1766583553.json
[2025-12-24T13:39:34.683+0000] {logging_mixin.py:188} INFO - Downloaded TSLA/1766583567.json -> /tmp/minio_downloads/1766583567.json
[2025-12-24T13:39:34.685+0000] {python.py:237} INFO - Done. Returned value was: ['/tmp/minio_downloads/1766583258.json', '/tmp/minio_downloads/1766583273.json', '/tmp/minio_downloads/1766583286.json', '/tmp/minio_downloads/1766583299.json', '/tmp/minio_downloads/1766583313.json', '/tmp/minio_downloads/1766583326.json', '/tmp/minio_downloads/1766583339.json', '/tmp/minio_downloads/1766583352.json', '/tmp/minio_downloads/1766583365.json', '/tmp/minio_downloads/1766583378.json', '/tmp/minio_downloads/1766583391.json', '/tmp/minio_downloads/1766583405.json', '/tmp/minio_downloads/1766583419.json', '/tmp/minio_downloads/1766583434.json', '/tmp/minio_downloads/1766583447.json', '/tmp/minio_downloads/1766583459.json', '/tmp/minio_downloads/1766583472.json', '/tmp/minio_downloads/1766583485.json', '/tmp/minio_downloads/1766583498.json', '/tmp/minio_downloads/1766583511.json', '/tmp/minio_downloads/1766583524.json', '/tmp/minio_downloads/1766583538.json', '/tmp/minio_downloads/1766583551.json', '/tmp/minio_downloads/1766583564.json', '/tmp/minio_downloads/1766583266.json', '/tmp/minio_downloads/1766583278.json', '/tmp/minio_downloads/1766583292.json', '/tmp/minio_downloads/1766583305.json', '/tmp/minio_downloads/1766583318.json', '/tmp/minio_downloads/1766583332.json', '/tmp/minio_downloads/1766583345.json', '/tmp/minio_downloads/1766583358.json', '/tmp/minio_downloads/1766583371.json', '/tmp/minio_downloads/1766583384.json', '/tmp/minio_downloads/1766583398.json', '/tmp/minio_downloads/1766583411.json', '/tmp/minio_downloads/1766583426.json', '/tmp/minio_downloads/1766583439.json', '/tmp/minio_downloads/1766583452.json', '/tmp/minio_downloads/1766583464.json', '/tmp/minio_downloads/1766583477.json', '/tmp/minio_downloads/1766583491.json', '/tmp/minio_downloads/1766583503.json', '/tmp/minio_downloads/1766583517.json', '/tmp/minio_downloads/1766583530.json', '/tmp/minio_downloads/1766583543.json', '/tmp/minio_downloads/1766583556.json', '/tmp/minio_downloads/1766583570.json', '/tmp/minio_downloads/1766583264.json', '/tmp/minio_downloads/1766583277.json', '/tmp/minio_downloads/1766583291.json', '/tmp/minio_downloads/1766583304.json', '/tmp/minio_downloads/1766583316.json', '/tmp/minio_downloads/1766583330.json', '/tmp/minio_downloads/1766583343.json', '/tmp/minio_downloads/1766583356.json', '/tmp/minio_downloads/1766583370.json', '/tmp/minio_downloads/1766583383.json', '/tmp/minio_downloads/1766583396.json', '/tmp/minio_downloads/1766583410.json', '/tmp/minio_downloads/1766583425.json', '/tmp/minio_downloads/1766583438.json', '/tmp/minio_downloads/1766583451.json', '/tmp/minio_downloads/1766583463.json', '/tmp/minio_downloads/1766583476.json', '/tmp/minio_downloads/1766583489.json', '/tmp/minio_downloads/1766583502.json', '/tmp/minio_downloads/1766583515.json', '/tmp/minio_downloads/1766583528.json', '/tmp/minio_downloads/1766583542.json', '/tmp/minio_downloads/1766583555.json', '/tmp/minio_downloads/1766583568.json', '/tmp/minio_downloads/1766583260.json', '/tmp/minio_downloads/1766583275.json', '/tmp/minio_downloads/1766583288.json', '/tmp/minio_downloads/1766583301.json', '/tmp/minio_downloads/1766583314.json', '/tmp/minio_downloads/1766583327.json', '/tmp/minio_downloads/1766583341.json', '/tmp/minio_downloads/1766583354.json', '/tmp/minio_downloads/1766583366.json', '/tmp/minio_downloads/1766583380.json', '/tmp/minio_downloads/1766583393.json', '/tmp/minio_downloads/1766583407.json', '/tmp/minio_downloads/1766583420.json', '/tmp/minio_downloads/1766583436.json', '/tmp/minio_downloads/1766583448.json', '/tmp/minio_downloads/1766583461.json', '/tmp/minio_downloads/1766583473.json', '/tmp/minio_downloads/1766583487.json', '/tmp/minio_downloads/1766583499.json', '/tmp/minio_downloads/1766583513.json', '/tmp/minio_downloads/1766583525.json', '/tmp/minio_downloads/1766583539.json', '/tmp/minio_downloads/1766583552.json', '/tmp/minio_downloads/1766583565.json', '/tmp/minio_downloads/1766583262.json', '/tmp/minio_downloads/1766583276.json', '/tmp/minio_downloads/1766583289.json', '/tmp/minio_downloads/1766583302.json', '/tmp/minio_downloads/1766583315.json', '/tmp/minio_downloads/1766583329.json', '/tmp/minio_downloads/1766583342.json', '/tmp/minio_downloads/1766583355.json', '/tmp/minio_downloads/1766583368.json', '/tmp/minio_downloads/1766583381.json', '/tmp/minio_downloads/1766583394.json', '/tmp/minio_downloads/1766583408.json', '/tmp/minio_downloads/1766583422.json', '/tmp/minio_downloads/1766583437.json', '/tmp/minio_downloads/1766583449.json', '/tmp/minio_downloads/1766583462.json', '/tmp/minio_downloads/1766583474.json', '/tmp/minio_downloads/1766583488.json', '/tmp/minio_downloads/1766583501.json', '/tmp/minio_downloads/1766583514.json', '/tmp/minio_downloads/1766583527.json', '/tmp/minio_downloads/1766583541.json', '/tmp/minio_downloads/1766583553.json', '/tmp/minio_downloads/1766583567.json']
[2025-12-24T13:39:34.687+0000] {taskinstance.py:441} INFO - ::group::Post task execution logs
[2025-12-24T13:39:34.788+0000] {taskinstance.py:1206} INFO - Marking task as SUCCESS. dag_id=minio_to_snowflake, task_id=download_minio, run_id=scheduled__2025-12-24T13:30:00+00:00, execution_date=20251224T133000, start_date=20251224T133929, end_date=20251224T133934
[2025-12-24T13:39:34.885+0000] {local_task_job_runner.py:243} INFO - Task exited with return code 0
[2025-12-24T13:39:34.934+0000] {taskinstance.py:3503} INFO - 1 downstream tasks scheduled from follow-on schedule check
[2025-12-24T13:39:34.941+0000] {local_task_job_runner.py:222} INFO - ::endgroup::
