[2025-12-26T06:10:22.031+0000] {local_task_job_runner.py:120} INFO - ::group::Pre task execution logs
[2025-12-26T06:10:22.257+0000] {taskinstance.py:2076} INFO - Dependencies all met for dep_context=non-requeueable deps ti=<TaskInstance: minio_to_snowflake.download_minio scheduled__2025-12-26T06:07:00+00:00 [queued]>
[2025-12-26T06:10:22.286+0000] {taskinstance.py:2076} INFO - Dependencies all met for dep_context=requeueable deps ti=<TaskInstance: minio_to_snowflake.download_minio scheduled__2025-12-26T06:07:00+00:00 [queued]>
[2025-12-26T06:10:22.291+0000] {taskinstance.py:2306} INFO - Starting attempt 1 of 2
[2025-12-26T06:10:22.361+0000] {taskinstance.py:2330} INFO - Executing <Task(PythonOperator): download_minio> on 2025-12-26 06:07:00+00:00
[2025-12-26T06:10:22.591+0000] {logging_mixin.py:188} WARNING - /home/***/.local/lib/python3.12/site-packages/***/task/task_runner/standard_task_runner.py:62 DeprecationWarning: This process (pid=1210) is multi-threaded, use of fork() may lead to deadlocks in the child.
[2025-12-26T06:10:22.463+0000] {standard_task_runner.py:90} INFO - Running: ['***', 'tasks', 'run', 'minio_to_snowflake', 'download_minio', 'scheduled__2025-12-26T06:07:00+00:00', '--job-id', '5', '--raw', '--subdir', 'DAGS_FOLDER/minio_to_snowflake.py', '--cfg-path', '/tmp/tmp1hr3pzqu']
[2025-12-26T06:10:22.621+0000] {standard_task_runner.py:91} INFO - Job 5: Subtask download_minio
[2025-12-26T06:10:22.621+0000] {standard_task_runner.py:64} INFO - Started process 1225 to run task
[2025-12-26T06:10:23.505+0000] {task_command.py:426} INFO - Running <TaskInstance: minio_to_snowflake.download_minio scheduled__2025-12-26T06:07:00+00:00 [running]> on host 3fb2a1a27553
[2025-12-26T06:10:24.303+0000] {taskinstance.py:2648} INFO - Exporting env vars: AIRFLOW_CTX_DAG_OWNER='***' AIRFLOW_CTX_DAG_ID='minio_to_snowflake' AIRFLOW_CTX_TASK_ID='download_minio' AIRFLOW_CTX_EXECUTION_DATE='2025-12-26T06:07:00+00:00' AIRFLOW_CTX_TRY_NUMBER='1' AIRFLOW_CTX_DAG_RUN_ID='scheduled__2025-12-26T06:07:00+00:00'
[2025-12-26T06:10:24.309+0000] {taskinstance.py:430} INFO - ::endgroup::
[2025-12-26T06:10:28.559+0000] {logging_mixin.py:188} INFO - Downloaded AAPL/1766728889.json -> /tmp/minio_downloads/1766728889.json
[2025-12-26T06:10:28.584+0000] {logging_mixin.py:188} INFO - Downloaded AAPL/1766728900.json -> /tmp/minio_downloads/1766728900.json
[2025-12-26T06:10:28.615+0000] {logging_mixin.py:188} INFO - Downloaded AAPL/1766728911.json -> /tmp/minio_downloads/1766728911.json
[2025-12-26T06:10:28.636+0000] {logging_mixin.py:188} INFO - Downloaded AAPL/1766728923.json -> /tmp/minio_downloads/1766728923.json
[2025-12-26T06:10:28.658+0000] {logging_mixin.py:188} INFO - Downloaded AAPL/1766728935.json -> /tmp/minio_downloads/1766728935.json
[2025-12-26T06:10:28.685+0000] {logging_mixin.py:188} INFO - Downloaded AAPL/1766728947.json -> /tmp/minio_downloads/1766728947.json
[2025-12-26T06:10:28.717+0000] {logging_mixin.py:188} INFO - Downloaded AAPL/1766728960.json -> /tmp/minio_downloads/1766728960.json
[2025-12-26T06:10:28.748+0000] {logging_mixin.py:188} INFO - Downloaded AAPL/1766728972.json -> /tmp/minio_downloads/1766728972.json
[2025-12-26T06:10:28.807+0000] {logging_mixin.py:188} INFO - Downloaded AAPL/1766728984.json -> /tmp/minio_downloads/1766728984.json
[2025-12-26T06:10:28.827+0000] {logging_mixin.py:188} INFO - Downloaded AAPL/1766728995.json -> /tmp/minio_downloads/1766728995.json
[2025-12-26T06:10:28.855+0000] {logging_mixin.py:188} INFO - Downloaded AAPL/1766729007.json -> /tmp/minio_downloads/1766729007.json
[2025-12-26T06:10:28.878+0000] {logging_mixin.py:188} INFO - Downloaded AAPL/1766729020.json -> /tmp/minio_downloads/1766729020.json
[2025-12-26T06:10:28.905+0000] {logging_mixin.py:188} INFO - Downloaded AAPL/1766729032.json -> /tmp/minio_downloads/1766729032.json
[2025-12-26T06:10:28.931+0000] {logging_mixin.py:188} INFO - Downloaded AAPL/1766729044.json -> /tmp/minio_downloads/1766729044.json
[2025-12-26T06:10:28.954+0000] {logging_mixin.py:188} INFO - Downloaded AAPL/1766729057.json -> /tmp/minio_downloads/1766729057.json
[2025-12-26T06:10:28.982+0000] {logging_mixin.py:188} INFO - Downloaded AAPL/1766729070.json -> /tmp/minio_downloads/1766729070.json
[2025-12-26T06:10:29.004+0000] {logging_mixin.py:188} INFO - Downloaded AAPL/1766729083.json -> /tmp/minio_downloads/1766729083.json
[2025-12-26T06:10:29.023+0000] {logging_mixin.py:188} INFO - Downloaded AAPL/1766729095.json -> /tmp/minio_downloads/1766729095.json
[2025-12-26T06:10:29.043+0000] {logging_mixin.py:188} INFO - Downloaded AAPL/1766729109.json -> /tmp/minio_downloads/1766729109.json
[2025-12-26T06:10:29.064+0000] {logging_mixin.py:188} INFO - Downloaded AAPL/1766729122.json -> /tmp/minio_downloads/1766729122.json
[2025-12-26T06:10:29.083+0000] {logging_mixin.py:188} INFO - Downloaded AAPL/1766729135.json -> /tmp/minio_downloads/1766729135.json
[2025-12-26T06:10:29.102+0000] {logging_mixin.py:188} INFO - Downloaded AAPL/1766729147.json -> /tmp/minio_downloads/1766729147.json
[2025-12-26T06:10:29.122+0000] {logging_mixin.py:188} INFO - Downloaded AAPL/1766729160.json -> /tmp/minio_downloads/1766729160.json
[2025-12-26T06:10:29.141+0000] {logging_mixin.py:188} INFO - Downloaded AAPL/1766729172.json -> /tmp/minio_downloads/1766729172.json
[2025-12-26T06:10:29.159+0000] {logging_mixin.py:188} INFO - Downloaded AAPL/1766729185.json -> /tmp/minio_downloads/1766729185.json
[2025-12-26T06:10:29.176+0000] {logging_mixin.py:188} INFO - Downloaded AAPL/1766729199.json -> /tmp/minio_downloads/1766729199.json
[2025-12-26T06:10:29.194+0000] {logging_mixin.py:188} INFO - Downloaded AAPL/1766729212.json -> /tmp/minio_downloads/1766729212.json
[2025-12-26T06:10:29.212+0000] {logging_mixin.py:188} INFO - Downloaded AAPL/1766729225.json -> /tmp/minio_downloads/1766729225.json
[2025-12-26T06:10:29.232+0000] {logging_mixin.py:188} INFO - Downloaded AAPL/1766729238.json -> /tmp/minio_downloads/1766729238.json
[2025-12-26T06:10:29.248+0000] {logging_mixin.py:188} INFO - Downloaded AAPL/1766729250.json -> /tmp/minio_downloads/1766729250.json
[2025-12-26T06:10:29.265+0000] {logging_mixin.py:188} INFO - Downloaded AAPL/1766729263.json -> /tmp/minio_downloads/1766729263.json
[2025-12-26T06:10:29.286+0000] {logging_mixin.py:188} INFO - Downloaded AAPL/1766729277.json -> /tmp/minio_downloads/1766729277.json
[2025-12-26T06:10:29.308+0000] {logging_mixin.py:188} INFO - Downloaded AAPL/1766729289.json -> /tmp/minio_downloads/1766729289.json
[2025-12-26T06:10:29.327+0000] {logging_mixin.py:188} INFO - Downloaded AAPL/1766729301.json -> /tmp/minio_downloads/1766729301.json
[2025-12-26T06:10:29.347+0000] {logging_mixin.py:188} INFO - Downloaded AAPL/1766729313.json -> /tmp/minio_downloads/1766729313.json
[2025-12-26T06:10:29.365+0000] {logging_mixin.py:188} INFO - Downloaded AAPL/1766729326.json -> /tmp/minio_downloads/1766729326.json
[2025-12-26T06:10:29.381+0000] {logging_mixin.py:188} INFO - Downloaded AAPL/1766729338.json -> /tmp/minio_downloads/1766729338.json
[2025-12-26T06:10:29.400+0000] {logging_mixin.py:188} INFO - Downloaded AAPL/1766729351.json -> /tmp/minio_downloads/1766729351.json
[2025-12-26T06:10:29.425+0000] {logging_mixin.py:188} INFO - Downloaded AAPL/1766729363.json -> /tmp/minio_downloads/1766729363.json
[2025-12-26T06:10:29.446+0000] {logging_mixin.py:188} INFO - Downloaded AAPL/1766729376.json -> /tmp/minio_downloads/1766729376.json
[2025-12-26T06:10:29.473+0000] {logging_mixin.py:188} INFO - Downloaded AAPL/1766729388.json -> /tmp/minio_downloads/1766729388.json
[2025-12-26T06:10:29.494+0000] {logging_mixin.py:188} INFO - Downloaded AAPL/1766729401.json -> /tmp/minio_downloads/1766729401.json
[2025-12-26T06:10:29.515+0000] {logging_mixin.py:188} INFO - Downloaded AAPL/1766729413.json -> /tmp/minio_downloads/1766729413.json
[2025-12-26T06:10:29.539+0000] {logging_mixin.py:188} INFO - Downloaded AAPL/1766729425.json -> /tmp/minio_downloads/1766729425.json
[2025-12-26T06:10:29.561+0000] {logging_mixin.py:188} INFO - Downloaded AMZN/1766728893.json -> /tmp/minio_downloads/1766728893.json
[2025-12-26T06:10:29.591+0000] {logging_mixin.py:188} INFO - Downloaded AMZN/1766728904.json -> /tmp/minio_downloads/1766728904.json
[2025-12-26T06:10:29.619+0000] {logging_mixin.py:188} INFO - Downloaded AMZN/1766728916.json -> /tmp/minio_downloads/1766728916.json
[2025-12-26T06:10:29.645+0000] {logging_mixin.py:188} INFO - Downloaded AMZN/1766728928.json -> /tmp/minio_downloads/1766728928.json
[2025-12-26T06:10:29.672+0000] {logging_mixin.py:188} INFO - Downloaded AMZN/1766728940.json -> /tmp/minio_downloads/1766728940.json
[2025-12-26T06:10:29.689+0000] {logging_mixin.py:188} INFO - Downloaded AMZN/1766728953.json -> /tmp/minio_downloads/1766728953.json
[2025-12-26T06:10:29.717+0000] {logging_mixin.py:188} INFO - Downloaded AMZN/1766728965.json -> /tmp/minio_downloads/1766728965.json
[2025-12-26T06:10:29.741+0000] {logging_mixin.py:188} INFO - Downloaded AMZN/1766728976.json -> /tmp/minio_downloads/1766728976.json
[2025-12-26T06:10:29.763+0000] {logging_mixin.py:188} INFO - Downloaded AMZN/1766728988.json -> /tmp/minio_downloads/1766728988.json
[2025-12-26T06:10:29.786+0000] {logging_mixin.py:188} INFO - Downloaded AMZN/1766729000.json -> /tmp/minio_downloads/1766729000.json
[2025-12-26T06:10:29.819+0000] {logging_mixin.py:188} INFO - Downloaded AMZN/1766729013.json -> /tmp/minio_downloads/1766729013.json
[2025-12-26T06:10:29.839+0000] {logging_mixin.py:188} INFO - Downloaded AMZN/1766729025.json -> /tmp/minio_downloads/1766729025.json
[2025-12-26T06:10:29.861+0000] {logging_mixin.py:188} INFO - Downloaded AMZN/1766729037.json -> /tmp/minio_downloads/1766729037.json
[2025-12-26T06:10:29.882+0000] {logging_mixin.py:188} INFO - Downloaded AMZN/1766729050.json -> /tmp/minio_downloads/1766729050.json
[2025-12-26T06:10:29.903+0000] {logging_mixin.py:188} INFO - Downloaded AMZN/1766729063.json -> /tmp/minio_downloads/1766729063.json
[2025-12-26T06:10:29.921+0000] {logging_mixin.py:188} INFO - Downloaded AMZN/1766729075.json -> /tmp/minio_downloads/1766729075.json
[2025-12-26T06:10:29.955+0000] {logging_mixin.py:188} INFO - Downloaded AMZN/1766729088.json -> /tmp/minio_downloads/1766729088.json
[2025-12-26T06:10:29.979+0000] {logging_mixin.py:188} INFO - Downloaded AMZN/1766729101.json -> /tmp/minio_downloads/1766729101.json
[2025-12-26T06:10:29.997+0000] {logging_mixin.py:188} INFO - Downloaded AMZN/1766729115.json -> /tmp/minio_downloads/1766729115.json
[2025-12-26T06:10:30.023+0000] {logging_mixin.py:188} INFO - Downloaded AMZN/1766729128.json -> /tmp/minio_downloads/1766729128.json
[2025-12-26T06:10:30.048+0000] {logging_mixin.py:188} INFO - Downloaded AMZN/1766729140.json -> /tmp/minio_downloads/1766729140.json
[2025-12-26T06:10:30.080+0000] {logging_mixin.py:188} INFO - Downloaded AMZN/1766729152.json -> /tmp/minio_downloads/1766729152.json
[2025-12-26T06:10:30.102+0000] {logging_mixin.py:188} INFO - Downloaded AMZN/1766729165.json -> /tmp/minio_downloads/1766729165.json
[2025-12-26T06:10:30.121+0000] {logging_mixin.py:188} INFO - Downloaded AMZN/1766729177.json -> /tmp/minio_downloads/1766729177.json
[2025-12-26T06:10:30.139+0000] {logging_mixin.py:188} INFO - Downloaded AMZN/1766729191.json -> /tmp/minio_downloads/1766729191.json
[2025-12-26T06:10:30.160+0000] {logging_mixin.py:188} INFO - Downloaded AMZN/1766729204.json -> /tmp/minio_downloads/1766729204.json
[2025-12-26T06:10:30.187+0000] {logging_mixin.py:188} INFO - Downloaded AMZN/1766729217.json -> /tmp/minio_downloads/1766729217.json
[2025-12-26T06:10:30.210+0000] {logging_mixin.py:188} INFO - Downloaded AMZN/1766729231.json -> /tmp/minio_downloads/1766729231.json
[2025-12-26T06:10:30.239+0000] {logging_mixin.py:188} INFO - Downloaded AMZN/1766729243.json -> /tmp/minio_downloads/1766729243.json
[2025-12-26T06:10:30.257+0000] {logging_mixin.py:188} INFO - Downloaded AMZN/1766729256.json -> /tmp/minio_downloads/1766729256.json
[2025-12-26T06:10:30.287+0000] {logging_mixin.py:188} INFO - Downloaded AMZN/1766729270.json -> /tmp/minio_downloads/1766729270.json
[2025-12-26T06:10:30.313+0000] {logging_mixin.py:188} INFO - Downloaded AMZN/1766729282.json -> /tmp/minio_downloads/1766729282.json
[2025-12-26T06:10:30.335+0000] {logging_mixin.py:188} INFO - Downloaded AMZN/1766729294.json -> /tmp/minio_downloads/1766729294.json
[2025-12-26T06:10:30.357+0000] {logging_mixin.py:188} INFO - Downloaded AMZN/1766729306.json -> /tmp/minio_downloads/1766729306.json
[2025-12-26T06:10:30.374+0000] {logging_mixin.py:188} INFO - Downloaded AMZN/1766729318.json -> /tmp/minio_downloads/1766729318.json
[2025-12-26T06:10:30.399+0000] {logging_mixin.py:188} INFO - Downloaded AMZN/1766729331.json -> /tmp/minio_downloads/1766729331.json
[2025-12-26T06:10:30.417+0000] {logging_mixin.py:188} INFO - Downloaded AMZN/1766729344.json -> /tmp/minio_downloads/1766729344.json
[2025-12-26T06:10:30.442+0000] {logging_mixin.py:188} INFO - Downloaded AMZN/1766729356.json -> /tmp/minio_downloads/1766729356.json
[2025-12-26T06:10:30.464+0000] {logging_mixin.py:188} INFO - Downloaded AMZN/1766729368.json -> /tmp/minio_downloads/1766729368.json
[2025-12-26T06:10:30.480+0000] {logging_mixin.py:188} INFO - Downloaded AMZN/1766729381.json -> /tmp/minio_downloads/1766729381.json
[2025-12-26T06:10:30.503+0000] {logging_mixin.py:188} INFO - Downloaded AMZN/1766729394.json -> /tmp/minio_downloads/1766729394.json
[2025-12-26T06:10:30.522+0000] {logging_mixin.py:188} INFO - Downloaded AMZN/1766729406.json -> /tmp/minio_downloads/1766729406.json
[2025-12-26T06:10:30.543+0000] {logging_mixin.py:188} INFO - Downloaded AMZN/1766729418.json -> /tmp/minio_downloads/1766729418.json
[2025-12-26T06:10:30.562+0000] {logging_mixin.py:188} INFO - Downloaded GOOGL/1766728892.json -> /tmp/minio_downloads/1766728892.json
[2025-12-26T06:10:30.591+0000] {logging_mixin.py:188} INFO - Downloaded GOOGL/1766728903.json -> /tmp/minio_downloads/1766728903.json
[2025-12-26T06:10:30.613+0000] {logging_mixin.py:188} INFO - Downloaded GOOGL/1766728915.json -> /tmp/minio_downloads/1766728915.json
[2025-12-26T06:10:30.628+0000] {logging_mixin.py:188} INFO - Downloaded GOOGL/1766728927.json -> /tmp/minio_downloads/1766728927.json
[2025-12-26T06:10:30.645+0000] {logging_mixin.py:188} INFO - Downloaded GOOGL/1766728939.json -> /tmp/minio_downloads/1766728939.json
[2025-12-26T06:10:30.812+0000] {logging_mixin.py:188} INFO - Downloaded GOOGL/1766728951.json -> /tmp/minio_downloads/1766728951.json
[2025-12-26T06:10:30.856+0000] {logging_mixin.py:188} INFO - Downloaded GOOGL/1766728963.json -> /tmp/minio_downloads/1766728963.json
[2025-12-26T06:10:30.880+0000] {logging_mixin.py:188} INFO - Downloaded GOOGL/1766728975.json -> /tmp/minio_downloads/1766728975.json
[2025-12-26T06:10:30.899+0000] {logging_mixin.py:188} INFO - Downloaded GOOGL/1766728987.json -> /tmp/minio_downloads/1766728987.json
[2025-12-26T06:10:30.919+0000] {logging_mixin.py:188} INFO - Downloaded GOOGL/1766728999.json -> /tmp/minio_downloads/1766728999.json
[2025-12-26T06:10:30.943+0000] {logging_mixin.py:188} INFO - Downloaded GOOGL/1766729011.json -> /tmp/minio_downloads/1766729011.json
[2025-12-26T06:10:30.961+0000] {logging_mixin.py:188} INFO - Downloaded GOOGL/1766729023.json -> /tmp/minio_downloads/1766729023.json
[2025-12-26T06:10:30.992+0000] {logging_mixin.py:188} INFO - Downloaded GOOGL/1766729036.json -> /tmp/minio_downloads/1766729036.json
[2025-12-26T06:10:31.013+0000] {logging_mixin.py:188} INFO - Downloaded GOOGL/1766729048.json -> /tmp/minio_downloads/1766729048.json
[2025-12-26T06:10:31.039+0000] {logging_mixin.py:188} INFO - Downloaded GOOGL/1766729061.json -> /tmp/minio_downloads/1766729061.json
[2025-12-26T06:10:31.062+0000] {logging_mixin.py:188} INFO - Downloaded GOOGL/1766729074.json -> /tmp/minio_downloads/1766729074.json
[2025-12-26T06:10:31.083+0000] {logging_mixin.py:188} INFO - Downloaded GOOGL/1766729087.json -> /tmp/minio_downloads/1766729087.json
[2025-12-26T06:10:31.107+0000] {logging_mixin.py:188} INFO - Downloaded GOOGL/1766729100.json -> /tmp/minio_downloads/1766729100.json
[2025-12-26T06:10:31.130+0000] {logging_mixin.py:188} INFO - Downloaded GOOGL/1766729113.json -> /tmp/minio_downloads/1766729113.json
[2025-12-26T06:10:31.175+0000] {logging_mixin.py:188} INFO - Downloaded GOOGL/1766729126.json -> /tmp/minio_downloads/1766729126.json
[2025-12-26T06:10:31.194+0000] {logging_mixin.py:188} INFO - Downloaded GOOGL/1766729138.json -> /tmp/minio_downloads/1766729138.json
[2025-12-26T06:10:31.222+0000] {logging_mixin.py:188} INFO - Downloaded GOOGL/1766729151.json -> /tmp/minio_downloads/1766729151.json
[2025-12-26T06:10:31.238+0000] {logging_mixin.py:188} INFO - Downloaded GOOGL/1766729164.json -> /tmp/minio_downloads/1766729164.json
[2025-12-26T06:10:31.262+0000] {logging_mixin.py:188} INFO - Downloaded GOOGL/1766729176.json -> /tmp/minio_downloads/1766729176.json
[2025-12-26T06:10:31.287+0000] {logging_mixin.py:188} INFO - Downloaded GOOGL/1766729189.json -> /tmp/minio_downloads/1766729189.json
[2025-12-26T06:10:31.305+0000] {logging_mixin.py:188} INFO - Downloaded GOOGL/1766729202.json -> /tmp/minio_downloads/1766729202.json
[2025-12-26T06:10:31.319+0000] {logging_mixin.py:188} INFO - Downloaded GOOGL/1766729216.json -> /tmp/minio_downloads/1766729216.json
[2025-12-26T06:10:31.333+0000] {logging_mixin.py:188} INFO - Downloaded GOOGL/1766729229.json -> /tmp/minio_downloads/1766729229.json
[2025-12-26T06:10:31.350+0000] {logging_mixin.py:188} INFO - Downloaded GOOGL/1766729242.json -> /tmp/minio_downloads/1766729242.json
[2025-12-26T06:10:31.371+0000] {logging_mixin.py:188} INFO - Downloaded GOOGL/1766729254.json -> /tmp/minio_downloads/1766729254.json
[2025-12-26T06:10:31.397+0000] {logging_mixin.py:188} INFO - Downloaded GOOGL/1766729268.json -> /tmp/minio_downloads/1766729268.json
[2025-12-26T06:10:31.419+0000] {logging_mixin.py:188} INFO - Downloaded GOOGL/1766729280.json -> /tmp/minio_downloads/1766729280.json
[2025-12-26T06:10:31.442+0000] {logging_mixin.py:188} INFO - Downloaded GOOGL/1766729292.json -> /tmp/minio_downloads/1766729292.json
[2025-12-26T06:10:31.467+0000] {logging_mixin.py:188} INFO - Downloaded GOOGL/1766729305.json -> /tmp/minio_downloads/1766729305.json
[2025-12-26T06:10:31.549+0000] {logging_mixin.py:188} INFO - Downloaded GOOGL/1766729317.json -> /tmp/minio_downloads/1766729317.json
[2025-12-26T06:10:31.573+0000] {logging_mixin.py:188} INFO - Downloaded GOOGL/1766729329.json -> /tmp/minio_downloads/1766729329.json
[2025-12-26T06:10:31.601+0000] {logging_mixin.py:188} INFO - Downloaded GOOGL/1766729343.json -> /tmp/minio_downloads/1766729343.json
[2025-12-26T06:10:31.622+0000] {logging_mixin.py:188} INFO - Downloaded GOOGL/1766729354.json -> /tmp/minio_downloads/1766729354.json
[2025-12-26T06:10:31.673+0000] {logging_mixin.py:188} INFO - Downloaded GOOGL/1766729367.json -> /tmp/minio_downloads/1766729367.json
[2025-12-26T06:10:31.688+0000] {logging_mixin.py:188} INFO - Downloaded GOOGL/1766729379.json -> /tmp/minio_downloads/1766729379.json
[2025-12-26T06:10:31.702+0000] {logging_mixin.py:188} INFO - Downloaded GOOGL/1766729393.json -> /tmp/minio_downloads/1766729393.json
[2025-12-26T06:10:31.729+0000] {logging_mixin.py:188} INFO - Downloaded GOOGL/1766729405.json -> /tmp/minio_downloads/1766729405.json
[2025-12-26T06:10:31.743+0000] {logging_mixin.py:188} INFO - Downloaded GOOGL/1766729417.json -> /tmp/minio_downloads/1766729417.json
[2025-12-26T06:10:31.760+0000] {logging_mixin.py:188} INFO - Downloaded MSFT/1766728890.json -> /tmp/minio_downloads/1766728890.json
[2025-12-26T06:10:31.779+0000] {logging_mixin.py:188} INFO - Downloaded MSFT/1766728901.json -> /tmp/minio_downloads/1766728901.json
[2025-12-26T06:10:31.799+0000] {logging_mixin.py:188} INFO - Downloaded MSFT/1766728912.json -> /tmp/minio_downloads/1766728912.json
[2025-12-26T06:10:31.815+0000] {logging_mixin.py:188} INFO - Downloaded MSFT/1766728925.json -> /tmp/minio_downloads/1766728925.json
[2025-12-26T06:10:31.834+0000] {logging_mixin.py:188} INFO - Downloaded MSFT/1766728936.json -> /tmp/minio_downloads/1766728936.json
[2025-12-26T06:10:31.863+0000] {logging_mixin.py:188} INFO - Downloaded MSFT/1766728948.json -> /tmp/minio_downloads/1766728948.json
[2025-12-26T06:10:31.881+0000] {logging_mixin.py:188} INFO - Downloaded MSFT/1766728961.json -> /tmp/minio_downloads/1766728961.json
[2025-12-26T06:10:31.897+0000] {logging_mixin.py:188} INFO - Downloaded MSFT/1766728973.json -> /tmp/minio_downloads/1766728973.json
[2025-12-26T06:10:31.917+0000] {logging_mixin.py:188} INFO - Downloaded MSFT/1766728985.json -> /tmp/minio_downloads/1766728985.json
[2025-12-26T06:10:31.938+0000] {logging_mixin.py:188} INFO - Downloaded MSFT/1766728996.json -> /tmp/minio_downloads/1766728996.json
[2025-12-26T06:10:31.959+0000] {logging_mixin.py:188} INFO - Downloaded MSFT/1766729008.json -> /tmp/minio_downloads/1766729008.json
[2025-12-26T06:10:31.977+0000] {logging_mixin.py:188} INFO - Downloaded MSFT/1766729021.json -> /tmp/minio_downloads/1766729021.json
[2025-12-26T06:10:31.994+0000] {logging_mixin.py:188} INFO - Downloaded MSFT/1766729033.json -> /tmp/minio_downloads/1766729033.json
[2025-12-26T06:10:32.012+0000] {logging_mixin.py:188} INFO - Downloaded MSFT/1766729045.json -> /tmp/minio_downloads/1766729045.json
[2025-12-26T06:10:32.030+0000] {logging_mixin.py:188} INFO - Downloaded MSFT/1766729059.json -> /tmp/minio_downloads/1766729059.json
[2025-12-26T06:10:32.052+0000] {logging_mixin.py:188} INFO - Downloaded MSFT/1766729072.json -> /tmp/minio_downloads/1766729072.json
[2025-12-26T06:10:32.069+0000] {logging_mixin.py:188} INFO - Downloaded MSFT/1766729084.json -> /tmp/minio_downloads/1766729084.json
[2025-12-26T06:10:32.092+0000] {logging_mixin.py:188} INFO - Downloaded MSFT/1766729097.json -> /tmp/minio_downloads/1766729097.json
[2025-12-26T06:10:32.108+0000] {logging_mixin.py:188} INFO - Downloaded MSFT/1766729111.json -> /tmp/minio_downloads/1766729111.json
[2025-12-26T06:10:32.123+0000] {logging_mixin.py:188} INFO - Downloaded MSFT/1766729124.json -> /tmp/minio_downloads/1766729124.json
[2025-12-26T06:10:32.139+0000] {logging_mixin.py:188} INFO - Downloaded MSFT/1766729136.json -> /tmp/minio_downloads/1766729136.json
[2025-12-26T06:10:32.154+0000] {logging_mixin.py:188} INFO - Downloaded MSFT/1766729149.json -> /tmp/minio_downloads/1766729149.json
[2025-12-26T06:10:32.169+0000] {logging_mixin.py:188} INFO - Downloaded MSFT/1766729161.json -> /tmp/minio_downloads/1766729161.json
[2025-12-26T06:10:32.185+0000] {logging_mixin.py:188} INFO - Downloaded MSFT/1766729173.json -> /tmp/minio_downloads/1766729173.json
[2025-12-26T06:10:32.203+0000] {logging_mixin.py:188} INFO - Downloaded MSFT/1766729186.json -> /tmp/minio_downloads/1766729186.json
[2025-12-26T06:10:32.219+0000] {logging_mixin.py:188} INFO - Downloaded MSFT/1766729200.json -> /tmp/minio_downloads/1766729200.json
[2025-12-26T06:10:32.243+0000] {logging_mixin.py:188} INFO - Downloaded MSFT/1766729213.json -> /tmp/minio_downloads/1766729213.json
[2025-12-26T06:10:32.263+0000] {logging_mixin.py:188} INFO - Downloaded MSFT/1766729227.json -> /tmp/minio_downloads/1766729227.json
[2025-12-26T06:10:32.281+0000] {logging_mixin.py:188} INFO - Downloaded MSFT/1766729240.json -> /tmp/minio_downloads/1766729240.json
[2025-12-26T06:10:32.298+0000] {logging_mixin.py:188} INFO - Downloaded MSFT/1766729252.json -> /tmp/minio_downloads/1766729252.json
[2025-12-26T06:10:32.316+0000] {logging_mixin.py:188} INFO - Downloaded MSFT/1766729265.json -> /tmp/minio_downloads/1766729265.json
[2025-12-26T06:10:32.336+0000] {logging_mixin.py:188} INFO - Downloaded MSFT/1766729278.json -> /tmp/minio_downloads/1766729278.json
[2025-12-26T06:10:32.360+0000] {logging_mixin.py:188} INFO - Downloaded MSFT/1766729290.json -> /tmp/minio_downloads/1766729290.json
[2025-12-26T06:10:32.384+0000] {logging_mixin.py:188} INFO - Downloaded MSFT/1766729302.json -> /tmp/minio_downloads/1766729302.json
[2025-12-26T06:10:32.407+0000] {logging_mixin.py:188} INFO - Downloaded MSFT/1766729315.json -> /tmp/minio_downloads/1766729315.json
[2025-12-26T06:10:32.430+0000] {logging_mixin.py:188} INFO - Downloaded MSFT/1766729327.json -> /tmp/minio_downloads/1766729327.json
[2025-12-26T06:10:32.450+0000] {logging_mixin.py:188} INFO - Downloaded MSFT/1766729340.json -> /tmp/minio_downloads/1766729340.json
[2025-12-26T06:10:32.467+0000] {logging_mixin.py:188} INFO - Downloaded MSFT/1766729352.json -> /tmp/minio_downloads/1766729352.json
[2025-12-26T06:10:32.490+0000] {logging_mixin.py:188} INFO - Downloaded MSFT/1766729364.json -> /tmp/minio_downloads/1766729364.json
[2025-12-26T06:10:32.508+0000] {logging_mixin.py:188} INFO - Downloaded MSFT/1766729377.json -> /tmp/minio_downloads/1766729377.json
[2025-12-26T06:10:32.530+0000] {logging_mixin.py:188} INFO - Downloaded MSFT/1766729390.json -> /tmp/minio_downloads/1766729390.json
[2025-12-26T06:10:32.552+0000] {logging_mixin.py:188} INFO - Downloaded MSFT/1766729402.json -> /tmp/minio_downloads/1766729402.json
[2025-12-26T06:10:32.570+0000] {logging_mixin.py:188} INFO - Downloaded MSFT/1766729415.json -> /tmp/minio_downloads/1766729415.json
[2025-12-26T06:10:32.588+0000] {logging_mixin.py:188} INFO - Downloaded MSFT/1766729427.json -> /tmp/minio_downloads/1766729427.json
[2025-12-26T06:10:32.607+0000] {logging_mixin.py:188} INFO - Downloaded TSLA/1766728891.json -> /tmp/minio_downloads/1766728891.json
[2025-12-26T06:10:32.625+0000] {logging_mixin.py:188} INFO - Downloaded TSLA/1766728902.json -> /tmp/minio_downloads/1766728902.json
[2025-12-26T06:10:32.644+0000] {logging_mixin.py:188} INFO - Downloaded TSLA/1766728913.json -> /tmp/minio_downloads/1766728913.json
[2025-12-26T06:10:32.659+0000] {logging_mixin.py:188} INFO - Downloaded TSLA/1766728926.json -> /tmp/minio_downloads/1766728926.json
[2025-12-26T06:10:32.673+0000] {logging_mixin.py:188} INFO - Downloaded TSLA/1766728937.json -> /tmp/minio_downloads/1766728937.json
[2025-12-26T06:10:32.688+0000] {logging_mixin.py:188} INFO - Downloaded TSLA/1766728949.json -> /tmp/minio_downloads/1766728949.json
[2025-12-26T06:10:32.702+0000] {logging_mixin.py:188} INFO - Downloaded TSLA/1766728962.json -> /tmp/minio_downloads/1766728962.json
[2025-12-26T06:10:32.719+0000] {logging_mixin.py:188} INFO - Downloaded TSLA/1766728974.json -> /tmp/minio_downloads/1766728974.json
[2025-12-26T06:10:32.737+0000] {logging_mixin.py:188} INFO - Downloaded TSLA/1766728986.json -> /tmp/minio_downloads/1766728986.json
[2025-12-26T06:10:32.753+0000] {logging_mixin.py:188} INFO - Downloaded TSLA/1766728998.json -> /tmp/minio_downloads/1766728998.json
[2025-12-26T06:10:32.772+0000] {logging_mixin.py:188} INFO - Downloaded TSLA/1766729010.json -> /tmp/minio_downloads/1766729010.json
[2025-12-26T06:10:32.791+0000] {logging_mixin.py:188} INFO - Downloaded TSLA/1766729022.json -> /tmp/minio_downloads/1766729022.json
[2025-12-26T06:10:32.815+0000] {logging_mixin.py:188} INFO - Downloaded TSLA/1766729035.json -> /tmp/minio_downloads/1766729035.json
[2025-12-26T06:10:32.833+0000] {logging_mixin.py:188} INFO - Downloaded TSLA/1766729047.json -> /tmp/minio_downloads/1766729047.json
[2025-12-26T06:10:32.853+0000] {logging_mixin.py:188} INFO - Downloaded TSLA/1766729060.json -> /tmp/minio_downloads/1766729060.json
[2025-12-26T06:10:32.900+0000] {logging_mixin.py:188} INFO - Downloaded TSLA/1766729073.json -> /tmp/minio_downloads/1766729073.json
[2025-12-26T06:10:32.922+0000] {logging_mixin.py:188} INFO - Downloaded TSLA/1766729085.json -> /tmp/minio_downloads/1766729085.json
[2025-12-26T06:10:32.950+0000] {logging_mixin.py:188} INFO - Downloaded TSLA/1766729098.json -> /tmp/minio_downloads/1766729098.json
[2025-12-26T06:10:32.973+0000] {logging_mixin.py:188} INFO - Downloaded TSLA/1766729112.json -> /tmp/minio_downloads/1766729112.json
[2025-12-26T06:10:32.992+0000] {logging_mixin.py:188} INFO - Downloaded TSLA/1766729125.json -> /tmp/minio_downloads/1766729125.json
[2025-12-26T06:10:33.014+0000] {logging_mixin.py:188} INFO - Downloaded TSLA/1766729137.json -> /tmp/minio_downloads/1766729137.json
[2025-12-26T06:10:33.036+0000] {logging_mixin.py:188} INFO - Downloaded TSLA/1766729150.json -> /tmp/minio_downloads/1766729150.json
[2025-12-26T06:10:33.055+0000] {logging_mixin.py:188} INFO - Downloaded TSLA/1766729162.json -> /tmp/minio_downloads/1766729162.json
[2025-12-26T06:10:33.073+0000] {logging_mixin.py:188} INFO - Downloaded TSLA/1766729174.json -> /tmp/minio_downloads/1766729174.json
[2025-12-26T06:10:33.091+0000] {logging_mixin.py:188} INFO - Downloaded TSLA/1766729188.json -> /tmp/minio_downloads/1766729188.json
[2025-12-26T06:10:33.111+0000] {logging_mixin.py:188} INFO - Downloaded TSLA/1766729201.json -> /tmp/minio_downloads/1766729201.json
[2025-12-26T06:10:33.130+0000] {logging_mixin.py:188} INFO - Downloaded TSLA/1766729215.json -> /tmp/minio_downloads/1766729215.json
[2025-12-26T06:10:33.155+0000] {logging_mixin.py:188} INFO - Downloaded TSLA/1766729228.json -> /tmp/minio_downloads/1766729228.json
[2025-12-26T06:10:33.178+0000] {logging_mixin.py:188} INFO - Downloaded TSLA/1766729241.json -> /tmp/minio_downloads/1766729241.json
[2025-12-26T06:10:33.199+0000] {logging_mixin.py:188} INFO - Downloaded TSLA/1766729253.json -> /tmp/minio_downloads/1766729253.json
[2025-12-26T06:10:33.220+0000] {logging_mixin.py:188} INFO - Downloaded TSLA/1766729267.json -> /tmp/minio_downloads/1766729267.json
[2025-12-26T06:10:33.237+0000] {logging_mixin.py:188} INFO - Downloaded TSLA/1766729279.json -> /tmp/minio_downloads/1766729279.json
[2025-12-26T06:10:33.254+0000] {logging_mixin.py:188} INFO - Downloaded TSLA/1766729291.json -> /tmp/minio_downloads/1766729291.json
[2025-12-26T06:10:33.270+0000] {logging_mixin.py:188} INFO - Downloaded TSLA/1766729303.json -> /tmp/minio_downloads/1766729303.json
[2025-12-26T06:10:33.287+0000] {logging_mixin.py:188} INFO - Downloaded TSLA/1766729316.json -> /tmp/minio_downloads/1766729316.json
[2025-12-26T06:10:33.302+0000] {logging_mixin.py:188} INFO - Downloaded TSLA/1766729328.json -> /tmp/minio_downloads/1766729328.json
[2025-12-26T06:10:33.319+0000] {logging_mixin.py:188} INFO - Downloaded TSLA/1766729341.json -> /tmp/minio_downloads/1766729341.json
[2025-12-26T06:10:33.336+0000] {logging_mixin.py:188} INFO - Downloaded TSLA/1766729353.json -> /tmp/minio_downloads/1766729353.json
[2025-12-26T06:10:33.350+0000] {logging_mixin.py:188} INFO - Downloaded TSLA/1766729365.json -> /tmp/minio_downloads/1766729365.json
[2025-12-26T06:10:33.378+0000] {logging_mixin.py:188} INFO - Downloaded TSLA/1766729378.json -> /tmp/minio_downloads/1766729378.json
[2025-12-26T06:10:33.392+0000] {logging_mixin.py:188} INFO - Downloaded TSLA/1766729391.json -> /tmp/minio_downloads/1766729391.json
[2025-12-26T06:10:33.404+0000] {logging_mixin.py:188} INFO - Downloaded TSLA/1766729403.json -> /tmp/minio_downloads/1766729403.json
[2025-12-26T06:10:33.418+0000] {logging_mixin.py:188} INFO - Downloaded TSLA/1766729416.json -> /tmp/minio_downloads/1766729416.json
[2025-12-26T06:10:33.434+0000] {logging_mixin.py:188} INFO - Downloaded TSLA/1766729428.json -> /tmp/minio_downloads/1766729428.json
[2025-12-26T06:10:33.437+0000] {python.py:237} INFO - Done. Returned value was: ['/tmp/minio_downloads/1766728889.json', '/tmp/minio_downloads/1766728900.json', '/tmp/minio_downloads/1766728911.json', '/tmp/minio_downloads/1766728923.json', '/tmp/minio_downloads/1766728935.json', '/tmp/minio_downloads/1766728947.json', '/tmp/minio_downloads/1766728960.json', '/tmp/minio_downloads/1766728972.json', '/tmp/minio_downloads/1766728984.json', '/tmp/minio_downloads/1766728995.json', '/tmp/minio_downloads/1766729007.json', '/tmp/minio_downloads/1766729020.json', '/tmp/minio_downloads/1766729032.json', '/tmp/minio_downloads/1766729044.json', '/tmp/minio_downloads/1766729057.json', '/tmp/minio_downloads/1766729070.json', '/tmp/minio_downloads/1766729083.json', '/tmp/minio_downloads/1766729095.json', '/tmp/minio_downloads/1766729109.json', '/tmp/minio_downloads/1766729122.json', '/tmp/minio_downloads/1766729135.json', '/tmp/minio_downloads/1766729147.json', '/tmp/minio_downloads/1766729160.json', '/tmp/minio_downloads/1766729172.json', '/tmp/minio_downloads/1766729185.json', '/tmp/minio_downloads/1766729199.json', '/tmp/minio_downloads/1766729212.json', '/tmp/minio_downloads/1766729225.json', '/tmp/minio_downloads/1766729238.json', '/tmp/minio_downloads/1766729250.json', '/tmp/minio_downloads/1766729263.json', '/tmp/minio_downloads/1766729277.json', '/tmp/minio_downloads/1766729289.json', '/tmp/minio_downloads/1766729301.json', '/tmp/minio_downloads/1766729313.json', '/tmp/minio_downloads/1766729326.json', '/tmp/minio_downloads/1766729338.json', '/tmp/minio_downloads/1766729351.json', '/tmp/minio_downloads/1766729363.json', '/tmp/minio_downloads/1766729376.json', '/tmp/minio_downloads/1766729388.json', '/tmp/minio_downloads/1766729401.json', '/tmp/minio_downloads/1766729413.json', '/tmp/minio_downloads/1766729425.json', '/tmp/minio_downloads/1766728893.json', '/tmp/minio_downloads/1766728904.json', '/tmp/minio_downloads/1766728916.json', '/tmp/minio_downloads/1766728928.json', '/tmp/minio_downloads/1766728940.json', '/tmp/minio_downloads/1766728953.json', '/tmp/minio_downloads/1766728965.json', '/tmp/minio_downloads/1766728976.json', '/tmp/minio_downloads/1766728988.json', '/tmp/minio_downloads/1766729000.json', '/tmp/minio_downloads/1766729013.json', '/tmp/minio_downloads/1766729025.json', '/tmp/minio_downloads/1766729037.json', '/tmp/minio_downloads/1766729050.json', '/tmp/minio_downloads/1766729063.json', '/tmp/minio_downloads/1766729075.json', '/tmp/minio_downloads/1766729088.json', '/tmp/minio_downloads/1766729101.json', '/tmp/minio_downloads/1766729115.json', '/tmp/minio_downloads/1766729128.json', '/tmp/minio_downloads/1766729140.json', '/tmp/minio_downloads/1766729152.json', '/tmp/minio_downloads/1766729165.json', '/tmp/minio_downloads/1766729177.json', '/tmp/minio_downloads/1766729191.json', '/tmp/minio_downloads/1766729204.json', '/tmp/minio_downloads/1766729217.json', '/tmp/minio_downloads/1766729231.json', '/tmp/minio_downloads/1766729243.json', '/tmp/minio_downloads/1766729256.json', '/tmp/minio_downloads/1766729270.json', '/tmp/minio_downloads/1766729282.json', '/tmp/minio_downloads/1766729294.json', '/tmp/minio_downloads/1766729306.json', '/tmp/minio_downloads/1766729318.json', '/tmp/minio_downloads/1766729331.json', '/tmp/minio_downloads/1766729344.json', '/tmp/minio_downloads/1766729356.json', '/tmp/minio_downloads/1766729368.json', '/tmp/minio_downloads/1766729381.json', '/tmp/minio_downloads/1766729394.json', '/tmp/minio_downloads/1766729406.json', '/tmp/minio_downloads/1766729418.json', '/tmp/minio_downloads/1766728892.json', '/tmp/minio_downloads/1766728903.json', '/tmp/minio_downloads/1766728915.json', '/tmp/minio_downloads/1766728927.json', '/tmp/minio_downloads/1766728939.json', '/tmp/minio_downloads/1766728951.json', '/tmp/minio_downloads/1766728963.json', '/tmp/minio_downloads/1766728975.json', '/tmp/minio_downloads/1766728987.json', '/tmp/minio_downloads/1766728999.json', '/tmp/minio_downloads/1766729011.json', '/tmp/minio_downloads/1766729023.json', '/tmp/minio_downloads/1766729036.json', '/tmp/minio_downloads/1766729048.json', '/tmp/minio_downloads/1766729061.json', '/tmp/minio_downloads/1766729074.json', '/tmp/minio_downloads/1766729087.json', '/tmp/minio_downloads/1766729100.json', '/tmp/minio_downloads/1766729113.json', '/tmp/minio_downloads/1766729126.json', '/tmp/minio_downloads/1766729138.json', '/tmp/minio_downloads/1766729151.json', '/tmp/minio_downloads/1766729164.json', '/tmp/minio_downloads/1766729176.json', '/tmp/minio_downloads/1766729189.json', '/tmp/minio_downloads/1766729202.json', '/tmp/minio_downloads/1766729216.json', '/tmp/minio_downloads/1766729229.json', '/tmp/minio_downloads/1766729242.json', '/tmp/minio_downloads/1766729254.json', '/tmp/minio_downloads/1766729268.json', '/tmp/minio_downloads/1766729280.json', '/tmp/minio_downloads/1766729292.json', '/tmp/minio_downloads/1766729305.json', '/tmp/minio_downloads/1766729317.json', '/tmp/minio_downloads/1766729329.json', '/tmp/minio_downloads/1766729343.json', '/tmp/minio_downloads/1766729354.json', '/tmp/minio_downloads/1766729367.json', '/tmp/minio_downloads/1766729379.json', '/tmp/minio_downloads/1766729393.json', '/tmp/minio_downloads/1766729405.json', '/tmp/minio_downloads/1766729417.json', '/tmp/minio_downloads/1766728890.json', '/tmp/minio_downloads/1766728901.json', '/tmp/minio_downloads/1766728912.json', '/tmp/minio_downloads/1766728925.json', '/tmp/minio_downloads/1766728936.json', '/tmp/minio_downloads/1766728948.json', '/tmp/minio_downloads/1766728961.json', '/tmp/minio_downloads/1766728973.json', '/tmp/minio_downloads/1766728985.json', '/tmp/minio_downloads/1766728996.json', '/tmp/minio_downloads/1766729008.json', '/tmp/minio_downloads/1766729021.json', '/tmp/minio_downloads/1766729033.json', '/tmp/minio_downloads/1766729045.json', '/tmp/minio_downloads/1766729059.json', '/tmp/minio_downloads/1766729072.json', '/tmp/minio_downloads/1766729084.json', '/tmp/minio_downloads/1766729097.json', '/tmp/minio_downloads/1766729111.json', '/tmp/minio_downloads/1766729124.json', '/tmp/minio_downloads/1766729136.json', '/tmp/minio_downloads/1766729149.json', '/tmp/minio_downloads/1766729161.json', '/tmp/minio_downloads/1766729173.json', '/tmp/minio_downloads/1766729186.json', '/tmp/minio_downloads/1766729200.json', '/tmp/minio_downloads/1766729213.json', '/tmp/minio_downloads/1766729227.json', '/tmp/minio_downloads/1766729240.json', '/tmp/minio_downloads/1766729252.json', '/tmp/minio_downloads/1766729265.json', '/tmp/minio_downloads/1766729278.json', '/tmp/minio_downloads/1766729290.json', '/tmp/minio_downloads/1766729302.json', '/tmp/minio_downloads/1766729315.json', '/tmp/minio_downloads/1766729327.json', '/tmp/minio_downloads/1766729340.json', '/tmp/minio_downloads/1766729352.json', '/tmp/minio_downloads/1766729364.json', '/tmp/minio_downloads/1766729377.json', '/tmp/minio_downloads/1766729390.json', '/tmp/minio_downloads/1766729402.json', '/tmp/minio_downloads/1766729415.json', '/tmp/minio_downloads/1766729427.json', '/tmp/minio_downloads/1766728891.json', '/tmp/minio_downloads/1766728902.json', '/tmp/minio_downloads/1766728913.json', '/tmp/minio_downloads/1766728926.json', '/tmp/minio_downloads/1766728937.json', '/tmp/minio_downloads/1766728949.json', '/tmp/minio_downloads/1766728962.json', '/tmp/minio_downloads/1766728974.json', '/tmp/minio_downloads/1766728986.json', '/tmp/minio_downloads/1766728998.json', '/tmp/minio_downloads/1766729010.json', '/tmp/minio_downloads/1766729022.json', '/tmp/minio_downloads/1766729035.json', '/tmp/minio_downloads/1766729047.json', '/tmp/minio_downloads/1766729060.json', '/tmp/minio_downloads/1766729073.json', '/tmp/minio_downloads/1766729085.json', '/tmp/minio_downloads/1766729098.json', '/tmp/minio_downloads/1766729112.json', '/tmp/minio_downloads/1766729125.json', '/tmp/minio_downloads/1766729137.json', '/tmp/minio_downloads/1766729150.json', '/tmp/minio_downloads/1766729162.json', '/tmp/minio_downloads/1766729174.json', '/tmp/minio_downloads/1766729188.json', '/tmp/minio_downloads/1766729201.json', '/tmp/minio_downloads/1766729215.json', '/tmp/minio_downloads/1766729228.json', '/tmp/minio_downloads/1766729241.json', '/tmp/minio_downloads/1766729253.json', '/tmp/minio_downloads/1766729267.json', '/tmp/minio_downloads/1766729279.json', '/tmp/minio_downloads/1766729291.json', '/tmp/minio_downloads/1766729303.json', '/tmp/minio_downloads/1766729316.json', '/tmp/minio_downloads/1766729328.json', '/tmp/minio_downloads/1766729341.json', '/tmp/minio_downloads/1766729353.json', '/tmp/minio_downloads/1766729365.json', '/tmp/minio_downloads/1766729378.json', '/tmp/minio_downloads/1766729391.json', '/tmp/minio_downloads/1766729403.json', '/tmp/minio_downloads/1766729416.json', '/tmp/minio_downloads/1766729428.json']
[2025-12-26T06:10:33.441+0000] {taskinstance.py:441} INFO - ::group::Post task execution logs
[2025-12-26T06:10:33.521+0000] {taskinstance.py:1206} INFO - Marking task as SUCCESS. dag_id=minio_to_snowflake, task_id=download_minio, run_id=scheduled__2025-12-26T06:07:00+00:00, execution_date=20251226T060700, start_date=20251226T061022, end_date=20251226T061033
[2025-12-26T06:10:33.634+0000] {local_task_job_runner.py:243} INFO - Task exited with return code 0
[2025-12-26T06:10:33.695+0000] {taskinstance.py:3503} INFO - 1 downstream tasks scheduled from follow-on schedule check
[2025-12-26T06:10:33.703+0000] {local_task_job_runner.py:222} INFO - ::endgroup::
