[2025-12-24T13:58:26.053+0000] {local_task_job_runner.py:120} INFO - ::group::Pre task execution logs
[2025-12-24T13:58:26.179+0000] {taskinstance.py:2076} INFO - Dependencies all met for dep_context=non-requeueable deps ti=<TaskInstance: minio_to_snowflake.download_minio scheduled__2025-12-24T13:57:00+00:00 [queued]>
[2025-12-24T13:58:26.196+0000] {taskinstance.py:2076} INFO - Dependencies all met for dep_context=requeueable deps ti=<TaskInstance: minio_to_snowflake.download_minio scheduled__2025-12-24T13:57:00+00:00 [queued]>
[2025-12-24T13:58:26.198+0000] {taskinstance.py:2306} INFO - Starting attempt 1 of 2
[2025-12-24T13:58:26.232+0000] {taskinstance.py:2330} INFO - Executing <Task(PythonOperator): download_minio> on 2025-12-24 13:57:00+00:00
[2025-12-24T13:58:26.264+0000] {standard_task_runner.py:90} INFO - Running: ['***', 'tasks', 'run', 'minio_to_snowflake', 'download_minio', 'scheduled__2025-12-24T13:57:00+00:00', '--job-id', '157', '--raw', '--subdir', 'DAGS_FOLDER/minio_to_snowflake.py', '--cfg-path', '/tmp/tmpuiwr_urw']
[2025-12-24T13:58:26.272+0000] {standard_task_runner.py:91} INFO - Job 157: Subtask download_minio
[2025-12-24T13:58:26.276+0000] {logging_mixin.py:188} WARNING - /home/***/.local/lib/python3.12/site-packages/***/task/task_runner/standard_task_runner.py:62 DeprecationWarning: This process (pid=7111) is multi-threaded, use of fork() may lead to deadlocks in the child.
[2025-12-24T13:58:26.279+0000] {standard_task_runner.py:64} INFO - Started process 7125 to run task
[2025-12-24T13:58:26.418+0000] {task_command.py:426} INFO - Running <TaskInstance: minio_to_snowflake.download_minio scheduled__2025-12-24T13:57:00+00:00 [running]> on host 31fa77be4c89
[2025-12-24T13:58:26.679+0000] {taskinstance.py:2648} INFO - Exporting env vars: AIRFLOW_CTX_DAG_OWNER='***' AIRFLOW_CTX_DAG_ID='minio_to_snowflake' AIRFLOW_CTX_TASK_ID='download_minio' AIRFLOW_CTX_EXECUTION_DATE='2025-12-24T13:57:00+00:00' AIRFLOW_CTX_TRY_NUMBER='1' AIRFLOW_CTX_DAG_RUN_ID='scheduled__2025-12-24T13:57:00+00:00'
[2025-12-24T13:58:26.683+0000] {taskinstance.py:430} INFO - ::endgroup::
[2025-12-24T13:58:28.309+0000] {logging_mixin.py:188} INFO - Downloaded AAPL/1766583258.json -> /tmp/minio_downloads/1766583258.json
[2025-12-24T13:58:28.343+0000] {logging_mixin.py:188} INFO - Downloaded AAPL/1766583273.json -> /tmp/minio_downloads/1766583273.json
[2025-12-24T13:58:28.378+0000] {logging_mixin.py:188} INFO - Downloaded AAPL/1766583286.json -> /tmp/minio_downloads/1766583286.json
[2025-12-24T13:58:28.410+0000] {logging_mixin.py:188} INFO - Downloaded AAPL/1766583299.json -> /tmp/minio_downloads/1766583299.json
[2025-12-24T13:58:28.447+0000] {logging_mixin.py:188} INFO - Downloaded AAPL/1766583313.json -> /tmp/minio_downloads/1766583313.json
[2025-12-24T13:58:28.475+0000] {logging_mixin.py:188} INFO - Downloaded AAPL/1766583326.json -> /tmp/minio_downloads/1766583326.json
[2025-12-24T13:58:28.765+0000] {logging_mixin.py:188} INFO - Downloaded AAPL/1766583339.json -> /tmp/minio_downloads/1766583339.json
[2025-12-24T13:58:29.064+0000] {logging_mixin.py:188} INFO - Downloaded AAPL/1766583352.json -> /tmp/minio_downloads/1766583352.json
[2025-12-24T13:58:29.136+0000] {logging_mixin.py:188} INFO - Downloaded AAPL/1766583365.json -> /tmp/minio_downloads/1766583365.json
[2025-12-24T13:58:29.280+0000] {logging_mixin.py:188} INFO - Downloaded AAPL/1766583378.json -> /tmp/minio_downloads/1766583378.json
[2025-12-24T13:58:29.568+0000] {logging_mixin.py:188} INFO - Downloaded AAPL/1766583391.json -> /tmp/minio_downloads/1766583391.json
[2025-12-24T13:58:29.699+0000] {logging_mixin.py:188} INFO - Downloaded AAPL/1766583405.json -> /tmp/minio_downloads/1766583405.json
[2025-12-24T13:58:29.760+0000] {logging_mixin.py:188} INFO - Downloaded AAPL/1766583419.json -> /tmp/minio_downloads/1766583419.json
[2025-12-24T13:58:29.828+0000] {logging_mixin.py:188} INFO - Downloaded AAPL/1766583434.json -> /tmp/minio_downloads/1766583434.json
[2025-12-24T13:58:29.976+0000] {logging_mixin.py:188} INFO - Downloaded AAPL/1766583447.json -> /tmp/minio_downloads/1766583447.json
[2025-12-24T13:58:30.107+0000] {logging_mixin.py:188} INFO - Downloaded AAPL/1766583459.json -> /tmp/minio_downloads/1766583459.json
[2025-12-24T13:58:30.159+0000] {logging_mixin.py:188} INFO - Downloaded AAPL/1766583472.json -> /tmp/minio_downloads/1766583472.json
[2025-12-24T13:58:30.208+0000] {logging_mixin.py:188} INFO - Downloaded AAPL/1766583485.json -> /tmp/minio_downloads/1766583485.json
[2025-12-24T13:58:30.257+0000] {logging_mixin.py:188} INFO - Downloaded AAPL/1766583498.json -> /tmp/minio_downloads/1766583498.json
[2025-12-24T13:58:30.301+0000] {logging_mixin.py:188} INFO - Downloaded AAPL/1766583511.json -> /tmp/minio_downloads/1766583511.json
[2025-12-24T13:58:30.336+0000] {logging_mixin.py:188} INFO - Downloaded AAPL/1766583524.json -> /tmp/minio_downloads/1766583524.json
[2025-12-24T13:58:30.370+0000] {logging_mixin.py:188} INFO - Downloaded AAPL/1766583538.json -> /tmp/minio_downloads/1766583538.json
[2025-12-24T13:58:30.402+0000] {logging_mixin.py:188} INFO - Downloaded AAPL/1766583551.json -> /tmp/minio_downloads/1766583551.json
[2025-12-24T13:58:30.433+0000] {logging_mixin.py:188} INFO - Downloaded AAPL/1766583564.json -> /tmp/minio_downloads/1766583564.json
[2025-12-24T13:58:30.461+0000] {logging_mixin.py:188} INFO - Downloaded AAPL/1766583577.json -> /tmp/minio_downloads/1766583577.json
[2025-12-24T13:58:30.499+0000] {logging_mixin.py:188} INFO - Downloaded AAPL/1766583592.json -> /tmp/minio_downloads/1766583592.json
[2025-12-24T13:58:30.531+0000] {logging_mixin.py:188} INFO - Downloaded AAPL/1766583607.json -> /tmp/minio_downloads/1766583607.json
[2025-12-24T13:58:30.561+0000] {logging_mixin.py:188} INFO - Downloaded AAPL/1766583621.json -> /tmp/minio_downloads/1766583621.json
[2025-12-24T13:58:30.592+0000] {logging_mixin.py:188} INFO - Downloaded AAPL/1766583634.json -> /tmp/minio_downloads/1766583634.json
[2025-12-24T13:58:30.621+0000] {logging_mixin.py:188} INFO - Downloaded AAPL/1766583648.json -> /tmp/minio_downloads/1766583648.json
[2025-12-24T13:58:30.651+0000] {logging_mixin.py:188} INFO - Downloaded AAPL/1766583660.json -> /tmp/minio_downloads/1766583660.json
[2025-12-24T13:58:30.683+0000] {logging_mixin.py:188} INFO - Downloaded AAPL/1766583674.json -> /tmp/minio_downloads/1766583674.json
[2025-12-24T13:58:30.712+0000] {logging_mixin.py:188} INFO - Downloaded AAPL/1766583687.json -> /tmp/minio_downloads/1766583687.json
[2025-12-24T13:58:30.743+0000] {logging_mixin.py:188} INFO - Downloaded AAPL/1766583701.json -> /tmp/minio_downloads/1766583701.json
[2025-12-24T13:58:30.771+0000] {logging_mixin.py:188} INFO - Downloaded AAPL/1766583714.json -> /tmp/minio_downloads/1766583714.json
[2025-12-24T13:58:30.796+0000] {logging_mixin.py:188} INFO - Downloaded AAPL/1766583727.json -> /tmp/minio_downloads/1766583727.json
[2025-12-24T13:58:30.819+0000] {logging_mixin.py:188} INFO - Downloaded AAPL/1766583741.json -> /tmp/minio_downloads/1766583741.json
[2025-12-24T13:58:30.849+0000] {logging_mixin.py:188} INFO - Downloaded AAPL/1766583755.json -> /tmp/minio_downloads/1766583755.json
[2025-12-24T13:58:30.879+0000] {logging_mixin.py:188} INFO - Downloaded AAPL/1766583768.json -> /tmp/minio_downloads/1766583768.json
[2025-12-24T13:58:30.908+0000] {logging_mixin.py:188} INFO - Downloaded AAPL/1766583782.json -> /tmp/minio_downloads/1766583782.json
[2025-12-24T13:58:30.936+0000] {logging_mixin.py:188} INFO - Downloaded AAPL/1766583795.json -> /tmp/minio_downloads/1766583795.json
[2025-12-24T13:58:30.962+0000] {logging_mixin.py:188} INFO - Downloaded AAPL/1766583809.json -> /tmp/minio_downloads/1766583809.json
[2025-12-24T13:58:30.990+0000] {logging_mixin.py:188} INFO - Downloaded AAPL/1766583822.json -> /tmp/minio_downloads/1766583822.json
[2025-12-24T13:58:31.019+0000] {logging_mixin.py:188} INFO - Downloaded AAPL/1766583837.json -> /tmp/minio_downloads/1766583837.json
[2025-12-24T13:58:31.051+0000] {logging_mixin.py:188} INFO - Downloaded AAPL/1766583850.json -> /tmp/minio_downloads/1766583850.json
[2025-12-24T13:58:31.082+0000] {logging_mixin.py:188} INFO - Downloaded AAPL/1766583863.json -> /tmp/minio_downloads/1766583863.json
[2025-12-24T13:58:31.114+0000] {logging_mixin.py:188} INFO - Downloaded AAPL/1766583876.json -> /tmp/minio_downloads/1766583876.json
[2025-12-24T13:58:31.142+0000] {logging_mixin.py:188} INFO - Downloaded AAPL/1766583888.json -> /tmp/minio_downloads/1766583888.json
[2025-12-24T13:58:31.167+0000] {logging_mixin.py:188} INFO - Downloaded AAPL/1766583901.json -> /tmp/minio_downloads/1766583901.json
[2025-12-24T13:58:31.195+0000] {logging_mixin.py:188} INFO - Downloaded AAPL/1766583914.json -> /tmp/minio_downloads/1766583914.json
[2025-12-24T13:58:31.217+0000] {logging_mixin.py:188} INFO - Downloaded AAPL/1766583927.json -> /tmp/minio_downloads/1766583927.json
[2025-12-24T13:58:31.250+0000] {logging_mixin.py:188} INFO - Downloaded AAPL/1766583940.json -> /tmp/minio_downloads/1766583940.json
[2025-12-24T13:58:31.280+0000] {logging_mixin.py:188} INFO - Downloaded AAPL/1766583954.json -> /tmp/minio_downloads/1766583954.json
[2025-12-24T13:58:31.307+0000] {logging_mixin.py:188} INFO - Downloaded AAPL/1766583967.json -> /tmp/minio_downloads/1766583967.json
[2025-12-24T13:58:31.332+0000] {logging_mixin.py:188} INFO - Downloaded AAPL/1766583981.json -> /tmp/minio_downloads/1766583981.json
[2025-12-24T13:58:31.373+0000] {logging_mixin.py:188} INFO - Downloaded AAPL/1766583994.json -> /tmp/minio_downloads/1766583994.json
[2025-12-24T13:58:31.399+0000] {logging_mixin.py:188} INFO - Downloaded AAPL/1766584007.json -> /tmp/minio_downloads/1766584007.json
[2025-12-24T13:58:31.427+0000] {logging_mixin.py:188} INFO - Downloaded AAPL/1766584020.json -> /tmp/minio_downloads/1766584020.json
[2025-12-24T13:58:31.456+0000] {logging_mixin.py:188} INFO - Downloaded AAPL/1766584034.json -> /tmp/minio_downloads/1766584034.json
[2025-12-24T13:58:31.482+0000] {logging_mixin.py:188} INFO - Downloaded AAPL/1766584048.json -> /tmp/minio_downloads/1766584048.json
[2025-12-24T13:58:31.515+0000] {logging_mixin.py:188} INFO - Downloaded AAPL/1766584062.json -> /tmp/minio_downloads/1766584062.json
[2025-12-24T13:58:31.546+0000] {logging_mixin.py:188} INFO - Downloaded AAPL/1766584075.json -> /tmp/minio_downloads/1766584075.json
[2025-12-24T13:58:31.568+0000] {logging_mixin.py:188} INFO - Downloaded AAPL/1766584088.json -> /tmp/minio_downloads/1766584088.json
[2025-12-24T13:58:31.597+0000] {logging_mixin.py:188} INFO - Downloaded AAPL/1766584101.json -> /tmp/minio_downloads/1766584101.json
[2025-12-24T13:58:31.627+0000] {logging_mixin.py:188} INFO - Downloaded AAPL/1766584114.json -> /tmp/minio_downloads/1766584114.json
[2025-12-24T13:58:31.655+0000] {logging_mixin.py:188} INFO - Downloaded AAPL/1766584129.json -> /tmp/minio_downloads/1766584129.json
[2025-12-24T13:58:31.679+0000] {logging_mixin.py:188} INFO - Downloaded AAPL/1766584141.json -> /tmp/minio_downloads/1766584141.json
[2025-12-24T13:58:31.706+0000] {logging_mixin.py:188} INFO - Downloaded AAPL/1766584155.json -> /tmp/minio_downloads/1766584155.json
[2025-12-24T13:58:31.732+0000] {logging_mixin.py:188} INFO - Downloaded AAPL/1766584168.json -> /tmp/minio_downloads/1766584168.json
[2025-12-24T13:58:31.760+0000] {logging_mixin.py:188} INFO - Downloaded AAPL/1766584181.json -> /tmp/minio_downloads/1766584181.json
[2025-12-24T13:58:31.786+0000] {logging_mixin.py:188} INFO - Downloaded AAPL/1766584196.json -> /tmp/minio_downloads/1766584196.json
[2025-12-24T13:58:31.815+0000] {logging_mixin.py:188} INFO - Downloaded AAPL/1766584210.json -> /tmp/minio_downloads/1766584210.json
[2025-12-24T13:58:31.841+0000] {logging_mixin.py:188} INFO - Downloaded AAPL/1766584223.json -> /tmp/minio_downloads/1766584223.json
[2025-12-24T13:58:31.873+0000] {logging_mixin.py:188} INFO - Downloaded AAPL/1766584237.json -> /tmp/minio_downloads/1766584237.json
[2025-12-24T13:58:31.904+0000] {logging_mixin.py:188} INFO - Downloaded AAPL/1766584250.json -> /tmp/minio_downloads/1766584250.json
[2025-12-24T13:58:31.932+0000] {logging_mixin.py:188} INFO - Downloaded AAPL/1766584262.json -> /tmp/minio_downloads/1766584262.json
[2025-12-24T13:58:31.964+0000] {logging_mixin.py:188} INFO - Downloaded AAPL/1766584276.json -> /tmp/minio_downloads/1766584276.json
[2025-12-24T13:58:31.989+0000] {logging_mixin.py:188} INFO - Downloaded AAPL/1766584289.json -> /tmp/minio_downloads/1766584289.json
[2025-12-24T13:58:32.021+0000] {logging_mixin.py:188} INFO - Downloaded AAPL/1766584303.json -> /tmp/minio_downloads/1766584303.json
[2025-12-24T13:58:32.051+0000] {logging_mixin.py:188} INFO - Downloaded AAPL/1766584316.json -> /tmp/minio_downloads/1766584316.json
[2025-12-24T13:58:32.081+0000] {logging_mixin.py:188} INFO - Downloaded AAPL/1766584331.json -> /tmp/minio_downloads/1766584331.json
[2025-12-24T13:58:32.108+0000] {logging_mixin.py:188} INFO - Downloaded AAPL/1766584344.json -> /tmp/minio_downloads/1766584344.json
[2025-12-24T13:58:32.142+0000] {logging_mixin.py:188} INFO - Downloaded AAPL/1766584359.json -> /tmp/minio_downloads/1766584359.json
[2025-12-24T13:58:32.168+0000] {logging_mixin.py:188} INFO - Downloaded AAPL/1766584373.json -> /tmp/minio_downloads/1766584373.json
[2025-12-24T13:58:32.197+0000] {logging_mixin.py:188} INFO - Downloaded AAPL/1766584387.json -> /tmp/minio_downloads/1766584387.json
[2025-12-24T13:58:32.228+0000] {logging_mixin.py:188} INFO - Downloaded AAPL/1766584400.json -> /tmp/minio_downloads/1766584400.json
[2025-12-24T13:58:32.259+0000] {logging_mixin.py:188} INFO - Downloaded AAPL/1766584413.json -> /tmp/minio_downloads/1766584413.json
[2025-12-24T13:58:32.286+0000] {logging_mixin.py:188} INFO - Downloaded AAPL/1766584426.json -> /tmp/minio_downloads/1766584426.json
[2025-12-24T13:58:32.312+0000] {logging_mixin.py:188} INFO - Downloaded AAPL/1766584439.json -> /tmp/minio_downloads/1766584439.json
[2025-12-24T13:58:32.336+0000] {logging_mixin.py:188} INFO - Downloaded AAPL/1766584452.json -> /tmp/minio_downloads/1766584452.json
[2025-12-24T13:58:32.364+0000] {logging_mixin.py:188} INFO - Downloaded AAPL/1766584465.json -> /tmp/minio_downloads/1766584465.json
[2025-12-24T13:58:32.399+0000] {logging_mixin.py:188} INFO - Downloaded AAPL/1766584479.json -> /tmp/minio_downloads/1766584479.json
[2025-12-24T13:58:32.430+0000] {logging_mixin.py:188} INFO - Downloaded AAPL/1766584492.json -> /tmp/minio_downloads/1766584492.json
[2025-12-24T13:58:32.463+0000] {logging_mixin.py:188} INFO - Downloaded AAPL/1766584505.json -> /tmp/minio_downloads/1766584505.json
[2025-12-24T13:58:32.490+0000] {logging_mixin.py:188} INFO - Downloaded AAPL/1766584517.json -> /tmp/minio_downloads/1766584517.json
[2025-12-24T13:58:32.516+0000] {logging_mixin.py:188} INFO - Downloaded AAPL/1766584530.json -> /tmp/minio_downloads/1766584530.json
[2025-12-24T13:58:32.543+0000] {logging_mixin.py:188} INFO - Downloaded AAPL/1766584543.json -> /tmp/minio_downloads/1766584543.json
[2025-12-24T13:58:32.565+0000] {logging_mixin.py:188} INFO - Downloaded AAPL/1766584556.json -> /tmp/minio_downloads/1766584556.json
[2025-12-24T13:58:32.588+0000] {logging_mixin.py:188} INFO - Downloaded AAPL/1766584569.json -> /tmp/minio_downloads/1766584569.json
[2025-12-24T13:58:32.614+0000] {logging_mixin.py:188} INFO - Downloaded AAPL/1766584582.json -> /tmp/minio_downloads/1766584582.json
[2025-12-24T13:58:32.636+0000] {logging_mixin.py:188} INFO - Downloaded AAPL/1766584596.json -> /tmp/minio_downloads/1766584596.json
[2025-12-24T13:58:32.660+0000] {logging_mixin.py:188} INFO - Downloaded AAPL/1766584610.json -> /tmp/minio_downloads/1766584610.json
[2025-12-24T13:58:32.684+0000] {logging_mixin.py:188} INFO - Downloaded AAPL/1766584622.json -> /tmp/minio_downloads/1766584622.json
[2025-12-24T13:58:32.707+0000] {logging_mixin.py:188} INFO - Downloaded AMZN/1766583266.json -> /tmp/minio_downloads/1766583266.json
[2025-12-24T13:58:32.732+0000] {logging_mixin.py:188} INFO - Downloaded AMZN/1766583278.json -> /tmp/minio_downloads/1766583278.json
[2025-12-24T13:58:32.760+0000] {logging_mixin.py:188} INFO - Downloaded AMZN/1766583292.json -> /tmp/minio_downloads/1766583292.json
[2025-12-24T13:58:32.785+0000] {logging_mixin.py:188} INFO - Downloaded AMZN/1766583305.json -> /tmp/minio_downloads/1766583305.json
[2025-12-24T13:58:32.813+0000] {logging_mixin.py:188} INFO - Downloaded AMZN/1766583318.json -> /tmp/minio_downloads/1766583318.json
[2025-12-24T13:58:32.839+0000] {logging_mixin.py:188} INFO - Downloaded AMZN/1766583332.json -> /tmp/minio_downloads/1766583332.json
[2025-12-24T13:58:32.864+0000] {logging_mixin.py:188} INFO - Downloaded AMZN/1766583345.json -> /tmp/minio_downloads/1766583345.json
[2025-12-24T13:58:32.890+0000] {logging_mixin.py:188} INFO - Downloaded AMZN/1766583358.json -> /tmp/minio_downloads/1766583358.json
[2025-12-24T13:58:32.917+0000] {logging_mixin.py:188} INFO - Downloaded AMZN/1766583371.json -> /tmp/minio_downloads/1766583371.json
[2025-12-24T13:58:32.950+0000] {logging_mixin.py:188} INFO - Downloaded AMZN/1766583384.json -> /tmp/minio_downloads/1766583384.json
[2025-12-24T13:58:32.974+0000] {logging_mixin.py:188} INFO - Downloaded AMZN/1766583398.json -> /tmp/minio_downloads/1766583398.json
[2025-12-24T13:58:33.000+0000] {logging_mixin.py:188} INFO - Downloaded AMZN/1766583411.json -> /tmp/minio_downloads/1766583411.json
[2025-12-24T13:58:33.023+0000] {logging_mixin.py:188} INFO - Downloaded AMZN/1766583426.json -> /tmp/minio_downloads/1766583426.json
[2025-12-24T13:58:33.047+0000] {logging_mixin.py:188} INFO - Downloaded AMZN/1766583439.json -> /tmp/minio_downloads/1766583439.json
[2025-12-24T13:58:33.073+0000] {logging_mixin.py:188} INFO - Downloaded AMZN/1766583452.json -> /tmp/minio_downloads/1766583452.json
[2025-12-24T13:58:33.098+0000] {logging_mixin.py:188} INFO - Downloaded AMZN/1766583464.json -> /tmp/minio_downloads/1766583464.json
[2025-12-24T13:58:33.120+0000] {logging_mixin.py:188} INFO - Downloaded AMZN/1766583477.json -> /tmp/minio_downloads/1766583477.json
[2025-12-24T13:58:33.144+0000] {logging_mixin.py:188} INFO - Downloaded AMZN/1766583491.json -> /tmp/minio_downloads/1766583491.json
[2025-12-24T13:58:33.170+0000] {logging_mixin.py:188} INFO - Downloaded AMZN/1766583503.json -> /tmp/minio_downloads/1766583503.json
[2025-12-24T13:58:33.198+0000] {logging_mixin.py:188} INFO - Downloaded AMZN/1766583517.json -> /tmp/minio_downloads/1766583517.json
[2025-12-24T13:58:33.221+0000] {logging_mixin.py:188} INFO - Downloaded AMZN/1766583530.json -> /tmp/minio_downloads/1766583530.json
[2025-12-24T13:58:33.241+0000] {logging_mixin.py:188} INFO - Downloaded AMZN/1766583543.json -> /tmp/minio_downloads/1766583543.json
[2025-12-24T13:58:33.264+0000] {logging_mixin.py:188} INFO - Downloaded AMZN/1766583556.json -> /tmp/minio_downloads/1766583556.json
[2025-12-24T13:58:33.288+0000] {logging_mixin.py:188} INFO - Downloaded AMZN/1766583570.json -> /tmp/minio_downloads/1766583570.json
[2025-12-24T13:58:33.311+0000] {logging_mixin.py:188} INFO - Downloaded AMZN/1766583584.json -> /tmp/minio_downloads/1766583584.json
[2025-12-24T13:58:33.336+0000] {logging_mixin.py:188} INFO - Downloaded AMZN/1766583599.json -> /tmp/minio_downloads/1766583599.json
[2025-12-24T13:58:33.359+0000] {logging_mixin.py:188} INFO - Downloaded AMZN/1766583613.json -> /tmp/minio_downloads/1766583613.json
[2025-12-24T13:58:33.380+0000] {logging_mixin.py:188} INFO - Downloaded AMZN/1766583626.json -> /tmp/minio_downloads/1766583626.json
[2025-12-24T13:58:33.405+0000] {logging_mixin.py:188} INFO - Downloaded AMZN/1766583640.json -> /tmp/minio_downloads/1766583640.json
[2025-12-24T13:58:33.428+0000] {logging_mixin.py:188} INFO - Downloaded AMZN/1766583653.json -> /tmp/minio_downloads/1766583653.json
[2025-12-24T13:58:33.451+0000] {logging_mixin.py:188} INFO - Downloaded AMZN/1766583666.json -> /tmp/minio_downloads/1766583666.json
[2025-12-24T13:58:33.473+0000] {logging_mixin.py:188} INFO - Downloaded AMZN/1766583680.json -> /tmp/minio_downloads/1766583680.json
[2025-12-24T13:58:33.497+0000] {logging_mixin.py:188} INFO - Downloaded AMZN/1766583694.json -> /tmp/minio_downloads/1766583694.json
[2025-12-24T13:58:33.519+0000] {logging_mixin.py:188} INFO - Downloaded AMZN/1766583707.json -> /tmp/minio_downloads/1766583707.json
[2025-12-24T13:58:33.547+0000] {logging_mixin.py:188} INFO - Downloaded AMZN/1766583720.json -> /tmp/minio_downloads/1766583720.json
[2025-12-24T13:58:33.571+0000] {logging_mixin.py:188} INFO - Downloaded AMZN/1766583734.json -> /tmp/minio_downloads/1766583734.json
[2025-12-24T13:58:33.595+0000] {logging_mixin.py:188} INFO - Downloaded AMZN/1766583747.json -> /tmp/minio_downloads/1766583747.json
[2025-12-24T13:58:33.618+0000] {logging_mixin.py:188} INFO - Downloaded AMZN/1766583761.json -> /tmp/minio_downloads/1766583761.json
[2025-12-24T13:58:33.647+0000] {logging_mixin.py:188} INFO - Downloaded AMZN/1766583774.json -> /tmp/minio_downloads/1766583774.json
[2025-12-24T13:58:33.671+0000] {logging_mixin.py:188} INFO - Downloaded AMZN/1766583788.json -> /tmp/minio_downloads/1766583788.json
[2025-12-24T13:58:33.695+0000] {logging_mixin.py:188} INFO - Downloaded AMZN/1766583801.json -> /tmp/minio_downloads/1766583801.json
[2025-12-24T13:58:33.724+0000] {logging_mixin.py:188} INFO - Downloaded AMZN/1766583815.json -> /tmp/minio_downloads/1766583815.json
[2025-12-24T13:58:33.749+0000] {logging_mixin.py:188} INFO - Downloaded AMZN/1766583829.json -> /tmp/minio_downloads/1766583829.json
[2025-12-24T13:58:33.772+0000] {logging_mixin.py:188} INFO - Downloaded AMZN/1766583843.json -> /tmp/minio_downloads/1766583843.json
[2025-12-24T13:58:33.794+0000] {logging_mixin.py:188} INFO - Downloaded AMZN/1766583856.json -> /tmp/minio_downloads/1766583856.json
[2025-12-24T13:58:33.817+0000] {logging_mixin.py:188} INFO - Downloaded AMZN/1766583868.json -> /tmp/minio_downloads/1766583868.json
[2025-12-24T13:58:33.842+0000] {logging_mixin.py:188} INFO - Downloaded AMZN/1766583881.json -> /tmp/minio_downloads/1766583881.json
[2025-12-24T13:58:33.867+0000] {logging_mixin.py:188} INFO - Downloaded AMZN/1766583893.json -> /tmp/minio_downloads/1766583893.json
[2025-12-24T13:58:33.893+0000] {logging_mixin.py:188} INFO - Downloaded AMZN/1766583906.json -> /tmp/minio_downloads/1766583906.json
[2025-12-24T13:58:33.914+0000] {logging_mixin.py:188} INFO - Downloaded AMZN/1766583920.json -> /tmp/minio_downloads/1766583920.json
[2025-12-24T13:58:33.943+0000] {logging_mixin.py:188} INFO - Downloaded AMZN/1766583933.json -> /tmp/minio_downloads/1766583933.json
[2025-12-24T13:58:33.969+0000] {logging_mixin.py:188} INFO - Downloaded AMZN/1766583947.json -> /tmp/minio_downloads/1766583947.json
[2025-12-24T13:58:33.995+0000] {logging_mixin.py:188} INFO - Downloaded AMZN/1766583960.json -> /tmp/minio_downloads/1766583960.json
[2025-12-24T13:58:34.018+0000] {logging_mixin.py:188} INFO - Downloaded AMZN/1766583974.json -> /tmp/minio_downloads/1766583974.json
[2025-12-24T13:58:34.045+0000] {logging_mixin.py:188} INFO - Downloaded AMZN/1766583987.json -> /tmp/minio_downloads/1766583987.json
[2025-12-24T13:58:34.072+0000] {logging_mixin.py:188} INFO - Downloaded AMZN/1766583999.json -> /tmp/minio_downloads/1766583999.json
[2025-12-24T13:58:34.097+0000] {logging_mixin.py:188} INFO - Downloaded AMZN/1766584012.json -> /tmp/minio_downloads/1766584012.json
[2025-12-24T13:58:34.118+0000] {logging_mixin.py:188} INFO - Downloaded AMZN/1766584027.json -> /tmp/minio_downloads/1766584027.json
[2025-12-24T13:58:34.139+0000] {logging_mixin.py:188} INFO - Downloaded AMZN/1766584040.json -> /tmp/minio_downloads/1766584040.json
[2025-12-24T13:58:34.160+0000] {logging_mixin.py:188} INFO - Downloaded AMZN/1766584054.json -> /tmp/minio_downloads/1766584054.json
[2025-12-24T13:58:34.180+0000] {logging_mixin.py:188} INFO - Downloaded AMZN/1766584067.json -> /tmp/minio_downloads/1766584067.json
[2025-12-24T13:58:34.199+0000] {logging_mixin.py:188} INFO - Downloaded AMZN/1766584081.json -> /tmp/minio_downloads/1766584081.json
[2025-12-24T13:58:34.221+0000] {logging_mixin.py:188} INFO - Downloaded AMZN/1766584094.json -> /tmp/minio_downloads/1766584094.json
[2025-12-24T13:58:34.244+0000] {logging_mixin.py:188} INFO - Downloaded AMZN/1766584107.json -> /tmp/minio_downloads/1766584107.json
[2025-12-24T13:58:34.264+0000] {logging_mixin.py:188} INFO - Downloaded AMZN/1766584121.json -> /tmp/minio_downloads/1766584121.json
[2025-12-24T13:58:34.285+0000] {logging_mixin.py:188} INFO - Downloaded AMZN/1766584134.json -> /tmp/minio_downloads/1766584134.json
[2025-12-24T13:58:34.306+0000] {logging_mixin.py:188} INFO - Downloaded AMZN/1766584148.json -> /tmp/minio_downloads/1766584148.json
[2025-12-24T13:58:34.328+0000] {logging_mixin.py:188} INFO - Downloaded AMZN/1766584161.json -> /tmp/minio_downloads/1766584161.json
[2025-12-24T13:58:34.348+0000] {logging_mixin.py:188} INFO - Downloaded AMZN/1766584173.json -> /tmp/minio_downloads/1766584173.json
[2025-12-24T13:58:34.369+0000] {logging_mixin.py:188} INFO - Downloaded AMZN/1766584188.json -> /tmp/minio_downloads/1766584188.json
[2025-12-24T13:58:34.392+0000] {logging_mixin.py:188} INFO - Downloaded AMZN/1766584202.json -> /tmp/minio_downloads/1766584202.json
[2025-12-24T13:58:34.416+0000] {logging_mixin.py:188} INFO - Downloaded AMZN/1766584215.json -> /tmp/minio_downloads/1766584215.json
[2025-12-24T13:58:34.439+0000] {logging_mixin.py:188} INFO - Downloaded AMZN/1766584229.json -> /tmp/minio_downloads/1766584229.json
[2025-12-24T13:58:34.458+0000] {logging_mixin.py:188} INFO - Downloaded AMZN/1766584242.json -> /tmp/minio_downloads/1766584242.json
[2025-12-24T13:58:34.479+0000] {logging_mixin.py:188} INFO - Downloaded AMZN/1766584255.json -> /tmp/minio_downloads/1766584255.json
[2025-12-24T13:58:34.499+0000] {logging_mixin.py:188} INFO - Downloaded AMZN/1766584268.json -> /tmp/minio_downloads/1766584268.json
[2025-12-24T13:58:34.519+0000] {logging_mixin.py:188} INFO - Downloaded AMZN/1766584282.json -> /tmp/minio_downloads/1766584282.json
[2025-12-24T13:58:34.539+0000] {logging_mixin.py:188} INFO - Downloaded AMZN/1766584295.json -> /tmp/minio_downloads/1766584295.json
[2025-12-24T13:58:34.560+0000] {logging_mixin.py:188} INFO - Downloaded AMZN/1766584309.json -> /tmp/minio_downloads/1766584309.json
[2025-12-24T13:58:34.586+0000] {logging_mixin.py:188} INFO - Downloaded AMZN/1766584323.json -> /tmp/minio_downloads/1766584323.json
[2025-12-24T13:58:34.613+0000] {logging_mixin.py:188} INFO - Downloaded AMZN/1766584336.json -> /tmp/minio_downloads/1766584336.json
[2025-12-24T13:58:34.635+0000] {logging_mixin.py:188} INFO - Downloaded AMZN/1766584352.json -> /tmp/minio_downloads/1766584352.json
[2025-12-24T13:58:34.655+0000] {logging_mixin.py:188} INFO - Downloaded AMZN/1766584366.json -> /tmp/minio_downloads/1766584366.json
[2025-12-24T13:58:34.674+0000] {logging_mixin.py:188} INFO - Downloaded AMZN/1766584380.json -> /tmp/minio_downloads/1766584380.json
[2025-12-24T13:58:34.692+0000] {logging_mixin.py:188} INFO - Downloaded AMZN/1766584393.json -> /tmp/minio_downloads/1766584393.json
[2025-12-24T13:58:34.710+0000] {logging_mixin.py:188} INFO - Downloaded AMZN/1766584406.json -> /tmp/minio_downloads/1766584406.json
[2025-12-24T13:58:34.730+0000] {logging_mixin.py:188} INFO - Downloaded AMZN/1766584419.json -> /tmp/minio_downloads/1766584419.json
[2025-12-24T13:58:34.749+0000] {logging_mixin.py:188} INFO - Downloaded AMZN/1766584432.json -> /tmp/minio_downloads/1766584432.json
[2025-12-24T13:58:34.770+0000] {logging_mixin.py:188} INFO - Downloaded AMZN/1766584445.json -> /tmp/minio_downloads/1766584445.json
[2025-12-24T13:58:34.787+0000] {logging_mixin.py:188} INFO - Downloaded AMZN/1766584458.json -> /tmp/minio_downloads/1766584458.json
[2025-12-24T13:58:34.806+0000] {logging_mixin.py:188} INFO - Downloaded AMZN/1766584471.json -> /tmp/minio_downloads/1766584471.json
[2025-12-24T13:58:34.824+0000] {logging_mixin.py:188} INFO - Downloaded AMZN/1766584484.json -> /tmp/minio_downloads/1766584484.json
[2025-12-24T13:58:34.842+0000] {logging_mixin.py:188} INFO - Downloaded AMZN/1766584497.json -> /tmp/minio_downloads/1766584497.json
[2025-12-24T13:58:34.858+0000] {logging_mixin.py:188} INFO - Downloaded AMZN/1766584510.json -> /tmp/minio_downloads/1766584510.json
[2025-12-24T13:58:34.876+0000] {logging_mixin.py:188} INFO - Downloaded AMZN/1766584523.json -> /tmp/minio_downloads/1766584523.json
[2025-12-24T13:58:34.893+0000] {logging_mixin.py:188} INFO - Downloaded AMZN/1766584536.json -> /tmp/minio_downloads/1766584536.json
[2025-12-24T13:58:34.912+0000] {logging_mixin.py:188} INFO - Downloaded AMZN/1766584548.json -> /tmp/minio_downloads/1766584548.json
[2025-12-24T13:58:34.928+0000] {logging_mixin.py:188} INFO - Downloaded AMZN/1766584562.json -> /tmp/minio_downloads/1766584562.json
[2025-12-24T13:58:34.945+0000] {logging_mixin.py:188} INFO - Downloaded AMZN/1766584575.json -> /tmp/minio_downloads/1766584575.json
[2025-12-24T13:58:34.963+0000] {logging_mixin.py:188} INFO - Downloaded AMZN/1766584588.json -> /tmp/minio_downloads/1766584588.json
[2025-12-24T13:58:34.982+0000] {logging_mixin.py:188} INFO - Downloaded AMZN/1766584602.json -> /tmp/minio_downloads/1766584602.json
[2025-12-24T13:58:34.998+0000] {logging_mixin.py:188} INFO - Downloaded AMZN/1766584615.json -> /tmp/minio_downloads/1766584615.json
[2025-12-24T13:58:35.013+0000] {logging_mixin.py:188} INFO - Downloaded AMZN/1766584627.json -> /tmp/minio_downloads/1766584627.json
[2025-12-24T13:58:35.032+0000] {logging_mixin.py:188} INFO - Downloaded GOOGL/1766583264.json -> /tmp/minio_downloads/1766583264.json
[2025-12-24T13:58:35.177+0000] {logging_mixin.py:188} INFO - Downloaded GOOGL/1766583277.json -> /tmp/minio_downloads/1766583277.json
[2025-12-24T13:58:35.206+0000] {logging_mixin.py:188} INFO - Downloaded GOOGL/1766583291.json -> /tmp/minio_downloads/1766583291.json
[2025-12-24T13:58:35.230+0000] {logging_mixin.py:188} INFO - Downloaded GOOGL/1766583304.json -> /tmp/minio_downloads/1766583304.json
[2025-12-24T13:58:35.256+0000] {logging_mixin.py:188} INFO - Downloaded GOOGL/1766583316.json -> /tmp/minio_downloads/1766583316.json
[2025-12-24T13:58:35.279+0000] {logging_mixin.py:188} INFO - Downloaded GOOGL/1766583330.json -> /tmp/minio_downloads/1766583330.json
[2025-12-24T13:58:35.304+0000] {logging_mixin.py:188} INFO - Downloaded GOOGL/1766583343.json -> /tmp/minio_downloads/1766583343.json
[2025-12-24T13:58:35.326+0000] {logging_mixin.py:188} INFO - Downloaded GOOGL/1766583356.json -> /tmp/minio_downloads/1766583356.json
[2025-12-24T13:58:35.353+0000] {logging_mixin.py:188} INFO - Downloaded GOOGL/1766583370.json -> /tmp/minio_downloads/1766583370.json
[2025-12-24T13:58:35.377+0000] {logging_mixin.py:188} INFO - Downloaded GOOGL/1766583383.json -> /tmp/minio_downloads/1766583383.json
[2025-12-24T13:58:35.400+0000] {logging_mixin.py:188} INFO - Downloaded GOOGL/1766583396.json -> /tmp/minio_downloads/1766583396.json
[2025-12-24T13:58:35.427+0000] {logging_mixin.py:188} INFO - Downloaded GOOGL/1766583410.json -> /tmp/minio_downloads/1766583410.json
[2025-12-24T13:58:35.451+0000] {logging_mixin.py:188} INFO - Downloaded GOOGL/1766583425.json -> /tmp/minio_downloads/1766583425.json
[2025-12-24T13:58:35.471+0000] {logging_mixin.py:188} INFO - Downloaded GOOGL/1766583438.json -> /tmp/minio_downloads/1766583438.json
[2025-12-24T13:58:35.495+0000] {logging_mixin.py:188} INFO - Downloaded GOOGL/1766583451.json -> /tmp/minio_downloads/1766583451.json
[2025-12-24T13:58:35.521+0000] {logging_mixin.py:188} INFO - Downloaded GOOGL/1766583463.json -> /tmp/minio_downloads/1766583463.json
[2025-12-24T13:58:35.545+0000] {logging_mixin.py:188} INFO - Downloaded GOOGL/1766583476.json -> /tmp/minio_downloads/1766583476.json
[2025-12-24T13:58:35.571+0000] {logging_mixin.py:188} INFO - Downloaded GOOGL/1766583489.json -> /tmp/minio_downloads/1766583489.json
[2025-12-24T13:58:35.600+0000] {logging_mixin.py:188} INFO - Downloaded GOOGL/1766583502.json -> /tmp/minio_downloads/1766583502.json
[2025-12-24T13:58:35.628+0000] {logging_mixin.py:188} INFO - Downloaded GOOGL/1766583515.json -> /tmp/minio_downloads/1766583515.json
[2025-12-24T13:58:35.651+0000] {logging_mixin.py:188} INFO - Downloaded GOOGL/1766583528.json -> /tmp/minio_downloads/1766583528.json
[2025-12-24T13:58:35.674+0000] {logging_mixin.py:188} INFO - Downloaded GOOGL/1766583542.json -> /tmp/minio_downloads/1766583542.json
[2025-12-24T13:58:35.695+0000] {logging_mixin.py:188} INFO - Downloaded GOOGL/1766583555.json -> /tmp/minio_downloads/1766583555.json
[2025-12-24T13:58:35.715+0000] {logging_mixin.py:188} INFO - Downloaded GOOGL/1766583568.json -> /tmp/minio_downloads/1766583568.json
[2025-12-24T13:58:35.735+0000] {logging_mixin.py:188} INFO - Downloaded GOOGL/1766583583.json -> /tmp/minio_downloads/1766583583.json
[2025-12-24T13:58:35.753+0000] {logging_mixin.py:188} INFO - Downloaded GOOGL/1766583597.json -> /tmp/minio_downloads/1766583597.json
[2025-12-24T13:58:35.769+0000] {logging_mixin.py:188} INFO - Downloaded GOOGL/1766583611.json -> /tmp/minio_downloads/1766583611.json
[2025-12-24T13:58:35.787+0000] {logging_mixin.py:188} INFO - Downloaded GOOGL/1766583625.json -> /tmp/minio_downloads/1766583625.json
[2025-12-24T13:58:35.807+0000] {logging_mixin.py:188} INFO - Downloaded GOOGL/1766583638.json -> /tmp/minio_downloads/1766583638.json
[2025-12-24T13:58:35.835+0000] {logging_mixin.py:188} INFO - Downloaded GOOGL/1766583652.json -> /tmp/minio_downloads/1766583652.json
[2025-12-24T13:58:35.855+0000] {logging_mixin.py:188} INFO - Downloaded GOOGL/1766583664.json -> /tmp/minio_downloads/1766583664.json
[2025-12-24T13:58:35.874+0000] {logging_mixin.py:188} INFO - Downloaded GOOGL/1766583678.json -> /tmp/minio_downloads/1766583678.json
[2025-12-24T13:58:35.897+0000] {logging_mixin.py:188} INFO - Downloaded GOOGL/1766583692.json -> /tmp/minio_downloads/1766583692.json
[2025-12-24T13:58:35.921+0000] {logging_mixin.py:188} INFO - Downloaded GOOGL/1766583705.json -> /tmp/minio_downloads/1766583705.json
[2025-12-24T13:58:35.940+0000] {logging_mixin.py:188} INFO - Downloaded GOOGL/1766583718.json -> /tmp/minio_downloads/1766583718.json
[2025-12-24T13:58:35.954+0000] {logging_mixin.py:188} INFO - Downloaded GOOGL/1766583732.json -> /tmp/minio_downloads/1766583732.json
[2025-12-24T13:58:35.971+0000] {logging_mixin.py:188} INFO - Downloaded GOOGL/1766583745.json -> /tmp/minio_downloads/1766583745.json
[2025-12-24T13:58:35.987+0000] {logging_mixin.py:188} INFO - Downloaded GOOGL/1766583759.json -> /tmp/minio_downloads/1766583759.json
[2025-12-24T13:58:36.002+0000] {logging_mixin.py:188} INFO - Downloaded GOOGL/1766583773.json -> /tmp/minio_downloads/1766583773.json
[2025-12-24T13:58:36.019+0000] {logging_mixin.py:188} INFO - Downloaded GOOGL/1766583787.json -> /tmp/minio_downloads/1766583787.json
[2025-12-24T13:58:36.038+0000] {logging_mixin.py:188} INFO - Downloaded GOOGL/1766583800.json -> /tmp/minio_downloads/1766583800.json
[2025-12-24T13:58:36.054+0000] {logging_mixin.py:188} INFO - Downloaded GOOGL/1766583814.json -> /tmp/minio_downloads/1766583814.json
[2025-12-24T13:58:36.069+0000] {logging_mixin.py:188} INFO - Downloaded GOOGL/1766583828.json -> /tmp/minio_downloads/1766583828.json
[2025-12-24T13:58:36.086+0000] {logging_mixin.py:188} INFO - Downloaded GOOGL/1766583841.json -> /tmp/minio_downloads/1766583841.json
[2025-12-24T13:58:36.103+0000] {logging_mixin.py:188} INFO - Downloaded GOOGL/1766583855.json -> /tmp/minio_downloads/1766583855.json
[2025-12-24T13:58:36.118+0000] {logging_mixin.py:188} INFO - Downloaded GOOGL/1766583867.json -> /tmp/minio_downloads/1766583867.json
[2025-12-24T13:58:36.135+0000] {logging_mixin.py:188} INFO - Downloaded GOOGL/1766583880.json -> /tmp/minio_downloads/1766583880.json
[2025-12-24T13:58:36.154+0000] {logging_mixin.py:188} INFO - Downloaded GOOGL/1766583892.json -> /tmp/minio_downloads/1766583892.json
[2025-12-24T13:58:36.170+0000] {logging_mixin.py:188} INFO - Downloaded GOOGL/1766583904.json -> /tmp/minio_downloads/1766583904.json
[2025-12-24T13:58:36.185+0000] {logging_mixin.py:188} INFO - Downloaded GOOGL/1766583918.json -> /tmp/minio_downloads/1766583918.json
[2025-12-24T13:58:36.203+0000] {logging_mixin.py:188} INFO - Downloaded GOOGL/1766583932.json -> /tmp/minio_downloads/1766583932.json
[2025-12-24T13:58:36.223+0000] {logging_mixin.py:188} INFO - Downloaded GOOGL/1766583945.json -> /tmp/minio_downloads/1766583945.json
[2025-12-24T13:58:36.241+0000] {logging_mixin.py:188} INFO - Downloaded GOOGL/1766583958.json -> /tmp/minio_downloads/1766583958.json
[2025-12-24T13:58:36.259+0000] {logging_mixin.py:188} INFO - Downloaded GOOGL/1766583972.json -> /tmp/minio_downloads/1766583972.json
[2025-12-24T13:58:36.278+0000] {logging_mixin.py:188} INFO - Downloaded GOOGL/1766583986.json -> /tmp/minio_downloads/1766583986.json
[2025-12-24T13:58:36.300+0000] {logging_mixin.py:188} INFO - Downloaded GOOGL/1766583998.json -> /tmp/minio_downloads/1766583998.json
[2025-12-24T13:58:36.319+0000] {logging_mixin.py:188} INFO - Downloaded GOOGL/1766584011.json -> /tmp/minio_downloads/1766584011.json
[2025-12-24T13:58:36.337+0000] {logging_mixin.py:188} INFO - Downloaded GOOGL/1766584025.json -> /tmp/minio_downloads/1766584025.json
[2025-12-24T13:58:36.354+0000] {logging_mixin.py:188} INFO - Downloaded GOOGL/1766584039.json -> /tmp/minio_downloads/1766584039.json
[2025-12-24T13:58:36.370+0000] {logging_mixin.py:188} INFO - Downloaded GOOGL/1766584053.json -> /tmp/minio_downloads/1766584053.json
[2025-12-24T13:58:36.388+0000] {logging_mixin.py:188} INFO - Downloaded GOOGL/1766584066.json -> /tmp/minio_downloads/1766584066.json
[2025-12-24T13:58:36.407+0000] {logging_mixin.py:188} INFO - Downloaded GOOGL/1766584079.json -> /tmp/minio_downloads/1766584079.json
[2025-12-24T13:58:36.437+0000] {logging_mixin.py:188} INFO - Downloaded GOOGL/1766584093.json -> /tmp/minio_downloads/1766584093.json
[2025-12-24T13:58:36.464+0000] {logging_mixin.py:188} INFO - Downloaded GOOGL/1766584105.json -> /tmp/minio_downloads/1766584105.json
[2025-12-24T13:58:36.486+0000] {logging_mixin.py:188} INFO - Downloaded GOOGL/1766584120.json -> /tmp/minio_downloads/1766584120.json
[2025-12-24T13:58:36.506+0000] {logging_mixin.py:188} INFO - Downloaded GOOGL/1766584133.json -> /tmp/minio_downloads/1766584133.json
[2025-12-24T13:58:36.527+0000] {logging_mixin.py:188} INFO - Downloaded GOOGL/1766584146.json -> /tmp/minio_downloads/1766584146.json
[2025-12-24T13:58:36.547+0000] {logging_mixin.py:188} INFO - Downloaded GOOGL/1766584159.json -> /tmp/minio_downloads/1766584159.json
[2025-12-24T13:58:36.567+0000] {logging_mixin.py:188} INFO - Downloaded GOOGL/1766584172.json -> /tmp/minio_downloads/1766584172.json
[2025-12-24T13:58:36.590+0000] {logging_mixin.py:188} INFO - Downloaded GOOGL/1766584187.json -> /tmp/minio_downloads/1766584187.json
[2025-12-24T13:58:36.605+0000] {logging_mixin.py:188} INFO - Downloaded GOOGL/1766584201.json -> /tmp/minio_downloads/1766584201.json
[2025-12-24T13:58:36.620+0000] {logging_mixin.py:188} INFO - Downloaded GOOGL/1766584214.json -> /tmp/minio_downloads/1766584214.json
[2025-12-24T13:58:36.635+0000] {logging_mixin.py:188} INFO - Downloaded GOOGL/1766584228.json -> /tmp/minio_downloads/1766584228.json
[2025-12-24T13:58:36.651+0000] {logging_mixin.py:188} INFO - Downloaded GOOGL/1766584241.json -> /tmp/minio_downloads/1766584241.json
[2025-12-24T13:58:36.667+0000] {logging_mixin.py:188} INFO - Downloaded GOOGL/1766584254.json -> /tmp/minio_downloads/1766584254.json
[2025-12-24T13:58:36.685+0000] {logging_mixin.py:188} INFO - Downloaded GOOGL/1766584266.json -> /tmp/minio_downloads/1766584266.json
[2025-12-24T13:58:36.704+0000] {logging_mixin.py:188} INFO - Downloaded GOOGL/1766584280.json -> /tmp/minio_downloads/1766584280.json
[2025-12-24T13:58:36.721+0000] {logging_mixin.py:188} INFO - Downloaded GOOGL/1766584294.json -> /tmp/minio_downloads/1766584294.json
[2025-12-24T13:58:36.741+0000] {logging_mixin.py:188} INFO - Downloaded GOOGL/1766584307.json -> /tmp/minio_downloads/1766584307.json
[2025-12-24T13:58:36.758+0000] {logging_mixin.py:188} INFO - Downloaded GOOGL/1766584321.json -> /tmp/minio_downloads/1766584321.json
[2025-12-24T13:58:36.775+0000] {logging_mixin.py:188} INFO - Downloaded GOOGL/1766584335.json -> /tmp/minio_downloads/1766584335.json
[2025-12-24T13:58:36.793+0000] {logging_mixin.py:188} INFO - Downloaded GOOGL/1766584350.json -> /tmp/minio_downloads/1766584350.json
[2025-12-24T13:58:36.813+0000] {logging_mixin.py:188} INFO - Downloaded GOOGL/1766584364.json -> /tmp/minio_downloads/1766584364.json
[2025-12-24T13:58:36.842+0000] {logging_mixin.py:188} INFO - Downloaded GOOGL/1766584378.json -> /tmp/minio_downloads/1766584378.json
[2025-12-24T13:58:36.860+0000] {logging_mixin.py:188} INFO - Downloaded GOOGL/1766584391.json -> /tmp/minio_downloads/1766584391.json
[2025-12-24T13:58:36.878+0000] {logging_mixin.py:188} INFO - Downloaded GOOGL/1766584404.json -> /tmp/minio_downloads/1766584404.json
[2025-12-24T13:58:36.896+0000] {logging_mixin.py:188} INFO - Downloaded GOOGL/1766584417.json -> /tmp/minio_downloads/1766584417.json
[2025-12-24T13:58:36.916+0000] {logging_mixin.py:188} INFO - Downloaded GOOGL/1766584430.json -> /tmp/minio_downloads/1766584430.json
[2025-12-24T13:58:36.933+0000] {logging_mixin.py:188} INFO - Downloaded GOOGL/1766584443.json -> /tmp/minio_downloads/1766584443.json
[2025-12-24T13:58:36.954+0000] {logging_mixin.py:188} INFO - Downloaded GOOGL/1766584457.json -> /tmp/minio_downloads/1766584457.json
[2025-12-24T13:58:36.972+0000] {logging_mixin.py:188} INFO - Downloaded GOOGL/1766584469.json -> /tmp/minio_downloads/1766584469.json
[2025-12-24T13:58:36.989+0000] {logging_mixin.py:188} INFO - Downloaded GOOGL/1766584483.json -> /tmp/minio_downloads/1766584483.json
[2025-12-24T13:58:37.006+0000] {logging_mixin.py:188} INFO - Downloaded GOOGL/1766584496.json -> /tmp/minio_downloads/1766584496.json
[2025-12-24T13:58:37.020+0000] {logging_mixin.py:188} INFO - Downloaded GOOGL/1766584508.json -> /tmp/minio_downloads/1766584508.json
[2025-12-24T13:58:37.036+0000] {logging_mixin.py:188} INFO - Downloaded GOOGL/1766584521.json -> /tmp/minio_downloads/1766584521.json
[2025-12-24T13:58:37.051+0000] {logging_mixin.py:188} INFO - Downloaded GOOGL/1766584535.json -> /tmp/minio_downloads/1766584535.json
[2025-12-24T13:58:37.066+0000] {logging_mixin.py:188} INFO - Downloaded GOOGL/1766584547.json -> /tmp/minio_downloads/1766584547.json
[2025-12-24T13:58:37.083+0000] {logging_mixin.py:188} INFO - Downloaded GOOGL/1766584560.json -> /tmp/minio_downloads/1766584560.json
[2025-12-24T13:58:37.098+0000] {logging_mixin.py:188} INFO - Downloaded GOOGL/1766584573.json -> /tmp/minio_downloads/1766584573.json
[2025-12-24T13:58:37.113+0000] {logging_mixin.py:188} INFO - Downloaded GOOGL/1766584586.json -> /tmp/minio_downloads/1766584586.json
[2025-12-24T13:58:37.129+0000] {logging_mixin.py:188} INFO - Downloaded GOOGL/1766584601.json -> /tmp/minio_downloads/1766584601.json
[2025-12-24T13:58:37.144+0000] {logging_mixin.py:188} INFO - Downloaded GOOGL/1766584614.json -> /tmp/minio_downloads/1766584614.json
[2025-12-24T13:58:37.161+0000] {logging_mixin.py:188} INFO - Downloaded GOOGL/1766584626.json -> /tmp/minio_downloads/1766584626.json
[2025-12-24T13:58:37.176+0000] {logging_mixin.py:188} INFO - Downloaded MSFT/1766583260.json -> /tmp/minio_downloads/1766583260.json
[2025-12-24T13:58:37.192+0000] {logging_mixin.py:188} INFO - Downloaded MSFT/1766583275.json -> /tmp/minio_downloads/1766583275.json
[2025-12-24T13:58:37.208+0000] {logging_mixin.py:188} INFO - Downloaded MSFT/1766583288.json -> /tmp/minio_downloads/1766583288.json
[2025-12-24T13:58:37.227+0000] {logging_mixin.py:188} INFO - Downloaded MSFT/1766583301.json -> /tmp/minio_downloads/1766583301.json
[2025-12-24T13:58:37.245+0000] {logging_mixin.py:188} INFO - Downloaded MSFT/1766583314.json -> /tmp/minio_downloads/1766583314.json
[2025-12-24T13:58:37.264+0000] {logging_mixin.py:188} INFO - Downloaded MSFT/1766583327.json -> /tmp/minio_downloads/1766583327.json
[2025-12-24T13:58:37.281+0000] {logging_mixin.py:188} INFO - Downloaded MSFT/1766583341.json -> /tmp/minio_downloads/1766583341.json
[2025-12-24T13:58:37.301+0000] {logging_mixin.py:188} INFO - Downloaded MSFT/1766583354.json -> /tmp/minio_downloads/1766583354.json
[2025-12-24T13:58:37.323+0000] {logging_mixin.py:188} INFO - Downloaded MSFT/1766583366.json -> /tmp/minio_downloads/1766583366.json
[2025-12-24T13:58:37.341+0000] {logging_mixin.py:188} INFO - Downloaded MSFT/1766583380.json -> /tmp/minio_downloads/1766583380.json
[2025-12-24T13:58:37.359+0000] {logging_mixin.py:188} INFO - Downloaded MSFT/1766583393.json -> /tmp/minio_downloads/1766583393.json
[2025-12-24T13:58:37.374+0000] {logging_mixin.py:188} INFO - Downloaded MSFT/1766583407.json -> /tmp/minio_downloads/1766583407.json
[2025-12-24T13:58:37.394+0000] {logging_mixin.py:188} INFO - Downloaded MSFT/1766583420.json -> /tmp/minio_downloads/1766583420.json
[2025-12-24T13:58:37.412+0000] {logging_mixin.py:188} INFO - Downloaded MSFT/1766583436.json -> /tmp/minio_downloads/1766583436.json
[2025-12-24T13:58:37.429+0000] {logging_mixin.py:188} INFO - Downloaded MSFT/1766583448.json -> /tmp/minio_downloads/1766583448.json
[2025-12-24T13:58:37.447+0000] {logging_mixin.py:188} INFO - Downloaded MSFT/1766583461.json -> /tmp/minio_downloads/1766583461.json
[2025-12-24T13:58:37.465+0000] {logging_mixin.py:188} INFO - Downloaded MSFT/1766583473.json -> /tmp/minio_downloads/1766583473.json
[2025-12-24T13:58:37.481+0000] {logging_mixin.py:188} INFO - Downloaded MSFT/1766583487.json -> /tmp/minio_downloads/1766583487.json
[2025-12-24T13:58:37.498+0000] {logging_mixin.py:188} INFO - Downloaded MSFT/1766583499.json -> /tmp/minio_downloads/1766583499.json
[2025-12-24T13:58:37.514+0000] {logging_mixin.py:188} INFO - Downloaded MSFT/1766583513.json -> /tmp/minio_downloads/1766583513.json
[2025-12-24T13:58:37.531+0000] {logging_mixin.py:188} INFO - Downloaded MSFT/1766583525.json -> /tmp/minio_downloads/1766583525.json
[2025-12-24T13:58:37.548+0000] {logging_mixin.py:188} INFO - Downloaded MSFT/1766583539.json -> /tmp/minio_downloads/1766583539.json
[2025-12-24T13:58:37.564+0000] {logging_mixin.py:188} INFO - Downloaded MSFT/1766583552.json -> /tmp/minio_downloads/1766583552.json
[2025-12-24T13:58:37.583+0000] {logging_mixin.py:188} INFO - Downloaded MSFT/1766583565.json -> /tmp/minio_downloads/1766583565.json
[2025-12-24T13:58:37.604+0000] {logging_mixin.py:188} INFO - Downloaded MSFT/1766583579.json -> /tmp/minio_downloads/1766583579.json
[2025-12-24T13:58:37.626+0000] {logging_mixin.py:188} INFO - Downloaded MSFT/1766583593.json -> /tmp/minio_downloads/1766583593.json
[2025-12-24T13:58:37.644+0000] {logging_mixin.py:188} INFO - Downloaded MSFT/1766583608.json -> /tmp/minio_downloads/1766583608.json
[2025-12-24T13:58:37.665+0000] {logging_mixin.py:188} INFO - Downloaded MSFT/1766583622.json -> /tmp/minio_downloads/1766583622.json
[2025-12-24T13:58:37.682+0000] {logging_mixin.py:188} INFO - Downloaded MSFT/1766583635.json -> /tmp/minio_downloads/1766583635.json
[2025-12-24T13:58:37.701+0000] {logging_mixin.py:188} INFO - Downloaded MSFT/1766583649.json -> /tmp/minio_downloads/1766583649.json
[2025-12-24T13:58:37.721+0000] {logging_mixin.py:188} INFO - Downloaded MSFT/1766583662.json -> /tmp/minio_downloads/1766583662.json
[2025-12-24T13:58:37.742+0000] {logging_mixin.py:188} INFO - Downloaded MSFT/1766583675.json -> /tmp/minio_downloads/1766583675.json
[2025-12-24T13:58:37.761+0000] {logging_mixin.py:188} INFO - Downloaded MSFT/1766583689.json -> /tmp/minio_downloads/1766583689.json
[2025-12-24T13:58:37.782+0000] {logging_mixin.py:188} INFO - Downloaded MSFT/1766583703.json -> /tmp/minio_downloads/1766583703.json
[2025-12-24T13:58:37.802+0000] {logging_mixin.py:188} INFO - Downloaded MSFT/1766583715.json -> /tmp/minio_downloads/1766583715.json
[2025-12-24T13:58:37.820+0000] {logging_mixin.py:188} INFO - Downloaded MSFT/1766583729.json -> /tmp/minio_downloads/1766583729.json
[2025-12-24T13:58:37.855+0000] {logging_mixin.py:188} INFO - Downloaded MSFT/1766583743.json -> /tmp/minio_downloads/1766583743.json
[2025-12-24T13:58:37.874+0000] {logging_mixin.py:188} INFO - Downloaded MSFT/1766583756.json -> /tmp/minio_downloads/1766583756.json
[2025-12-24T13:58:37.900+0000] {logging_mixin.py:188} INFO - Downloaded MSFT/1766583770.json -> /tmp/minio_downloads/1766583770.json
[2025-12-24T13:58:37.922+0000] {logging_mixin.py:188} INFO - Downloaded MSFT/1766583784.json -> /tmp/minio_downloads/1766583784.json
[2025-12-24T13:58:37.948+0000] {logging_mixin.py:188} INFO - Downloaded MSFT/1766583797.json -> /tmp/minio_downloads/1766583797.json
[2025-12-24T13:58:37.971+0000] {logging_mixin.py:188} INFO - Downloaded MSFT/1766583810.json -> /tmp/minio_downloads/1766583810.json
[2025-12-24T13:58:37.995+0000] {logging_mixin.py:188} INFO - Downloaded MSFT/1766583824.json -> /tmp/minio_downloads/1766583824.json
[2025-12-24T13:58:38.014+0000] {logging_mixin.py:188} INFO - Downloaded MSFT/1766583838.json -> /tmp/minio_downloads/1766583838.json
[2025-12-24T13:58:38.035+0000] {logging_mixin.py:188} INFO - Downloaded MSFT/1766583852.json -> /tmp/minio_downloads/1766583852.json
[2025-12-24T13:58:38.057+0000] {logging_mixin.py:188} INFO - Downloaded MSFT/1766583864.json -> /tmp/minio_downloads/1766583864.json
[2025-12-24T13:58:38.085+0000] {logging_mixin.py:188} INFO - Downloaded MSFT/1766583877.json -> /tmp/minio_downloads/1766583877.json
[2025-12-24T13:58:38.105+0000] {logging_mixin.py:188} INFO - Downloaded MSFT/1766583890.json -> /tmp/minio_downloads/1766583890.json
[2025-12-24T13:58:38.127+0000] {logging_mixin.py:188} INFO - Downloaded MSFT/1766583902.json -> /tmp/minio_downloads/1766583902.json
[2025-12-24T13:58:38.151+0000] {logging_mixin.py:188} INFO - Downloaded MSFT/1766583915.json -> /tmp/minio_downloads/1766583915.json
[2025-12-24T13:58:38.176+0000] {logging_mixin.py:188} INFO - Downloaded MSFT/1766583929.json -> /tmp/minio_downloads/1766583929.json
[2025-12-24T13:58:38.197+0000] {logging_mixin.py:188} INFO - Downloaded MSFT/1766583942.json -> /tmp/minio_downloads/1766583942.json
[2025-12-24T13:58:38.216+0000] {logging_mixin.py:188} INFO - Downloaded MSFT/1766583955.json -> /tmp/minio_downloads/1766583955.json
[2025-12-24T13:58:38.244+0000] {logging_mixin.py:188} INFO - Downloaded MSFT/1766583969.json -> /tmp/minio_downloads/1766583969.json
[2025-12-24T13:58:38.270+0000] {logging_mixin.py:188} INFO - Downloaded MSFT/1766583983.json -> /tmp/minio_downloads/1766583983.json
[2025-12-24T13:58:38.299+0000] {logging_mixin.py:188} INFO - Downloaded MSFT/1766583995.json -> /tmp/minio_downloads/1766583995.json
[2025-12-24T13:58:38.336+0000] {logging_mixin.py:188} INFO - Downloaded MSFT/1766584008.json -> /tmp/minio_downloads/1766584008.json
[2025-12-24T13:58:38.362+0000] {logging_mixin.py:188} INFO - Downloaded MSFT/1766584022.json -> /tmp/minio_downloads/1766584022.json
[2025-12-24T13:58:38.393+0000] {logging_mixin.py:188} INFO - Downloaded MSFT/1766584036.json -> /tmp/minio_downloads/1766584036.json
[2025-12-24T13:58:38.415+0000] {logging_mixin.py:188} INFO - Downloaded MSFT/1766584049.json -> /tmp/minio_downloads/1766584049.json
[2025-12-24T13:58:38.442+0000] {logging_mixin.py:188} INFO - Downloaded MSFT/1766584063.json -> /tmp/minio_downloads/1766584063.json
[2025-12-24T13:58:38.469+0000] {logging_mixin.py:188} INFO - Downloaded MSFT/1766584077.json -> /tmp/minio_downloads/1766584077.json
[2025-12-24T13:58:38.496+0000] {logging_mixin.py:188} INFO - Downloaded MSFT/1766584090.json -> /tmp/minio_downloads/1766584090.json
[2025-12-24T13:58:38.518+0000] {logging_mixin.py:188} INFO - Downloaded MSFT/1766584103.json -> /tmp/minio_downloads/1766584103.json
[2025-12-24T13:58:38.542+0000] {logging_mixin.py:188} INFO - Downloaded MSFT/1766584116.json -> /tmp/minio_downloads/1766584116.json
[2025-12-24T13:58:38.564+0000] {logging_mixin.py:188} INFO - Downloaded MSFT/1766584130.json -> /tmp/minio_downloads/1766584130.json
[2025-12-24T13:58:38.597+0000] {logging_mixin.py:188} INFO - Downloaded MSFT/1766584143.json -> /tmp/minio_downloads/1766584143.json
[2025-12-24T13:58:38.623+0000] {logging_mixin.py:188} INFO - Downloaded MSFT/1766584156.json -> /tmp/minio_downloads/1766584156.json
[2025-12-24T13:58:38.655+0000] {logging_mixin.py:188} INFO - Downloaded MSFT/1766584169.json -> /tmp/minio_downloads/1766584169.json
[2025-12-24T13:58:38.691+0000] {logging_mixin.py:188} INFO - Downloaded MSFT/1766584183.json -> /tmp/minio_downloads/1766584183.json
[2025-12-24T13:58:38.713+0000] {logging_mixin.py:188} INFO - Downloaded MSFT/1766584197.json -> /tmp/minio_downloads/1766584197.json
[2025-12-24T13:58:38.736+0000] {logging_mixin.py:188} INFO - Downloaded MSFT/1766584211.json -> /tmp/minio_downloads/1766584211.json
[2025-12-24T13:58:38.765+0000] {logging_mixin.py:188} INFO - Downloaded MSFT/1766584225.json -> /tmp/minio_downloads/1766584225.json
[2025-12-24T13:58:38.787+0000] {logging_mixin.py:188} INFO - Downloaded MSFT/1766584238.json -> /tmp/minio_downloads/1766584238.json
[2025-12-24T13:58:38.806+0000] {logging_mixin.py:188} INFO - Downloaded MSFT/1766584251.json -> /tmp/minio_downloads/1766584251.json
[2025-12-24T13:58:38.829+0000] {logging_mixin.py:188} INFO - Downloaded MSFT/1766584264.json -> /tmp/minio_downloads/1766584264.json
[2025-12-24T13:58:38.846+0000] {logging_mixin.py:188} INFO - Downloaded MSFT/1766584277.json -> /tmp/minio_downloads/1766584277.json
[2025-12-24T13:58:38.865+0000] {logging_mixin.py:188} INFO - Downloaded MSFT/1766584291.json -> /tmp/minio_downloads/1766584291.json
[2025-12-24T13:58:38.904+0000] {logging_mixin.py:188} INFO - Downloaded MSFT/1766584304.json -> /tmp/minio_downloads/1766584304.json
[2025-12-24T13:58:38.933+0000] {logging_mixin.py:188} INFO - Downloaded MSFT/1766584318.json -> /tmp/minio_downloads/1766584318.json
[2025-12-24T13:58:38.950+0000] {logging_mixin.py:188} INFO - Downloaded MSFT/1766584332.json -> /tmp/minio_downloads/1766584332.json
[2025-12-24T13:58:39.002+0000] {logging_mixin.py:188} INFO - Downloaded MSFT/1766584346.json -> /tmp/minio_downloads/1766584346.json
[2025-12-24T13:58:39.021+0000] {logging_mixin.py:188} INFO - Downloaded MSFT/1766584361.json -> /tmp/minio_downloads/1766584361.json
[2025-12-24T13:58:39.049+0000] {logging_mixin.py:188} INFO - Downloaded MSFT/1766584375.json -> /tmp/minio_downloads/1766584375.json
[2025-12-24T13:58:39.068+0000] {logging_mixin.py:188} INFO - Downloaded MSFT/1766584389.json -> /tmp/minio_downloads/1766584389.json
[2025-12-24T13:58:39.101+0000] {logging_mixin.py:188} INFO - Downloaded MSFT/1766584401.json -> /tmp/minio_downloads/1766584401.json
[2025-12-24T13:58:39.133+0000] {logging_mixin.py:188} INFO - Downloaded MSFT/1766584414.json -> /tmp/minio_downloads/1766584414.json
[2025-12-24T13:58:39.201+0000] {logging_mixin.py:188} INFO - Downloaded MSFT/1766584427.json -> /tmp/minio_downloads/1766584427.json
[2025-12-24T13:58:39.297+0000] {logging_mixin.py:188} INFO - Downloaded MSFT/1766584441.json -> /tmp/minio_downloads/1766584441.json
[2025-12-24T13:58:39.336+0000] {logging_mixin.py:188} INFO - Downloaded MSFT/1766584454.json -> /tmp/minio_downloads/1766584454.json
[2025-12-24T13:58:39.396+0000] {logging_mixin.py:188} INFO - Downloaded MSFT/1766584467.json -> /tmp/minio_downloads/1766584467.json
[2025-12-24T13:58:39.414+0000] {logging_mixin.py:188} INFO - Downloaded MSFT/1766584480.json -> /tmp/minio_downloads/1766584480.json
[2025-12-24T13:58:39.690+0000] {logging_mixin.py:188} INFO - Downloaded MSFT/1766584493.json -> /tmp/minio_downloads/1766584493.json
[2025-12-24T13:58:39.769+0000] {logging_mixin.py:188} INFO - Downloaded MSFT/1766584506.json -> /tmp/minio_downloads/1766584506.json
[2025-12-24T13:58:39.841+0000] {logging_mixin.py:188} INFO - Downloaded MSFT/1766584518.json -> /tmp/minio_downloads/1766584518.json
[2025-12-24T13:58:39.858+0000] {logging_mixin.py:188} INFO - Downloaded MSFT/1766584532.json -> /tmp/minio_downloads/1766584532.json
[2025-12-24T13:58:39.874+0000] {logging_mixin.py:188} INFO - Downloaded MSFT/1766584544.json -> /tmp/minio_downloads/1766584544.json
[2025-12-24T13:58:39.911+0000] {logging_mixin.py:188} INFO - Downloaded MSFT/1766584557.json -> /tmp/minio_downloads/1766584557.json
[2025-12-24T13:58:39.989+0000] {logging_mixin.py:188} INFO - Downloaded MSFT/1766584570.json -> /tmp/minio_downloads/1766584570.json
[2025-12-24T13:58:40.017+0000] {logging_mixin.py:188} INFO - Downloaded MSFT/1766584583.json -> /tmp/minio_downloads/1766584583.json
[2025-12-24T13:58:40.086+0000] {logging_mixin.py:188} INFO - Downloaded MSFT/1766584597.json -> /tmp/minio_downloads/1766584597.json
[2025-12-24T13:58:40.102+0000] {logging_mixin.py:188} INFO - Downloaded MSFT/1766584611.json -> /tmp/minio_downloads/1766584611.json
[2025-12-24T13:58:40.158+0000] {logging_mixin.py:188} INFO - Downloaded MSFT/1766584624.json -> /tmp/minio_downloads/1766584624.json
[2025-12-24T13:58:40.234+0000] {logging_mixin.py:188} INFO - Downloaded TSLA/1766583262.json -> /tmp/minio_downloads/1766583262.json
[2025-12-24T13:58:40.304+0000] {logging_mixin.py:188} INFO - Downloaded TSLA/1766583276.json -> /tmp/minio_downloads/1766583276.json
[2025-12-24T13:58:40.336+0000] {logging_mixin.py:188} INFO - Downloaded TSLA/1766583289.json -> /tmp/minio_downloads/1766583289.json
[2025-12-24T13:58:40.352+0000] {logging_mixin.py:188} INFO - Downloaded TSLA/1766583302.json -> /tmp/minio_downloads/1766583302.json
[2025-12-24T13:58:40.500+0000] {logging_mixin.py:188} INFO - Downloaded TSLA/1766583315.json -> /tmp/minio_downloads/1766583315.json
[2025-12-24T13:58:40.521+0000] {logging_mixin.py:188} INFO - Downloaded TSLA/1766583329.json -> /tmp/minio_downloads/1766583329.json
[2025-12-24T13:58:40.540+0000] {logging_mixin.py:188} INFO - Downloaded TSLA/1766583342.json -> /tmp/minio_downloads/1766583342.json
[2025-12-24T13:58:40.563+0000] {logging_mixin.py:188} INFO - Downloaded TSLA/1766583355.json -> /tmp/minio_downloads/1766583355.json
[2025-12-24T13:58:40.664+0000] {logging_mixin.py:188} INFO - Downloaded TSLA/1766583368.json -> /tmp/minio_downloads/1766583368.json
[2025-12-24T13:58:40.683+0000] {logging_mixin.py:188} INFO - Downloaded TSLA/1766583381.json -> /tmp/minio_downloads/1766583381.json
[2025-12-24T13:58:40.701+0000] {logging_mixin.py:188} INFO - Downloaded TSLA/1766583394.json -> /tmp/minio_downloads/1766583394.json
[2025-12-24T13:58:40.784+0000] {logging_mixin.py:188} INFO - Downloaded TSLA/1766583408.json -> /tmp/minio_downloads/1766583408.json
[2025-12-24T13:58:40.803+0000] {logging_mixin.py:188} INFO - Downloaded TSLA/1766583422.json -> /tmp/minio_downloads/1766583422.json
[2025-12-24T13:58:40.823+0000] {logging_mixin.py:188} INFO - Downloaded TSLA/1766583437.json -> /tmp/minio_downloads/1766583437.json
[2025-12-24T13:58:40.905+0000] {logging_mixin.py:188} INFO - Downloaded TSLA/1766583449.json -> /tmp/minio_downloads/1766583449.json
[2025-12-24T13:58:40.930+0000] {logging_mixin.py:188} INFO - Downloaded TSLA/1766583462.json -> /tmp/minio_downloads/1766583462.json
[2025-12-24T13:58:40.952+0000] {logging_mixin.py:188} INFO - Downloaded TSLA/1766583474.json -> /tmp/minio_downloads/1766583474.json
[2025-12-24T13:58:40.972+0000] {logging_mixin.py:188} INFO - Downloaded TSLA/1766583488.json -> /tmp/minio_downloads/1766583488.json
[2025-12-24T13:58:40.991+0000] {logging_mixin.py:188} INFO - Downloaded TSLA/1766583501.json -> /tmp/minio_downloads/1766583501.json
[2025-12-24T13:58:41.010+0000] {logging_mixin.py:188} INFO - Downloaded TSLA/1766583514.json -> /tmp/minio_downloads/1766583514.json
[2025-12-24T13:58:41.030+0000] {logging_mixin.py:188} INFO - Downloaded TSLA/1766583527.json -> /tmp/minio_downloads/1766583527.json
[2025-12-24T13:58:41.047+0000] {logging_mixin.py:188} INFO - Downloaded TSLA/1766583541.json -> /tmp/minio_downloads/1766583541.json
[2025-12-24T13:58:41.072+0000] {logging_mixin.py:188} INFO - Downloaded TSLA/1766583553.json -> /tmp/minio_downloads/1766583553.json
[2025-12-24T13:58:41.097+0000] {logging_mixin.py:188} INFO - Downloaded TSLA/1766583567.json -> /tmp/minio_downloads/1766583567.json
[2025-12-24T13:58:41.114+0000] {logging_mixin.py:188} INFO - Downloaded TSLA/1766583582.json -> /tmp/minio_downloads/1766583582.json
[2025-12-24T13:58:41.131+0000] {logging_mixin.py:188} INFO - Downloaded TSLA/1766583595.json -> /tmp/minio_downloads/1766583595.json
[2025-12-24T13:58:41.153+0000] {logging_mixin.py:188} INFO - Downloaded TSLA/1766583609.json -> /tmp/minio_downloads/1766583609.json
[2025-12-24T13:58:41.174+0000] {logging_mixin.py:188} INFO - Downloaded TSLA/1766583623.json -> /tmp/minio_downloads/1766583623.json
[2025-12-24T13:58:41.195+0000] {logging_mixin.py:188} INFO - Downloaded TSLA/1766583637.json -> /tmp/minio_downloads/1766583637.json
[2025-12-24T13:58:41.217+0000] {logging_mixin.py:188} INFO - Downloaded TSLA/1766583650.json -> /tmp/minio_downloads/1766583650.json
[2025-12-24T13:58:41.404+0000] {logging_mixin.py:188} INFO - Downloaded TSLA/1766583663.json -> /tmp/minio_downloads/1766583663.json
[2025-12-24T13:58:41.422+0000] {logging_mixin.py:188} INFO - Downloaded TSLA/1766583677.json -> /tmp/minio_downloads/1766583677.json
[2025-12-24T13:58:41.443+0000] {logging_mixin.py:188} INFO - Downloaded TSLA/1766583690.json -> /tmp/minio_downloads/1766583690.json
[2025-12-24T13:58:41.464+0000] {logging_mixin.py:188} INFO - Downloaded TSLA/1766583704.json -> /tmp/minio_downloads/1766583704.json
[2025-12-24T13:58:41.484+0000] {logging_mixin.py:188} INFO - Downloaded TSLA/1766583717.json -> /tmp/minio_downloads/1766583717.json
[2025-12-24T13:58:41.505+0000] {logging_mixin.py:188} INFO - Downloaded TSLA/1766583730.json -> /tmp/minio_downloads/1766583730.json
[2025-12-24T13:58:41.527+0000] {logging_mixin.py:188} INFO - Downloaded TSLA/1766583744.json -> /tmp/minio_downloads/1766583744.json
[2025-12-24T13:58:41.551+0000] {logging_mixin.py:188} INFO - Downloaded TSLA/1766583758.json -> /tmp/minio_downloads/1766583758.json
[2025-12-24T13:58:41.574+0000] {logging_mixin.py:188} INFO - Downloaded TSLA/1766583771.json -> /tmp/minio_downloads/1766583771.json
[2025-12-24T13:58:41.596+0000] {logging_mixin.py:188} INFO - Downloaded TSLA/1766583785.json -> /tmp/minio_downloads/1766583785.json
[2025-12-24T13:58:41.616+0000] {logging_mixin.py:188} INFO - Downloaded TSLA/1766583798.json -> /tmp/minio_downloads/1766583798.json
[2025-12-24T13:58:41.636+0000] {logging_mixin.py:188} INFO - Downloaded TSLA/1766583812.json -> /tmp/minio_downloads/1766583812.json
[2025-12-24T13:58:41.658+0000] {logging_mixin.py:188} INFO - Downloaded TSLA/1766583826.json -> /tmp/minio_downloads/1766583826.json
[2025-12-24T13:58:41.678+0000] {logging_mixin.py:188} INFO - Downloaded TSLA/1766583840.json -> /tmp/minio_downloads/1766583840.json
[2025-12-24T13:58:41.700+0000] {logging_mixin.py:188} INFO - Downloaded TSLA/1766583853.json -> /tmp/minio_downloads/1766583853.json
[2025-12-24T13:58:41.723+0000] {logging_mixin.py:188} INFO - Downloaded TSLA/1766583866.json -> /tmp/minio_downloads/1766583866.json
[2025-12-24T13:58:41.749+0000] {logging_mixin.py:188} INFO - Downloaded TSLA/1766583879.json -> /tmp/minio_downloads/1766583879.json
[2025-12-24T13:58:41.781+0000] {logging_mixin.py:188} INFO - Downloaded TSLA/1766583891.json -> /tmp/minio_downloads/1766583891.json
[2025-12-24T13:58:41.805+0000] {logging_mixin.py:188} INFO - Downloaded TSLA/1766583903.json -> /tmp/minio_downloads/1766583903.json
[2025-12-24T13:58:41.827+0000] {logging_mixin.py:188} INFO - Downloaded TSLA/1766583917.json -> /tmp/minio_downloads/1766583917.json
[2025-12-24T13:58:41.852+0000] {logging_mixin.py:188} INFO - Downloaded TSLA/1766583930.json -> /tmp/minio_downloads/1766583930.json
[2025-12-24T13:58:41.873+0000] {logging_mixin.py:188} INFO - Downloaded TSLA/1766583943.json -> /tmp/minio_downloads/1766583943.json
[2025-12-24T13:58:41.901+0000] {logging_mixin.py:188} INFO - Downloaded TSLA/1766583957.json -> /tmp/minio_downloads/1766583957.json
[2025-12-24T13:58:41.918+0000] {logging_mixin.py:188} INFO - Downloaded TSLA/1766583970.json -> /tmp/minio_downloads/1766583970.json
[2025-12-24T13:58:41.944+0000] {logging_mixin.py:188} INFO - Downloaded TSLA/1766583984.json -> /tmp/minio_downloads/1766583984.json
[2025-12-24T13:58:41.972+0000] {logging_mixin.py:188} INFO - Downloaded TSLA/1766583997.json -> /tmp/minio_downloads/1766583997.json
[2025-12-24T13:58:41.994+0000] {logging_mixin.py:188} INFO - Downloaded TSLA/1766584009.json -> /tmp/minio_downloads/1766584009.json
[2025-12-24T13:58:42.017+0000] {logging_mixin.py:188} INFO - Downloaded TSLA/1766584024.json -> /tmp/minio_downloads/1766584024.json
[2025-12-24T13:58:42.044+0000] {logging_mixin.py:188} INFO - Downloaded TSLA/1766584037.json -> /tmp/minio_downloads/1766584037.json
[2025-12-24T13:58:42.068+0000] {logging_mixin.py:188} INFO - Downloaded TSLA/1766584051.json -> /tmp/minio_downloads/1766584051.json
[2025-12-24T13:58:42.091+0000] {logging_mixin.py:188} INFO - Downloaded TSLA/1766584064.json -> /tmp/minio_downloads/1766584064.json
[2025-12-24T13:58:42.112+0000] {logging_mixin.py:188} INFO - Downloaded TSLA/1766584078.json -> /tmp/minio_downloads/1766584078.json
[2025-12-24T13:58:42.131+0000] {logging_mixin.py:188} INFO - Downloaded TSLA/1766584091.json -> /tmp/minio_downloads/1766584091.json
[2025-12-24T13:58:42.152+0000] {logging_mixin.py:188} INFO - Downloaded TSLA/1766584104.json -> /tmp/minio_downloads/1766584104.json
[2025-12-24T13:58:42.174+0000] {logging_mixin.py:188} INFO - Downloaded TSLA/1766584118.json -> /tmp/minio_downloads/1766584118.json
[2025-12-24T13:58:42.196+0000] {logging_mixin.py:188} INFO - Downloaded TSLA/1766584132.json -> /tmp/minio_downloads/1766584132.json
[2025-12-24T13:58:42.224+0000] {logging_mixin.py:188} INFO - Downloaded TSLA/1766584144.json -> /tmp/minio_downloads/1766584144.json
[2025-12-24T13:58:42.250+0000] {logging_mixin.py:188} INFO - Downloaded TSLA/1766584158.json -> /tmp/minio_downloads/1766584158.json
[2025-12-24T13:58:42.278+0000] {logging_mixin.py:188} INFO - Downloaded TSLA/1766584171.json -> /tmp/minio_downloads/1766584171.json
[2025-12-24T13:58:42.303+0000] {logging_mixin.py:188} INFO - Downloaded TSLA/1766584185.json -> /tmp/minio_downloads/1766584185.json
[2025-12-24T13:58:42.328+0000] {logging_mixin.py:188} INFO - Downloaded TSLA/1766584199.json -> /tmp/minio_downloads/1766584199.json
[2025-12-24T13:58:42.355+0000] {logging_mixin.py:188} INFO - Downloaded TSLA/1766584213.json -> /tmp/minio_downloads/1766584213.json
[2025-12-24T13:58:42.382+0000] {logging_mixin.py:188} INFO - Downloaded TSLA/1766584226.json -> /tmp/minio_downloads/1766584226.json
[2025-12-24T13:58:42.405+0000] {logging_mixin.py:188} INFO - Downloaded TSLA/1766584240.json -> /tmp/minio_downloads/1766584240.json
[2025-12-24T13:58:42.436+0000] {logging_mixin.py:188} INFO - Downloaded TSLA/1766584252.json -> /tmp/minio_downloads/1766584252.json
[2025-12-24T13:58:42.463+0000] {logging_mixin.py:188} INFO - Downloaded TSLA/1766584265.json -> /tmp/minio_downloads/1766584265.json
[2025-12-24T13:58:42.493+0000] {logging_mixin.py:188} INFO - Downloaded TSLA/1766584279.json -> /tmp/minio_downloads/1766584279.json
[2025-12-24T13:58:42.524+0000] {logging_mixin.py:188} INFO - Downloaded TSLA/1766584292.json -> /tmp/minio_downloads/1766584292.json
[2025-12-24T13:58:42.551+0000] {logging_mixin.py:188} INFO - Downloaded TSLA/1766584306.json -> /tmp/minio_downloads/1766584306.json
[2025-12-24T13:58:42.580+0000] {logging_mixin.py:188} INFO - Downloaded TSLA/1766584320.json -> /tmp/minio_downloads/1766584320.json
[2025-12-24T13:58:42.615+0000] {logging_mixin.py:188} INFO - Downloaded TSLA/1766584334.json -> /tmp/minio_downloads/1766584334.json
[2025-12-24T13:58:42.640+0000] {logging_mixin.py:188} INFO - Downloaded TSLA/1766584348.json -> /tmp/minio_downloads/1766584348.json
[2025-12-24T13:58:42.665+0000] {logging_mixin.py:188} INFO - Downloaded TSLA/1766584363.json -> /tmp/minio_downloads/1766584363.json
[2025-12-24T13:58:42.689+0000] {logging_mixin.py:188} INFO - Downloaded TSLA/1766584377.json -> /tmp/minio_downloads/1766584377.json
[2025-12-24T13:58:42.712+0000] {logging_mixin.py:188} INFO - Downloaded TSLA/1766584390.json -> /tmp/minio_downloads/1766584390.json
[2025-12-24T13:58:42.733+0000] {logging_mixin.py:188} INFO - Downloaded TSLA/1766584403.json -> /tmp/minio_downloads/1766584403.json
[2025-12-24T13:58:42.759+0000] {logging_mixin.py:188} INFO - Downloaded TSLA/1766584416.json -> /tmp/minio_downloads/1766584416.json
[2025-12-24T13:58:42.783+0000] {logging_mixin.py:188} INFO - Downloaded TSLA/1766584429.json -> /tmp/minio_downloads/1766584429.json
[2025-12-24T13:58:42.810+0000] {logging_mixin.py:188} INFO - Downloaded TSLA/1766584442.json -> /tmp/minio_downloads/1766584442.json
[2025-12-24T13:58:42.839+0000] {logging_mixin.py:188} INFO - Downloaded TSLA/1766584455.json -> /tmp/minio_downloads/1766584455.json
[2025-12-24T13:58:42.865+0000] {logging_mixin.py:188} INFO - Downloaded TSLA/1766584468.json -> /tmp/minio_downloads/1766584468.json
[2025-12-24T13:58:42.899+0000] {logging_mixin.py:188} INFO - Downloaded TSLA/1766584481.json -> /tmp/minio_downloads/1766584481.json
[2025-12-24T13:58:42.929+0000] {logging_mixin.py:188} INFO - Downloaded TSLA/1766584495.json -> /tmp/minio_downloads/1766584495.json
[2025-12-24T13:58:42.960+0000] {logging_mixin.py:188} INFO - Downloaded TSLA/1766584507.json -> /tmp/minio_downloads/1766584507.json
[2025-12-24T13:58:42.991+0000] {logging_mixin.py:188} INFO - Downloaded TSLA/1766584520.json -> /tmp/minio_downloads/1766584520.json
[2025-12-24T13:58:43.020+0000] {logging_mixin.py:188} INFO - Downloaded TSLA/1766584533.json -> /tmp/minio_downloads/1766584533.json
[2025-12-24T13:58:43.047+0000] {logging_mixin.py:188} INFO - Downloaded TSLA/1766584546.json -> /tmp/minio_downloads/1766584546.json
[2025-12-24T13:58:43.083+0000] {logging_mixin.py:188} INFO - Downloaded TSLA/1766584559.json -> /tmp/minio_downloads/1766584559.json
[2025-12-24T13:58:43.108+0000] {logging_mixin.py:188} INFO - Downloaded TSLA/1766584572.json -> /tmp/minio_downloads/1766584572.json
[2025-12-24T13:58:43.139+0000] {logging_mixin.py:188} INFO - Downloaded TSLA/1766584585.json -> /tmp/minio_downloads/1766584585.json
[2025-12-24T13:58:43.183+0000] {logging_mixin.py:188} INFO - Downloaded TSLA/1766584599.json -> /tmp/minio_downloads/1766584599.json
[2025-12-24T13:58:43.218+0000] {logging_mixin.py:188} INFO - Downloaded TSLA/1766584613.json -> /tmp/minio_downloads/1766584613.json
[2025-12-24T13:58:43.257+0000] {logging_mixin.py:188} INFO - Downloaded TSLA/1766584625.json -> /tmp/minio_downloads/1766584625.json
[2025-12-24T13:58:43.268+0000] {python.py:237} INFO - Done. Returned value was: ['/tmp/minio_downloads/1766583258.json', '/tmp/minio_downloads/1766583273.json', '/tmp/minio_downloads/1766583286.json', '/tmp/minio_downloads/1766583299.json', '/tmp/minio_downloads/1766583313.json', '/tmp/minio_downloads/1766583326.json', '/tmp/minio_downloads/1766583339.json', '/tmp/minio_downloads/1766583352.json', '/tmp/minio_downloads/1766583365.json', '/tmp/minio_downloads/1766583378.json', '/tmp/minio_downloads/1766583391.json', '/tmp/minio_downloads/1766583405.json', '/tmp/minio_downloads/1766583419.json', '/tmp/minio_downloads/1766583434.json', '/tmp/minio_downloads/1766583447.json', '/tmp/minio_downloads/1766583459.json', '/tmp/minio_downloads/1766583472.json', '/tmp/minio_downloads/1766583485.json', '/tmp/minio_downloads/1766583498.json', '/tmp/minio_downloads/1766583511.json', '/tmp/minio_downloads/1766583524.json', '/tmp/minio_downloads/1766583538.json', '/tmp/minio_downloads/1766583551.json', '/tmp/minio_downloads/1766583564.json', '/tmp/minio_downloads/1766583577.json', '/tmp/minio_downloads/1766583592.json', '/tmp/minio_downloads/1766583607.json', '/tmp/minio_downloads/1766583621.json', '/tmp/minio_downloads/1766583634.json', '/tmp/minio_downloads/1766583648.json', '/tmp/minio_downloads/1766583660.json', '/tmp/minio_downloads/1766583674.json', '/tmp/minio_downloads/1766583687.json', '/tmp/minio_downloads/1766583701.json', '/tmp/minio_downloads/1766583714.json', '/tmp/minio_downloads/1766583727.json', '/tmp/minio_downloads/1766583741.json', '/tmp/minio_downloads/1766583755.json', '/tmp/minio_downloads/1766583768.json', '/tmp/minio_downloads/1766583782.json', '/tmp/minio_downloads/1766583795.json', '/tmp/minio_downloads/1766583809.json', '/tmp/minio_downloads/1766583822.json', '/tmp/minio_downloads/1766583837.json', '/tmp/minio_downloads/1766583850.json', '/tmp/minio_downloads/1766583863.json', '/tmp/minio_downloads/1766583876.json', '/tmp/minio_downloads/1766583888.json', '/tmp/minio_downloads/1766583901.json', '/tmp/minio_downloads/1766583914.json', '/tmp/minio_downloads/1766583927.json', '/tmp/minio_downloads/1766583940.json', '/tmp/minio_downloads/1766583954.json', '/tmp/minio_downloads/1766583967.json', '/tmp/minio_downloads/1766583981.json', '/tmp/minio_downloads/1766583994.json', '/tmp/minio_downloads/1766584007.json', '/tmp/minio_downloads/1766584020.json', '/tmp/minio_downloads/1766584034.json', '/tmp/minio_downloads/1766584048.json', '/tmp/minio_downloads/1766584062.json', '/tmp/minio_downloads/1766584075.json', '/tmp/minio_downloads/1766584088.json', '/tmp/minio_downloads/1766584101.json', '/tmp/minio_downloads/1766584114.json', '/tmp/minio_downloads/1766584129.json', '/tmp/minio_downloads/1766584141.json', '/tmp/minio_downloads/1766584155.json', '/tmp/minio_downloads/1766584168.json', '/tmp/minio_downloads/1766584181.json', '/tmp/minio_downloads/1766584196.json', '/tmp/minio_downloads/1766584210.json', '/tmp/minio_downloads/1766584223.json', '/tmp/minio_downloads/1766584237.json', '/tmp/minio_downloads/1766584250.json', '/tmp/minio_downloads/1766584262.json', '/tmp/minio_downloads/1766584276.json', '/tmp/minio_downloads/1766584289.json', '/tmp/minio_downloads/1766584303.json', '/tmp/minio_downloads/1766584316.json', '/tmp/minio_downloads/1766584331.json', '/tmp/minio_downloads/1766584344.json', '/tmp/minio_downloads/1766584359.json', '/tmp/minio_downloads/1766584373.json', '/tmp/minio_downloads/1766584387.json', '/tmp/minio_downloads/1766584400.json', '/tmp/minio_downloads/1766584413.json', '/tmp/minio_downloads/1766584426.json', '/tmp/minio_downloads/1766584439.json', '/tmp/minio_downloads/1766584452.json', '/tmp/minio_downloads/1766584465.json', '/tmp/minio_downloads/1766584479.json', '/tmp/minio_downloads/1766584492.json', '/tmp/minio_downloads/1766584505.json', '/tmp/minio_downloads/1766584517.json', '/tmp/minio_downloads/1766584530.json', '/tmp/minio_downloads/1766584543.json', '/tmp/minio_downloads/1766584556.json', '/tmp/minio_downloads/1766584569.json', '/tmp/minio_downloads/1766584582.json', '/tmp/minio_downloads/1766584596.json', '/tmp/minio_downloads/1766584610.json', '/tmp/minio_downloads/1766584622.json', '/tmp/minio_downloads/1766583266.json', '/tmp/minio_downloads/1766583278.json', '/tmp/minio_downloads/1766583292.json', '/tmp/minio_downloads/1766583305.json', '/tmp/minio_downloads/1766583318.json', '/tmp/minio_downloads/1766583332.json', '/tmp/minio_downloads/1766583345.json', '/tmp/minio_downloads/1766583358.json', '/tmp/minio_downloads/1766583371.json', '/tmp/minio_downloads/1766583384.json', '/tmp/minio_downloads/1766583398.json', '/tmp/minio_downloads/1766583411.json', '/tmp/minio_downloads/1766583426.json', '/tmp/minio_downloads/1766583439.json', '/tmp/minio_downloads/1766583452.json', '/tmp/minio_downloads/1766583464.json', '/tmp/minio_downloads/1766583477.json', '/tmp/minio_downloads/1766583491.json', '/tmp/minio_downloads/1766583503.json', '/tmp/minio_downloads/1766583517.json', '/tmp/minio_downloads/1766583530.json', '/tmp/minio_downloads/1766583543.json', '/tmp/minio_downloads/1766583556.json', '/tmp/minio_downloads/1766583570.json', '/tmp/minio_downloads/1766583584.json', '/tmp/minio_downloads/1766583599.json', '/tmp/minio_downloads/1766583613.json', '/tmp/minio_downloads/1766583626.json', '/tmp/minio_downloads/1766583640.json', '/tmp/minio_downloads/1766583653.json', '/tmp/minio_downloads/1766583666.json', '/tmp/minio_downloads/1766583680.json', '/tmp/minio_downloads/1766583694.json', '/tmp/minio_downloads/1766583707.json', '/tmp/minio_downloads/1766583720.json', '/tmp/minio_downloads/1766583734.json', '/tmp/minio_downloads/1766583747.json', '/tmp/minio_downloads/1766583761.json', '/tmp/minio_downloads/1766583774.json', '/tmp/minio_downloads/1766583788.json', '/tmp/minio_downloads/1766583801.json', '/tmp/minio_downloads/1766583815.json', '/tmp/minio_downloads/1766583829.json', '/tmp/minio_downloads/1766583843.json', '/tmp/minio_downloads/1766583856.json', '/tmp/minio_downloads/1766583868.json', '/tmp/minio_downloads/1766583881.json', '/tmp/minio_downloads/1766583893.json', '/tmp/minio_downloads/1766583906.json', '/tmp/minio_downloads/1766583920.json', '/tmp/minio_downloads/1766583933.json', '/tmp/minio_downloads/1766583947.json', '/tmp/minio_downloads/1766583960.json', '/tmp/minio_downloads/1766583974.json', '/tmp/minio_downloads/1766583987.json', '/tmp/minio_downloads/1766583999.json', '/tmp/minio_downloads/1766584012.json', '/tmp/minio_downloads/1766584027.json', '/tmp/minio_downloads/1766584040.json', '/tmp/minio_downloads/1766584054.json', '/tmp/minio_downloads/1766584067.json', '/tmp/minio_downloads/1766584081.json', '/tmp/minio_downloads/1766584094.json', '/tmp/minio_downloads/1766584107.json', '/tmp/minio_downloads/1766584121.json', '/tmp/minio_downloads/1766584134.json', '/tmp/minio_downloads/1766584148.json', '/tmp/minio_downloads/1766584161.json', '/tmp/minio_downloads/1766584173.json', '/tmp/minio_downloads/1766584188.json', '/tmp/minio_downloads/1766584202.json', '/tmp/minio_downloads/1766584215.json', '/tmp/minio_downloads/1766584229.json', '/tmp/minio_downloads/1766584242.json', '/tmp/minio_downloads/1766584255.json', '/tmp/minio_downloads/1766584268.json', '/tmp/minio_downloads/1766584282.json', '/tmp/minio_downloads/1766584295.json', '/tmp/minio_downloads/1766584309.json', '/tmp/minio_downloads/1766584323.json', '/tmp/minio_downloads/1766584336.json', '/tmp/minio_downloads/1766584352.json', '/tmp/minio_downloads/1766584366.json', '/tmp/minio_downloads/1766584380.json', '/tmp/minio_downloads/1766584393.json', '/tmp/minio_downloads/1766584406.json', '/tmp/minio_downloads/1766584419.json', '/tmp/minio_downloads/1766584432.json', '/tmp/minio_downloads/1766584445.json', '/tmp/minio_downloads/1766584458.json', '/tmp/minio_downloads/1766584471.json', '/tmp/minio_downloads/1766584484.json', '/tmp/minio_downloads/1766584497.json', '/tmp/minio_downloads/1766584510.json', '/tmp/minio_downloads/1766584523.json', '/tmp/minio_downloads/1766584536.json', '/tmp/minio_downloads/1766584548.json', '/tmp/minio_downloads/1766584562.json', '/tmp/minio_downloads/1766584575.json', '/tmp/minio_downloads/1766584588.json', '/tmp/minio_downloads/1766584602.json', '/tmp/minio_downloads/1766584615.json', '/tmp/minio_downloads/1766584627.json', '/tmp/minio_downloads/1766583264.json', '/tmp/minio_downloads/1766583277.json', '/tmp/minio_downloads/1766583291.json', '/tmp/minio_downloads/1766583304.json', '/tmp/minio_downloads/1766583316.json', '/tmp/minio_downloads/1766583330.json', '/tmp/minio_downloads/1766583343.json', '/tmp/minio_downloads/1766583356.json', '/tmp/minio_downloads/1766583370.json', '/tmp/minio_downloads/1766583383.json', '/tmp/minio_downloads/1766583396.json', '/tmp/minio_downloads/1766583410.json', '/tmp/minio_downloads/1766583425.json', '/tmp/minio_downloads/1766583438.json', '/tmp/minio_downloads/1766583451.json', '/tmp/minio_downloads/1766583463.json', '/tmp/minio_downloads/1766583476.json', '/tmp/minio_downloads/1766583489.json', '/tmp/minio_downloads/1766583502.json', '/tmp/minio_downloads/1766583515.json', '/tmp/minio_downloads/1766583528.json', '/tmp/minio_downloads/1766583542.json', '/tmp/minio_downloads/1766583555.json', '/tmp/minio_downloads/1766583568.json', '/tmp/minio_downloads/1766583583.json', '/tmp/minio_downloads/1766583597.json', '/tmp/minio_downloads/1766583611.json', '/tmp/minio_downloads/1766583625.json', '/tmp/minio_downloads/1766583638.json', '/tmp/minio_downloads/1766583652.json', '/tmp/minio_downloads/1766583664.json', '/tmp/minio_downloads/1766583678.json', '/tmp/minio_downloads/1766583692.json', '/tmp/minio_downloads/1766583705.json', '/tmp/minio_downloads/1766583718.json', '/tmp/minio_downloads/1766583732.json', '/tmp/minio_downloads/1766583745.json', '/tmp/minio_downloads/1766583759.json', '/tmp/minio_downloads/1766583773.json', '/tmp/minio_downloads/1766583787.json', '/tmp/minio_downloads/1766583800.json', '/tmp/minio_downloads/1766583814.json', '/tmp/minio_downloads/1766583828.json', '/tmp/minio_downloads/1766583841.json', '/tmp/minio_downloads/1766583855.json', '/tmp/minio_downloads/1766583867.json', '/tmp/minio_downloads/1766583880.json', '/tmp/minio_downloads/1766583892.json', '/tmp/minio_downloads/1766583904.json', '/tmp/minio_downloads/1766583918.json', '/tmp/minio_downloads/1766583932.json', '/tmp/minio_downloads/1766583945.json', '/tmp/minio_downloads/1766583958.json', '/tmp/minio_downloads/1766583972.json', '/tmp/minio_downloads/1766583986.json', '/tmp/minio_downloads/1766583998.json', '/tmp/minio_downloads/1766584011.json', '/tmp/minio_downloads/1766584025.json', '/tmp/minio_downloads/1766584039.json', '/tmp/minio_downloads/1766584053.json', '/tmp/minio_downloads/1766584066.json', '/tmp/minio_downloads/1766584079.json', '/tmp/minio_downloads/1766584093.json', '/tmp/minio_downloads/1766584105.json', '/tmp/minio_downloads/1766584120.json', '/tmp/minio_downloads/1766584133.json', '/tmp/minio_downloads/1766584146.json', '/tmp/minio_downloads/1766584159.json', '/tmp/minio_downloads/1766584172.json', '/tmp/minio_downloads/1766584187.json', '/tmp/minio_downloads/1766584201.json', '/tmp/minio_downloads/1766584214.json', '/tmp/minio_downloads/1766584228.json', '/tmp/minio_downloads/1766584241.json', '/tmp/minio_downloads/1766584254.json', '/tmp/minio_downloads/1766584266.json', '/tmp/minio_downloads/1766584280.json', '/tmp/minio_downloads/1766584294.json', '/tmp/minio_downloads/1766584307.json', '/tmp/minio_downloads/1766584321.json', '/tmp/minio_downloads/1766584335.json', '/tmp/minio_downloads/1766584350.json', '/tmp/minio_downloads/1766584364.json', '/tmp/minio_downloads/1766584378.json', '/tmp/minio_downloads/1766584391.json', '/tmp/minio_downloads/1766584404.json', '/tmp/minio_downloads/1766584417.json', '/tmp/minio_downloads/1766584430.json', '/tmp/minio_downloads/1766584443.json', '/tmp/minio_downloads/1766584457.json', '/tmp/minio_downloads/1766584469.json', '/tmp/minio_downloads/1766584483.json', '/tmp/minio_downloads/1766584496.json', '/tmp/minio_downloads/1766584508.json', '/tmp/minio_downloads/1766584521.json', '/tmp/minio_downloads/1766584535.json', '/tmp/minio_downloads/1766584547.json', '/tmp/minio_downloads/1766584560.json', '/tmp/minio_downloads/1766584573.json', '/tmp/minio_downloads/1766584586.json', '/tmp/minio_downloads/1766584601.json', '/tmp/minio_downloads/1766584614.json', '/tmp/minio_downloads/1766584626.json', '/tmp/minio_downloads/1766583260.json', '/tmp/minio_downloads/1766583275.json', '/tmp/minio_downloads/1766583288.json', '/tmp/minio_downloads/1766583301.json', '/tmp/minio_downloads/1766583314.json', '/tmp/minio_downloads/1766583327.json', '/tmp/minio_downloads/1766583341.json', '/tmp/minio_downloads/1766583354.json', '/tmp/minio_downloads/1766583366.json', '/tmp/minio_downloads/1766583380.json', '/tmp/minio_downloads/1766583393.json', '/tmp/minio_downloads/1766583407.json', '/tmp/minio_downloads/1766583420.json', '/tmp/minio_downloads/1766583436.json', '/tmp/minio_downloads/1766583448.json', '/tmp/minio_downloads/1766583461.json', '/tmp/minio_downloads/1766583473.json', '/tmp/minio_downloads/1766583487.json', '/tmp/minio_downloads/1766583499.json', '/tmp/minio_downloads/1766583513.json', '/tmp/minio_downloads/1766583525.json', '/tmp/minio_downloads/1766583539.json', '/tmp/minio_downloads/1766583552.json', '/tmp/minio_downloads/1766583565.json', '/tmp/minio_downloads/1766583579.json', '/tmp/minio_downloads/1766583593.json', '/tmp/minio_downloads/1766583608.json', '/tmp/minio_downloads/1766583622.json', '/tmp/minio_downloads/1766583635.json', '/tmp/minio_downloads/1766583649.json', '/tmp/minio_downloads/1766583662.json', '/tmp/minio_downloads/1766583675.json', '/tmp/minio_downloads/1766583689.json', '/tmp/minio_downloads/1766583703.json', '/tmp/minio_downloads/1766583715.json', '/tmp/minio_downloads/1766583729.json', '/tmp/minio_downloads/1766583743.json', '/tmp/minio_downloads/1766583756.json', '/tmp/minio_downloads/1766583770.json', '/tmp/minio_downloads/1766583784.json', '/tmp/minio_downloads/1766583797.json', '/tmp/minio_downloads/1766583810.json', '/tmp/minio_downloads/1766583824.json', '/tmp/minio_downloads/1766583838.json', '/tmp/minio_downloads/1766583852.json', '/tmp/minio_downloads/1766583864.json', '/tmp/minio_downloads/1766583877.json', '/tmp/minio_downloads/1766583890.json', '/tmp/minio_downloads/1766583902.json', '/tmp/minio_downloads/1766583915.json', '/tmp/minio_downloads/1766583929.json', '/tmp/minio_downloads/1766583942.json', '/tmp/minio_downloads/1766583955.json', '/tmp/minio_downloads/1766583969.json', '/tmp/minio_downloads/1766583983.json', '/tmp/minio_downloads/1766583995.json', '/tmp/minio_downloads/1766584008.json', '/tmp/minio_downloads/1766584022.json', '/tmp/minio_downloads/1766584036.json', '/tmp/minio_downloads/1766584049.json', '/tmp/minio_downloads/1766584063.json', '/tmp/minio_downloads/1766584077.json', '/tmp/minio_downloads/1766584090.json', '/tmp/minio_downloads/1766584103.json', '/tmp/minio_downloads/1766584116.json', '/tmp/minio_downloads/1766584130.json', '/tmp/minio_downloads/1766584143.json', '/tmp/minio_downloads/1766584156.json', '/tmp/minio_downloads/1766584169.json', '/tmp/minio_downloads/1766584183.json', '/tmp/minio_downloads/1766584197.json', '/tmp/minio_downloads/1766584211.json', '/tmp/minio_downloads/1766584225.json', '/tmp/minio_downloads/1766584238.json', '/tmp/minio_downloads/1766584251.json', '/tmp/minio_downloads/1766584264.json', '/tmp/minio_downloads/1766584277.json', '/tmp/minio_downloads/1766584291.json', '/tmp/minio_downloads/1766584304.json', '/tmp/minio_downloads/1766584318.json', '/tmp/minio_downloads/1766584332.json', '/tmp/minio_downloads/1766584346.json', '/tmp/minio_downloads/1766584361.json', '/tmp/minio_downloads/1766584375.json', '/tmp/minio_downloads/1766584389.json', '/tmp/minio_downloads/1766584401.json', '/tmp/minio_downloads/1766584414.json', '/tmp/minio_downloads/1766584427.json', '/tmp/minio_downloads/1766584441.json', '/tmp/minio_downloads/1766584454.json', '/tmp/minio_downloads/1766584467.json', '/tmp/minio_downloads/1766584480.json', '/tmp/minio_downloads/1766584493.json', '/tmp/minio_downloads/1766584506.json', '/tmp/minio_downloads/1766584518.json', '/tmp/minio_downloads/1766584532.json', '/tmp/minio_downloads/1766584544.json', '/tmp/minio_downloads/1766584557.json', '/tmp/minio_downloads/1766584570.json', '/tmp/minio_downloads/1766584583.json', '/tmp/minio_downloads/1766584597.json', '/tmp/minio_downloads/1766584611.json', '/tmp/minio_downloads/1766584624.json', '/tmp/minio_downloads/1766583262.json', '/tmp/minio_downloads/1766583276.json', '/tmp/minio_downloads/1766583289.json', '/tmp/minio_downloads/1766583302.json', '/tmp/minio_downloads/1766583315.json', '/tmp/minio_downloads/1766583329.json', '/tmp/minio_downloads/1766583342.json', '/tmp/minio_downloads/1766583355.json', '/tmp/minio_downloads/1766583368.json', '/tmp/minio_downloads/1766583381.json', '/tmp/minio_downloads/1766583394.json', '/tmp/minio_downloads/1766583408.json', '/tmp/minio_downloads/1766583422.json', '/tmp/minio_downloads/1766583437.json', '/tmp/minio_downloads/1766583449.json', '/tmp/minio_downloads/1766583462.json', '/tmp/minio_downloads/1766583474.json', '/tmp/minio_downloads/1766583488.json', '/tmp/minio_downloads/1766583501.json', '/tmp/minio_downloads/1766583514.json', '/tmp/minio_downloads/1766583527.json', '/tmp/minio_downloads/1766583541.json', '/tmp/minio_downloads/1766583553.json', '/tmp/minio_downloads/1766583567.json', '/tmp/minio_downloads/1766583582.json', '/tmp/minio_downloads/1766583595.json', '/tmp/minio_downloads/1766583609.json', '/tmp/minio_downloads/1766583623.json', '/tmp/minio_downloads/1766583637.json', '/tmp/minio_downloads/1766583650.json', '/tmp/minio_downloads/1766583663.json', '/tmp/minio_downloads/1766583677.json', '/tmp/minio_downloads/1766583690.json', '/tmp/minio_downloads/1766583704.json', '/tmp/minio_downloads/1766583717.json', '/tmp/minio_downloads/1766583730.json', '/tmp/minio_downloads/1766583744.json', '/tmp/minio_downloads/1766583758.json', '/tmp/minio_downloads/1766583771.json', '/tmp/minio_downloads/1766583785.json', '/tmp/minio_downloads/1766583798.json', '/tmp/minio_downloads/1766583812.json', '/tmp/minio_downloads/1766583826.json', '/tmp/minio_downloads/1766583840.json', '/tmp/minio_downloads/1766583853.json', '/tmp/minio_downloads/1766583866.json', '/tmp/minio_downloads/1766583879.json', '/tmp/minio_downloads/1766583891.json', '/tmp/minio_downloads/1766583903.json', '/tmp/minio_downloads/1766583917.json', '/tmp/minio_downloads/1766583930.json', '/tmp/minio_downloads/1766583943.json', '/tmp/minio_downloads/1766583957.json', '/tmp/minio_downloads/1766583970.json', '/tmp/minio_downloads/1766583984.json', '/tmp/minio_downloads/1766583997.json', '/tmp/minio_downloads/1766584009.json', '/tmp/minio_downloads/1766584024.json', '/tmp/minio_downloads/1766584037.json', '/tmp/minio_downloads/1766584051.json', '/tmp/minio_downloads/1766584064.json', '/tmp/minio_downloads/1766584078.json', '/tmp/minio_downloads/1766584091.json', '/tmp/minio_downloads/1766584104.json', '/tmp/minio_downloads/1766584118.json', '/tmp/minio_downloads/1766584132.json', '/tmp/minio_downloads/1766584144.json', '/tmp/minio_downloads/1766584158.json', '/tmp/minio_downloads/1766584171.json', '/tmp/minio_downloads/1766584185.json', '/tmp/minio_downloads/1766584199.json', '/tmp/minio_downloads/1766584213.json', '/tmp/minio_downloads/1766584226.json', '/tmp/minio_downloads/1766584240.json', '/tmp/minio_downloads/1766584252.json', '/tmp/minio_downloads/1766584265.json', '/tmp/minio_downloads/1766584279.json', '/tmp/minio_downloads/1766584292.json', '/tmp/minio_downloads/1766584306.json', '/tmp/minio_downloads/1766584320.json', '/tmp/minio_downloads/1766584334.json', '/tmp/minio_downloads/1766584348.json', '/tmp/minio_downloads/1766584363.json', '/tmp/minio_downloads/1766584377.json', '/tmp/minio_downloads/1766584390.json', '/tmp/minio_downloads/1766584403.json', '/tmp/minio_downloads/1766584416.json', '/tmp/minio_downloads/1766584429.json', '/tmp/minio_downloads/1766584442.json', '/tmp/minio_downloads/1766584455.json', '/tmp/minio_downloads/1766584468.json', '/tmp/minio_downloads/1766584481.json', '/tmp/minio_downloads/1766584495.json', '/tmp/minio_downloads/1766584507.json', '/tmp/minio_downloads/1766584520.json', '/tmp/minio_downloads/1766584533.json', '/tmp/minio_downloads/1766584546.json', '/tmp/minio_downloads/1766584559.json', '/tmp/minio_downloads/1766584572.json', '/tmp/minio_downloads/1766584585.json', '/tmp/minio_downloads/1766584599.json', '/tmp/minio_downloads/1766584613.json', '/tmp/minio_downloads/1766584625.json']
[2025-12-24T13:58:43.280+0000] {taskinstance.py:441} INFO - ::group::Post task execution logs
[2025-12-24T13:58:43.523+0000] {taskinstance.py:1206} INFO - Marking task as SUCCESS. dag_id=minio_to_snowflake, task_id=download_minio, run_id=scheduled__2025-12-24T13:57:00+00:00, execution_date=20251224T135700, start_date=20251224T135826, end_date=20251224T135843
[2025-12-24T13:58:43.678+0000] {local_task_job_runner.py:243} INFO - Task exited with return code 0
[2025-12-24T13:58:43.769+0000] {taskinstance.py:3503} INFO - 1 downstream tasks scheduled from follow-on schedule check
[2025-12-24T13:58:43.776+0000] {local_task_job_runner.py:222} INFO - ::endgroup::
