[2025-12-24T13:48:32.349+0000] {local_task_job_runner.py:120} INFO - ::group::Pre task execution logs
[2025-12-24T13:48:32.419+0000] {taskinstance.py:2076} INFO - Dependencies all met for dep_context=non-requeueable deps ti=<TaskInstance: minio_to_snowflake.download_minio scheduled__2025-12-24T13:46:00+00:00 [queued]>
[2025-12-24T13:48:32.435+0000] {taskinstance.py:2076} INFO - Dependencies all met for dep_context=requeueable deps ti=<TaskInstance: minio_to_snowflake.download_minio scheduled__2025-12-24T13:46:00+00:00 [queued]>
[2025-12-24T13:48:32.436+0000] {taskinstance.py:2306} INFO - Starting attempt 1 of 2
[2025-12-24T13:48:32.463+0000] {taskinstance.py:2330} INFO - Executing <Task(PythonOperator): download_minio> on 2025-12-24 13:46:00+00:00
[2025-12-24T13:48:32.494+0000] {standard_task_runner.py:90} INFO - Running: ['***', 'tasks', 'run', 'minio_to_snowflake', 'download_minio', 'scheduled__2025-12-24T13:46:00+00:00', '--job-id', '151', '--raw', '--subdir', 'DAGS_FOLDER/minio_to_snowflake.py', '--cfg-path', '/tmp/tmp84bfqioj']
[2025-12-24T13:48:32.501+0000] {standard_task_runner.py:91} INFO - Job 151: Subtask download_minio
[2025-12-24T13:48:32.501+0000] {logging_mixin.py:188} WARNING - /home/***/.local/lib/python3.12/site-packages/***/task/task_runner/standard_task_runner.py:62 DeprecationWarning: This process (pid=3397) is multi-threaded, use of fork() may lead to deadlocks in the child.
[2025-12-24T13:48:32.504+0000] {standard_task_runner.py:64} INFO - Started process 3414 to run task
[2025-12-24T13:48:32.628+0000] {task_command.py:426} INFO - Running <TaskInstance: minio_to_snowflake.download_minio scheduled__2025-12-24T13:46:00+00:00 [running]> on host 31fa77be4c89
[2025-12-24T13:48:32.844+0000] {taskinstance.py:2648} INFO - Exporting env vars: AIRFLOW_CTX_DAG_OWNER='***' AIRFLOW_CTX_DAG_ID='minio_to_snowflake' AIRFLOW_CTX_TASK_ID='download_minio' AIRFLOW_CTX_EXECUTION_DATE='2025-12-24T13:46:00+00:00' AIRFLOW_CTX_TRY_NUMBER='1' AIRFLOW_CTX_DAG_RUN_ID='scheduled__2025-12-24T13:46:00+00:00'
[2025-12-24T13:48:32.847+0000] {taskinstance.py:430} INFO - ::endgroup::
[2025-12-24T13:48:34.058+0000] {logging_mixin.py:188} INFO - Downloaded AAPL/1766583258.json -> /tmp/minio_downloads/1766583258.json
[2025-12-24T13:48:34.091+0000] {logging_mixin.py:188} INFO - Downloaded AAPL/1766583273.json -> /tmp/minio_downloads/1766583273.json
[2025-12-24T13:48:34.121+0000] {logging_mixin.py:188} INFO - Downloaded AAPL/1766583286.json -> /tmp/minio_downloads/1766583286.json
[2025-12-24T13:48:34.145+0000] {logging_mixin.py:188} INFO - Downloaded AAPL/1766583299.json -> /tmp/minio_downloads/1766583299.json
[2025-12-24T13:48:34.161+0000] {logging_mixin.py:188} INFO - Downloaded AAPL/1766583313.json -> /tmp/minio_downloads/1766583313.json
[2025-12-24T13:48:34.179+0000] {logging_mixin.py:188} INFO - Downloaded AAPL/1766583326.json -> /tmp/minio_downloads/1766583326.json
[2025-12-24T13:48:34.202+0000] {logging_mixin.py:188} INFO - Downloaded AAPL/1766583339.json -> /tmp/minio_downloads/1766583339.json
[2025-12-24T13:48:34.223+0000] {logging_mixin.py:188} INFO - Downloaded AAPL/1766583352.json -> /tmp/minio_downloads/1766583352.json
[2025-12-24T13:48:34.242+0000] {logging_mixin.py:188} INFO - Downloaded AAPL/1766583365.json -> /tmp/minio_downloads/1766583365.json
[2025-12-24T13:48:34.261+0000] {logging_mixin.py:188} INFO - Downloaded AAPL/1766583378.json -> /tmp/minio_downloads/1766583378.json
[2025-12-24T13:48:34.282+0000] {logging_mixin.py:188} INFO - Downloaded AAPL/1766583391.json -> /tmp/minio_downloads/1766583391.json
[2025-12-24T13:48:34.299+0000] {logging_mixin.py:188} INFO - Downloaded AAPL/1766583405.json -> /tmp/minio_downloads/1766583405.json
[2025-12-24T13:48:34.317+0000] {logging_mixin.py:188} INFO - Downloaded AAPL/1766583419.json -> /tmp/minio_downloads/1766583419.json
[2025-12-24T13:48:34.340+0000] {logging_mixin.py:188} INFO - Downloaded AAPL/1766583434.json -> /tmp/minio_downloads/1766583434.json
[2025-12-24T13:48:34.359+0000] {logging_mixin.py:188} INFO - Downloaded AAPL/1766583447.json -> /tmp/minio_downloads/1766583447.json
[2025-12-24T13:48:34.381+0000] {logging_mixin.py:188} INFO - Downloaded AAPL/1766583459.json -> /tmp/minio_downloads/1766583459.json
[2025-12-24T13:48:34.403+0000] {logging_mixin.py:188} INFO - Downloaded AAPL/1766583472.json -> /tmp/minio_downloads/1766583472.json
[2025-12-24T13:48:34.423+0000] {logging_mixin.py:188} INFO - Downloaded AAPL/1766583485.json -> /tmp/minio_downloads/1766583485.json
[2025-12-24T13:48:34.443+0000] {logging_mixin.py:188} INFO - Downloaded AAPL/1766583498.json -> /tmp/minio_downloads/1766583498.json
[2025-12-24T13:48:34.464+0000] {logging_mixin.py:188} INFO - Downloaded AAPL/1766583511.json -> /tmp/minio_downloads/1766583511.json
[2025-12-24T13:48:34.485+0000] {logging_mixin.py:188} INFO - Downloaded AAPL/1766583524.json -> /tmp/minio_downloads/1766583524.json
[2025-12-24T13:48:34.506+0000] {logging_mixin.py:188} INFO - Downloaded AAPL/1766583538.json -> /tmp/minio_downloads/1766583538.json
[2025-12-24T13:48:34.527+0000] {logging_mixin.py:188} INFO - Downloaded AAPL/1766583551.json -> /tmp/minio_downloads/1766583551.json
[2025-12-24T13:48:34.549+0000] {logging_mixin.py:188} INFO - Downloaded AAPL/1766583564.json -> /tmp/minio_downloads/1766583564.json
[2025-12-24T13:48:34.568+0000] {logging_mixin.py:188} INFO - Downloaded AAPL/1766583577.json -> /tmp/minio_downloads/1766583577.json
[2025-12-24T13:48:34.588+0000] {logging_mixin.py:188} INFO - Downloaded AAPL/1766583592.json -> /tmp/minio_downloads/1766583592.json
[2025-12-24T13:48:34.608+0000] {logging_mixin.py:188} INFO - Downloaded AAPL/1766583607.json -> /tmp/minio_downloads/1766583607.json
[2025-12-24T13:48:34.627+0000] {logging_mixin.py:188} INFO - Downloaded AAPL/1766583621.json -> /tmp/minio_downloads/1766583621.json
[2025-12-24T13:48:34.648+0000] {logging_mixin.py:188} INFO - Downloaded AAPL/1766583634.json -> /tmp/minio_downloads/1766583634.json
[2025-12-24T13:48:34.674+0000] {logging_mixin.py:188} INFO - Downloaded AAPL/1766583648.json -> /tmp/minio_downloads/1766583648.json
[2025-12-24T13:48:34.693+0000] {logging_mixin.py:188} INFO - Downloaded AAPL/1766583660.json -> /tmp/minio_downloads/1766583660.json
[2025-12-24T13:48:34.714+0000] {logging_mixin.py:188} INFO - Downloaded AAPL/1766583674.json -> /tmp/minio_downloads/1766583674.json
[2025-12-24T13:48:34.732+0000] {logging_mixin.py:188} INFO - Downloaded AAPL/1766583687.json -> /tmp/minio_downloads/1766583687.json
[2025-12-24T13:48:34.750+0000] {logging_mixin.py:188} INFO - Downloaded AAPL/1766583701.json -> /tmp/minio_downloads/1766583701.json
[2025-12-24T13:48:34.771+0000] {logging_mixin.py:188} INFO - Downloaded AAPL/1766583714.json -> /tmp/minio_downloads/1766583714.json
[2025-12-24T13:48:34.789+0000] {logging_mixin.py:188} INFO - Downloaded AAPL/1766583727.json -> /tmp/minio_downloads/1766583727.json
[2025-12-24T13:48:34.809+0000] {logging_mixin.py:188} INFO - Downloaded AAPL/1766583741.json -> /tmp/minio_downloads/1766583741.json
[2025-12-24T13:48:34.828+0000] {logging_mixin.py:188} INFO - Downloaded AAPL/1766583755.json -> /tmp/minio_downloads/1766583755.json
[2025-12-24T13:48:34.846+0000] {logging_mixin.py:188} INFO - Downloaded AAPL/1766583768.json -> /tmp/minio_downloads/1766583768.json
[2025-12-24T13:48:34.865+0000] {logging_mixin.py:188} INFO - Downloaded AAPL/1766583782.json -> /tmp/minio_downloads/1766583782.json
[2025-12-24T13:48:34.883+0000] {logging_mixin.py:188} INFO - Downloaded AAPL/1766583795.json -> /tmp/minio_downloads/1766583795.json
[2025-12-24T13:48:34.903+0000] {logging_mixin.py:188} INFO - Downloaded AAPL/1766583809.json -> /tmp/minio_downloads/1766583809.json
[2025-12-24T13:48:34.922+0000] {logging_mixin.py:188} INFO - Downloaded AAPL/1766583822.json -> /tmp/minio_downloads/1766583822.json
[2025-12-24T13:48:34.942+0000] {logging_mixin.py:188} INFO - Downloaded AAPL/1766583837.json -> /tmp/minio_downloads/1766583837.json
[2025-12-24T13:48:34.960+0000] {logging_mixin.py:188} INFO - Downloaded AAPL/1766583850.json -> /tmp/minio_downloads/1766583850.json
[2025-12-24T13:48:34.980+0000] {logging_mixin.py:188} INFO - Downloaded AAPL/1766583863.json -> /tmp/minio_downloads/1766583863.json
[2025-12-24T13:48:35.000+0000] {logging_mixin.py:188} INFO - Downloaded AAPL/1766583876.json -> /tmp/minio_downloads/1766583876.json
[2025-12-24T13:48:35.022+0000] {logging_mixin.py:188} INFO - Downloaded AAPL/1766583888.json -> /tmp/minio_downloads/1766583888.json
[2025-12-24T13:48:35.044+0000] {logging_mixin.py:188} INFO - Downloaded AAPL/1766583901.json -> /tmp/minio_downloads/1766583901.json
[2025-12-24T13:48:35.067+0000] {logging_mixin.py:188} INFO - Downloaded AAPL/1766583914.json -> /tmp/minio_downloads/1766583914.json
[2025-12-24T13:48:35.092+0000] {logging_mixin.py:188} INFO - Downloaded AAPL/1766583927.json -> /tmp/minio_downloads/1766583927.json
[2025-12-24T13:48:35.110+0000] {logging_mixin.py:188} INFO - Downloaded AAPL/1766583940.json -> /tmp/minio_downloads/1766583940.json
[2025-12-24T13:48:35.129+0000] {logging_mixin.py:188} INFO - Downloaded AAPL/1766583954.json -> /tmp/minio_downloads/1766583954.json
[2025-12-24T13:48:35.149+0000] {logging_mixin.py:188} INFO - Downloaded AAPL/1766583967.json -> /tmp/minio_downloads/1766583967.json
[2025-12-24T13:48:35.169+0000] {logging_mixin.py:188} INFO - Downloaded AAPL/1766583981.json -> /tmp/minio_downloads/1766583981.json
[2025-12-24T13:48:35.188+0000] {logging_mixin.py:188} INFO - Downloaded AAPL/1766583994.json -> /tmp/minio_downloads/1766583994.json
[2025-12-24T13:48:35.211+0000] {logging_mixin.py:188} INFO - Downloaded AAPL/1766584007.json -> /tmp/minio_downloads/1766584007.json
[2025-12-24T13:48:35.229+0000] {logging_mixin.py:188} INFO - Downloaded AAPL/1766584020.json -> /tmp/minio_downloads/1766584020.json
[2025-12-24T13:48:35.250+0000] {logging_mixin.py:188} INFO - Downloaded AAPL/1766584034.json -> /tmp/minio_downloads/1766584034.json
[2025-12-24T13:48:35.270+0000] {logging_mixin.py:188} INFO - Downloaded AAPL/1766584048.json -> /tmp/minio_downloads/1766584048.json
[2025-12-24T13:48:35.291+0000] {logging_mixin.py:188} INFO - Downloaded AAPL/1766584062.json -> /tmp/minio_downloads/1766584062.json
[2025-12-24T13:48:35.310+0000] {logging_mixin.py:188} INFO - Downloaded AAPL/1766584075.json -> /tmp/minio_downloads/1766584075.json
[2025-12-24T13:48:35.331+0000] {logging_mixin.py:188} INFO - Downloaded AAPL/1766584088.json -> /tmp/minio_downloads/1766584088.json
[2025-12-24T13:48:35.353+0000] {logging_mixin.py:188} INFO - Downloaded AAPL/1766584101.json -> /tmp/minio_downloads/1766584101.json
[2025-12-24T13:48:35.373+0000] {logging_mixin.py:188} INFO - Downloaded AMZN/1766583266.json -> /tmp/minio_downloads/1766583266.json
[2025-12-24T13:48:35.393+0000] {logging_mixin.py:188} INFO - Downloaded AMZN/1766583278.json -> /tmp/minio_downloads/1766583278.json
[2025-12-24T13:48:35.414+0000] {logging_mixin.py:188} INFO - Downloaded AMZN/1766583292.json -> /tmp/minio_downloads/1766583292.json
[2025-12-24T13:48:35.438+0000] {logging_mixin.py:188} INFO - Downloaded AMZN/1766583305.json -> /tmp/minio_downloads/1766583305.json
[2025-12-24T13:48:35.463+0000] {logging_mixin.py:188} INFO - Downloaded AMZN/1766583318.json -> /tmp/minio_downloads/1766583318.json
[2025-12-24T13:48:35.485+0000] {logging_mixin.py:188} INFO - Downloaded AMZN/1766583332.json -> /tmp/minio_downloads/1766583332.json
[2025-12-24T13:48:35.511+0000] {logging_mixin.py:188} INFO - Downloaded AMZN/1766583345.json -> /tmp/minio_downloads/1766583345.json
[2025-12-24T13:48:35.536+0000] {logging_mixin.py:188} INFO - Downloaded AMZN/1766583358.json -> /tmp/minio_downloads/1766583358.json
[2025-12-24T13:48:35.561+0000] {logging_mixin.py:188} INFO - Downloaded AMZN/1766583371.json -> /tmp/minio_downloads/1766583371.json
[2025-12-24T13:48:35.585+0000] {logging_mixin.py:188} INFO - Downloaded AMZN/1766583384.json -> /tmp/minio_downloads/1766583384.json
[2025-12-24T13:48:35.613+0000] {logging_mixin.py:188} INFO - Downloaded AMZN/1766583398.json -> /tmp/minio_downloads/1766583398.json
[2025-12-24T13:48:35.634+0000] {logging_mixin.py:188} INFO - Downloaded AMZN/1766583411.json -> /tmp/minio_downloads/1766583411.json
[2025-12-24T13:48:35.653+0000] {logging_mixin.py:188} INFO - Downloaded AMZN/1766583426.json -> /tmp/minio_downloads/1766583426.json
[2025-12-24T13:48:35.674+0000] {logging_mixin.py:188} INFO - Downloaded AMZN/1766583439.json -> /tmp/minio_downloads/1766583439.json
[2025-12-24T13:48:35.696+0000] {logging_mixin.py:188} INFO - Downloaded AMZN/1766583452.json -> /tmp/minio_downloads/1766583452.json
[2025-12-24T13:48:35.718+0000] {logging_mixin.py:188} INFO - Downloaded AMZN/1766583464.json -> /tmp/minio_downloads/1766583464.json
[2025-12-24T13:48:35.739+0000] {logging_mixin.py:188} INFO - Downloaded AMZN/1766583477.json -> /tmp/minio_downloads/1766583477.json
[2025-12-24T13:48:35.760+0000] {logging_mixin.py:188} INFO - Downloaded AMZN/1766583491.json -> /tmp/minio_downloads/1766583491.json
[2025-12-24T13:48:35.782+0000] {logging_mixin.py:188} INFO - Downloaded AMZN/1766583503.json -> /tmp/minio_downloads/1766583503.json
[2025-12-24T13:48:35.808+0000] {logging_mixin.py:188} INFO - Downloaded AMZN/1766583517.json -> /tmp/minio_downloads/1766583517.json
[2025-12-24T13:48:35.907+0000] {logging_mixin.py:188} INFO - Downloaded AMZN/1766583530.json -> /tmp/minio_downloads/1766583530.json
[2025-12-24T13:48:35.949+0000] {logging_mixin.py:188} INFO - Downloaded AMZN/1766583543.json -> /tmp/minio_downloads/1766583543.json
[2025-12-24T13:48:36.002+0000] {logging_mixin.py:188} INFO - Downloaded AMZN/1766583556.json -> /tmp/minio_downloads/1766583556.json
[2025-12-24T13:48:36.055+0000] {logging_mixin.py:188} INFO - Downloaded AMZN/1766583570.json -> /tmp/minio_downloads/1766583570.json
[2025-12-24T13:48:36.109+0000] {logging_mixin.py:188} INFO - Downloaded AMZN/1766583584.json -> /tmp/minio_downloads/1766583584.json
[2025-12-24T13:48:36.141+0000] {logging_mixin.py:188} INFO - Downloaded AMZN/1766583599.json -> /tmp/minio_downloads/1766583599.json
[2025-12-24T13:48:36.177+0000] {logging_mixin.py:188} INFO - Downloaded AMZN/1766583613.json -> /tmp/minio_downloads/1766583613.json
[2025-12-24T13:48:36.204+0000] {logging_mixin.py:188} INFO - Downloaded AMZN/1766583626.json -> /tmp/minio_downloads/1766583626.json
[2025-12-24T13:48:36.239+0000] {logging_mixin.py:188} INFO - Downloaded AMZN/1766583640.json -> /tmp/minio_downloads/1766583640.json
[2025-12-24T13:48:36.268+0000] {logging_mixin.py:188} INFO - Downloaded AMZN/1766583653.json -> /tmp/minio_downloads/1766583653.json
[2025-12-24T13:48:36.303+0000] {logging_mixin.py:188} INFO - Downloaded AMZN/1766583666.json -> /tmp/minio_downloads/1766583666.json
[2025-12-24T13:48:36.335+0000] {logging_mixin.py:188} INFO - Downloaded AMZN/1766583680.json -> /tmp/minio_downloads/1766583680.json
[2025-12-24T13:48:36.362+0000] {logging_mixin.py:188} INFO - Downloaded AMZN/1766583694.json -> /tmp/minio_downloads/1766583694.json
[2025-12-24T13:48:36.399+0000] {logging_mixin.py:188} INFO - Downloaded AMZN/1766583707.json -> /tmp/minio_downloads/1766583707.json
[2025-12-24T13:48:36.429+0000] {logging_mixin.py:188} INFO - Downloaded AMZN/1766583720.json -> /tmp/minio_downloads/1766583720.json
[2025-12-24T13:48:36.457+0000] {logging_mixin.py:188} INFO - Downloaded AMZN/1766583734.json -> /tmp/minio_downloads/1766583734.json
[2025-12-24T13:48:36.489+0000] {logging_mixin.py:188} INFO - Downloaded AMZN/1766583747.json -> /tmp/minio_downloads/1766583747.json
[2025-12-24T13:48:36.542+0000] {logging_mixin.py:188} INFO - Downloaded AMZN/1766583761.json -> /tmp/minio_downloads/1766583761.json
[2025-12-24T13:48:36.617+0000] {logging_mixin.py:188} INFO - Downloaded AMZN/1766583774.json -> /tmp/minio_downloads/1766583774.json
[2025-12-24T13:48:36.725+0000] {logging_mixin.py:188} INFO - Downloaded AMZN/1766583788.json -> /tmp/minio_downloads/1766583788.json
[2025-12-24T13:48:36.762+0000] {logging_mixin.py:188} INFO - Downloaded AMZN/1766583801.json -> /tmp/minio_downloads/1766583801.json
[2025-12-24T13:48:36.798+0000] {logging_mixin.py:188} INFO - Downloaded AMZN/1766583815.json -> /tmp/minio_downloads/1766583815.json
[2025-12-24T13:48:36.829+0000] {logging_mixin.py:188} INFO - Downloaded AMZN/1766583829.json -> /tmp/minio_downloads/1766583829.json
[2025-12-24T13:48:36.854+0000] {logging_mixin.py:188} INFO - Downloaded AMZN/1766583843.json -> /tmp/minio_downloads/1766583843.json
[2025-12-24T13:48:36.881+0000] {logging_mixin.py:188} INFO - Downloaded AMZN/1766583856.json -> /tmp/minio_downloads/1766583856.json
[2025-12-24T13:48:36.912+0000] {logging_mixin.py:188} INFO - Downloaded AMZN/1766583868.json -> /tmp/minio_downloads/1766583868.json
[2025-12-24T13:48:36.939+0000] {logging_mixin.py:188} INFO - Downloaded AMZN/1766583881.json -> /tmp/minio_downloads/1766583881.json
[2025-12-24T13:48:36.963+0000] {logging_mixin.py:188} INFO - Downloaded AMZN/1766583893.json -> /tmp/minio_downloads/1766583893.json
[2025-12-24T13:48:36.995+0000] {logging_mixin.py:188} INFO - Downloaded AMZN/1766583906.json -> /tmp/minio_downloads/1766583906.json
[2025-12-24T13:48:37.039+0000] {logging_mixin.py:188} INFO - Downloaded AMZN/1766583920.json -> /tmp/minio_downloads/1766583920.json
[2025-12-24T13:48:37.067+0000] {logging_mixin.py:188} INFO - Downloaded AMZN/1766583933.json -> /tmp/minio_downloads/1766583933.json
[2025-12-24T13:48:37.110+0000] {logging_mixin.py:188} INFO - Downloaded AMZN/1766583947.json -> /tmp/minio_downloads/1766583947.json
[2025-12-24T13:48:37.145+0000] {logging_mixin.py:188} INFO - Downloaded AMZN/1766583960.json -> /tmp/minio_downloads/1766583960.json
[2025-12-24T13:48:37.173+0000] {logging_mixin.py:188} INFO - Downloaded AMZN/1766583974.json -> /tmp/minio_downloads/1766583974.json
[2025-12-24T13:48:37.205+0000] {logging_mixin.py:188} INFO - Downloaded AMZN/1766583987.json -> /tmp/minio_downloads/1766583987.json
[2025-12-24T13:48:37.239+0000] {logging_mixin.py:188} INFO - Downloaded AMZN/1766583999.json -> /tmp/minio_downloads/1766583999.json
[2025-12-24T13:48:37.268+0000] {logging_mixin.py:188} INFO - Downloaded AMZN/1766584012.json -> /tmp/minio_downloads/1766584012.json
[2025-12-24T13:48:37.301+0000] {logging_mixin.py:188} INFO - Downloaded AMZN/1766584027.json -> /tmp/minio_downloads/1766584027.json
[2025-12-24T13:48:37.323+0000] {logging_mixin.py:188} INFO - Downloaded AMZN/1766584040.json -> /tmp/minio_downloads/1766584040.json
[2025-12-24T13:48:37.346+0000] {logging_mixin.py:188} INFO - Downloaded AMZN/1766584054.json -> /tmp/minio_downloads/1766584054.json
[2025-12-24T13:48:37.378+0000] {logging_mixin.py:188} INFO - Downloaded AMZN/1766584067.json -> /tmp/minio_downloads/1766584067.json
[2025-12-24T13:48:37.404+0000] {logging_mixin.py:188} INFO - Downloaded AMZN/1766584081.json -> /tmp/minio_downloads/1766584081.json
[2025-12-24T13:48:37.429+0000] {logging_mixin.py:188} INFO - Downloaded AMZN/1766584094.json -> /tmp/minio_downloads/1766584094.json
[2025-12-24T13:48:37.459+0000] {logging_mixin.py:188} INFO - Downloaded AMZN/1766584107.json -> /tmp/minio_downloads/1766584107.json
[2025-12-24T13:48:37.497+0000] {logging_mixin.py:188} INFO - Downloaded GOOGL/1766583264.json -> /tmp/minio_downloads/1766583264.json
[2025-12-24T13:48:37.550+0000] {logging_mixin.py:188} INFO - Downloaded GOOGL/1766583277.json -> /tmp/minio_downloads/1766583277.json
[2025-12-24T13:48:37.579+0000] {logging_mixin.py:188} INFO - Downloaded GOOGL/1766583291.json -> /tmp/minio_downloads/1766583291.json
[2025-12-24T13:48:37.606+0000] {logging_mixin.py:188} INFO - Downloaded GOOGL/1766583304.json -> /tmp/minio_downloads/1766583304.json
[2025-12-24T13:48:37.628+0000] {logging_mixin.py:188} INFO - Downloaded GOOGL/1766583316.json -> /tmp/minio_downloads/1766583316.json
[2025-12-24T13:48:37.655+0000] {logging_mixin.py:188} INFO - Downloaded GOOGL/1766583330.json -> /tmp/minio_downloads/1766583330.json
[2025-12-24T13:48:37.703+0000] {logging_mixin.py:188} INFO - Downloaded GOOGL/1766583343.json -> /tmp/minio_downloads/1766583343.json
[2025-12-24T13:48:37.728+0000] {logging_mixin.py:188} INFO - Downloaded GOOGL/1766583356.json -> /tmp/minio_downloads/1766583356.json
[2025-12-24T13:48:37.751+0000] {logging_mixin.py:188} INFO - Downloaded GOOGL/1766583370.json -> /tmp/minio_downloads/1766583370.json
[2025-12-24T13:48:37.773+0000] {logging_mixin.py:188} INFO - Downloaded GOOGL/1766583383.json -> /tmp/minio_downloads/1766583383.json
[2025-12-24T13:48:37.794+0000] {logging_mixin.py:188} INFO - Downloaded GOOGL/1766583396.json -> /tmp/minio_downloads/1766583396.json
[2025-12-24T13:48:37.815+0000] {logging_mixin.py:188} INFO - Downloaded GOOGL/1766583410.json -> /tmp/minio_downloads/1766583410.json
[2025-12-24T13:48:37.836+0000] {logging_mixin.py:188} INFO - Downloaded GOOGL/1766583425.json -> /tmp/minio_downloads/1766583425.json
[2025-12-24T13:48:37.856+0000] {logging_mixin.py:188} INFO - Downloaded GOOGL/1766583438.json -> /tmp/minio_downloads/1766583438.json
[2025-12-24T13:48:37.876+0000] {logging_mixin.py:188} INFO - Downloaded GOOGL/1766583451.json -> /tmp/minio_downloads/1766583451.json
[2025-12-24T13:48:37.901+0000] {logging_mixin.py:188} INFO - Downloaded GOOGL/1766583463.json -> /tmp/minio_downloads/1766583463.json
[2025-12-24T13:48:37.921+0000] {logging_mixin.py:188} INFO - Downloaded GOOGL/1766583476.json -> /tmp/minio_downloads/1766583476.json
[2025-12-24T13:48:37.940+0000] {logging_mixin.py:188} INFO - Downloaded GOOGL/1766583489.json -> /tmp/minio_downloads/1766583489.json
[2025-12-24T13:48:37.961+0000] {logging_mixin.py:188} INFO - Downloaded GOOGL/1766583502.json -> /tmp/minio_downloads/1766583502.json
[2025-12-24T13:48:37.978+0000] {logging_mixin.py:188} INFO - Downloaded GOOGL/1766583515.json -> /tmp/minio_downloads/1766583515.json
[2025-12-24T13:48:37.997+0000] {logging_mixin.py:188} INFO - Downloaded GOOGL/1766583528.json -> /tmp/minio_downloads/1766583528.json
[2025-12-24T13:48:38.018+0000] {logging_mixin.py:188} INFO - Downloaded GOOGL/1766583542.json -> /tmp/minio_downloads/1766583542.json
[2025-12-24T13:48:38.038+0000] {logging_mixin.py:188} INFO - Downloaded GOOGL/1766583555.json -> /tmp/minio_downloads/1766583555.json
[2025-12-24T13:48:38.061+0000] {logging_mixin.py:188} INFO - Downloaded GOOGL/1766583568.json -> /tmp/minio_downloads/1766583568.json
[2025-12-24T13:48:38.081+0000] {logging_mixin.py:188} INFO - Downloaded GOOGL/1766583583.json -> /tmp/minio_downloads/1766583583.json
[2025-12-24T13:48:38.102+0000] {logging_mixin.py:188} INFO - Downloaded GOOGL/1766583597.json -> /tmp/minio_downloads/1766583597.json
[2025-12-24T13:48:38.122+0000] {logging_mixin.py:188} INFO - Downloaded GOOGL/1766583611.json -> /tmp/minio_downloads/1766583611.json
[2025-12-24T13:48:38.144+0000] {logging_mixin.py:188} INFO - Downloaded GOOGL/1766583625.json -> /tmp/minio_downloads/1766583625.json
[2025-12-24T13:48:38.166+0000] {logging_mixin.py:188} INFO - Downloaded GOOGL/1766583638.json -> /tmp/minio_downloads/1766583638.json
[2025-12-24T13:48:38.190+0000] {logging_mixin.py:188} INFO - Downloaded GOOGL/1766583652.json -> /tmp/minio_downloads/1766583652.json
[2025-12-24T13:48:38.212+0000] {logging_mixin.py:188} INFO - Downloaded GOOGL/1766583664.json -> /tmp/minio_downloads/1766583664.json
[2025-12-24T13:48:38.238+0000] {logging_mixin.py:188} INFO - Downloaded GOOGL/1766583678.json -> /tmp/minio_downloads/1766583678.json
[2025-12-24T13:48:38.263+0000] {logging_mixin.py:188} INFO - Downloaded GOOGL/1766583692.json -> /tmp/minio_downloads/1766583692.json
[2025-12-24T13:48:38.288+0000] {logging_mixin.py:188} INFO - Downloaded GOOGL/1766583705.json -> /tmp/minio_downloads/1766583705.json
[2025-12-24T13:48:38.317+0000] {logging_mixin.py:188} INFO - Downloaded GOOGL/1766583718.json -> /tmp/minio_downloads/1766583718.json
[2025-12-24T13:48:38.351+0000] {logging_mixin.py:188} INFO - Downloaded GOOGL/1766583732.json -> /tmp/minio_downloads/1766583732.json
[2025-12-24T13:48:38.373+0000] {logging_mixin.py:188} INFO - Downloaded GOOGL/1766583745.json -> /tmp/minio_downloads/1766583745.json
[2025-12-24T13:48:38.419+0000] {logging_mixin.py:188} INFO - Downloaded GOOGL/1766583759.json -> /tmp/minio_downloads/1766583759.json
[2025-12-24T13:48:38.468+0000] {logging_mixin.py:188} INFO - Downloaded GOOGL/1766583773.json -> /tmp/minio_downloads/1766583773.json
[2025-12-24T13:48:38.504+0000] {logging_mixin.py:188} INFO - Downloaded GOOGL/1766583787.json -> /tmp/minio_downloads/1766583787.json
[2025-12-24T13:48:38.531+0000] {logging_mixin.py:188} INFO - Downloaded GOOGL/1766583800.json -> /tmp/minio_downloads/1766583800.json
[2025-12-24T13:48:38.572+0000] {logging_mixin.py:188} INFO - Downloaded GOOGL/1766583814.json -> /tmp/minio_downloads/1766583814.json
[2025-12-24T13:48:38.632+0000] {logging_mixin.py:188} INFO - Downloaded GOOGL/1766583828.json -> /tmp/minio_downloads/1766583828.json
[2025-12-24T13:48:38.659+0000] {logging_mixin.py:188} INFO - Downloaded GOOGL/1766583841.json -> /tmp/minio_downloads/1766583841.json
[2025-12-24T13:48:38.690+0000] {logging_mixin.py:188} INFO - Downloaded GOOGL/1766583855.json -> /tmp/minio_downloads/1766583855.json
[2025-12-24T13:48:38.711+0000] {logging_mixin.py:188} INFO - Downloaded GOOGL/1766583867.json -> /tmp/minio_downloads/1766583867.json
[2025-12-24T13:48:38.734+0000] {logging_mixin.py:188} INFO - Downloaded GOOGL/1766583880.json -> /tmp/minio_downloads/1766583880.json
[2025-12-24T13:48:38.756+0000] {logging_mixin.py:188} INFO - Downloaded GOOGL/1766583892.json -> /tmp/minio_downloads/1766583892.json
[2025-12-24T13:48:38.776+0000] {logging_mixin.py:188} INFO - Downloaded GOOGL/1766583904.json -> /tmp/minio_downloads/1766583904.json
[2025-12-24T13:48:38.797+0000] {logging_mixin.py:188} INFO - Downloaded GOOGL/1766583918.json -> /tmp/minio_downloads/1766583918.json
[2025-12-24T13:48:38.818+0000] {logging_mixin.py:188} INFO - Downloaded GOOGL/1766583932.json -> /tmp/minio_downloads/1766583932.json
[2025-12-24T13:48:38.914+0000] {logging_mixin.py:188} INFO - Downloaded GOOGL/1766583945.json -> /tmp/minio_downloads/1766583945.json
[2025-12-24T13:48:38.942+0000] {logging_mixin.py:188} INFO - Downloaded GOOGL/1766583958.json -> /tmp/minio_downloads/1766583958.json
[2025-12-24T13:48:38.968+0000] {logging_mixin.py:188} INFO - Downloaded GOOGL/1766583972.json -> /tmp/minio_downloads/1766583972.json
[2025-12-24T13:48:38.992+0000] {logging_mixin.py:188} INFO - Downloaded GOOGL/1766583986.json -> /tmp/minio_downloads/1766583986.json
[2025-12-24T13:48:39.012+0000] {logging_mixin.py:188} INFO - Downloaded GOOGL/1766583998.json -> /tmp/minio_downloads/1766583998.json
[2025-12-24T13:48:39.032+0000] {logging_mixin.py:188} INFO - Downloaded GOOGL/1766584011.json -> /tmp/minio_downloads/1766584011.json
[2025-12-24T13:48:39.051+0000] {logging_mixin.py:188} INFO - Downloaded GOOGL/1766584025.json -> /tmp/minio_downloads/1766584025.json
[2025-12-24T13:48:39.069+0000] {logging_mixin.py:188} INFO - Downloaded GOOGL/1766584039.json -> /tmp/minio_downloads/1766584039.json
[2025-12-24T13:48:39.087+0000] {logging_mixin.py:188} INFO - Downloaded GOOGL/1766584053.json -> /tmp/minio_downloads/1766584053.json
[2025-12-24T13:48:39.109+0000] {logging_mixin.py:188} INFO - Downloaded GOOGL/1766584066.json -> /tmp/minio_downloads/1766584066.json
[2025-12-24T13:48:39.133+0000] {logging_mixin.py:188} INFO - Downloaded GOOGL/1766584079.json -> /tmp/minio_downloads/1766584079.json
[2025-12-24T13:48:39.162+0000] {logging_mixin.py:188} INFO - Downloaded GOOGL/1766584093.json -> /tmp/minio_downloads/1766584093.json
[2025-12-24T13:48:39.181+0000] {logging_mixin.py:188} INFO - Downloaded GOOGL/1766584105.json -> /tmp/minio_downloads/1766584105.json
[2025-12-24T13:48:39.202+0000] {logging_mixin.py:188} INFO - Downloaded MSFT/1766583260.json -> /tmp/minio_downloads/1766583260.json
[2025-12-24T13:48:39.224+0000] {logging_mixin.py:188} INFO - Downloaded MSFT/1766583275.json -> /tmp/minio_downloads/1766583275.json
[2025-12-24T13:48:39.250+0000] {logging_mixin.py:188} INFO - Downloaded MSFT/1766583288.json -> /tmp/minio_downloads/1766583288.json
[2025-12-24T13:48:39.285+0000] {logging_mixin.py:188} INFO - Downloaded MSFT/1766583301.json -> /tmp/minio_downloads/1766583301.json
[2025-12-24T13:48:39.316+0000] {logging_mixin.py:188} INFO - Downloaded MSFT/1766583314.json -> /tmp/minio_downloads/1766583314.json
[2025-12-24T13:48:39.342+0000] {logging_mixin.py:188} INFO - Downloaded MSFT/1766583327.json -> /tmp/minio_downloads/1766583327.json
[2025-12-24T13:48:39.369+0000] {logging_mixin.py:188} INFO - Downloaded MSFT/1766583341.json -> /tmp/minio_downloads/1766583341.json
[2025-12-24T13:48:39.389+0000] {logging_mixin.py:188} INFO - Downloaded MSFT/1766583354.json -> /tmp/minio_downloads/1766583354.json
[2025-12-24T13:48:39.415+0000] {logging_mixin.py:188} INFO - Downloaded MSFT/1766583366.json -> /tmp/minio_downloads/1766583366.json
[2025-12-24T13:48:39.442+0000] {logging_mixin.py:188} INFO - Downloaded MSFT/1766583380.json -> /tmp/minio_downloads/1766583380.json
[2025-12-24T13:48:39.468+0000] {logging_mixin.py:188} INFO - Downloaded MSFT/1766583393.json -> /tmp/minio_downloads/1766583393.json
[2025-12-24T13:48:39.492+0000] {logging_mixin.py:188} INFO - Downloaded MSFT/1766583407.json -> /tmp/minio_downloads/1766583407.json
[2025-12-24T13:48:39.517+0000] {logging_mixin.py:188} INFO - Downloaded MSFT/1766583420.json -> /tmp/minio_downloads/1766583420.json
[2025-12-24T13:48:39.540+0000] {logging_mixin.py:188} INFO - Downloaded MSFT/1766583436.json -> /tmp/minio_downloads/1766583436.json
[2025-12-24T13:48:39.562+0000] {logging_mixin.py:188} INFO - Downloaded MSFT/1766583448.json -> /tmp/minio_downloads/1766583448.json
[2025-12-24T13:48:39.586+0000] {logging_mixin.py:188} INFO - Downloaded MSFT/1766583461.json -> /tmp/minio_downloads/1766583461.json
[2025-12-24T13:48:39.618+0000] {logging_mixin.py:188} INFO - Downloaded MSFT/1766583473.json -> /tmp/minio_downloads/1766583473.json
[2025-12-24T13:48:39.645+0000] {logging_mixin.py:188} INFO - Downloaded MSFT/1766583487.json -> /tmp/minio_downloads/1766583487.json
[2025-12-24T13:48:39.665+0000] {logging_mixin.py:188} INFO - Downloaded MSFT/1766583499.json -> /tmp/minio_downloads/1766583499.json
[2025-12-24T13:48:39.684+0000] {logging_mixin.py:188} INFO - Downloaded MSFT/1766583513.json -> /tmp/minio_downloads/1766583513.json
[2025-12-24T13:48:39.703+0000] {logging_mixin.py:188} INFO - Downloaded MSFT/1766583525.json -> /tmp/minio_downloads/1766583525.json
[2025-12-24T13:48:39.721+0000] {logging_mixin.py:188} INFO - Downloaded MSFT/1766583539.json -> /tmp/minio_downloads/1766583539.json
[2025-12-24T13:48:39.741+0000] {logging_mixin.py:188} INFO - Downloaded MSFT/1766583552.json -> /tmp/minio_downloads/1766583552.json
[2025-12-24T13:48:39.759+0000] {logging_mixin.py:188} INFO - Downloaded MSFT/1766583565.json -> /tmp/minio_downloads/1766583565.json
[2025-12-24T13:48:39.782+0000] {logging_mixin.py:188} INFO - Downloaded MSFT/1766583579.json -> /tmp/minio_downloads/1766583579.json
[2025-12-24T13:48:39.801+0000] {logging_mixin.py:188} INFO - Downloaded MSFT/1766583593.json -> /tmp/minio_downloads/1766583593.json
[2025-12-24T13:48:39.821+0000] {logging_mixin.py:188} INFO - Downloaded MSFT/1766583608.json -> /tmp/minio_downloads/1766583608.json
[2025-12-24T13:48:39.839+0000] {logging_mixin.py:188} INFO - Downloaded MSFT/1766583622.json -> /tmp/minio_downloads/1766583622.json
[2025-12-24T13:48:39.862+0000] {logging_mixin.py:188} INFO - Downloaded MSFT/1766583635.json -> /tmp/minio_downloads/1766583635.json
[2025-12-24T13:48:39.880+0000] {logging_mixin.py:188} INFO - Downloaded MSFT/1766583649.json -> /tmp/minio_downloads/1766583649.json
[2025-12-24T13:48:39.900+0000] {logging_mixin.py:188} INFO - Downloaded MSFT/1766583662.json -> /tmp/minio_downloads/1766583662.json
[2025-12-24T13:48:39.924+0000] {logging_mixin.py:188} INFO - Downloaded MSFT/1766583675.json -> /tmp/minio_downloads/1766583675.json
[2025-12-24T13:48:39.944+0000] {logging_mixin.py:188} INFO - Downloaded MSFT/1766583689.json -> /tmp/minio_downloads/1766583689.json
[2025-12-24T13:48:39.961+0000] {logging_mixin.py:188} INFO - Downloaded MSFT/1766583703.json -> /tmp/minio_downloads/1766583703.json
[2025-12-24T13:48:39.979+0000] {logging_mixin.py:188} INFO - Downloaded MSFT/1766583715.json -> /tmp/minio_downloads/1766583715.json
[2025-12-24T13:48:39.996+0000] {logging_mixin.py:188} INFO - Downloaded MSFT/1766583729.json -> /tmp/minio_downloads/1766583729.json
[2025-12-24T13:48:40.015+0000] {logging_mixin.py:188} INFO - Downloaded MSFT/1766583743.json -> /tmp/minio_downloads/1766583743.json
[2025-12-24T13:48:40.035+0000] {logging_mixin.py:188} INFO - Downloaded MSFT/1766583756.json -> /tmp/minio_downloads/1766583756.json
[2025-12-24T13:48:40.054+0000] {logging_mixin.py:188} INFO - Downloaded MSFT/1766583770.json -> /tmp/minio_downloads/1766583770.json
[2025-12-24T13:48:40.073+0000] {logging_mixin.py:188} INFO - Downloaded MSFT/1766583784.json -> /tmp/minio_downloads/1766583784.json
[2025-12-24T13:48:40.093+0000] {logging_mixin.py:188} INFO - Downloaded MSFT/1766583797.json -> /tmp/minio_downloads/1766583797.json
[2025-12-24T13:48:40.114+0000] {logging_mixin.py:188} INFO - Downloaded MSFT/1766583810.json -> /tmp/minio_downloads/1766583810.json
[2025-12-24T13:48:40.136+0000] {logging_mixin.py:188} INFO - Downloaded MSFT/1766583824.json -> /tmp/minio_downloads/1766583824.json
[2025-12-24T13:48:40.154+0000] {logging_mixin.py:188} INFO - Downloaded MSFT/1766583838.json -> /tmp/minio_downloads/1766583838.json
[2025-12-24T13:48:40.177+0000] {logging_mixin.py:188} INFO - Downloaded MSFT/1766583852.json -> /tmp/minio_downloads/1766583852.json
[2025-12-24T13:48:40.203+0000] {logging_mixin.py:188} INFO - Downloaded MSFT/1766583864.json -> /tmp/minio_downloads/1766583864.json
[2025-12-24T13:48:40.229+0000] {logging_mixin.py:188} INFO - Downloaded MSFT/1766583877.json -> /tmp/minio_downloads/1766583877.json
[2025-12-24T13:48:40.258+0000] {logging_mixin.py:188} INFO - Downloaded MSFT/1766583890.json -> /tmp/minio_downloads/1766583890.json
[2025-12-24T13:48:40.285+0000] {logging_mixin.py:188} INFO - Downloaded MSFT/1766583902.json -> /tmp/minio_downloads/1766583902.json
[2025-12-24T13:48:40.311+0000] {logging_mixin.py:188} INFO - Downloaded MSFT/1766583915.json -> /tmp/minio_downloads/1766583915.json
[2025-12-24T13:48:40.339+0000] {logging_mixin.py:188} INFO - Downloaded MSFT/1766583929.json -> /tmp/minio_downloads/1766583929.json
[2025-12-24T13:48:40.364+0000] {logging_mixin.py:188} INFO - Downloaded MSFT/1766583942.json -> /tmp/minio_downloads/1766583942.json
[2025-12-24T13:48:40.391+0000] {logging_mixin.py:188} INFO - Downloaded MSFT/1766583955.json -> /tmp/minio_downloads/1766583955.json
[2025-12-24T13:48:40.415+0000] {logging_mixin.py:188} INFO - Downloaded MSFT/1766583969.json -> /tmp/minio_downloads/1766583969.json
[2025-12-24T13:48:40.438+0000] {logging_mixin.py:188} INFO - Downloaded MSFT/1766583983.json -> /tmp/minio_downloads/1766583983.json
[2025-12-24T13:48:40.459+0000] {logging_mixin.py:188} INFO - Downloaded MSFT/1766583995.json -> /tmp/minio_downloads/1766583995.json
[2025-12-24T13:48:40.482+0000] {logging_mixin.py:188} INFO - Downloaded MSFT/1766584008.json -> /tmp/minio_downloads/1766584008.json
[2025-12-24T13:48:40.498+0000] {logging_mixin.py:188} INFO - Downloaded MSFT/1766584022.json -> /tmp/minio_downloads/1766584022.json
[2025-12-24T13:48:40.515+0000] {logging_mixin.py:188} INFO - Downloaded MSFT/1766584036.json -> /tmp/minio_downloads/1766584036.json
[2025-12-24T13:48:40.531+0000] {logging_mixin.py:188} INFO - Downloaded MSFT/1766584049.json -> /tmp/minio_downloads/1766584049.json
[2025-12-24T13:48:40.550+0000] {logging_mixin.py:188} INFO - Downloaded MSFT/1766584063.json -> /tmp/minio_downloads/1766584063.json
[2025-12-24T13:48:40.567+0000] {logging_mixin.py:188} INFO - Downloaded MSFT/1766584077.json -> /tmp/minio_downloads/1766584077.json
[2025-12-24T13:48:40.584+0000] {logging_mixin.py:188} INFO - Downloaded MSFT/1766584090.json -> /tmp/minio_downloads/1766584090.json
[2025-12-24T13:48:40.604+0000] {logging_mixin.py:188} INFO - Downloaded MSFT/1766584103.json -> /tmp/minio_downloads/1766584103.json
[2025-12-24T13:48:40.623+0000] {logging_mixin.py:188} INFO - Downloaded TSLA/1766583262.json -> /tmp/minio_downloads/1766583262.json
[2025-12-24T13:48:40.641+0000] {logging_mixin.py:188} INFO - Downloaded TSLA/1766583276.json -> /tmp/minio_downloads/1766583276.json
[2025-12-24T13:48:40.661+0000] {logging_mixin.py:188} INFO - Downloaded TSLA/1766583289.json -> /tmp/minio_downloads/1766583289.json
[2025-12-24T13:48:40.679+0000] {logging_mixin.py:188} INFO - Downloaded TSLA/1766583302.json -> /tmp/minio_downloads/1766583302.json
[2025-12-24T13:48:40.698+0000] {logging_mixin.py:188} INFO - Downloaded TSLA/1766583315.json -> /tmp/minio_downloads/1766583315.json
[2025-12-24T13:48:40.717+0000] {logging_mixin.py:188} INFO - Downloaded TSLA/1766583329.json -> /tmp/minio_downloads/1766583329.json
[2025-12-24T13:48:40.734+0000] {logging_mixin.py:188} INFO - Downloaded TSLA/1766583342.json -> /tmp/minio_downloads/1766583342.json
[2025-12-24T13:48:40.752+0000] {logging_mixin.py:188} INFO - Downloaded TSLA/1766583355.json -> /tmp/minio_downloads/1766583355.json
[2025-12-24T13:48:40.772+0000] {logging_mixin.py:188} INFO - Downloaded TSLA/1766583368.json -> /tmp/minio_downloads/1766583368.json
[2025-12-24T13:48:40.790+0000] {logging_mixin.py:188} INFO - Downloaded TSLA/1766583381.json -> /tmp/minio_downloads/1766583381.json
[2025-12-24T13:48:40.808+0000] {logging_mixin.py:188} INFO - Downloaded TSLA/1766583394.json -> /tmp/minio_downloads/1766583394.json
[2025-12-24T13:48:40.825+0000] {logging_mixin.py:188} INFO - Downloaded TSLA/1766583408.json -> /tmp/minio_downloads/1766583408.json
[2025-12-24T13:48:40.844+0000] {logging_mixin.py:188} INFO - Downloaded TSLA/1766583422.json -> /tmp/minio_downloads/1766583422.json
[2025-12-24T13:48:40.861+0000] {logging_mixin.py:188} INFO - Downloaded TSLA/1766583437.json -> /tmp/minio_downloads/1766583437.json
[2025-12-24T13:48:40.880+0000] {logging_mixin.py:188} INFO - Downloaded TSLA/1766583449.json -> /tmp/minio_downloads/1766583449.json
[2025-12-24T13:48:40.900+0000] {logging_mixin.py:188} INFO - Downloaded TSLA/1766583462.json -> /tmp/minio_downloads/1766583462.json
[2025-12-24T13:48:40.918+0000] {logging_mixin.py:188} INFO - Downloaded TSLA/1766583474.json -> /tmp/minio_downloads/1766583474.json
[2025-12-24T13:48:40.935+0000] {logging_mixin.py:188} INFO - Downloaded TSLA/1766583488.json -> /tmp/minio_downloads/1766583488.json
[2025-12-24T13:48:40.955+0000] {logging_mixin.py:188} INFO - Downloaded TSLA/1766583501.json -> /tmp/minio_downloads/1766583501.json
[2025-12-24T13:48:40.972+0000] {logging_mixin.py:188} INFO - Downloaded TSLA/1766583514.json -> /tmp/minio_downloads/1766583514.json
[2025-12-24T13:48:40.990+0000] {logging_mixin.py:188} INFO - Downloaded TSLA/1766583527.json -> /tmp/minio_downloads/1766583527.json
[2025-12-24T13:48:41.008+0000] {logging_mixin.py:188} INFO - Downloaded TSLA/1766583541.json -> /tmp/minio_downloads/1766583541.json
[2025-12-24T13:48:41.027+0000] {logging_mixin.py:188} INFO - Downloaded TSLA/1766583553.json -> /tmp/minio_downloads/1766583553.json
[2025-12-24T13:48:41.046+0000] {logging_mixin.py:188} INFO - Downloaded TSLA/1766583567.json -> /tmp/minio_downloads/1766583567.json
[2025-12-24T13:48:41.064+0000] {logging_mixin.py:188} INFO - Downloaded TSLA/1766583582.json -> /tmp/minio_downloads/1766583582.json
[2025-12-24T13:48:41.082+0000] {logging_mixin.py:188} INFO - Downloaded TSLA/1766583595.json -> /tmp/minio_downloads/1766583595.json
[2025-12-24T13:48:41.101+0000] {logging_mixin.py:188} INFO - Downloaded TSLA/1766583609.json -> /tmp/minio_downloads/1766583609.json
[2025-12-24T13:48:41.124+0000] {logging_mixin.py:188} INFO - Downloaded TSLA/1766583623.json -> /tmp/minio_downloads/1766583623.json
[2025-12-24T13:48:41.166+0000] {logging_mixin.py:188} INFO - Downloaded TSLA/1766583637.json -> /tmp/minio_downloads/1766583637.json
[2025-12-24T13:48:41.189+0000] {logging_mixin.py:188} INFO - Downloaded TSLA/1766583650.json -> /tmp/minio_downloads/1766583650.json
[2025-12-24T13:48:41.218+0000] {logging_mixin.py:188} INFO - Downloaded TSLA/1766583663.json -> /tmp/minio_downloads/1766583663.json
[2025-12-24T13:48:41.243+0000] {logging_mixin.py:188} INFO - Downloaded TSLA/1766583677.json -> /tmp/minio_downloads/1766583677.json
[2025-12-24T13:48:41.263+0000] {logging_mixin.py:188} INFO - Downloaded TSLA/1766583690.json -> /tmp/minio_downloads/1766583690.json
[2025-12-24T13:48:41.283+0000] {logging_mixin.py:188} INFO - Downloaded TSLA/1766583704.json -> /tmp/minio_downloads/1766583704.json
[2025-12-24T13:48:41.305+0000] {logging_mixin.py:188} INFO - Downloaded TSLA/1766583717.json -> /tmp/minio_downloads/1766583717.json
[2025-12-24T13:48:41.324+0000] {logging_mixin.py:188} INFO - Downloaded TSLA/1766583730.json -> /tmp/minio_downloads/1766583730.json
[2025-12-24T13:48:41.345+0000] {logging_mixin.py:188} INFO - Downloaded TSLA/1766583744.json -> /tmp/minio_downloads/1766583744.json
[2025-12-24T13:48:41.364+0000] {logging_mixin.py:188} INFO - Downloaded TSLA/1766583758.json -> /tmp/minio_downloads/1766583758.json
[2025-12-24T13:48:41.383+0000] {logging_mixin.py:188} INFO - Downloaded TSLA/1766583771.json -> /tmp/minio_downloads/1766583771.json
[2025-12-24T13:48:41.404+0000] {logging_mixin.py:188} INFO - Downloaded TSLA/1766583785.json -> /tmp/minio_downloads/1766583785.json
[2025-12-24T13:48:41.494+0000] {logging_mixin.py:188} INFO - Downloaded TSLA/1766583798.json -> /tmp/minio_downloads/1766583798.json
[2025-12-24T13:48:41.511+0000] {logging_mixin.py:188} INFO - Downloaded TSLA/1766583812.json -> /tmp/minio_downloads/1766583812.json
[2025-12-24T13:48:41.531+0000] {logging_mixin.py:188} INFO - Downloaded TSLA/1766583826.json -> /tmp/minio_downloads/1766583826.json
[2025-12-24T13:48:41.552+0000] {logging_mixin.py:188} INFO - Downloaded TSLA/1766583840.json -> /tmp/minio_downloads/1766583840.json
[2025-12-24T13:48:41.573+0000] {logging_mixin.py:188} INFO - Downloaded TSLA/1766583853.json -> /tmp/minio_downloads/1766583853.json
[2025-12-24T13:48:41.589+0000] {logging_mixin.py:188} INFO - Downloaded TSLA/1766583866.json -> /tmp/minio_downloads/1766583866.json
[2025-12-24T13:48:41.608+0000] {logging_mixin.py:188} INFO - Downloaded TSLA/1766583879.json -> /tmp/minio_downloads/1766583879.json
[2025-12-24T13:48:41.627+0000] {logging_mixin.py:188} INFO - Downloaded TSLA/1766583891.json -> /tmp/minio_downloads/1766583891.json
[2025-12-24T13:48:41.647+0000] {logging_mixin.py:188} INFO - Downloaded TSLA/1766583903.json -> /tmp/minio_downloads/1766583903.json
[2025-12-24T13:48:41.666+0000] {logging_mixin.py:188} INFO - Downloaded TSLA/1766583917.json -> /tmp/minio_downloads/1766583917.json
[2025-12-24T13:48:41.685+0000] {logging_mixin.py:188} INFO - Downloaded TSLA/1766583930.json -> /tmp/minio_downloads/1766583930.json
[2025-12-24T13:48:41.704+0000] {logging_mixin.py:188} INFO - Downloaded TSLA/1766583943.json -> /tmp/minio_downloads/1766583943.json
[2025-12-24T13:48:41.723+0000] {logging_mixin.py:188} INFO - Downloaded TSLA/1766583957.json -> /tmp/minio_downloads/1766583957.json
[2025-12-24T13:48:41.747+0000] {logging_mixin.py:188} INFO - Downloaded TSLA/1766583970.json -> /tmp/minio_downloads/1766583970.json
[2025-12-24T13:48:41.769+0000] {logging_mixin.py:188} INFO - Downloaded TSLA/1766583984.json -> /tmp/minio_downloads/1766583984.json
[2025-12-24T13:48:41.792+0000] {logging_mixin.py:188} INFO - Downloaded TSLA/1766583997.json -> /tmp/minio_downloads/1766583997.json
[2025-12-24T13:48:41.813+0000] {logging_mixin.py:188} INFO - Downloaded TSLA/1766584009.json -> /tmp/minio_downloads/1766584009.json
[2025-12-24T13:48:41.832+0000] {logging_mixin.py:188} INFO - Downloaded TSLA/1766584024.json -> /tmp/minio_downloads/1766584024.json
[2025-12-24T13:48:41.852+0000] {logging_mixin.py:188} INFO - Downloaded TSLA/1766584037.json -> /tmp/minio_downloads/1766584037.json
[2025-12-24T13:48:41.872+0000] {logging_mixin.py:188} INFO - Downloaded TSLA/1766584051.json -> /tmp/minio_downloads/1766584051.json
[2025-12-24T13:48:41.892+0000] {logging_mixin.py:188} INFO - Downloaded TSLA/1766584064.json -> /tmp/minio_downloads/1766584064.json
[2025-12-24T13:48:41.914+0000] {logging_mixin.py:188} INFO - Downloaded TSLA/1766584078.json -> /tmp/minio_downloads/1766584078.json
[2025-12-24T13:48:41.935+0000] {logging_mixin.py:188} INFO - Downloaded TSLA/1766584091.json -> /tmp/minio_downloads/1766584091.json
[2025-12-24T13:48:41.958+0000] {logging_mixin.py:188} INFO - Downloaded TSLA/1766584104.json -> /tmp/minio_downloads/1766584104.json
[2025-12-24T13:48:41.961+0000] {python.py:237} INFO - Done. Returned value was: ['/tmp/minio_downloads/1766583258.json', '/tmp/minio_downloads/1766583273.json', '/tmp/minio_downloads/1766583286.json', '/tmp/minio_downloads/1766583299.json', '/tmp/minio_downloads/1766583313.json', '/tmp/minio_downloads/1766583326.json', '/tmp/minio_downloads/1766583339.json', '/tmp/minio_downloads/1766583352.json', '/tmp/minio_downloads/1766583365.json', '/tmp/minio_downloads/1766583378.json', '/tmp/minio_downloads/1766583391.json', '/tmp/minio_downloads/1766583405.json', '/tmp/minio_downloads/1766583419.json', '/tmp/minio_downloads/1766583434.json', '/tmp/minio_downloads/1766583447.json', '/tmp/minio_downloads/1766583459.json', '/tmp/minio_downloads/1766583472.json', '/tmp/minio_downloads/1766583485.json', '/tmp/minio_downloads/1766583498.json', '/tmp/minio_downloads/1766583511.json', '/tmp/minio_downloads/1766583524.json', '/tmp/minio_downloads/1766583538.json', '/tmp/minio_downloads/1766583551.json', '/tmp/minio_downloads/1766583564.json', '/tmp/minio_downloads/1766583577.json', '/tmp/minio_downloads/1766583592.json', '/tmp/minio_downloads/1766583607.json', '/tmp/minio_downloads/1766583621.json', '/tmp/minio_downloads/1766583634.json', '/tmp/minio_downloads/1766583648.json', '/tmp/minio_downloads/1766583660.json', '/tmp/minio_downloads/1766583674.json', '/tmp/minio_downloads/1766583687.json', '/tmp/minio_downloads/1766583701.json', '/tmp/minio_downloads/1766583714.json', '/tmp/minio_downloads/1766583727.json', '/tmp/minio_downloads/1766583741.json', '/tmp/minio_downloads/1766583755.json', '/tmp/minio_downloads/1766583768.json', '/tmp/minio_downloads/1766583782.json', '/tmp/minio_downloads/1766583795.json', '/tmp/minio_downloads/1766583809.json', '/tmp/minio_downloads/1766583822.json', '/tmp/minio_downloads/1766583837.json', '/tmp/minio_downloads/1766583850.json', '/tmp/minio_downloads/1766583863.json', '/tmp/minio_downloads/1766583876.json', '/tmp/minio_downloads/1766583888.json', '/tmp/minio_downloads/1766583901.json', '/tmp/minio_downloads/1766583914.json', '/tmp/minio_downloads/1766583927.json', '/tmp/minio_downloads/1766583940.json', '/tmp/minio_downloads/1766583954.json', '/tmp/minio_downloads/1766583967.json', '/tmp/minio_downloads/1766583981.json', '/tmp/minio_downloads/1766583994.json', '/tmp/minio_downloads/1766584007.json', '/tmp/minio_downloads/1766584020.json', '/tmp/minio_downloads/1766584034.json', '/tmp/minio_downloads/1766584048.json', '/tmp/minio_downloads/1766584062.json', '/tmp/minio_downloads/1766584075.json', '/tmp/minio_downloads/1766584088.json', '/tmp/minio_downloads/1766584101.json', '/tmp/minio_downloads/1766583266.json', '/tmp/minio_downloads/1766583278.json', '/tmp/minio_downloads/1766583292.json', '/tmp/minio_downloads/1766583305.json', '/tmp/minio_downloads/1766583318.json', '/tmp/minio_downloads/1766583332.json', '/tmp/minio_downloads/1766583345.json', '/tmp/minio_downloads/1766583358.json', '/tmp/minio_downloads/1766583371.json', '/tmp/minio_downloads/1766583384.json', '/tmp/minio_downloads/1766583398.json', '/tmp/minio_downloads/1766583411.json', '/tmp/minio_downloads/1766583426.json', '/tmp/minio_downloads/1766583439.json', '/tmp/minio_downloads/1766583452.json', '/tmp/minio_downloads/1766583464.json', '/tmp/minio_downloads/1766583477.json', '/tmp/minio_downloads/1766583491.json', '/tmp/minio_downloads/1766583503.json', '/tmp/minio_downloads/1766583517.json', '/tmp/minio_downloads/1766583530.json', '/tmp/minio_downloads/1766583543.json', '/tmp/minio_downloads/1766583556.json', '/tmp/minio_downloads/1766583570.json', '/tmp/minio_downloads/1766583584.json', '/tmp/minio_downloads/1766583599.json', '/tmp/minio_downloads/1766583613.json', '/tmp/minio_downloads/1766583626.json', '/tmp/minio_downloads/1766583640.json', '/tmp/minio_downloads/1766583653.json', '/tmp/minio_downloads/1766583666.json', '/tmp/minio_downloads/1766583680.json', '/tmp/minio_downloads/1766583694.json', '/tmp/minio_downloads/1766583707.json', '/tmp/minio_downloads/1766583720.json', '/tmp/minio_downloads/1766583734.json', '/tmp/minio_downloads/1766583747.json', '/tmp/minio_downloads/1766583761.json', '/tmp/minio_downloads/1766583774.json', '/tmp/minio_downloads/1766583788.json', '/tmp/minio_downloads/1766583801.json', '/tmp/minio_downloads/1766583815.json', '/tmp/minio_downloads/1766583829.json', '/tmp/minio_downloads/1766583843.json', '/tmp/minio_downloads/1766583856.json', '/tmp/minio_downloads/1766583868.json', '/tmp/minio_downloads/1766583881.json', '/tmp/minio_downloads/1766583893.json', '/tmp/minio_downloads/1766583906.json', '/tmp/minio_downloads/1766583920.json', '/tmp/minio_downloads/1766583933.json', '/tmp/minio_downloads/1766583947.json', '/tmp/minio_downloads/1766583960.json', '/tmp/minio_downloads/1766583974.json', '/tmp/minio_downloads/1766583987.json', '/tmp/minio_downloads/1766583999.json', '/tmp/minio_downloads/1766584012.json', '/tmp/minio_downloads/1766584027.json', '/tmp/minio_downloads/1766584040.json', '/tmp/minio_downloads/1766584054.json', '/tmp/minio_downloads/1766584067.json', '/tmp/minio_downloads/1766584081.json', '/tmp/minio_downloads/1766584094.json', '/tmp/minio_downloads/1766584107.json', '/tmp/minio_downloads/1766583264.json', '/tmp/minio_downloads/1766583277.json', '/tmp/minio_downloads/1766583291.json', '/tmp/minio_downloads/1766583304.json', '/tmp/minio_downloads/1766583316.json', '/tmp/minio_downloads/1766583330.json', '/tmp/minio_downloads/1766583343.json', '/tmp/minio_downloads/1766583356.json', '/tmp/minio_downloads/1766583370.json', '/tmp/minio_downloads/1766583383.json', '/tmp/minio_downloads/1766583396.json', '/tmp/minio_downloads/1766583410.json', '/tmp/minio_downloads/1766583425.json', '/tmp/minio_downloads/1766583438.json', '/tmp/minio_downloads/1766583451.json', '/tmp/minio_downloads/1766583463.json', '/tmp/minio_downloads/1766583476.json', '/tmp/minio_downloads/1766583489.json', '/tmp/minio_downloads/1766583502.json', '/tmp/minio_downloads/1766583515.json', '/tmp/minio_downloads/1766583528.json', '/tmp/minio_downloads/1766583542.json', '/tmp/minio_downloads/1766583555.json', '/tmp/minio_downloads/1766583568.json', '/tmp/minio_downloads/1766583583.json', '/tmp/minio_downloads/1766583597.json', '/tmp/minio_downloads/1766583611.json', '/tmp/minio_downloads/1766583625.json', '/tmp/minio_downloads/1766583638.json', '/tmp/minio_downloads/1766583652.json', '/tmp/minio_downloads/1766583664.json', '/tmp/minio_downloads/1766583678.json', '/tmp/minio_downloads/1766583692.json', '/tmp/minio_downloads/1766583705.json', '/tmp/minio_downloads/1766583718.json', '/tmp/minio_downloads/1766583732.json', '/tmp/minio_downloads/1766583745.json', '/tmp/minio_downloads/1766583759.json', '/tmp/minio_downloads/1766583773.json', '/tmp/minio_downloads/1766583787.json', '/tmp/minio_downloads/1766583800.json', '/tmp/minio_downloads/1766583814.json', '/tmp/minio_downloads/1766583828.json', '/tmp/minio_downloads/1766583841.json', '/tmp/minio_downloads/1766583855.json', '/tmp/minio_downloads/1766583867.json', '/tmp/minio_downloads/1766583880.json', '/tmp/minio_downloads/1766583892.json', '/tmp/minio_downloads/1766583904.json', '/tmp/minio_downloads/1766583918.json', '/tmp/minio_downloads/1766583932.json', '/tmp/minio_downloads/1766583945.json', '/tmp/minio_downloads/1766583958.json', '/tmp/minio_downloads/1766583972.json', '/tmp/minio_downloads/1766583986.json', '/tmp/minio_downloads/1766583998.json', '/tmp/minio_downloads/1766584011.json', '/tmp/minio_downloads/1766584025.json', '/tmp/minio_downloads/1766584039.json', '/tmp/minio_downloads/1766584053.json', '/tmp/minio_downloads/1766584066.json', '/tmp/minio_downloads/1766584079.json', '/tmp/minio_downloads/1766584093.json', '/tmp/minio_downloads/1766584105.json', '/tmp/minio_downloads/1766583260.json', '/tmp/minio_downloads/1766583275.json', '/tmp/minio_downloads/1766583288.json', '/tmp/minio_downloads/1766583301.json', '/tmp/minio_downloads/1766583314.json', '/tmp/minio_downloads/1766583327.json', '/tmp/minio_downloads/1766583341.json', '/tmp/minio_downloads/1766583354.json', '/tmp/minio_downloads/1766583366.json', '/tmp/minio_downloads/1766583380.json', '/tmp/minio_downloads/1766583393.json', '/tmp/minio_downloads/1766583407.json', '/tmp/minio_downloads/1766583420.json', '/tmp/minio_downloads/1766583436.json', '/tmp/minio_downloads/1766583448.json', '/tmp/minio_downloads/1766583461.json', '/tmp/minio_downloads/1766583473.json', '/tmp/minio_downloads/1766583487.json', '/tmp/minio_downloads/1766583499.json', '/tmp/minio_downloads/1766583513.json', '/tmp/minio_downloads/1766583525.json', '/tmp/minio_downloads/1766583539.json', '/tmp/minio_downloads/1766583552.json', '/tmp/minio_downloads/1766583565.json', '/tmp/minio_downloads/1766583579.json', '/tmp/minio_downloads/1766583593.json', '/tmp/minio_downloads/1766583608.json', '/tmp/minio_downloads/1766583622.json', '/tmp/minio_downloads/1766583635.json', '/tmp/minio_downloads/1766583649.json', '/tmp/minio_downloads/1766583662.json', '/tmp/minio_downloads/1766583675.json', '/tmp/minio_downloads/1766583689.json', '/tmp/minio_downloads/1766583703.json', '/tmp/minio_downloads/1766583715.json', '/tmp/minio_downloads/1766583729.json', '/tmp/minio_downloads/1766583743.json', '/tmp/minio_downloads/1766583756.json', '/tmp/minio_downloads/1766583770.json', '/tmp/minio_downloads/1766583784.json', '/tmp/minio_downloads/1766583797.json', '/tmp/minio_downloads/1766583810.json', '/tmp/minio_downloads/1766583824.json', '/tmp/minio_downloads/1766583838.json', '/tmp/minio_downloads/1766583852.json', '/tmp/minio_downloads/1766583864.json', '/tmp/minio_downloads/1766583877.json', '/tmp/minio_downloads/1766583890.json', '/tmp/minio_downloads/1766583902.json', '/tmp/minio_downloads/1766583915.json', '/tmp/minio_downloads/1766583929.json', '/tmp/minio_downloads/1766583942.json', '/tmp/minio_downloads/1766583955.json', '/tmp/minio_downloads/1766583969.json', '/tmp/minio_downloads/1766583983.json', '/tmp/minio_downloads/1766583995.json', '/tmp/minio_downloads/1766584008.json', '/tmp/minio_downloads/1766584022.json', '/tmp/minio_downloads/1766584036.json', '/tmp/minio_downloads/1766584049.json', '/tmp/minio_downloads/1766584063.json', '/tmp/minio_downloads/1766584077.json', '/tmp/minio_downloads/1766584090.json', '/tmp/minio_downloads/1766584103.json', '/tmp/minio_downloads/1766583262.json', '/tmp/minio_downloads/1766583276.json', '/tmp/minio_downloads/1766583289.json', '/tmp/minio_downloads/1766583302.json', '/tmp/minio_downloads/1766583315.json', '/tmp/minio_downloads/1766583329.json', '/tmp/minio_downloads/1766583342.json', '/tmp/minio_downloads/1766583355.json', '/tmp/minio_downloads/1766583368.json', '/tmp/minio_downloads/1766583381.json', '/tmp/minio_downloads/1766583394.json', '/tmp/minio_downloads/1766583408.json', '/tmp/minio_downloads/1766583422.json', '/tmp/minio_downloads/1766583437.json', '/tmp/minio_downloads/1766583449.json', '/tmp/minio_downloads/1766583462.json', '/tmp/minio_downloads/1766583474.json', '/tmp/minio_downloads/1766583488.json', '/tmp/minio_downloads/1766583501.json', '/tmp/minio_downloads/1766583514.json', '/tmp/minio_downloads/1766583527.json', '/tmp/minio_downloads/1766583541.json', '/tmp/minio_downloads/1766583553.json', '/tmp/minio_downloads/1766583567.json', '/tmp/minio_downloads/1766583582.json', '/tmp/minio_downloads/1766583595.json', '/tmp/minio_downloads/1766583609.json', '/tmp/minio_downloads/1766583623.json', '/tmp/minio_downloads/1766583637.json', '/tmp/minio_downloads/1766583650.json', '/tmp/minio_downloads/1766583663.json', '/tmp/minio_downloads/1766583677.json', '/tmp/minio_downloads/1766583690.json', '/tmp/minio_downloads/1766583704.json', '/tmp/minio_downloads/1766583717.json', '/tmp/minio_downloads/1766583730.json', '/tmp/minio_downloads/1766583744.json', '/tmp/minio_downloads/1766583758.json', '/tmp/minio_downloads/1766583771.json', '/tmp/minio_downloads/1766583785.json', '/tmp/minio_downloads/1766583798.json', '/tmp/minio_downloads/1766583812.json', '/tmp/minio_downloads/1766583826.json', '/tmp/minio_downloads/1766583840.json', '/tmp/minio_downloads/1766583853.json', '/tmp/minio_downloads/1766583866.json', '/tmp/minio_downloads/1766583879.json', '/tmp/minio_downloads/1766583891.json', '/tmp/minio_downloads/1766583903.json', '/tmp/minio_downloads/1766583917.json', '/tmp/minio_downloads/1766583930.json', '/tmp/minio_downloads/1766583943.json', '/tmp/minio_downloads/1766583957.json', '/tmp/minio_downloads/1766583970.json', '/tmp/minio_downloads/1766583984.json', '/tmp/minio_downloads/1766583997.json', '/tmp/minio_downloads/1766584009.json', '/tmp/minio_downloads/1766584024.json', '/tmp/minio_downloads/1766584037.json', '/tmp/minio_downloads/1766584051.json', '/tmp/minio_downloads/1766584064.json', '/tmp/minio_downloads/1766584078.json', '/tmp/minio_downloads/1766584091.json', '/tmp/minio_downloads/1766584104.json']
[2025-12-24T13:48:41.968+0000] {taskinstance.py:441} INFO - ::group::Post task execution logs
[2025-12-24T13:48:42.041+0000] {taskinstance.py:1206} INFO - Marking task as SUCCESS. dag_id=minio_to_snowflake, task_id=download_minio, run_id=scheduled__2025-12-24T13:46:00+00:00, execution_date=20251224T134600, start_date=20251224T134832, end_date=20251224T134842
[2025-12-24T13:48:42.133+0000] {local_task_job_runner.py:243} INFO - Task exited with return code 0
[2025-12-24T13:48:42.180+0000] {taskinstance.py:3503} INFO - 1 downstream tasks scheduled from follow-on schedule check
[2025-12-24T13:48:42.186+0000] {local_task_job_runner.py:222} INFO - ::endgroup::
