[2025-12-23T11:31:21.490+0000] {local_task_job_runner.py:120} INFO - ::group::Pre task execution logs
[2025-12-23T11:31:21.607+0000] {taskinstance.py:2076} INFO - Dependencies all met for dep_context=non-requeueable deps ti=<TaskInstance: minio_to_snowflake.download_minio scheduled__2025-12-23T11:29:00+00:00 [queued]>
[2025-12-23T11:31:21.622+0000] {taskinstance.py:2076} INFO - Dependencies all met for dep_context=requeueable deps ti=<TaskInstance: minio_to_snowflake.download_minio scheduled__2025-12-23T11:29:00+00:00 [queued]>
[2025-12-23T11:31:21.625+0000] {taskinstance.py:2306} INFO - Starting attempt 1 of 2
[2025-12-23T11:31:21.656+0000] {taskinstance.py:2330} INFO - Executing <Task(PythonOperator): download_minio> on 2025-12-23 11:29:00+00:00
[2025-12-23T11:31:21.729+0000] {logging_mixin.py:188} WARNING - /home/***/.local/lib/python3.12/site-packages/***/task/task_runner/standard_task_runner.py:62 DeprecationWarning: This process (pid=5669) is multi-threaded, use of fork() may lead to deadlocks in the child.
[2025-12-23T11:31:21.737+0000] {standard_task_runner.py:64} INFO - Started process 5685 to run task
[2025-12-23T11:31:21.711+0000] {standard_task_runner.py:90} INFO - Running: ['***', 'tasks', 'run', 'minio_to_snowflake', 'download_minio', 'scheduled__2025-12-23T11:29:00+00:00', '--job-id', '60', '--raw', '--subdir', 'DAGS_FOLDER/minio_to_snowflake.py', '--cfg-path', '/tmp/tmp198o_kou']
[2025-12-23T11:31:21.749+0000] {standard_task_runner.py:91} INFO - Job 60: Subtask download_minio
[2025-12-23T11:31:21.937+0000] {task_command.py:426} INFO - Running <TaskInstance: minio_to_snowflake.download_minio scheduled__2025-12-23T11:29:00+00:00 [running]> on host 5b5bed255d0d
[2025-12-23T11:31:22.165+0000] {taskinstance.py:2648} INFO - Exporting env vars: AIRFLOW_CTX_DAG_OWNER='***' AIRFLOW_CTX_DAG_ID='minio_to_snowflake' AIRFLOW_CTX_TASK_ID='download_minio' AIRFLOW_CTX_EXECUTION_DATE='2025-12-23T11:29:00+00:00' AIRFLOW_CTX_TRY_NUMBER='1' AIRFLOW_CTX_DAG_RUN_ID='scheduled__2025-12-23T11:29:00+00:00'
[2025-12-23T11:31:22.169+0000] {taskinstance.py:430} INFO - ::endgroup::
[2025-12-23T11:31:23.541+0000] {logging_mixin.py:188} INFO - Downloaded AAPL/1766488206.json -> /tmp/minio_downloads/1766488206.json
[2025-12-23T11:31:23.558+0000] {logging_mixin.py:188} INFO - Downloaded AAPL/1766488217.json -> /tmp/minio_downloads/1766488217.json
[2025-12-23T11:31:23.574+0000] {logging_mixin.py:188} INFO - Downloaded AAPL/1766488228.json -> /tmp/minio_downloads/1766488228.json
[2025-12-23T11:31:23.594+0000] {logging_mixin.py:188} INFO - Downloaded AAPL/1766488241.json -> /tmp/minio_downloads/1766488241.json
[2025-12-23T11:31:23.609+0000] {logging_mixin.py:188} INFO - Downloaded AAPL/1766488252.json -> /tmp/minio_downloads/1766488252.json
[2025-12-23T11:31:23.626+0000] {logging_mixin.py:188} INFO - Downloaded AAPL/1766488263.json -> /tmp/minio_downloads/1766488263.json
[2025-12-23T11:31:23.643+0000] {logging_mixin.py:188} INFO - Downloaded AAPL/1766488274.json -> /tmp/minio_downloads/1766488274.json
[2025-12-23T11:31:23.663+0000] {logging_mixin.py:188} INFO - Downloaded AAPL/1766488286.json -> /tmp/minio_downloads/1766488286.json
[2025-12-23T11:31:23.678+0000] {logging_mixin.py:188} INFO - Downloaded AAPL/1766488297.json -> /tmp/minio_downloads/1766488297.json
[2025-12-23T11:31:23.694+0000] {logging_mixin.py:188} INFO - Downloaded AAPL/1766488308.json -> /tmp/minio_downloads/1766488308.json
[2025-12-23T11:31:23.707+0000] {logging_mixin.py:188} INFO - Downloaded AAPL/1766488319.json -> /tmp/minio_downloads/1766488319.json
[2025-12-23T11:31:23.722+0000] {logging_mixin.py:188} INFO - Downloaded AAPL/1766488331.json -> /tmp/minio_downloads/1766488331.json
[2025-12-23T11:31:23.742+0000] {logging_mixin.py:188} INFO - Downloaded AAPL/1766488343.json -> /tmp/minio_downloads/1766488343.json
[2025-12-23T11:31:23.761+0000] {logging_mixin.py:188} INFO - Downloaded AAPL/1766488355.json -> /tmp/minio_downloads/1766488355.json
[2025-12-23T11:31:23.779+0000] {logging_mixin.py:188} INFO - Downloaded AAPL/1766488367.json -> /tmp/minio_downloads/1766488367.json
[2025-12-23T11:31:23.788+0000] {logging_mixin.py:188} INFO - Downloaded AAPL/1766488378.json -> /tmp/minio_downloads/1766488378.json
[2025-12-23T11:31:23.804+0000] {logging_mixin.py:188} INFO - Downloaded AAPL/1766488389.json -> /tmp/minio_downloads/1766488389.json
[2025-12-23T11:31:23.819+0000] {logging_mixin.py:188} INFO - Downloaded AAPL/1766488401.json -> /tmp/minio_downloads/1766488401.json
[2025-12-23T11:31:23.835+0000] {logging_mixin.py:188} INFO - Downloaded AAPL/1766488412.json -> /tmp/minio_downloads/1766488412.json
[2025-12-23T11:31:23.851+0000] {logging_mixin.py:188} INFO - Downloaded AAPL/1766488424.json -> /tmp/minio_downloads/1766488424.json
[2025-12-23T11:31:23.868+0000] {logging_mixin.py:188} INFO - Downloaded AAPL/1766488435.json -> /tmp/minio_downloads/1766488435.json
[2025-12-23T11:31:23.886+0000] {logging_mixin.py:188} INFO - Downloaded AAPL/1766488446.json -> /tmp/minio_downloads/1766488446.json
[2025-12-23T11:31:23.904+0000] {logging_mixin.py:188} INFO - Downloaded AAPL/1766488457.json -> /tmp/minio_downloads/1766488457.json
[2025-12-23T11:31:23.920+0000] {logging_mixin.py:188} INFO - Downloaded AAPL/1766488468.json -> /tmp/minio_downloads/1766488468.json
[2025-12-23T11:31:23.937+0000] {logging_mixin.py:188} INFO - Downloaded AAPL/1766488480.json -> /tmp/minio_downloads/1766488480.json
[2025-12-23T11:31:23.952+0000] {logging_mixin.py:188} INFO - Downloaded AAPL/1766488491.json -> /tmp/minio_downloads/1766488491.json
[2025-12-23T11:31:23.965+0000] {logging_mixin.py:188} INFO - Downloaded AAPL/1766488502.json -> /tmp/minio_downloads/1766488502.json
[2025-12-23T11:31:23.979+0000] {logging_mixin.py:188} INFO - Downloaded AAPL/1766488514.json -> /tmp/minio_downloads/1766488514.json
[2025-12-23T11:31:23.994+0000] {logging_mixin.py:188} INFO - Downloaded AAPL/1766488527.json -> /tmp/minio_downloads/1766488527.json
[2025-12-23T11:31:24.010+0000] {logging_mixin.py:188} INFO - Downloaded AAPL/1766488539.json -> /tmp/minio_downloads/1766488539.json
[2025-12-23T11:31:24.034+0000] {logging_mixin.py:188} INFO - Downloaded AAPL/1766488550.json -> /tmp/minio_downloads/1766488550.json
[2025-12-23T11:31:24.056+0000] {logging_mixin.py:188} INFO - Downloaded AAPL/1766488561.json -> /tmp/minio_downloads/1766488561.json
[2025-12-23T11:31:24.077+0000] {logging_mixin.py:188} INFO - Downloaded AAPL/1766488572.json -> /tmp/minio_downloads/1766488572.json
[2025-12-23T11:31:24.093+0000] {logging_mixin.py:188} INFO - Downloaded AAPL/1766488584.json -> /tmp/minio_downloads/1766488584.json
[2025-12-23T11:31:24.117+0000] {logging_mixin.py:188} INFO - Downloaded AAPL/1766488596.json -> /tmp/minio_downloads/1766488596.json
[2025-12-23T11:31:24.136+0000] {logging_mixin.py:188} INFO - Downloaded AAPL/1766488607.json -> /tmp/minio_downloads/1766488607.json
[2025-12-23T11:31:24.161+0000] {logging_mixin.py:188} INFO - Downloaded AAPL/1766488618.json -> /tmp/minio_downloads/1766488618.json
[2025-12-23T11:31:24.179+0000] {logging_mixin.py:188} INFO - Downloaded AAPL/1766488631.json -> /tmp/minio_downloads/1766488631.json
[2025-12-23T11:31:24.202+0000] {logging_mixin.py:188} INFO - Downloaded AAPL/1766488642.json -> /tmp/minio_downloads/1766488642.json
[2025-12-23T11:31:24.218+0000] {logging_mixin.py:188} INFO - Downloaded AAPL/1766488654.json -> /tmp/minio_downloads/1766488654.json
[2025-12-23T11:31:24.232+0000] {logging_mixin.py:188} INFO - Downloaded AAPL/1766488665.json -> /tmp/minio_downloads/1766488665.json
[2025-12-23T11:31:24.252+0000] {logging_mixin.py:188} INFO - Downloaded AAPL/1766488676.json -> /tmp/minio_downloads/1766488676.json
[2025-12-23T11:31:24.273+0000] {logging_mixin.py:188} INFO - Downloaded AAPL/1766488687.json -> /tmp/minio_downloads/1766488687.json
[2025-12-23T11:31:24.290+0000] {logging_mixin.py:188} INFO - Downloaded AAPL/1766488699.json -> /tmp/minio_downloads/1766488699.json
[2025-12-23T11:31:24.307+0000] {logging_mixin.py:188} INFO - Downloaded AAPL/1766488710.json -> /tmp/minio_downloads/1766488710.json
[2025-12-23T11:31:24.323+0000] {logging_mixin.py:188} INFO - Downloaded AAPL/1766488722.json -> /tmp/minio_downloads/1766488722.json
[2025-12-23T11:31:24.344+0000] {logging_mixin.py:188} INFO - Downloaded AAPL/1766488736.json -> /tmp/minio_downloads/1766488736.json
[2025-12-23T11:31:24.361+0000] {logging_mixin.py:188} INFO - Downloaded AAPL/1766488750.json -> /tmp/minio_downloads/1766488750.json
[2025-12-23T11:31:24.375+0000] {logging_mixin.py:188} INFO - Downloaded AAPL/1766488761.json -> /tmp/minio_downloads/1766488761.json
[2025-12-23T11:31:24.391+0000] {logging_mixin.py:188} INFO - Downloaded AAPL/1766488773.json -> /tmp/minio_downloads/1766488773.json
[2025-12-23T11:31:24.412+0000] {logging_mixin.py:188} INFO - Downloaded AAPL/1766488786.json -> /tmp/minio_downloads/1766488786.json
[2025-12-23T11:31:24.432+0000] {logging_mixin.py:188} INFO - Downloaded AAPL/1766488798.json -> /tmp/minio_downloads/1766488798.json
[2025-12-23T11:31:24.450+0000] {logging_mixin.py:188} INFO - Downloaded AAPL/1766488810.json -> /tmp/minio_downloads/1766488810.json
[2025-12-23T11:31:24.465+0000] {logging_mixin.py:188} INFO - Downloaded AAPL/1766488823.json -> /tmp/minio_downloads/1766488823.json
[2025-12-23T11:31:24.486+0000] {logging_mixin.py:188} INFO - Downloaded AAPL/1766488835.json -> /tmp/minio_downloads/1766488835.json
[2025-12-23T11:31:24.503+0000] {logging_mixin.py:188} INFO - Downloaded AAPL/1766488849.json -> /tmp/minio_downloads/1766488849.json
[2025-12-23T11:31:24.520+0000] {logging_mixin.py:188} INFO - Downloaded AAPL/1766488861.json -> /tmp/minio_downloads/1766488861.json
[2025-12-23T11:31:24.535+0000] {logging_mixin.py:188} INFO - Downloaded AAPL/1766488872.json -> /tmp/minio_downloads/1766488872.json
[2025-12-23T11:31:24.552+0000] {logging_mixin.py:188} INFO - Downloaded AAPL/1766488885.json -> /tmp/minio_downloads/1766488885.json
[2025-12-23T11:31:24.571+0000] {logging_mixin.py:188} INFO - Downloaded AAPL/1766488897.json -> /tmp/minio_downloads/1766488897.json
[2025-12-23T11:31:24.589+0000] {logging_mixin.py:188} INFO - Downloaded AAPL/1766488908.json -> /tmp/minio_downloads/1766488908.json
[2025-12-23T11:31:24.607+0000] {logging_mixin.py:188} INFO - Downloaded AAPL/1766488920.json -> /tmp/minio_downloads/1766488920.json
[2025-12-23T11:31:24.626+0000] {logging_mixin.py:188} INFO - Downloaded AAPL/1766488931.json -> /tmp/minio_downloads/1766488931.json
[2025-12-23T11:31:24.643+0000] {logging_mixin.py:188} INFO - Downloaded AAPL/1766488943.json -> /tmp/minio_downloads/1766488943.json
[2025-12-23T11:31:24.658+0000] {logging_mixin.py:188} INFO - Downloaded AAPL/1766488955.json -> /tmp/minio_downloads/1766488955.json
[2025-12-23T11:31:24.677+0000] {logging_mixin.py:188} INFO - Downloaded AAPL/1766488966.json -> /tmp/minio_downloads/1766488966.json
[2025-12-23T11:31:24.696+0000] {logging_mixin.py:188} INFO - Downloaded AAPL/1766488977.json -> /tmp/minio_downloads/1766488977.json
[2025-12-23T11:31:24.714+0000] {logging_mixin.py:188} INFO - Downloaded AAPL/1766488988.json -> /tmp/minio_downloads/1766488988.json
[2025-12-23T11:31:24.733+0000] {logging_mixin.py:188} INFO - Downloaded AAPL/1766489000.json -> /tmp/minio_downloads/1766489000.json
[2025-12-23T11:31:24.749+0000] {logging_mixin.py:188} INFO - Downloaded AAPL/1766489012.json -> /tmp/minio_downloads/1766489012.json
[2025-12-23T11:31:24.766+0000] {logging_mixin.py:188} INFO - Downloaded AAPL/1766489024.json -> /tmp/minio_downloads/1766489024.json
[2025-12-23T11:31:24.781+0000] {logging_mixin.py:188} INFO - Downloaded AAPL/1766489036.json -> /tmp/minio_downloads/1766489036.json
[2025-12-23T11:31:24.798+0000] {logging_mixin.py:188} INFO - Downloaded AAPL/1766489048.json -> /tmp/minio_downloads/1766489048.json
[2025-12-23T11:31:24.814+0000] {logging_mixin.py:188} INFO - Downloaded AAPL/1766489059.json -> /tmp/minio_downloads/1766489059.json
[2025-12-23T11:31:24.833+0000] {logging_mixin.py:188} INFO - Downloaded AAPL/1766489071.json -> /tmp/minio_downloads/1766489071.json
[2025-12-23T11:31:24.848+0000] {logging_mixin.py:188} INFO - Downloaded AAPL/1766489082.json -> /tmp/minio_downloads/1766489082.json
[2025-12-23T11:31:24.864+0000] {logging_mixin.py:188} INFO - Downloaded AAPL/1766489094.json -> /tmp/minio_downloads/1766489094.json
[2025-12-23T11:31:24.880+0000] {logging_mixin.py:188} INFO - Downloaded AAPL/1766489105.json -> /tmp/minio_downloads/1766489105.json
[2025-12-23T11:31:24.897+0000] {logging_mixin.py:188} INFO - Downloaded AAPL/1766489116.json -> /tmp/minio_downloads/1766489116.json
[2025-12-23T11:31:24.912+0000] {logging_mixin.py:188} INFO - Downloaded AAPL/1766489128.json -> /tmp/minio_downloads/1766489128.json
[2025-12-23T11:31:24.927+0000] {logging_mixin.py:188} INFO - Downloaded AAPL/1766489139.json -> /tmp/minio_downloads/1766489139.json
[2025-12-23T11:31:24.941+0000] {logging_mixin.py:188} INFO - Downloaded AAPL/1766489152.json -> /tmp/minio_downloads/1766489152.json
[2025-12-23T11:31:24.956+0000] {logging_mixin.py:188} INFO - Downloaded AAPL/1766489164.json -> /tmp/minio_downloads/1766489164.json
[2025-12-23T11:31:24.974+0000] {logging_mixin.py:188} INFO - Downloaded AAPL/1766489176.json -> /tmp/minio_downloads/1766489176.json
[2025-12-23T11:31:24.988+0000] {logging_mixin.py:188} INFO - Downloaded AAPL/1766489187.json -> /tmp/minio_downloads/1766489187.json
[2025-12-23T11:31:25.007+0000] {logging_mixin.py:188} INFO - Downloaded AAPL/1766489199.json -> /tmp/minio_downloads/1766489199.json
[2025-12-23T11:31:25.026+0000] {logging_mixin.py:188} INFO - Downloaded AAPL/1766489211.json -> /tmp/minio_downloads/1766489211.json
[2025-12-23T11:31:25.050+0000] {logging_mixin.py:188} INFO - Downloaded AAPL/1766489222.json -> /tmp/minio_downloads/1766489222.json
[2025-12-23T11:31:25.077+0000] {logging_mixin.py:188} INFO - Downloaded AAPL/1766489234.json -> /tmp/minio_downloads/1766489234.json
[2025-12-23T11:31:25.103+0000] {logging_mixin.py:188} INFO - Downloaded AAPL/1766489246.json -> /tmp/minio_downloads/1766489246.json
[2025-12-23T11:31:25.131+0000] {logging_mixin.py:188} INFO - Downloaded AAPL/1766489258.json -> /tmp/minio_downloads/1766489258.json
[2025-12-23T11:31:25.161+0000] {logging_mixin.py:188} INFO - Downloaded AAPL/1766489269.json -> /tmp/minio_downloads/1766489269.json
[2025-12-23T11:31:25.196+0000] {logging_mixin.py:188} INFO - Downloaded AAPL/1766489281.json -> /tmp/minio_downloads/1766489281.json
[2025-12-23T11:31:25.228+0000] {logging_mixin.py:188} INFO - Downloaded AAPL/1766489292.json -> /tmp/minio_downloads/1766489292.json
[2025-12-23T11:31:25.249+0000] {logging_mixin.py:188} INFO - Downloaded AAPL/1766489304.json -> /tmp/minio_downloads/1766489304.json
[2025-12-23T11:31:25.290+0000] {logging_mixin.py:188} INFO - Downloaded AAPL/1766489317.json -> /tmp/minio_downloads/1766489317.json
[2025-12-23T11:31:25.315+0000] {logging_mixin.py:188} INFO - Downloaded AAPL/1766489330.json -> /tmp/minio_downloads/1766489330.json
[2025-12-23T11:31:25.338+0000] {logging_mixin.py:188} INFO - Downloaded AAPL/1766489343.json -> /tmp/minio_downloads/1766489343.json
[2025-12-23T11:31:25.370+0000] {logging_mixin.py:188} INFO - Downloaded AAPL/1766489354.json -> /tmp/minio_downloads/1766489354.json
[2025-12-23T11:31:25.391+0000] {logging_mixin.py:188} INFO - Downloaded AAPL/1766489366.json -> /tmp/minio_downloads/1766489366.json
[2025-12-23T11:31:25.428+0000] {logging_mixin.py:188} INFO - Downloaded AAPL/1766489378.json -> /tmp/minio_downloads/1766489378.json
[2025-12-23T11:31:25.448+0000] {logging_mixin.py:188} INFO - Downloaded AAPL/1766489390.json -> /tmp/minio_downloads/1766489390.json
[2025-12-23T11:31:25.471+0000] {logging_mixin.py:188} INFO - Downloaded AAPL/1766489402.json -> /tmp/minio_downloads/1766489402.json
[2025-12-23T11:31:25.496+0000] {logging_mixin.py:188} INFO - Downloaded AAPL/1766489414.json -> /tmp/minio_downloads/1766489414.json
[2025-12-23T11:31:25.517+0000] {logging_mixin.py:188} INFO - Downloaded AAPL/1766489426.json -> /tmp/minio_downloads/1766489426.json
[2025-12-23T11:31:25.534+0000] {logging_mixin.py:188} INFO - Downloaded AAPL/1766489438.json -> /tmp/minio_downloads/1766489438.json
[2025-12-23T11:31:25.550+0000] {logging_mixin.py:188} INFO - Downloaded AAPL/1766489449.json -> /tmp/minio_downloads/1766489449.json
[2025-12-23T11:31:25.570+0000] {logging_mixin.py:188} INFO - Downloaded AAPL/1766489462.json -> /tmp/minio_downloads/1766489462.json
[2025-12-23T11:31:25.586+0000] {logging_mixin.py:188} INFO - Downloaded AAPL/1766489474.json -> /tmp/minio_downloads/1766489474.json
[2025-12-23T11:31:25.609+0000] {logging_mixin.py:188} INFO - Downloaded AMZN/1766488210.json -> /tmp/minio_downloads/1766488210.json
[2025-12-23T11:31:25.627+0000] {logging_mixin.py:188} INFO - Downloaded AMZN/1766488221.json -> /tmp/minio_downloads/1766488221.json
[2025-12-23T11:31:25.644+0000] {logging_mixin.py:188} INFO - Downloaded AMZN/1766488233.json -> /tmp/minio_downloads/1766488233.json
[2025-12-23T11:31:25.661+0000] {logging_mixin.py:188} INFO - Downloaded AMZN/1766488245.json -> /tmp/minio_downloads/1766488245.json
[2025-12-23T11:31:25.682+0000] {logging_mixin.py:188} INFO - Downloaded AMZN/1766488256.json -> /tmp/minio_downloads/1766488256.json
[2025-12-23T11:31:25.700+0000] {logging_mixin.py:188} INFO - Downloaded AMZN/1766488267.json -> /tmp/minio_downloads/1766488267.json
[2025-12-23T11:31:25.718+0000] {logging_mixin.py:188} INFO - Downloaded AMZN/1766488278.json -> /tmp/minio_downloads/1766488278.json
[2025-12-23T11:31:25.736+0000] {logging_mixin.py:188} INFO - Downloaded AMZN/1766488290.json -> /tmp/minio_downloads/1766488290.json
[2025-12-23T11:31:25.752+0000] {logging_mixin.py:188} INFO - Downloaded AMZN/1766488301.json -> /tmp/minio_downloads/1766488301.json
[2025-12-23T11:31:25.769+0000] {logging_mixin.py:188} INFO - Downloaded AMZN/1766488312.json -> /tmp/minio_downloads/1766488312.json
[2025-12-23T11:31:25.787+0000] {logging_mixin.py:188} INFO - Downloaded AMZN/1766488324.json -> /tmp/minio_downloads/1766488324.json
[2025-12-23T11:31:25.807+0000] {logging_mixin.py:188} INFO - Downloaded AMZN/1766488335.json -> /tmp/minio_downloads/1766488335.json
[2025-12-23T11:31:25.823+0000] {logging_mixin.py:188} INFO - Downloaded AMZN/1766488347.json -> /tmp/minio_downloads/1766488347.json
[2025-12-23T11:31:25.838+0000] {logging_mixin.py:188} INFO - Downloaded AMZN/1766488360.json -> /tmp/minio_downloads/1766488360.json
[2025-12-23T11:31:25.853+0000] {logging_mixin.py:188} INFO - Downloaded AMZN/1766488371.json -> /tmp/minio_downloads/1766488371.json
[2025-12-23T11:31:25.870+0000] {logging_mixin.py:188} INFO - Downloaded AMZN/1766488382.json -> /tmp/minio_downloads/1766488382.json
[2025-12-23T11:31:25.882+0000] {logging_mixin.py:188} INFO - Downloaded AMZN/1766488393.json -> /tmp/minio_downloads/1766488393.json
[2025-12-23T11:31:25.899+0000] {logging_mixin.py:188} INFO - Downloaded AMZN/1766488405.json -> /tmp/minio_downloads/1766488405.json
[2025-12-23T11:31:25.914+0000] {logging_mixin.py:188} INFO - Downloaded AMZN/1766488416.json -> /tmp/minio_downloads/1766488416.json
[2025-12-23T11:31:25.929+0000] {logging_mixin.py:188} INFO - Downloaded AMZN/1766488428.json -> /tmp/minio_downloads/1766488428.json
[2025-12-23T11:31:25.945+0000] {logging_mixin.py:188} INFO - Downloaded AMZN/1766488439.json -> /tmp/minio_downloads/1766488439.json
[2025-12-23T11:31:25.968+0000] {logging_mixin.py:188} INFO - Downloaded AMZN/1766488450.json -> /tmp/minio_downloads/1766488450.json
[2025-12-23T11:31:25.988+0000] {logging_mixin.py:188} INFO - Downloaded AMZN/1766488461.json -> /tmp/minio_downloads/1766488461.json
[2025-12-23T11:31:26.003+0000] {logging_mixin.py:188} INFO - Downloaded AMZN/1766488473.json -> /tmp/minio_downloads/1766488473.json
[2025-12-23T11:31:26.027+0000] {logging_mixin.py:188} INFO - Downloaded AMZN/1766488484.json -> /tmp/minio_downloads/1766488484.json
[2025-12-23T11:31:26.058+0000] {logging_mixin.py:188} INFO - Downloaded AMZN/1766488495.json -> /tmp/minio_downloads/1766488495.json
[2025-12-23T11:31:26.085+0000] {logging_mixin.py:188} INFO - Downloaded AMZN/1766488507.json -> /tmp/minio_downloads/1766488507.json
[2025-12-23T11:31:26.116+0000] {logging_mixin.py:188} INFO - Downloaded AMZN/1766488520.json -> /tmp/minio_downloads/1766488520.json
[2025-12-23T11:31:26.149+0000] {logging_mixin.py:188} INFO - Downloaded AMZN/1766488532.json -> /tmp/minio_downloads/1766488532.json
[2025-12-23T11:31:26.171+0000] {logging_mixin.py:188} INFO - Downloaded AMZN/1766488543.json -> /tmp/minio_downloads/1766488543.json
[2025-12-23T11:31:26.184+0000] {logging_mixin.py:188} INFO - Downloaded AMZN/1766488554.json -> /tmp/minio_downloads/1766488554.json
[2025-12-23T11:31:26.207+0000] {logging_mixin.py:188} INFO - Downloaded AMZN/1766488565.json -> /tmp/minio_downloads/1766488565.json
[2025-12-23T11:31:26.228+0000] {logging_mixin.py:188} INFO - Downloaded AMZN/1766488577.json -> /tmp/minio_downloads/1766488577.json
[2025-12-23T11:31:26.244+0000] {logging_mixin.py:188} INFO - Downloaded AMZN/1766488588.json -> /tmp/minio_downloads/1766488588.json
[2025-12-23T11:31:26.262+0000] {logging_mixin.py:188} INFO - Downloaded AMZN/1766488600.json -> /tmp/minio_downloads/1766488600.json
[2025-12-23T11:31:26.281+0000] {logging_mixin.py:188} INFO - Downloaded AMZN/1766488611.json -> /tmp/minio_downloads/1766488611.json
[2025-12-23T11:31:26.297+0000] {logging_mixin.py:188} INFO - Downloaded AMZN/1766488624.json -> /tmp/minio_downloads/1766488624.json
[2025-12-23T11:31:26.314+0000] {logging_mixin.py:188} INFO - Downloaded AMZN/1766488635.json -> /tmp/minio_downloads/1766488635.json
[2025-12-23T11:31:26.327+0000] {logging_mixin.py:188} INFO - Downloaded AMZN/1766488647.json -> /tmp/minio_downloads/1766488647.json
[2025-12-23T11:31:26.343+0000] {logging_mixin.py:188} INFO - Downloaded AMZN/1766488658.json -> /tmp/minio_downloads/1766488658.json
[2025-12-23T11:31:26.361+0000] {logging_mixin.py:188} INFO - Downloaded AMZN/1766488669.json -> /tmp/minio_downloads/1766488669.json
[2025-12-23T11:31:26.376+0000] {logging_mixin.py:188} INFO - Downloaded AMZN/1766488680.json -> /tmp/minio_downloads/1766488680.json
[2025-12-23T11:31:26.399+0000] {logging_mixin.py:188} INFO - Downloaded AMZN/1766488692.json -> /tmp/minio_downloads/1766488692.json
[2025-12-23T11:31:26.416+0000] {logging_mixin.py:188} INFO - Downloaded AMZN/1766488703.json -> /tmp/minio_downloads/1766488703.json
[2025-12-23T11:31:26.435+0000] {logging_mixin.py:188} INFO - Downloaded AMZN/1766488715.json -> /tmp/minio_downloads/1766488715.json
[2025-12-23T11:31:26.453+0000] {logging_mixin.py:188} INFO - Downloaded AMZN/1766488728.json -> /tmp/minio_downloads/1766488728.json
[2025-12-23T11:31:26.469+0000] {logging_mixin.py:188} INFO - Downloaded AMZN/1766488742.json -> /tmp/minio_downloads/1766488742.json
[2025-12-23T11:31:26.494+0000] {logging_mixin.py:188} INFO - Downloaded AMZN/1766488754.json -> /tmp/minio_downloads/1766488754.json
[2025-12-23T11:31:26.509+0000] {logging_mixin.py:188} INFO - Downloaded AMZN/1766488766.json -> /tmp/minio_downloads/1766488766.json
[2025-12-23T11:31:26.523+0000] {logging_mixin.py:188} INFO - Downloaded AMZN/1766488778.json -> /tmp/minio_downloads/1766488778.json
[2025-12-23T11:31:26.538+0000] {logging_mixin.py:188} INFO - Downloaded AMZN/1766488791.json -> /tmp/minio_downloads/1766488791.json
[2025-12-23T11:31:26.552+0000] {logging_mixin.py:188} INFO - Downloaded AMZN/1766488803.json -> /tmp/minio_downloads/1766488803.json
[2025-12-23T11:31:26.566+0000] {logging_mixin.py:188} INFO - Downloaded AMZN/1766488815.json -> /tmp/minio_downloads/1766488815.json
[2025-12-23T11:31:26.580+0000] {logging_mixin.py:188} INFO - Downloaded AMZN/1766488828.json -> /tmp/minio_downloads/1766488828.json
[2025-12-23T11:31:26.594+0000] {logging_mixin.py:188} INFO - Downloaded AMZN/1766488842.json -> /tmp/minio_downloads/1766488842.json
[2025-12-23T11:31:26.607+0000] {logging_mixin.py:188} INFO - Downloaded AMZN/1766488854.json -> /tmp/minio_downloads/1766488854.json
[2025-12-23T11:31:26.621+0000] {logging_mixin.py:188} INFO - Downloaded AMZN/1766488865.json -> /tmp/minio_downloads/1766488865.json
[2025-12-23T11:31:26.636+0000] {logging_mixin.py:188} INFO - Downloaded AMZN/1766488878.json -> /tmp/minio_downloads/1766488878.json
[2025-12-23T11:31:26.649+0000] {logging_mixin.py:188} INFO - Downloaded AMZN/1766488889.json -> /tmp/minio_downloads/1766488889.json
[2025-12-23T11:31:26.662+0000] {logging_mixin.py:188} INFO - Downloaded AMZN/1766488901.json -> /tmp/minio_downloads/1766488901.json
[2025-12-23T11:31:26.680+0000] {logging_mixin.py:188} INFO - Downloaded AMZN/1766488913.json -> /tmp/minio_downloads/1766488913.json
[2025-12-23T11:31:26.698+0000] {logging_mixin.py:188} INFO - Downloaded AMZN/1766488924.json -> /tmp/minio_downloads/1766488924.json
[2025-12-23T11:31:26.719+0000] {logging_mixin.py:188} INFO - Downloaded AMZN/1766488935.json -> /tmp/minio_downloads/1766488935.json
[2025-12-23T11:31:26.736+0000] {logging_mixin.py:188} INFO - Downloaded AMZN/1766488948.json -> /tmp/minio_downloads/1766488948.json
[2025-12-23T11:31:26.753+0000] {logging_mixin.py:188} INFO - Downloaded AMZN/1766488959.json -> /tmp/minio_downloads/1766488959.json
[2025-12-23T11:31:26.767+0000] {logging_mixin.py:188} INFO - Downloaded AMZN/1766488970.json -> /tmp/minio_downloads/1766488970.json
[2025-12-23T11:31:26.785+0000] {logging_mixin.py:188} INFO - Downloaded AMZN/1766488981.json -> /tmp/minio_downloads/1766488981.json
[2025-12-23T11:31:26.801+0000] {logging_mixin.py:188} INFO - Downloaded AMZN/1766488993.json -> /tmp/minio_downloads/1766488993.json
[2025-12-23T11:31:26.820+0000] {logging_mixin.py:188} INFO - Downloaded AMZN/1766489005.json -> /tmp/minio_downloads/1766489005.json
[2025-12-23T11:31:26.841+0000] {logging_mixin.py:188} INFO - Downloaded AMZN/1766489017.json -> /tmp/minio_downloads/1766489017.json
[2025-12-23T11:31:26.858+0000] {logging_mixin.py:188} INFO - Downloaded AMZN/1766489029.json -> /tmp/minio_downloads/1766489029.json
[2025-12-23T11:31:26.874+0000] {logging_mixin.py:188} INFO - Downloaded AMZN/1766489041.json -> /tmp/minio_downloads/1766489041.json
[2025-12-23T11:31:26.890+0000] {logging_mixin.py:188} INFO - Downloaded AMZN/1766489052.json -> /tmp/minio_downloads/1766489052.json
[2025-12-23T11:31:26.906+0000] {logging_mixin.py:188} INFO - Downloaded AMZN/1766489063.json -> /tmp/minio_downloads/1766489063.json
[2025-12-23T11:31:26.922+0000] {logging_mixin.py:188} INFO - Downloaded AMZN/1766489075.json -> /tmp/minio_downloads/1766489075.json
[2025-12-23T11:31:26.937+0000] {logging_mixin.py:188} INFO - Downloaded AMZN/1766489086.json -> /tmp/minio_downloads/1766489086.json
[2025-12-23T11:31:26.955+0000] {logging_mixin.py:188} INFO - Downloaded AMZN/1766489098.json -> /tmp/minio_downloads/1766489098.json
[2025-12-23T11:31:26.971+0000] {logging_mixin.py:188} INFO - Downloaded AMZN/1766489109.json -> /tmp/minio_downloads/1766489109.json
[2025-12-23T11:31:26.985+0000] {logging_mixin.py:188} INFO - Downloaded AMZN/1766489120.json -> /tmp/minio_downloads/1766489120.json
[2025-12-23T11:31:26.999+0000] {logging_mixin.py:188} INFO - Downloaded AMZN/1766489132.json -> /tmp/minio_downloads/1766489132.json
[2025-12-23T11:31:27.031+0000] {logging_mixin.py:188} INFO - Downloaded AMZN/1766489144.json -> /tmp/minio_downloads/1766489144.json
[2025-12-23T11:31:27.062+0000] {logging_mixin.py:188} INFO - Downloaded AMZN/1766489157.json -> /tmp/minio_downloads/1766489157.json
[2025-12-23T11:31:27.086+0000] {logging_mixin.py:188} INFO - Downloaded AMZN/1766489169.json -> /tmp/minio_downloads/1766489169.json
[2025-12-23T11:31:27.112+0000] {logging_mixin.py:188} INFO - Downloaded AMZN/1766489180.json -> /tmp/minio_downloads/1766489180.json
[2025-12-23T11:31:27.134+0000] {logging_mixin.py:188} INFO - Downloaded AMZN/1766489192.json -> /tmp/minio_downloads/1766489192.json
[2025-12-23T11:31:27.157+0000] {logging_mixin.py:188} INFO - Downloaded AMZN/1766489203.json -> /tmp/minio_downloads/1766489203.json
[2025-12-23T11:31:27.183+0000] {logging_mixin.py:188} INFO - Downloaded AMZN/1766489215.json -> /tmp/minio_downloads/1766489215.json
[2025-12-23T11:31:27.218+0000] {logging_mixin.py:188} INFO - Downloaded AMZN/1766489226.json -> /tmp/minio_downloads/1766489226.json
[2025-12-23T11:31:27.240+0000] {logging_mixin.py:188} INFO - Downloaded AMZN/1766489238.json -> /tmp/minio_downloads/1766489238.json
[2025-12-23T11:31:27.272+0000] {logging_mixin.py:188} INFO - Downloaded AMZN/1766489250.json -> /tmp/minio_downloads/1766489250.json
[2025-12-23T11:31:27.301+0000] {logging_mixin.py:188} INFO - Downloaded AMZN/1766489262.json -> /tmp/minio_downloads/1766489262.json
[2025-12-23T11:31:27.325+0000] {logging_mixin.py:188} INFO - Downloaded AMZN/1766489274.json -> /tmp/minio_downloads/1766489274.json
[2025-12-23T11:31:27.352+0000] {logging_mixin.py:188} INFO - Downloaded AMZN/1766489285.json -> /tmp/minio_downloads/1766489285.json
[2025-12-23T11:31:27.372+0000] {logging_mixin.py:188} INFO - Downloaded AMZN/1766489297.json -> /tmp/minio_downloads/1766489297.json
[2025-12-23T11:31:27.393+0000] {logging_mixin.py:188} INFO - Downloaded AMZN/1766489310.json -> /tmp/minio_downloads/1766489310.json
[2025-12-23T11:31:27.430+0000] {logging_mixin.py:188} INFO - Downloaded AMZN/1766489323.json -> /tmp/minio_downloads/1766489323.json
[2025-12-23T11:31:27.451+0000] {logging_mixin.py:188} INFO - Downloaded AMZN/1766489335.json -> /tmp/minio_downloads/1766489335.json
[2025-12-23T11:31:27.472+0000] {logging_mixin.py:188} INFO - Downloaded AMZN/1766489347.json -> /tmp/minio_downloads/1766489347.json
[2025-12-23T11:31:27.499+0000] {logging_mixin.py:188} INFO - Downloaded AMZN/1766489359.json -> /tmp/minio_downloads/1766489359.json
[2025-12-23T11:31:27.522+0000] {logging_mixin.py:188} INFO - Downloaded AMZN/1766489371.json -> /tmp/minio_downloads/1766489371.json
[2025-12-23T11:31:27.539+0000] {logging_mixin.py:188} INFO - Downloaded AMZN/1766489383.json -> /tmp/minio_downloads/1766489383.json
[2025-12-23T11:31:27.557+0000] {logging_mixin.py:188} INFO - Downloaded AMZN/1766489395.json -> /tmp/minio_downloads/1766489395.json
[2025-12-23T11:31:27.576+0000] {logging_mixin.py:188} INFO - Downloaded AMZN/1766489407.json -> /tmp/minio_downloads/1766489407.json
[2025-12-23T11:31:27.594+0000] {logging_mixin.py:188} INFO - Downloaded AMZN/1766489419.json -> /tmp/minio_downloads/1766489419.json
[2025-12-23T11:31:27.609+0000] {logging_mixin.py:188} INFO - Downloaded AMZN/1766489430.json -> /tmp/minio_downloads/1766489430.json
[2025-12-23T11:31:27.625+0000] {logging_mixin.py:188} INFO - Downloaded AMZN/1766489442.json -> /tmp/minio_downloads/1766489442.json
[2025-12-23T11:31:27.642+0000] {logging_mixin.py:188} INFO - Downloaded AMZN/1766489455.json -> /tmp/minio_downloads/1766489455.json
[2025-12-23T11:31:27.659+0000] {logging_mixin.py:188} INFO - Downloaded AMZN/1766489467.json -> /tmp/minio_downloads/1766489467.json
[2025-12-23T11:31:27.675+0000] {logging_mixin.py:188} INFO - Downloaded AMZN/1766489479.json -> /tmp/minio_downloads/1766489479.json
[2025-12-23T11:31:27.694+0000] {logging_mixin.py:188} INFO - Downloaded GOOGL/1766488209.json -> /tmp/minio_downloads/1766488209.json
[2025-12-23T11:31:27.711+0000] {logging_mixin.py:188} INFO - Downloaded GOOGL/1766488220.json -> /tmp/minio_downloads/1766488220.json
[2025-12-23T11:31:27.728+0000] {logging_mixin.py:188} INFO - Downloaded GOOGL/1766488232.json -> /tmp/minio_downloads/1766488232.json
[2025-12-23T11:31:27.745+0000] {logging_mixin.py:188} INFO - Downloaded GOOGL/1766488244.json -> /tmp/minio_downloads/1766488244.json
[2025-12-23T11:31:27.761+0000] {logging_mixin.py:188} INFO - Downloaded GOOGL/1766488255.json -> /tmp/minio_downloads/1766488255.json
[2025-12-23T11:31:27.776+0000] {logging_mixin.py:188} INFO - Downloaded GOOGL/1766488266.json -> /tmp/minio_downloads/1766488266.json
[2025-12-23T11:31:27.796+0000] {logging_mixin.py:188} INFO - Downloaded GOOGL/1766488277.json -> /tmp/minio_downloads/1766488277.json
[2025-12-23T11:31:27.813+0000] {logging_mixin.py:188} INFO - Downloaded GOOGL/1766488289.json -> /tmp/minio_downloads/1766488289.json
[2025-12-23T11:31:27.830+0000] {logging_mixin.py:188} INFO - Downloaded GOOGL/1766488300.json -> /tmp/minio_downloads/1766488300.json
[2025-12-23T11:31:27.847+0000] {logging_mixin.py:188} INFO - Downloaded GOOGL/1766488311.json -> /tmp/minio_downloads/1766488311.json
[2025-12-23T11:31:27.862+0000] {logging_mixin.py:188} INFO - Downloaded GOOGL/1766488322.json -> /tmp/minio_downloads/1766488322.json
[2025-12-23T11:31:27.879+0000] {logging_mixin.py:188} INFO - Downloaded GOOGL/1766488334.json -> /tmp/minio_downloads/1766488334.json
[2025-12-23T11:31:27.894+0000] {logging_mixin.py:188} INFO - Downloaded GOOGL/1766488346.json -> /tmp/minio_downloads/1766488346.json
[2025-12-23T11:31:27.909+0000] {logging_mixin.py:188} INFO - Downloaded GOOGL/1766488358.json -> /tmp/minio_downloads/1766488358.json
[2025-12-23T11:31:27.926+0000] {logging_mixin.py:188} INFO - Downloaded GOOGL/1766488370.json -> /tmp/minio_downloads/1766488370.json
[2025-12-23T11:31:27.943+0000] {logging_mixin.py:188} INFO - Downloaded GOOGL/1766488381.json -> /tmp/minio_downloads/1766488381.json
[2025-12-23T11:31:27.959+0000] {logging_mixin.py:188} INFO - Downloaded GOOGL/1766488392.json -> /tmp/minio_downloads/1766488392.json
[2025-12-23T11:31:27.974+0000] {logging_mixin.py:188} INFO - Downloaded GOOGL/1766488404.json -> /tmp/minio_downloads/1766488404.json
[2025-12-23T11:31:27.996+0000] {logging_mixin.py:188} INFO - Downloaded GOOGL/1766488415.json -> /tmp/minio_downloads/1766488415.json
[2025-12-23T11:31:28.011+0000] {logging_mixin.py:188} INFO - Downloaded GOOGL/1766488427.json -> /tmp/minio_downloads/1766488427.json
[2025-12-23T11:31:28.027+0000] {logging_mixin.py:188} INFO - Downloaded GOOGL/1766488438.json -> /tmp/minio_downloads/1766488438.json
[2025-12-23T11:31:28.042+0000] {logging_mixin.py:188} INFO - Downloaded GOOGL/1766488449.json -> /tmp/minio_downloads/1766488449.json
[2025-12-23T11:31:28.056+0000] {logging_mixin.py:188} INFO - Downloaded GOOGL/1766488460.json -> /tmp/minio_downloads/1766488460.json
[2025-12-23T11:31:28.072+0000] {logging_mixin.py:188} INFO - Downloaded GOOGL/1766488471.json -> /tmp/minio_downloads/1766488471.json
[2025-12-23T11:31:28.086+0000] {logging_mixin.py:188} INFO - Downloaded GOOGL/1766488483.json -> /tmp/minio_downloads/1766488483.json
[2025-12-23T11:31:28.101+0000] {logging_mixin.py:188} INFO - Downloaded GOOGL/1766488494.json -> /tmp/minio_downloads/1766488494.json
[2025-12-23T11:31:28.116+0000] {logging_mixin.py:188} INFO - Downloaded GOOGL/1766488505.json -> /tmp/minio_downloads/1766488505.json
[2025-12-23T11:31:28.132+0000] {logging_mixin.py:188} INFO - Downloaded GOOGL/1766488519.json -> /tmp/minio_downloads/1766488519.json
[2025-12-23T11:31:28.147+0000] {logging_mixin.py:188} INFO - Downloaded GOOGL/1766488531.json -> /tmp/minio_downloads/1766488531.json
[2025-12-23T11:31:28.161+0000] {logging_mixin.py:188} INFO - Downloaded GOOGL/1766488542.json -> /tmp/minio_downloads/1766488542.json
[2025-12-23T11:31:28.178+0000] {logging_mixin.py:188} INFO - Downloaded GOOGL/1766488553.json -> /tmp/minio_downloads/1766488553.json
[2025-12-23T11:31:28.194+0000] {logging_mixin.py:188} INFO - Downloaded GOOGL/1766488564.json -> /tmp/minio_downloads/1766488564.json
[2025-12-23T11:31:28.211+0000] {logging_mixin.py:188} INFO - Downloaded GOOGL/1766488575.json -> /tmp/minio_downloads/1766488575.json
[2025-12-23T11:31:28.227+0000] {logging_mixin.py:188} INFO - Downloaded GOOGL/1766488587.json -> /tmp/minio_downloads/1766488587.json
[2025-12-23T11:31:28.243+0000] {logging_mixin.py:188} INFO - Downloaded GOOGL/1766488599.json -> /tmp/minio_downloads/1766488599.json
[2025-12-23T11:31:28.259+0000] {logging_mixin.py:188} INFO - Downloaded GOOGL/1766488610.json -> /tmp/minio_downloads/1766488610.json
[2025-12-23T11:31:28.275+0000] {logging_mixin.py:188} INFO - Downloaded GOOGL/1766488622.json -> /tmp/minio_downloads/1766488622.json
[2025-12-23T11:31:28.291+0000] {logging_mixin.py:188} INFO - Downloaded GOOGL/1766488634.json -> /tmp/minio_downloads/1766488634.json
[2025-12-23T11:31:28.306+0000] {logging_mixin.py:188} INFO - Downloaded GOOGL/1766488646.json -> /tmp/minio_downloads/1766488646.json
[2025-12-23T11:31:28.325+0000] {logging_mixin.py:188} INFO - Downloaded GOOGL/1766488657.json -> /tmp/minio_downloads/1766488657.json
[2025-12-23T11:31:28.345+0000] {logging_mixin.py:188} INFO - Downloaded GOOGL/1766488668.json -> /tmp/minio_downloads/1766488668.json
[2025-12-23T11:31:28.364+0000] {logging_mixin.py:188} INFO - Downloaded GOOGL/1766488679.json -> /tmp/minio_downloads/1766488679.json
[2025-12-23T11:31:28.379+0000] {logging_mixin.py:188} INFO - Downloaded GOOGL/1766488691.json -> /tmp/minio_downloads/1766488691.json
[2025-12-23T11:31:28.395+0000] {logging_mixin.py:188} INFO - Downloaded GOOGL/1766488702.json -> /tmp/minio_downloads/1766488702.json
[2025-12-23T11:31:28.408+0000] {logging_mixin.py:188} INFO - Downloaded GOOGL/1766488714.json -> /tmp/minio_downloads/1766488714.json
[2025-12-23T11:31:28.421+0000] {logging_mixin.py:188} INFO - Downloaded GOOGL/1766488727.json -> /tmp/minio_downloads/1766488727.json
[2025-12-23T11:31:28.433+0000] {logging_mixin.py:188} INFO - Downloaded GOOGL/1766488741.json -> /tmp/minio_downloads/1766488741.json
[2025-12-23T11:31:28.446+0000] {logging_mixin.py:188} INFO - Downloaded GOOGL/1766488753.json -> /tmp/minio_downloads/1766488753.json
[2025-12-23T11:31:28.459+0000] {logging_mixin.py:188} INFO - Downloaded GOOGL/1766488765.json -> /tmp/minio_downloads/1766488765.json
[2025-12-23T11:31:28.474+0000] {logging_mixin.py:188} INFO - Downloaded GOOGL/1766488776.json -> /tmp/minio_downloads/1766488776.json
[2025-12-23T11:31:28.486+0000] {logging_mixin.py:188} INFO - Downloaded GOOGL/1766488790.json -> /tmp/minio_downloads/1766488790.json
[2025-12-23T11:31:28.499+0000] {logging_mixin.py:188} INFO - Downloaded GOOGL/1766488802.json -> /tmp/minio_downloads/1766488802.json
[2025-12-23T11:31:28.512+0000] {logging_mixin.py:188} INFO - Downloaded GOOGL/1766488814.json -> /tmp/minio_downloads/1766488814.json
[2025-12-23T11:31:28.526+0000] {logging_mixin.py:188} INFO - Downloaded GOOGL/1766488827.json -> /tmp/minio_downloads/1766488827.json
[2025-12-23T11:31:28.539+0000] {logging_mixin.py:188} INFO - Downloaded GOOGL/1766488840.json -> /tmp/minio_downloads/1766488840.json
[2025-12-23T11:31:28.553+0000] {logging_mixin.py:188} INFO - Downloaded GOOGL/1766488852.json -> /tmp/minio_downloads/1766488852.json
[2025-12-23T11:31:28.567+0000] {logging_mixin.py:188} INFO - Downloaded GOOGL/1766488864.json -> /tmp/minio_downloads/1766488864.json
[2025-12-23T11:31:28.580+0000] {logging_mixin.py:188} INFO - Downloaded GOOGL/1766488876.json -> /tmp/minio_downloads/1766488876.json
[2025-12-23T11:31:28.599+0000] {logging_mixin.py:188} INFO - Downloaded GOOGL/1766488888.json -> /tmp/minio_downloads/1766488888.json
[2025-12-23T11:31:28.611+0000] {logging_mixin.py:188} INFO - Downloaded GOOGL/1766488900.json -> /tmp/minio_downloads/1766488900.json
[2025-12-23T11:31:28.753+0000] {logging_mixin.py:188} INFO - Downloaded GOOGL/1766488912.json -> /tmp/minio_downloads/1766488912.json
[2025-12-23T11:31:28.769+0000] {logging_mixin.py:188} INFO - Downloaded GOOGL/1766488923.json -> /tmp/minio_downloads/1766488923.json
[2025-12-23T11:31:28.789+0000] {logging_mixin.py:188} INFO - Downloaded GOOGL/1766488934.json -> /tmp/minio_downloads/1766488934.json
[2025-12-23T11:31:28.803+0000] {logging_mixin.py:188} INFO - Downloaded GOOGL/1766488947.json -> /tmp/minio_downloads/1766488947.json
[2025-12-23T11:31:28.829+0000] {logging_mixin.py:188} INFO - Downloaded GOOGL/1766488958.json -> /tmp/minio_downloads/1766488958.json
[2025-12-23T11:31:28.843+0000] {logging_mixin.py:188} INFO - Downloaded GOOGL/1766488969.json -> /tmp/minio_downloads/1766488969.json
[2025-12-23T11:31:28.861+0000] {logging_mixin.py:188} INFO - Downloaded GOOGL/1766488980.json -> /tmp/minio_downloads/1766488980.json
[2025-12-23T11:31:28.877+0000] {logging_mixin.py:188} INFO - Downloaded GOOGL/1766488992.json -> /tmp/minio_downloads/1766488992.json
[2025-12-23T11:31:28.899+0000] {logging_mixin.py:188} INFO - Downloaded GOOGL/1766489004.json -> /tmp/minio_downloads/1766489004.json
[2025-12-23T11:31:28.917+0000] {logging_mixin.py:188} INFO - Downloaded GOOGL/1766489016.json -> /tmp/minio_downloads/1766489016.json
[2025-12-23T11:31:28.932+0000] {logging_mixin.py:188} INFO - Downloaded GOOGL/1766489028.json -> /tmp/minio_downloads/1766489028.json
[2025-12-23T11:31:28.945+0000] {logging_mixin.py:188} INFO - Downloaded GOOGL/1766489040.json -> /tmp/minio_downloads/1766489040.json
[2025-12-23T11:31:28.958+0000] {logging_mixin.py:188} INFO - Downloaded GOOGL/1766489051.json -> /tmp/minio_downloads/1766489051.json
[2025-12-23T11:31:28.972+0000] {logging_mixin.py:188} INFO - Downloaded GOOGL/1766489062.json -> /tmp/minio_downloads/1766489062.json
[2025-12-23T11:31:28.985+0000] {logging_mixin.py:188} INFO - Downloaded GOOGL/1766489074.json -> /tmp/minio_downloads/1766489074.json
[2025-12-23T11:31:28.999+0000] {logging_mixin.py:188} INFO - Downloaded GOOGL/1766489085.json -> /tmp/minio_downloads/1766489085.json
[2025-12-23T11:31:29.014+0000] {logging_mixin.py:188} INFO - Downloaded GOOGL/1766489097.json -> /tmp/minio_downloads/1766489097.json
[2025-12-23T11:31:29.029+0000] {logging_mixin.py:188} INFO - Downloaded GOOGL/1766489108.json -> /tmp/minio_downloads/1766489108.json
[2025-12-23T11:31:29.044+0000] {logging_mixin.py:188} INFO - Downloaded GOOGL/1766489119.json -> /tmp/minio_downloads/1766489119.json
[2025-12-23T11:31:29.058+0000] {logging_mixin.py:188} INFO - Downloaded GOOGL/1766489131.json -> /tmp/minio_downloads/1766489131.json
[2025-12-23T11:31:29.071+0000] {logging_mixin.py:188} INFO - Downloaded GOOGL/1766489143.json -> /tmp/minio_downloads/1766489143.json
[2025-12-23T11:31:29.084+0000] {logging_mixin.py:188} INFO - Downloaded GOOGL/1766489156.json -> /tmp/minio_downloads/1766489156.json
[2025-12-23T11:31:29.097+0000] {logging_mixin.py:188} INFO - Downloaded GOOGL/1766489168.json -> /tmp/minio_downloads/1766489168.json
[2025-12-23T11:31:29.112+0000] {logging_mixin.py:188} INFO - Downloaded GOOGL/1766489179.json -> /tmp/minio_downloads/1766489179.json
[2025-12-23T11:31:29.126+0000] {logging_mixin.py:188} INFO - Downloaded GOOGL/1766489191.json -> /tmp/minio_downloads/1766489191.json
[2025-12-23T11:31:29.139+0000] {logging_mixin.py:188} INFO - Downloaded GOOGL/1766489202.json -> /tmp/minio_downloads/1766489202.json
[2025-12-23T11:31:29.153+0000] {logging_mixin.py:188} INFO - Downloaded GOOGL/1766489214.json -> /tmp/minio_downloads/1766489214.json
[2025-12-23T11:31:29.166+0000] {logging_mixin.py:188} INFO - Downloaded GOOGL/1766489225.json -> /tmp/minio_downloads/1766489225.json
[2025-12-23T11:31:29.181+0000] {logging_mixin.py:188} INFO - Downloaded GOOGL/1766489237.json -> /tmp/minio_downloads/1766489237.json
[2025-12-23T11:31:29.194+0000] {logging_mixin.py:188} INFO - Downloaded GOOGL/1766489249.json -> /tmp/minio_downloads/1766489249.json
[2025-12-23T11:31:29.210+0000] {logging_mixin.py:188} INFO - Downloaded GOOGL/1766489261.json -> /tmp/minio_downloads/1766489261.json
[2025-12-23T11:31:29.224+0000] {logging_mixin.py:188} INFO - Downloaded GOOGL/1766489273.json -> /tmp/minio_downloads/1766489273.json
[2025-12-23T11:31:29.238+0000] {logging_mixin.py:188} INFO - Downloaded GOOGL/1766489284.json -> /tmp/minio_downloads/1766489284.json
[2025-12-23T11:31:29.253+0000] {logging_mixin.py:188} INFO - Downloaded GOOGL/1766489296.json -> /tmp/minio_downloads/1766489296.json
[2025-12-23T11:31:29.265+0000] {logging_mixin.py:188} INFO - Downloaded GOOGL/1766489308.json -> /tmp/minio_downloads/1766489308.json
[2025-12-23T11:31:29.276+0000] {logging_mixin.py:188} INFO - Downloaded GOOGL/1766489321.json -> /tmp/minio_downloads/1766489321.json
[2025-12-23T11:31:29.289+0000] {logging_mixin.py:188} INFO - Downloaded GOOGL/1766489334.json -> /tmp/minio_downloads/1766489334.json
[2025-12-23T11:31:29.301+0000] {logging_mixin.py:188} INFO - Downloaded GOOGL/1766489346.json -> /tmp/minio_downloads/1766489346.json
[2025-12-23T11:31:29.314+0000] {logging_mixin.py:188} INFO - Downloaded GOOGL/1766489358.json -> /tmp/minio_downloads/1766489358.json
[2025-12-23T11:31:29.326+0000] {logging_mixin.py:188} INFO - Downloaded GOOGL/1766489370.json -> /tmp/minio_downloads/1766489370.json
[2025-12-23T11:31:29.337+0000] {logging_mixin.py:188} INFO - Downloaded GOOGL/1766489382.json -> /tmp/minio_downloads/1766489382.json
[2025-12-23T11:31:29.349+0000] {logging_mixin.py:188} INFO - Downloaded GOOGL/1766489394.json -> /tmp/minio_downloads/1766489394.json
[2025-12-23T11:31:29.362+0000] {logging_mixin.py:188} INFO - Downloaded GOOGL/1766489405.json -> /tmp/minio_downloads/1766489405.json
[2025-12-23T11:31:29.373+0000] {logging_mixin.py:188} INFO - Downloaded GOOGL/1766489417.json -> /tmp/minio_downloads/1766489417.json
[2025-12-23T11:31:29.385+0000] {logging_mixin.py:188} INFO - Downloaded GOOGL/1766489429.json -> /tmp/minio_downloads/1766489429.json
[2025-12-23T11:31:29.396+0000] {logging_mixin.py:188} INFO - Downloaded GOOGL/1766489441.json -> /tmp/minio_downloads/1766489441.json
[2025-12-23T11:31:29.409+0000] {logging_mixin.py:188} INFO - Downloaded GOOGL/1766489454.json -> /tmp/minio_downloads/1766489454.json
[2025-12-23T11:31:29.422+0000] {logging_mixin.py:188} INFO - Downloaded GOOGL/1766489466.json -> /tmp/minio_downloads/1766489466.json
[2025-12-23T11:31:29.434+0000] {logging_mixin.py:188} INFO - Downloaded GOOGL/1766489478.json -> /tmp/minio_downloads/1766489478.json
[2025-12-23T11:31:29.444+0000] {logging_mixin.py:188} INFO - Downloaded MSFT/1766488207.json -> /tmp/minio_downloads/1766488207.json
[2025-12-23T11:31:29.457+0000] {logging_mixin.py:188} INFO - Downloaded MSFT/1766488218.json -> /tmp/minio_downloads/1766488218.json
[2025-12-23T11:31:29.470+0000] {logging_mixin.py:188} INFO - Downloaded MSFT/1766488229.json -> /tmp/minio_downloads/1766488229.json
[2025-12-23T11:31:29.482+0000] {logging_mixin.py:188} INFO - Downloaded MSFT/1766488242.json -> /tmp/minio_downloads/1766488242.json
[2025-12-23T11:31:29.493+0000] {logging_mixin.py:188} INFO - Downloaded MSFT/1766488253.json -> /tmp/minio_downloads/1766488253.json
[2025-12-23T11:31:29.506+0000] {logging_mixin.py:188} INFO - Downloaded MSFT/1766488264.json -> /tmp/minio_downloads/1766488264.json
[2025-12-23T11:31:29.519+0000] {logging_mixin.py:188} INFO - Downloaded MSFT/1766488275.json -> /tmp/minio_downloads/1766488275.json
[2025-12-23T11:31:29.532+0000] {logging_mixin.py:188} INFO - Downloaded MSFT/1766488287.json -> /tmp/minio_downloads/1766488287.json
[2025-12-23T11:31:29.544+0000] {logging_mixin.py:188} INFO - Downloaded MSFT/1766488298.json -> /tmp/minio_downloads/1766488298.json
[2025-12-23T11:31:29.557+0000] {logging_mixin.py:188} INFO - Downloaded MSFT/1766488309.json -> /tmp/minio_downloads/1766488309.json
[2025-12-23T11:31:29.569+0000] {logging_mixin.py:188} INFO - Downloaded MSFT/1766488320.json -> /tmp/minio_downloads/1766488320.json
[2025-12-23T11:31:29.581+0000] {logging_mixin.py:188} INFO - Downloaded MSFT/1766488332.json -> /tmp/minio_downloads/1766488332.json
[2025-12-23T11:31:29.593+0000] {logging_mixin.py:188} INFO - Downloaded MSFT/1766488344.json -> /tmp/minio_downloads/1766488344.json
[2025-12-23T11:31:29.607+0000] {logging_mixin.py:188} INFO - Downloaded MSFT/1766488356.json -> /tmp/minio_downloads/1766488356.json
[2025-12-23T11:31:29.618+0000] {logging_mixin.py:188} INFO - Downloaded MSFT/1766488368.json -> /tmp/minio_downloads/1766488368.json
[2025-12-23T11:31:29.630+0000] {logging_mixin.py:188} INFO - Downloaded MSFT/1766488379.json -> /tmp/minio_downloads/1766488379.json
[2025-12-23T11:31:29.641+0000] {logging_mixin.py:188} INFO - Downloaded MSFT/1766488390.json -> /tmp/minio_downloads/1766488390.json
[2025-12-23T11:31:29.653+0000] {logging_mixin.py:188} INFO - Downloaded MSFT/1766488402.json -> /tmp/minio_downloads/1766488402.json
[2025-12-23T11:31:29.664+0000] {logging_mixin.py:188} INFO - Downloaded MSFT/1766488413.json -> /tmp/minio_downloads/1766488413.json
[2025-12-23T11:31:29.677+0000] {logging_mixin.py:188} INFO - Downloaded MSFT/1766488425.json -> /tmp/minio_downloads/1766488425.json
[2025-12-23T11:31:29.691+0000] {logging_mixin.py:188} INFO - Downloaded MSFT/1766488436.json -> /tmp/minio_downloads/1766488436.json
[2025-12-23T11:31:29.703+0000] {logging_mixin.py:188} INFO - Downloaded MSFT/1766488447.json -> /tmp/minio_downloads/1766488447.json
[2025-12-23T11:31:29.716+0000] {logging_mixin.py:188} INFO - Downloaded MSFT/1766488458.json -> /tmp/minio_downloads/1766488458.json
[2025-12-23T11:31:29.729+0000] {logging_mixin.py:188} INFO - Downloaded MSFT/1766488469.json -> /tmp/minio_downloads/1766488469.json
[2025-12-23T11:31:29.742+0000] {logging_mixin.py:188} INFO - Downloaded MSFT/1766488480.json -> /tmp/minio_downloads/1766488480.json
[2025-12-23T11:31:29.755+0000] {logging_mixin.py:188} INFO - Downloaded MSFT/1766488492.json -> /tmp/minio_downloads/1766488492.json
[2025-12-23T11:31:29.770+0000] {logging_mixin.py:188} INFO - Downloaded MSFT/1766488503.json -> /tmp/minio_downloads/1766488503.json
[2025-12-23T11:31:29.783+0000] {logging_mixin.py:188} INFO - Downloaded MSFT/1766488516.json -> /tmp/minio_downloads/1766488516.json
[2025-12-23T11:31:29.797+0000] {logging_mixin.py:188} INFO - Downloaded MSFT/1766488529.json -> /tmp/minio_downloads/1766488529.json
[2025-12-23T11:31:29.811+0000] {logging_mixin.py:188} INFO - Downloaded MSFT/1766488540.json -> /tmp/minio_downloads/1766488540.json
[2025-12-23T11:31:29.823+0000] {logging_mixin.py:188} INFO - Downloaded MSFT/1766488551.json -> /tmp/minio_downloads/1766488551.json
[2025-12-23T11:31:29.836+0000] {logging_mixin.py:188} INFO - Downloaded MSFT/1766488562.json -> /tmp/minio_downloads/1766488562.json
[2025-12-23T11:31:29.850+0000] {logging_mixin.py:188} INFO - Downloaded MSFT/1766488573.json -> /tmp/minio_downloads/1766488573.json
[2025-12-23T11:31:29.863+0000] {logging_mixin.py:188} INFO - Downloaded MSFT/1766488585.json -> /tmp/minio_downloads/1766488585.json
[2025-12-23T11:31:29.876+0000] {logging_mixin.py:188} INFO - Downloaded MSFT/1766488597.json -> /tmp/minio_downloads/1766488597.json
[2025-12-23T11:31:29.889+0000] {logging_mixin.py:188} INFO - Downloaded MSFT/1766488608.json -> /tmp/minio_downloads/1766488608.json
[2025-12-23T11:31:29.901+0000] {logging_mixin.py:188} INFO - Downloaded MSFT/1766488620.json -> /tmp/minio_downloads/1766488620.json
[2025-12-23T11:31:29.914+0000] {logging_mixin.py:188} INFO - Downloaded MSFT/1766488632.json -> /tmp/minio_downloads/1766488632.json
[2025-12-23T11:31:29.926+0000] {logging_mixin.py:188} INFO - Downloaded MSFT/1766488643.json -> /tmp/minio_downloads/1766488643.json
[2025-12-23T11:31:29.939+0000] {logging_mixin.py:188} INFO - Downloaded MSFT/1766488655.json -> /tmp/minio_downloads/1766488655.json
[2025-12-23T11:31:29.953+0000] {logging_mixin.py:188} INFO - Downloaded MSFT/1766488666.json -> /tmp/minio_downloads/1766488666.json
[2025-12-23T11:31:29.965+0000] {logging_mixin.py:188} INFO - Downloaded MSFT/1766488677.json -> /tmp/minio_downloads/1766488677.json
[2025-12-23T11:31:29.977+0000] {logging_mixin.py:188} INFO - Downloaded MSFT/1766488688.json -> /tmp/minio_downloads/1766488688.json
[2025-12-23T11:31:29.990+0000] {logging_mixin.py:188} INFO - Downloaded MSFT/1766488700.json -> /tmp/minio_downloads/1766488700.json
[2025-12-23T11:31:30.003+0000] {logging_mixin.py:188} INFO - Downloaded MSFT/1766488712.json -> /tmp/minio_downloads/1766488712.json
[2025-12-23T11:31:30.015+0000] {logging_mixin.py:188} INFO - Downloaded MSFT/1766488724.json -> /tmp/minio_downloads/1766488724.json
[2025-12-23T11:31:30.027+0000] {logging_mixin.py:188} INFO - Downloaded MSFT/1766488737.json -> /tmp/minio_downloads/1766488737.json
[2025-12-23T11:31:30.039+0000] {logging_mixin.py:188} INFO - Downloaded MSFT/1766488751.json -> /tmp/minio_downloads/1766488751.json
[2025-12-23T11:31:30.052+0000] {logging_mixin.py:188} INFO - Downloaded MSFT/1766488762.json -> /tmp/minio_downloads/1766488762.json
[2025-12-23T11:31:30.065+0000] {logging_mixin.py:188} INFO - Downloaded MSFT/1766488774.json -> /tmp/minio_downloads/1766488774.json
[2025-12-23T11:31:30.078+0000] {logging_mixin.py:188} INFO - Downloaded MSFT/1766488787.json -> /tmp/minio_downloads/1766488787.json
[2025-12-23T11:31:30.091+0000] {logging_mixin.py:188} INFO - Downloaded MSFT/1766488799.json -> /tmp/minio_downloads/1766488799.json
[2025-12-23T11:31:30.104+0000] {logging_mixin.py:188} INFO - Downloaded MSFT/1766488812.json -> /tmp/minio_downloads/1766488812.json
[2025-12-23T11:31:30.116+0000] {logging_mixin.py:188} INFO - Downloaded MSFT/1766488824.json -> /tmp/minio_downloads/1766488824.json
[2025-12-23T11:31:30.127+0000] {logging_mixin.py:188} INFO - Downloaded MSFT/1766488837.json -> /tmp/minio_downloads/1766488837.json
[2025-12-23T11:31:30.140+0000] {logging_mixin.py:188} INFO - Downloaded MSFT/1766488850.json -> /tmp/minio_downloads/1766488850.json
[2025-12-23T11:31:30.156+0000] {logging_mixin.py:188} INFO - Downloaded MSFT/1766488862.json -> /tmp/minio_downloads/1766488862.json
[2025-12-23T11:31:30.170+0000] {logging_mixin.py:188} INFO - Downloaded MSFT/1766488874.json -> /tmp/minio_downloads/1766488874.json
[2025-12-23T11:31:30.183+0000] {logging_mixin.py:188} INFO - Downloaded MSFT/1766488886.json -> /tmp/minio_downloads/1766488886.json
[2025-12-23T11:31:30.197+0000] {logging_mixin.py:188} INFO - Downloaded MSFT/1766488898.json -> /tmp/minio_downloads/1766488898.json
[2025-12-23T11:31:30.211+0000] {logging_mixin.py:188} INFO - Downloaded MSFT/1766488909.json -> /tmp/minio_downloads/1766488909.json
[2025-12-23T11:31:30.223+0000] {logging_mixin.py:188} INFO - Downloaded MSFT/1766488921.json -> /tmp/minio_downloads/1766488921.json
[2025-12-23T11:31:30.234+0000] {logging_mixin.py:188} INFO - Downloaded MSFT/1766488932.json -> /tmp/minio_downloads/1766488932.json
[2025-12-23T11:31:30.248+0000] {logging_mixin.py:188} INFO - Downloaded MSFT/1766488944.json -> /tmp/minio_downloads/1766488944.json
[2025-12-23T11:31:30.262+0000] {logging_mixin.py:188} INFO - Downloaded MSFT/1766488956.json -> /tmp/minio_downloads/1766488956.json
[2025-12-23T11:31:30.274+0000] {logging_mixin.py:188} INFO - Downloaded MSFT/1766488967.json -> /tmp/minio_downloads/1766488967.json
[2025-12-23T11:31:30.288+0000] {logging_mixin.py:188} INFO - Downloaded MSFT/1766488978.json -> /tmp/minio_downloads/1766488978.json
[2025-12-23T11:31:30.304+0000] {logging_mixin.py:188} INFO - Downloaded MSFT/1766488990.json -> /tmp/minio_downloads/1766488990.json
[2025-12-23T11:31:30.318+0000] {logging_mixin.py:188} INFO - Downloaded MSFT/1766489002.json -> /tmp/minio_downloads/1766489002.json
[2025-12-23T11:31:30.331+0000] {logging_mixin.py:188} INFO - Downloaded MSFT/1766489013.json -> /tmp/minio_downloads/1766489013.json
[2025-12-23T11:31:30.346+0000] {logging_mixin.py:188} INFO - Downloaded MSFT/1766489025.json -> /tmp/minio_downloads/1766489025.json
[2025-12-23T11:31:30.359+0000] {logging_mixin.py:188} INFO - Downloaded MSFT/1766489038.json -> /tmp/minio_downloads/1766489038.json
[2025-12-23T11:31:30.374+0000] {logging_mixin.py:188} INFO - Downloaded MSFT/1766489049.json -> /tmp/minio_downloads/1766489049.json
[2025-12-23T11:31:30.391+0000] {logging_mixin.py:188} INFO - Downloaded MSFT/1766489060.json -> /tmp/minio_downloads/1766489060.json
[2025-12-23T11:31:30.405+0000] {logging_mixin.py:188} INFO - Downloaded MSFT/1766489072.json -> /tmp/minio_downloads/1766489072.json
[2025-12-23T11:31:30.421+0000] {logging_mixin.py:188} INFO - Downloaded MSFT/1766489083.json -> /tmp/minio_downloads/1766489083.json
[2025-12-23T11:31:30.435+0000] {logging_mixin.py:188} INFO - Downloaded MSFT/1766489095.json -> /tmp/minio_downloads/1766489095.json
[2025-12-23T11:31:30.448+0000] {logging_mixin.py:188} INFO - Downloaded MSFT/1766489106.json -> /tmp/minio_downloads/1766489106.json
[2025-12-23T11:31:30.462+0000] {logging_mixin.py:188} INFO - Downloaded MSFT/1766489117.json -> /tmp/minio_downloads/1766489117.json
[2025-12-23T11:31:30.476+0000] {logging_mixin.py:188} INFO - Downloaded MSFT/1766489129.json -> /tmp/minio_downloads/1766489129.json
[2025-12-23T11:31:30.489+0000] {logging_mixin.py:188} INFO - Downloaded MSFT/1766489140.json -> /tmp/minio_downloads/1766489140.json
[2025-12-23T11:31:30.504+0000] {logging_mixin.py:188} INFO - Downloaded MSFT/1766489153.json -> /tmp/minio_downloads/1766489153.json
[2025-12-23T11:31:30.519+0000] {logging_mixin.py:188} INFO - Downloaded MSFT/1766489165.json -> /tmp/minio_downloads/1766489165.json
[2025-12-23T11:31:30.534+0000] {logging_mixin.py:188} INFO - Downloaded MSFT/1766489177.json -> /tmp/minio_downloads/1766489177.json
[2025-12-23T11:31:30.548+0000] {logging_mixin.py:188} INFO - Downloaded MSFT/1766489189.json -> /tmp/minio_downloads/1766489189.json
[2025-12-23T11:31:30.562+0000] {logging_mixin.py:188} INFO - Downloaded MSFT/1766489200.json -> /tmp/minio_downloads/1766489200.json
[2025-12-23T11:31:30.586+0000] {logging_mixin.py:188} INFO - Downloaded MSFT/1766489212.json -> /tmp/minio_downloads/1766489212.json
[2025-12-23T11:31:30.608+0000] {logging_mixin.py:188} INFO - Downloaded MSFT/1766489223.json -> /tmp/minio_downloads/1766489223.json
[2025-12-23T11:31:30.625+0000] {logging_mixin.py:188} INFO - Downloaded MSFT/1766489235.json -> /tmp/minio_downloads/1766489235.json
[2025-12-23T11:31:30.639+0000] {logging_mixin.py:188} INFO - Downloaded MSFT/1766489247.json -> /tmp/minio_downloads/1766489247.json
[2025-12-23T11:31:30.656+0000] {logging_mixin.py:188} INFO - Downloaded MSFT/1766489259.json -> /tmp/minio_downloads/1766489259.json
[2025-12-23T11:31:30.672+0000] {logging_mixin.py:188} INFO - Downloaded MSFT/1766489271.json -> /tmp/minio_downloads/1766489271.json
[2025-12-23T11:31:30.690+0000] {logging_mixin.py:188} INFO - Downloaded MSFT/1766489282.json -> /tmp/minio_downloads/1766489282.json
[2025-12-23T11:31:30.704+0000] {logging_mixin.py:188} INFO - Downloaded MSFT/1766489294.json -> /tmp/minio_downloads/1766489294.json
[2025-12-23T11:31:30.720+0000] {logging_mixin.py:188} INFO - Downloaded MSFT/1766489306.json -> /tmp/minio_downloads/1766489306.json
[2025-12-23T11:31:30.736+0000] {logging_mixin.py:188} INFO - Downloaded MSFT/1766489318.json -> /tmp/minio_downloads/1766489318.json
[2025-12-23T11:31:30.754+0000] {logging_mixin.py:188} INFO - Downloaded MSFT/1766489331.json -> /tmp/minio_downloads/1766489331.json
[2025-12-23T11:31:30.772+0000] {logging_mixin.py:188} INFO - Downloaded MSFT/1766489344.json -> /tmp/minio_downloads/1766489344.json
[2025-12-23T11:31:30.790+0000] {logging_mixin.py:188} INFO - Downloaded MSFT/1766489355.json -> /tmp/minio_downloads/1766489355.json
[2025-12-23T11:31:30.807+0000] {logging_mixin.py:188} INFO - Downloaded MSFT/1766489367.json -> /tmp/minio_downloads/1766489367.json
[2025-12-23T11:31:30.825+0000] {logging_mixin.py:188} INFO - Downloaded MSFT/1766489379.json -> /tmp/minio_downloads/1766489379.json
[2025-12-23T11:31:30.843+0000] {logging_mixin.py:188} INFO - Downloaded MSFT/1766489391.json -> /tmp/minio_downloads/1766489391.json
[2025-12-23T11:31:30.862+0000] {logging_mixin.py:188} INFO - Downloaded MSFT/1766489403.json -> /tmp/minio_downloads/1766489403.json
[2025-12-23T11:31:30.879+0000] {logging_mixin.py:188} INFO - Downloaded MSFT/1766489415.json -> /tmp/minio_downloads/1766489415.json
[2025-12-23T11:31:30.894+0000] {logging_mixin.py:188} INFO - Downloaded MSFT/1766489427.json -> /tmp/minio_downloads/1766489427.json
[2025-12-23T11:31:30.908+0000] {logging_mixin.py:188} INFO - Downloaded MSFT/1766489439.json -> /tmp/minio_downloads/1766489439.json
[2025-12-23T11:31:30.921+0000] {logging_mixin.py:188} INFO - Downloaded MSFT/1766489451.json -> /tmp/minio_downloads/1766489451.json
[2025-12-23T11:31:30.934+0000] {logging_mixin.py:188} INFO - Downloaded MSFT/1766489463.json -> /tmp/minio_downloads/1766489463.json
[2025-12-23T11:31:30.947+0000] {logging_mixin.py:188} INFO - Downloaded MSFT/1766489475.json -> /tmp/minio_downloads/1766489475.json
[2025-12-23T11:31:30.960+0000] {logging_mixin.py:188} INFO - Downloaded TSLA/1766488208.json -> /tmp/minio_downloads/1766488208.json
[2025-12-23T11:31:30.973+0000] {logging_mixin.py:188} INFO - Downloaded TSLA/1766488219.json -> /tmp/minio_downloads/1766488219.json
[2025-12-23T11:31:30.984+0000] {logging_mixin.py:188} INFO - Downloaded TSLA/1766488231.json -> /tmp/minio_downloads/1766488231.json
[2025-12-23T11:31:30.996+0000] {logging_mixin.py:188} INFO - Downloaded TSLA/1766488243.json -> /tmp/minio_downloads/1766488243.json
[2025-12-23T11:31:31.007+0000] {logging_mixin.py:188} INFO - Downloaded TSLA/1766488254.json -> /tmp/minio_downloads/1766488254.json
[2025-12-23T11:31:31.019+0000] {logging_mixin.py:188} INFO - Downloaded TSLA/1766488265.json -> /tmp/minio_downloads/1766488265.json
[2025-12-23T11:31:31.031+0000] {logging_mixin.py:188} INFO - Downloaded TSLA/1766488276.json -> /tmp/minio_downloads/1766488276.json
[2025-12-23T11:31:31.044+0000] {logging_mixin.py:188} INFO - Downloaded TSLA/1766488288.json -> /tmp/minio_downloads/1766488288.json
[2025-12-23T11:31:31.057+0000] {logging_mixin.py:188} INFO - Downloaded TSLA/1766488299.json -> /tmp/minio_downloads/1766488299.json
[2025-12-23T11:31:31.068+0000] {logging_mixin.py:188} INFO - Downloaded TSLA/1766488310.json -> /tmp/minio_downloads/1766488310.json
[2025-12-23T11:31:31.080+0000] {logging_mixin.py:188} INFO - Downloaded TSLA/1766488321.json -> /tmp/minio_downloads/1766488321.json
[2025-12-23T11:31:31.092+0000] {logging_mixin.py:188} INFO - Downloaded TSLA/1766488333.json -> /tmp/minio_downloads/1766488333.json
[2025-12-23T11:31:31.103+0000] {logging_mixin.py:188} INFO - Downloaded TSLA/1766488345.json -> /tmp/minio_downloads/1766488345.json
[2025-12-23T11:31:31.115+0000] {logging_mixin.py:188} INFO - Downloaded TSLA/1766488357.json -> /tmp/minio_downloads/1766488357.json
[2025-12-23T11:31:31.127+0000] {logging_mixin.py:188} INFO - Downloaded TSLA/1766488369.json -> /tmp/minio_downloads/1766488369.json
[2025-12-23T11:31:31.139+0000] {logging_mixin.py:188} INFO - Downloaded TSLA/1766488380.json -> /tmp/minio_downloads/1766488380.json
[2025-12-23T11:31:31.151+0000] {logging_mixin.py:188} INFO - Downloaded TSLA/1766488391.json -> /tmp/minio_downloads/1766488391.json
[2025-12-23T11:31:31.162+0000] {logging_mixin.py:188} INFO - Downloaded TSLA/1766488403.json -> /tmp/minio_downloads/1766488403.json
[2025-12-23T11:31:31.173+0000] {logging_mixin.py:188} INFO - Downloaded TSLA/1766488414.json -> /tmp/minio_downloads/1766488414.json
[2025-12-23T11:31:31.185+0000] {logging_mixin.py:188} INFO - Downloaded TSLA/1766488426.json -> /tmp/minio_downloads/1766488426.json
[2025-12-23T11:31:31.198+0000] {logging_mixin.py:188} INFO - Downloaded TSLA/1766488437.json -> /tmp/minio_downloads/1766488437.json
[2025-12-23T11:31:31.210+0000] {logging_mixin.py:188} INFO - Downloaded TSLA/1766488448.json -> /tmp/minio_downloads/1766488448.json
[2025-12-23T11:31:31.223+0000] {logging_mixin.py:188} INFO - Downloaded TSLA/1766488459.json -> /tmp/minio_downloads/1766488459.json
[2025-12-23T11:31:31.235+0000] {logging_mixin.py:188} INFO - Downloaded TSLA/1766488470.json -> /tmp/minio_downloads/1766488470.json
[2025-12-23T11:31:31.249+0000] {logging_mixin.py:188} INFO - Downloaded TSLA/1766488481.json -> /tmp/minio_downloads/1766488481.json
[2025-12-23T11:31:31.263+0000] {logging_mixin.py:188} INFO - Downloaded TSLA/1766488493.json -> /tmp/minio_downloads/1766488493.json
[2025-12-23T11:31:31.275+0000] {logging_mixin.py:188} INFO - Downloaded TSLA/1766488504.json -> /tmp/minio_downloads/1766488504.json
[2025-12-23T11:31:31.287+0000] {logging_mixin.py:188} INFO - Downloaded TSLA/1766488517.json -> /tmp/minio_downloads/1766488517.json
[2025-12-23T11:31:31.299+0000] {logging_mixin.py:188} INFO - Downloaded TSLA/1766488530.json -> /tmp/minio_downloads/1766488530.json
[2025-12-23T11:31:31.310+0000] {logging_mixin.py:188} INFO - Downloaded TSLA/1766488541.json -> /tmp/minio_downloads/1766488541.json
[2025-12-23T11:31:31.323+0000] {logging_mixin.py:188} INFO - Downloaded TSLA/1766488552.json -> /tmp/minio_downloads/1766488552.json
[2025-12-23T11:31:31.336+0000] {logging_mixin.py:188} INFO - Downloaded TSLA/1766488563.json -> /tmp/minio_downloads/1766488563.json
[2025-12-23T11:31:31.348+0000] {logging_mixin.py:188} INFO - Downloaded TSLA/1766488574.json -> /tmp/minio_downloads/1766488574.json
[2025-12-23T11:31:31.361+0000] {logging_mixin.py:188} INFO - Downloaded TSLA/1766488586.json -> /tmp/minio_downloads/1766488586.json
[2025-12-23T11:31:31.375+0000] {logging_mixin.py:188} INFO - Downloaded TSLA/1766488598.json -> /tmp/minio_downloads/1766488598.json
[2025-12-23T11:31:31.388+0000] {logging_mixin.py:188} INFO - Downloaded TSLA/1766488609.json -> /tmp/minio_downloads/1766488609.json
[2025-12-23T11:31:31.403+0000] {logging_mixin.py:188} INFO - Downloaded TSLA/1766488621.json -> /tmp/minio_downloads/1766488621.json
[2025-12-23T11:31:31.418+0000] {logging_mixin.py:188} INFO - Downloaded TSLA/1766488633.json -> /tmp/minio_downloads/1766488633.json
[2025-12-23T11:31:31.431+0000] {logging_mixin.py:188} INFO - Downloaded TSLA/1766488645.json -> /tmp/minio_downloads/1766488645.json
[2025-12-23T11:31:31.443+0000] {logging_mixin.py:188} INFO - Downloaded TSLA/1766488656.json -> /tmp/minio_downloads/1766488656.json
[2025-12-23T11:31:31.455+0000] {logging_mixin.py:188} INFO - Downloaded TSLA/1766488667.json -> /tmp/minio_downloads/1766488667.json
[2025-12-23T11:31:31.468+0000] {logging_mixin.py:188} INFO - Downloaded TSLA/1766488678.json -> /tmp/minio_downloads/1766488678.json
[2025-12-23T11:31:31.482+0000] {logging_mixin.py:188} INFO - Downloaded TSLA/1766488689.json -> /tmp/minio_downloads/1766488689.json
[2025-12-23T11:31:31.494+0000] {logging_mixin.py:188} INFO - Downloaded TSLA/1766488701.json -> /tmp/minio_downloads/1766488701.json
[2025-12-23T11:31:31.506+0000] {logging_mixin.py:188} INFO - Downloaded TSLA/1766488713.json -> /tmp/minio_downloads/1766488713.json
[2025-12-23T11:31:31.517+0000] {logging_mixin.py:188} INFO - Downloaded TSLA/1766488725.json -> /tmp/minio_downloads/1766488725.json
[2025-12-23T11:31:31.528+0000] {logging_mixin.py:188} INFO - Downloaded TSLA/1766488739.json -> /tmp/minio_downloads/1766488739.json
[2025-12-23T11:31:31.540+0000] {logging_mixin.py:188} INFO - Downloaded TSLA/1766488752.json -> /tmp/minio_downloads/1766488752.json
[2025-12-23T11:31:31.551+0000] {logging_mixin.py:188} INFO - Downloaded TSLA/1766488764.json -> /tmp/minio_downloads/1766488764.json
[2025-12-23T11:31:31.563+0000] {logging_mixin.py:188} INFO - Downloaded TSLA/1766488775.json -> /tmp/minio_downloads/1766488775.json
[2025-12-23T11:31:31.574+0000] {logging_mixin.py:188} INFO - Downloaded TSLA/1766488789.json -> /tmp/minio_downloads/1766488789.json
[2025-12-23T11:31:31.585+0000] {logging_mixin.py:188} INFO - Downloaded TSLA/1766488800.json -> /tmp/minio_downloads/1766488800.json
[2025-12-23T11:31:31.597+0000] {logging_mixin.py:188} INFO - Downloaded TSLA/1766488813.json -> /tmp/minio_downloads/1766488813.json
[2025-12-23T11:31:31.609+0000] {logging_mixin.py:188} INFO - Downloaded TSLA/1766488825.json -> /tmp/minio_downloads/1766488825.json
[2025-12-23T11:31:31.620+0000] {logging_mixin.py:188} INFO - Downloaded TSLA/1766488838.json -> /tmp/minio_downloads/1766488838.json
[2025-12-23T11:31:31.634+0000] {logging_mixin.py:188} INFO - Downloaded TSLA/1766488851.json -> /tmp/minio_downloads/1766488851.json
[2025-12-23T11:31:31.648+0000] {logging_mixin.py:188} INFO - Downloaded TSLA/1766488863.json -> /tmp/minio_downloads/1766488863.json
[2025-12-23T11:31:31.659+0000] {logging_mixin.py:188} INFO - Downloaded TSLA/1766488875.json -> /tmp/minio_downloads/1766488875.json
[2025-12-23T11:31:31.671+0000] {logging_mixin.py:188} INFO - Downloaded TSLA/1766488887.json -> /tmp/minio_downloads/1766488887.json
[2025-12-23T11:31:31.683+0000] {logging_mixin.py:188} INFO - Downloaded TSLA/1766488899.json -> /tmp/minio_downloads/1766488899.json
[2025-12-23T11:31:31.694+0000] {logging_mixin.py:188} INFO - Downloaded TSLA/1766488911.json -> /tmp/minio_downloads/1766488911.json
[2025-12-23T11:31:31.705+0000] {logging_mixin.py:188} INFO - Downloaded TSLA/1766488922.json -> /tmp/minio_downloads/1766488922.json
[2025-12-23T11:31:31.718+0000] {logging_mixin.py:188} INFO - Downloaded TSLA/1766488933.json -> /tmp/minio_downloads/1766488933.json
[2025-12-23T11:31:31.729+0000] {logging_mixin.py:188} INFO - Downloaded TSLA/1766488945.json -> /tmp/minio_downloads/1766488945.json
[2025-12-23T11:31:31.740+0000] {logging_mixin.py:188} INFO - Downloaded TSLA/1766488957.json -> /tmp/minio_downloads/1766488957.json
[2025-12-23T11:31:31.751+0000] {logging_mixin.py:188} INFO - Downloaded TSLA/1766488968.json -> /tmp/minio_downloads/1766488968.json
[2025-12-23T11:31:31.764+0000] {logging_mixin.py:188} INFO - Downloaded TSLA/1766488979.json -> /tmp/minio_downloads/1766488979.json
[2025-12-23T11:31:31.777+0000] {logging_mixin.py:188} INFO - Downloaded TSLA/1766488991.json -> /tmp/minio_downloads/1766488991.json
[2025-12-23T11:31:31.788+0000] {logging_mixin.py:188} INFO - Downloaded TSLA/1766489003.json -> /tmp/minio_downloads/1766489003.json
[2025-12-23T11:31:31.800+0000] {logging_mixin.py:188} INFO - Downloaded TSLA/1766489015.json -> /tmp/minio_downloads/1766489015.json
[2025-12-23T11:31:31.811+0000] {logging_mixin.py:188} INFO - Downloaded TSLA/1766489026.json -> /tmp/minio_downloads/1766489026.json
[2025-12-23T11:31:31.824+0000] {logging_mixin.py:188} INFO - Downloaded TSLA/1766489039.json -> /tmp/minio_downloads/1766489039.json
[2025-12-23T11:31:31.836+0000] {logging_mixin.py:188} INFO - Downloaded TSLA/1766489050.json -> /tmp/minio_downloads/1766489050.json
[2025-12-23T11:31:31.850+0000] {logging_mixin.py:188} INFO - Downloaded TSLA/1766489061.json -> /tmp/minio_downloads/1766489061.json
[2025-12-23T11:31:31.861+0000] {logging_mixin.py:188} INFO - Downloaded TSLA/1766489073.json -> /tmp/minio_downloads/1766489073.json
[2025-12-23T11:31:31.876+0000] {logging_mixin.py:188} INFO - Downloaded TSLA/1766489084.json -> /tmp/minio_downloads/1766489084.json
[2025-12-23T11:31:31.893+0000] {logging_mixin.py:188} INFO - Downloaded TSLA/1766489096.json -> /tmp/minio_downloads/1766489096.json
[2025-12-23T11:31:31.907+0000] {logging_mixin.py:188} INFO - Downloaded TSLA/1766489107.json -> /tmp/minio_downloads/1766489107.json
[2025-12-23T11:31:31.919+0000] {logging_mixin.py:188} INFO - Downloaded TSLA/1766489118.json -> /tmp/minio_downloads/1766489118.json
[2025-12-23T11:31:31.933+0000] {logging_mixin.py:188} INFO - Downloaded TSLA/1766489130.json -> /tmp/minio_downloads/1766489130.json
[2025-12-23T11:31:31.946+0000] {logging_mixin.py:188} INFO - Downloaded TSLA/1766489142.json -> /tmp/minio_downloads/1766489142.json
[2025-12-23T11:31:31.957+0000] {logging_mixin.py:188} INFO - Downloaded TSLA/1766489154.json -> /tmp/minio_downloads/1766489154.json
[2025-12-23T11:31:31.972+0000] {logging_mixin.py:188} INFO - Downloaded TSLA/1766489167.json -> /tmp/minio_downloads/1766489167.json
[2025-12-23T11:31:31.983+0000] {logging_mixin.py:188} INFO - Downloaded TSLA/1766489178.json -> /tmp/minio_downloads/1766489178.json
[2025-12-23T11:31:31.995+0000] {logging_mixin.py:188} INFO - Downloaded TSLA/1766489190.json -> /tmp/minio_downloads/1766489190.json
[2025-12-23T11:31:32.006+0000] {logging_mixin.py:188} INFO - Downloaded TSLA/1766489201.json -> /tmp/minio_downloads/1766489201.json
[2025-12-23T11:31:32.020+0000] {logging_mixin.py:188} INFO - Downloaded TSLA/1766489213.json -> /tmp/minio_downloads/1766489213.json
[2025-12-23T11:31:32.031+0000] {logging_mixin.py:188} INFO - Downloaded TSLA/1766489224.json -> /tmp/minio_downloads/1766489224.json
[2025-12-23T11:31:32.045+0000] {logging_mixin.py:188} INFO - Downloaded TSLA/1766489236.json -> /tmp/minio_downloads/1766489236.json
[2025-12-23T11:31:32.058+0000] {logging_mixin.py:188} INFO - Downloaded TSLA/1766489248.json -> /tmp/minio_downloads/1766489248.json
[2025-12-23T11:31:32.070+0000] {logging_mixin.py:188} INFO - Downloaded TSLA/1766489260.json -> /tmp/minio_downloads/1766489260.json
[2025-12-23T11:31:32.081+0000] {logging_mixin.py:188} INFO - Downloaded TSLA/1766489272.json -> /tmp/minio_downloads/1766489272.json
[2025-12-23T11:31:32.092+0000] {logging_mixin.py:188} INFO - Downloaded TSLA/1766489283.json -> /tmp/minio_downloads/1766489283.json
[2025-12-23T11:31:32.103+0000] {logging_mixin.py:188} INFO - Downloaded TSLA/1766489295.json -> /tmp/minio_downloads/1766489295.json
[2025-12-23T11:31:32.114+0000] {logging_mixin.py:188} INFO - Downloaded TSLA/1766489307.json -> /tmp/minio_downloads/1766489307.json
[2025-12-23T11:31:32.125+0000] {logging_mixin.py:188} INFO - Downloaded TSLA/1766489319.json -> /tmp/minio_downloads/1766489319.json
[2025-12-23T11:31:32.137+0000] {logging_mixin.py:188} INFO - Downloaded TSLA/1766489333.json -> /tmp/minio_downloads/1766489333.json
[2025-12-23T11:31:32.147+0000] {logging_mixin.py:188} INFO - Downloaded TSLA/1766489345.json -> /tmp/minio_downloads/1766489345.json
[2025-12-23T11:31:32.158+0000] {logging_mixin.py:188} INFO - Downloaded TSLA/1766489356.json -> /tmp/minio_downloads/1766489356.json
[2025-12-23T11:31:32.169+0000] {logging_mixin.py:188} INFO - Downloaded TSLA/1766489369.json -> /tmp/minio_downloads/1766489369.json
[2025-12-23T11:31:32.180+0000] {logging_mixin.py:188} INFO - Downloaded TSLA/1766489381.json -> /tmp/minio_downloads/1766489381.json
[2025-12-23T11:31:32.195+0000] {logging_mixin.py:188} INFO - Downloaded TSLA/1766489392.json -> /tmp/minio_downloads/1766489392.json
[2025-12-23T11:31:32.206+0000] {logging_mixin.py:188} INFO - Downloaded TSLA/1766489404.json -> /tmp/minio_downloads/1766489404.json
[2025-12-23T11:31:32.218+0000] {logging_mixin.py:188} INFO - Downloaded TSLA/1766489416.json -> /tmp/minio_downloads/1766489416.json
[2025-12-23T11:31:32.229+0000] {logging_mixin.py:188} INFO - Downloaded TSLA/1766489428.json -> /tmp/minio_downloads/1766489428.json
[2025-12-23T11:31:32.241+0000] {logging_mixin.py:188} INFO - Downloaded TSLA/1766489440.json -> /tmp/minio_downloads/1766489440.json
[2025-12-23T11:31:32.253+0000] {logging_mixin.py:188} INFO - Downloaded TSLA/1766489452.json -> /tmp/minio_downloads/1766489452.json
[2025-12-23T11:31:32.264+0000] {logging_mixin.py:188} INFO - Downloaded TSLA/1766489464.json -> /tmp/minio_downloads/1766489464.json
[2025-12-23T11:31:32.278+0000] {logging_mixin.py:188} INFO - Downloaded TSLA/1766489476.json -> /tmp/minio_downloads/1766489476.json
[2025-12-23T11:31:32.280+0000] {python.py:237} INFO - Done. Returned value was: ['/tmp/minio_downloads/1766488206.json', '/tmp/minio_downloads/1766488217.json', '/tmp/minio_downloads/1766488228.json', '/tmp/minio_downloads/1766488241.json', '/tmp/minio_downloads/1766488252.json', '/tmp/minio_downloads/1766488263.json', '/tmp/minio_downloads/1766488274.json', '/tmp/minio_downloads/1766488286.json', '/tmp/minio_downloads/1766488297.json', '/tmp/minio_downloads/1766488308.json', '/tmp/minio_downloads/1766488319.json', '/tmp/minio_downloads/1766488331.json', '/tmp/minio_downloads/1766488343.json', '/tmp/minio_downloads/1766488355.json', '/tmp/minio_downloads/1766488367.json', '/tmp/minio_downloads/1766488378.json', '/tmp/minio_downloads/1766488389.json', '/tmp/minio_downloads/1766488401.json', '/tmp/minio_downloads/1766488412.json', '/tmp/minio_downloads/1766488424.json', '/tmp/minio_downloads/1766488435.json', '/tmp/minio_downloads/1766488446.json', '/tmp/minio_downloads/1766488457.json', '/tmp/minio_downloads/1766488468.json', '/tmp/minio_downloads/1766488480.json', '/tmp/minio_downloads/1766488491.json', '/tmp/minio_downloads/1766488502.json', '/tmp/minio_downloads/1766488514.json', '/tmp/minio_downloads/1766488527.json', '/tmp/minio_downloads/1766488539.json', '/tmp/minio_downloads/1766488550.json', '/tmp/minio_downloads/1766488561.json', '/tmp/minio_downloads/1766488572.json', '/tmp/minio_downloads/1766488584.json', '/tmp/minio_downloads/1766488596.json', '/tmp/minio_downloads/1766488607.json', '/tmp/minio_downloads/1766488618.json', '/tmp/minio_downloads/1766488631.json', '/tmp/minio_downloads/1766488642.json', '/tmp/minio_downloads/1766488654.json', '/tmp/minio_downloads/1766488665.json', '/tmp/minio_downloads/1766488676.json', '/tmp/minio_downloads/1766488687.json', '/tmp/minio_downloads/1766488699.json', '/tmp/minio_downloads/1766488710.json', '/tmp/minio_downloads/1766488722.json', '/tmp/minio_downloads/1766488736.json', '/tmp/minio_downloads/1766488750.json', '/tmp/minio_downloads/1766488761.json', '/tmp/minio_downloads/1766488773.json', '/tmp/minio_downloads/1766488786.json', '/tmp/minio_downloads/1766488798.json', '/tmp/minio_downloads/1766488810.json', '/tmp/minio_downloads/1766488823.json', '/tmp/minio_downloads/1766488835.json', '/tmp/minio_downloads/1766488849.json', '/tmp/minio_downloads/1766488861.json', '/tmp/minio_downloads/1766488872.json', '/tmp/minio_downloads/1766488885.json', '/tmp/minio_downloads/1766488897.json', '/tmp/minio_downloads/1766488908.json', '/tmp/minio_downloads/1766488920.json', '/tmp/minio_downloads/1766488931.json', '/tmp/minio_downloads/1766488943.json', '/tmp/minio_downloads/1766488955.json', '/tmp/minio_downloads/1766488966.json', '/tmp/minio_downloads/1766488977.json', '/tmp/minio_downloads/1766488988.json', '/tmp/minio_downloads/1766489000.json', '/tmp/minio_downloads/1766489012.json', '/tmp/minio_downloads/1766489024.json', '/tmp/minio_downloads/1766489036.json', '/tmp/minio_downloads/1766489048.json', '/tmp/minio_downloads/1766489059.json', '/tmp/minio_downloads/1766489071.json', '/tmp/minio_downloads/1766489082.json', '/tmp/minio_downloads/1766489094.json', '/tmp/minio_downloads/1766489105.json', '/tmp/minio_downloads/1766489116.json', '/tmp/minio_downloads/1766489128.json', '/tmp/minio_downloads/1766489139.json', '/tmp/minio_downloads/1766489152.json', '/tmp/minio_downloads/1766489164.json', '/tmp/minio_downloads/1766489176.json', '/tmp/minio_downloads/1766489187.json', '/tmp/minio_downloads/1766489199.json', '/tmp/minio_downloads/1766489211.json', '/tmp/minio_downloads/1766489222.json', '/tmp/minio_downloads/1766489234.json', '/tmp/minio_downloads/1766489246.json', '/tmp/minio_downloads/1766489258.json', '/tmp/minio_downloads/1766489269.json', '/tmp/minio_downloads/1766489281.json', '/tmp/minio_downloads/1766489292.json', '/tmp/minio_downloads/1766489304.json', '/tmp/minio_downloads/1766489317.json', '/tmp/minio_downloads/1766489330.json', '/tmp/minio_downloads/1766489343.json', '/tmp/minio_downloads/1766489354.json', '/tmp/minio_downloads/1766489366.json', '/tmp/minio_downloads/1766489378.json', '/tmp/minio_downloads/1766489390.json', '/tmp/minio_downloads/1766489402.json', '/tmp/minio_downloads/1766489414.json', '/tmp/minio_downloads/1766489426.json', '/tmp/minio_downloads/1766489438.json', '/tmp/minio_downloads/1766489449.json', '/tmp/minio_downloads/1766489462.json', '/tmp/minio_downloads/1766489474.json', '/tmp/minio_downloads/1766488210.json', '/tmp/minio_downloads/1766488221.json', '/tmp/minio_downloads/1766488233.json', '/tmp/minio_downloads/1766488245.json', '/tmp/minio_downloads/1766488256.json', '/tmp/minio_downloads/1766488267.json', '/tmp/minio_downloads/1766488278.json', '/tmp/minio_downloads/1766488290.json', '/tmp/minio_downloads/1766488301.json', '/tmp/minio_downloads/1766488312.json', '/tmp/minio_downloads/1766488324.json', '/tmp/minio_downloads/1766488335.json', '/tmp/minio_downloads/1766488347.json', '/tmp/minio_downloads/1766488360.json', '/tmp/minio_downloads/1766488371.json', '/tmp/minio_downloads/1766488382.json', '/tmp/minio_downloads/1766488393.json', '/tmp/minio_downloads/1766488405.json', '/tmp/minio_downloads/1766488416.json', '/tmp/minio_downloads/1766488428.json', '/tmp/minio_downloads/1766488439.json', '/tmp/minio_downloads/1766488450.json', '/tmp/minio_downloads/1766488461.json', '/tmp/minio_downloads/1766488473.json', '/tmp/minio_downloads/1766488484.json', '/tmp/minio_downloads/1766488495.json', '/tmp/minio_downloads/1766488507.json', '/tmp/minio_downloads/1766488520.json', '/tmp/minio_downloads/1766488532.json', '/tmp/minio_downloads/1766488543.json', '/tmp/minio_downloads/1766488554.json', '/tmp/minio_downloads/1766488565.json', '/tmp/minio_downloads/1766488577.json', '/tmp/minio_downloads/1766488588.json', '/tmp/minio_downloads/1766488600.json', '/tmp/minio_downloads/1766488611.json', '/tmp/minio_downloads/1766488624.json', '/tmp/minio_downloads/1766488635.json', '/tmp/minio_downloads/1766488647.json', '/tmp/minio_downloads/1766488658.json', '/tmp/minio_downloads/1766488669.json', '/tmp/minio_downloads/1766488680.json', '/tmp/minio_downloads/1766488692.json', '/tmp/minio_downloads/1766488703.json', '/tmp/minio_downloads/1766488715.json', '/tmp/minio_downloads/1766488728.json', '/tmp/minio_downloads/1766488742.json', '/tmp/minio_downloads/1766488754.json', '/tmp/minio_downloads/1766488766.json', '/tmp/minio_downloads/1766488778.json', '/tmp/minio_downloads/1766488791.json', '/tmp/minio_downloads/1766488803.json', '/tmp/minio_downloads/1766488815.json', '/tmp/minio_downloads/1766488828.json', '/tmp/minio_downloads/1766488842.json', '/tmp/minio_downloads/1766488854.json', '/tmp/minio_downloads/1766488865.json', '/tmp/minio_downloads/1766488878.json', '/tmp/minio_downloads/1766488889.json', '/tmp/minio_downloads/1766488901.json', '/tmp/minio_downloads/1766488913.json', '/tmp/minio_downloads/1766488924.json', '/tmp/minio_downloads/1766488935.json', '/tmp/minio_downloads/1766488948.json', '/tmp/minio_downloads/1766488959.json', '/tmp/minio_downloads/1766488970.json', '/tmp/minio_downloads/1766488981.json', '/tmp/minio_downloads/1766488993.json', '/tmp/minio_downloads/1766489005.json', '/tmp/minio_downloads/1766489017.json', '/tmp/minio_downloads/1766489029.json', '/tmp/minio_downloads/1766489041.json', '/tmp/minio_downloads/1766489052.json', '/tmp/minio_downloads/1766489063.json', '/tmp/minio_downloads/1766489075.json', '/tmp/minio_downloads/1766489086.json', '/tmp/minio_downloads/1766489098.json', '/tmp/minio_downloads/1766489109.json', '/tmp/minio_downloads/1766489120.json', '/tmp/minio_downloads/1766489132.json', '/tmp/minio_downloads/1766489144.json', '/tmp/minio_downloads/1766489157.json', '/tmp/minio_downloads/1766489169.json', '/tmp/minio_downloads/1766489180.json', '/tmp/minio_downloads/1766489192.json', '/tmp/minio_downloads/1766489203.json', '/tmp/minio_downloads/1766489215.json', '/tmp/minio_downloads/1766489226.json', '/tmp/minio_downloads/1766489238.json', '/tmp/minio_downloads/1766489250.json', '/tmp/minio_downloads/1766489262.json', '/tmp/minio_downloads/1766489274.json', '/tmp/minio_downloads/1766489285.json', '/tmp/minio_downloads/1766489297.json', '/tmp/minio_downloads/1766489310.json', '/tmp/minio_downloads/1766489323.json', '/tmp/minio_downloads/1766489335.json', '/tmp/minio_downloads/1766489347.json', '/tmp/minio_downloads/1766489359.json', '/tmp/minio_downloads/1766489371.json', '/tmp/minio_downloads/1766489383.json', '/tmp/minio_downloads/1766489395.json', '/tmp/minio_downloads/1766489407.json', '/tmp/minio_downloads/1766489419.json', '/tmp/minio_downloads/1766489430.json', '/tmp/minio_downloads/1766489442.json', '/tmp/minio_downloads/1766489455.json', '/tmp/minio_downloads/1766489467.json', '/tmp/minio_downloads/1766489479.json', '/tmp/minio_downloads/1766488209.json', '/tmp/minio_downloads/1766488220.json', '/tmp/minio_downloads/1766488232.json', '/tmp/minio_downloads/1766488244.json', '/tmp/minio_downloads/1766488255.json', '/tmp/minio_downloads/1766488266.json', '/tmp/minio_downloads/1766488277.json', '/tmp/minio_downloads/1766488289.json', '/tmp/minio_downloads/1766488300.json', '/tmp/minio_downloads/1766488311.json', '/tmp/minio_downloads/1766488322.json', '/tmp/minio_downloads/1766488334.json', '/tmp/minio_downloads/1766488346.json', '/tmp/minio_downloads/1766488358.json', '/tmp/minio_downloads/1766488370.json', '/tmp/minio_downloads/1766488381.json', '/tmp/minio_downloads/1766488392.json', '/tmp/minio_downloads/1766488404.json', '/tmp/minio_downloads/1766488415.json', '/tmp/minio_downloads/1766488427.json', '/tmp/minio_downloads/1766488438.json', '/tmp/minio_downloads/1766488449.json', '/tmp/minio_downloads/1766488460.json', '/tmp/minio_downloads/1766488471.json', '/tmp/minio_downloads/1766488483.json', '/tmp/minio_downloads/1766488494.json', '/tmp/minio_downloads/1766488505.json', '/tmp/minio_downloads/1766488519.json', '/tmp/minio_downloads/1766488531.json', '/tmp/minio_downloads/1766488542.json', '/tmp/minio_downloads/1766488553.json', '/tmp/minio_downloads/1766488564.json', '/tmp/minio_downloads/1766488575.json', '/tmp/minio_downloads/1766488587.json', '/tmp/minio_downloads/1766488599.json', '/tmp/minio_downloads/1766488610.json', '/tmp/minio_downloads/1766488622.json', '/tmp/minio_downloads/1766488634.json', '/tmp/minio_downloads/1766488646.json', '/tmp/minio_downloads/1766488657.json', '/tmp/minio_downloads/1766488668.json', '/tmp/minio_downloads/1766488679.json', '/tmp/minio_downloads/1766488691.json', '/tmp/minio_downloads/1766488702.json', '/tmp/minio_downloads/1766488714.json', '/tmp/minio_downloads/1766488727.json', '/tmp/minio_downloads/1766488741.json', '/tmp/minio_downloads/1766488753.json', '/tmp/minio_downloads/1766488765.json', '/tmp/minio_downloads/1766488776.json', '/tmp/minio_downloads/1766488790.json', '/tmp/minio_downloads/1766488802.json', '/tmp/minio_downloads/1766488814.json', '/tmp/minio_downloads/1766488827.json', '/tmp/minio_downloads/1766488840.json', '/tmp/minio_downloads/1766488852.json', '/tmp/minio_downloads/1766488864.json', '/tmp/minio_downloads/1766488876.json', '/tmp/minio_downloads/1766488888.json', '/tmp/minio_downloads/1766488900.json', '/tmp/minio_downloads/1766488912.json', '/tmp/minio_downloads/1766488923.json', '/tmp/minio_downloads/1766488934.json', '/tmp/minio_downloads/1766488947.json', '/tmp/minio_downloads/1766488958.json', '/tmp/minio_downloads/1766488969.json', '/tmp/minio_downloads/1766488980.json', '/tmp/minio_downloads/1766488992.json', '/tmp/minio_downloads/1766489004.json', '/tmp/minio_downloads/1766489016.json', '/tmp/minio_downloads/1766489028.json', '/tmp/minio_downloads/1766489040.json', '/tmp/minio_downloads/1766489051.json', '/tmp/minio_downloads/1766489062.json', '/tmp/minio_downloads/1766489074.json', '/tmp/minio_downloads/1766489085.json', '/tmp/minio_downloads/1766489097.json', '/tmp/minio_downloads/1766489108.json', '/tmp/minio_downloads/1766489119.json', '/tmp/minio_downloads/1766489131.json', '/tmp/minio_downloads/1766489143.json', '/tmp/minio_downloads/1766489156.json', '/tmp/minio_downloads/1766489168.json', '/tmp/minio_downloads/1766489179.json', '/tmp/minio_downloads/1766489191.json', '/tmp/minio_downloads/1766489202.json', '/tmp/minio_downloads/1766489214.json', '/tmp/minio_downloads/1766489225.json', '/tmp/minio_downloads/1766489237.json', '/tmp/minio_downloads/1766489249.json', '/tmp/minio_downloads/1766489261.json', '/tmp/minio_downloads/1766489273.json', '/tmp/minio_downloads/1766489284.json', '/tmp/minio_downloads/1766489296.json', '/tmp/minio_downloads/1766489308.json', '/tmp/minio_downloads/1766489321.json', '/tmp/minio_downloads/1766489334.json', '/tmp/minio_downloads/1766489346.json', '/tmp/minio_downloads/1766489358.json', '/tmp/minio_downloads/1766489370.json', '/tmp/minio_downloads/1766489382.json', '/tmp/minio_downloads/1766489394.json', '/tmp/minio_downloads/1766489405.json', '/tmp/minio_downloads/1766489417.json', '/tmp/minio_downloads/1766489429.json', '/tmp/minio_downloads/1766489441.json', '/tmp/minio_downloads/1766489454.json', '/tmp/minio_downloads/1766489466.json', '/tmp/minio_downloads/1766489478.json', '/tmp/minio_downloads/1766488207.json', '/tmp/minio_downloads/1766488218.json', '/tmp/minio_downloads/1766488229.json', '/tmp/minio_downloads/1766488242.json', '/tmp/minio_downloads/1766488253.json', '/tmp/minio_downloads/1766488264.json', '/tmp/minio_downloads/1766488275.json', '/tmp/minio_downloads/1766488287.json', '/tmp/minio_downloads/1766488298.json', '/tmp/minio_downloads/1766488309.json', '/tmp/minio_downloads/1766488320.json', '/tmp/minio_downloads/1766488332.json', '/tmp/minio_downloads/1766488344.json', '/tmp/minio_downloads/1766488356.json', '/tmp/minio_downloads/1766488368.json', '/tmp/minio_downloads/1766488379.json', '/tmp/minio_downloads/1766488390.json', '/tmp/minio_downloads/1766488402.json', '/tmp/minio_downloads/1766488413.json', '/tmp/minio_downloads/1766488425.json', '/tmp/minio_downloads/1766488436.json', '/tmp/minio_downloads/1766488447.json', '/tmp/minio_downloads/1766488458.json', '/tmp/minio_downloads/1766488469.json', '/tmp/minio_downloads/1766488480.json', '/tmp/minio_downloads/1766488492.json', '/tmp/minio_downloads/1766488503.json', '/tmp/minio_downloads/1766488516.json', '/tmp/minio_downloads/1766488529.json', '/tmp/minio_downloads/1766488540.json', '/tmp/minio_downloads/1766488551.json', '/tmp/minio_downloads/1766488562.json', '/tmp/minio_downloads/1766488573.json', '/tmp/minio_downloads/1766488585.json', '/tmp/minio_downloads/1766488597.json', '/tmp/minio_downloads/1766488608.json', '/tmp/minio_downloads/1766488620.json', '/tmp/minio_downloads/1766488632.json', '/tmp/minio_downloads/1766488643.json', '/tmp/minio_downloads/1766488655.json', '/tmp/minio_downloads/1766488666.json', '/tmp/minio_downloads/1766488677.json', '/tmp/minio_downloads/1766488688.json', '/tmp/minio_downloads/1766488700.json', '/tmp/minio_downloads/1766488712.json', '/tmp/minio_downloads/1766488724.json', '/tmp/minio_downloads/1766488737.json', '/tmp/minio_downloads/1766488751.json', '/tmp/minio_downloads/1766488762.json', '/tmp/minio_downloads/1766488774.json', '/tmp/minio_downloads/1766488787.json', '/tmp/minio_downloads/1766488799.json', '/tmp/minio_downloads/1766488812.json', '/tmp/minio_downloads/1766488824.json', '/tmp/minio_downloads/1766488837.json', '/tmp/minio_downloads/1766488850.json', '/tmp/minio_downloads/1766488862.json', '/tmp/minio_downloads/1766488874.json', '/tmp/minio_downloads/1766488886.json', '/tmp/minio_downloads/1766488898.json', '/tmp/minio_downloads/1766488909.json', '/tmp/minio_downloads/1766488921.json', '/tmp/minio_downloads/1766488932.json', '/tmp/minio_downloads/1766488944.json', '/tmp/minio_downloads/1766488956.json', '/tmp/minio_downloads/1766488967.json', '/tmp/minio_downloads/1766488978.json', '/tmp/minio_downloads/1766488990.json', '/tmp/minio_downloads/1766489002.json', '/tmp/minio_downloads/1766489013.json', '/tmp/minio_downloads/1766489025.json', '/tmp/minio_downloads/1766489038.json', '/tmp/minio_downloads/1766489049.json', '/tmp/minio_downloads/1766489060.json', '/tmp/minio_downloads/1766489072.json', '/tmp/minio_downloads/1766489083.json', '/tmp/minio_downloads/1766489095.json', '/tmp/minio_downloads/1766489106.json', '/tmp/minio_downloads/1766489117.json', '/tmp/minio_downloads/1766489129.json', '/tmp/minio_downloads/1766489140.json', '/tmp/minio_downloads/1766489153.json', '/tmp/minio_downloads/1766489165.json', '/tmp/minio_downloads/1766489177.json', '/tmp/minio_downloads/1766489189.json', '/tmp/minio_downloads/1766489200.json', '/tmp/minio_downloads/1766489212.json', '/tmp/minio_downloads/1766489223.json', '/tmp/minio_downloads/1766489235.json', '/tmp/minio_downloads/1766489247.json', '/tmp/minio_downloads/1766489259.json', '/tmp/minio_downloads/1766489271.json', '/tmp/minio_downloads/1766489282.json', '/tmp/minio_downloads/1766489294.json', '/tmp/minio_downloads/1766489306.json', '/tmp/minio_downloads/1766489318.json', '/tmp/minio_downloads/1766489331.json', '/tmp/minio_downloads/1766489344.json', '/tmp/minio_downloads/1766489355.json', '/tmp/minio_downloads/1766489367.json', '/tmp/minio_downloads/1766489379.json', '/tmp/minio_downloads/1766489391.json', '/tmp/minio_downloads/1766489403.json', '/tmp/minio_downloads/1766489415.json', '/tmp/minio_downloads/1766489427.json', '/tmp/minio_downloads/1766489439.json', '/tmp/minio_downloads/1766489451.json', '/tmp/minio_downloads/1766489463.json', '/tmp/minio_downloads/1766489475.json', '/tmp/minio_downloads/1766488208.json', '/tmp/minio_downloads/1766488219.json', '/tmp/minio_downloads/1766488231.json', '/tmp/minio_downloads/1766488243.json', '/tmp/minio_downloads/1766488254.json', '/tmp/minio_downloads/1766488265.json', '/tmp/minio_downloads/1766488276.json', '/tmp/minio_downloads/1766488288.json', '/tmp/minio_downloads/1766488299.json', '/tmp/minio_downloads/1766488310.json', '/tmp/minio_downloads/1766488321.json', '/tmp/minio_downloads/1766488333.json', '/tmp/minio_downloads/1766488345.json', '/tmp/minio_downloads/1766488357.json', '/tmp/minio_downloads/1766488369.json', '/tmp/minio_downloads/1766488380.json', '/tmp/minio_downloads/1766488391.json', '/tmp/minio_downloads/1766488403.json', '/tmp/minio_downloads/1766488414.json', '/tmp/minio_downloads/1766488426.json', '/tmp/minio_downloads/1766488437.json', '/tmp/minio_downloads/1766488448.json', '/tmp/minio_downloads/1766488459.json', '/tmp/minio_downloads/1766488470.json', '/tmp/minio_downloads/1766488481.json', '/tmp/minio_downloads/1766488493.json', '/tmp/minio_downloads/1766488504.json', '/tmp/minio_downloads/1766488517.json', '/tmp/minio_downloads/1766488530.json', '/tmp/minio_downloads/1766488541.json', '/tmp/minio_downloads/1766488552.json', '/tmp/minio_downloads/1766488563.json', '/tmp/minio_downloads/1766488574.json', '/tmp/minio_downloads/1766488586.json', '/tmp/minio_downloads/1766488598.json', '/tmp/minio_downloads/1766488609.json', '/tmp/minio_downloads/1766488621.json', '/tmp/minio_downloads/1766488633.json', '/tmp/minio_downloads/1766488645.json', '/tmp/minio_downloads/1766488656.json', '/tmp/minio_downloads/1766488667.json', '/tmp/minio_downloads/1766488678.json', '/tmp/minio_downloads/1766488689.json', '/tmp/minio_downloads/1766488701.json', '/tmp/minio_downloads/1766488713.json', '/tmp/minio_downloads/1766488725.json', '/tmp/minio_downloads/1766488739.json', '/tmp/minio_downloads/1766488752.json', '/tmp/minio_downloads/1766488764.json', '/tmp/minio_downloads/1766488775.json', '/tmp/minio_downloads/1766488789.json', '/tmp/minio_downloads/1766488800.json', '/tmp/minio_downloads/1766488813.json', '/tmp/minio_downloads/1766488825.json', '/tmp/minio_downloads/1766488838.json', '/tmp/minio_downloads/1766488851.json', '/tmp/minio_downloads/1766488863.json', '/tmp/minio_downloads/1766488875.json', '/tmp/minio_downloads/1766488887.json', '/tmp/minio_downloads/1766488899.json', '/tmp/minio_downloads/1766488911.json', '/tmp/minio_downloads/1766488922.json', '/tmp/minio_downloads/1766488933.json', '/tmp/minio_downloads/1766488945.json', '/tmp/minio_downloads/1766488957.json', '/tmp/minio_downloads/1766488968.json', '/tmp/minio_downloads/1766488979.json', '/tmp/minio_downloads/1766488991.json', '/tmp/minio_downloads/1766489003.json', '/tmp/minio_downloads/1766489015.json', '/tmp/minio_downloads/1766489026.json', '/tmp/minio_downloads/1766489039.json', '/tmp/minio_downloads/1766489050.json', '/tmp/minio_downloads/1766489061.json', '/tmp/minio_downloads/1766489073.json', '/tmp/minio_downloads/1766489084.json', '/tmp/minio_downloads/1766489096.json', '/tmp/minio_downloads/1766489107.json', '/tmp/minio_downloads/1766489118.json', '/tmp/minio_downloads/1766489130.json', '/tmp/minio_downloads/1766489142.json', '/tmp/minio_downloads/1766489154.json', '/tmp/minio_downloads/1766489167.json', '/tmp/minio_downloads/1766489178.json', '/tmp/minio_downloads/1766489190.json', '/tmp/minio_downloads/1766489201.json', '/tmp/minio_downloads/1766489213.json', '/tmp/minio_downloads/1766489224.json', '/tmp/minio_downloads/1766489236.json', '/tmp/minio_downloads/1766489248.json', '/tmp/minio_downloads/1766489260.json', '/tmp/minio_downloads/1766489272.json', '/tmp/minio_downloads/1766489283.json', '/tmp/minio_downloads/1766489295.json', '/tmp/minio_downloads/1766489307.json', '/tmp/minio_downloads/1766489319.json', '/tmp/minio_downloads/1766489333.json', '/tmp/minio_downloads/1766489345.json', '/tmp/minio_downloads/1766489356.json', '/tmp/minio_downloads/1766489369.json', '/tmp/minio_downloads/1766489381.json', '/tmp/minio_downloads/1766489392.json', '/tmp/minio_downloads/1766489404.json', '/tmp/minio_downloads/1766489416.json', '/tmp/minio_downloads/1766489428.json', '/tmp/minio_downloads/1766489440.json', '/tmp/minio_downloads/1766489452.json', '/tmp/minio_downloads/1766489464.json', '/tmp/minio_downloads/1766489476.json']
[2025-12-23T11:31:32.284+0000] {taskinstance.py:441} INFO - ::group::Post task execution logs
[2025-12-23T11:31:32.334+0000] {taskinstance.py:1206} INFO - Marking task as SUCCESS. dag_id=minio_to_snowflake, task_id=download_minio, run_id=scheduled__2025-12-23T11:29:00+00:00, execution_date=20251223T112900, start_date=20251223T113121, end_date=20251223T113132
[2025-12-23T11:31:32.417+0000] {local_task_job_runner.py:243} INFO - Task exited with return code 0
[2025-12-23T11:31:32.453+0000] {taskinstance.py:3503} INFO - 1 downstream tasks scheduled from follow-on schedule check
[2025-12-23T11:31:32.458+0000] {local_task_job_runner.py:222} INFO - ::endgroup::
