[2025-12-23T11:25:45.493+0000] {local_task_job_runner.py:120} INFO - ::group::Pre task execution logs
[2025-12-23T11:25:45.577+0000] {taskinstance.py:2076} INFO - Dependencies all met for dep_context=non-requeueable deps ti=<TaskInstance: minio_to_snowflake.download_minio scheduled__2025-12-23T11:24:00+00:00 [queued]>
[2025-12-23T11:25:45.591+0000] {taskinstance.py:2076} INFO - Dependencies all met for dep_context=requeueable deps ti=<TaskInstance: minio_to_snowflake.download_minio scheduled__2025-12-23T11:24:00+00:00 [queued]>
[2025-12-23T11:25:45.593+0000] {taskinstance.py:2306} INFO - Starting attempt 1 of 2
[2025-12-23T11:25:45.621+0000] {taskinstance.py:2330} INFO - Executing <Task(PythonOperator): download_minio> on 2025-12-23 11:24:00+00:00
[2025-12-23T11:25:45.651+0000] {standard_task_runner.py:90} INFO - Running: ['***', 'tasks', 'run', 'minio_to_snowflake', 'download_minio', 'scheduled__2025-12-23T11:24:00+00:00', '--job-id', '56', '--raw', '--subdir', 'DAGS_FOLDER/minio_to_snowflake.py', '--cfg-path', '/tmp/tmpr77nzdaf']
[2025-12-23T11:25:45.659+0000] {standard_task_runner.py:91} INFO - Job 56: Subtask download_minio
[2025-12-23T11:25:45.660+0000] {logging_mixin.py:188} WARNING - /home/***/.local/lib/python3.12/site-packages/***/task/task_runner/standard_task_runner.py:62 DeprecationWarning: This process (pid=2955) is multi-threaded, use of fork() may lead to deadlocks in the child.
[2025-12-23T11:25:45.661+0000] {standard_task_runner.py:64} INFO - Started process 2971 to run task
[2025-12-23T11:25:45.915+0000] {task_command.py:426} INFO - Running <TaskInstance: minio_to_snowflake.download_minio scheduled__2025-12-23T11:24:00+00:00 [running]> on host 5b5bed255d0d
[2025-12-23T11:25:46.292+0000] {taskinstance.py:2648} INFO - Exporting env vars: AIRFLOW_CTX_DAG_OWNER='***' AIRFLOW_CTX_DAG_ID='minio_to_snowflake' AIRFLOW_CTX_TASK_ID='download_minio' AIRFLOW_CTX_EXECUTION_DATE='2025-12-23T11:24:00+00:00' AIRFLOW_CTX_TRY_NUMBER='1' AIRFLOW_CTX_DAG_RUN_ID='scheduled__2025-12-23T11:24:00+00:00'
[2025-12-23T11:25:46.299+0000] {taskinstance.py:430} INFO - ::endgroup::
[2025-12-23T11:25:50.046+0000] {logging_mixin.py:188} INFO - Downloaded AAPL/1766488206.json -> /tmp/minio_downloads/1766488206.json
[2025-12-23T11:25:50.067+0000] {logging_mixin.py:188} INFO - Downloaded AAPL/1766488217.json -> /tmp/minio_downloads/1766488217.json
[2025-12-23T11:25:50.081+0000] {logging_mixin.py:188} INFO - Downloaded AAPL/1766488228.json -> /tmp/minio_downloads/1766488228.json
[2025-12-23T11:25:50.100+0000] {logging_mixin.py:188} INFO - Downloaded AAPL/1766488241.json -> /tmp/minio_downloads/1766488241.json
[2025-12-23T11:25:50.121+0000] {logging_mixin.py:188} INFO - Downloaded AAPL/1766488252.json -> /tmp/minio_downloads/1766488252.json
[2025-12-23T11:25:50.139+0000] {logging_mixin.py:188} INFO - Downloaded AAPL/1766488263.json -> /tmp/minio_downloads/1766488263.json
[2025-12-23T11:25:50.155+0000] {logging_mixin.py:188} INFO - Downloaded AAPL/1766488274.json -> /tmp/minio_downloads/1766488274.json
[2025-12-23T11:25:50.174+0000] {logging_mixin.py:188} INFO - Downloaded AAPL/1766488286.json -> /tmp/minio_downloads/1766488286.json
[2025-12-23T11:25:50.190+0000] {logging_mixin.py:188} INFO - Downloaded AAPL/1766488297.json -> /tmp/minio_downloads/1766488297.json
[2025-12-23T11:25:50.208+0000] {logging_mixin.py:188} INFO - Downloaded AAPL/1766488308.json -> /tmp/minio_downloads/1766488308.json
[2025-12-23T11:25:50.229+0000] {logging_mixin.py:188} INFO - Downloaded AAPL/1766488319.json -> /tmp/minio_downloads/1766488319.json
[2025-12-23T11:25:50.253+0000] {logging_mixin.py:188} INFO - Downloaded AAPL/1766488331.json -> /tmp/minio_downloads/1766488331.json
[2025-12-23T11:25:50.273+0000] {logging_mixin.py:188} INFO - Downloaded AAPL/1766488343.json -> /tmp/minio_downloads/1766488343.json
[2025-12-23T11:25:50.297+0000] {logging_mixin.py:188} INFO - Downloaded AAPL/1766488355.json -> /tmp/minio_downloads/1766488355.json
[2025-12-23T11:25:50.320+0000] {logging_mixin.py:188} INFO - Downloaded AAPL/1766488367.json -> /tmp/minio_downloads/1766488367.json
[2025-12-23T11:25:50.344+0000] {logging_mixin.py:188} INFO - Downloaded AAPL/1766488378.json -> /tmp/minio_downloads/1766488378.json
[2025-12-23T11:25:50.375+0000] {logging_mixin.py:188} INFO - Downloaded AAPL/1766488389.json -> /tmp/minio_downloads/1766488389.json
[2025-12-23T11:25:50.403+0000] {logging_mixin.py:188} INFO - Downloaded AAPL/1766488401.json -> /tmp/minio_downloads/1766488401.json
[2025-12-23T11:25:50.433+0000] {logging_mixin.py:188} INFO - Downloaded AAPL/1766488412.json -> /tmp/minio_downloads/1766488412.json
[2025-12-23T11:25:50.464+0000] {logging_mixin.py:188} INFO - Downloaded AAPL/1766488424.json -> /tmp/minio_downloads/1766488424.json
[2025-12-23T11:25:50.492+0000] {logging_mixin.py:188} INFO - Downloaded AAPL/1766488435.json -> /tmp/minio_downloads/1766488435.json
[2025-12-23T11:25:50.524+0000] {logging_mixin.py:188} INFO - Downloaded AAPL/1766488446.json -> /tmp/minio_downloads/1766488446.json
[2025-12-23T11:25:50.557+0000] {logging_mixin.py:188} INFO - Downloaded AAPL/1766488457.json -> /tmp/minio_downloads/1766488457.json
[2025-12-23T11:25:50.589+0000] {logging_mixin.py:188} INFO - Downloaded AAPL/1766488468.json -> /tmp/minio_downloads/1766488468.json
[2025-12-23T11:25:50.621+0000] {logging_mixin.py:188} INFO - Downloaded AAPL/1766488480.json -> /tmp/minio_downloads/1766488480.json
[2025-12-23T11:25:50.656+0000] {logging_mixin.py:188} INFO - Downloaded AAPL/1766488491.json -> /tmp/minio_downloads/1766488491.json
[2025-12-23T11:25:50.686+0000] {logging_mixin.py:188} INFO - Downloaded AAPL/1766488502.json -> /tmp/minio_downloads/1766488502.json
[2025-12-23T11:25:50.711+0000] {logging_mixin.py:188} INFO - Downloaded AAPL/1766488514.json -> /tmp/minio_downloads/1766488514.json
[2025-12-23T11:25:50.740+0000] {logging_mixin.py:188} INFO - Downloaded AAPL/1766488527.json -> /tmp/minio_downloads/1766488527.json
[2025-12-23T11:25:50.772+0000] {logging_mixin.py:188} INFO - Downloaded AAPL/1766488539.json -> /tmp/minio_downloads/1766488539.json
[2025-12-23T11:25:50.796+0000] {logging_mixin.py:188} INFO - Downloaded AAPL/1766488550.json -> /tmp/minio_downloads/1766488550.json
[2025-12-23T11:25:50.825+0000] {logging_mixin.py:188} INFO - Downloaded AAPL/1766488561.json -> /tmp/minio_downloads/1766488561.json
[2025-12-23T11:25:50.849+0000] {logging_mixin.py:188} INFO - Downloaded AAPL/1766488572.json -> /tmp/minio_downloads/1766488572.json
[2025-12-23T11:25:50.871+0000] {logging_mixin.py:188} INFO - Downloaded AAPL/1766488584.json -> /tmp/minio_downloads/1766488584.json
[2025-12-23T11:25:50.895+0000] {logging_mixin.py:188} INFO - Downloaded AAPL/1766488596.json -> /tmp/minio_downloads/1766488596.json
[2025-12-23T11:25:50.919+0000] {logging_mixin.py:188} INFO - Downloaded AAPL/1766488607.json -> /tmp/minio_downloads/1766488607.json
[2025-12-23T11:25:50.946+0000] {logging_mixin.py:188} INFO - Downloaded AAPL/1766488618.json -> /tmp/minio_downloads/1766488618.json
[2025-12-23T11:25:50.973+0000] {logging_mixin.py:188} INFO - Downloaded AAPL/1766488631.json -> /tmp/minio_downloads/1766488631.json
[2025-12-23T11:25:50.996+0000] {logging_mixin.py:188} INFO - Downloaded AAPL/1766488642.json -> /tmp/minio_downloads/1766488642.json
[2025-12-23T11:25:51.021+0000] {logging_mixin.py:188} INFO - Downloaded AAPL/1766488654.json -> /tmp/minio_downloads/1766488654.json
[2025-12-23T11:25:51.047+0000] {logging_mixin.py:188} INFO - Downloaded AAPL/1766488665.json -> /tmp/minio_downloads/1766488665.json
[2025-12-23T11:25:51.073+0000] {logging_mixin.py:188} INFO - Downloaded AAPL/1766488676.json -> /tmp/minio_downloads/1766488676.json
[2025-12-23T11:25:51.101+0000] {logging_mixin.py:188} INFO - Downloaded AAPL/1766488687.json -> /tmp/minio_downloads/1766488687.json
[2025-12-23T11:25:51.126+0000] {logging_mixin.py:188} INFO - Downloaded AAPL/1766488699.json -> /tmp/minio_downloads/1766488699.json
[2025-12-23T11:25:51.155+0000] {logging_mixin.py:188} INFO - Downloaded AAPL/1766488710.json -> /tmp/minio_downloads/1766488710.json
[2025-12-23T11:25:51.180+0000] {logging_mixin.py:188} INFO - Downloaded AAPL/1766488722.json -> /tmp/minio_downloads/1766488722.json
[2025-12-23T11:25:51.210+0000] {logging_mixin.py:188} INFO - Downloaded AAPL/1766488736.json -> /tmp/minio_downloads/1766488736.json
[2025-12-23T11:25:51.237+0000] {logging_mixin.py:188} INFO - Downloaded AAPL/1766488750.json -> /tmp/minio_downloads/1766488750.json
[2025-12-23T11:25:51.267+0000] {logging_mixin.py:188} INFO - Downloaded AAPL/1766488761.json -> /tmp/minio_downloads/1766488761.json
[2025-12-23T11:25:51.292+0000] {logging_mixin.py:188} INFO - Downloaded AAPL/1766488773.json -> /tmp/minio_downloads/1766488773.json
[2025-12-23T11:25:51.312+0000] {logging_mixin.py:188} INFO - Downloaded AAPL/1766488786.json -> /tmp/minio_downloads/1766488786.json
[2025-12-23T11:25:51.334+0000] {logging_mixin.py:188} INFO - Downloaded AAPL/1766488798.json -> /tmp/minio_downloads/1766488798.json
[2025-12-23T11:25:51.355+0000] {logging_mixin.py:188} INFO - Downloaded AAPL/1766488810.json -> /tmp/minio_downloads/1766488810.json
[2025-12-23T11:25:51.376+0000] {logging_mixin.py:188} INFO - Downloaded AAPL/1766488823.json -> /tmp/minio_downloads/1766488823.json
[2025-12-23T11:25:51.399+0000] {logging_mixin.py:188} INFO - Downloaded AAPL/1766488835.json -> /tmp/minio_downloads/1766488835.json
[2025-12-23T11:25:51.422+0000] {logging_mixin.py:188} INFO - Downloaded AAPL/1766488849.json -> /tmp/minio_downloads/1766488849.json
[2025-12-23T11:25:51.440+0000] {logging_mixin.py:188} INFO - Downloaded AAPL/1766488861.json -> /tmp/minio_downloads/1766488861.json
[2025-12-23T11:25:51.460+0000] {logging_mixin.py:188} INFO - Downloaded AAPL/1766488872.json -> /tmp/minio_downloads/1766488872.json
[2025-12-23T11:25:51.478+0000] {logging_mixin.py:188} INFO - Downloaded AAPL/1766488885.json -> /tmp/minio_downloads/1766488885.json
[2025-12-23T11:25:51.505+0000] {logging_mixin.py:188} INFO - Downloaded AAPL/1766488897.json -> /tmp/minio_downloads/1766488897.json
[2025-12-23T11:25:51.536+0000] {logging_mixin.py:188} INFO - Downloaded AAPL/1766488908.json -> /tmp/minio_downloads/1766488908.json
[2025-12-23T11:25:51.558+0000] {logging_mixin.py:188} INFO - Downloaded AAPL/1766488920.json -> /tmp/minio_downloads/1766488920.json
[2025-12-23T11:25:51.580+0000] {logging_mixin.py:188} INFO - Downloaded AAPL/1766488931.json -> /tmp/minio_downloads/1766488931.json
[2025-12-23T11:25:51.598+0000] {logging_mixin.py:188} INFO - Downloaded AAPL/1766488943.json -> /tmp/minio_downloads/1766488943.json
[2025-12-23T11:25:51.626+0000] {logging_mixin.py:188} INFO - Downloaded AAPL/1766488955.json -> /tmp/minio_downloads/1766488955.json
[2025-12-23T11:25:51.659+0000] {logging_mixin.py:188} INFO - Downloaded AAPL/1766488966.json -> /tmp/minio_downloads/1766488966.json
[2025-12-23T11:25:51.691+0000] {logging_mixin.py:188} INFO - Downloaded AAPL/1766488977.json -> /tmp/minio_downloads/1766488977.json
[2025-12-23T11:25:51.722+0000] {logging_mixin.py:188} INFO - Downloaded AAPL/1766488988.json -> /tmp/minio_downloads/1766488988.json
[2025-12-23T11:25:51.747+0000] {logging_mixin.py:188} INFO - Downloaded AAPL/1766489000.json -> /tmp/minio_downloads/1766489000.json
[2025-12-23T11:25:51.773+0000] {logging_mixin.py:188} INFO - Downloaded AAPL/1766489012.json -> /tmp/minio_downloads/1766489012.json
[2025-12-23T11:25:51.794+0000] {logging_mixin.py:188} INFO - Downloaded AAPL/1766489024.json -> /tmp/minio_downloads/1766489024.json
[2025-12-23T11:25:51.815+0000] {logging_mixin.py:188} INFO - Downloaded AAPL/1766489036.json -> /tmp/minio_downloads/1766489036.json
[2025-12-23T11:25:51.838+0000] {logging_mixin.py:188} INFO - Downloaded AAPL/1766489048.json -> /tmp/minio_downloads/1766489048.json
[2025-12-23T11:25:51.862+0000] {logging_mixin.py:188} INFO - Downloaded AAPL/1766489059.json -> /tmp/minio_downloads/1766489059.json
[2025-12-23T11:25:51.893+0000] {logging_mixin.py:188} INFO - Downloaded AAPL/1766489071.json -> /tmp/minio_downloads/1766489071.json
[2025-12-23T11:25:51.914+0000] {logging_mixin.py:188} INFO - Downloaded AAPL/1766489082.json -> /tmp/minio_downloads/1766489082.json
[2025-12-23T11:25:51.932+0000] {logging_mixin.py:188} INFO - Downloaded AAPL/1766489094.json -> /tmp/minio_downloads/1766489094.json
[2025-12-23T11:25:51.956+0000] {logging_mixin.py:188} INFO - Downloaded AAPL/1766489105.json -> /tmp/minio_downloads/1766489105.json
[2025-12-23T11:25:51.981+0000] {logging_mixin.py:188} INFO - Downloaded AAPL/1766489116.json -> /tmp/minio_downloads/1766489116.json
[2025-12-23T11:25:52.000+0000] {logging_mixin.py:188} INFO - Downloaded AAPL/1766489128.json -> /tmp/minio_downloads/1766489128.json
[2025-12-23T11:25:52.027+0000] {logging_mixin.py:188} INFO - Downloaded AAPL/1766489139.json -> /tmp/minio_downloads/1766489139.json
[2025-12-23T11:25:52.055+0000] {logging_mixin.py:188} INFO - Downloaded AMZN/1766488210.json -> /tmp/minio_downloads/1766488210.json
[2025-12-23T11:25:52.079+0000] {logging_mixin.py:188} INFO - Downloaded AMZN/1766488221.json -> /tmp/minio_downloads/1766488221.json
[2025-12-23T11:25:52.100+0000] {logging_mixin.py:188} INFO - Downloaded AMZN/1766488233.json -> /tmp/minio_downloads/1766488233.json
[2025-12-23T11:25:52.121+0000] {logging_mixin.py:188} INFO - Downloaded AMZN/1766488245.json -> /tmp/minio_downloads/1766488245.json
[2025-12-23T11:25:52.137+0000] {logging_mixin.py:188} INFO - Downloaded AMZN/1766488256.json -> /tmp/minio_downloads/1766488256.json
[2025-12-23T11:25:52.159+0000] {logging_mixin.py:188} INFO - Downloaded AMZN/1766488267.json -> /tmp/minio_downloads/1766488267.json
[2025-12-23T11:25:52.182+0000] {logging_mixin.py:188} INFO - Downloaded AMZN/1766488278.json -> /tmp/minio_downloads/1766488278.json
[2025-12-23T11:25:52.209+0000] {logging_mixin.py:188} INFO - Downloaded AMZN/1766488290.json -> /tmp/minio_downloads/1766488290.json
[2025-12-23T11:25:52.264+0000] {logging_mixin.py:188} INFO - Downloaded AMZN/1766488301.json -> /tmp/minio_downloads/1766488301.json
[2025-12-23T11:25:52.287+0000] {logging_mixin.py:188} INFO - Downloaded AMZN/1766488312.json -> /tmp/minio_downloads/1766488312.json
[2025-12-23T11:25:52.311+0000] {logging_mixin.py:188} INFO - Downloaded AMZN/1766488324.json -> /tmp/minio_downloads/1766488324.json
[2025-12-23T11:25:52.335+0000] {logging_mixin.py:188} INFO - Downloaded AMZN/1766488335.json -> /tmp/minio_downloads/1766488335.json
[2025-12-23T11:25:52.362+0000] {logging_mixin.py:188} INFO - Downloaded AMZN/1766488347.json -> /tmp/minio_downloads/1766488347.json
[2025-12-23T11:25:52.383+0000] {logging_mixin.py:188} INFO - Downloaded AMZN/1766488360.json -> /tmp/minio_downloads/1766488360.json
[2025-12-23T11:25:52.404+0000] {logging_mixin.py:188} INFO - Downloaded AMZN/1766488371.json -> /tmp/minio_downloads/1766488371.json
[2025-12-23T11:25:52.424+0000] {logging_mixin.py:188} INFO - Downloaded AMZN/1766488382.json -> /tmp/minio_downloads/1766488382.json
[2025-12-23T11:25:52.442+0000] {logging_mixin.py:188} INFO - Downloaded AMZN/1766488393.json -> /tmp/minio_downloads/1766488393.json
[2025-12-23T11:25:52.462+0000] {logging_mixin.py:188} INFO - Downloaded AMZN/1766488405.json -> /tmp/minio_downloads/1766488405.json
[2025-12-23T11:25:52.480+0000] {logging_mixin.py:188} INFO - Downloaded AMZN/1766488416.json -> /tmp/minio_downloads/1766488416.json
[2025-12-23T11:25:52.500+0000] {logging_mixin.py:188} INFO - Downloaded AMZN/1766488428.json -> /tmp/minio_downloads/1766488428.json
[2025-12-23T11:25:52.522+0000] {logging_mixin.py:188} INFO - Downloaded AMZN/1766488439.json -> /tmp/minio_downloads/1766488439.json
[2025-12-23T11:25:52.553+0000] {logging_mixin.py:188} INFO - Downloaded AMZN/1766488450.json -> /tmp/minio_downloads/1766488450.json
[2025-12-23T11:25:52.596+0000] {logging_mixin.py:188} INFO - Downloaded AMZN/1766488461.json -> /tmp/minio_downloads/1766488461.json
[2025-12-23T11:25:52.632+0000] {logging_mixin.py:188} INFO - Downloaded AMZN/1766488473.json -> /tmp/minio_downloads/1766488473.json
[2025-12-23T11:25:52.679+0000] {logging_mixin.py:188} INFO - Downloaded AMZN/1766488484.json -> /tmp/minio_downloads/1766488484.json
[2025-12-23T11:25:52.718+0000] {logging_mixin.py:188} INFO - Downloaded AMZN/1766488495.json -> /tmp/minio_downloads/1766488495.json
[2025-12-23T11:25:52.750+0000] {logging_mixin.py:188} INFO - Downloaded AMZN/1766488507.json -> /tmp/minio_downloads/1766488507.json
[2025-12-23T11:25:52.787+0000] {logging_mixin.py:188} INFO - Downloaded AMZN/1766488520.json -> /tmp/minio_downloads/1766488520.json
[2025-12-23T11:25:52.821+0000] {logging_mixin.py:188} INFO - Downloaded AMZN/1766488532.json -> /tmp/minio_downloads/1766488532.json
[2025-12-23T11:25:52.851+0000] {logging_mixin.py:188} INFO - Downloaded AMZN/1766488543.json -> /tmp/minio_downloads/1766488543.json
[2025-12-23T11:25:52.881+0000] {logging_mixin.py:188} INFO - Downloaded AMZN/1766488554.json -> /tmp/minio_downloads/1766488554.json
[2025-12-23T11:25:52.907+0000] {logging_mixin.py:188} INFO - Downloaded AMZN/1766488565.json -> /tmp/minio_downloads/1766488565.json
[2025-12-23T11:25:52.931+0000] {logging_mixin.py:188} INFO - Downloaded AMZN/1766488577.json -> /tmp/minio_downloads/1766488577.json
[2025-12-23T11:25:52.954+0000] {logging_mixin.py:188} INFO - Downloaded AMZN/1766488588.json -> /tmp/minio_downloads/1766488588.json
[2025-12-23T11:25:52.978+0000] {logging_mixin.py:188} INFO - Downloaded AMZN/1766488600.json -> /tmp/minio_downloads/1766488600.json
[2025-12-23T11:25:52.997+0000] {logging_mixin.py:188} INFO - Downloaded AMZN/1766488611.json -> /tmp/minio_downloads/1766488611.json
[2025-12-23T11:25:53.018+0000] {logging_mixin.py:188} INFO - Downloaded AMZN/1766488624.json -> /tmp/minio_downloads/1766488624.json
[2025-12-23T11:25:53.043+0000] {logging_mixin.py:188} INFO - Downloaded AMZN/1766488635.json -> /tmp/minio_downloads/1766488635.json
[2025-12-23T11:25:53.064+0000] {logging_mixin.py:188} INFO - Downloaded AMZN/1766488647.json -> /tmp/minio_downloads/1766488647.json
[2025-12-23T11:25:53.085+0000] {logging_mixin.py:188} INFO - Downloaded AMZN/1766488658.json -> /tmp/minio_downloads/1766488658.json
[2025-12-23T11:25:53.104+0000] {logging_mixin.py:188} INFO - Downloaded AMZN/1766488669.json -> /tmp/minio_downloads/1766488669.json
[2025-12-23T11:25:53.123+0000] {logging_mixin.py:188} INFO - Downloaded AMZN/1766488680.json -> /tmp/minio_downloads/1766488680.json
[2025-12-23T11:25:53.144+0000] {logging_mixin.py:188} INFO - Downloaded AMZN/1766488692.json -> /tmp/minio_downloads/1766488692.json
[2025-12-23T11:25:53.162+0000] {logging_mixin.py:188} INFO - Downloaded AMZN/1766488703.json -> /tmp/minio_downloads/1766488703.json
[2025-12-23T11:25:53.180+0000] {logging_mixin.py:188} INFO - Downloaded AMZN/1766488715.json -> /tmp/minio_downloads/1766488715.json
[2025-12-23T11:25:53.200+0000] {logging_mixin.py:188} INFO - Downloaded AMZN/1766488728.json -> /tmp/minio_downloads/1766488728.json
[2025-12-23T11:25:53.219+0000] {logging_mixin.py:188} INFO - Downloaded AMZN/1766488742.json -> /tmp/minio_downloads/1766488742.json
[2025-12-23T11:25:53.237+0000] {logging_mixin.py:188} INFO - Downloaded AMZN/1766488754.json -> /tmp/minio_downloads/1766488754.json
[2025-12-23T11:25:53.255+0000] {logging_mixin.py:188} INFO - Downloaded AMZN/1766488766.json -> /tmp/minio_downloads/1766488766.json
[2025-12-23T11:25:53.275+0000] {logging_mixin.py:188} INFO - Downloaded AMZN/1766488778.json -> /tmp/minio_downloads/1766488778.json
[2025-12-23T11:25:53.294+0000] {logging_mixin.py:188} INFO - Downloaded AMZN/1766488791.json -> /tmp/minio_downloads/1766488791.json
[2025-12-23T11:25:53.311+0000] {logging_mixin.py:188} INFO - Downloaded AMZN/1766488803.json -> /tmp/minio_downloads/1766488803.json
[2025-12-23T11:25:53.328+0000] {logging_mixin.py:188} INFO - Downloaded AMZN/1766488815.json -> /tmp/minio_downloads/1766488815.json
[2025-12-23T11:25:53.346+0000] {logging_mixin.py:188} INFO - Downloaded AMZN/1766488828.json -> /tmp/minio_downloads/1766488828.json
[2025-12-23T11:25:53.364+0000] {logging_mixin.py:188} INFO - Downloaded AMZN/1766488842.json -> /tmp/minio_downloads/1766488842.json
[2025-12-23T11:25:53.383+0000] {logging_mixin.py:188} INFO - Downloaded AMZN/1766488854.json -> /tmp/minio_downloads/1766488854.json
[2025-12-23T11:25:53.402+0000] {logging_mixin.py:188} INFO - Downloaded AMZN/1766488865.json -> /tmp/minio_downloads/1766488865.json
[2025-12-23T11:25:53.421+0000] {logging_mixin.py:188} INFO - Downloaded AMZN/1766488878.json -> /tmp/minio_downloads/1766488878.json
[2025-12-23T11:25:53.438+0000] {logging_mixin.py:188} INFO - Downloaded AMZN/1766488889.json -> /tmp/minio_downloads/1766488889.json
[2025-12-23T11:25:53.454+0000] {logging_mixin.py:188} INFO - Downloaded AMZN/1766488901.json -> /tmp/minio_downloads/1766488901.json
[2025-12-23T11:25:53.472+0000] {logging_mixin.py:188} INFO - Downloaded AMZN/1766488913.json -> /tmp/minio_downloads/1766488913.json
[2025-12-23T11:25:53.491+0000] {logging_mixin.py:188} INFO - Downloaded AMZN/1766488924.json -> /tmp/minio_downloads/1766488924.json
[2025-12-23T11:25:53.509+0000] {logging_mixin.py:188} INFO - Downloaded AMZN/1766488935.json -> /tmp/minio_downloads/1766488935.json
[2025-12-23T11:25:53.525+0000] {logging_mixin.py:188} INFO - Downloaded AMZN/1766488948.json -> /tmp/minio_downloads/1766488948.json
[2025-12-23T11:25:53.544+0000] {logging_mixin.py:188} INFO - Downloaded AMZN/1766488959.json -> /tmp/minio_downloads/1766488959.json
[2025-12-23T11:25:53.567+0000] {logging_mixin.py:188} INFO - Downloaded AMZN/1766488970.json -> /tmp/minio_downloads/1766488970.json
[2025-12-23T11:25:53.587+0000] {logging_mixin.py:188} INFO - Downloaded AMZN/1766488981.json -> /tmp/minio_downloads/1766488981.json
[2025-12-23T11:25:53.606+0000] {logging_mixin.py:188} INFO - Downloaded AMZN/1766488993.json -> /tmp/minio_downloads/1766488993.json
[2025-12-23T11:25:53.637+0000] {logging_mixin.py:188} INFO - Downloaded AMZN/1766489005.json -> /tmp/minio_downloads/1766489005.json
[2025-12-23T11:25:53.671+0000] {logging_mixin.py:188} INFO - Downloaded AMZN/1766489017.json -> /tmp/minio_downloads/1766489017.json
[2025-12-23T11:25:53.758+0000] {logging_mixin.py:188} INFO - Downloaded AMZN/1766489029.json -> /tmp/minio_downloads/1766489029.json
[2025-12-23T11:25:53.802+0000] {logging_mixin.py:188} INFO - Downloaded AMZN/1766489041.json -> /tmp/minio_downloads/1766489041.json
[2025-12-23T11:25:53.839+0000] {logging_mixin.py:188} INFO - Downloaded AMZN/1766489052.json -> /tmp/minio_downloads/1766489052.json
[2025-12-23T11:25:53.870+0000] {logging_mixin.py:188} INFO - Downloaded AMZN/1766489063.json -> /tmp/minio_downloads/1766489063.json
[2025-12-23T11:25:53.912+0000] {logging_mixin.py:188} INFO - Downloaded AMZN/1766489075.json -> /tmp/minio_downloads/1766489075.json
[2025-12-23T11:25:53.950+0000] {logging_mixin.py:188} INFO - Downloaded AMZN/1766489086.json -> /tmp/minio_downloads/1766489086.json
[2025-12-23T11:25:53.995+0000] {logging_mixin.py:188} INFO - Downloaded AMZN/1766489098.json -> /tmp/minio_downloads/1766489098.json
[2025-12-23T11:25:54.031+0000] {logging_mixin.py:188} INFO - Downloaded AMZN/1766489109.json -> /tmp/minio_downloads/1766489109.json
[2025-12-23T11:25:54.064+0000] {logging_mixin.py:188} INFO - Downloaded AMZN/1766489120.json -> /tmp/minio_downloads/1766489120.json
[2025-12-23T11:25:54.096+0000] {logging_mixin.py:188} INFO - Downloaded AMZN/1766489132.json -> /tmp/minio_downloads/1766489132.json
[2025-12-23T11:25:54.130+0000] {logging_mixin.py:188} INFO - Downloaded AMZN/1766489144.json -> /tmp/minio_downloads/1766489144.json
[2025-12-23T11:25:54.163+0000] {logging_mixin.py:188} INFO - Downloaded GOOGL/1766488209.json -> /tmp/minio_downloads/1766488209.json
[2025-12-23T11:25:54.196+0000] {logging_mixin.py:188} INFO - Downloaded GOOGL/1766488220.json -> /tmp/minio_downloads/1766488220.json
[2025-12-23T11:25:54.236+0000] {logging_mixin.py:188} INFO - Downloaded GOOGL/1766488232.json -> /tmp/minio_downloads/1766488232.json
[2025-12-23T11:25:54.258+0000] {logging_mixin.py:188} INFO - Downloaded GOOGL/1766488244.json -> /tmp/minio_downloads/1766488244.json
[2025-12-23T11:25:54.282+0000] {logging_mixin.py:188} INFO - Downloaded GOOGL/1766488255.json -> /tmp/minio_downloads/1766488255.json
[2025-12-23T11:25:54.311+0000] {logging_mixin.py:188} INFO - Downloaded GOOGL/1766488266.json -> /tmp/minio_downloads/1766488266.json
[2025-12-23T11:25:54.331+0000] {logging_mixin.py:188} INFO - Downloaded GOOGL/1766488277.json -> /tmp/minio_downloads/1766488277.json
[2025-12-23T11:25:54.353+0000] {logging_mixin.py:188} INFO - Downloaded GOOGL/1766488289.json -> /tmp/minio_downloads/1766488289.json
[2025-12-23T11:25:54.371+0000] {logging_mixin.py:188} INFO - Downloaded GOOGL/1766488300.json -> /tmp/minio_downloads/1766488300.json
[2025-12-23T11:25:54.393+0000] {logging_mixin.py:188} INFO - Downloaded GOOGL/1766488311.json -> /tmp/minio_downloads/1766488311.json
[2025-12-23T11:25:54.411+0000] {logging_mixin.py:188} INFO - Downloaded GOOGL/1766488322.json -> /tmp/minio_downloads/1766488322.json
[2025-12-23T11:25:54.432+0000] {logging_mixin.py:188} INFO - Downloaded GOOGL/1766488334.json -> /tmp/minio_downloads/1766488334.json
[2025-12-23T11:25:54.453+0000] {logging_mixin.py:188} INFO - Downloaded GOOGL/1766488346.json -> /tmp/minio_downloads/1766488346.json
[2025-12-23T11:25:54.475+0000] {logging_mixin.py:188} INFO - Downloaded GOOGL/1766488358.json -> /tmp/minio_downloads/1766488358.json
[2025-12-23T11:25:54.498+0000] {logging_mixin.py:188} INFO - Downloaded GOOGL/1766488370.json -> /tmp/minio_downloads/1766488370.json
[2025-12-23T11:25:54.520+0000] {logging_mixin.py:188} INFO - Downloaded GOOGL/1766488381.json -> /tmp/minio_downloads/1766488381.json
[2025-12-23T11:25:54.538+0000] {logging_mixin.py:188} INFO - Downloaded GOOGL/1766488392.json -> /tmp/minio_downloads/1766488392.json
[2025-12-23T11:25:54.558+0000] {logging_mixin.py:188} INFO - Downloaded GOOGL/1766488404.json -> /tmp/minio_downloads/1766488404.json
[2025-12-23T11:25:54.584+0000] {logging_mixin.py:188} INFO - Downloaded GOOGL/1766488415.json -> /tmp/minio_downloads/1766488415.json
[2025-12-23T11:25:54.608+0000] {logging_mixin.py:188} INFO - Downloaded GOOGL/1766488427.json -> /tmp/minio_downloads/1766488427.json
[2025-12-23T11:25:54.633+0000] {logging_mixin.py:188} INFO - Downloaded GOOGL/1766488438.json -> /tmp/minio_downloads/1766488438.json
[2025-12-23T11:25:54.659+0000] {logging_mixin.py:188} INFO - Downloaded GOOGL/1766488449.json -> /tmp/minio_downloads/1766488449.json
[2025-12-23T11:25:54.680+0000] {logging_mixin.py:188} INFO - Downloaded GOOGL/1766488460.json -> /tmp/minio_downloads/1766488460.json
[2025-12-23T11:25:54.700+0000] {logging_mixin.py:188} INFO - Downloaded GOOGL/1766488471.json -> /tmp/minio_downloads/1766488471.json
[2025-12-23T11:25:54.722+0000] {logging_mixin.py:188} INFO - Downloaded GOOGL/1766488483.json -> /tmp/minio_downloads/1766488483.json
[2025-12-23T11:25:54.746+0000] {logging_mixin.py:188} INFO - Downloaded GOOGL/1766488494.json -> /tmp/minio_downloads/1766488494.json
[2025-12-23T11:25:54.767+0000] {logging_mixin.py:188} INFO - Downloaded GOOGL/1766488505.json -> /tmp/minio_downloads/1766488505.json
[2025-12-23T11:25:54.782+0000] {logging_mixin.py:188} INFO - Downloaded GOOGL/1766488519.json -> /tmp/minio_downloads/1766488519.json
[2025-12-23T11:25:54.800+0000] {logging_mixin.py:188} INFO - Downloaded GOOGL/1766488531.json -> /tmp/minio_downloads/1766488531.json
[2025-12-23T11:25:54.819+0000] {logging_mixin.py:188} INFO - Downloaded GOOGL/1766488542.json -> /tmp/minio_downloads/1766488542.json
[2025-12-23T11:25:54.849+0000] {logging_mixin.py:188} INFO - Downloaded GOOGL/1766488553.json -> /tmp/minio_downloads/1766488553.json
[2025-12-23T11:25:54.897+0000] {logging_mixin.py:188} INFO - Downloaded GOOGL/1766488564.json -> /tmp/minio_downloads/1766488564.json
[2025-12-23T11:25:54.942+0000] {logging_mixin.py:188} INFO - Downloaded GOOGL/1766488575.json -> /tmp/minio_downloads/1766488575.json
[2025-12-23T11:25:55.006+0000] {logging_mixin.py:188} INFO - Downloaded GOOGL/1766488587.json -> /tmp/minio_downloads/1766488587.json
[2025-12-23T11:25:55.068+0000] {logging_mixin.py:188} INFO - Downloaded GOOGL/1766488599.json -> /tmp/minio_downloads/1766488599.json
[2025-12-23T11:25:55.125+0000] {logging_mixin.py:188} INFO - Downloaded GOOGL/1766488610.json -> /tmp/minio_downloads/1766488610.json
[2025-12-23T11:25:55.183+0000] {logging_mixin.py:188} INFO - Downloaded GOOGL/1766488622.json -> /tmp/minio_downloads/1766488622.json
[2025-12-23T11:25:55.220+0000] {logging_mixin.py:188} INFO - Downloaded GOOGL/1766488634.json -> /tmp/minio_downloads/1766488634.json
[2025-12-23T11:25:55.255+0000] {logging_mixin.py:188} INFO - Downloaded GOOGL/1766488646.json -> /tmp/minio_downloads/1766488646.json
[2025-12-23T11:25:55.291+0000] {logging_mixin.py:188} INFO - Downloaded GOOGL/1766488657.json -> /tmp/minio_downloads/1766488657.json
[2025-12-23T11:25:55.329+0000] {logging_mixin.py:188} INFO - Downloaded GOOGL/1766488668.json -> /tmp/minio_downloads/1766488668.json
[2025-12-23T11:25:55.352+0000] {logging_mixin.py:188} INFO - Downloaded GOOGL/1766488679.json -> /tmp/minio_downloads/1766488679.json
[2025-12-23T11:25:55.389+0000] {logging_mixin.py:188} INFO - Downloaded GOOGL/1766488691.json -> /tmp/minio_downloads/1766488691.json
[2025-12-23T11:25:55.424+0000] {logging_mixin.py:188} INFO - Downloaded GOOGL/1766488702.json -> /tmp/minio_downloads/1766488702.json
[2025-12-23T11:25:55.455+0000] {logging_mixin.py:188} INFO - Downloaded GOOGL/1766488714.json -> /tmp/minio_downloads/1766488714.json
[2025-12-23T11:25:55.493+0000] {logging_mixin.py:188} INFO - Downloaded GOOGL/1766488727.json -> /tmp/minio_downloads/1766488727.json
[2025-12-23T11:25:55.520+0000] {logging_mixin.py:188} INFO - Downloaded GOOGL/1766488741.json -> /tmp/minio_downloads/1766488741.json
[2025-12-23T11:25:55.556+0000] {logging_mixin.py:188} INFO - Downloaded GOOGL/1766488753.json -> /tmp/minio_downloads/1766488753.json
[2025-12-23T11:25:55.582+0000] {logging_mixin.py:188} INFO - Downloaded GOOGL/1766488765.json -> /tmp/minio_downloads/1766488765.json
[2025-12-23T11:25:55.616+0000] {logging_mixin.py:188} INFO - Downloaded GOOGL/1766488776.json -> /tmp/minio_downloads/1766488776.json
[2025-12-23T11:25:55.639+0000] {logging_mixin.py:188} INFO - Downloaded GOOGL/1766488790.json -> /tmp/minio_downloads/1766488790.json
[2025-12-23T11:25:55.659+0000] {logging_mixin.py:188} INFO - Downloaded GOOGL/1766488802.json -> /tmp/minio_downloads/1766488802.json
[2025-12-23T11:25:55.679+0000] {logging_mixin.py:188} INFO - Downloaded GOOGL/1766488814.json -> /tmp/minio_downloads/1766488814.json
[2025-12-23T11:25:55.699+0000] {logging_mixin.py:188} INFO - Downloaded GOOGL/1766488827.json -> /tmp/minio_downloads/1766488827.json
[2025-12-23T11:25:55.724+0000] {logging_mixin.py:188} INFO - Downloaded GOOGL/1766488840.json -> /tmp/minio_downloads/1766488840.json
[2025-12-23T11:25:55.747+0000] {logging_mixin.py:188} INFO - Downloaded GOOGL/1766488852.json -> /tmp/minio_downloads/1766488852.json
[2025-12-23T11:25:55.769+0000] {logging_mixin.py:188} INFO - Downloaded GOOGL/1766488864.json -> /tmp/minio_downloads/1766488864.json
[2025-12-23T11:25:55.791+0000] {logging_mixin.py:188} INFO - Downloaded GOOGL/1766488876.json -> /tmp/minio_downloads/1766488876.json
[2025-12-23T11:25:55.812+0000] {logging_mixin.py:188} INFO - Downloaded GOOGL/1766488888.json -> /tmp/minio_downloads/1766488888.json
[2025-12-23T11:25:55.836+0000] {logging_mixin.py:188} INFO - Downloaded GOOGL/1766488900.json -> /tmp/minio_downloads/1766488900.json
[2025-12-23T11:25:55.859+0000] {logging_mixin.py:188} INFO - Downloaded GOOGL/1766488912.json -> /tmp/minio_downloads/1766488912.json
[2025-12-23T11:25:55.884+0000] {logging_mixin.py:188} INFO - Downloaded GOOGL/1766488923.json -> /tmp/minio_downloads/1766488923.json
[2025-12-23T11:25:55.903+0000] {logging_mixin.py:188} INFO - Downloaded GOOGL/1766488934.json -> /tmp/minio_downloads/1766488934.json
[2025-12-23T11:25:55.923+0000] {logging_mixin.py:188} INFO - Downloaded GOOGL/1766488947.json -> /tmp/minio_downloads/1766488947.json
[2025-12-23T11:25:55.944+0000] {logging_mixin.py:188} INFO - Downloaded GOOGL/1766488958.json -> /tmp/minio_downloads/1766488958.json
[2025-12-23T11:25:55.965+0000] {logging_mixin.py:188} INFO - Downloaded GOOGL/1766488969.json -> /tmp/minio_downloads/1766488969.json
[2025-12-23T11:25:55.985+0000] {logging_mixin.py:188} INFO - Downloaded GOOGL/1766488980.json -> /tmp/minio_downloads/1766488980.json
[2025-12-23T11:25:56.005+0000] {logging_mixin.py:188} INFO - Downloaded GOOGL/1766488992.json -> /tmp/minio_downloads/1766488992.json
[2025-12-23T11:25:56.025+0000] {logging_mixin.py:188} INFO - Downloaded GOOGL/1766489004.json -> /tmp/minio_downloads/1766489004.json
[2025-12-23T11:25:56.045+0000] {logging_mixin.py:188} INFO - Downloaded GOOGL/1766489016.json -> /tmp/minio_downloads/1766489016.json
[2025-12-23T11:25:56.065+0000] {logging_mixin.py:188} INFO - Downloaded GOOGL/1766489028.json -> /tmp/minio_downloads/1766489028.json
[2025-12-23T11:25:56.083+0000] {logging_mixin.py:188} INFO - Downloaded GOOGL/1766489040.json -> /tmp/minio_downloads/1766489040.json
[2025-12-23T11:25:56.105+0000] {logging_mixin.py:188} INFO - Downloaded GOOGL/1766489051.json -> /tmp/minio_downloads/1766489051.json
[2025-12-23T11:25:56.128+0000] {logging_mixin.py:188} INFO - Downloaded GOOGL/1766489062.json -> /tmp/minio_downloads/1766489062.json
[2025-12-23T11:25:56.147+0000] {logging_mixin.py:188} INFO - Downloaded GOOGL/1766489074.json -> /tmp/minio_downloads/1766489074.json
[2025-12-23T11:25:56.164+0000] {logging_mixin.py:188} INFO - Downloaded GOOGL/1766489085.json -> /tmp/minio_downloads/1766489085.json
[2025-12-23T11:25:56.182+0000] {logging_mixin.py:188} INFO - Downloaded GOOGL/1766489097.json -> /tmp/minio_downloads/1766489097.json
[2025-12-23T11:25:56.198+0000] {logging_mixin.py:188} INFO - Downloaded GOOGL/1766489108.json -> /tmp/minio_downloads/1766489108.json
[2025-12-23T11:25:56.213+0000] {logging_mixin.py:188} INFO - Downloaded GOOGL/1766489119.json -> /tmp/minio_downloads/1766489119.json
[2025-12-23T11:25:56.228+0000] {logging_mixin.py:188} INFO - Downloaded GOOGL/1766489131.json -> /tmp/minio_downloads/1766489131.json
[2025-12-23T11:25:56.242+0000] {logging_mixin.py:188} INFO - Downloaded GOOGL/1766489143.json -> /tmp/minio_downloads/1766489143.json
[2025-12-23T11:25:56.260+0000] {logging_mixin.py:188} INFO - Downloaded MSFT/1766488207.json -> /tmp/minio_downloads/1766488207.json
[2025-12-23T11:25:56.285+0000] {logging_mixin.py:188} INFO - Downloaded MSFT/1766488218.json -> /tmp/minio_downloads/1766488218.json
[2025-12-23T11:25:56.309+0000] {logging_mixin.py:188} INFO - Downloaded MSFT/1766488229.json -> /tmp/minio_downloads/1766488229.json
[2025-12-23T11:25:56.334+0000] {logging_mixin.py:188} INFO - Downloaded MSFT/1766488242.json -> /tmp/minio_downloads/1766488242.json
[2025-12-23T11:25:56.359+0000] {logging_mixin.py:188} INFO - Downloaded MSFT/1766488253.json -> /tmp/minio_downloads/1766488253.json
[2025-12-23T11:25:56.382+0000] {logging_mixin.py:188} INFO - Downloaded MSFT/1766488264.json -> /tmp/minio_downloads/1766488264.json
[2025-12-23T11:25:56.403+0000] {logging_mixin.py:188} INFO - Downloaded MSFT/1766488275.json -> /tmp/minio_downloads/1766488275.json
[2025-12-23T11:25:56.425+0000] {logging_mixin.py:188} INFO - Downloaded MSFT/1766488287.json -> /tmp/minio_downloads/1766488287.json
[2025-12-23T11:25:56.450+0000] {logging_mixin.py:188} INFO - Downloaded MSFT/1766488298.json -> /tmp/minio_downloads/1766488298.json
[2025-12-23T11:25:56.473+0000] {logging_mixin.py:188} INFO - Downloaded MSFT/1766488309.json -> /tmp/minio_downloads/1766488309.json
[2025-12-23T11:25:56.497+0000] {logging_mixin.py:188} INFO - Downloaded MSFT/1766488320.json -> /tmp/minio_downloads/1766488320.json
[2025-12-23T11:25:56.520+0000] {logging_mixin.py:188} INFO - Downloaded MSFT/1766488332.json -> /tmp/minio_downloads/1766488332.json
[2025-12-23T11:25:56.541+0000] {logging_mixin.py:188} INFO - Downloaded MSFT/1766488344.json -> /tmp/minio_downloads/1766488344.json
[2025-12-23T11:25:56.565+0000] {logging_mixin.py:188} INFO - Downloaded MSFT/1766488356.json -> /tmp/minio_downloads/1766488356.json
[2025-12-23T11:25:56.591+0000] {logging_mixin.py:188} INFO - Downloaded MSFT/1766488368.json -> /tmp/minio_downloads/1766488368.json
[2025-12-23T11:25:56.617+0000] {logging_mixin.py:188} INFO - Downloaded MSFT/1766488379.json -> /tmp/minio_downloads/1766488379.json
[2025-12-23T11:25:56.639+0000] {logging_mixin.py:188} INFO - Downloaded MSFT/1766488390.json -> /tmp/minio_downloads/1766488390.json
[2025-12-23T11:25:56.663+0000] {logging_mixin.py:188} INFO - Downloaded MSFT/1766488402.json -> /tmp/minio_downloads/1766488402.json
[2025-12-23T11:25:56.688+0000] {logging_mixin.py:188} INFO - Downloaded MSFT/1766488413.json -> /tmp/minio_downloads/1766488413.json
[2025-12-23T11:25:56.709+0000] {logging_mixin.py:188} INFO - Downloaded MSFT/1766488425.json -> /tmp/minio_downloads/1766488425.json
[2025-12-23T11:25:56.728+0000] {logging_mixin.py:188} INFO - Downloaded MSFT/1766488436.json -> /tmp/minio_downloads/1766488436.json
[2025-12-23T11:25:56.747+0000] {logging_mixin.py:188} INFO - Downloaded MSFT/1766488447.json -> /tmp/minio_downloads/1766488447.json
[2025-12-23T11:25:56.779+0000] {logging_mixin.py:188} INFO - Downloaded MSFT/1766488458.json -> /tmp/minio_downloads/1766488458.json
[2025-12-23T11:25:56.820+0000] {logging_mixin.py:188} INFO - Downloaded MSFT/1766488469.json -> /tmp/minio_downloads/1766488469.json
[2025-12-23T11:25:56.849+0000] {logging_mixin.py:188} INFO - Downloaded MSFT/1766488480.json -> /tmp/minio_downloads/1766488480.json
[2025-12-23T11:25:56.882+0000] {logging_mixin.py:188} INFO - Downloaded MSFT/1766488492.json -> /tmp/minio_downloads/1766488492.json
[2025-12-23T11:25:56.904+0000] {logging_mixin.py:188} INFO - Downloaded MSFT/1766488503.json -> /tmp/minio_downloads/1766488503.json
[2025-12-23T11:25:56.931+0000] {logging_mixin.py:188} INFO - Downloaded MSFT/1766488516.json -> /tmp/minio_downloads/1766488516.json
[2025-12-23T11:25:56.952+0000] {logging_mixin.py:188} INFO - Downloaded MSFT/1766488529.json -> /tmp/minio_downloads/1766488529.json
[2025-12-23T11:25:56.978+0000] {logging_mixin.py:188} INFO - Downloaded MSFT/1766488540.json -> /tmp/minio_downloads/1766488540.json
[2025-12-23T11:25:57.005+0000] {logging_mixin.py:188} INFO - Downloaded MSFT/1766488551.json -> /tmp/minio_downloads/1766488551.json
[2025-12-23T11:25:57.032+0000] {logging_mixin.py:188} INFO - Downloaded MSFT/1766488562.json -> /tmp/minio_downloads/1766488562.json
[2025-12-23T11:25:57.057+0000] {logging_mixin.py:188} INFO - Downloaded MSFT/1766488573.json -> /tmp/minio_downloads/1766488573.json
[2025-12-23T11:25:57.079+0000] {logging_mixin.py:188} INFO - Downloaded MSFT/1766488585.json -> /tmp/minio_downloads/1766488585.json
[2025-12-23T11:25:57.099+0000] {logging_mixin.py:188} INFO - Downloaded MSFT/1766488597.json -> /tmp/minio_downloads/1766488597.json
[2025-12-23T11:25:57.120+0000] {logging_mixin.py:188} INFO - Downloaded MSFT/1766488608.json -> /tmp/minio_downloads/1766488608.json
[2025-12-23T11:25:57.139+0000] {logging_mixin.py:188} INFO - Downloaded MSFT/1766488620.json -> /tmp/minio_downloads/1766488620.json
[2025-12-23T11:25:57.157+0000] {logging_mixin.py:188} INFO - Downloaded MSFT/1766488632.json -> /tmp/minio_downloads/1766488632.json
[2025-12-23T11:25:57.176+0000] {logging_mixin.py:188} INFO - Downloaded MSFT/1766488643.json -> /tmp/minio_downloads/1766488643.json
[2025-12-23T11:25:57.200+0000] {logging_mixin.py:188} INFO - Downloaded MSFT/1766488655.json -> /tmp/minio_downloads/1766488655.json
[2025-12-23T11:25:57.220+0000] {logging_mixin.py:188} INFO - Downloaded MSFT/1766488666.json -> /tmp/minio_downloads/1766488666.json
[2025-12-23T11:25:57.241+0000] {logging_mixin.py:188} INFO - Downloaded MSFT/1766488677.json -> /tmp/minio_downloads/1766488677.json
[2025-12-23T11:25:57.263+0000] {logging_mixin.py:188} INFO - Downloaded MSFT/1766488688.json -> /tmp/minio_downloads/1766488688.json
[2025-12-23T11:25:57.282+0000] {logging_mixin.py:188} INFO - Downloaded MSFT/1766488700.json -> /tmp/minio_downloads/1766488700.json
[2025-12-23T11:25:57.303+0000] {logging_mixin.py:188} INFO - Downloaded MSFT/1766488712.json -> /tmp/minio_downloads/1766488712.json
[2025-12-23T11:25:57.323+0000] {logging_mixin.py:188} INFO - Downloaded MSFT/1766488724.json -> /tmp/minio_downloads/1766488724.json
[2025-12-23T11:25:57.343+0000] {logging_mixin.py:188} INFO - Downloaded MSFT/1766488737.json -> /tmp/minio_downloads/1766488737.json
[2025-12-23T11:25:57.362+0000] {logging_mixin.py:188} INFO - Downloaded MSFT/1766488751.json -> /tmp/minio_downloads/1766488751.json
[2025-12-23T11:25:57.383+0000] {logging_mixin.py:188} INFO - Downloaded MSFT/1766488762.json -> /tmp/minio_downloads/1766488762.json
[2025-12-23T11:25:57.405+0000] {logging_mixin.py:188} INFO - Downloaded MSFT/1766488774.json -> /tmp/minio_downloads/1766488774.json
[2025-12-23T11:25:57.426+0000] {logging_mixin.py:188} INFO - Downloaded MSFT/1766488787.json -> /tmp/minio_downloads/1766488787.json
[2025-12-23T11:25:57.448+0000] {logging_mixin.py:188} INFO - Downloaded MSFT/1766488799.json -> /tmp/minio_downloads/1766488799.json
[2025-12-23T11:25:57.476+0000] {logging_mixin.py:188} INFO - Downloaded MSFT/1766488812.json -> /tmp/minio_downloads/1766488812.json
[2025-12-23T11:25:57.506+0000] {logging_mixin.py:188} INFO - Downloaded MSFT/1766488824.json -> /tmp/minio_downloads/1766488824.json
[2025-12-23T11:25:57.530+0000] {logging_mixin.py:188} INFO - Downloaded MSFT/1766488837.json -> /tmp/minio_downloads/1766488837.json
[2025-12-23T11:25:57.552+0000] {logging_mixin.py:188} INFO - Downloaded MSFT/1766488850.json -> /tmp/minio_downloads/1766488850.json
[2025-12-23T11:25:57.575+0000] {logging_mixin.py:188} INFO - Downloaded MSFT/1766488862.json -> /tmp/minio_downloads/1766488862.json
[2025-12-23T11:25:57.593+0000] {logging_mixin.py:188} INFO - Downloaded MSFT/1766488874.json -> /tmp/minio_downloads/1766488874.json
[2025-12-23T11:25:57.611+0000] {logging_mixin.py:188} INFO - Downloaded MSFT/1766488886.json -> /tmp/minio_downloads/1766488886.json
[2025-12-23T11:25:57.627+0000] {logging_mixin.py:188} INFO - Downloaded MSFT/1766488898.json -> /tmp/minio_downloads/1766488898.json
[2025-12-23T11:25:57.641+0000] {logging_mixin.py:188} INFO - Downloaded MSFT/1766488909.json -> /tmp/minio_downloads/1766488909.json
[2025-12-23T11:25:57.657+0000] {logging_mixin.py:188} INFO - Downloaded MSFT/1766488921.json -> /tmp/minio_downloads/1766488921.json
[2025-12-23T11:25:57.673+0000] {logging_mixin.py:188} INFO - Downloaded MSFT/1766488932.json -> /tmp/minio_downloads/1766488932.json
[2025-12-23T11:25:57.689+0000] {logging_mixin.py:188} INFO - Downloaded MSFT/1766488944.json -> /tmp/minio_downloads/1766488944.json
[2025-12-23T11:25:57.706+0000] {logging_mixin.py:188} INFO - Downloaded MSFT/1766488956.json -> /tmp/minio_downloads/1766488956.json
[2025-12-23T11:25:57.723+0000] {logging_mixin.py:188} INFO - Downloaded MSFT/1766488967.json -> /tmp/minio_downloads/1766488967.json
[2025-12-23T11:25:57.738+0000] {logging_mixin.py:188} INFO - Downloaded MSFT/1766488978.json -> /tmp/minio_downloads/1766488978.json
[2025-12-23T11:25:57.752+0000] {logging_mixin.py:188} INFO - Downloaded MSFT/1766488990.json -> /tmp/minio_downloads/1766488990.json
[2025-12-23T11:25:57.767+0000] {logging_mixin.py:188} INFO - Downloaded MSFT/1766489002.json -> /tmp/minio_downloads/1766489002.json
[2025-12-23T11:25:57.780+0000] {logging_mixin.py:188} INFO - Downloaded MSFT/1766489013.json -> /tmp/minio_downloads/1766489013.json
[2025-12-23T11:25:57.794+0000] {logging_mixin.py:188} INFO - Downloaded MSFT/1766489025.json -> /tmp/minio_downloads/1766489025.json
[2025-12-23T11:25:57.810+0000] {logging_mixin.py:188} INFO - Downloaded MSFT/1766489038.json -> /tmp/minio_downloads/1766489038.json
[2025-12-23T11:25:57.823+0000] {logging_mixin.py:188} INFO - Downloaded MSFT/1766489049.json -> /tmp/minio_downloads/1766489049.json
[2025-12-23T11:25:57.837+0000] {logging_mixin.py:188} INFO - Downloaded MSFT/1766489060.json -> /tmp/minio_downloads/1766489060.json
[2025-12-23T11:25:57.850+0000] {logging_mixin.py:188} INFO - Downloaded MSFT/1766489072.json -> /tmp/minio_downloads/1766489072.json
[2025-12-23T11:25:57.866+0000] {logging_mixin.py:188} INFO - Downloaded MSFT/1766489083.json -> /tmp/minio_downloads/1766489083.json
[2025-12-23T11:25:57.884+0000] {logging_mixin.py:188} INFO - Downloaded MSFT/1766489095.json -> /tmp/minio_downloads/1766489095.json
[2025-12-23T11:25:57.898+0000] {logging_mixin.py:188} INFO - Downloaded MSFT/1766489106.json -> /tmp/minio_downloads/1766489106.json
[2025-12-23T11:25:57.913+0000] {logging_mixin.py:188} INFO - Downloaded MSFT/1766489117.json -> /tmp/minio_downloads/1766489117.json
[2025-12-23T11:25:57.927+0000] {logging_mixin.py:188} INFO - Downloaded MSFT/1766489129.json -> /tmp/minio_downloads/1766489129.json
[2025-12-23T11:25:57.942+0000] {logging_mixin.py:188} INFO - Downloaded MSFT/1766489140.json -> /tmp/minio_downloads/1766489140.json
[2025-12-23T11:25:57.955+0000] {logging_mixin.py:188} INFO - Downloaded TSLA/1766488208.json -> /tmp/minio_downloads/1766488208.json
[2025-12-23T11:25:57.968+0000] {logging_mixin.py:188} INFO - Downloaded TSLA/1766488219.json -> /tmp/minio_downloads/1766488219.json
[2025-12-23T11:25:57.980+0000] {logging_mixin.py:188} INFO - Downloaded TSLA/1766488231.json -> /tmp/minio_downloads/1766488231.json
[2025-12-23T11:25:57.995+0000] {logging_mixin.py:188} INFO - Downloaded TSLA/1766488243.json -> /tmp/minio_downloads/1766488243.json
[2025-12-23T11:25:58.009+0000] {logging_mixin.py:188} INFO - Downloaded TSLA/1766488254.json -> /tmp/minio_downloads/1766488254.json
[2025-12-23T11:25:58.023+0000] {logging_mixin.py:188} INFO - Downloaded TSLA/1766488265.json -> /tmp/minio_downloads/1766488265.json
[2025-12-23T11:25:58.036+0000] {logging_mixin.py:188} INFO - Downloaded TSLA/1766488276.json -> /tmp/minio_downloads/1766488276.json
[2025-12-23T11:25:58.049+0000] {logging_mixin.py:188} INFO - Downloaded TSLA/1766488288.json -> /tmp/minio_downloads/1766488288.json
[2025-12-23T11:25:58.063+0000] {logging_mixin.py:188} INFO - Downloaded TSLA/1766488299.json -> /tmp/minio_downloads/1766488299.json
[2025-12-23T11:25:58.075+0000] {logging_mixin.py:188} INFO - Downloaded TSLA/1766488310.json -> /tmp/minio_downloads/1766488310.json
[2025-12-23T11:25:58.090+0000] {logging_mixin.py:188} INFO - Downloaded TSLA/1766488321.json -> /tmp/minio_downloads/1766488321.json
[2025-12-23T11:25:58.103+0000] {logging_mixin.py:188} INFO - Downloaded TSLA/1766488333.json -> /tmp/minio_downloads/1766488333.json
[2025-12-23T11:25:58.116+0000] {logging_mixin.py:188} INFO - Downloaded TSLA/1766488345.json -> /tmp/minio_downloads/1766488345.json
[2025-12-23T11:25:58.129+0000] {logging_mixin.py:188} INFO - Downloaded TSLA/1766488357.json -> /tmp/minio_downloads/1766488357.json
[2025-12-23T11:25:58.142+0000] {logging_mixin.py:188} INFO - Downloaded TSLA/1766488369.json -> /tmp/minio_downloads/1766488369.json
[2025-12-23T11:25:58.156+0000] {logging_mixin.py:188} INFO - Downloaded TSLA/1766488380.json -> /tmp/minio_downloads/1766488380.json
[2025-12-23T11:25:58.170+0000] {logging_mixin.py:188} INFO - Downloaded TSLA/1766488391.json -> /tmp/minio_downloads/1766488391.json
[2025-12-23T11:25:58.182+0000] {logging_mixin.py:188} INFO - Downloaded TSLA/1766488403.json -> /tmp/minio_downloads/1766488403.json
[2025-12-23T11:25:58.195+0000] {logging_mixin.py:188} INFO - Downloaded TSLA/1766488414.json -> /tmp/minio_downloads/1766488414.json
[2025-12-23T11:25:58.208+0000] {logging_mixin.py:188} INFO - Downloaded TSLA/1766488426.json -> /tmp/minio_downloads/1766488426.json
[2025-12-23T11:25:58.220+0000] {logging_mixin.py:188} INFO - Downloaded TSLA/1766488437.json -> /tmp/minio_downloads/1766488437.json
[2025-12-23T11:25:58.231+0000] {logging_mixin.py:188} INFO - Downloaded TSLA/1766488448.json -> /tmp/minio_downloads/1766488448.json
[2025-12-23T11:25:58.242+0000] {logging_mixin.py:188} INFO - Downloaded TSLA/1766488459.json -> /tmp/minio_downloads/1766488459.json
[2025-12-23T11:25:58.254+0000] {logging_mixin.py:188} INFO - Downloaded TSLA/1766488470.json -> /tmp/minio_downloads/1766488470.json
[2025-12-23T11:25:58.267+0000] {logging_mixin.py:188} INFO - Downloaded TSLA/1766488481.json -> /tmp/minio_downloads/1766488481.json
[2025-12-23T11:25:58.280+0000] {logging_mixin.py:188} INFO - Downloaded TSLA/1766488493.json -> /tmp/minio_downloads/1766488493.json
[2025-12-23T11:25:58.292+0000] {logging_mixin.py:188} INFO - Downloaded TSLA/1766488504.json -> /tmp/minio_downloads/1766488504.json
[2025-12-23T11:25:58.304+0000] {logging_mixin.py:188} INFO - Downloaded TSLA/1766488517.json -> /tmp/minio_downloads/1766488517.json
[2025-12-23T11:25:58.317+0000] {logging_mixin.py:188} INFO - Downloaded TSLA/1766488530.json -> /tmp/minio_downloads/1766488530.json
[2025-12-23T11:25:58.329+0000] {logging_mixin.py:188} INFO - Downloaded TSLA/1766488541.json -> /tmp/minio_downloads/1766488541.json
[2025-12-23T11:25:58.341+0000] {logging_mixin.py:188} INFO - Downloaded TSLA/1766488552.json -> /tmp/minio_downloads/1766488552.json
[2025-12-23T11:25:58.354+0000] {logging_mixin.py:188} INFO - Downloaded TSLA/1766488563.json -> /tmp/minio_downloads/1766488563.json
[2025-12-23T11:25:58.366+0000] {logging_mixin.py:188} INFO - Downloaded TSLA/1766488574.json -> /tmp/minio_downloads/1766488574.json
[2025-12-23T11:25:58.378+0000] {logging_mixin.py:188} INFO - Downloaded TSLA/1766488586.json -> /tmp/minio_downloads/1766488586.json
[2025-12-23T11:25:58.392+0000] {logging_mixin.py:188} INFO - Downloaded TSLA/1766488598.json -> /tmp/minio_downloads/1766488598.json
[2025-12-23T11:25:58.407+0000] {logging_mixin.py:188} INFO - Downloaded TSLA/1766488609.json -> /tmp/minio_downloads/1766488609.json
[2025-12-23T11:25:58.420+0000] {logging_mixin.py:188} INFO - Downloaded TSLA/1766488621.json -> /tmp/minio_downloads/1766488621.json
[2025-12-23T11:25:58.433+0000] {logging_mixin.py:188} INFO - Downloaded TSLA/1766488633.json -> /tmp/minio_downloads/1766488633.json
[2025-12-23T11:25:58.445+0000] {logging_mixin.py:188} INFO - Downloaded TSLA/1766488645.json -> /tmp/minio_downloads/1766488645.json
[2025-12-23T11:25:58.457+0000] {logging_mixin.py:188} INFO - Downloaded TSLA/1766488656.json -> /tmp/minio_downloads/1766488656.json
[2025-12-23T11:25:58.470+0000] {logging_mixin.py:188} INFO - Downloaded TSLA/1766488667.json -> /tmp/minio_downloads/1766488667.json
[2025-12-23T11:25:58.483+0000] {logging_mixin.py:188} INFO - Downloaded TSLA/1766488678.json -> /tmp/minio_downloads/1766488678.json
[2025-12-23T11:25:58.495+0000] {logging_mixin.py:188} INFO - Downloaded TSLA/1766488689.json -> /tmp/minio_downloads/1766488689.json
[2025-12-23T11:25:58.507+0000] {logging_mixin.py:188} INFO - Downloaded TSLA/1766488701.json -> /tmp/minio_downloads/1766488701.json
[2025-12-23T11:25:58.519+0000] {logging_mixin.py:188} INFO - Downloaded TSLA/1766488713.json -> /tmp/minio_downloads/1766488713.json
[2025-12-23T11:25:58.530+0000] {logging_mixin.py:188} INFO - Downloaded TSLA/1766488725.json -> /tmp/minio_downloads/1766488725.json
[2025-12-23T11:25:58.544+0000] {logging_mixin.py:188} INFO - Downloaded TSLA/1766488739.json -> /tmp/minio_downloads/1766488739.json
[2025-12-23T11:25:58.556+0000] {logging_mixin.py:188} INFO - Downloaded TSLA/1766488752.json -> /tmp/minio_downloads/1766488752.json
[2025-12-23T11:25:58.569+0000] {logging_mixin.py:188} INFO - Downloaded TSLA/1766488764.json -> /tmp/minio_downloads/1766488764.json
[2025-12-23T11:25:58.582+0000] {logging_mixin.py:188} INFO - Downloaded TSLA/1766488775.json -> /tmp/minio_downloads/1766488775.json
[2025-12-23T11:25:58.596+0000] {logging_mixin.py:188} INFO - Downloaded TSLA/1766488789.json -> /tmp/minio_downloads/1766488789.json
[2025-12-23T11:25:58.610+0000] {logging_mixin.py:188} INFO - Downloaded TSLA/1766488800.json -> /tmp/minio_downloads/1766488800.json
[2025-12-23T11:25:58.624+0000] {logging_mixin.py:188} INFO - Downloaded TSLA/1766488813.json -> /tmp/minio_downloads/1766488813.json
[2025-12-23T11:25:58.636+0000] {logging_mixin.py:188} INFO - Downloaded TSLA/1766488825.json -> /tmp/minio_downloads/1766488825.json
[2025-12-23T11:25:58.651+0000] {logging_mixin.py:188} INFO - Downloaded TSLA/1766488838.json -> /tmp/minio_downloads/1766488838.json
[2025-12-23T11:25:58.663+0000] {logging_mixin.py:188} INFO - Downloaded TSLA/1766488851.json -> /tmp/minio_downloads/1766488851.json
[2025-12-23T11:25:58.675+0000] {logging_mixin.py:188} INFO - Downloaded TSLA/1766488863.json -> /tmp/minio_downloads/1766488863.json
[2025-12-23T11:25:58.688+0000] {logging_mixin.py:188} INFO - Downloaded TSLA/1766488875.json -> /tmp/minio_downloads/1766488875.json
[2025-12-23T11:25:58.700+0000] {logging_mixin.py:188} INFO - Downloaded TSLA/1766488887.json -> /tmp/minio_downloads/1766488887.json
[2025-12-23T11:25:58.713+0000] {logging_mixin.py:188} INFO - Downloaded TSLA/1766488899.json -> /tmp/minio_downloads/1766488899.json
[2025-12-23T11:25:58.725+0000] {logging_mixin.py:188} INFO - Downloaded TSLA/1766488911.json -> /tmp/minio_downloads/1766488911.json
[2025-12-23T11:25:58.737+0000] {logging_mixin.py:188} INFO - Downloaded TSLA/1766488922.json -> /tmp/minio_downloads/1766488922.json
[2025-12-23T11:25:58.751+0000] {logging_mixin.py:188} INFO - Downloaded TSLA/1766488933.json -> /tmp/minio_downloads/1766488933.json
[2025-12-23T11:25:58.766+0000] {logging_mixin.py:188} INFO - Downloaded TSLA/1766488945.json -> /tmp/minio_downloads/1766488945.json
[2025-12-23T11:25:58.784+0000] {logging_mixin.py:188} INFO - Downloaded TSLA/1766488957.json -> /tmp/minio_downloads/1766488957.json
[2025-12-23T11:25:58.800+0000] {logging_mixin.py:188} INFO - Downloaded TSLA/1766488968.json -> /tmp/minio_downloads/1766488968.json
[2025-12-23T11:25:58.817+0000] {logging_mixin.py:188} INFO - Downloaded TSLA/1766488979.json -> /tmp/minio_downloads/1766488979.json
[2025-12-23T11:25:58.836+0000] {logging_mixin.py:188} INFO - Downloaded TSLA/1766488991.json -> /tmp/minio_downloads/1766488991.json
[2025-12-23T11:25:58.850+0000] {logging_mixin.py:188} INFO - Downloaded TSLA/1766489003.json -> /tmp/minio_downloads/1766489003.json
[2025-12-23T11:25:58.864+0000] {logging_mixin.py:188} INFO - Downloaded TSLA/1766489015.json -> /tmp/minio_downloads/1766489015.json
[2025-12-23T11:25:58.879+0000] {logging_mixin.py:188} INFO - Downloaded TSLA/1766489026.json -> /tmp/minio_downloads/1766489026.json
[2025-12-23T11:25:58.898+0000] {logging_mixin.py:188} INFO - Downloaded TSLA/1766489039.json -> /tmp/minio_downloads/1766489039.json
[2025-12-23T11:25:58.916+0000] {logging_mixin.py:188} INFO - Downloaded TSLA/1766489050.json -> /tmp/minio_downloads/1766489050.json
[2025-12-23T11:25:58.933+0000] {logging_mixin.py:188} INFO - Downloaded TSLA/1766489061.json -> /tmp/minio_downloads/1766489061.json
[2025-12-23T11:25:58.949+0000] {logging_mixin.py:188} INFO - Downloaded TSLA/1766489073.json -> /tmp/minio_downloads/1766489073.json
[2025-12-23T11:25:58.964+0000] {logging_mixin.py:188} INFO - Downloaded TSLA/1766489084.json -> /tmp/minio_downloads/1766489084.json
[2025-12-23T11:25:58.978+0000] {logging_mixin.py:188} INFO - Downloaded TSLA/1766489096.json -> /tmp/minio_downloads/1766489096.json
[2025-12-23T11:25:58.995+0000] {logging_mixin.py:188} INFO - Downloaded TSLA/1766489107.json -> /tmp/minio_downloads/1766489107.json
[2025-12-23T11:25:59.009+0000] {logging_mixin.py:188} INFO - Downloaded TSLA/1766489118.json -> /tmp/minio_downloads/1766489118.json
[2025-12-23T11:25:59.022+0000] {logging_mixin.py:188} INFO - Downloaded TSLA/1766489130.json -> /tmp/minio_downloads/1766489130.json
[2025-12-23T11:25:59.035+0000] {logging_mixin.py:188} INFO - Downloaded TSLA/1766489142.json -> /tmp/minio_downloads/1766489142.json
[2025-12-23T11:25:59.037+0000] {python.py:237} INFO - Done. Returned value was: ['/tmp/minio_downloads/1766488206.json', '/tmp/minio_downloads/1766488217.json', '/tmp/minio_downloads/1766488228.json', '/tmp/minio_downloads/1766488241.json', '/tmp/minio_downloads/1766488252.json', '/tmp/minio_downloads/1766488263.json', '/tmp/minio_downloads/1766488274.json', '/tmp/minio_downloads/1766488286.json', '/tmp/minio_downloads/1766488297.json', '/tmp/minio_downloads/1766488308.json', '/tmp/minio_downloads/1766488319.json', '/tmp/minio_downloads/1766488331.json', '/tmp/minio_downloads/1766488343.json', '/tmp/minio_downloads/1766488355.json', '/tmp/minio_downloads/1766488367.json', '/tmp/minio_downloads/1766488378.json', '/tmp/minio_downloads/1766488389.json', '/tmp/minio_downloads/1766488401.json', '/tmp/minio_downloads/1766488412.json', '/tmp/minio_downloads/1766488424.json', '/tmp/minio_downloads/1766488435.json', '/tmp/minio_downloads/1766488446.json', '/tmp/minio_downloads/1766488457.json', '/tmp/minio_downloads/1766488468.json', '/tmp/minio_downloads/1766488480.json', '/tmp/minio_downloads/1766488491.json', '/tmp/minio_downloads/1766488502.json', '/tmp/minio_downloads/1766488514.json', '/tmp/minio_downloads/1766488527.json', '/tmp/minio_downloads/1766488539.json', '/tmp/minio_downloads/1766488550.json', '/tmp/minio_downloads/1766488561.json', '/tmp/minio_downloads/1766488572.json', '/tmp/minio_downloads/1766488584.json', '/tmp/minio_downloads/1766488596.json', '/tmp/minio_downloads/1766488607.json', '/tmp/minio_downloads/1766488618.json', '/tmp/minio_downloads/1766488631.json', '/tmp/minio_downloads/1766488642.json', '/tmp/minio_downloads/1766488654.json', '/tmp/minio_downloads/1766488665.json', '/tmp/minio_downloads/1766488676.json', '/tmp/minio_downloads/1766488687.json', '/tmp/minio_downloads/1766488699.json', '/tmp/minio_downloads/1766488710.json', '/tmp/minio_downloads/1766488722.json', '/tmp/minio_downloads/1766488736.json', '/tmp/minio_downloads/1766488750.json', '/tmp/minio_downloads/1766488761.json', '/tmp/minio_downloads/1766488773.json', '/tmp/minio_downloads/1766488786.json', '/tmp/minio_downloads/1766488798.json', '/tmp/minio_downloads/1766488810.json', '/tmp/minio_downloads/1766488823.json', '/tmp/minio_downloads/1766488835.json', '/tmp/minio_downloads/1766488849.json', '/tmp/minio_downloads/1766488861.json', '/tmp/minio_downloads/1766488872.json', '/tmp/minio_downloads/1766488885.json', '/tmp/minio_downloads/1766488897.json', '/tmp/minio_downloads/1766488908.json', '/tmp/minio_downloads/1766488920.json', '/tmp/minio_downloads/1766488931.json', '/tmp/minio_downloads/1766488943.json', '/tmp/minio_downloads/1766488955.json', '/tmp/minio_downloads/1766488966.json', '/tmp/minio_downloads/1766488977.json', '/tmp/minio_downloads/1766488988.json', '/tmp/minio_downloads/1766489000.json', '/tmp/minio_downloads/1766489012.json', '/tmp/minio_downloads/1766489024.json', '/tmp/minio_downloads/1766489036.json', '/tmp/minio_downloads/1766489048.json', '/tmp/minio_downloads/1766489059.json', '/tmp/minio_downloads/1766489071.json', '/tmp/minio_downloads/1766489082.json', '/tmp/minio_downloads/1766489094.json', '/tmp/minio_downloads/1766489105.json', '/tmp/minio_downloads/1766489116.json', '/tmp/minio_downloads/1766489128.json', '/tmp/minio_downloads/1766489139.json', '/tmp/minio_downloads/1766488210.json', '/tmp/minio_downloads/1766488221.json', '/tmp/minio_downloads/1766488233.json', '/tmp/minio_downloads/1766488245.json', '/tmp/minio_downloads/1766488256.json', '/tmp/minio_downloads/1766488267.json', '/tmp/minio_downloads/1766488278.json', '/tmp/minio_downloads/1766488290.json', '/tmp/minio_downloads/1766488301.json', '/tmp/minio_downloads/1766488312.json', '/tmp/minio_downloads/1766488324.json', '/tmp/minio_downloads/1766488335.json', '/tmp/minio_downloads/1766488347.json', '/tmp/minio_downloads/1766488360.json', '/tmp/minio_downloads/1766488371.json', '/tmp/minio_downloads/1766488382.json', '/tmp/minio_downloads/1766488393.json', '/tmp/minio_downloads/1766488405.json', '/tmp/minio_downloads/1766488416.json', '/tmp/minio_downloads/1766488428.json', '/tmp/minio_downloads/1766488439.json', '/tmp/minio_downloads/1766488450.json', '/tmp/minio_downloads/1766488461.json', '/tmp/minio_downloads/1766488473.json', '/tmp/minio_downloads/1766488484.json', '/tmp/minio_downloads/1766488495.json', '/tmp/minio_downloads/1766488507.json', '/tmp/minio_downloads/1766488520.json', '/tmp/minio_downloads/1766488532.json', '/tmp/minio_downloads/1766488543.json', '/tmp/minio_downloads/1766488554.json', '/tmp/minio_downloads/1766488565.json', '/tmp/minio_downloads/1766488577.json', '/tmp/minio_downloads/1766488588.json', '/tmp/minio_downloads/1766488600.json', '/tmp/minio_downloads/1766488611.json', '/tmp/minio_downloads/1766488624.json', '/tmp/minio_downloads/1766488635.json', '/tmp/minio_downloads/1766488647.json', '/tmp/minio_downloads/1766488658.json', '/tmp/minio_downloads/1766488669.json', '/tmp/minio_downloads/1766488680.json', '/tmp/minio_downloads/1766488692.json', '/tmp/minio_downloads/1766488703.json', '/tmp/minio_downloads/1766488715.json', '/tmp/minio_downloads/1766488728.json', '/tmp/minio_downloads/1766488742.json', '/tmp/minio_downloads/1766488754.json', '/tmp/minio_downloads/1766488766.json', '/tmp/minio_downloads/1766488778.json', '/tmp/minio_downloads/1766488791.json', '/tmp/minio_downloads/1766488803.json', '/tmp/minio_downloads/1766488815.json', '/tmp/minio_downloads/1766488828.json', '/tmp/minio_downloads/1766488842.json', '/tmp/minio_downloads/1766488854.json', '/tmp/minio_downloads/1766488865.json', '/tmp/minio_downloads/1766488878.json', '/tmp/minio_downloads/1766488889.json', '/tmp/minio_downloads/1766488901.json', '/tmp/minio_downloads/1766488913.json', '/tmp/minio_downloads/1766488924.json', '/tmp/minio_downloads/1766488935.json', '/tmp/minio_downloads/1766488948.json', '/tmp/minio_downloads/1766488959.json', '/tmp/minio_downloads/1766488970.json', '/tmp/minio_downloads/1766488981.json', '/tmp/minio_downloads/1766488993.json', '/tmp/minio_downloads/1766489005.json', '/tmp/minio_downloads/1766489017.json', '/tmp/minio_downloads/1766489029.json', '/tmp/minio_downloads/1766489041.json', '/tmp/minio_downloads/1766489052.json', '/tmp/minio_downloads/1766489063.json', '/tmp/minio_downloads/1766489075.json', '/tmp/minio_downloads/1766489086.json', '/tmp/minio_downloads/1766489098.json', '/tmp/minio_downloads/1766489109.json', '/tmp/minio_downloads/1766489120.json', '/tmp/minio_downloads/1766489132.json', '/tmp/minio_downloads/1766489144.json', '/tmp/minio_downloads/1766488209.json', '/tmp/minio_downloads/1766488220.json', '/tmp/minio_downloads/1766488232.json', '/tmp/minio_downloads/1766488244.json', '/tmp/minio_downloads/1766488255.json', '/tmp/minio_downloads/1766488266.json', '/tmp/minio_downloads/1766488277.json', '/tmp/minio_downloads/1766488289.json', '/tmp/minio_downloads/1766488300.json', '/tmp/minio_downloads/1766488311.json', '/tmp/minio_downloads/1766488322.json', '/tmp/minio_downloads/1766488334.json', '/tmp/minio_downloads/1766488346.json', '/tmp/minio_downloads/1766488358.json', '/tmp/minio_downloads/1766488370.json', '/tmp/minio_downloads/1766488381.json', '/tmp/minio_downloads/1766488392.json', '/tmp/minio_downloads/1766488404.json', '/tmp/minio_downloads/1766488415.json', '/tmp/minio_downloads/1766488427.json', '/tmp/minio_downloads/1766488438.json', '/tmp/minio_downloads/1766488449.json', '/tmp/minio_downloads/1766488460.json', '/tmp/minio_downloads/1766488471.json', '/tmp/minio_downloads/1766488483.json', '/tmp/minio_downloads/1766488494.json', '/tmp/minio_downloads/1766488505.json', '/tmp/minio_downloads/1766488519.json', '/tmp/minio_downloads/1766488531.json', '/tmp/minio_downloads/1766488542.json', '/tmp/minio_downloads/1766488553.json', '/tmp/minio_downloads/1766488564.json', '/tmp/minio_downloads/1766488575.json', '/tmp/minio_downloads/1766488587.json', '/tmp/minio_downloads/1766488599.json', '/tmp/minio_downloads/1766488610.json', '/tmp/minio_downloads/1766488622.json', '/tmp/minio_downloads/1766488634.json', '/tmp/minio_downloads/1766488646.json', '/tmp/minio_downloads/1766488657.json', '/tmp/minio_downloads/1766488668.json', '/tmp/minio_downloads/1766488679.json', '/tmp/minio_downloads/1766488691.json', '/tmp/minio_downloads/1766488702.json', '/tmp/minio_downloads/1766488714.json', '/tmp/minio_downloads/1766488727.json', '/tmp/minio_downloads/1766488741.json', '/tmp/minio_downloads/1766488753.json', '/tmp/minio_downloads/1766488765.json', '/tmp/minio_downloads/1766488776.json', '/tmp/minio_downloads/1766488790.json', '/tmp/minio_downloads/1766488802.json', '/tmp/minio_downloads/1766488814.json', '/tmp/minio_downloads/1766488827.json', '/tmp/minio_downloads/1766488840.json', '/tmp/minio_downloads/1766488852.json', '/tmp/minio_downloads/1766488864.json', '/tmp/minio_downloads/1766488876.json', '/tmp/minio_downloads/1766488888.json', '/tmp/minio_downloads/1766488900.json', '/tmp/minio_downloads/1766488912.json', '/tmp/minio_downloads/1766488923.json', '/tmp/minio_downloads/1766488934.json', '/tmp/minio_downloads/1766488947.json', '/tmp/minio_downloads/1766488958.json', '/tmp/minio_downloads/1766488969.json', '/tmp/minio_downloads/1766488980.json', '/tmp/minio_downloads/1766488992.json', '/tmp/minio_downloads/1766489004.json', '/tmp/minio_downloads/1766489016.json', '/tmp/minio_downloads/1766489028.json', '/tmp/minio_downloads/1766489040.json', '/tmp/minio_downloads/1766489051.json', '/tmp/minio_downloads/1766489062.json', '/tmp/minio_downloads/1766489074.json', '/tmp/minio_downloads/1766489085.json', '/tmp/minio_downloads/1766489097.json', '/tmp/minio_downloads/1766489108.json', '/tmp/minio_downloads/1766489119.json', '/tmp/minio_downloads/1766489131.json', '/tmp/minio_downloads/1766489143.json', '/tmp/minio_downloads/1766488207.json', '/tmp/minio_downloads/1766488218.json', '/tmp/minio_downloads/1766488229.json', '/tmp/minio_downloads/1766488242.json', '/tmp/minio_downloads/1766488253.json', '/tmp/minio_downloads/1766488264.json', '/tmp/minio_downloads/1766488275.json', '/tmp/minio_downloads/1766488287.json', '/tmp/minio_downloads/1766488298.json', '/tmp/minio_downloads/1766488309.json', '/tmp/minio_downloads/1766488320.json', '/tmp/minio_downloads/1766488332.json', '/tmp/minio_downloads/1766488344.json', '/tmp/minio_downloads/1766488356.json', '/tmp/minio_downloads/1766488368.json', '/tmp/minio_downloads/1766488379.json', '/tmp/minio_downloads/1766488390.json', '/tmp/minio_downloads/1766488402.json', '/tmp/minio_downloads/1766488413.json', '/tmp/minio_downloads/1766488425.json', '/tmp/minio_downloads/1766488436.json', '/tmp/minio_downloads/1766488447.json', '/tmp/minio_downloads/1766488458.json', '/tmp/minio_downloads/1766488469.json', '/tmp/minio_downloads/1766488480.json', '/tmp/minio_downloads/1766488492.json', '/tmp/minio_downloads/1766488503.json', '/tmp/minio_downloads/1766488516.json', '/tmp/minio_downloads/1766488529.json', '/tmp/minio_downloads/1766488540.json', '/tmp/minio_downloads/1766488551.json', '/tmp/minio_downloads/1766488562.json', '/tmp/minio_downloads/1766488573.json', '/tmp/minio_downloads/1766488585.json', '/tmp/minio_downloads/1766488597.json', '/tmp/minio_downloads/1766488608.json', '/tmp/minio_downloads/1766488620.json', '/tmp/minio_downloads/1766488632.json', '/tmp/minio_downloads/1766488643.json', '/tmp/minio_downloads/1766488655.json', '/tmp/minio_downloads/1766488666.json', '/tmp/minio_downloads/1766488677.json', '/tmp/minio_downloads/1766488688.json', '/tmp/minio_downloads/1766488700.json', '/tmp/minio_downloads/1766488712.json', '/tmp/minio_downloads/1766488724.json', '/tmp/minio_downloads/1766488737.json', '/tmp/minio_downloads/1766488751.json', '/tmp/minio_downloads/1766488762.json', '/tmp/minio_downloads/1766488774.json', '/tmp/minio_downloads/1766488787.json', '/tmp/minio_downloads/1766488799.json', '/tmp/minio_downloads/1766488812.json', '/tmp/minio_downloads/1766488824.json', '/tmp/minio_downloads/1766488837.json', '/tmp/minio_downloads/1766488850.json', '/tmp/minio_downloads/1766488862.json', '/tmp/minio_downloads/1766488874.json', '/tmp/minio_downloads/1766488886.json', '/tmp/minio_downloads/1766488898.json', '/tmp/minio_downloads/1766488909.json', '/tmp/minio_downloads/1766488921.json', '/tmp/minio_downloads/1766488932.json', '/tmp/minio_downloads/1766488944.json', '/tmp/minio_downloads/1766488956.json', '/tmp/minio_downloads/1766488967.json', '/tmp/minio_downloads/1766488978.json', '/tmp/minio_downloads/1766488990.json', '/tmp/minio_downloads/1766489002.json', '/tmp/minio_downloads/1766489013.json', '/tmp/minio_downloads/1766489025.json', '/tmp/minio_downloads/1766489038.json', '/tmp/minio_downloads/1766489049.json', '/tmp/minio_downloads/1766489060.json', '/tmp/minio_downloads/1766489072.json', '/tmp/minio_downloads/1766489083.json', '/tmp/minio_downloads/1766489095.json', '/tmp/minio_downloads/1766489106.json', '/tmp/minio_downloads/1766489117.json', '/tmp/minio_downloads/1766489129.json', '/tmp/minio_downloads/1766489140.json', '/tmp/minio_downloads/1766488208.json', '/tmp/minio_downloads/1766488219.json', '/tmp/minio_downloads/1766488231.json', '/tmp/minio_downloads/1766488243.json', '/tmp/minio_downloads/1766488254.json', '/tmp/minio_downloads/1766488265.json', '/tmp/minio_downloads/1766488276.json', '/tmp/minio_downloads/1766488288.json', '/tmp/minio_downloads/1766488299.json', '/tmp/minio_downloads/1766488310.json', '/tmp/minio_downloads/1766488321.json', '/tmp/minio_downloads/1766488333.json', '/tmp/minio_downloads/1766488345.json', '/tmp/minio_downloads/1766488357.json', '/tmp/minio_downloads/1766488369.json', '/tmp/minio_downloads/1766488380.json', '/tmp/minio_downloads/1766488391.json', '/tmp/minio_downloads/1766488403.json', '/tmp/minio_downloads/1766488414.json', '/tmp/minio_downloads/1766488426.json', '/tmp/minio_downloads/1766488437.json', '/tmp/minio_downloads/1766488448.json', '/tmp/minio_downloads/1766488459.json', '/tmp/minio_downloads/1766488470.json', '/tmp/minio_downloads/1766488481.json', '/tmp/minio_downloads/1766488493.json', '/tmp/minio_downloads/1766488504.json', '/tmp/minio_downloads/1766488517.json', '/tmp/minio_downloads/1766488530.json', '/tmp/minio_downloads/1766488541.json', '/tmp/minio_downloads/1766488552.json', '/tmp/minio_downloads/1766488563.json', '/tmp/minio_downloads/1766488574.json', '/tmp/minio_downloads/1766488586.json', '/tmp/minio_downloads/1766488598.json', '/tmp/minio_downloads/1766488609.json', '/tmp/minio_downloads/1766488621.json', '/tmp/minio_downloads/1766488633.json', '/tmp/minio_downloads/1766488645.json', '/tmp/minio_downloads/1766488656.json', '/tmp/minio_downloads/1766488667.json', '/tmp/minio_downloads/1766488678.json', '/tmp/minio_downloads/1766488689.json', '/tmp/minio_downloads/1766488701.json', '/tmp/minio_downloads/1766488713.json', '/tmp/minio_downloads/1766488725.json', '/tmp/minio_downloads/1766488739.json', '/tmp/minio_downloads/1766488752.json', '/tmp/minio_downloads/1766488764.json', '/tmp/minio_downloads/1766488775.json', '/tmp/minio_downloads/1766488789.json', '/tmp/minio_downloads/1766488800.json', '/tmp/minio_downloads/1766488813.json', '/tmp/minio_downloads/1766488825.json', '/tmp/minio_downloads/1766488838.json', '/tmp/minio_downloads/1766488851.json', '/tmp/minio_downloads/1766488863.json', '/tmp/minio_downloads/1766488875.json', '/tmp/minio_downloads/1766488887.json', '/tmp/minio_downloads/1766488899.json', '/tmp/minio_downloads/1766488911.json', '/tmp/minio_downloads/1766488922.json', '/tmp/minio_downloads/1766488933.json', '/tmp/minio_downloads/1766488945.json', '/tmp/minio_downloads/1766488957.json', '/tmp/minio_downloads/1766488968.json', '/tmp/minio_downloads/1766488979.json', '/tmp/minio_downloads/1766488991.json', '/tmp/minio_downloads/1766489003.json', '/tmp/minio_downloads/1766489015.json', '/tmp/minio_downloads/1766489026.json', '/tmp/minio_downloads/1766489039.json', '/tmp/minio_downloads/1766489050.json', '/tmp/minio_downloads/1766489061.json', '/tmp/minio_downloads/1766489073.json', '/tmp/minio_downloads/1766489084.json', '/tmp/minio_downloads/1766489096.json', '/tmp/minio_downloads/1766489107.json', '/tmp/minio_downloads/1766489118.json', '/tmp/minio_downloads/1766489130.json', '/tmp/minio_downloads/1766489142.json']
[2025-12-23T11:25:59.041+0000] {taskinstance.py:441} INFO - ::group::Post task execution logs
[2025-12-23T11:25:59.097+0000] {taskinstance.py:1206} INFO - Marking task as SUCCESS. dag_id=minio_to_snowflake, task_id=download_minio, run_id=scheduled__2025-12-23T11:24:00+00:00, execution_date=20251223T112400, start_date=20251223T112545, end_date=20251223T112559
[2025-12-23T11:25:59.190+0000] {local_task_job_runner.py:243} INFO - Task exited with return code 0
[2025-12-23T11:25:59.231+0000] {taskinstance.py:3503} INFO - 1 downstream tasks scheduled from follow-on schedule check
[2025-12-23T11:25:59.236+0000] {local_task_job_runner.py:222} INFO - ::endgroup::
