[2025-12-25T14:26:15.918+0000] {local_task_job_runner.py:120} INFO - ::group::Pre task execution logs
[2025-12-25T14:26:16.027+0000] {taskinstance.py:2076} INFO - Dependencies all met for dep_context=non-requeueable deps ti=<TaskInstance: minio_to_snowflake.load_snowflake scheduled__2025-12-25T14:18:00+00:00 [queued]>
[2025-12-25T14:26:16.050+0000] {taskinstance.py:2076} INFO - Dependencies all met for dep_context=requeueable deps ti=<TaskInstance: minio_to_snowflake.load_snowflake scheduled__2025-12-25T14:18:00+00:00 [queued]>
[2025-12-25T14:26:16.052+0000] {taskinstance.py:2306} INFO - Starting attempt 1 of 2
[2025-12-25T14:26:16.084+0000] {taskinstance.py:2330} INFO - Executing <Task(PythonOperator): load_snowflake> on 2025-12-25 14:18:00+00:00
[2025-12-25T14:26:16.133+0000] {logging_mixin.py:188} WARNING - /home/***/.local/lib/python3.12/site-packages/***/task/task_runner/standard_task_runner.py:62 DeprecationWarning: This process (pid=2091) is multi-threaded, use of fork() may lead to deadlocks in the child.
[2025-12-25T14:26:16.118+0000] {standard_task_runner.py:90} INFO - Running: ['***', 'tasks', 'run', 'minio_to_snowflake', 'load_snowflake', 'scheduled__2025-12-25T14:18:00+00:00', '--job-id', '212', '--raw', '--subdir', 'DAGS_FOLDER/minio_to_snowflake.py', '--cfg-path', '/tmp/tmp7fzigdqm']
[2025-12-25T14:26:16.142+0000] {standard_task_runner.py:91} INFO - Job 212: Subtask load_snowflake
[2025-12-25T14:26:16.142+0000] {standard_task_runner.py:64} INFO - Started process 2108 to run task
[2025-12-25T14:26:16.316+0000] {task_command.py:426} INFO - Running <TaskInstance: minio_to_snowflake.load_snowflake scheduled__2025-12-25T14:18:00+00:00 [running]> on host 385dc22733af
[2025-12-25T14:26:16.725+0000] {taskinstance.py:2648} INFO - Exporting env vars: AIRFLOW_CTX_DAG_OWNER='***' AIRFLOW_CTX_DAG_ID='minio_to_snowflake' AIRFLOW_CTX_TASK_ID='load_snowflake' AIRFLOW_CTX_EXECUTION_DATE='2025-12-25T14:18:00+00:00' AIRFLOW_CTX_TRY_NUMBER='1' AIRFLOW_CTX_DAG_RUN_ID='scheduled__2025-12-25T14:18:00+00:00'
[2025-12-25T14:26:16.729+0000] {taskinstance.py:430} INFO - ::endgroup::
[2025-12-25T14:26:16.847+0000] {connection.py:610} INFO - Snowflake Connector for Python Version: 4.1.1, Python Version: 3.12.4, Platform: Linux-6.6.87.2-microsoft-standard-WSL2-x86_64-with-glibc2.36
[2025-12-25T14:26:16.853+0000] {connection.py:1693} INFO - Connecting to GLOBAL Snowflake domain
[2025-12-25T14:26:24.663+0000] {logging_mixin.py:188} INFO - Uploaded /tmp/minio_downloads/1766651912.json to Snowflake stage
[2025-12-25T14:26:24.930+0000] {logging_mixin.py:188} INFO - Uploaded /tmp/minio_downloads/1766651923.json to Snowflake stage
[2025-12-25T14:26:25.204+0000] {logging_mixin.py:188} INFO - Uploaded /tmp/minio_downloads/1766651935.json to Snowflake stage
[2025-12-25T14:26:25.500+0000] {logging_mixin.py:188} INFO - Uploaded /tmp/minio_downloads/1766651947.json to Snowflake stage
[2025-12-25T14:26:25.785+0000] {logging_mixin.py:188} INFO - Uploaded /tmp/minio_downloads/1766651959.json to Snowflake stage
[2025-12-25T14:26:26.042+0000] {logging_mixin.py:188} INFO - Uploaded /tmp/minio_downloads/1766651972.json to Snowflake stage
[2025-12-25T14:26:26.304+0000] {logging_mixin.py:188} INFO - Uploaded /tmp/minio_downloads/1766651985.json to Snowflake stage
[2025-12-25T14:26:26.559+0000] {logging_mixin.py:188} INFO - Uploaded /tmp/minio_downloads/1766651996.json to Snowflake stage
[2025-12-25T14:26:26.821+0000] {logging_mixin.py:188} INFO - Uploaded /tmp/minio_downloads/1766652008.json to Snowflake stage
[2025-12-25T14:26:27.081+0000] {logging_mixin.py:188} INFO - Uploaded /tmp/minio_downloads/1766652020.json to Snowflake stage
[2025-12-25T14:26:27.339+0000] {logging_mixin.py:188} INFO - Uploaded /tmp/minio_downloads/1766652032.json to Snowflake stage
[2025-12-25T14:26:27.599+0000] {logging_mixin.py:188} INFO - Uploaded /tmp/minio_downloads/1766652044.json to Snowflake stage
[2025-12-25T14:26:27.874+0000] {logging_mixin.py:188} INFO - Uploaded /tmp/minio_downloads/1766652056.json to Snowflake stage
[2025-12-25T14:26:28.150+0000] {logging_mixin.py:188} INFO - Uploaded /tmp/minio_downloads/1766652067.json to Snowflake stage
[2025-12-25T14:26:28.406+0000] {logging_mixin.py:188} INFO - Uploaded /tmp/minio_downloads/1766652079.json to Snowflake stage
[2025-12-25T14:26:28.662+0000] {logging_mixin.py:188} INFO - Uploaded /tmp/minio_downloads/1766652091.json to Snowflake stage
[2025-12-25T14:26:28.972+0000] {logging_mixin.py:188} INFO - Uploaded /tmp/minio_downloads/1766652104.json to Snowflake stage
[2025-12-25T14:26:29.246+0000] {logging_mixin.py:188} INFO - Uploaded /tmp/minio_downloads/1766652116.json to Snowflake stage
[2025-12-25T14:26:29.515+0000] {logging_mixin.py:188} INFO - Uploaded /tmp/minio_downloads/1766652128.json to Snowflake stage
[2025-12-25T14:26:29.777+0000] {logging_mixin.py:188} INFO - Uploaded /tmp/minio_downloads/1766652140.json to Snowflake stage
[2025-12-25T14:26:30.055+0000] {logging_mixin.py:188} INFO - Uploaded /tmp/minio_downloads/1766652153.json to Snowflake stage
[2025-12-25T14:26:30.321+0000] {logging_mixin.py:188} INFO - Uploaded /tmp/minio_downloads/1766652164.json to Snowflake stage
[2025-12-25T14:26:30.596+0000] {logging_mixin.py:188} INFO - Uploaded /tmp/minio_downloads/1766652176.json to Snowflake stage
[2025-12-25T14:26:30.850+0000] {logging_mixin.py:188} INFO - Uploaded /tmp/minio_downloads/1766652188.json to Snowflake stage
[2025-12-25T14:26:31.110+0000] {logging_mixin.py:188} INFO - Uploaded /tmp/minio_downloads/1766652200.json to Snowflake stage
[2025-12-25T14:26:31.381+0000] {logging_mixin.py:188} INFO - Uploaded /tmp/minio_downloads/1766652213.json to Snowflake stage
[2025-12-25T14:26:31.637+0000] {logging_mixin.py:188} INFO - Uploaded /tmp/minio_downloads/1766652224.json to Snowflake stage
[2025-12-25T14:26:31.897+0000] {logging_mixin.py:188} INFO - Uploaded /tmp/minio_downloads/1766652236.json to Snowflake stage
[2025-12-25T14:26:32.168+0000] {logging_mixin.py:188} INFO - Uploaded /tmp/minio_downloads/1766652248.json to Snowflake stage
[2025-12-25T14:26:32.427+0000] {logging_mixin.py:188} INFO - Uploaded /tmp/minio_downloads/1766652260.json to Snowflake stage
[2025-12-25T14:26:32.687+0000] {logging_mixin.py:188} INFO - Uploaded /tmp/minio_downloads/1766652272.json to Snowflake stage
[2025-12-25T14:26:32.944+0000] {logging_mixin.py:188} INFO - Uploaded /tmp/minio_downloads/1766652284.json to Snowflake stage
[2025-12-25T14:26:33.196+0000] {logging_mixin.py:188} INFO - Uploaded /tmp/minio_downloads/1766652296.json to Snowflake stage
[2025-12-25T14:26:33.455+0000] {logging_mixin.py:188} INFO - Uploaded /tmp/minio_downloads/1766652308.json to Snowflake stage
[2025-12-25T14:26:33.757+0000] {logging_mixin.py:188} INFO - Uploaded /tmp/minio_downloads/1766652319.json to Snowflake stage
[2025-12-25T14:26:34.015+0000] {logging_mixin.py:188} INFO - Uploaded /tmp/minio_downloads/1766652332.json to Snowflake stage
[2025-12-25T14:26:34.274+0000] {logging_mixin.py:188} INFO - Uploaded /tmp/minio_downloads/1766652345.json to Snowflake stage
[2025-12-25T14:26:34.544+0000] {logging_mixin.py:188} INFO - Uploaded /tmp/minio_downloads/1766652356.json to Snowflake stage
[2025-12-25T14:26:34.818+0000] {logging_mixin.py:188} INFO - Uploaded /tmp/minio_downloads/1766652369.json to Snowflake stage
[2025-12-25T14:26:35.147+0000] {logging_mixin.py:188} INFO - Uploaded /tmp/minio_downloads/1766652381.json to Snowflake stage
[2025-12-25T14:26:35.406+0000] {logging_mixin.py:188} INFO - Uploaded /tmp/minio_downloads/1766652397.json to Snowflake stage
[2025-12-25T14:26:35.666+0000] {logging_mixin.py:188} INFO - Uploaded /tmp/minio_downloads/1766652409.json to Snowflake stage
[2025-12-25T14:26:35.957+0000] {logging_mixin.py:188} INFO - Uploaded /tmp/minio_downloads/1766652421.json to Snowflake stage
[2025-12-25T14:26:36.313+0000] {logging_mixin.py:188} INFO - Uploaded /tmp/minio_downloads/1766652434.json to Snowflake stage
[2025-12-25T14:26:36.573+0000] {logging_mixin.py:188} INFO - Uploaded /tmp/minio_downloads/1766652447.json to Snowflake stage
[2025-12-25T14:26:36.830+0000] {logging_mixin.py:188} INFO - Uploaded /tmp/minio_downloads/1766652459.json to Snowflake stage
[2025-12-25T14:26:37.087+0000] {logging_mixin.py:188} INFO - Uploaded /tmp/minio_downloads/1766652471.json to Snowflake stage
[2025-12-25T14:26:37.352+0000] {logging_mixin.py:188} INFO - Uploaded /tmp/minio_downloads/1766652485.json to Snowflake stage
[2025-12-25T14:26:37.670+0000] {logging_mixin.py:188} INFO - Uploaded /tmp/minio_downloads/1766652498.json to Snowflake stage
[2025-12-25T14:26:37.975+0000] {logging_mixin.py:188} INFO - Uploaded /tmp/minio_downloads/1766652511.json to Snowflake stage
[2025-12-25T14:26:38.276+0000] {logging_mixin.py:188} INFO - Uploaded /tmp/minio_downloads/1766652524.json to Snowflake stage
[2025-12-25T14:26:38.539+0000] {logging_mixin.py:188} INFO - Uploaded /tmp/minio_downloads/1766652538.json to Snowflake stage
[2025-12-25T14:26:38.799+0000] {logging_mixin.py:188} INFO - Uploaded /tmp/minio_downloads/1766652552.json to Snowflake stage
[2025-12-25T14:26:39.082+0000] {logging_mixin.py:188} INFO - Uploaded /tmp/minio_downloads/1766652565.json to Snowflake stage
[2025-12-25T14:26:39.338+0000] {logging_mixin.py:188} INFO - Uploaded /tmp/minio_downloads/1766652578.json to Snowflake stage
[2025-12-25T14:26:39.591+0000] {logging_mixin.py:188} INFO - Uploaded /tmp/minio_downloads/1766652592.json to Snowflake stage
[2025-12-25T14:26:39.878+0000] {logging_mixin.py:188} INFO - Uploaded /tmp/minio_downloads/1766652605.json to Snowflake stage
[2025-12-25T14:26:40.173+0000] {logging_mixin.py:188} INFO - Uploaded /tmp/minio_downloads/1766652619.json to Snowflake stage
[2025-12-25T14:26:40.436+0000] {logging_mixin.py:188} INFO - Uploaded /tmp/minio_downloads/1766652633.json to Snowflake stage
[2025-12-25T14:26:40.698+0000] {logging_mixin.py:188} INFO - Uploaded /tmp/minio_downloads/1766652648.json to Snowflake stage
[2025-12-25T14:26:40.956+0000] {logging_mixin.py:188} INFO - Uploaded /tmp/minio_downloads/1766652660.json to Snowflake stage
[2025-12-25T14:26:41.235+0000] {logging_mixin.py:188} INFO - Uploaded /tmp/minio_downloads/1766652672.json to Snowflake stage
[2025-12-25T14:26:41.488+0000] {logging_mixin.py:188} INFO - Uploaded /tmp/minio_downloads/1766652685.json to Snowflake stage
[2025-12-25T14:26:41.746+0000] {logging_mixin.py:188} INFO - Uploaded /tmp/minio_downloads/1766652698.json to Snowflake stage
[2025-12-25T14:26:42.016+0000] {logging_mixin.py:188} INFO - Uploaded /tmp/minio_downloads/1766652711.json to Snowflake stage
[2025-12-25T14:26:42.312+0000] {logging_mixin.py:188} INFO - Uploaded /tmp/minio_downloads/1766652722.json to Snowflake stage
[2025-12-25T14:26:42.565+0000] {logging_mixin.py:188} INFO - Uploaded /tmp/minio_downloads/1766652734.json to Snowflake stage
[2025-12-25T14:26:42.822+0000] {logging_mixin.py:188} INFO - Uploaded /tmp/minio_downloads/1766652747.json to Snowflake stage
[2025-12-25T14:26:43.079+0000] {logging_mixin.py:188} INFO - Uploaded /tmp/minio_downloads/1766652759.json to Snowflake stage
[2025-12-25T14:26:43.340+0000] {logging_mixin.py:188} INFO - Uploaded /tmp/minio_downloads/1766652771.json to Snowflake stage
[2025-12-25T14:26:43.601+0000] {logging_mixin.py:188} INFO - Uploaded /tmp/minio_downloads/1766652784.json to Snowflake stage
[2025-12-25T14:26:43.859+0000] {logging_mixin.py:188} INFO - Uploaded /tmp/minio_downloads/1766652797.json to Snowflake stage
[2025-12-25T14:26:44.118+0000] {logging_mixin.py:188} INFO - Uploaded /tmp/minio_downloads/1766652811.json to Snowflake stage
[2025-12-25T14:26:44.373+0000] {logging_mixin.py:188} INFO - Uploaded /tmp/minio_downloads/1766652823.json to Snowflake stage
[2025-12-25T14:26:44.643+0000] {logging_mixin.py:188} INFO - Uploaded /tmp/minio_downloads/1766652835.json to Snowflake stage
[2025-12-25T14:26:44.913+0000] {logging_mixin.py:188} INFO - Uploaded /tmp/minio_downloads/1766652849.json to Snowflake stage
[2025-12-25T14:26:45.189+0000] {logging_mixin.py:188} INFO - Uploaded /tmp/minio_downloads/1766652861.json to Snowflake stage
[2025-12-25T14:26:45.442+0000] {logging_mixin.py:188} INFO - Uploaded /tmp/minio_downloads/1766652873.json to Snowflake stage
[2025-12-25T14:26:45.706+0000] {logging_mixin.py:188} INFO - Uploaded /tmp/minio_downloads/1766652885.json to Snowflake stage
[2025-12-25T14:26:45.981+0000] {logging_mixin.py:188} INFO - Uploaded /tmp/minio_downloads/1766652897.json to Snowflake stage
[2025-12-25T14:26:46.294+0000] {logging_mixin.py:188} INFO - Uploaded /tmp/minio_downloads/1766652914.json to Snowflake stage
[2025-12-25T14:26:46.543+0000] {logging_mixin.py:188} INFO - Uploaded /tmp/minio_downloads/1766652926.json to Snowflake stage
[2025-12-25T14:26:46.827+0000] {logging_mixin.py:188} INFO - Uploaded /tmp/minio_downloads/1766652938.json to Snowflake stage
[2025-12-25T14:26:47.120+0000] {logging_mixin.py:188} INFO - Uploaded /tmp/minio_downloads/1766652951.json to Snowflake stage
[2025-12-25T14:26:47.380+0000] {logging_mixin.py:188} INFO - Uploaded /tmp/minio_downloads/1766652965.json to Snowflake stage
[2025-12-25T14:26:47.646+0000] {logging_mixin.py:188} INFO - Uploaded /tmp/minio_downloads/1766652976.json to Snowflake stage
[2025-12-25T14:26:47.766+0000] {local_task_job_runner.py:124} ERROR - Received SIGTERM. Terminating subprocesses
[2025-12-25T14:26:47.800+0000] {process_utils.py:132} INFO - Sending 15 to group 2108. PIDs of all processes in the group: [2108]
[2025-12-25T14:26:47.806+0000] {process_utils.py:87} INFO - Sending the signal 15 to group 2108
[2025-12-25T14:26:47.818+0000] {taskinstance.py:2611} ERROR - Received SIGTERM. Terminating subprocesses.
[2025-12-25T14:26:47.825+0000] {taskinstance.py:441} INFO - ::group::Post task execution logs
[2025-12-25T14:26:48.027+0000] {taskinstance.py:2905} ERROR - Task failed with exception
Traceback (most recent call last):
  File "/home/airflow/.local/lib/python3.12/site-packages/airflow/models/taskinstance.py", line 465, in _execute_task
    result = _execute_callable(context=context, **execute_callable_kwargs)
             ^^^^^^^^^^^^^^^^^^^^^^^^^^^^^^^^^^^^^^^^^^^^^^^^^^^^^^^^^^^^^
  File "/home/airflow/.local/lib/python3.12/site-packages/airflow/models/taskinstance.py", line 432, in _execute_callable
    return execute_callable(context=context, **execute_callable_kwargs)
           ^^^^^^^^^^^^^^^^^^^^^^^^^^^^^^^^^^^^^^^^^^^^^^^^^^^^^^^^^^^^
  File "/home/airflow/.local/lib/python3.12/site-packages/airflow/models/baseoperator.py", line 401, in wrapper
    return func(self, *args, **kwargs)
           ^^^^^^^^^^^^^^^^^^^^^^^^^^^
  File "/home/airflow/.local/lib/python3.12/site-packages/airflow/operators/python.py", line 235, in execute
    return_value = self.execute_callable()
                   ^^^^^^^^^^^^^^^^^^^^^^^
  File "/home/airflow/.local/lib/python3.12/site-packages/airflow/operators/python.py", line 252, in execute_callable
    return self.python_callable(*self.op_args, **self.op_kwargs)
           ^^^^^^^^^^^^^^^^^^^^^^^^^^^^^^^^^^^^^^^^^^^^^^^^^^^^^
  File "/opt/airflow/dags/minio_to_snowflake.py", line 61, in load_to_snowflake
    cur.execute(f"PUT file://{f} @%bronze_stock_quotes_raw")
  File "/home/airflow/.local/lib/python3.12/site-packages/snowflake/connector/cursor.py", line 1074, in execute
    sf_file_transfer_agent.execute()
  File "/home/airflow/.local/lib/python3.12/site-packages/snowflake/connector/file_transfer_agent.py", line 405, in execute
    self._process_file_compression_type()
  File "/home/airflow/.local/lib/python3.12/site-packages/snowflake/connector/file_transfer_agent.py", line 1165, in _process_file_compression_type
    mimetypes.init()
  File "/usr/local/lib/python3.12/mimetypes.py", line 382, in init
    db.read(file)
  File "/usr/local/lib/python3.12/mimetypes.py", line 216, in read
    self.readfp(fp, strict)
  File "/usr/local/lib/python3.12/mimetypes.py", line 226, in readfp
    while line := fp.readline():
                  ^^^^^^^^^^^^^
  File "<frozen codecs>", line 319, in decode
  File "/home/airflow/.local/lib/python3.12/site-packages/airflow/models/taskinstance.py", line 2613, in signal_handler
    raise AirflowTaskTerminated("Task received SIGTERM signal")
airflow.exceptions.AirflowTaskTerminated: Task received SIGTERM signal
[2025-12-25T14:26:48.107+0000] {taskinstance.py:1206} INFO - Marking task as UP_FOR_RETRY. dag_id=minio_to_snowflake, task_id=load_snowflake, run_id=scheduled__2025-12-25T14:18:00+00:00, execution_date=20251225T141800, start_date=20251225T142616, end_date=20251225T142648
[2025-12-25T14:26:48.360+0000] {process_utils.py:80} INFO - Process psutil.Process(pid=2108, status='terminated', exitcode=2, started='14:26:16') (2108) terminated with exit code 2
[2025-12-25T14:26:48.365+0000] {local_task_job_runner.py:243} INFO - Task exited with return code 143
[2025-12-25T14:26:48.530+0000] {taskinstance.py:3503} INFO - 0 downstream tasks scheduled from follow-on schedule check
