[2025-12-23T11:28:13.873+0000] {local_task_job_runner.py:120} INFO - ::group::Pre task execution logs
[2025-12-23T11:28:13.957+0000] {taskinstance.py:2076} INFO - Dependencies all met for dep_context=non-requeueable deps ti=<TaskInstance: minio_to_snowflake.download_minio scheduled__2025-12-23T11:26:00+00:00 [queued]>
[2025-12-23T11:28:13.972+0000] {taskinstance.py:2076} INFO - Dependencies all met for dep_context=requeueable deps ti=<TaskInstance: minio_to_snowflake.download_minio scheduled__2025-12-23T11:26:00+00:00 [queued]>
[2025-12-23T11:28:13.973+0000] {taskinstance.py:2306} INFO - Starting attempt 1 of 2
[2025-12-23T11:28:14.013+0000] {taskinstance.py:2330} INFO - Executing <Task(PythonOperator): download_minio> on 2025-12-23 11:26:00+00:00
[2025-12-23T11:28:14.049+0000] {standard_task_runner.py:90} INFO - Running: ['***', 'tasks', 'run', 'minio_to_snowflake', 'download_minio', 'scheduled__2025-12-23T11:26:00+00:00', '--job-id', '58', '--raw', '--subdir', 'DAGS_FOLDER/minio_to_snowflake.py', '--cfg-path', '/tmp/tmphmnc__ki']
[2025-12-23T11:28:14.057+0000] {logging_mixin.py:188} WARNING - /home/***/.local/lib/python3.12/site-packages/***/task/task_runner/standard_task_runner.py:62 DeprecationWarning: This process (pid=4230) is multi-threaded, use of fork() may lead to deadlocks in the child.
[2025-12-23T11:28:14.060+0000] {standard_task_runner.py:91} INFO - Job 58: Subtask download_minio
[2025-12-23T11:28:14.061+0000] {standard_task_runner.py:64} INFO - Started process 4244 to run task
[2025-12-23T11:28:14.223+0000] {task_command.py:426} INFO - Running <TaskInstance: minio_to_snowflake.download_minio scheduled__2025-12-23T11:26:00+00:00 [running]> on host 5b5bed255d0d
[2025-12-23T11:28:14.399+0000] {taskinstance.py:2648} INFO - Exporting env vars: AIRFLOW_CTX_DAG_OWNER='***' AIRFLOW_CTX_DAG_ID='minio_to_snowflake' AIRFLOW_CTX_TASK_ID='download_minio' AIRFLOW_CTX_EXECUTION_DATE='2025-12-23T11:26:00+00:00' AIRFLOW_CTX_TRY_NUMBER='1' AIRFLOW_CTX_DAG_RUN_ID='scheduled__2025-12-23T11:26:00+00:00'
[2025-12-23T11:28:14.404+0000] {taskinstance.py:430} INFO - ::endgroup::
[2025-12-23T11:28:15.706+0000] {logging_mixin.py:188} INFO - Downloaded AAPL/1766488206.json -> /tmp/minio_downloads/1766488206.json
[2025-12-23T11:28:15.726+0000] {logging_mixin.py:188} INFO - Downloaded AAPL/1766488217.json -> /tmp/minio_downloads/1766488217.json
[2025-12-23T11:28:15.745+0000] {logging_mixin.py:188} INFO - Downloaded AAPL/1766488228.json -> /tmp/minio_downloads/1766488228.json
[2025-12-23T11:28:15.763+0000] {logging_mixin.py:188} INFO - Downloaded AAPL/1766488241.json -> /tmp/minio_downloads/1766488241.json
[2025-12-23T11:28:15.779+0000] {logging_mixin.py:188} INFO - Downloaded AAPL/1766488252.json -> /tmp/minio_downloads/1766488252.json
[2025-12-23T11:28:15.804+0000] {logging_mixin.py:188} INFO - Downloaded AAPL/1766488263.json -> /tmp/minio_downloads/1766488263.json
[2025-12-23T11:28:15.823+0000] {logging_mixin.py:188} INFO - Downloaded AAPL/1766488274.json -> /tmp/minio_downloads/1766488274.json
[2025-12-23T11:28:15.838+0000] {logging_mixin.py:188} INFO - Downloaded AAPL/1766488286.json -> /tmp/minio_downloads/1766488286.json
[2025-12-23T11:28:15.854+0000] {logging_mixin.py:188} INFO - Downloaded AAPL/1766488297.json -> /tmp/minio_downloads/1766488297.json
[2025-12-23T11:28:15.868+0000] {logging_mixin.py:188} INFO - Downloaded AAPL/1766488308.json -> /tmp/minio_downloads/1766488308.json
[2025-12-23T11:28:15.884+0000] {logging_mixin.py:188} INFO - Downloaded AAPL/1766488319.json -> /tmp/minio_downloads/1766488319.json
[2025-12-23T11:28:15.899+0000] {logging_mixin.py:188} INFO - Downloaded AAPL/1766488331.json -> /tmp/minio_downloads/1766488331.json
[2025-12-23T11:28:15.919+0000] {logging_mixin.py:188} INFO - Downloaded AAPL/1766488343.json -> /tmp/minio_downloads/1766488343.json
[2025-12-23T11:28:15.935+0000] {logging_mixin.py:188} INFO - Downloaded AAPL/1766488355.json -> /tmp/minio_downloads/1766488355.json
[2025-12-23T11:28:15.951+0000] {logging_mixin.py:188} INFO - Downloaded AAPL/1766488367.json -> /tmp/minio_downloads/1766488367.json
[2025-12-23T11:28:15.966+0000] {logging_mixin.py:188} INFO - Downloaded AAPL/1766488378.json -> /tmp/minio_downloads/1766488378.json
[2025-12-23T11:28:15.982+0000] {logging_mixin.py:188} INFO - Downloaded AAPL/1766488389.json -> /tmp/minio_downloads/1766488389.json
[2025-12-23T11:28:15.997+0000] {logging_mixin.py:188} INFO - Downloaded AAPL/1766488401.json -> /tmp/minio_downloads/1766488401.json
[2025-12-23T11:28:16.011+0000] {logging_mixin.py:188} INFO - Downloaded AAPL/1766488412.json -> /tmp/minio_downloads/1766488412.json
[2025-12-23T11:28:16.024+0000] {logging_mixin.py:188} INFO - Downloaded AAPL/1766488424.json -> /tmp/minio_downloads/1766488424.json
[2025-12-23T11:28:16.039+0000] {logging_mixin.py:188} INFO - Downloaded AAPL/1766488435.json -> /tmp/minio_downloads/1766488435.json
[2025-12-23T11:28:16.053+0000] {logging_mixin.py:188} INFO - Downloaded AAPL/1766488446.json -> /tmp/minio_downloads/1766488446.json
[2025-12-23T11:28:16.067+0000] {logging_mixin.py:188} INFO - Downloaded AAPL/1766488457.json -> /tmp/minio_downloads/1766488457.json
[2025-12-23T11:28:16.081+0000] {logging_mixin.py:188} INFO - Downloaded AAPL/1766488468.json -> /tmp/minio_downloads/1766488468.json
[2025-12-23T11:28:16.095+0000] {logging_mixin.py:188} INFO - Downloaded AAPL/1766488480.json -> /tmp/minio_downloads/1766488480.json
[2025-12-23T11:28:16.109+0000] {logging_mixin.py:188} INFO - Downloaded AAPL/1766488491.json -> /tmp/minio_downloads/1766488491.json
[2025-12-23T11:28:16.124+0000] {logging_mixin.py:188} INFO - Downloaded AAPL/1766488502.json -> /tmp/minio_downloads/1766488502.json
[2025-12-23T11:28:16.138+0000] {logging_mixin.py:188} INFO - Downloaded AAPL/1766488514.json -> /tmp/minio_downloads/1766488514.json
[2025-12-23T11:28:16.150+0000] {logging_mixin.py:188} INFO - Downloaded AAPL/1766488527.json -> /tmp/minio_downloads/1766488527.json
[2025-12-23T11:28:16.165+0000] {logging_mixin.py:188} INFO - Downloaded AAPL/1766488539.json -> /tmp/minio_downloads/1766488539.json
[2025-12-23T11:28:16.180+0000] {logging_mixin.py:188} INFO - Downloaded AAPL/1766488550.json -> /tmp/minio_downloads/1766488550.json
[2025-12-23T11:28:16.194+0000] {logging_mixin.py:188} INFO - Downloaded AAPL/1766488561.json -> /tmp/minio_downloads/1766488561.json
[2025-12-23T11:28:16.209+0000] {logging_mixin.py:188} INFO - Downloaded AAPL/1766488572.json -> /tmp/minio_downloads/1766488572.json
[2025-12-23T11:28:16.226+0000] {logging_mixin.py:188} INFO - Downloaded AAPL/1766488584.json -> /tmp/minio_downloads/1766488584.json
[2025-12-23T11:28:16.241+0000] {logging_mixin.py:188} INFO - Downloaded AAPL/1766488596.json -> /tmp/minio_downloads/1766488596.json
[2025-12-23T11:28:16.257+0000] {logging_mixin.py:188} INFO - Downloaded AAPL/1766488607.json -> /tmp/minio_downloads/1766488607.json
[2025-12-23T11:28:16.273+0000] {logging_mixin.py:188} INFO - Downloaded AAPL/1766488618.json -> /tmp/minio_downloads/1766488618.json
[2025-12-23T11:28:16.290+0000] {logging_mixin.py:188} INFO - Downloaded AAPL/1766488631.json -> /tmp/minio_downloads/1766488631.json
[2025-12-23T11:28:16.305+0000] {logging_mixin.py:188} INFO - Downloaded AAPL/1766488642.json -> /tmp/minio_downloads/1766488642.json
[2025-12-23T11:28:16.319+0000] {logging_mixin.py:188} INFO - Downloaded AAPL/1766488654.json -> /tmp/minio_downloads/1766488654.json
[2025-12-23T11:28:16.333+0000] {logging_mixin.py:188} INFO - Downloaded AAPL/1766488665.json -> /tmp/minio_downloads/1766488665.json
[2025-12-23T11:28:16.346+0000] {logging_mixin.py:188} INFO - Downloaded AAPL/1766488676.json -> /tmp/minio_downloads/1766488676.json
[2025-12-23T11:28:16.364+0000] {logging_mixin.py:188} INFO - Downloaded AAPL/1766488687.json -> /tmp/minio_downloads/1766488687.json
[2025-12-23T11:28:16.382+0000] {logging_mixin.py:188} INFO - Downloaded AAPL/1766488699.json -> /tmp/minio_downloads/1766488699.json
[2025-12-23T11:28:16.397+0000] {logging_mixin.py:188} INFO - Downloaded AAPL/1766488710.json -> /tmp/minio_downloads/1766488710.json
[2025-12-23T11:28:16.413+0000] {logging_mixin.py:188} INFO - Downloaded AAPL/1766488722.json -> /tmp/minio_downloads/1766488722.json
[2025-12-23T11:28:16.426+0000] {logging_mixin.py:188} INFO - Downloaded AAPL/1766488736.json -> /tmp/minio_downloads/1766488736.json
[2025-12-23T11:28:16.442+0000] {logging_mixin.py:188} INFO - Downloaded AAPL/1766488750.json -> /tmp/minio_downloads/1766488750.json
[2025-12-23T11:28:16.458+0000] {logging_mixin.py:188} INFO - Downloaded AAPL/1766488761.json -> /tmp/minio_downloads/1766488761.json
[2025-12-23T11:28:16.472+0000] {logging_mixin.py:188} INFO - Downloaded AAPL/1766488773.json -> /tmp/minio_downloads/1766488773.json
[2025-12-23T11:28:16.490+0000] {logging_mixin.py:188} INFO - Downloaded AAPL/1766488786.json -> /tmp/minio_downloads/1766488786.json
[2025-12-23T11:28:16.510+0000] {logging_mixin.py:188} INFO - Downloaded AAPL/1766488798.json -> /tmp/minio_downloads/1766488798.json
[2025-12-23T11:28:16.528+0000] {logging_mixin.py:188} INFO - Downloaded AAPL/1766488810.json -> /tmp/minio_downloads/1766488810.json
[2025-12-23T11:28:16.550+0000] {logging_mixin.py:188} INFO - Downloaded AAPL/1766488823.json -> /tmp/minio_downloads/1766488823.json
[2025-12-23T11:28:16.571+0000] {logging_mixin.py:188} INFO - Downloaded AAPL/1766488835.json -> /tmp/minio_downloads/1766488835.json
[2025-12-23T11:28:16.590+0000] {logging_mixin.py:188} INFO - Downloaded AAPL/1766488849.json -> /tmp/minio_downloads/1766488849.json
[2025-12-23T11:28:16.610+0000] {logging_mixin.py:188} INFO - Downloaded AAPL/1766488861.json -> /tmp/minio_downloads/1766488861.json
[2025-12-23T11:28:16.626+0000] {logging_mixin.py:188} INFO - Downloaded AAPL/1766488872.json -> /tmp/minio_downloads/1766488872.json
[2025-12-23T11:28:16.641+0000] {logging_mixin.py:188} INFO - Downloaded AAPL/1766488885.json -> /tmp/minio_downloads/1766488885.json
[2025-12-23T11:28:16.658+0000] {logging_mixin.py:188} INFO - Downloaded AAPL/1766488897.json -> /tmp/minio_downloads/1766488897.json
[2025-12-23T11:28:16.676+0000] {logging_mixin.py:188} INFO - Downloaded AAPL/1766488908.json -> /tmp/minio_downloads/1766488908.json
[2025-12-23T11:28:16.693+0000] {logging_mixin.py:188} INFO - Downloaded AAPL/1766488920.json -> /tmp/minio_downloads/1766488920.json
[2025-12-23T11:28:16.713+0000] {logging_mixin.py:188} INFO - Downloaded AAPL/1766488931.json -> /tmp/minio_downloads/1766488931.json
[2025-12-23T11:28:16.734+0000] {logging_mixin.py:188} INFO - Downloaded AAPL/1766488943.json -> /tmp/minio_downloads/1766488943.json
[2025-12-23T11:28:16.752+0000] {logging_mixin.py:188} INFO - Downloaded AAPL/1766488955.json -> /tmp/minio_downloads/1766488955.json
[2025-12-23T11:28:16.772+0000] {logging_mixin.py:188} INFO - Downloaded AAPL/1766488966.json -> /tmp/minio_downloads/1766488966.json
[2025-12-23T11:28:16.791+0000] {logging_mixin.py:188} INFO - Downloaded AAPL/1766488977.json -> /tmp/minio_downloads/1766488977.json
[2025-12-23T11:28:16.810+0000] {logging_mixin.py:188} INFO - Downloaded AAPL/1766488988.json -> /tmp/minio_downloads/1766488988.json
[2025-12-23T11:28:16.834+0000] {logging_mixin.py:188} INFO - Downloaded AAPL/1766489000.json -> /tmp/minio_downloads/1766489000.json
[2025-12-23T11:28:16.865+0000] {logging_mixin.py:188} INFO - Downloaded AAPL/1766489012.json -> /tmp/minio_downloads/1766489012.json
[2025-12-23T11:28:16.893+0000] {logging_mixin.py:188} INFO - Downloaded AAPL/1766489024.json -> /tmp/minio_downloads/1766489024.json
[2025-12-23T11:28:16.948+0000] {logging_mixin.py:188} INFO - Downloaded AAPL/1766489036.json -> /tmp/minio_downloads/1766489036.json
[2025-12-23T11:28:16.965+0000] {logging_mixin.py:188} INFO - Downloaded AAPL/1766489048.json -> /tmp/minio_downloads/1766489048.json
[2025-12-23T11:28:16.981+0000] {logging_mixin.py:188} INFO - Downloaded AAPL/1766489059.json -> /tmp/minio_downloads/1766489059.json
[2025-12-23T11:28:16.998+0000] {logging_mixin.py:188} INFO - Downloaded AAPL/1766489071.json -> /tmp/minio_downloads/1766489071.json
[2025-12-23T11:28:17.014+0000] {logging_mixin.py:188} INFO - Downloaded AAPL/1766489082.json -> /tmp/minio_downloads/1766489082.json
[2025-12-23T11:28:17.030+0000] {logging_mixin.py:188} INFO - Downloaded AAPL/1766489094.json -> /tmp/minio_downloads/1766489094.json
[2025-12-23T11:28:17.046+0000] {logging_mixin.py:188} INFO - Downloaded AAPL/1766489105.json -> /tmp/minio_downloads/1766489105.json
[2025-12-23T11:28:17.061+0000] {logging_mixin.py:188} INFO - Downloaded AAPL/1766489116.json -> /tmp/minio_downloads/1766489116.json
[2025-12-23T11:28:17.076+0000] {logging_mixin.py:188} INFO - Downloaded AAPL/1766489128.json -> /tmp/minio_downloads/1766489128.json
[2025-12-23T11:28:17.093+0000] {logging_mixin.py:188} INFO - Downloaded AAPL/1766489139.json -> /tmp/minio_downloads/1766489139.json
[2025-12-23T11:28:17.109+0000] {logging_mixin.py:188} INFO - Downloaded AAPL/1766489152.json -> /tmp/minio_downloads/1766489152.json
[2025-12-23T11:28:17.127+0000] {logging_mixin.py:188} INFO - Downloaded AAPL/1766489164.json -> /tmp/minio_downloads/1766489164.json
[2025-12-23T11:28:17.143+0000] {logging_mixin.py:188} INFO - Downloaded AAPL/1766489176.json -> /tmp/minio_downloads/1766489176.json
[2025-12-23T11:28:17.158+0000] {logging_mixin.py:188} INFO - Downloaded AAPL/1766489187.json -> /tmp/minio_downloads/1766489187.json
[2025-12-23T11:28:17.172+0000] {logging_mixin.py:188} INFO - Downloaded AAPL/1766489199.json -> /tmp/minio_downloads/1766489199.json
[2025-12-23T11:28:17.186+0000] {logging_mixin.py:188} INFO - Downloaded AAPL/1766489211.json -> /tmp/minio_downloads/1766489211.json
[2025-12-23T11:28:17.202+0000] {logging_mixin.py:188} INFO - Downloaded AAPL/1766489222.json -> /tmp/minio_downloads/1766489222.json
[2025-12-23T11:28:17.216+0000] {logging_mixin.py:188} INFO - Downloaded AAPL/1766489234.json -> /tmp/minio_downloads/1766489234.json
[2025-12-23T11:28:17.232+0000] {logging_mixin.py:188} INFO - Downloaded AAPL/1766489246.json -> /tmp/minio_downloads/1766489246.json
[2025-12-23T11:28:17.246+0000] {logging_mixin.py:188} INFO - Downloaded AAPL/1766489258.json -> /tmp/minio_downloads/1766489258.json
[2025-12-23T11:28:17.281+0000] {logging_mixin.py:188} INFO - Downloaded AAPL/1766489269.json -> /tmp/minio_downloads/1766489269.json
[2025-12-23T11:28:17.310+0000] {logging_mixin.py:188} INFO - Downloaded AAPL/1766489281.json -> /tmp/minio_downloads/1766489281.json
[2025-12-23T11:28:17.363+0000] {logging_mixin.py:188} INFO - Downloaded AAPL/1766489292.json -> /tmp/minio_downloads/1766489292.json
[2025-12-23T11:28:17.384+0000] {logging_mixin.py:188} INFO - Downloaded AMZN/1766488210.json -> /tmp/minio_downloads/1766488210.json
[2025-12-23T11:28:17.401+0000] {logging_mixin.py:188} INFO - Downloaded AMZN/1766488221.json -> /tmp/minio_downloads/1766488221.json
[2025-12-23T11:28:17.419+0000] {logging_mixin.py:188} INFO - Downloaded AMZN/1766488233.json -> /tmp/minio_downloads/1766488233.json
[2025-12-23T11:28:17.444+0000] {logging_mixin.py:188} INFO - Downloaded AMZN/1766488245.json -> /tmp/minio_downloads/1766488245.json
[2025-12-23T11:28:17.459+0000] {logging_mixin.py:188} INFO - Downloaded AMZN/1766488256.json -> /tmp/minio_downloads/1766488256.json
[2025-12-23T11:28:17.477+0000] {logging_mixin.py:188} INFO - Downloaded AMZN/1766488267.json -> /tmp/minio_downloads/1766488267.json
[2025-12-23T11:28:17.493+0000] {logging_mixin.py:188} INFO - Downloaded AMZN/1766488278.json -> /tmp/minio_downloads/1766488278.json
[2025-12-23T11:28:17.509+0000] {logging_mixin.py:188} INFO - Downloaded AMZN/1766488290.json -> /tmp/minio_downloads/1766488290.json
[2025-12-23T11:28:17.525+0000] {logging_mixin.py:188} INFO - Downloaded AMZN/1766488301.json -> /tmp/minio_downloads/1766488301.json
[2025-12-23T11:28:17.540+0000] {logging_mixin.py:188} INFO - Downloaded AMZN/1766488312.json -> /tmp/minio_downloads/1766488312.json
[2025-12-23T11:28:17.556+0000] {logging_mixin.py:188} INFO - Downloaded AMZN/1766488324.json -> /tmp/minio_downloads/1766488324.json
[2025-12-23T11:28:17.573+0000] {logging_mixin.py:188} INFO - Downloaded AMZN/1766488335.json -> /tmp/minio_downloads/1766488335.json
[2025-12-23T11:28:17.588+0000] {logging_mixin.py:188} INFO - Downloaded AMZN/1766488347.json -> /tmp/minio_downloads/1766488347.json
[2025-12-23T11:28:17.605+0000] {logging_mixin.py:188} INFO - Downloaded AMZN/1766488360.json -> /tmp/minio_downloads/1766488360.json
[2025-12-23T11:28:17.620+0000] {logging_mixin.py:188} INFO - Downloaded AMZN/1766488371.json -> /tmp/minio_downloads/1766488371.json
[2025-12-23T11:28:17.635+0000] {logging_mixin.py:188} INFO - Downloaded AMZN/1766488382.json -> /tmp/minio_downloads/1766488382.json
[2025-12-23T11:28:17.648+0000] {logging_mixin.py:188} INFO - Downloaded AMZN/1766488393.json -> /tmp/minio_downloads/1766488393.json
[2025-12-23T11:28:17.663+0000] {logging_mixin.py:188} INFO - Downloaded AMZN/1766488405.json -> /tmp/minio_downloads/1766488405.json
[2025-12-23T11:28:17.679+0000] {logging_mixin.py:188} INFO - Downloaded AMZN/1766488416.json -> /tmp/minio_downloads/1766488416.json
[2025-12-23T11:28:17.695+0000] {logging_mixin.py:188} INFO - Downloaded AMZN/1766488428.json -> /tmp/minio_downloads/1766488428.json
[2025-12-23T11:28:17.710+0000] {logging_mixin.py:188} INFO - Downloaded AMZN/1766488439.json -> /tmp/minio_downloads/1766488439.json
[2025-12-23T11:28:17.726+0000] {logging_mixin.py:188} INFO - Downloaded AMZN/1766488450.json -> /tmp/minio_downloads/1766488450.json
[2025-12-23T11:28:17.748+0000] {logging_mixin.py:188} INFO - Downloaded AMZN/1766488461.json -> /tmp/minio_downloads/1766488461.json
[2025-12-23T11:28:17.765+0000] {logging_mixin.py:188} INFO - Downloaded AMZN/1766488473.json -> /tmp/minio_downloads/1766488473.json
[2025-12-23T11:28:17.783+0000] {logging_mixin.py:188} INFO - Downloaded AMZN/1766488484.json -> /tmp/minio_downloads/1766488484.json
[2025-12-23T11:28:17.799+0000] {logging_mixin.py:188} INFO - Downloaded AMZN/1766488495.json -> /tmp/minio_downloads/1766488495.json
[2025-12-23T11:28:17.816+0000] {logging_mixin.py:188} INFO - Downloaded AMZN/1766488507.json -> /tmp/minio_downloads/1766488507.json
[2025-12-23T11:28:17.832+0000] {logging_mixin.py:188} INFO - Downloaded AMZN/1766488520.json -> /tmp/minio_downloads/1766488520.json
[2025-12-23T11:28:17.850+0000] {logging_mixin.py:188} INFO - Downloaded AMZN/1766488532.json -> /tmp/minio_downloads/1766488532.json
[2025-12-23T11:28:17.865+0000] {logging_mixin.py:188} INFO - Downloaded AMZN/1766488543.json -> /tmp/minio_downloads/1766488543.json
[2025-12-23T11:28:17.882+0000] {logging_mixin.py:188} INFO - Downloaded AMZN/1766488554.json -> /tmp/minio_downloads/1766488554.json
[2025-12-23T11:28:17.895+0000] {logging_mixin.py:188} INFO - Downloaded AMZN/1766488565.json -> /tmp/minio_downloads/1766488565.json
[2025-12-23T11:28:17.912+0000] {logging_mixin.py:188} INFO - Downloaded AMZN/1766488577.json -> /tmp/minio_downloads/1766488577.json
[2025-12-23T11:28:17.929+0000] {logging_mixin.py:188} INFO - Downloaded AMZN/1766488588.json -> /tmp/minio_downloads/1766488588.json
[2025-12-23T11:28:17.943+0000] {logging_mixin.py:188} INFO - Downloaded AMZN/1766488600.json -> /tmp/minio_downloads/1766488600.json
[2025-12-23T11:28:17.960+0000] {logging_mixin.py:188} INFO - Downloaded AMZN/1766488611.json -> /tmp/minio_downloads/1766488611.json
[2025-12-23T11:28:17.973+0000] {logging_mixin.py:188} INFO - Downloaded AMZN/1766488624.json -> /tmp/minio_downloads/1766488624.json
[2025-12-23T11:28:17.990+0000] {logging_mixin.py:188} INFO - Downloaded AMZN/1766488635.json -> /tmp/minio_downloads/1766488635.json
[2025-12-23T11:28:18.004+0000] {logging_mixin.py:188} INFO - Downloaded AMZN/1766488647.json -> /tmp/minio_downloads/1766488647.json
[2025-12-23T11:28:18.022+0000] {logging_mixin.py:188} INFO - Downloaded AMZN/1766488658.json -> /tmp/minio_downloads/1766488658.json
[2025-12-23T11:28:18.036+0000] {logging_mixin.py:188} INFO - Downloaded AMZN/1766488669.json -> /tmp/minio_downloads/1766488669.json
[2025-12-23T11:28:18.053+0000] {logging_mixin.py:188} INFO - Downloaded AMZN/1766488680.json -> /tmp/minio_downloads/1766488680.json
[2025-12-23T11:28:18.067+0000] {logging_mixin.py:188} INFO - Downloaded AMZN/1766488692.json -> /tmp/minio_downloads/1766488692.json
[2025-12-23T11:28:18.082+0000] {logging_mixin.py:188} INFO - Downloaded AMZN/1766488703.json -> /tmp/minio_downloads/1766488703.json
[2025-12-23T11:28:18.097+0000] {logging_mixin.py:188} INFO - Downloaded AMZN/1766488715.json -> /tmp/minio_downloads/1766488715.json
[2025-12-23T11:28:18.112+0000] {logging_mixin.py:188} INFO - Downloaded AMZN/1766488728.json -> /tmp/minio_downloads/1766488728.json
[2025-12-23T11:28:18.125+0000] {logging_mixin.py:188} INFO - Downloaded AMZN/1766488742.json -> /tmp/minio_downloads/1766488742.json
[2025-12-23T11:28:18.142+0000] {logging_mixin.py:188} INFO - Downloaded AMZN/1766488754.json -> /tmp/minio_downloads/1766488754.json
[2025-12-23T11:28:18.155+0000] {logging_mixin.py:188} INFO - Downloaded AMZN/1766488766.json -> /tmp/minio_downloads/1766488766.json
[2025-12-23T11:28:18.171+0000] {logging_mixin.py:188} INFO - Downloaded AMZN/1766488778.json -> /tmp/minio_downloads/1766488778.json
[2025-12-23T11:28:18.190+0000] {logging_mixin.py:188} INFO - Downloaded AMZN/1766488791.json -> /tmp/minio_downloads/1766488791.json
[2025-12-23T11:28:18.215+0000] {logging_mixin.py:188} INFO - Downloaded AMZN/1766488803.json -> /tmp/minio_downloads/1766488803.json
[2025-12-23T11:28:18.263+0000] {logging_mixin.py:188} INFO - Downloaded AMZN/1766488815.json -> /tmp/minio_downloads/1766488815.json
[2025-12-23T11:28:18.299+0000] {logging_mixin.py:188} INFO - Downloaded AMZN/1766488828.json -> /tmp/minio_downloads/1766488828.json
[2025-12-23T11:28:18.334+0000] {logging_mixin.py:188} INFO - Downloaded AMZN/1766488842.json -> /tmp/minio_downloads/1766488842.json
[2025-12-23T11:28:18.369+0000] {logging_mixin.py:188} INFO - Downloaded AMZN/1766488854.json -> /tmp/minio_downloads/1766488854.json
[2025-12-23T11:28:18.402+0000] {logging_mixin.py:188} INFO - Downloaded AMZN/1766488865.json -> /tmp/minio_downloads/1766488865.json
[2025-12-23T11:28:18.436+0000] {logging_mixin.py:188} INFO - Downloaded AMZN/1766488878.json -> /tmp/minio_downloads/1766488878.json
[2025-12-23T11:28:18.473+0000] {logging_mixin.py:188} INFO - Downloaded AMZN/1766488889.json -> /tmp/minio_downloads/1766488889.json
[2025-12-23T11:28:18.514+0000] {logging_mixin.py:188} INFO - Downloaded AMZN/1766488901.json -> /tmp/minio_downloads/1766488901.json
[2025-12-23T11:28:18.543+0000] {logging_mixin.py:188} INFO - Downloaded AMZN/1766488913.json -> /tmp/minio_downloads/1766488913.json
[2025-12-23T11:28:18.586+0000] {logging_mixin.py:188} INFO - Downloaded AMZN/1766488924.json -> /tmp/minio_downloads/1766488924.json
[2025-12-23T11:28:18.609+0000] {logging_mixin.py:188} INFO - Downloaded AMZN/1766488935.json -> /tmp/minio_downloads/1766488935.json
[2025-12-23T11:28:18.662+0000] {logging_mixin.py:188} INFO - Downloaded AMZN/1766488948.json -> /tmp/minio_downloads/1766488948.json
[2025-12-23T11:28:18.703+0000] {logging_mixin.py:188} INFO - Downloaded AMZN/1766488959.json -> /tmp/minio_downloads/1766488959.json
[2025-12-23T11:28:18.771+0000] {logging_mixin.py:188} INFO - Downloaded AMZN/1766488970.json -> /tmp/minio_downloads/1766488970.json
[2025-12-23T11:28:18.807+0000] {logging_mixin.py:188} INFO - Downloaded AMZN/1766488981.json -> /tmp/minio_downloads/1766488981.json
[2025-12-23T11:28:18.843+0000] {logging_mixin.py:188} INFO - Downloaded AMZN/1766488993.json -> /tmp/minio_downloads/1766488993.json
[2025-12-23T11:28:18.899+0000] {logging_mixin.py:188} INFO - Downloaded AMZN/1766489005.json -> /tmp/minio_downloads/1766489005.json
[2025-12-23T11:28:18.932+0000] {logging_mixin.py:188} INFO - Downloaded AMZN/1766489017.json -> /tmp/minio_downloads/1766489017.json
[2025-12-23T11:28:18.954+0000] {logging_mixin.py:188} INFO - Downloaded AMZN/1766489029.json -> /tmp/minio_downloads/1766489029.json
[2025-12-23T11:28:18.979+0000] {logging_mixin.py:188} INFO - Downloaded AMZN/1766489041.json -> /tmp/minio_downloads/1766489041.json
[2025-12-23T11:28:19.006+0000] {logging_mixin.py:188} INFO - Downloaded AMZN/1766489052.json -> /tmp/minio_downloads/1766489052.json
[2025-12-23T11:28:19.034+0000] {logging_mixin.py:188} INFO - Downloaded AMZN/1766489063.json -> /tmp/minio_downloads/1766489063.json
[2025-12-23T11:28:19.062+0000] {logging_mixin.py:188} INFO - Downloaded AMZN/1766489075.json -> /tmp/minio_downloads/1766489075.json
[2025-12-23T11:28:19.086+0000] {logging_mixin.py:188} INFO - Downloaded AMZN/1766489086.json -> /tmp/minio_downloads/1766489086.json
[2025-12-23T11:28:19.117+0000] {logging_mixin.py:188} INFO - Downloaded AMZN/1766489098.json -> /tmp/minio_downloads/1766489098.json
[2025-12-23T11:28:19.155+0000] {logging_mixin.py:188} INFO - Downloaded AMZN/1766489109.json -> /tmp/minio_downloads/1766489109.json
[2025-12-23T11:28:19.180+0000] {logging_mixin.py:188} INFO - Downloaded AMZN/1766489120.json -> /tmp/minio_downloads/1766489120.json
[2025-12-23T11:28:19.210+0000] {logging_mixin.py:188} INFO - Downloaded AMZN/1766489132.json -> /tmp/minio_downloads/1766489132.json
[2025-12-23T11:28:19.235+0000] {logging_mixin.py:188} INFO - Downloaded AMZN/1766489144.json -> /tmp/minio_downloads/1766489144.json
[2025-12-23T11:28:19.255+0000] {logging_mixin.py:188} INFO - Downloaded AMZN/1766489157.json -> /tmp/minio_downloads/1766489157.json
[2025-12-23T11:28:19.295+0000] {logging_mixin.py:188} INFO - Downloaded AMZN/1766489169.json -> /tmp/minio_downloads/1766489169.json
[2025-12-23T11:28:19.320+0000] {logging_mixin.py:188} INFO - Downloaded AMZN/1766489180.json -> /tmp/minio_downloads/1766489180.json
[2025-12-23T11:28:19.352+0000] {logging_mixin.py:188} INFO - Downloaded AMZN/1766489192.json -> /tmp/minio_downloads/1766489192.json
[2025-12-23T11:28:19.376+0000] {logging_mixin.py:188} INFO - Downloaded AMZN/1766489203.json -> /tmp/minio_downloads/1766489203.json
[2025-12-23T11:28:19.397+0000] {logging_mixin.py:188} INFO - Downloaded AMZN/1766489215.json -> /tmp/minio_downloads/1766489215.json
[2025-12-23T11:28:19.418+0000] {logging_mixin.py:188} INFO - Downloaded AMZN/1766489226.json -> /tmp/minio_downloads/1766489226.json
[2025-12-23T11:28:19.441+0000] {logging_mixin.py:188} INFO - Downloaded AMZN/1766489238.json -> /tmp/minio_downloads/1766489238.json
[2025-12-23T11:28:19.461+0000] {logging_mixin.py:188} INFO - Downloaded AMZN/1766489250.json -> /tmp/minio_downloads/1766489250.json
[2025-12-23T11:28:19.483+0000] {logging_mixin.py:188} INFO - Downloaded AMZN/1766489262.json -> /tmp/minio_downloads/1766489262.json
[2025-12-23T11:28:19.506+0000] {logging_mixin.py:188} INFO - Downloaded AMZN/1766489274.json -> /tmp/minio_downloads/1766489274.json
[2025-12-23T11:28:19.524+0000] {logging_mixin.py:188} INFO - Downloaded AMZN/1766489285.json -> /tmp/minio_downloads/1766489285.json
[2025-12-23T11:28:19.540+0000] {logging_mixin.py:188} INFO - Downloaded GOOGL/1766488209.json -> /tmp/minio_downloads/1766488209.json
[2025-12-23T11:28:19.556+0000] {logging_mixin.py:188} INFO - Downloaded GOOGL/1766488220.json -> /tmp/minio_downloads/1766488220.json
[2025-12-23T11:28:19.571+0000] {logging_mixin.py:188} INFO - Downloaded GOOGL/1766488232.json -> /tmp/minio_downloads/1766488232.json
[2025-12-23T11:28:19.587+0000] {logging_mixin.py:188} INFO - Downloaded GOOGL/1766488244.json -> /tmp/minio_downloads/1766488244.json
[2025-12-23T11:28:19.605+0000] {logging_mixin.py:188} INFO - Downloaded GOOGL/1766488255.json -> /tmp/minio_downloads/1766488255.json
[2025-12-23T11:28:19.620+0000] {logging_mixin.py:188} INFO - Downloaded GOOGL/1766488266.json -> /tmp/minio_downloads/1766488266.json
[2025-12-23T11:28:19.636+0000] {logging_mixin.py:188} INFO - Downloaded GOOGL/1766488277.json -> /tmp/minio_downloads/1766488277.json
[2025-12-23T11:28:19.651+0000] {logging_mixin.py:188} INFO - Downloaded GOOGL/1766488289.json -> /tmp/minio_downloads/1766488289.json
[2025-12-23T11:28:19.664+0000] {logging_mixin.py:188} INFO - Downloaded GOOGL/1766488300.json -> /tmp/minio_downloads/1766488300.json
[2025-12-23T11:28:19.682+0000] {logging_mixin.py:188} INFO - Downloaded GOOGL/1766488311.json -> /tmp/minio_downloads/1766488311.json
[2025-12-23T11:28:19.702+0000] {logging_mixin.py:188} INFO - Downloaded GOOGL/1766488322.json -> /tmp/minio_downloads/1766488322.json
[2025-12-23T11:28:19.720+0000] {logging_mixin.py:188} INFO - Downloaded GOOGL/1766488334.json -> /tmp/minio_downloads/1766488334.json
[2025-12-23T11:28:19.738+0000] {logging_mixin.py:188} INFO - Downloaded GOOGL/1766488346.json -> /tmp/minio_downloads/1766488346.json
[2025-12-23T11:28:19.755+0000] {logging_mixin.py:188} INFO - Downloaded GOOGL/1766488358.json -> /tmp/minio_downloads/1766488358.json
[2025-12-23T11:28:19.771+0000] {logging_mixin.py:188} INFO - Downloaded GOOGL/1766488370.json -> /tmp/minio_downloads/1766488370.json
[2025-12-23T11:28:19.789+0000] {logging_mixin.py:188} INFO - Downloaded GOOGL/1766488381.json -> /tmp/minio_downloads/1766488381.json
[2025-12-23T11:28:19.804+0000] {logging_mixin.py:188} INFO - Downloaded GOOGL/1766488392.json -> /tmp/minio_downloads/1766488392.json
[2025-12-23T11:28:19.818+0000] {logging_mixin.py:188} INFO - Downloaded GOOGL/1766488404.json -> /tmp/minio_downloads/1766488404.json
[2025-12-23T11:28:19.834+0000] {logging_mixin.py:188} INFO - Downloaded GOOGL/1766488415.json -> /tmp/minio_downloads/1766488415.json
[2025-12-23T11:28:19.848+0000] {logging_mixin.py:188} INFO - Downloaded GOOGL/1766488427.json -> /tmp/minio_downloads/1766488427.json
[2025-12-23T11:28:19.863+0000] {logging_mixin.py:188} INFO - Downloaded GOOGL/1766488438.json -> /tmp/minio_downloads/1766488438.json
[2025-12-23T11:28:19.876+0000] {logging_mixin.py:188} INFO - Downloaded GOOGL/1766488449.json -> /tmp/minio_downloads/1766488449.json
[2025-12-23T11:28:19.891+0000] {logging_mixin.py:188} INFO - Downloaded GOOGL/1766488460.json -> /tmp/minio_downloads/1766488460.json
[2025-12-23T11:28:19.904+0000] {logging_mixin.py:188} INFO - Downloaded GOOGL/1766488471.json -> /tmp/minio_downloads/1766488471.json
[2025-12-23T11:28:19.919+0000] {logging_mixin.py:188} INFO - Downloaded GOOGL/1766488483.json -> /tmp/minio_downloads/1766488483.json
[2025-12-23T11:28:19.934+0000] {logging_mixin.py:188} INFO - Downloaded GOOGL/1766488494.json -> /tmp/minio_downloads/1766488494.json
[2025-12-23T11:28:19.949+0000] {logging_mixin.py:188} INFO - Downloaded GOOGL/1766488505.json -> /tmp/minio_downloads/1766488505.json
[2025-12-23T11:28:19.963+0000] {logging_mixin.py:188} INFO - Downloaded GOOGL/1766488519.json -> /tmp/minio_downloads/1766488519.json
[2025-12-23T11:28:19.980+0000] {logging_mixin.py:188} INFO - Downloaded GOOGL/1766488531.json -> /tmp/minio_downloads/1766488531.json
[2025-12-23T11:28:19.999+0000] {logging_mixin.py:188} INFO - Downloaded GOOGL/1766488542.json -> /tmp/minio_downloads/1766488542.json
[2025-12-23T11:28:20.019+0000] {logging_mixin.py:188} INFO - Downloaded GOOGL/1766488553.json -> /tmp/minio_downloads/1766488553.json
[2025-12-23T11:28:20.041+0000] {logging_mixin.py:188} INFO - Downloaded GOOGL/1766488564.json -> /tmp/minio_downloads/1766488564.json
[2025-12-23T11:28:20.055+0000] {logging_mixin.py:188} INFO - Downloaded GOOGL/1766488575.json -> /tmp/minio_downloads/1766488575.json
[2025-12-23T11:28:20.069+0000] {logging_mixin.py:188} INFO - Downloaded GOOGL/1766488587.json -> /tmp/minio_downloads/1766488587.json
[2025-12-23T11:28:20.084+0000] {logging_mixin.py:188} INFO - Downloaded GOOGL/1766488599.json -> /tmp/minio_downloads/1766488599.json
[2025-12-23T11:28:20.099+0000] {logging_mixin.py:188} INFO - Downloaded GOOGL/1766488610.json -> /tmp/minio_downloads/1766488610.json
[2025-12-23T11:28:20.121+0000] {logging_mixin.py:188} INFO - Downloaded GOOGL/1766488622.json -> /tmp/minio_downloads/1766488622.json
[2025-12-23T11:28:20.135+0000] {logging_mixin.py:188} INFO - Downloaded GOOGL/1766488634.json -> /tmp/minio_downloads/1766488634.json
[2025-12-23T11:28:20.150+0000] {logging_mixin.py:188} INFO - Downloaded GOOGL/1766488646.json -> /tmp/minio_downloads/1766488646.json
[2025-12-23T11:28:20.167+0000] {logging_mixin.py:188} INFO - Downloaded GOOGL/1766488657.json -> /tmp/minio_downloads/1766488657.json
[2025-12-23T11:28:20.188+0000] {logging_mixin.py:188} INFO - Downloaded GOOGL/1766488668.json -> /tmp/minio_downloads/1766488668.json
[2025-12-23T11:28:20.207+0000] {logging_mixin.py:188} INFO - Downloaded GOOGL/1766488679.json -> /tmp/minio_downloads/1766488679.json
[2025-12-23T11:28:20.223+0000] {logging_mixin.py:188} INFO - Downloaded GOOGL/1766488691.json -> /tmp/minio_downloads/1766488691.json
[2025-12-23T11:28:20.242+0000] {logging_mixin.py:188} INFO - Downloaded GOOGL/1766488702.json -> /tmp/minio_downloads/1766488702.json
[2025-12-23T11:28:20.261+0000] {logging_mixin.py:188} INFO - Downloaded GOOGL/1766488714.json -> /tmp/minio_downloads/1766488714.json
[2025-12-23T11:28:20.278+0000] {logging_mixin.py:188} INFO - Downloaded GOOGL/1766488727.json -> /tmp/minio_downloads/1766488727.json
[2025-12-23T11:28:20.300+0000] {logging_mixin.py:188} INFO - Downloaded GOOGL/1766488741.json -> /tmp/minio_downloads/1766488741.json
[2025-12-23T11:28:20.317+0000] {logging_mixin.py:188} INFO - Downloaded GOOGL/1766488753.json -> /tmp/minio_downloads/1766488753.json
[2025-12-23T11:28:20.331+0000] {logging_mixin.py:188} INFO - Downloaded GOOGL/1766488765.json -> /tmp/minio_downloads/1766488765.json
[2025-12-23T11:28:20.345+0000] {logging_mixin.py:188} INFO - Downloaded GOOGL/1766488776.json -> /tmp/minio_downloads/1766488776.json
[2025-12-23T11:28:20.362+0000] {logging_mixin.py:188} INFO - Downloaded GOOGL/1766488790.json -> /tmp/minio_downloads/1766488790.json
[2025-12-23T11:28:20.379+0000] {logging_mixin.py:188} INFO - Downloaded GOOGL/1766488802.json -> /tmp/minio_downloads/1766488802.json
[2025-12-23T11:28:20.392+0000] {logging_mixin.py:188} INFO - Downloaded GOOGL/1766488814.json -> /tmp/minio_downloads/1766488814.json
[2025-12-23T11:28:20.416+0000] {logging_mixin.py:188} INFO - Downloaded GOOGL/1766488827.json -> /tmp/minio_downloads/1766488827.json
[2025-12-23T11:28:20.444+0000] {logging_mixin.py:188} INFO - Downloaded GOOGL/1766488840.json -> /tmp/minio_downloads/1766488840.json
[2025-12-23T11:28:20.469+0000] {logging_mixin.py:188} INFO - Downloaded GOOGL/1766488852.json -> /tmp/minio_downloads/1766488852.json
[2025-12-23T11:28:20.492+0000] {logging_mixin.py:188} INFO - Downloaded GOOGL/1766488864.json -> /tmp/minio_downloads/1766488864.json
[2025-12-23T11:28:20.514+0000] {logging_mixin.py:188} INFO - Downloaded GOOGL/1766488876.json -> /tmp/minio_downloads/1766488876.json
[2025-12-23T11:28:20.536+0000] {logging_mixin.py:188} INFO - Downloaded GOOGL/1766488888.json -> /tmp/minio_downloads/1766488888.json
[2025-12-23T11:28:20.556+0000] {logging_mixin.py:188} INFO - Downloaded GOOGL/1766488900.json -> /tmp/minio_downloads/1766488900.json
[2025-12-23T11:28:20.577+0000] {logging_mixin.py:188} INFO - Downloaded GOOGL/1766488912.json -> /tmp/minio_downloads/1766488912.json
[2025-12-23T11:28:20.605+0000] {logging_mixin.py:188} INFO - Downloaded GOOGL/1766488923.json -> /tmp/minio_downloads/1766488923.json
[2025-12-23T11:28:20.632+0000] {logging_mixin.py:188} INFO - Downloaded GOOGL/1766488934.json -> /tmp/minio_downloads/1766488934.json
[2025-12-23T11:28:20.656+0000] {logging_mixin.py:188} INFO - Downloaded GOOGL/1766488947.json -> /tmp/minio_downloads/1766488947.json
[2025-12-23T11:28:20.678+0000] {logging_mixin.py:188} INFO - Downloaded GOOGL/1766488958.json -> /tmp/minio_downloads/1766488958.json
[2025-12-23T11:28:20.698+0000] {logging_mixin.py:188} INFO - Downloaded GOOGL/1766488969.json -> /tmp/minio_downloads/1766488969.json
[2025-12-23T11:28:20.714+0000] {logging_mixin.py:188} INFO - Downloaded GOOGL/1766488980.json -> /tmp/minio_downloads/1766488980.json
[2025-12-23T11:28:20.729+0000] {logging_mixin.py:188} INFO - Downloaded GOOGL/1766488992.json -> /tmp/minio_downloads/1766488992.json
[2025-12-23T11:28:20.745+0000] {logging_mixin.py:188} INFO - Downloaded GOOGL/1766489004.json -> /tmp/minio_downloads/1766489004.json
[2025-12-23T11:28:20.760+0000] {logging_mixin.py:188} INFO - Downloaded GOOGL/1766489016.json -> /tmp/minio_downloads/1766489016.json
[2025-12-23T11:28:20.773+0000] {logging_mixin.py:188} INFO - Downloaded GOOGL/1766489028.json -> /tmp/minio_downloads/1766489028.json
[2025-12-23T11:28:20.786+0000] {logging_mixin.py:188} INFO - Downloaded GOOGL/1766489040.json -> /tmp/minio_downloads/1766489040.json
[2025-12-23T11:28:20.801+0000] {logging_mixin.py:188} INFO - Downloaded GOOGL/1766489051.json -> /tmp/minio_downloads/1766489051.json
[2025-12-23T11:28:20.814+0000] {logging_mixin.py:188} INFO - Downloaded GOOGL/1766489062.json -> /tmp/minio_downloads/1766489062.json
[2025-12-23T11:28:20.828+0000] {logging_mixin.py:188} INFO - Downloaded GOOGL/1766489074.json -> /tmp/minio_downloads/1766489074.json
[2025-12-23T11:28:20.841+0000] {logging_mixin.py:188} INFO - Downloaded GOOGL/1766489085.json -> /tmp/minio_downloads/1766489085.json
[2025-12-23T11:28:20.854+0000] {logging_mixin.py:188} INFO - Downloaded GOOGL/1766489097.json -> /tmp/minio_downloads/1766489097.json
[2025-12-23T11:28:20.868+0000] {logging_mixin.py:188} INFO - Downloaded GOOGL/1766489108.json -> /tmp/minio_downloads/1766489108.json
[2025-12-23T11:28:20.880+0000] {logging_mixin.py:188} INFO - Downloaded GOOGL/1766489119.json -> /tmp/minio_downloads/1766489119.json
[2025-12-23T11:28:20.894+0000] {logging_mixin.py:188} INFO - Downloaded GOOGL/1766489131.json -> /tmp/minio_downloads/1766489131.json
[2025-12-23T11:28:20.907+0000] {logging_mixin.py:188} INFO - Downloaded GOOGL/1766489143.json -> /tmp/minio_downloads/1766489143.json
[2025-12-23T11:28:20.920+0000] {logging_mixin.py:188} INFO - Downloaded GOOGL/1766489156.json -> /tmp/minio_downloads/1766489156.json
[2025-12-23T11:28:20.934+0000] {logging_mixin.py:188} INFO - Downloaded GOOGL/1766489168.json -> /tmp/minio_downloads/1766489168.json
[2025-12-23T11:28:20.947+0000] {logging_mixin.py:188} INFO - Downloaded GOOGL/1766489179.json -> /tmp/minio_downloads/1766489179.json
[2025-12-23T11:28:20.959+0000] {logging_mixin.py:188} INFO - Downloaded GOOGL/1766489191.json -> /tmp/minio_downloads/1766489191.json
[2025-12-23T11:28:20.986+0000] {logging_mixin.py:188} INFO - Downloaded GOOGL/1766489202.json -> /tmp/minio_downloads/1766489202.json
[2025-12-23T11:28:21.010+0000] {logging_mixin.py:188} INFO - Downloaded GOOGL/1766489214.json -> /tmp/minio_downloads/1766489214.json
[2025-12-23T11:28:21.038+0000] {logging_mixin.py:188} INFO - Downloaded GOOGL/1766489225.json -> /tmp/minio_downloads/1766489225.json
[2025-12-23T11:28:21.070+0000] {logging_mixin.py:188} INFO - Downloaded GOOGL/1766489237.json -> /tmp/minio_downloads/1766489237.json
[2025-12-23T11:28:21.099+0000] {logging_mixin.py:188} INFO - Downloaded GOOGL/1766489249.json -> /tmp/minio_downloads/1766489249.json
[2025-12-23T11:28:21.136+0000] {logging_mixin.py:188} INFO - Downloaded GOOGL/1766489261.json -> /tmp/minio_downloads/1766489261.json
[2025-12-23T11:28:21.189+0000] {logging_mixin.py:188} INFO - Downloaded GOOGL/1766489273.json -> /tmp/minio_downloads/1766489273.json
[2025-12-23T11:28:21.227+0000] {logging_mixin.py:188} INFO - Downloaded GOOGL/1766489284.json -> /tmp/minio_downloads/1766489284.json
[2025-12-23T11:28:21.256+0000] {logging_mixin.py:188} INFO - Downloaded MSFT/1766488207.json -> /tmp/minio_downloads/1766488207.json
[2025-12-23T11:28:21.283+0000] {logging_mixin.py:188} INFO - Downloaded MSFT/1766488218.json -> /tmp/minio_downloads/1766488218.json
[2025-12-23T11:28:21.320+0000] {logging_mixin.py:188} INFO - Downloaded MSFT/1766488229.json -> /tmp/minio_downloads/1766488229.json
[2025-12-23T11:28:21.350+0000] {logging_mixin.py:188} INFO - Downloaded MSFT/1766488242.json -> /tmp/minio_downloads/1766488242.json
[2025-12-23T11:28:21.367+0000] {logging_mixin.py:188} INFO - Downloaded MSFT/1766488253.json -> /tmp/minio_downloads/1766488253.json
[2025-12-23T11:28:21.382+0000] {logging_mixin.py:188} INFO - Downloaded MSFT/1766488264.json -> /tmp/minio_downloads/1766488264.json
[2025-12-23T11:28:21.396+0000] {logging_mixin.py:188} INFO - Downloaded MSFT/1766488275.json -> /tmp/minio_downloads/1766488275.json
[2025-12-23T11:28:21.410+0000] {logging_mixin.py:188} INFO - Downloaded MSFT/1766488287.json -> /tmp/minio_downloads/1766488287.json
[2025-12-23T11:28:21.425+0000] {logging_mixin.py:188} INFO - Downloaded MSFT/1766488298.json -> /tmp/minio_downloads/1766488298.json
[2025-12-23T11:28:21.440+0000] {logging_mixin.py:188} INFO - Downloaded MSFT/1766488309.json -> /tmp/minio_downloads/1766488309.json
[2025-12-23T11:28:21.457+0000] {logging_mixin.py:188} INFO - Downloaded MSFT/1766488320.json -> /tmp/minio_downloads/1766488320.json
[2025-12-23T11:28:21.471+0000] {logging_mixin.py:188} INFO - Downloaded MSFT/1766488332.json -> /tmp/minio_downloads/1766488332.json
[2025-12-23T11:28:21.487+0000] {logging_mixin.py:188} INFO - Downloaded MSFT/1766488344.json -> /tmp/minio_downloads/1766488344.json
[2025-12-23T11:28:21.503+0000] {logging_mixin.py:188} INFO - Downloaded MSFT/1766488356.json -> /tmp/minio_downloads/1766488356.json
[2025-12-23T11:28:21.519+0000] {logging_mixin.py:188} INFO - Downloaded MSFT/1766488368.json -> /tmp/minio_downloads/1766488368.json
[2025-12-23T11:28:21.536+0000] {logging_mixin.py:188} INFO - Downloaded MSFT/1766488379.json -> /tmp/minio_downloads/1766488379.json
[2025-12-23T11:28:21.551+0000] {logging_mixin.py:188} INFO - Downloaded MSFT/1766488390.json -> /tmp/minio_downloads/1766488390.json
[2025-12-23T11:28:21.564+0000] {logging_mixin.py:188} INFO - Downloaded MSFT/1766488402.json -> /tmp/minio_downloads/1766488402.json
[2025-12-23T11:28:21.577+0000] {logging_mixin.py:188} INFO - Downloaded MSFT/1766488413.json -> /tmp/minio_downloads/1766488413.json
[2025-12-23T11:28:21.590+0000] {logging_mixin.py:188} INFO - Downloaded MSFT/1766488425.json -> /tmp/minio_downloads/1766488425.json
[2025-12-23T11:28:21.603+0000] {logging_mixin.py:188} INFO - Downloaded MSFT/1766488436.json -> /tmp/minio_downloads/1766488436.json
[2025-12-23T11:28:21.621+0000] {logging_mixin.py:188} INFO - Downloaded MSFT/1766488447.json -> /tmp/minio_downloads/1766488447.json
[2025-12-23T11:28:21.635+0000] {logging_mixin.py:188} INFO - Downloaded MSFT/1766488458.json -> /tmp/minio_downloads/1766488458.json
[2025-12-23T11:28:21.652+0000] {logging_mixin.py:188} INFO - Downloaded MSFT/1766488469.json -> /tmp/minio_downloads/1766488469.json
[2025-12-23T11:28:21.664+0000] {logging_mixin.py:188} INFO - Downloaded MSFT/1766488480.json -> /tmp/minio_downloads/1766488480.json
[2025-12-23T11:28:21.679+0000] {logging_mixin.py:188} INFO - Downloaded MSFT/1766488492.json -> /tmp/minio_downloads/1766488492.json
[2025-12-23T11:28:21.694+0000] {logging_mixin.py:188} INFO - Downloaded MSFT/1766488503.json -> /tmp/minio_downloads/1766488503.json
[2025-12-23T11:28:21.766+0000] {logging_mixin.py:188} INFO - Downloaded MSFT/1766488516.json -> /tmp/minio_downloads/1766488516.json
[2025-12-23T11:28:21.786+0000] {logging_mixin.py:188} INFO - Downloaded MSFT/1766488529.json -> /tmp/minio_downloads/1766488529.json
[2025-12-23T11:28:21.804+0000] {logging_mixin.py:188} INFO - Downloaded MSFT/1766488540.json -> /tmp/minio_downloads/1766488540.json
[2025-12-23T11:28:21.818+0000] {logging_mixin.py:188} INFO - Downloaded MSFT/1766488551.json -> /tmp/minio_downloads/1766488551.json
[2025-12-23T11:28:21.832+0000] {logging_mixin.py:188} INFO - Downloaded MSFT/1766488562.json -> /tmp/minio_downloads/1766488562.json
[2025-12-23T11:28:21.846+0000] {logging_mixin.py:188} INFO - Downloaded MSFT/1766488573.json -> /tmp/minio_downloads/1766488573.json
[2025-12-23T11:28:21.859+0000] {logging_mixin.py:188} INFO - Downloaded MSFT/1766488585.json -> /tmp/minio_downloads/1766488585.json
[2025-12-23T11:28:21.873+0000] {logging_mixin.py:188} INFO - Downloaded MSFT/1766488597.json -> /tmp/minio_downloads/1766488597.json
[2025-12-23T11:28:21.886+0000] {logging_mixin.py:188} INFO - Downloaded MSFT/1766488608.json -> /tmp/minio_downloads/1766488608.json
[2025-12-23T11:28:21.904+0000] {logging_mixin.py:188} INFO - Downloaded MSFT/1766488620.json -> /tmp/minio_downloads/1766488620.json
[2025-12-23T11:28:21.920+0000] {logging_mixin.py:188} INFO - Downloaded MSFT/1766488632.json -> /tmp/minio_downloads/1766488632.json
[2025-12-23T11:28:21.934+0000] {logging_mixin.py:188} INFO - Downloaded MSFT/1766488643.json -> /tmp/minio_downloads/1766488643.json
[2025-12-23T11:28:21.949+0000] {logging_mixin.py:188} INFO - Downloaded MSFT/1766488655.json -> /tmp/minio_downloads/1766488655.json
[2025-12-23T11:28:21.963+0000] {logging_mixin.py:188} INFO - Downloaded MSFT/1766488666.json -> /tmp/minio_downloads/1766488666.json
[2025-12-23T11:28:21.978+0000] {logging_mixin.py:188} INFO - Downloaded MSFT/1766488677.json -> /tmp/minio_downloads/1766488677.json
[2025-12-23T11:28:21.992+0000] {logging_mixin.py:188} INFO - Downloaded MSFT/1766488688.json -> /tmp/minio_downloads/1766488688.json
[2025-12-23T11:28:22.004+0000] {logging_mixin.py:188} INFO - Downloaded MSFT/1766488700.json -> /tmp/minio_downloads/1766488700.json
[2025-12-23T11:28:22.017+0000] {logging_mixin.py:188} INFO - Downloaded MSFT/1766488712.json -> /tmp/minio_downloads/1766488712.json
[2025-12-23T11:28:22.031+0000] {logging_mixin.py:188} INFO - Downloaded MSFT/1766488724.json -> /tmp/minio_downloads/1766488724.json
[2025-12-23T11:28:22.046+0000] {logging_mixin.py:188} INFO - Downloaded MSFT/1766488737.json -> /tmp/minio_downloads/1766488737.json
[2025-12-23T11:28:22.060+0000] {logging_mixin.py:188} INFO - Downloaded MSFT/1766488751.json -> /tmp/minio_downloads/1766488751.json
[2025-12-23T11:28:22.073+0000] {logging_mixin.py:188} INFO - Downloaded MSFT/1766488762.json -> /tmp/minio_downloads/1766488762.json
[2025-12-23T11:28:22.087+0000] {logging_mixin.py:188} INFO - Downloaded MSFT/1766488774.json -> /tmp/minio_downloads/1766488774.json
[2025-12-23T11:28:22.100+0000] {logging_mixin.py:188} INFO - Downloaded MSFT/1766488787.json -> /tmp/minio_downloads/1766488787.json
[2025-12-23T11:28:22.113+0000] {logging_mixin.py:188} INFO - Downloaded MSFT/1766488799.json -> /tmp/minio_downloads/1766488799.json
[2025-12-23T11:28:22.128+0000] {logging_mixin.py:188} INFO - Downloaded MSFT/1766488812.json -> /tmp/minio_downloads/1766488812.json
[2025-12-23T11:28:22.140+0000] {logging_mixin.py:188} INFO - Downloaded MSFT/1766488824.json -> /tmp/minio_downloads/1766488824.json
[2025-12-23T11:28:22.159+0000] {logging_mixin.py:188} INFO - Downloaded MSFT/1766488837.json -> /tmp/minio_downloads/1766488837.json
[2025-12-23T11:28:22.209+0000] {logging_mixin.py:188} INFO - Downloaded MSFT/1766488850.json -> /tmp/minio_downloads/1766488850.json
[2025-12-23T11:28:22.229+0000] {logging_mixin.py:188} INFO - Downloaded MSFT/1766488862.json -> /tmp/minio_downloads/1766488862.json
[2025-12-23T11:28:22.250+0000] {logging_mixin.py:188} INFO - Downloaded MSFT/1766488874.json -> /tmp/minio_downloads/1766488874.json
[2025-12-23T11:28:22.269+0000] {logging_mixin.py:188} INFO - Downloaded MSFT/1766488886.json -> /tmp/minio_downloads/1766488886.json
[2025-12-23T11:28:22.284+0000] {logging_mixin.py:188} INFO - Downloaded MSFT/1766488898.json -> /tmp/minio_downloads/1766488898.json
[2025-12-23T11:28:22.298+0000] {logging_mixin.py:188} INFO - Downloaded MSFT/1766488909.json -> /tmp/minio_downloads/1766488909.json
[2025-12-23T11:28:22.313+0000] {logging_mixin.py:188} INFO - Downloaded MSFT/1766488921.json -> /tmp/minio_downloads/1766488921.json
[2025-12-23T11:28:22.326+0000] {logging_mixin.py:188} INFO - Downloaded MSFT/1766488932.json -> /tmp/minio_downloads/1766488932.json
[2025-12-23T11:28:22.341+0000] {logging_mixin.py:188} INFO - Downloaded MSFT/1766488944.json -> /tmp/minio_downloads/1766488944.json
[2025-12-23T11:28:22.356+0000] {logging_mixin.py:188} INFO - Downloaded MSFT/1766488956.json -> /tmp/minio_downloads/1766488956.json
[2025-12-23T11:28:22.371+0000] {logging_mixin.py:188} INFO - Downloaded MSFT/1766488967.json -> /tmp/minio_downloads/1766488967.json
[2025-12-23T11:28:22.385+0000] {logging_mixin.py:188} INFO - Downloaded MSFT/1766488978.json -> /tmp/minio_downloads/1766488978.json
[2025-12-23T11:28:22.398+0000] {logging_mixin.py:188} INFO - Downloaded MSFT/1766488990.json -> /tmp/minio_downloads/1766488990.json
[2025-12-23T11:28:22.411+0000] {logging_mixin.py:188} INFO - Downloaded MSFT/1766489002.json -> /tmp/minio_downloads/1766489002.json
[2025-12-23T11:28:22.424+0000] {logging_mixin.py:188} INFO - Downloaded MSFT/1766489013.json -> /tmp/minio_downloads/1766489013.json
[2025-12-23T11:28:22.437+0000] {logging_mixin.py:188} INFO - Downloaded MSFT/1766489025.json -> /tmp/minio_downloads/1766489025.json
[2025-12-23T11:28:22.450+0000] {logging_mixin.py:188} INFO - Downloaded MSFT/1766489038.json -> /tmp/minio_downloads/1766489038.json
[2025-12-23T11:28:22.464+0000] {logging_mixin.py:188} INFO - Downloaded MSFT/1766489049.json -> /tmp/minio_downloads/1766489049.json
[2025-12-23T11:28:22.478+0000] {logging_mixin.py:188} INFO - Downloaded MSFT/1766489060.json -> /tmp/minio_downloads/1766489060.json
[2025-12-23T11:28:22.492+0000] {logging_mixin.py:188} INFO - Downloaded MSFT/1766489072.json -> /tmp/minio_downloads/1766489072.json
[2025-12-23T11:28:22.507+0000] {logging_mixin.py:188} INFO - Downloaded MSFT/1766489083.json -> /tmp/minio_downloads/1766489083.json
[2025-12-23T11:28:22.521+0000] {logging_mixin.py:188} INFO - Downloaded MSFT/1766489095.json -> /tmp/minio_downloads/1766489095.json
[2025-12-23T11:28:22.534+0000] {logging_mixin.py:188} INFO - Downloaded MSFT/1766489106.json -> /tmp/minio_downloads/1766489106.json
[2025-12-23T11:28:22.548+0000] {logging_mixin.py:188} INFO - Downloaded MSFT/1766489117.json -> /tmp/minio_downloads/1766489117.json
[2025-12-23T11:28:22.563+0000] {logging_mixin.py:188} INFO - Downloaded MSFT/1766489129.json -> /tmp/minio_downloads/1766489129.json
[2025-12-23T11:28:22.577+0000] {logging_mixin.py:188} INFO - Downloaded MSFT/1766489140.json -> /tmp/minio_downloads/1766489140.json
[2025-12-23T11:28:22.589+0000] {logging_mixin.py:188} INFO - Downloaded MSFT/1766489153.json -> /tmp/minio_downloads/1766489153.json
[2025-12-23T11:28:22.602+0000] {logging_mixin.py:188} INFO - Downloaded MSFT/1766489165.json -> /tmp/minio_downloads/1766489165.json
[2025-12-23T11:28:22.620+0000] {logging_mixin.py:188} INFO - Downloaded MSFT/1766489177.json -> /tmp/minio_downloads/1766489177.json
[2025-12-23T11:28:22.649+0000] {logging_mixin.py:188} INFO - Downloaded MSFT/1766489189.json -> /tmp/minio_downloads/1766489189.json
[2025-12-23T11:28:22.669+0000] {logging_mixin.py:188} INFO - Downloaded MSFT/1766489200.json -> /tmp/minio_downloads/1766489200.json
[2025-12-23T11:28:22.694+0000] {logging_mixin.py:188} INFO - Downloaded MSFT/1766489212.json -> /tmp/minio_downloads/1766489212.json
[2025-12-23T11:28:22.713+0000] {logging_mixin.py:188} INFO - Downloaded MSFT/1766489223.json -> /tmp/minio_downloads/1766489223.json
[2025-12-23T11:28:22.729+0000] {logging_mixin.py:188} INFO - Downloaded MSFT/1766489235.json -> /tmp/minio_downloads/1766489235.json
[2025-12-23T11:28:22.746+0000] {logging_mixin.py:188} INFO - Downloaded MSFT/1766489247.json -> /tmp/minio_downloads/1766489247.json
[2025-12-23T11:28:22.769+0000] {logging_mixin.py:188} INFO - Downloaded MSFT/1766489259.json -> /tmp/minio_downloads/1766489259.json
[2025-12-23T11:28:22.794+0000] {logging_mixin.py:188} INFO - Downloaded MSFT/1766489271.json -> /tmp/minio_downloads/1766489271.json
[2025-12-23T11:28:22.815+0000] {logging_mixin.py:188} INFO - Downloaded MSFT/1766489282.json -> /tmp/minio_downloads/1766489282.json
[2025-12-23T11:28:22.830+0000] {logging_mixin.py:188} INFO - Downloaded MSFT/1766489294.json -> /tmp/minio_downloads/1766489294.json
[2025-12-23T11:28:22.845+0000] {logging_mixin.py:188} INFO - Downloaded TSLA/1766488208.json -> /tmp/minio_downloads/1766488208.json
[2025-12-23T11:28:22.858+0000] {logging_mixin.py:188} INFO - Downloaded TSLA/1766488219.json -> /tmp/minio_downloads/1766488219.json
[2025-12-23T11:28:22.872+0000] {logging_mixin.py:188} INFO - Downloaded TSLA/1766488231.json -> /tmp/minio_downloads/1766488231.json
[2025-12-23T11:28:22.884+0000] {logging_mixin.py:188} INFO - Downloaded TSLA/1766488243.json -> /tmp/minio_downloads/1766488243.json
[2025-12-23T11:28:22.897+0000] {logging_mixin.py:188} INFO - Downloaded TSLA/1766488254.json -> /tmp/minio_downloads/1766488254.json
[2025-12-23T11:28:22.911+0000] {logging_mixin.py:188} INFO - Downloaded TSLA/1766488265.json -> /tmp/minio_downloads/1766488265.json
[2025-12-23T11:28:22.923+0000] {logging_mixin.py:188} INFO - Downloaded TSLA/1766488276.json -> /tmp/minio_downloads/1766488276.json
[2025-12-23T11:28:22.936+0000] {logging_mixin.py:188} INFO - Downloaded TSLA/1766488288.json -> /tmp/minio_downloads/1766488288.json
[2025-12-23T11:28:22.948+0000] {logging_mixin.py:188} INFO - Downloaded TSLA/1766488299.json -> /tmp/minio_downloads/1766488299.json
[2025-12-23T11:28:22.963+0000] {logging_mixin.py:188} INFO - Downloaded TSLA/1766488310.json -> /tmp/minio_downloads/1766488310.json
[2025-12-23T11:28:22.978+0000] {logging_mixin.py:188} INFO - Downloaded TSLA/1766488321.json -> /tmp/minio_downloads/1766488321.json
[2025-12-23T11:28:22.991+0000] {logging_mixin.py:188} INFO - Downloaded TSLA/1766488333.json -> /tmp/minio_downloads/1766488333.json
[2025-12-23T11:28:23.006+0000] {logging_mixin.py:188} INFO - Downloaded TSLA/1766488345.json -> /tmp/minio_downloads/1766488345.json
[2025-12-23T11:28:23.018+0000] {logging_mixin.py:188} INFO - Downloaded TSLA/1766488357.json -> /tmp/minio_downloads/1766488357.json
[2025-12-23T11:28:23.031+0000] {logging_mixin.py:188} INFO - Downloaded TSLA/1766488369.json -> /tmp/minio_downloads/1766488369.json
[2025-12-23T11:28:23.044+0000] {logging_mixin.py:188} INFO - Downloaded TSLA/1766488380.json -> /tmp/minio_downloads/1766488380.json
[2025-12-23T11:28:23.059+0000] {logging_mixin.py:188} INFO - Downloaded TSLA/1766488391.json -> /tmp/minio_downloads/1766488391.json
[2025-12-23T11:28:23.074+0000] {logging_mixin.py:188} INFO - Downloaded TSLA/1766488403.json -> /tmp/minio_downloads/1766488403.json
[2025-12-23T11:28:23.088+0000] {logging_mixin.py:188} INFO - Downloaded TSLA/1766488414.json -> /tmp/minio_downloads/1766488414.json
[2025-12-23T11:28:23.103+0000] {logging_mixin.py:188} INFO - Downloaded TSLA/1766488426.json -> /tmp/minio_downloads/1766488426.json
[2025-12-23T11:28:23.117+0000] {logging_mixin.py:188} INFO - Downloaded TSLA/1766488437.json -> /tmp/minio_downloads/1766488437.json
[2025-12-23T11:28:23.130+0000] {logging_mixin.py:188} INFO - Downloaded TSLA/1766488448.json -> /tmp/minio_downloads/1766488448.json
[2025-12-23T11:28:23.143+0000] {logging_mixin.py:188} INFO - Downloaded TSLA/1766488459.json -> /tmp/minio_downloads/1766488459.json
[2025-12-23T11:28:23.159+0000] {logging_mixin.py:188} INFO - Downloaded TSLA/1766488470.json -> /tmp/minio_downloads/1766488470.json
[2025-12-23T11:28:23.173+0000] {logging_mixin.py:188} INFO - Downloaded TSLA/1766488481.json -> /tmp/minio_downloads/1766488481.json
[2025-12-23T11:28:23.190+0000] {logging_mixin.py:188} INFO - Downloaded TSLA/1766488493.json -> /tmp/minio_downloads/1766488493.json
[2025-12-23T11:28:23.209+0000] {logging_mixin.py:188} INFO - Downloaded TSLA/1766488504.json -> /tmp/minio_downloads/1766488504.json
[2025-12-23T11:28:23.227+0000] {logging_mixin.py:188} INFO - Downloaded TSLA/1766488517.json -> /tmp/minio_downloads/1766488517.json
[2025-12-23T11:28:23.242+0000] {logging_mixin.py:188} INFO - Downloaded TSLA/1766488530.json -> /tmp/minio_downloads/1766488530.json
[2025-12-23T11:28:23.256+0000] {logging_mixin.py:188} INFO - Downloaded TSLA/1766488541.json -> /tmp/minio_downloads/1766488541.json
[2025-12-23T11:28:23.270+0000] {logging_mixin.py:188} INFO - Downloaded TSLA/1766488552.json -> /tmp/minio_downloads/1766488552.json
[2025-12-23T11:28:23.284+0000] {logging_mixin.py:188} INFO - Downloaded TSLA/1766488563.json -> /tmp/minio_downloads/1766488563.json
[2025-12-23T11:28:23.298+0000] {logging_mixin.py:188} INFO - Downloaded TSLA/1766488574.json -> /tmp/minio_downloads/1766488574.json
[2025-12-23T11:28:23.316+0000] {logging_mixin.py:188} INFO - Downloaded TSLA/1766488586.json -> /tmp/minio_downloads/1766488586.json
[2025-12-23T11:28:23.329+0000] {logging_mixin.py:188} INFO - Downloaded TSLA/1766488598.json -> /tmp/minio_downloads/1766488598.json
[2025-12-23T11:28:23.343+0000] {logging_mixin.py:188} INFO - Downloaded TSLA/1766488609.json -> /tmp/minio_downloads/1766488609.json
[2025-12-23T11:28:23.357+0000] {logging_mixin.py:188} INFO - Downloaded TSLA/1766488621.json -> /tmp/minio_downloads/1766488621.json
[2025-12-23T11:28:23.372+0000] {logging_mixin.py:188} INFO - Downloaded TSLA/1766488633.json -> /tmp/minio_downloads/1766488633.json
[2025-12-23T11:28:23.387+0000] {logging_mixin.py:188} INFO - Downloaded TSLA/1766488645.json -> /tmp/minio_downloads/1766488645.json
[2025-12-23T11:28:23.402+0000] {logging_mixin.py:188} INFO - Downloaded TSLA/1766488656.json -> /tmp/minio_downloads/1766488656.json
[2025-12-23T11:28:23.416+0000] {logging_mixin.py:188} INFO - Downloaded TSLA/1766488667.json -> /tmp/minio_downloads/1766488667.json
[2025-12-23T11:28:23.430+0000] {logging_mixin.py:188} INFO - Downloaded TSLA/1766488678.json -> /tmp/minio_downloads/1766488678.json
[2025-12-23T11:28:23.444+0000] {logging_mixin.py:188} INFO - Downloaded TSLA/1766488689.json -> /tmp/minio_downloads/1766488689.json
[2025-12-23T11:28:23.459+0000] {logging_mixin.py:188} INFO - Downloaded TSLA/1766488701.json -> /tmp/minio_downloads/1766488701.json
[2025-12-23T11:28:23.474+0000] {logging_mixin.py:188} INFO - Downloaded TSLA/1766488713.json -> /tmp/minio_downloads/1766488713.json
[2025-12-23T11:28:23.487+0000] {logging_mixin.py:188} INFO - Downloaded TSLA/1766488725.json -> /tmp/minio_downloads/1766488725.json
[2025-12-23T11:28:23.501+0000] {logging_mixin.py:188} INFO - Downloaded TSLA/1766488739.json -> /tmp/minio_downloads/1766488739.json
[2025-12-23T11:28:23.514+0000] {logging_mixin.py:188} INFO - Downloaded TSLA/1766488752.json -> /tmp/minio_downloads/1766488752.json
[2025-12-23T11:28:23.527+0000] {logging_mixin.py:188} INFO - Downloaded TSLA/1766488764.json -> /tmp/minio_downloads/1766488764.json
[2025-12-23T11:28:23.540+0000] {logging_mixin.py:188} INFO - Downloaded TSLA/1766488775.json -> /tmp/minio_downloads/1766488775.json
[2025-12-23T11:28:23.555+0000] {logging_mixin.py:188} INFO - Downloaded TSLA/1766488789.json -> /tmp/minio_downloads/1766488789.json
[2025-12-23T11:28:23.568+0000] {logging_mixin.py:188} INFO - Downloaded TSLA/1766488800.json -> /tmp/minio_downloads/1766488800.json
[2025-12-23T11:28:23.583+0000] {logging_mixin.py:188} INFO - Downloaded TSLA/1766488813.json -> /tmp/minio_downloads/1766488813.json
[2025-12-23T11:28:23.597+0000] {logging_mixin.py:188} INFO - Downloaded TSLA/1766488825.json -> /tmp/minio_downloads/1766488825.json
[2025-12-23T11:28:23.610+0000] {logging_mixin.py:188} INFO - Downloaded TSLA/1766488838.json -> /tmp/minio_downloads/1766488838.json
[2025-12-23T11:28:23.622+0000] {logging_mixin.py:188} INFO - Downloaded TSLA/1766488851.json -> /tmp/minio_downloads/1766488851.json
[2025-12-23T11:28:23.633+0000] {logging_mixin.py:188} INFO - Downloaded TSLA/1766488863.json -> /tmp/minio_downloads/1766488863.json
[2025-12-23T11:28:23.646+0000] {logging_mixin.py:188} INFO - Downloaded TSLA/1766488875.json -> /tmp/minio_downloads/1766488875.json
[2025-12-23T11:28:23.659+0000] {logging_mixin.py:188} INFO - Downloaded TSLA/1766488887.json -> /tmp/minio_downloads/1766488887.json
[2025-12-23T11:28:23.673+0000] {logging_mixin.py:188} INFO - Downloaded TSLA/1766488899.json -> /tmp/minio_downloads/1766488899.json
[2025-12-23T11:28:23.689+0000] {logging_mixin.py:188} INFO - Downloaded TSLA/1766488911.json -> /tmp/minio_downloads/1766488911.json
[2025-12-23T11:28:23.701+0000] {logging_mixin.py:188} INFO - Downloaded TSLA/1766488922.json -> /tmp/minio_downloads/1766488922.json
[2025-12-23T11:28:23.716+0000] {logging_mixin.py:188} INFO - Downloaded TSLA/1766488933.json -> /tmp/minio_downloads/1766488933.json
[2025-12-23T11:28:23.729+0000] {logging_mixin.py:188} INFO - Downloaded TSLA/1766488945.json -> /tmp/minio_downloads/1766488945.json
[2025-12-23T11:28:23.741+0000] {logging_mixin.py:188} INFO - Downloaded TSLA/1766488957.json -> /tmp/minio_downloads/1766488957.json
[2025-12-23T11:28:23.753+0000] {logging_mixin.py:188} INFO - Downloaded TSLA/1766488968.json -> /tmp/minio_downloads/1766488968.json
[2025-12-23T11:28:23.761+0000] {logging_mixin.py:188} INFO - Downloaded TSLA/1766488979.json -> /tmp/minio_downloads/1766488979.json
[2025-12-23T11:28:23.773+0000] {logging_mixin.py:188} INFO - Downloaded TSLA/1766488991.json -> /tmp/minio_downloads/1766488991.json
[2025-12-23T11:28:23.786+0000] {logging_mixin.py:188} INFO - Downloaded TSLA/1766489003.json -> /tmp/minio_downloads/1766489003.json
[2025-12-23T11:28:23.797+0000] {logging_mixin.py:188} INFO - Downloaded TSLA/1766489015.json -> /tmp/minio_downloads/1766489015.json
[2025-12-23T11:28:23.809+0000] {logging_mixin.py:188} INFO - Downloaded TSLA/1766489026.json -> /tmp/minio_downloads/1766489026.json
[2025-12-23T11:28:23.822+0000] {logging_mixin.py:188} INFO - Downloaded TSLA/1766489039.json -> /tmp/minio_downloads/1766489039.json
[2025-12-23T11:28:23.834+0000] {logging_mixin.py:188} INFO - Downloaded TSLA/1766489050.json -> /tmp/minio_downloads/1766489050.json
[2025-12-23T11:28:23.845+0000] {logging_mixin.py:188} INFO - Downloaded TSLA/1766489061.json -> /tmp/minio_downloads/1766489061.json
[2025-12-23T11:28:23.857+0000] {logging_mixin.py:188} INFO - Downloaded TSLA/1766489073.json -> /tmp/minio_downloads/1766489073.json
[2025-12-23T11:28:23.868+0000] {logging_mixin.py:188} INFO - Downloaded TSLA/1766489084.json -> /tmp/minio_downloads/1766489084.json
[2025-12-23T11:28:23.883+0000] {logging_mixin.py:188} INFO - Downloaded TSLA/1766489096.json -> /tmp/minio_downloads/1766489096.json
[2025-12-23T11:28:23.896+0000] {logging_mixin.py:188} INFO - Downloaded TSLA/1766489107.json -> /tmp/minio_downloads/1766489107.json
[2025-12-23T11:28:23.909+0000] {logging_mixin.py:188} INFO - Downloaded TSLA/1766489118.json -> /tmp/minio_downloads/1766489118.json
[2025-12-23T11:28:23.921+0000] {logging_mixin.py:188} INFO - Downloaded TSLA/1766489130.json -> /tmp/minio_downloads/1766489130.json
[2025-12-23T11:28:23.935+0000] {logging_mixin.py:188} INFO - Downloaded TSLA/1766489142.json -> /tmp/minio_downloads/1766489142.json
[2025-12-23T11:28:23.948+0000] {logging_mixin.py:188} INFO - Downloaded TSLA/1766489154.json -> /tmp/minio_downloads/1766489154.json
[2025-12-23T11:28:23.960+0000] {logging_mixin.py:188} INFO - Downloaded TSLA/1766489167.json -> /tmp/minio_downloads/1766489167.json
[2025-12-23T11:28:23.973+0000] {logging_mixin.py:188} INFO - Downloaded TSLA/1766489178.json -> /tmp/minio_downloads/1766489178.json
[2025-12-23T11:28:23.985+0000] {logging_mixin.py:188} INFO - Downloaded TSLA/1766489190.json -> /tmp/minio_downloads/1766489190.json
[2025-12-23T11:28:23.996+0000] {logging_mixin.py:188} INFO - Downloaded TSLA/1766489201.json -> /tmp/minio_downloads/1766489201.json
[2025-12-23T11:28:24.009+0000] {logging_mixin.py:188} INFO - Downloaded TSLA/1766489213.json -> /tmp/minio_downloads/1766489213.json
[2025-12-23T11:28:24.022+0000] {logging_mixin.py:188} INFO - Downloaded TSLA/1766489224.json -> /tmp/minio_downloads/1766489224.json
[2025-12-23T11:28:24.033+0000] {logging_mixin.py:188} INFO - Downloaded TSLA/1766489236.json -> /tmp/minio_downloads/1766489236.json
[2025-12-23T11:28:24.045+0000] {logging_mixin.py:188} INFO - Downloaded TSLA/1766489248.json -> /tmp/minio_downloads/1766489248.json
[2025-12-23T11:28:24.061+0000] {logging_mixin.py:188} INFO - Downloaded TSLA/1766489260.json -> /tmp/minio_downloads/1766489260.json
[2025-12-23T11:28:24.073+0000] {logging_mixin.py:188} INFO - Downloaded TSLA/1766489272.json -> /tmp/minio_downloads/1766489272.json
[2025-12-23T11:28:24.088+0000] {logging_mixin.py:188} INFO - Downloaded TSLA/1766489283.json -> /tmp/minio_downloads/1766489283.json
[2025-12-23T11:28:24.090+0000] {python.py:237} INFO - Done. Returned value was: ['/tmp/minio_downloads/1766488206.json', '/tmp/minio_downloads/1766488217.json', '/tmp/minio_downloads/1766488228.json', '/tmp/minio_downloads/1766488241.json', '/tmp/minio_downloads/1766488252.json', '/tmp/minio_downloads/1766488263.json', '/tmp/minio_downloads/1766488274.json', '/tmp/minio_downloads/1766488286.json', '/tmp/minio_downloads/1766488297.json', '/tmp/minio_downloads/1766488308.json', '/tmp/minio_downloads/1766488319.json', '/tmp/minio_downloads/1766488331.json', '/tmp/minio_downloads/1766488343.json', '/tmp/minio_downloads/1766488355.json', '/tmp/minio_downloads/1766488367.json', '/tmp/minio_downloads/1766488378.json', '/tmp/minio_downloads/1766488389.json', '/tmp/minio_downloads/1766488401.json', '/tmp/minio_downloads/1766488412.json', '/tmp/minio_downloads/1766488424.json', '/tmp/minio_downloads/1766488435.json', '/tmp/minio_downloads/1766488446.json', '/tmp/minio_downloads/1766488457.json', '/tmp/minio_downloads/1766488468.json', '/tmp/minio_downloads/1766488480.json', '/tmp/minio_downloads/1766488491.json', '/tmp/minio_downloads/1766488502.json', '/tmp/minio_downloads/1766488514.json', '/tmp/minio_downloads/1766488527.json', '/tmp/minio_downloads/1766488539.json', '/tmp/minio_downloads/1766488550.json', '/tmp/minio_downloads/1766488561.json', '/tmp/minio_downloads/1766488572.json', '/tmp/minio_downloads/1766488584.json', '/tmp/minio_downloads/1766488596.json', '/tmp/minio_downloads/1766488607.json', '/tmp/minio_downloads/1766488618.json', '/tmp/minio_downloads/1766488631.json', '/tmp/minio_downloads/1766488642.json', '/tmp/minio_downloads/1766488654.json', '/tmp/minio_downloads/1766488665.json', '/tmp/minio_downloads/1766488676.json', '/tmp/minio_downloads/1766488687.json', '/tmp/minio_downloads/1766488699.json', '/tmp/minio_downloads/1766488710.json', '/tmp/minio_downloads/1766488722.json', '/tmp/minio_downloads/1766488736.json', '/tmp/minio_downloads/1766488750.json', '/tmp/minio_downloads/1766488761.json', '/tmp/minio_downloads/1766488773.json', '/tmp/minio_downloads/1766488786.json', '/tmp/minio_downloads/1766488798.json', '/tmp/minio_downloads/1766488810.json', '/tmp/minio_downloads/1766488823.json', '/tmp/minio_downloads/1766488835.json', '/tmp/minio_downloads/1766488849.json', '/tmp/minio_downloads/1766488861.json', '/tmp/minio_downloads/1766488872.json', '/tmp/minio_downloads/1766488885.json', '/tmp/minio_downloads/1766488897.json', '/tmp/minio_downloads/1766488908.json', '/tmp/minio_downloads/1766488920.json', '/tmp/minio_downloads/1766488931.json', '/tmp/minio_downloads/1766488943.json', '/tmp/minio_downloads/1766488955.json', '/tmp/minio_downloads/1766488966.json', '/tmp/minio_downloads/1766488977.json', '/tmp/minio_downloads/1766488988.json', '/tmp/minio_downloads/1766489000.json', '/tmp/minio_downloads/1766489012.json', '/tmp/minio_downloads/1766489024.json', '/tmp/minio_downloads/1766489036.json', '/tmp/minio_downloads/1766489048.json', '/tmp/minio_downloads/1766489059.json', '/tmp/minio_downloads/1766489071.json', '/tmp/minio_downloads/1766489082.json', '/tmp/minio_downloads/1766489094.json', '/tmp/minio_downloads/1766489105.json', '/tmp/minio_downloads/1766489116.json', '/tmp/minio_downloads/1766489128.json', '/tmp/minio_downloads/1766489139.json', '/tmp/minio_downloads/1766489152.json', '/tmp/minio_downloads/1766489164.json', '/tmp/minio_downloads/1766489176.json', '/tmp/minio_downloads/1766489187.json', '/tmp/minio_downloads/1766489199.json', '/tmp/minio_downloads/1766489211.json', '/tmp/minio_downloads/1766489222.json', '/tmp/minio_downloads/1766489234.json', '/tmp/minio_downloads/1766489246.json', '/tmp/minio_downloads/1766489258.json', '/tmp/minio_downloads/1766489269.json', '/tmp/minio_downloads/1766489281.json', '/tmp/minio_downloads/1766489292.json', '/tmp/minio_downloads/1766488210.json', '/tmp/minio_downloads/1766488221.json', '/tmp/minio_downloads/1766488233.json', '/tmp/minio_downloads/1766488245.json', '/tmp/minio_downloads/1766488256.json', '/tmp/minio_downloads/1766488267.json', '/tmp/minio_downloads/1766488278.json', '/tmp/minio_downloads/1766488290.json', '/tmp/minio_downloads/1766488301.json', '/tmp/minio_downloads/1766488312.json', '/tmp/minio_downloads/1766488324.json', '/tmp/minio_downloads/1766488335.json', '/tmp/minio_downloads/1766488347.json', '/tmp/minio_downloads/1766488360.json', '/tmp/minio_downloads/1766488371.json', '/tmp/minio_downloads/1766488382.json', '/tmp/minio_downloads/1766488393.json', '/tmp/minio_downloads/1766488405.json', '/tmp/minio_downloads/1766488416.json', '/tmp/minio_downloads/1766488428.json', '/tmp/minio_downloads/1766488439.json', '/tmp/minio_downloads/1766488450.json', '/tmp/minio_downloads/1766488461.json', '/tmp/minio_downloads/1766488473.json', '/tmp/minio_downloads/1766488484.json', '/tmp/minio_downloads/1766488495.json', '/tmp/minio_downloads/1766488507.json', '/tmp/minio_downloads/1766488520.json', '/tmp/minio_downloads/1766488532.json', '/tmp/minio_downloads/1766488543.json', '/tmp/minio_downloads/1766488554.json', '/tmp/minio_downloads/1766488565.json', '/tmp/minio_downloads/1766488577.json', '/tmp/minio_downloads/1766488588.json', '/tmp/minio_downloads/1766488600.json', '/tmp/minio_downloads/1766488611.json', '/tmp/minio_downloads/1766488624.json', '/tmp/minio_downloads/1766488635.json', '/tmp/minio_downloads/1766488647.json', '/tmp/minio_downloads/1766488658.json', '/tmp/minio_downloads/1766488669.json', '/tmp/minio_downloads/1766488680.json', '/tmp/minio_downloads/1766488692.json', '/tmp/minio_downloads/1766488703.json', '/tmp/minio_downloads/1766488715.json', '/tmp/minio_downloads/1766488728.json', '/tmp/minio_downloads/1766488742.json', '/tmp/minio_downloads/1766488754.json', '/tmp/minio_downloads/1766488766.json', '/tmp/minio_downloads/1766488778.json', '/tmp/minio_downloads/1766488791.json', '/tmp/minio_downloads/1766488803.json', '/tmp/minio_downloads/1766488815.json', '/tmp/minio_downloads/1766488828.json', '/tmp/minio_downloads/1766488842.json', '/tmp/minio_downloads/1766488854.json', '/tmp/minio_downloads/1766488865.json', '/tmp/minio_downloads/1766488878.json', '/tmp/minio_downloads/1766488889.json', '/tmp/minio_downloads/1766488901.json', '/tmp/minio_downloads/1766488913.json', '/tmp/minio_downloads/1766488924.json', '/tmp/minio_downloads/1766488935.json', '/tmp/minio_downloads/1766488948.json', '/tmp/minio_downloads/1766488959.json', '/tmp/minio_downloads/1766488970.json', '/tmp/minio_downloads/1766488981.json', '/tmp/minio_downloads/1766488993.json', '/tmp/minio_downloads/1766489005.json', '/tmp/minio_downloads/1766489017.json', '/tmp/minio_downloads/1766489029.json', '/tmp/minio_downloads/1766489041.json', '/tmp/minio_downloads/1766489052.json', '/tmp/minio_downloads/1766489063.json', '/tmp/minio_downloads/1766489075.json', '/tmp/minio_downloads/1766489086.json', '/tmp/minio_downloads/1766489098.json', '/tmp/minio_downloads/1766489109.json', '/tmp/minio_downloads/1766489120.json', '/tmp/minio_downloads/1766489132.json', '/tmp/minio_downloads/1766489144.json', '/tmp/minio_downloads/1766489157.json', '/tmp/minio_downloads/1766489169.json', '/tmp/minio_downloads/1766489180.json', '/tmp/minio_downloads/1766489192.json', '/tmp/minio_downloads/1766489203.json', '/tmp/minio_downloads/1766489215.json', '/tmp/minio_downloads/1766489226.json', '/tmp/minio_downloads/1766489238.json', '/tmp/minio_downloads/1766489250.json', '/tmp/minio_downloads/1766489262.json', '/tmp/minio_downloads/1766489274.json', '/tmp/minio_downloads/1766489285.json', '/tmp/minio_downloads/1766488209.json', '/tmp/minio_downloads/1766488220.json', '/tmp/minio_downloads/1766488232.json', '/tmp/minio_downloads/1766488244.json', '/tmp/minio_downloads/1766488255.json', '/tmp/minio_downloads/1766488266.json', '/tmp/minio_downloads/1766488277.json', '/tmp/minio_downloads/1766488289.json', '/tmp/minio_downloads/1766488300.json', '/tmp/minio_downloads/1766488311.json', '/tmp/minio_downloads/1766488322.json', '/tmp/minio_downloads/1766488334.json', '/tmp/minio_downloads/1766488346.json', '/tmp/minio_downloads/1766488358.json', '/tmp/minio_downloads/1766488370.json', '/tmp/minio_downloads/1766488381.json', '/tmp/minio_downloads/1766488392.json', '/tmp/minio_downloads/1766488404.json', '/tmp/minio_downloads/1766488415.json', '/tmp/minio_downloads/1766488427.json', '/tmp/minio_downloads/1766488438.json', '/tmp/minio_downloads/1766488449.json', '/tmp/minio_downloads/1766488460.json', '/tmp/minio_downloads/1766488471.json', '/tmp/minio_downloads/1766488483.json', '/tmp/minio_downloads/1766488494.json', '/tmp/minio_downloads/1766488505.json', '/tmp/minio_downloads/1766488519.json', '/tmp/minio_downloads/1766488531.json', '/tmp/minio_downloads/1766488542.json', '/tmp/minio_downloads/1766488553.json', '/tmp/minio_downloads/1766488564.json', '/tmp/minio_downloads/1766488575.json', '/tmp/minio_downloads/1766488587.json', '/tmp/minio_downloads/1766488599.json', '/tmp/minio_downloads/1766488610.json', '/tmp/minio_downloads/1766488622.json', '/tmp/minio_downloads/1766488634.json', '/tmp/minio_downloads/1766488646.json', '/tmp/minio_downloads/1766488657.json', '/tmp/minio_downloads/1766488668.json', '/tmp/minio_downloads/1766488679.json', '/tmp/minio_downloads/1766488691.json', '/tmp/minio_downloads/1766488702.json', '/tmp/minio_downloads/1766488714.json', '/tmp/minio_downloads/1766488727.json', '/tmp/minio_downloads/1766488741.json', '/tmp/minio_downloads/1766488753.json', '/tmp/minio_downloads/1766488765.json', '/tmp/minio_downloads/1766488776.json', '/tmp/minio_downloads/1766488790.json', '/tmp/minio_downloads/1766488802.json', '/tmp/minio_downloads/1766488814.json', '/tmp/minio_downloads/1766488827.json', '/tmp/minio_downloads/1766488840.json', '/tmp/minio_downloads/1766488852.json', '/tmp/minio_downloads/1766488864.json', '/tmp/minio_downloads/1766488876.json', '/tmp/minio_downloads/1766488888.json', '/tmp/minio_downloads/1766488900.json', '/tmp/minio_downloads/1766488912.json', '/tmp/minio_downloads/1766488923.json', '/tmp/minio_downloads/1766488934.json', '/tmp/minio_downloads/1766488947.json', '/tmp/minio_downloads/1766488958.json', '/tmp/minio_downloads/1766488969.json', '/tmp/minio_downloads/1766488980.json', '/tmp/minio_downloads/1766488992.json', '/tmp/minio_downloads/1766489004.json', '/tmp/minio_downloads/1766489016.json', '/tmp/minio_downloads/1766489028.json', '/tmp/minio_downloads/1766489040.json', '/tmp/minio_downloads/1766489051.json', '/tmp/minio_downloads/1766489062.json', '/tmp/minio_downloads/1766489074.json', '/tmp/minio_downloads/1766489085.json', '/tmp/minio_downloads/1766489097.json', '/tmp/minio_downloads/1766489108.json', '/tmp/minio_downloads/1766489119.json', '/tmp/minio_downloads/1766489131.json', '/tmp/minio_downloads/1766489143.json', '/tmp/minio_downloads/1766489156.json', '/tmp/minio_downloads/1766489168.json', '/tmp/minio_downloads/1766489179.json', '/tmp/minio_downloads/1766489191.json', '/tmp/minio_downloads/1766489202.json', '/tmp/minio_downloads/1766489214.json', '/tmp/minio_downloads/1766489225.json', '/tmp/minio_downloads/1766489237.json', '/tmp/minio_downloads/1766489249.json', '/tmp/minio_downloads/1766489261.json', '/tmp/minio_downloads/1766489273.json', '/tmp/minio_downloads/1766489284.json', '/tmp/minio_downloads/1766488207.json', '/tmp/minio_downloads/1766488218.json', '/tmp/minio_downloads/1766488229.json', '/tmp/minio_downloads/1766488242.json', '/tmp/minio_downloads/1766488253.json', '/tmp/minio_downloads/1766488264.json', '/tmp/minio_downloads/1766488275.json', '/tmp/minio_downloads/1766488287.json', '/tmp/minio_downloads/1766488298.json', '/tmp/minio_downloads/1766488309.json', '/tmp/minio_downloads/1766488320.json', '/tmp/minio_downloads/1766488332.json', '/tmp/minio_downloads/1766488344.json', '/tmp/minio_downloads/1766488356.json', '/tmp/minio_downloads/1766488368.json', '/tmp/minio_downloads/1766488379.json', '/tmp/minio_downloads/1766488390.json', '/tmp/minio_downloads/1766488402.json', '/tmp/minio_downloads/1766488413.json', '/tmp/minio_downloads/1766488425.json', '/tmp/minio_downloads/1766488436.json', '/tmp/minio_downloads/1766488447.json', '/tmp/minio_downloads/1766488458.json', '/tmp/minio_downloads/1766488469.json', '/tmp/minio_downloads/1766488480.json', '/tmp/minio_downloads/1766488492.json', '/tmp/minio_downloads/1766488503.json', '/tmp/minio_downloads/1766488516.json', '/tmp/minio_downloads/1766488529.json', '/tmp/minio_downloads/1766488540.json', '/tmp/minio_downloads/1766488551.json', '/tmp/minio_downloads/1766488562.json', '/tmp/minio_downloads/1766488573.json', '/tmp/minio_downloads/1766488585.json', '/tmp/minio_downloads/1766488597.json', '/tmp/minio_downloads/1766488608.json', '/tmp/minio_downloads/1766488620.json', '/tmp/minio_downloads/1766488632.json', '/tmp/minio_downloads/1766488643.json', '/tmp/minio_downloads/1766488655.json', '/tmp/minio_downloads/1766488666.json', '/tmp/minio_downloads/1766488677.json', '/tmp/minio_downloads/1766488688.json', '/tmp/minio_downloads/1766488700.json', '/tmp/minio_downloads/1766488712.json', '/tmp/minio_downloads/1766488724.json', '/tmp/minio_downloads/1766488737.json', '/tmp/minio_downloads/1766488751.json', '/tmp/minio_downloads/1766488762.json', '/tmp/minio_downloads/1766488774.json', '/tmp/minio_downloads/1766488787.json', '/tmp/minio_downloads/1766488799.json', '/tmp/minio_downloads/1766488812.json', '/tmp/minio_downloads/1766488824.json', '/tmp/minio_downloads/1766488837.json', '/tmp/minio_downloads/1766488850.json', '/tmp/minio_downloads/1766488862.json', '/tmp/minio_downloads/1766488874.json', '/tmp/minio_downloads/1766488886.json', '/tmp/minio_downloads/1766488898.json', '/tmp/minio_downloads/1766488909.json', '/tmp/minio_downloads/1766488921.json', '/tmp/minio_downloads/1766488932.json', '/tmp/minio_downloads/1766488944.json', '/tmp/minio_downloads/1766488956.json', '/tmp/minio_downloads/1766488967.json', '/tmp/minio_downloads/1766488978.json', '/tmp/minio_downloads/1766488990.json', '/tmp/minio_downloads/1766489002.json', '/tmp/minio_downloads/1766489013.json', '/tmp/minio_downloads/1766489025.json', '/tmp/minio_downloads/1766489038.json', '/tmp/minio_downloads/1766489049.json', '/tmp/minio_downloads/1766489060.json', '/tmp/minio_downloads/1766489072.json', '/tmp/minio_downloads/1766489083.json', '/tmp/minio_downloads/1766489095.json', '/tmp/minio_downloads/1766489106.json', '/tmp/minio_downloads/1766489117.json', '/tmp/minio_downloads/1766489129.json', '/tmp/minio_downloads/1766489140.json', '/tmp/minio_downloads/1766489153.json', '/tmp/minio_downloads/1766489165.json', '/tmp/minio_downloads/1766489177.json', '/tmp/minio_downloads/1766489189.json', '/tmp/minio_downloads/1766489200.json', '/tmp/minio_downloads/1766489212.json', '/tmp/minio_downloads/1766489223.json', '/tmp/minio_downloads/1766489235.json', '/tmp/minio_downloads/1766489247.json', '/tmp/minio_downloads/1766489259.json', '/tmp/minio_downloads/1766489271.json', '/tmp/minio_downloads/1766489282.json', '/tmp/minio_downloads/1766489294.json', '/tmp/minio_downloads/1766488208.json', '/tmp/minio_downloads/1766488219.json', '/tmp/minio_downloads/1766488231.json', '/tmp/minio_downloads/1766488243.json', '/tmp/minio_downloads/1766488254.json', '/tmp/minio_downloads/1766488265.json', '/tmp/minio_downloads/1766488276.json', '/tmp/minio_downloads/1766488288.json', '/tmp/minio_downloads/1766488299.json', '/tmp/minio_downloads/1766488310.json', '/tmp/minio_downloads/1766488321.json', '/tmp/minio_downloads/1766488333.json', '/tmp/minio_downloads/1766488345.json', '/tmp/minio_downloads/1766488357.json', '/tmp/minio_downloads/1766488369.json', '/tmp/minio_downloads/1766488380.json', '/tmp/minio_downloads/1766488391.json', '/tmp/minio_downloads/1766488403.json', '/tmp/minio_downloads/1766488414.json', '/tmp/minio_downloads/1766488426.json', '/tmp/minio_downloads/1766488437.json', '/tmp/minio_downloads/1766488448.json', '/tmp/minio_downloads/1766488459.json', '/tmp/minio_downloads/1766488470.json', '/tmp/minio_downloads/1766488481.json', '/tmp/minio_downloads/1766488493.json', '/tmp/minio_downloads/1766488504.json', '/tmp/minio_downloads/1766488517.json', '/tmp/minio_downloads/1766488530.json', '/tmp/minio_downloads/1766488541.json', '/tmp/minio_downloads/1766488552.json', '/tmp/minio_downloads/1766488563.json', '/tmp/minio_downloads/1766488574.json', '/tmp/minio_downloads/1766488586.json', '/tmp/minio_downloads/1766488598.json', '/tmp/minio_downloads/1766488609.json', '/tmp/minio_downloads/1766488621.json', '/tmp/minio_downloads/1766488633.json', '/tmp/minio_downloads/1766488645.json', '/tmp/minio_downloads/1766488656.json', '/tmp/minio_downloads/1766488667.json', '/tmp/minio_downloads/1766488678.json', '/tmp/minio_downloads/1766488689.json', '/tmp/minio_downloads/1766488701.json', '/tmp/minio_downloads/1766488713.json', '/tmp/minio_downloads/1766488725.json', '/tmp/minio_downloads/1766488739.json', '/tmp/minio_downloads/1766488752.json', '/tmp/minio_downloads/1766488764.json', '/tmp/minio_downloads/1766488775.json', '/tmp/minio_downloads/1766488789.json', '/tmp/minio_downloads/1766488800.json', '/tmp/minio_downloads/1766488813.json', '/tmp/minio_downloads/1766488825.json', '/tmp/minio_downloads/1766488838.json', '/tmp/minio_downloads/1766488851.json', '/tmp/minio_downloads/1766488863.json', '/tmp/minio_downloads/1766488875.json', '/tmp/minio_downloads/1766488887.json', '/tmp/minio_downloads/1766488899.json', '/tmp/minio_downloads/1766488911.json', '/tmp/minio_downloads/1766488922.json', '/tmp/minio_downloads/1766488933.json', '/tmp/minio_downloads/1766488945.json', '/tmp/minio_downloads/1766488957.json', '/tmp/minio_downloads/1766488968.json', '/tmp/minio_downloads/1766488979.json', '/tmp/minio_downloads/1766488991.json', '/tmp/minio_downloads/1766489003.json', '/tmp/minio_downloads/1766489015.json', '/tmp/minio_downloads/1766489026.json', '/tmp/minio_downloads/1766489039.json', '/tmp/minio_downloads/1766489050.json', '/tmp/minio_downloads/1766489061.json', '/tmp/minio_downloads/1766489073.json', '/tmp/minio_downloads/1766489084.json', '/tmp/minio_downloads/1766489096.json', '/tmp/minio_downloads/1766489107.json', '/tmp/minio_downloads/1766489118.json', '/tmp/minio_downloads/1766489130.json', '/tmp/minio_downloads/1766489142.json', '/tmp/minio_downloads/1766489154.json', '/tmp/minio_downloads/1766489167.json', '/tmp/minio_downloads/1766489178.json', '/tmp/minio_downloads/1766489190.json', '/tmp/minio_downloads/1766489201.json', '/tmp/minio_downloads/1766489213.json', '/tmp/minio_downloads/1766489224.json', '/tmp/minio_downloads/1766489236.json', '/tmp/minio_downloads/1766489248.json', '/tmp/minio_downloads/1766489260.json', '/tmp/minio_downloads/1766489272.json', '/tmp/minio_downloads/1766489283.json']
[2025-12-23T11:28:24.094+0000] {taskinstance.py:441} INFO - ::group::Post task execution logs
[2025-12-23T11:28:24.158+0000] {taskinstance.py:1206} INFO - Marking task as SUCCESS. dag_id=minio_to_snowflake, task_id=download_minio, run_id=scheduled__2025-12-23T11:26:00+00:00, execution_date=20251223T112600, start_date=20251223T112813, end_date=20251223T112824
[2025-12-23T11:28:24.233+0000] {local_task_job_runner.py:243} INFO - Task exited with return code 0
[2025-12-23T11:28:24.268+0000] {taskinstance.py:3503} INFO - 1 downstream tasks scheduled from follow-on schedule check
[2025-12-23T11:28:24.273+0000] {local_task_job_runner.py:222} INFO - ::endgroup::
